[Logging] Console output for 128x128 v=0.2c writing to: /home/persist/neotec/0rigin/output/20251224_152823_scenario_2.6A_energy_momentum_relation_128x128_v0.2/console.log

--- Testing with N=1 ---
  Dirac initialization (grid-independent):
    Position: (50, 50) ℓ_P
    Width: 3 ℓ_P
    Grid coordinates: (64, 64) grid units
    Grid width: 3.84 grid units
  Using Dirac solver (spinor field) with boosted initialization
    Background R (expected): 1
[DiracEvolution] Initialized 128x128 4-component spinor field (particle, β=1)
[SMFT] Boosted Gaussian initialization:
  Position: (64, 64) grid units
  Width: σ = 3.84 grid units
  Velocity: v = (0.2, 0)c
  |v| = 0.2c
  Lorentz factor: γ = 1.02062
  Rest mass: m₀ = Δ·R = 1 × 1 = 1 m_P
  Momentum: p = (0.204124, 0) m_P·c
  |p| = 0.204124 m_P·c
  Pre-normalization: ∫|Ψ|² = 92.6492
  Normalization factor: 9.62545
[DiracEvolution] Initialized Gaussian wavepacket at (64, 64) with σ=3.84
  Final norm: ||Ψ||² = 1
  Initial position: <r> = (64, 64)
✓ Boosted Gaussian initialized
[SMFTEngine] Boosted Dirac field initialized: center=(64,64), sigma=3.84, boost=(0.2,0)c, norm=1, <r>=(64,64)
[DiracEvolution] Initialized 128x128 4-component spinor field (particle, β=1)
[SMFT] Boosted Gaussian initialization:
  Position: (64, 64) grid units
  Width: σ = 3.84 grid units
  Velocity: v = (0.2, 0)c
  |v| = 0.2c
  Lorentz factor: γ = 1.02062
  Rest mass: m₀ = Δ·R = 1 × 1 = 1 m_P
  Momentum: p = (0.204124, 0) m_P·c
  |p| = 0.204124 m_P·c
  Pre-normalization: ∫|Ψ|² = 92.6492
  Normalization factor: 9.62545
[DiracEvolution] Initialized Gaussian wavepacket at (64, 64) with σ=3.84
  Final norm: ||Ψ||² = 1
  Initial position: <r> = (64, 64)
✓ Boosted Gaussian initialized
  Initial energy E0 = 0.103965
  Initial norm = 1
  Step 0/10000 | R_avg = 0.999818 | norm = 1
  Step 100/10000 | R_avg = 0.999789 | norm = 0.999974
  Step 200/10000 | R_avg = 0.999822 | norm = 0.999947
  Step 300/10000 | R_avg = 0.999887 | norm = 0.999918
  Step 400/10000 | R_avg = 0.999811 | norm = 0.999889
  Step 500/10000 | R_avg = 0.999809 | norm = 0.999858
  Step 600/10000 | R_avg = 0.999865 | norm = 0.999827
  Step 700/10000 | R_avg = 0.999809 | norm = 0.999796
  Step 800/10000 | R_avg = 0.999801 | norm = 0.999764
  Step 900/10000 | R_avg = 0.999863 | norm = 0.999732
  Step 1000/10000 | R_avg = 0.999824 | norm = 0.999699
  Step 1100/10000 | R_avg = 0.99986 | norm = 0.999667
  Step 1200/10000 | R_avg = 0.999811 | norm = 0.999634
  Step 1300/10000 | R_avg = 0.999814 | norm = 0.9996
  Step 1400/10000 | R_avg = 0.999823 | norm = 0.999568
  Step 1500/10000 | R_avg = 0.999796 | norm = 0.999535
  Step 1600/10000 | R_avg = 0.999809 | norm = 0.999503
  Step 1700/10000 | R_avg = 0.999798 | norm = 0.99947
  Step 1800/10000 | R_avg = 0.999802 | norm = 0.999436
  Step 1900/10000 | R_avg = 0.999806 | norm = 0.999402
  Step 2000/10000 | R_avg = 0.999802 | norm = 0.999368
  Step 2100/10000 | R_avg = 0.999803 | norm = 0.999335
  Step 2200/10000 | R_avg = 0.999802 | norm = 0.999302
  Step 2300/10000 | R_avg = 0.999863 | norm = 0.999268
  Step 2400/10000 | R_avg = 0.999811 | norm = 0.999234
  Step 2500/10000 | R_avg = 0.999813 | norm = 0.999201
  Step 2600/10000 | R_avg = 0.999883 | norm = 0.999167
  Step 2700/10000 | R_avg = 0.999825 | norm = 0.999134
  Step 2800/10000 | R_avg = 0.9998 | norm = 0.9991
  Step 2900/10000 | R_avg = 0.999814 | norm = 0.999068
  Step 3000/10000 | R_avg = 0.999815 | norm = 0.999035
  Step 3100/10000 | R_avg = 0.99981 | norm = 0.999003
  Step 3200/10000 | R_avg = 0.999881 | norm = 0.998972
  Step 3300/10000 | R_avg = 0.999861 | norm = 0.99894
  Step 3400/10000 | R_avg = 0.9998 | norm = 0.998909
  Step 3500/10000 | R_avg = 0.999809 | norm = 0.998877
  Step 3600/10000 | R_avg = 0.999815 | norm = 0.998845
  Step 3700/10000 | R_avg = 0.999793 | norm = 0.998813
  Step 3800/10000 | R_avg = 0.999806 | norm = 0.998781
  Step 3900/10000 | R_avg = 0.999808 | norm = 0.998748
  Step 4000/10000 | R_avg = 0.999897 | norm = 0.998715
  Step 4100/10000 | R_avg = 0.999818 | norm = 0.998683
  Step 4200/10000 | R_avg = 0.999792 | norm = 0.99865
  Step 4300/10000 | R_avg = 0.999796 | norm = 0.998617
  Step 4400/10000 | R_avg = 0.999789 | norm = 0.998583
  Step 4500/10000 | R_avg = 0.9998 | norm = 0.99855
  Step 4600/10000 | R_avg = 0.999824 | norm = 0.998517
  Step 4700/10000 | R_avg = 0.999815 | norm = 0.998485
  Step 4800/10000 | R_avg = 0.999865 | norm = 0.998452
  Step 4900/10000 | R_avg = 0.999812 | norm = 0.998418
  Step 5000/10000 | R_avg = 0.999799 | norm = 0.998385
  Step 5100/10000 | R_avg = 0.999879 | norm = 0.998352
  Step 5200/10000 | R_avg = 0.999796 | norm = 0.998318
  Step 5300/10000 | R_avg = 0.999808 | norm = 0.998284
  Step 5400/10000 | R_avg = 0.999809 | norm = 0.99825
  Step 5500/10000 | R_avg = 0.999818 | norm = 0.998217
  Step 5600/10000 | R_avg = 0.99981 | norm = 0.998183
  Step 5700/10000 | R_avg = 0.999811 | norm = 0.998149
  Step 5800/10000 | R_avg = 0.999813 | norm = 0.998116
  Step 5900/10000 | R_avg = 0.999804 | norm = 0.998083
  Step 6000/10000 | R_avg = 0.999793 | norm = 0.998049
  Step 6100/10000 | R_avg = 0.99989 | norm = 0.998017
  Step 6200/10000 | R_avg = 0.999816 | norm = 0.997984
  Step 6300/10000 | R_avg = 0.9998 | norm = 0.997952
  Step 6400/10000 | R_avg = 0.999816 | norm = 0.99792
  Step 6500/10000 | R_avg = 0.999802 | norm = 0.997889
  Step 6600/10000 | R_avg = 0.999811 | norm = 0.997857
  Step 6700/10000 | R_avg = 0.999871 | norm = 0.997825
  Step 6800/10000 | R_avg = 0.999832 | norm = 0.997793
  Step 6900/10000 | R_avg = 0.99981 | norm = 0.99776
  Step 7000/10000 | R_avg = 0.999805 | norm = 0.997728
  Step 7100/10000 | R_avg = 0.999815 | norm = 0.997696
  Step 7200/10000 | R_avg = 0.999794 | norm = 0.997663
  Step 7300/10000 | R_avg = 0.999819 | norm = 0.99763
  Step 7400/10000 | R_avg = 0.999817 | norm = 0.997597
  Step 7500/10000 | R_avg = 0.99987 | norm = 0.997564
  Step 7600/10000 | R_avg = 0.999811 | norm = 0.997531
  Step 7700/10000 | R_avg = 0.99982 | norm = 0.997499
  Step 7800/10000 | R_avg = 0.999802 | norm = 0.997466
  Step 7900/10000 | R_avg = 0.999801 | norm = 0.997433
  Step 8000/10000 | R_avg = 0.999808 | norm = 0.9974
  Step 8100/10000 | R_avg = 0.999806 | norm = 0.997367
  Step 8200/10000 | R_avg = 0.999807 | norm = 0.997333
  Step 8300/10000 | R_avg = 0.999823 | norm = 0.9973
  Step 8400/10000 | R_avg = 0.99981 | norm = 0.997267
  Step 8500/10000 | R_avg = 0.999816 | norm = 0.997234
  Step 8600/10000 | R_avg = 0.999804 | norm = 0.997201
  Step 8700/10000 | R_avg = 0.999828 | norm = 0.997168
  Step 8800/10000 | R_avg = 0.999812 | norm = 0.997135
  Step 8900/10000 | R_avg = 0.999808 | norm = 0.997102
  Step 9000/10000 | R_avg = 0.999865 | norm = 0.997068
  Step 9100/10000 | R_avg = 0.999805 | norm = 0.997035
  Step 9200/10000 | R_avg = 0.9998 | norm = 0.997002
  Step 9300/10000 | R_avg = 0.999805 | norm = 0.99697
  Step 9400/10000 | R_avg = 0.99983 | norm = 0.996937
  Step 9500/10000 | R_avg = 0.999809 | norm = 0.996905
  Step 9600/10000 | R_avg = 0.999784 | norm = 0.996873
  Step 9700/10000 | R_avg = 0.999809 | norm = 0.996841
  Step 9800/10000 | R_avg = 0.999842 | norm = 0.996809
  Step 9900/10000 | R_avg = 0.999865 | norm = 0.996776

===== Global Validation =====
✓ Global validation PASSED
  ✓ Probability Conservation: ||ψ||² = 0.996745 (drift: 0.325636% from initial 1) ✓ PASS
  ✓ Energy Conservation: E_total = 1.10034 (drift: 0.107678% from initial 1.10152) ✓ PASS
  ✓ Order Parameter Bounds: R ∈ [0, 0] ✓ PASS (within [0,1])
  ✓ Causality: v = |p|/E = 0.179988 (c = 1) ✓ PASS (v ≤ c)
  ✓ Numerical Stability: All fields finite ✓ PASS
  Norm validation: max_error = 0.00325544 ✓ PASS
  Energy validation: max_drift = 0.0021884 ✓ PASS
  Saved observables to /home/persist/neotec/0rigin/output/20251224_152823_scenario_2.6A_energy_momentum_relation_128x128_v0.2/N_1/observables.csv

--- Testing with N=10 ---
  Dirac initialization (grid-independent):
    Position: (50, 50) ℓ_P
    Width: 3 ℓ_P
    Grid coordinates: (64, 64) grid units
    Grid width: 3.84 grid units
  Using Dirac solver (spinor field) with boosted initialization
    Background R (expected): 1
[SMFT] Boosted Gaussian initialization:
  Position: (64, 64) grid units
  Width: σ = 3.84 grid units
  Velocity: v = (0.2, 0)c
  |v| = 0.2c
  Lorentz factor: γ = 1.02062
  Rest mass: m₀ = Δ·R = 1 × 1 = 1 m_P
  Momentum: p = (0.204124, 0) m_P·c
  |p| = 0.204124 m_P·c
  Pre-normalization: ∫|Ψ|² = 92.6492
  Normalization factor: 9.62545
[DiracEvolution] Initialized Gaussian wavepacket at (64, 64) with σ=3.84
  Final norm: ||Ψ||² = 1
  Initial position: <r> = (64, 64)
✓ Boosted Gaussian initialized
[SMFTEngine] Boosted Dirac field initialized: center=(64,64), sigma=3.84, boost=(0.2,0)c, norm=1, <r>=(64,64)
[DiracEvolution] Initialized 128x128 4-component spinor field (particle, β=1)
[SMFT] Boosted Gaussian initialization:
  Position: (64, 64) grid units
  Width: σ = 3.84 grid units
  Velocity: v = (0.2, 0)c
  |v| = 0.2c
  Lorentz factor: γ = 1.02062
  Rest mass: m₀ = Δ·R = 1 × 1 = 1 m_P
  Momentum: p = (0.204124, 0) m_P·c
  |p| = 0.204124 m_P·c
  Pre-normalization: ∫|Ψ|² = 92.6492
  Normalization factor: 9.62545
[DiracEvolution] Initialized Gaussian wavepacket at (64, 64) with σ=3.84
  Final norm: ||Ψ||² = 1
  Initial position: <r> = (64, 64)
✓ Boosted Gaussian initialized
  Initial energy E0 = 1.10397
  Initial norm = 1
  Step 0/10000 | R_avg = 0.999799 | norm = 1
  Step 100/10000 | R_avg = 0.999816 | norm = 0.999975
  Step 200/10000 | R_avg = 0.999789 | norm = 0.999947
  Step 300/10000 | R_avg = 0.999807 | norm = 0.999918
  Step 400/10000 | R_avg = 0.999886 | norm = 0.999889
  Step 500/10000 | R_avg = 0.999829 | norm = 0.999858
  Step 600/10000 | R_avg = 0.999803 | norm = 0.999827
  Step 700/10000 | R_avg = 0.999812 | norm = 0.999795
  Step 800/10000 | R_avg = 0.999823 | norm = 0.999763
  Step 900/10000 | R_avg = 0.999877 | norm = 0.999732
  Step 1000/10000 | R_avg = 0.999819 | norm = 0.999699
  Step 1100/10000 | R_avg = 0.999811 | norm = 0.999667
  Step 1200/10000 | R_avg = 0.999816 | norm = 0.999633
  Step 1300/10000 | R_avg = 0.999808 | norm = 0.9996
  Step 1400/10000 | R_avg = 0.999812 | norm = 0.999568
  Step 1500/10000 | R_avg = 0.999812 | norm = 0.999535
  Step 1600/10000 | R_avg = 0.99982 | norm = 0.999502
  Step 1700/10000 | R_avg = 0.999796 | norm = 0.999469
  Step 1800/10000 | R_avg = 0.99982 | norm = 0.999435
  Step 1900/10000 | R_avg = 0.99988 | norm = 0.999401
  Step 2000/10000 | R_avg = 0.999819 | norm = 0.999368
  Step 2100/10000 | R_avg = 0.999804 | norm = 0.999334
  Step 2200/10000 | R_avg = 0.999817 | norm = 0.999301
  Step 2300/10000 | R_avg = 0.999823 | norm = 0.999267
  Step 2400/10000 | R_avg = 0.9998 | norm = 0.999233
  Step 2500/10000 | R_avg = 0.999796 | norm = 0.9992
  Step 2600/10000 | R_avg = 0.999796 | norm = 0.999166
  Step 2700/10000 | R_avg = 0.999803 | norm = 0.999133
  Step 2800/10000 | R_avg = 0.999825 | norm = 0.999099
  Step 2900/10000 | R_avg = 0.999811 | norm = 0.999067
  Step 3000/10000 | R_avg = 0.999811 | norm = 0.999034
  Step 3100/10000 | R_avg = 0.999821 | norm = 0.999002
  Step 3200/10000 | R_avg = 0.999797 | norm = 0.998971
  Step 3300/10000 | R_avg = 0.999831 | norm = 0.99894
  Step 3400/10000 | R_avg = 0.999808 | norm = 0.998908
  Step 3500/10000 | R_avg = 0.999794 | norm = 0.998876
  Step 3600/10000 | R_avg = 0.999801 | norm = 0.998844
  Step 3700/10000 | R_avg = 0.999815 | norm = 0.998812
  Step 3800/10000 | R_avg = 0.99981 | norm = 0.99878
  Step 3900/10000 | R_avg = 0.999776 | norm = 0.998747
  Step 4000/10000 | R_avg = 0.999813 | norm = 0.998715
  Step 4100/10000 | R_avg = 0.999797 | norm = 0.998682
  Step 4200/10000 | R_avg = 0.999796 | norm = 0.998649
  Step 4300/10000 | R_avg = 0.999825 | norm = 0.998616
  Step 4400/10000 | R_avg = 0.999802 | norm = 0.998583
  Step 4500/10000 | R_avg = 0.999808 | norm = 0.99855
  Step 4600/10000 | R_avg = 0.999826 | norm = 0.998517
  Step 4700/10000 | R_avg = 0.999801 | norm = 0.998484
  Step 4800/10000 | R_avg = 0.9998 | norm = 0.998451
  Step 4900/10000 | R_avg = 0.999805 | norm = 0.998417
  Step 5000/10000 | R_avg = 0.999827 | norm = 0.998384
  Step 5100/10000 | R_avg = 0.999813 | norm = 0.998351
  Step 5200/10000 | R_avg = 0.999817 | norm = 0.998317
  Step 5300/10000 | R_avg = 0.99982 | norm = 0.998283
  Step 5400/10000 | R_avg = 0.999801 | norm = 0.998249
  Step 5500/10000 | R_avg = 0.999787 | norm = 0.998216
  Step 5600/10000 | R_avg = 0.999883 | norm = 0.998182
  Step 5700/10000 | R_avg = 0.99979 | norm = 0.998149
  Step 5800/10000 | R_avg = 0.999802 | norm = 0.998115
  Step 5900/10000 | R_avg = 0.999825 | norm = 0.998081
  Step 6000/10000 | R_avg = 0.999795 | norm = 0.998048
  Step 6100/10000 | R_avg = 0.99981 | norm = 0.998015
  Step 6200/10000 | R_avg = 0.999803 | norm = 0.997983
  Step 6300/10000 | R_avg = 0.999812 | norm = 0.997951
  Step 6400/10000 | R_avg = 0.999797 | norm = 0.997919
  Step 6500/10000 | R_avg = 0.999835 | norm = 0.997887
  Step 6600/10000 | R_avg = 0.99979 | norm = 0.997855
  Step 6700/10000 | R_avg = 0.999792 | norm = 0.997823
  Step 6800/10000 | R_avg = 0.999798 | norm = 0.997791
  Step 6900/10000 | R_avg = 0.999808 | norm = 0.997758
  Step 7000/10000 | R_avg = 0.999803 | norm = 0.997727
  Step 7100/10000 | R_avg = 0.999794 | norm = 0.997694
  Step 7200/10000 | R_avg = 0.999804 | norm = 0.997661
  Step 7300/10000 | R_avg = 0.999835 | norm = 0.997628
  Step 7400/10000 | R_avg = 0.999821 | norm = 0.997595
  Step 7500/10000 | R_avg = 0.999815 | norm = 0.997562
  Step 7600/10000 | R_avg = 0.999828 | norm = 0.997529
  Step 7700/10000 | R_avg = 0.999811 | norm = 0.997497
  Step 7800/10000 | R_avg = 0.999795 | norm = 0.997464
  Step 7900/10000 | R_avg = 0.999875 | norm = 0.997431
  Step 8000/10000 | R_avg = 0.999816 | norm = 0.997398
  Step 8100/10000 | R_avg = 0.999804 | norm = 0.997365
  Step 8200/10000 | R_avg = 0.999803 | norm = 0.997332
  Step 8300/10000 | R_avg = 0.99981 | norm = 0.997298
  Step 8400/10000 | R_avg = 0.9998 | norm = 0.997265
  Step 8500/10000 | R_avg = 0.999809 | norm = 0.997232
  Step 8600/10000 | R_avg = 0.999902 | norm = 0.9972
  Step 8700/10000 | R_avg = 0.999821 | norm = 0.997166
  Step 8800/10000 | R_avg = 0.999842 | norm = 0.997133
  Step 8900/10000 | R_avg = 0.999806 | norm = 0.9971
  Step 9000/10000 | R_avg = 0.999799 | norm = 0.997067
  Step 9100/10000 | R_avg = 0.999814 | norm = 0.997034
  Step 9200/10000 | R_avg = 0.999812 | norm = 0.997001
  Step 9300/10000 | R_avg = 0.999885 | norm = 0.996968
  Step 9400/10000 | R_avg = 0.999854 | norm = 0.996936
  Step 9500/10000 | R_avg = 0.999811 | norm = 0.996904
  Step 9600/10000 | R_avg = 0.999813 | norm = 0.996872
  Step 9700/10000 | R_avg = 0.999851 | norm = 0.99684
  Step 9800/10000 | R_avg = 0.999806 | norm = 0.996808
  Step 9900/10000 | R_avg = 0.999808 | norm = 0.996775

===== Global Validation =====
✓ Global validation PASSED
  ✓ Probability Conservation: ||ψ||² = 0.996744 (drift: 0.325702% from initial 1) ✓ PASS
  ✓ Energy Conservation: E_total = 1.1003 (drift: 0.278825% from initial 1.10337) ✓ PASS
  ✓ Order Parameter Bounds: R ∈ [0.780138, 1] ✓ PASS (within [0,1])
  ✓ Causality: v = |p|/E = 0.180449 (c = 1) ✓ PASS (v ≤ c)
  ✓ Numerical Stability: All fields finite ✓ PASS
  Norm validation: max_error = 0.00325612 ✓ PASS
  Energy validation: max_drift = 0.00393988 ✓ PASS
  Saved observables to /home/persist/neotec/0rigin/output/20251224_152823_scenario_2.6A_energy_momentum_relation_128x128_v0.2/N_10/observables.csv

--- Testing with N=100 ---
  Dirac initialization (grid-independent):
    Position: (50, 50) ℓ_P
    Width: 3 ℓ_P
    Grid coordinates: (64, 64) grid units
    Grid width: 3.84 grid units
  Using Dirac solver (spinor field) with boosted initialization
    Background R (expected): 1
[SMFT] Boosted Gaussian initialization:
  Position: (64, 64) grid units
  Width: σ = 3.84 grid units
  Velocity: v = (0.2, 0)c
  |v| = 0.2c
  Lorentz factor: γ = 1.02062
  Rest mass: m₀ = Δ·R = 1 × 1 = 1 m_P
  Momentum: p = (0.204124, 0) m_P·c
  |p| = 0.204124 m_P·c
  Pre-normalization: ∫|Ψ|² = 92.6492
  Normalization factor: 9.62545
[DiracEvolution] Initialized Gaussian wavepacket at (64, 64) with σ=3.84
  Final norm: ||Ψ||² = 1
  Initial position: <r> = (64, 64)
✓ Boosted Gaussian initialized
[SMFTEngine] Boosted Dirac field initialized: center=(64,64), sigma=3.84, boost=(0.2,0)c, norm=1, <r>=(64,64)
[DiracEvolution] Initialized 128x128 4-component spinor field (particle, β=1)
[SMFT] Boosted Gaussian initialization:
  Position: (64, 64) grid units
  Width: σ = 3.84 grid units
  Velocity: v = (0.2, 0)c
  |v| = 0.2c
  Lorentz factor: γ = 1.02062
  Rest mass: m₀ = Δ·R = 1 × 1 = 1 m_P
  Momentum: p = (0.204124, 0) m_P·c
  |p| = 0.204124 m_P·c
  Pre-normalization: ∫|Ψ|² = 92.6492
  Normalization factor: 9.62545
[DiracEvolution] Initialized Gaussian wavepacket at (64, 64) with σ=3.84
  Final norm: ||Ψ||² = 1
  Initial position: <r> = (64, 64)
✓ Boosted Gaussian initialized
  Initial energy E0 = 1.10338
  Initial norm = 1
  Step 0/10000 | R_avg = 0.999884 | norm = 1
  Step 100/10000 | R_avg = 0.999805 | norm = 0.999974
  Step 200/10000 | R_avg = 0.999792 | norm = 0.999947
  Step 300/10000 | R_avg = 0.999808 | norm = 0.999919
  Step 400/10000 | R_avg = 0.999805 | norm = 0.999889
  Step 500/10000 | R_avg = 0.999808 | norm = 0.999858
  Step 600/10000 | R_avg = 0.999828 | norm = 0.999828
  Step 700/10000 | R_avg = 0.999814 | norm = 0.999796
  Step 800/10000 | R_avg = 0.999801 | norm = 0.999764
  Step 900/10000 | R_avg = 0.999862 | norm = 0.999732
  Step 1000/10000 | R_avg = 0.999851 | norm = 0.9997
  Step 1100/10000 | R_avg = 0.999822 | norm = 0.999667
  Step 1200/10000 | R_avg = 0.999798 | norm = 0.999634
  Step 1300/10000 | R_avg = 0.999797 | norm = 0.9996
  Step 1400/10000 | R_avg = 0.999848 | norm = 0.999568
  Step 1500/10000 | R_avg = 0.99981 | norm = 0.999535
  Step 1600/10000 | R_avg = 0.999725 | norm = 0.999503
  Step 1700/10000 | R_avg = 0.999809 | norm = 0.99947
  Step 1800/10000 | R_avg = 0.999773 | norm = 0.999436
  Step 1900/10000 | R_avg = 0.999728 | norm = 0.999402
  Step 2000/10000 | R_avg = 0.999871 | norm = 0.999368
  Step 2100/10000 | R_avg = 0.999792 | norm = 0.999335
  Step 2200/10000 | R_avg = 0.999759 | norm = 0.999301
  Step 2300/10000 | R_avg = 0.99976 | norm = 0.999267
  Step 2400/10000 | R_avg = 0.999756 | norm = 0.999234
  Step 2500/10000 | R_avg = 0.999791 | norm = 0.9992
  Step 2600/10000 | R_avg = 0.999767 | norm = 0.999167
  Step 2700/10000 | R_avg = 0.999778 | norm = 0.999133
  Step 2800/10000 | R_avg = 0.999759 | norm = 0.9991
  Step 2900/10000 | R_avg = 0.999746 | norm = 0.999067
  Step 3000/10000 | R_avg = 0.999752 | norm = 0.999035
  Step 3100/10000 | R_avg = 0.999772 | norm = 0.999003
  Step 3200/10000 | R_avg = 0.999732 | norm = 0.998972
  Step 3300/10000 | R_avg = 0.999744 | norm = 0.99894
  Step 3400/10000 | R_avg = 0.999732 | norm = 0.998908
  Step 3500/10000 | R_avg = 0.999757 | norm = 0.998876
  Step 3600/10000 | R_avg = 0.999759 | norm = 0.998844
  Step 3700/10000 | R_avg = 0.999749 | norm = 0.998812
  Step 3800/10000 | R_avg = 0.999762 | norm = 0.99878
  Step 3900/10000 | R_avg = 0.999743 | norm = 0.998747
  Step 4000/10000 | R_avg = 0.999751 | norm = 0.998715
  Step 4100/10000 | R_avg = 0.999799 | norm = 0.998682
  Step 4200/10000 | R_avg = 0.999803 | norm = 0.998649
  Step 4300/10000 | R_avg = 0.999734 | norm = 0.998616
  Step 4400/10000 | R_avg = 0.999748 | norm = 0.998582
  Step 4500/10000 | R_avg = 0.999735 | norm = 0.998549
  Step 4600/10000 | R_avg = 0.999748 | norm = 0.998516
  Step 4700/10000 | R_avg = 0.999749 | norm = 0.998484
  Step 4800/10000 | R_avg = 0.999749 | norm = 0.99845
  Step 4900/10000 | R_avg = 0.999741 | norm = 0.998417
  Step 5000/10000 | R_avg = 0.999742 | norm = 0.998384
  Step 5100/10000 | R_avg = 0.999754 | norm = 0.99835
  Step 5200/10000 | R_avg = 0.999836 | norm = 0.998317
  Step 5300/10000 | R_avg = 0.999779 | norm = 0.998283
  Step 5400/10000 | R_avg = 0.999875 | norm = 0.998249
  Step 5500/10000 | R_avg = 0.999767 | norm = 0.998216
  Step 5600/10000 | R_avg = 0.999757 | norm = 0.998183
  Step 5700/10000 | R_avg = 0.999829 | norm = 0.998149
  Step 5800/10000 | R_avg = 0.999751 | norm = 0.998115
  Step 5900/10000 | R_avg = 0.999759 | norm = 0.998082
  Step 6000/10000 | R_avg = 0.99976 | norm = 0.998049
  Step 6100/10000 | R_avg = 0.999746 | norm = 0.998016
  Step 6200/10000 | R_avg = 0.999742 | norm = 0.997984
  Step 6300/10000 | R_avg = 0.999765 | norm = 0.997951
  Step 6400/10000 | R_avg = 0.999759 | norm = 0.997919
  Step 6500/10000 | R_avg = 0.999747 | norm = 0.997888
  Step 6600/10000 | R_avg = 0.999617 | norm = 0.997856
  Step 6700/10000 | R_avg = 0.999754 | norm = 0.997824
  Step 6800/10000 | R_avg = 0.999734 | norm = 0.997792
  Step 6900/10000 | R_avg = 0.999749 | norm = 0.997759
  Step 7000/10000 | R_avg = 0.999731 | norm = 0.997728
  Step 7100/10000 | R_avg = 0.999749 | norm = 0.997696
  Step 7200/10000 | R_avg = 0.999744 | norm = 0.997662
  Step 7300/10000 | R_avg = 0.999757 | norm = 0.997629
  Step 7400/10000 | R_avg = 0.999755 | norm = 0.997597
  Step 7500/10000 | R_avg = 0.999745 | norm = 0.997564
  Step 7600/10000 | R_avg = 0.999754 | norm = 0.997531
  Step 7700/10000 | R_avg = 0.999754 | norm = 0.997498
  Step 7800/10000 | R_avg = 0.999739 | norm = 0.997465
  Step 7900/10000 | R_avg = 0.999738 | norm = 0.997432
  Step 8000/10000 | R_avg = 0.999741 | norm = 0.997399
  Step 8100/10000 | R_avg = 0.999745 | norm = 0.997366
  Step 8200/10000 | R_avg = 0.999746 | norm = 0.997333
  Step 8300/10000 | R_avg = 0.999756 | norm = 0.9973
  Step 8400/10000 | R_avg = 0.999745 | norm = 0.997266
  Step 8500/10000 | R_avg = 0.999733 | norm = 0.997233
  Step 8600/10000 | R_avg = 0.999749 | norm = 0.997201
  Step 8700/10000 | R_avg = 0.999745 | norm = 0.997167
  Step 8800/10000 | R_avg = 0.999739 | norm = 0.997134
  Step 8900/10000 | R_avg = 0.999732 | norm = 0.997101
  Step 9000/10000 | R_avg = 0.999745 | norm = 0.997068
  Step 9100/10000 | R_avg = 0.999735 | norm = 0.997035
  Step 9200/10000 | R_avg = 0.999733 | norm = 0.997002
  Step 9300/10000 | R_avg = 0.999753 | norm = 0.996969
  Step 9400/10000 | R_avg = 0.999743 | norm = 0.996937
  Step 9500/10000 | R_avg = 0.999757 | norm = 0.996905
  Step 9600/10000 | R_avg = 0.999736 | norm = 0.996873
  Step 9700/10000 | R_avg = 0.999748 | norm = 0.996841
  Step 9800/10000 | R_avg = 0.999757 | norm = 0.996809
  Step 9900/10000 | R_avg = 0.999753 | norm = 0.996776

===== Global Validation =====
✓ Global validation PASSED
  ✓ Probability Conservation: ||ψ||² = 0.996745 (drift: 0.325613% from initial 1) ✓ PASS
  ✓ Energy Conservation: E_total = 1.09976 (drift: 0.289945% from initial 1.10296) ✓ PASS
  ✓ Order Parameter Bounds: R ∈ [0, 1] ✓ PASS (within [0,1])
  ✓ Causality: v = |p|/E = 0.180344 (c = 1) ✓ PASS (v ≤ c)
  ✓ Numerical Stability: All fields finite ✓ PASS
  Norm validation: max_error = 0.00325524 ✓ PASS
  Energy validation: max_drift = 0.0159506 ✗ FAIL
  Saved observables to /home/persist/neotec/0rigin/output/20251224_152823_scenario_2.6A_energy_momentum_relation_128x128_v0.2/N_100/observables.csv
Test failed for N=100

--- Validating Convergence ---
✓ Convergence validation PASSED
Tests failed for grid 128, velocity 0.2

========================================
Grid: 128×128 | Velocity: v=0.3c
========================================

Initializing engine for 128×128 grid, velocity v=0.3c...
[SMFTEngine] Resources cleanup delegated to component managers

[SMFTEngine] Physical Interpretation:
  Vacuum potential Δ = 1 (Planck mass in natural units)
  Synchronization field R(x) → Emergent spacetime metric
  Mass field m(x) = Δ·R(x) → Local energy density
  ∇R(x) → Gravitational field (not separate force)
  Grid: 128 x 128 oscillators

[SMFTEngine] Created GPU buffers for 128x128 grid
  Phase buffers: 65536 bytes each
  Spinor buffer: 524288 bytes
  Accumulator buffers: 65536 bytes each (operator splitting)
[SMFTEngine] Created compute pipelines
  ✓ Kuramoto pipeline
  ✓ Sync field pipeline
  ✓ Gravity field pipeline
  ✓ Stochastic Kuramoto pipeline
  ✓ Stochastic Dirac pipeline
  ✓ Accumulation pipeline (operator splitting)
Created experiment directory: /home/persist/neotec/0rigin/output/20251224_154620_scenario_2.6A_energy_momentum_relation_128x128_v0.3
[OutputManager] Created timestamped directory: /home/persist/neotec/0rigin/output/20251224_154620_scenario_2.6A_energy_momentum_relation_128x128_v0.3
