[Logging] Console output for 128x128 v=0c writing to: /home/persist/neotec/0rigin/output/20251224_145458_scenario_2.6A_energy_momentum_relation_128x128/console.log

--- Testing with N=1 ---
  Dirac initialization (grid-independent):
    Position: (50, 50) ℓ_P
    Width: 3 ℓ_P
    Grid coordinates: (64, 64) grid units
    Grid width: 3.84 grid units
  Using Dirac solver (spinor field)
[DiracEvolution] Initialized 128x128 4-component spinor field (particle, β=1)
[DiracEvolution] Initialized Gaussian wavepacket at (64, 64) with σ=3.84
[SMFTEngine] Dirac field initialized: center=(64,64), sigma=3.84, norm=1
[DiracEvolution] Initialized 128x128 4-component spinor field (particle, β=1)
[DiracEvolution] Initialized Gaussian wavepacket at (64, 64) with σ=3.84
  Initial energy E0 = 0.0655685
  Initial norm = 1
[stepWithDirac] Strang splitting enabled:
  substep_ratio=1
  substep_dt=0.01
  half_substeps=0
  remaining_substeps=1
  Step 0/10000 | R_avg = 0.9998 | norm = 1
  Step 100/10000 | R_avg = 0.999793 | norm = 0.999974
  Step 200/10000 | R_avg = 0.999885 | norm = 0.999946
  Step 300/10000 | R_avg = 0.999795 | norm = 0.999917
  Step 400/10000 | R_avg = 0.999799 | norm = 0.999887
  Step 500/10000 | R_avg = 0.999769 | norm = 0.999856
  Step 600/10000 | R_avg = 0.999867 | norm = 0.999825
  Step 700/10000 | R_avg = 0.999822 | norm = 0.999793
  Step 800/10000 | R_avg = 0.999789 | norm = 0.99976
  Step 900/10000 | R_avg = 0.999858 | norm = 0.999728
  Step 1000/10000 | R_avg = 0.999857 | norm = 0.999695
  Step 1100/10000 | R_avg = 0.99979 | norm = 0.999661
  Step 1200/10000 | R_avg = 0.999805 | norm = 0.999628
  Step 1300/10000 | R_avg = 0.999807 | norm = 0.999596
  Step 1400/10000 | R_avg = 0.999852 | norm = 0.999563
  Step 1500/10000 | R_avg = 0.999861 | norm = 0.999531
  Step 1600/10000 | R_avg = 0.999804 | norm = 0.999498
  Step 1700/10000 | R_avg = 0.99984 | norm = 0.999464
  Step 1800/10000 | R_avg = 0.999799 | norm = 0.99943
  Step 1900/10000 | R_avg = 0.999784 | norm = 0.999396
  Step 2000/10000 | R_avg = 0.999749 | norm = 0.999362
  Step 2100/10000 | R_avg = 0.999794 | norm = 0.999329
  Step 2200/10000 | R_avg = 0.999777 | norm = 0.999294
  Step 2300/10000 | R_avg = 0.999799 | norm = 0.99926
  Step 2400/10000 | R_avg = 0.999757 | norm = 0.999227
  Step 2500/10000 | R_avg = 0.999773 | norm = 0.999193
  Step 2600/10000 | R_avg = 0.999782 | norm = 0.999159
  Step 2700/10000 | R_avg = 0.999777 | norm = 0.999126
  Step 2800/10000 | R_avg = 0.999878 | norm = 0.999092
  Step 2900/10000 | R_avg = 0.999793 | norm = 0.999059
  Step 3000/10000 | R_avg = 0.999887 | norm = 0.999027
  Step 3100/10000 | R_avg = 0.999776 | norm = 0.998995
  Step 3200/10000 | R_avg = 0.999783 | norm = 0.998962
  Step 3300/10000 | R_avg = 0.999799 | norm = 0.998931
  Step 3400/10000 | R_avg = 0.999815 | norm = 0.998899
  Step 3500/10000 | R_avg = 0.999806 | norm = 0.998867
  Step 3600/10000 | R_avg = 0.999143 | norm = 0.998834
  Step 3700/10000 | R_avg = 0.999806 | norm = 0.998802
  Step 3800/10000 | R_avg = 0.999817 | norm = 0.998769
  Step 3900/10000 | R_avg = 0.999804 | norm = 0.998736
  Step 4000/10000 | R_avg = 0.99981 | norm = 0.998703
  Step 4100/10000 | R_avg = 0.999785 | norm = 0.99867
  Step 4200/10000 | R_avg = 0.999708 | norm = 0.998637
  Step 4300/10000 | R_avg = 0.999803 | norm = 0.998603
  Step 4400/10000 | R_avg = 0.999716 | norm = 0.998569
  Step 4500/10000 | R_avg = 0.999799 | norm = 0.998536
  Step 4600/10000 | R_avg = 0.999798 | norm = 0.998503
  Step 4700/10000 | R_avg = 0.99969 | norm = 0.99847
  Step 4800/10000 | R_avg = 0.999772 | norm = 0.998437
  Step 4900/10000 | R_avg = 0.999786 | norm = 0.998404
  Step 5000/10000 | R_avg = 0.999853 | norm = 0.998371
  Step 5100/10000 | R_avg = 0.9998 | norm = 0.998337
  Step 5200/10000 | R_avg = 0.999819 | norm = 0.998304
  Step 5300/10000 | R_avg = 0.999842 | norm = 0.998269
  Step 5400/10000 | R_avg = 0.999806 | norm = 0.998235
  Step 5500/10000 | R_avg = 0.999771 | norm = 0.998201
  Step 5600/10000 | R_avg = 0.999821 | norm = 0.998167
  Step 5700/10000 | R_avg = 0.9998 | norm = 0.998134
  Step 5800/10000 | R_avg = 0.999702 | norm = 0.9981
  Step 5900/10000 | R_avg = 0.999805 | norm = 0.998067
  Step 6000/10000 | R_avg = 0.999886 | norm = 0.998033
  Step 6100/10000 | R_avg = 0.99979 | norm = 0.998
  Step 6200/10000 | R_avg = 0.999874 | norm = 0.997967
  Step 6300/10000 | R_avg = 0.999143 | norm = 0.997935
  Step 6400/10000 | R_avg = 0.999806 | norm = 0.997903
  Step 6500/10000 | R_avg = 0.999797 | norm = 0.997871
  Step 6600/10000 | R_avg = 0.999853 | norm = 0.997839
  Step 6700/10000 | R_avg = 0.999696 | norm = 0.997807
  Step 6800/10000 | R_avg = 0.999143 | norm = 0.997775
  Step 6900/10000 | R_avg = 0.999811 | norm = 0.997742
  Step 7000/10000 | R_avg = 0.999867 | norm = 0.997709
  Step 7100/10000 | R_avg = 0.999799 | norm = 0.997676
  Step 7200/10000 | R_avg = 0.999786 | norm = 0.997643
  Step 7300/10000 | R_avg = 0.999805 | norm = 0.997609
  Step 7400/10000 | R_avg = 0.99977 | norm = 0.997575
  Step 7500/10000 | R_avg = 0.999808 | norm = 0.997542
  Step 7600/10000 | R_avg = 0.999812 | norm = 0.99751
  Step 7700/10000 | R_avg = 0.999785 | norm = 0.997477
  Step 7800/10000 | R_avg = 0.999901 | norm = 0.997444
  Step 7900/10000 | R_avg = 0.99979 | norm = 0.997412
  Step 8000/10000 | R_avg = 0.999143 | norm = 0.997378
  Step 8100/10000 | R_avg = 0.999761 | norm = 0.997345
  Step 8200/10000 | R_avg = 0.99984 | norm = 0.997312
  Step 8300/10000 | R_avg = 0.999715 | norm = 0.997279
  Step 8400/10000 | R_avg = 0.999809 | norm = 0.997246
  Step 8500/10000 | R_avg = 0.999695 | norm = 0.997213
  Step 8600/10000 | R_avg = 0.999822 | norm = 0.99718
  Step 8700/10000 | R_avg = 0.999813 | norm = 0.997146
  Step 8800/10000 | R_avg = 0.999806 | norm = 0.997112
  Step 8900/10000 | R_avg = 0.999804 | norm = 0.997079
  Step 9000/10000 | R_avg = 0.999891 | norm = 0.997046
  Step 9100/10000 | R_avg = 0.999812 | norm = 0.997012
  Step 9200/10000 | R_avg = 0.999854 | norm = 0.996979
  Step 9300/10000 | R_avg = 0.999811 | norm = 0.996947
  Step 9400/10000 | R_avg = 0.999893 | norm = 0.996915
  Step 9500/10000 | R_avg = 0.999884 | norm = 0.996883
  Step 9600/10000 | R_avg = 0.999783 | norm = 0.99685
  Step 9700/10000 | R_avg = 0.999788 | norm = 0.996817
  Step 9800/10000 | R_avg = 0.99971 | norm = 0.996785
  Step 9900/10000 | R_avg = 0.999808 | norm = 0.996752

===== Global Validation =====
✓ Global validation PASSED
  ✓ Probability Conservation: ||ψ||² = 0.99672 (drift: 0.328112% from initial 1) ✓ PASS
  ✓ Energy Conservation: E_total = 1.0621 (drift: 0.311355% from initial 1.06542) ✓ PASS
  ✓ Order Parameter Bounds: R ∈ [0, 0] ✓ PASS (within [0,1])
  ✓ Causality: v = |p|/E = 0.000252591 (c = 1) ✓ PASS (v ≤ c)
  ✓ Numerical Stability: All fields finite ✓ PASS
  Norm validation: max_error = 0.00328024 ✓ PASS
  Energy validation: max_drift = 0.00427526 ✓ PASS
  Saved observables to /home/persist/neotec/0rigin/output/20251224_145458_scenario_2.6A_energy_momentum_relation_128x128/N_1/observables.csv

--- Testing with N=10 ---
  Dirac initialization (grid-independent):
    Position: (50, 50) ℓ_P
    Width: 3 ℓ_P
    Grid coordinates: (64, 64) grid units
    Grid width: 3.84 grid units
  Using Dirac solver (spinor field)
[DiracEvolution] Initialized Gaussian wavepacket at (64, 64) with σ=3.84
[SMFTEngine] Dirac field initialized: center=(64,64), sigma=3.84, norm=1
[DiracEvolution] Initialized 128x128 4-component spinor field (particle, β=1)
[DiracEvolution] Initialized Gaussian wavepacket at (64, 64) with σ=3.84
  Initial energy E0 = 1.06445
  Initial norm = 1
  Step 0/10000 | R_avg = 0.999819 | norm = 1
  Step 100/10000 | R_avg = 0.999784 | norm = 0.999973
  Step 200/10000 | R_avg = 0.999816 | norm = 0.999945
  Step 300/10000 | R_avg = 0.999822 | norm = 0.999916
  Step 400/10000 | R_avg = 0.9998 | norm = 0.999886
  Step 500/10000 | R_avg = 0.999786 | norm = 0.999856
  Step 600/10000 | R_avg = 0.999802 | norm = 0.999824
  Step 700/10000 | R_avg = 0.999813 | norm = 0.999792
  Step 800/10000 | R_avg = 0.99969 | norm = 0.99976
  Step 900/10000 | R_avg = 0.99983 | norm = 0.999728
  Step 1000/10000 | R_avg = 0.99981 | norm = 0.999695
  Step 1100/10000 | R_avg = 0.999795 | norm = 0.999662
  Step 1200/10000 | R_avg = 0.999828 | norm = 0.999628
  Step 1300/10000 | R_avg = 0.999802 | norm = 0.999596
  Step 1400/10000 | R_avg = 0.99989 | norm = 0.999564
  Step 1500/10000 | R_avg = 0.999814 | norm = 0.99953
  Step 1600/10000 | R_avg = 0.999822 | norm = 0.999497
  Step 1700/10000 | R_avg = 0.999863 | norm = 0.999464
  Step 1800/10000 | R_avg = 0.9998 | norm = 0.99943
  Step 1900/10000 | R_avg = 0.999909 | norm = 0.999396
  Step 2000/10000 | R_avg = 0.99983 | norm = 0.999362
  Step 2100/10000 | R_avg = 0.999825 | norm = 0.999329
  Step 2200/10000 | R_avg = 0.999812 | norm = 0.999295
  Step 2300/10000 | R_avg = 0.999825 | norm = 0.999261
  Step 2400/10000 | R_avg = 0.999818 | norm = 0.999227
  Step 2500/10000 | R_avg = 0.999896 | norm = 0.999193
  Step 2600/10000 | R_avg = 0.999812 | norm = 0.999159
  Step 2700/10000 | R_avg = 0.99992 | norm = 0.999126
  Step 2800/10000 | R_avg = 0.999887 | norm = 0.999092
  Step 2900/10000 | R_avg = 0.999874 | norm = 0.999059
  Step 3000/10000 | R_avg = 0.999802 | norm = 0.999026
  Step 3100/10000 | R_avg = 0.999715 | norm = 0.998995
  Step 3200/10000 | R_avg = 0.999828 | norm = 0.998962
  Step 3300/10000 | R_avg = 0.999817 | norm = 0.998931
  Step 3400/10000 | R_avg = 0.999776 | norm = 0.998899
  Step 3500/10000 | R_avg = 0.999808 | norm = 0.998867
  Step 3600/10000 | R_avg = 0.999816 | norm = 0.998835
  Step 3700/10000 | R_avg = 0.999814 | norm = 0.998803
  Step 3800/10000 | R_avg = 0.999824 | norm = 0.99877
  Step 3900/10000 | R_avg = 0.999873 | norm = 0.998737
  Step 4000/10000 | R_avg = 0.999811 | norm = 0.998704
  Step 4100/10000 | R_avg = 0.999723 | norm = 0.99867
  Step 4200/10000 | R_avg = 0.999797 | norm = 0.998637
  Step 4300/10000 | R_avg = 0.999722 | norm = 0.998603
  Step 4400/10000 | R_avg = 0.99982 | norm = 0.998569
  Step 4500/10000 | R_avg = 0.999788 | norm = 0.998536
  Step 4600/10000 | R_avg = 0.999888 | norm = 0.998503
  Step 4700/10000 | R_avg = 0.999878 | norm = 0.998469
  Step 4800/10000 | R_avg = 0.999796 | norm = 0.998436
  Step 4900/10000 | R_avg = 0.999811 | norm = 0.998404
  Step 5000/10000 | R_avg = 0.999806 | norm = 0.99837
  Step 5100/10000 | R_avg = 0.999716 | norm = 0.998337
  Step 5200/10000 | R_avg = 0.999828 | norm = 0.998303
  Step 5300/10000 | R_avg = 0.999771 | norm = 0.998269
  Step 5400/10000 | R_avg = 0.999801 | norm = 0.998235
  Step 5500/10000 | R_avg = 0.999811 | norm = 0.998201
  Step 5600/10000 | R_avg = 0.999816 | norm = 0.998167
  Step 5700/10000 | R_avg = 0.999715 | norm = 0.998133
  Step 5800/10000 | R_avg = 0.999821 | norm = 0.9981
  Step 5900/10000 | R_avg = 0.999811 | norm = 0.998066
  Step 6000/10000 | R_avg = 0.99982 | norm = 0.998033
  Step 6100/10000 | R_avg = 0.999143 | norm = 0.997999
  Step 6200/10000 | R_avg = 0.999815 | norm = 0.997966
  Step 6300/10000 | R_avg = 0.999719 | norm = 0.997934
  Step 6400/10000 | R_avg = 0.999872 | norm = 0.997902
  Step 6500/10000 | R_avg = 0.999725 | norm = 0.99787
  Step 6600/10000 | R_avg = 0.999817 | norm = 0.997838
  Step 6700/10000 | R_avg = 0.999816 | norm = 0.997806
  Step 6800/10000 | R_avg = 0.999724 | norm = 0.997774
  Step 6900/10000 | R_avg = 0.999816 | norm = 0.997741
  Step 7000/10000 | R_avg = 0.999815 | norm = 0.997708
  Step 7100/10000 | R_avg = 0.999817 | norm = 0.997675
  Step 7200/10000 | R_avg = 0.999807 | norm = 0.997641
  Step 7300/10000 | R_avg = 0.999815 | norm = 0.997607
  Step 7400/10000 | R_avg = 0.999885 | norm = 0.997574
  Step 7500/10000 | R_avg = 0.999815 | norm = 0.997541
  Step 7600/10000 | R_avg = 0.999822 | norm = 0.997508
  Step 7700/10000 | R_avg = 0.999824 | norm = 0.997476
  Step 7800/10000 | R_avg = 0.999816 | norm = 0.997443
  Step 7900/10000 | R_avg = 0.999831 | norm = 0.997411
  Step 8000/10000 | R_avg = 0.9998 | norm = 0.997377
  Step 8100/10000 | R_avg = 0.999835 | norm = 0.997344
  Step 8200/10000 | R_avg = 0.999822 | norm = 0.997311
  Step 8300/10000 | R_avg = 0.999815 | norm = 0.997278
  Step 8400/10000 | R_avg = 0.999792 | norm = 0.997245
  Step 8500/10000 | R_avg = 0.999802 | norm = 0.997212
  Step 8600/10000 | R_avg = 0.999806 | norm = 0.997179
  Step 8700/10000 | R_avg = 0.999864 | norm = 0.997145
  Step 8800/10000 | R_avg = 0.999809 | norm = 0.997112
  Step 8900/10000 | R_avg = 0.999804 | norm = 0.997079
  Step 9000/10000 | R_avg = 0.999816 | norm = 0.997045
  Step 9100/10000 | R_avg = 0.999837 | norm = 0.997012
  Step 9200/10000 | R_avg = 0.999797 | norm = 0.996979
  Step 9300/10000 | R_avg = 0.999813 | norm = 0.996946
  Step 9400/10000 | R_avg = 0.999809 | norm = 0.996914
  Step 9500/10000 | R_avg = 0.99983 | norm = 0.996882
  Step 9600/10000 | R_avg = 0.999835 | norm = 0.99685
  Step 9700/10000 | R_avg = 0.999847 | norm = 0.996817
  Step 9800/10000 | R_avg = 0.999826 | norm = 0.996785
  Step 9900/10000 | R_avg = 0.999708 | norm = 0.996752

===== Global Validation =====
✓ Global validation PASSED
  ✓ Probability Conservation: ||ψ||² = 0.996719 (drift: 0.328131% from initial 1) ✓ PASS
  ✓ Energy Conservation: E_total = 1.06199 (drift: 0.253595% from initial 1.06469) ✓ PASS
  ✓ Order Parameter Bounds: R ∈ [0, 1] ✓ PASS (within [0,1])
  ✓ Causality: v = |p|/E = 0.000481808 (c = 1) ✓ PASS (v ≤ c)
  ✓ Numerical Stability: All fields finite ✓ PASS
  Norm validation: max_error = 0.00328051 ✓ PASS
  Energy validation: max_drift = 0.00971019 ✓ PASS
  Saved observables to /home/persist/neotec/0rigin/output/20251224_145458_scenario_2.6A_energy_momentum_relation_128x128/N_10/observables.csv

--- Testing with N=100 ---
  Dirac initialization (grid-independent):
    Position: (50, 50) ℓ_P
    Width: 3 ℓ_P
    Grid coordinates: (64, 64) grid units
    Grid width: 3.84 grid units
  Using Dirac solver (spinor field)
[DiracEvolution] Initialized Gaussian wavepacket at (64, 64) with σ=3.84
[SMFTEngine] Dirac field initialized: center=(64,64), sigma=3.84, norm=1
[DiracEvolution] Initialized 128x128 4-component spinor field (particle, β=1)
[DiracEvolution] Initialized Gaussian wavepacket at (64, 64) with σ=3.84
  Initial energy E0 = 1.06435
  Initial norm = 1
  Step 0/10000 | R_avg = 0.999719 | norm = 1
  Step 100/10000 | R_avg = 0.999828 | norm = 0.999973
  Step 200/10000 | R_avg = 0.999814 | norm = 0.999945
  Step 300/10000 | R_avg = 0.999787 | norm = 0.999916
  Step 400/10000 | R_avg = 0.99983 | norm = 0.999887
  Step 500/10000 | R_avg = 0.999767 | norm = 0.999856
  Step 600/10000 | R_avg = 0.999816 | norm = 0.999824
  Step 700/10000 | R_avg = 0.999811 | norm = 0.999793
  Step 800/10000 | R_avg = 0.999827 | norm = 0.99976
  Step 900/10000 | R_avg = 0.999829 | norm = 0.999728
  Step 1000/10000 | R_avg = 0.999822 | norm = 0.999695
  Step 1100/10000 | R_avg = 0.999805 | norm = 0.999662
  Step 1200/10000 | R_avg = 0.999795 | norm = 0.999629
  Step 1300/10000 | R_avg = 0.99983 | norm = 0.999596
  Step 1400/10000 | R_avg = 0.999831 | norm = 0.999563
  Step 1500/10000 | R_avg = 0.999811 | norm = 0.99953
  Step 1600/10000 | R_avg = 0.999828 | norm = 0.999497
  Step 1700/10000 | R_avg = 0.999804 | norm = 0.999464
  Step 1800/10000 | R_avg = 0.999835 | norm = 0.99943
  Step 1900/10000 | R_avg = 0.999725 | norm = 0.999396
  Step 2000/10000 | R_avg = 0.999818 | norm = 0.999362
  Step 2100/10000 | R_avg = 0.999717 | norm = 0.999328
  Step 2200/10000 | R_avg = 0.999834 | norm = 0.999294
  Step 2300/10000 | R_avg = 0.999818 | norm = 0.99926
  Step 2400/10000 | R_avg = 0.999804 | norm = 0.999227
  Step 2500/10000 | R_avg = 0.999826 | norm = 0.999193
  Step 2600/10000 | R_avg = 0.999838 | norm = 0.999159
  Step 2700/10000 | R_avg = 0.999798 | norm = 0.999125
  Step 2800/10000 | R_avg = 0.999143 | norm = 0.999092
  Step 2900/10000 | R_avg = 0.999799 | norm = 0.999059
  Step 3000/10000 | R_avg = 0.999818 | norm = 0.999026
  Step 3100/10000 | R_avg = 0.99982 | norm = 0.998995
  Step 3200/10000 | R_avg = 0.999884 | norm = 0.998963
  Step 3300/10000 | R_avg = 0.999805 | norm = 0.998931
  Step 3400/10000 | R_avg = 0.999817 | norm = 0.998899
  Step 3500/10000 | R_avg = 0.99982 | norm = 0.998867
  Step 3600/10000 | R_avg = 0.999821 | norm = 0.998835
  Step 3700/10000 | R_avg = 0.999801 | norm = 0.998802
  Step 3800/10000 | R_avg = 0.999823 | norm = 0.99877
  Step 3900/10000 | R_avg = 0.999809 | norm = 0.998737
  Step 4000/10000 | R_avg = 0.999837 | norm = 0.998704
  Step 4100/10000 | R_avg = 0.999841 | norm = 0.99867
  Step 4200/10000 | R_avg = 0.999824 | norm = 0.998637
  Step 4300/10000 | R_avg = 0.999825 | norm = 0.998603
  Step 4400/10000 | R_avg = 0.999832 | norm = 0.998569
  Step 4500/10000 | R_avg = 0.99988 | norm = 0.998536
  Step 4600/10000 | R_avg = 0.999818 | norm = 0.998503
  Step 4700/10000 | R_avg = 0.999838 | norm = 0.998469
  Step 4800/10000 | R_avg = 0.999831 | norm = 0.998436
  Step 4900/10000 | R_avg = 0.999828 | norm = 0.998403
  Step 5000/10000 | R_avg = 0.999845 | norm = 0.99837
  Step 5100/10000 | R_avg = 0.999893 | norm = 0.998336
  Step 5200/10000 | R_avg = 0.999836 | norm = 0.998303
  Step 5300/10000 | R_avg = 0.99983 | norm = 0.998268
  Step 5400/10000 | R_avg = 0.999835 | norm = 0.998234
  Step 5500/10000 | R_avg = 0.999824 | norm = 0.998201
  Step 5600/10000 | R_avg = 0.999824 | norm = 0.998167
  Step 5700/10000 | R_avg = 0.999826 | norm = 0.998133
  Step 5800/10000 | R_avg = 0.999886 | norm = 0.998099
  Step 5900/10000 | R_avg = 0.999811 | norm = 0.998065
  Step 6000/10000 | R_avg = 0.99984 | norm = 0.998032
  Step 6100/10000 | R_avg = 0.999828 | norm = 0.997999
  Step 6200/10000 | R_avg = 0.999816 | norm = 0.997966
  Step 6300/10000 | R_avg = 0.99983 | norm = 0.997934
  Step 6400/10000 | R_avg = 0.999891 | norm = 0.997902
  Step 6500/10000 | R_avg = 0.999881 | norm = 0.99787
  Step 6600/10000 | R_avg = 0.999891 | norm = 0.997838
  Step 6700/10000 | R_avg = 0.99982 | norm = 0.997805
  Step 6800/10000 | R_avg = 0.999814 | norm = 0.997774
  Step 6900/10000 | R_avg = 0.999825 | norm = 0.997741
  Step 7000/10000 | R_avg = 0.999849 | norm = 0.997707
  Step 7100/10000 | R_avg = 0.999823 | norm = 0.997674
  Step 7200/10000 | R_avg = 0.999824 | norm = 0.997641
  Step 7300/10000 | R_avg = 0.999882 | norm = 0.997607
  Step 7400/10000 | R_avg = 0.999835 | norm = 0.997574
  Step 7500/10000 | R_avg = 0.999824 | norm = 0.997541
  Step 7600/10000 | R_avg = 0.999883 | norm = 0.997508
  Step 7700/10000 | R_avg = 0.999816 | norm = 0.997475
  Step 7800/10000 | R_avg = 0.999819 | norm = 0.997442
  Step 7900/10000 | R_avg = 0.999822 | norm = 0.99741
  Step 8000/10000 | R_avg = 0.999826 | norm = 0.997377
  Step 8100/10000 | R_avg = 0.999815 | norm = 0.997344
  Step 8200/10000 | R_avg = 0.999817 | norm = 0.997311
  Step 8300/10000 | R_avg = 0.999807 | norm = 0.997277
  Step 8400/10000 | R_avg = 0.999823 | norm = 0.997244
  Step 8500/10000 | R_avg = 0.999801 | norm = 0.997211
  Step 8600/10000 | R_avg = 0.999803 | norm = 0.997178
  Step 8700/10000 | R_avg = 0.999823 | norm = 0.997144
  Step 8800/10000 | R_avg = 0.999833 | norm = 0.997111
  Step 8900/10000 | R_avg = 0.999819 | norm = 0.997078
  Step 9000/10000 | R_avg = 0.999838 | norm = 0.997045
  Step 9100/10000 | R_avg = 0.999851 | norm = 0.997011
  Step 9200/10000 | R_avg = 0.999824 | norm = 0.996978
  Step 9300/10000 | R_avg = 0.999838 | norm = 0.996946
  Step 9400/10000 | R_avg = 0.999828 | norm = 0.996914
  Step 9500/10000 | R_avg = 0.999803 | norm = 0.996882
  Step 9600/10000 | R_avg = 0.999885 | norm = 0.99685
  Step 9700/10000 | R_avg = 0.999814 | norm = 0.996817
  Step 9800/10000 | R_avg = 0.999806 | norm = 0.996785
  Step 9900/10000 | R_avg = 0.99979 | norm = 0.996752

===== Global Validation =====
✓ Global validation PASSED
  ✓ Probability Conservation: ||ψ||² = 0.99672 (drift: 0.328124% from initial 1) ✓ PASS
  ✓ Energy Conservation: E_total = 1.06179 (drift: 0.239046% from initial 1.06434) ✓ PASS
  ✓ Order Parameter Bounds: R ∈ [0, 1] ✓ PASS (within [0,1])
  ✓ Causality: v = |p|/E = 0.000498692 (c = 1) ✓ PASS (v ≤ c)
  ✓ Numerical Stability: All fields finite ✓ PASS
  Norm validation: max_error = 0.0032804 ✓ PASS
  Energy validation: max_drift = 0.00294733 ✓ PASS
  Saved observables to /home/persist/neotec/0rigin/output/20251224_145458_scenario_2.6A_energy_momentum_relation_128x128/N_100/observables.csv

--- Validating Convergence ---
✓ Convergence validation PASSED

========================================
Grid: 128×128 | Velocity: v=0.1c
========================================

Initializing engine for 128×128 grid, velocity v=0.1c...
[SMFTEngine] Resources cleanup delegated to component managers

[SMFTEngine] Physical Interpretation:
  Vacuum potential Δ = 1 (Planck mass in natural units)
  Synchronization field R(x) → Emergent spacetime metric
  Mass field m(x) = Δ·R(x) → Local energy density
  ∇R(x) → Gravitational field (not separate force)
  Grid: 128 x 128 oscillators

[SMFTEngine] Created GPU buffers for 128x128 grid
  Phase buffers: 65536 bytes each
  Spinor buffer: 524288 bytes
  Accumulator buffers: 65536 bytes each (operator splitting)
[SMFTEngine] Created compute pipelines
  ✓ Kuramoto pipeline
  ✓ Sync field pipeline
  ✓ Gravity field pipeline
  ✓ Stochastic Kuramoto pipeline
  ✓ Stochastic Dirac pipeline
  ✓ Accumulation pipeline (operator splitting)
Created experiment directory: /home/persist/neotec/0rigin/output/20251224_151055_scenario_2.6A_energy_momentum_relation_128x128_v0.1
[OutputManager] Created timestamped directory: /home/persist/neotec/0rigin/output/20251224_151055_scenario_2.6A_energy_momentum_relation_128x128_v0.1
