[Logging] Console output for 128x128 v=0.4c writing to: /home/persist/neotec/0rigin/output/20251226_012926_scenario_2.4A_velocity_threshold_128x128_v0.4/console.log

--- Testing with N=10 ---
  Vortex initialization (grid-independent):
    Domain size: 100 ℓ_P
    Grid spacing: 0.78125 ℓ_P
    Core radius: 3 ℓ_P (3.84 grid points)
    Center: (50, 50) ℓ_P
    Winding number: W = 1
  Dirac initialization (grid-independent):
    Position: (50, 50) ℓ_P
    Width: 3 ℓ_P
    Grid coordinates: (64, 64) grid units
    Grid width: 3.84 grid units
  Using Dirac solver (spinor field) with boosted initialization
    Background R (expected): 1
[DiracEvolution] Initialized 128x128 4-component spinor field (particle, β=1)
[SMFT] Boosted Gaussian initialization:
  Position: (64, 64) grid units
  Width: σ = 3.84 grid units
  Velocity: v = (0.4, 0)c
  |v| = 0.4c
  Lorentz factor: γ = 1.09109
  Rest mass: m₀ = Δ·R = 1 × 1 = 1 m_P
  Momentum: p = (0.436436, 0) m_P·c
  |p| = 0.436436 m_P·c
  Pre-normalization: ∫|Ψ|² = 92.6492
  Normalization factor: 9.62545
[DiracEvolution] Initialized Gaussian wavepacket at (64, 64) with σ=3.84
  Final norm: ||Ψ||² = 1
  Initial position: <r> = (64, 64)
✓ Boosted Gaussian initialized
[SMFTEngine] Boosted Dirac field initialized: center=(64,64), sigma=3.84, boost=(0.4,0)c, norm=1, <r>=(64,64)
[DiracEvolution] Initialized 128x128 4-component spinor field (particle, β=1)
[SMFT] Boosted Gaussian initialization:
  Position: (64, 64) grid units
  Width: σ = 3.84 grid units
  Velocity: v = (0.4, 0)c
  |v| = 0.4c
  Lorentz factor: γ = 1.09109
  Rest mass: m₀ = Δ·R = 1 × 1 = 1 m_P
  Momentum: p = (0.436436, 0) m_P·c
  |p| = 0.436436 m_P·c
  Pre-normalization: ∫|Ψ|² = 92.6492
  Normalization factor: 9.62545
[DiracEvolution] Initialized Gaussian wavepacket at (64, 64) with σ=3.84
  Final norm: ||Ψ||² = 1
  Initial position: <r> = (64, 64)
✓ Boosted Gaussian initialized
  Initial energy E0 = 0.232538
  Initial norm = 1
  Saved spatial snapshot at t = 0 (step 0)
  Step 0/10000 | R_avg = 0.98362 | norm = 1
  Step 100/10000 | R_avg = 0.983597 | norm = 0.999977
  Step 200/10000 | R_avg = 0.983621 | norm = 0.999953
  Step 300/10000 | R_avg = 0.983644 | norm = 0.999927
  Step 400/10000 | R_avg = 0.983603 | norm = 0.999901
  Step 500/10000 | R_avg = 0.983572 | norm = 0.999874
  Step 600/10000 | R_avg = 0.983638 | norm = 0.999846
  Step 700/10000 | R_avg = 0.983587 | norm = 0.999818
  Step 800/10000 | R_avg = 0.983601 | norm = 0.99979
  Step 900/10000 | R_avg = 0.983652 | norm = 0.999761
  Step 1000/10000 | R_avg = 0.983618 | norm = 0.999732
  Step 1100/10000 | R_avg = 0.983584 | norm = 0.999703
  Step 1200/10000 | R_avg = 0.983572 | norm = 0.999673
  Step 1300/10000 | R_avg = 0.983623 | norm = 0.999643
  Step 1400/10000 | R_avg = 0.983656 | norm = 0.999613
  Step 1500/10000 | R_avg = 0.983616 | norm = 0.999584
  Step 1600/10000 | R_avg = 0.983602 | norm = 0.999554
  Step 1700/10000 | R_avg = 0.983637 | norm = 0.999525
  Step 1800/10000 | R_avg = 0.983586 | norm = 0.999495
  Step 1900/10000 | R_avg = 0.983572 | norm = 0.999465
  Step 2000/10000 | R_avg = 0.98359 | norm = 0.999434
  Step 2100/10000 | R_avg = 0.983631 | norm = 0.999403
  Step 2200/10000 | R_avg = 0.983625 | norm = 0.999371
  Step 2300/10000 | R_avg = 0.983608 | norm = 0.999339
  Step 2400/10000 | R_avg = 0.983608 | norm = 0.999308
  Saved spatial snapshot at t = 25 (step 2500)
  Step 2500/10000 | R_avg = 0.98364 | norm = 0.999277
  Step 2600/10000 | R_avg = 0.983611 | norm = 0.999247
  Step 2700/10000 | R_avg = 0.983597 | norm = 0.999217
  Step 2800/10000 | R_avg = 0.983594 | norm = 0.999188
  Step 2900/10000 | R_avg = 0.983601 | norm = 0.99916
  Step 3000/10000 | R_avg = 0.983632 | norm = 0.999132
  Step 3100/10000 | R_avg = 0.983627 | norm = 0.999106
  Step 3200/10000 | R_avg = 0.983625 | norm = 0.999081
  Step 3300/10000 | R_avg = 0.983603 | norm = 0.999056
  Step 3400/10000 | R_avg = 0.983597 | norm = 0.999032
  Step 3500/10000 | R_avg = 0.983613 | norm = 0.999007
  Step 3600/10000 | R_avg = 0.983638 | norm = 0.998981
  Step 3700/10000 | R_avg = 0.983597 | norm = 0.998955
  Step 3800/10000 | R_avg = 0.983629 | norm = 0.998927
  Step 3900/10000 | R_avg = 0.983577 | norm = 0.998898
  Step 4000/10000 | R_avg = 0.983613 | norm = 0.998868
  Step 4100/10000 | R_avg = 0.983615 | norm = 0.998836
  Step 4200/10000 | R_avg = 0.983629 | norm = 0.998803
  Step 4300/10000 | R_avg = 0.98362 | norm = 0.99877
  Step 4400/10000 | R_avg = 0.983592 | norm = 0.998736
  Step 4500/10000 | R_avg = 0.983627 | norm = 0.998702
  Step 4600/10000 | R_avg = 0.983636 | norm = 0.998667
  Step 4700/10000 | R_avg = 0.98357 | norm = 0.998632
  Step 4800/10000 | R_avg = 0.983633 | norm = 0.998597
  Step 4900/10000 | R_avg = 0.98363 | norm = 0.998563
  Saved spatial snapshot at t = 50 (step 5000)
  Step 5000/10000 | R_avg = 0.983575 | norm = 0.998528
  Step 5100/10000 | R_avg = 0.983631 | norm = 0.998492
  Step 5200/10000 | R_avg = 0.983636 | norm = 0.998457
  Step 5300/10000 | R_avg = 0.983581 | norm = 0.998422
  Step 5400/10000 | R_avg = 0.983607 | norm = 0.998387
  Step 5500/10000 | R_avg = 0.983615 | norm = 0.998352
  Step 5600/10000 | R_avg = 0.983641 | norm = 0.998317
  Step 5700/10000 | R_avg = 0.983623 | norm = 0.998283
  Step 5800/10000 | R_avg = 0.983659 | norm = 0.998248
  Step 5900/10000 | R_avg = 0.983595 | norm = 0.998213
  Step 6000/10000 | R_avg = 0.983619 | norm = 0.998179
  Step 6100/10000 | R_avg = 0.983626 | norm = 0.998146
  Step 6200/10000 | R_avg = 0.983611 | norm = 0.998113
  Step 6300/10000 | R_avg = 0.983619 | norm = 0.998081
  Step 6400/10000 | R_avg = 0.983621 | norm = 0.998049
  Step 6500/10000 | R_avg = 0.983622 | norm = 0.998018
  Step 6600/10000 | R_avg = 0.983633 | norm = 0.997987
  Step 6700/10000 | R_avg = 0.983609 | norm = 0.997955
  Step 6800/10000 | R_avg = 0.98363 | norm = 0.997924
  Step 6900/10000 | R_avg = 0.983611 | norm = 0.997892
  Step 7000/10000 | R_avg = 0.983649 | norm = 0.99786
  Step 7100/10000 | R_avg = 0.983642 | norm = 0.997828
  Step 7200/10000 | R_avg = 0.983631 | norm = 0.997795
  Step 7300/10000 | R_avg = 0.983631 | norm = 0.997763
  Step 7400/10000 | R_avg = 0.983633 | norm = 0.99773
  Saved spatial snapshot at t = 75 (step 7500)
  Step 7500/10000 | R_avg = 0.983616 | norm = 0.997696
  Step 7600/10000 | R_avg = 0.983615 | norm = 0.997663
  Step 7700/10000 | R_avg = 0.983615 | norm = 0.99763
  Step 7800/10000 | R_avg = 0.983638 | norm = 0.997597
  Step 7900/10000 | R_avg = 0.983629 | norm = 0.997564
  Step 8000/10000 | R_avg = 0.983617 | norm = 0.99753
  Step 8100/10000 | R_avg = 0.983597 | norm = 0.997497
  Step 8200/10000 | R_avg = 0.983581 | norm = 0.997464
  Step 8300/10000 | R_avg = 0.98365 | norm = 0.99743
  Step 8400/10000 | R_avg = 0.983615 | norm = 0.997397
  Step 8500/10000 | R_avg = 0.983628 | norm = 0.997363
  Step 8600/10000 | R_avg = 0.983639 | norm = 0.997329
  Step 8700/10000 | R_avg = 0.983592 | norm = 0.997296
  Step 8800/10000 | R_avg = 0.983609 | norm = 0.997263
  Step 8900/10000 | R_avg = 0.983649 | norm = 0.99723
  Step 9000/10000 | R_avg = 0.983601 | norm = 0.997197
  Step 9100/10000 | R_avg = 0.983603 | norm = 0.997165
  Step 9200/10000 | R_avg = 0.983621 | norm = 0.997134
  Step 9300/10000 | R_avg = 0.983628 | norm = 0.997103
  Step 9400/10000 | R_avg = 0.983605 | norm = 0.997072
  Step 9500/10000 | R_avg = 0.983644 | norm = 0.997043
  Step 9600/10000 | R_avg = 0.983603 | norm = 0.997013
  Step 9700/10000 | R_avg = 0.983631 | norm = 0.996984
  Step 9800/10000 | R_avg = 0.983636 | norm = 0.996955
  Step 9900/10000 | R_avg = 0.983649 | norm = 0.996926

===== Global Validation =====
✓ Global validation PASSED
  ✓ Probability Conservation: ||ψ||² = 0.996896 (drift: 0.31047% from initial 1) ✓ PASS
  ✓ Energy Conservation: E_total = 1.18292 (drift: 2.94593% from initial 1.14907) ✓ PASS
  ✓ Order Parameter Bounds: R ∈ [0, 0] ✓ PASS (within [0,1])
  ✓ Causality: v = |p|/E = 0.256701 (c = 1) ✓ PASS (v ≤ c)
  ✓ Numerical Stability: All fields finite ✓ PASS

===== Scenario 2.3: Relativistic Mass Validation =====
  Boost velocity: v = 0.4c
  Theoretical gamma: γ = 1.09109
✗ Scenario validation FAILED:
  ✓ 1. θ(x,y,t=0) shows vortex structure (W = ±1): Winding number W = 1 ✓ PASS (|W| ≈ 1)
  ✓ 3. R(x,y,t=0) shows core (R_min < 0.5): R_min = 0 ✓ PASS (< 0.5)
  ✗ 4. ψ(x,y,t=0) is Gaussian at offset position: Wavepacket variance = 6.55052e-07 ✗ FAIL (too uniform, not Gaussian)
  ✓ 5. ⟨p⟩(t=0) = γmv (within 5%): ⟨p⟩ = 0.41545 (expect 0.436436, error = 4.80852%) ✓ PASS
  ✗ 6. γ_measured(t=final) within 5% of theory: γ_measured = 1.16231 (γ_theory = 1.09109, error = 6.52708%) ✗ FAIL (exceeds 5% tolerance)
  Norm validation: max_error = 0.00310378 ✓ PASS
  Energy validation: max_drift = 0.0348853 ✓ PASS
  Saved observables to /home/persist/neotec/0rigin/output/20251226_012926_scenario_2.4A_velocity_threshold_128x128_v0.4/N_10/observables.csv

--- Validating Convergence ---
✗ Convergence validation FAILED

========================================
Velocity: v=0.45c
========================================

Initializing engine for 128×128 grid, velocity v=0.45c...
[SMFTEngine] Resources cleanup delegated to component managers

[SMFTEngine] Physical Interpretation:
  Vacuum potential Δ = 1 (Planck mass in natural units)
  Synchronization field R(x) → Emergent spacetime metric
  Mass field m(x) = Δ·R(x) → Local energy density
  ∇R(x) → Gravitational field (not separate force)
  Grid: 128 x 128 oscillators

[SMFTEngine] Created GPU buffers for 128x128 grid
  Phase buffers: 65536 bytes each
  Spinor buffer: 524288 bytes
  Accumulator buffers: 65536 bytes each (operator splitting)
[SMFTEngine] Created compute pipelines
  ✓ Kuramoto pipeline
  ✓ Sync field pipeline
  ✓ Gravity field pipeline
  ✓ Stochastic Kuramoto pipeline
  ✓ Stochastic Dirac pipeline
  ✓ Accumulation pipeline (operator splitting)
Created experiment directory: /home/persist/neotec/0rigin/output/20251226_013105_scenario_2.4A_velocity_threshold_128x128_v0.4
[OutputManager] Created timestamped directory: /home/persist/neotec/0rigin/output/20251226_013105_scenario_2.4A_velocity_threshold_128x128_v0.4
