[Logging] Console output for 512x512 v=0.7c writing to: /home/persist/neotec/0rigin/output/20251226_183613_scenario_2.4C_ultra_relativistic_512x512_v0.7/console.log

--- Testing with N=10 ---
  Vortex initialization (grid-independent):
    Domain size: 100 ℓ_P
    Grid spacing: 0.195312 ℓ_P
    Core radius: 3 ℓ_P (15.36 grid points)
    Center: (50, 50) ℓ_P
    Winding number: W = 1
  Dirac initialization (grid-independent):
    Position: (50, 50) ℓ_P
    Width: 3 ℓ_P
    Grid coordinates: (256, 256) grid units
    Grid width: 15.36 grid units
  Using Dirac solver (spinor field) with boosted initialization
    Background R (expected): 1
[DiracEvolution] Initialized 512x512 4-component spinor field (particle, β=1)
[SMFT] Boosted Gaussian initialization:
  Position: (256, 256) grid units
  Width: σ = 15.36 grid units
  Velocity: v = (0.7, 0)c
  |v| = 0.7c
  Lorentz factor: γ = 1.40028
  Rest mass: m₀ = Δ·R = 1 × 1 = 1 m_P
  Momentum: p = (0.980196, 0) m_P·c
  |p| = 0.980196 m_P·c
  Pre-normalization: ∫|Ψ|² = 1482.38
  Normalization factor: 38.5017
[DiracEvolution] Initialized Gaussian wavepacket at (256, 256) with σ=15.36
  Final norm: ||Ψ||² = 0.999982
  Initial position: <r> = (255.999, 255.998)
✓ Boosted Gaussian initialized
[SMFTEngine] Boosted Dirac field initialized: center=(256,256), sigma=15.36, boost=(0.7,0)c, norm=0.999982, <r>=(255.999,255.998)
[DiracEvolution] Initialized 512x512 4-component spinor field (particle, β=1)
[SMFT] Boosted Gaussian initialization:
  Position: (256, 256) grid units
  Width: σ = 15.36 grid units
  Velocity: v = (0.7, 0)c
  |v| = 0.7c
  Lorentz factor: γ = 1.40028
  Rest mass: m₀ = Δ·R = 1 × 1 = 1 m_P
  Momentum: p = (0.980196, 0) m_P·c
  |p| = 0.980196 m_P·c
  Pre-normalization: ∫|Ψ|² = 1482.38
  Normalization factor: 38.5017
[DiracEvolution] Initialized Gaussian wavepacket at (256, 256) with σ=15.36
  Final norm: ||Ψ||² = 0.999982
  Initial position: <r> = (255.999, 255.998)
✓ Boosted Gaussian initialized
  Initial energy E0 = 1.69123
  Initial norm = 1.00001
[stepWithDirac] Strang splitting enabled:
  substep_ratio=10
  substep_dt=0.0005
  half_substeps=5
  remaining_substeps=5
  Saved spatial snapshot at t = 0 (step 0)
  Step 0/10000 | R_avg = 0.994462 | norm = 1.00001
  Step 200/10000 | R_avg = 0.99446 | norm = 0.999934
  Step 400/10000 | R_avg = 0.994429 | norm = 0.999861
  Step 600/10000 | R_avg = 0.994403 | norm = 0.99979
  Step 800/10000 | R_avg = 0.994417 | norm = 0.999719
  Step 1000/10000 | R_avg = 0.994433 | norm = 0.999649
  Step 1200/10000 | R_avg = 0.994368 | norm = 0.999579
  Step 1400/10000 | R_avg = 0.994466 | norm = 0.99951
  Step 1600/10000 | R_avg = 0.994464 | norm = 0.999441
  Step 1800/10000 | R_avg = 0.994438 | norm = 0.999373
  Step 2000/10000 | R_avg = 0.994454 | norm = 0.999304
  Step 2200/10000 | R_avg = 0.994475 | norm = 0.999236
  Step 2400/10000 | R_avg = 0.994473 | norm = 0.999167
  Saved spatial snapshot at t = 12.5 (step 2500)
  Step 2600/10000 | R_avg = 0.99449 | norm = 0.999098
  Step 2800/10000 | R_avg = 0.994433 | norm = 0.999029
  Step 3000/10000 | R_avg = 0.994421 | norm = 0.99896
  Step 3200/10000 | R_avg = 0.994494 | norm = 0.998889
  Step 3400/10000 | R_avg = 0.994465 | norm = 0.998818
  Step 3600/10000 | R_avg = 0.994443 | norm = 0.998745
  Step 3800/10000 | R_avg = 0.994461 | norm = 0.998672
  Step 4000/10000 | R_avg = 0.994462 | norm = 0.998597
  Step 4200/10000 | R_avg = 0.994409 | norm = 0.998522
  Step 4400/10000 | R_avg = 0.994493 | norm = 0.998445
  Step 4600/10000 | R_avg = 0.994453 | norm = 0.998367
  Step 4800/10000 | R_avg = 0.994456 | norm = 0.998288
  Saved spatial snapshot at t = 25 (step 5000)
  Step 5000/10000 | R_avg = 0.99447 | norm = 0.998208
  Step 5200/10000 | R_avg = 0.994423 | norm = 0.998126
  Step 5400/10000 | R_avg = 0.994463 | norm = 0.998044
  Step 5600/10000 | R_avg = 0.994477 | norm = 0.997961
  Step 5800/10000 | R_avg = 0.994436 | norm = 0.997876
  Step 6000/10000 | R_avg = 0.994456 | norm = 0.997789
  Step 6200/10000 | R_avg = 0.994373 | norm = 0.997701
  Step 6400/10000 | R_avg = 0.994412 | norm = 0.997612
  Step 6600/10000 | R_avg = 0.994409 | norm = 0.997522
  Step 6800/10000 | R_avg = 0.994405 | norm = 0.99743
  Step 7000/10000 | R_avg = 0.994417 | norm = 0.997337
  Step 7200/10000 | R_avg = 0.994436 | norm = 0.997244
  Step 7400/10000 | R_avg = 0.994406 | norm = 0.99715
  Saved spatial snapshot at t = 37.5 (step 7500)
  Step 7600/10000 | R_avg = 0.994438 | norm = 0.997054
  Step 7800/10000 | R_avg = 0.99447 | norm = 0.996959
  Step 8000/10000 | R_avg = 0.994465 | norm = 0.996862
  Step 8200/10000 | R_avg = 0.994486 | norm = 0.996765
  Step 8400/10000 | R_avg = 0.994467 | norm = 0.996667
  Step 8600/10000 | R_avg = 0.994447 | norm = 0.996569
  Step 8800/10000 | R_avg = 0.994454 | norm = 0.996471
  Step 9000/10000 | R_avg = 0.994419 | norm = 0.996372
  Step 9200/10000 | R_avg = 0.994419 | norm = 0.996273
  Step 9400/10000 | R_avg = 0.994439 | norm = 0.996175
  Step 9600/10000 | R_avg = 0.994486 | norm = 0.996076
  Step 9800/10000 | R_avg = 0.994407 | norm = 0.995977
  Saved spatial snapshot at t = 49.995 (step 9999)

===== Global Validation =====
✓ Global validation PASSED
  ✓ Probability Conservation: ||ψ||² = 0.995879 (drift: 0.412865% from initial 1.00001) ✓ PASS
  ✓ Energy Conservation: E_total = 1.6773 (drift: 0.0657698% from initial 1.6762) ✓ PASS
  ✓ Order Parameter Bounds: R ∈ [1, 1] ✓ PASS (within [0,1])
  ✓ Causality: v = |p|/E = 0.480439 (c = 1) ✓ PASS (v ≤ c)
  ✓ Numerical Stability: All fields finite ✓ PASS

===== Scenario 2.3: Relativistic Mass Validation =====
  Boost velocity: v = 0.7c
  Theoretical gamma: γ = 1.40028
✗ Scenario validation FAILED:
  ✓ 1. θ(x,y,t=0) shows vortex structure (W = ±1): Winding number W = 1 ✓ PASS (|W| ≈ 1)
  ✗ 3. R(x,y,t=0) shows core (R_min < 0.5): R_min = 1 ✗ FAIL (expect R_min < 0.5)
  ✗ 4. ψ(x,y,t=0) is Gaussian at offset position: Wavepacket variance = 2.55883e-09 ✗ FAIL (too uniform, not Gaussian)
  ✗ 5. ⟨p⟩(t=0) = γmv (within 5%): ⟨p⟩ = 0.82973 (expect 0.980196, error = 15.3506%) ✗ FAIL (exceeds 5% tolerance)
  ✗ 6. γ_measured(t=final) within 5% of theory: γ_measured = 1.4793 (γ_theory = 1.40028, error = 5.64283%) ✗ FAIL (exceeds 5% tolerance)
  Norm validation: max_error = 0.00412117 ✓ PASS
  Energy validation: max_drift = 0.00473735 ✓ PASS
  Saved observables to /home/persist/neotec/0rigin/output/20251226_183613_scenario_2.4C_ultra_relativistic_512x512_v0.7/N_10/observables.csv

--- Validating Convergence ---
✗ Convergence validation FAILED

========================================
Velocity: v=0.8c
========================================

Initializing engine for 512×512 grid, velocity v=0.8c...
[SMFTEngine] Resources cleanup delegated to component managers

[SMFTEngine] Physical Interpretation:
  Vacuum potential Δ = 1 (Planck mass in natural units)
  Synchronization field R(x) → Emergent spacetime metric
  Mass field m(x) = Δ·R(x) → Local energy density
  ∇R(x) → Gravitational field (not separate force)
  Grid: 512 x 512 oscillators

[SMFTEngine] Created GPU buffers for 512x512 grid
  Phase buffers: 1048576 bytes each
  Spinor buffer: 8388608 bytes
  Accumulator buffers: 1048576 bytes each (operator splitting)
[SMFTEngine] Created compute pipelines
  ✓ Kuramoto pipeline
  ✓ Sync field pipeline
  ✓ Gravity field pipeline
  ✓ Stochastic Kuramoto pipeline
  ✓ Stochastic Dirac pipeline
  ✓ Accumulation pipeline (operator splitting)
Created experiment directory: /home/persist/neotec/0rigin/output/20251226_192401_scenario_2.4C_ultra_relativistic_512x512_v0.8
[OutputManager] Created timestamped directory: /home/persist/neotec/0rigin/output/20251226_192401_scenario_2.4C_ultra_relativistic_512x512_v0.8
