[Logging] Console output for 64x64 writing to: /home/persist/neotec/0rigin/output/20251226_162530_defect_localization/console.log

--- Testing with N=1 ---
  Vortex initialization (grid-independent):
    Domain size: 100 ℓ_P
    Grid spacing: 1.5625 ℓ_P
    Core radius: 3 ℓ_P (1.92 grid points)
    Center: (50, 50) ℓ_P
    Winding number: W = 1
  Dirac initialization (grid-independent):
    Position: (60, 50) ℓ_P
    Width: 3 ℓ_P
    Grid coordinates: (38.4, 32) grid units
    Grid width: 1.92 grid units
  Using Dirac solver (spinor field)
[DiracEvolution] Initialized 64x64 4-component spinor field (particle, β=1)
[DiracEvolution] Initialized Gaussian wavepacket at (38.4, 32) with σ=1.92
[SMFTEngine] Dirac field initialized: center=(38.4,32), sigma=1.92, norm=1
[DiracEvolution] Initialized 64x64 4-component spinor field (particle, β=1)
[DiracEvolution] Initialized Gaussian wavepacket at (38.4, 32) with σ=1.92
  Initial energy E0 = 1.23759
  Initial norm = 1
  Saved spatial snapshot at t = 0 (step 0)
  Step 0/10000 | R_avg = 0.968192 | norm = 1
  Step 100/10000 | R_avg = 0.968042 | norm = 0.999977
  Step 200/10000 | R_avg = 0.967995 | norm = 0.999952
  Step 300/10000 | R_avg = 0.968201 | norm = 0.999926
  Step 400/10000 | R_avg = 0.968141 | norm = 0.999899
  Step 500/10000 | R_avg = 0.968164 | norm = 0.999872
  Step 600/10000 | R_avg = 0.968176 | norm = 0.999845
  Step 700/10000 | R_avg = 0.968163 | norm = 0.999817
  Step 800/10000 | R_avg = 0.968171 | norm = 0.99979
  Step 900/10000 | R_avg = 0.968164 | norm = 0.999763
  Step 1000/10000 | R_avg = 0.968232 | norm = 0.999737
  Step 1100/10000 | R_avg = 0.968198 | norm = 0.999712
  Step 1200/10000 | R_avg = 0.968188 | norm = 0.999686
  Step 1300/10000 | R_avg = 0.968168 | norm = 0.999659
  Step 1400/10000 | R_avg = 0.968187 | norm = 0.999633
  Step 1500/10000 | R_avg = 0.967945 | norm = 0.999606
  Step 1600/10000 | R_avg = 0.968196 | norm = 0.99958
  Step 1700/10000 | R_avg = 0.96814 | norm = 0.999553
  Step 1800/10000 | R_avg = 0.96815 | norm = 0.999526
  Step 1900/10000 | R_avg = 0.968152 | norm = 0.999498
  Step 2000/10000 | R_avg = 0.968192 | norm = 0.999471
  Step 2100/10000 | R_avg = 0.968192 | norm = 0.999444
  Step 2200/10000 | R_avg = 0.968199 | norm = 0.999418
  Step 2300/10000 | R_avg = 0.968152 | norm = 0.999391
  Step 2400/10000 | R_avg = 0.968174 | norm = 0.999366
  Saved spatial snapshot at t = 25 (step 2500)
  Step 2500/10000 | R_avg = 0.968214 | norm = 0.99934
  Step 2600/10000 | R_avg = 0.968195 | norm = 0.999316
  Step 2700/10000 | R_avg = 0.968142 | norm = 0.999291
  Step 2800/10000 | R_avg = 0.968181 | norm = 0.999267
  Step 2900/10000 | R_avg = 0.968121 | norm = 0.999242
  Step 3000/10000 | R_avg = 0.968186 | norm = 0.999219
  Step 3100/10000 | R_avg = 0.968165 | norm = 0.999196
  Step 3200/10000 | R_avg = 0.968135 | norm = 0.999172
  Step 3300/10000 | R_avg = 0.968134 | norm = 0.999149
  Step 3400/10000 | R_avg = 0.968172 | norm = 0.999125
  Step 3500/10000 | R_avg = 0.968172 | norm = 0.9991
  Step 3600/10000 | R_avg = 0.968188 | norm = 0.999076
  Step 3700/10000 | R_avg = 0.968172 | norm = 0.999051
  Step 3800/10000 | R_avg = 0.968158 | norm = 0.999026
  Step 3900/10000 | R_avg = 0.968165 | norm = 0.999001
  Step 4000/10000 | R_avg = 0.968189 | norm = 0.998976
  Step 4100/10000 | R_avg = 0.968153 | norm = 0.998951
  Step 4200/10000 | R_avg = 0.968135 | norm = 0.998927
  Step 4300/10000 | R_avg = 0.968192 | norm = 0.998902
  Step 4400/10000 | R_avg = 0.968076 | norm = 0.998877
  Step 4500/10000 | R_avg = 0.968192 | norm = 0.998851
  Step 4600/10000 | R_avg = 0.96816 | norm = 0.998826
  Step 4700/10000 | R_avg = 0.968142 | norm = 0.998802
  Step 4800/10000 | R_avg = 0.968183 | norm = 0.998778
  Step 4900/10000 | R_avg = 0.96825 | norm = 0.998753
  Saved spatial snapshot at t = 50 (step 5000)
  Step 5000/10000 | R_avg = 0.96819 | norm = 0.998728
  Step 5100/10000 | R_avg = 0.968259 | norm = 0.998703
  Step 5200/10000 | R_avg = 0.968215 | norm = 0.998678
  Step 5300/10000 | R_avg = 0.968118 | norm = 0.998653
  Step 5400/10000 | R_avg = 0.968202 | norm = 0.998628
  Step 5500/10000 | R_avg = 0.968106 | norm = 0.998603
  Step 5600/10000 | R_avg = 0.968151 | norm = 0.998578
  Step 5700/10000 | R_avg = 0.967999 | norm = 0.998554
  Step 5800/10000 | R_avg = 0.968145 | norm = 0.998529
  Step 5900/10000 | R_avg = 0.968223 | norm = 0.998504
  Step 6000/10000 | R_avg = 0.968163 | norm = 0.998479
  Step 6100/10000 | R_avg = 0.968207 | norm = 0.998453
  Step 6200/10000 | R_avg = 0.96818 | norm = 0.998428
  Step 6300/10000 | R_avg = 0.968136 | norm = 0.998403
  Step 6400/10000 | R_avg = 0.968174 | norm = 0.998377
  Step 6500/10000 | R_avg = 0.968117 | norm = 0.998352
  Step 6600/10000 | R_avg = 0.968146 | norm = 0.998326
  Step 6700/10000 | R_avg = 0.967969 | norm = 0.998301
  Step 6800/10000 | R_avg = 0.96812 | norm = 0.998275
  Step 6900/10000 | R_avg = 0.968167 | norm = 0.99825
  Step 7000/10000 | R_avg = 0.968041 | norm = 0.998224
  Step 7100/10000 | R_avg = 0.968055 | norm = 0.998199
  Step 7200/10000 | R_avg = 0.967976 | norm = 0.998173
  Step 7300/10000 | R_avg = 0.968204 | norm = 0.998148
  Step 7400/10000 | R_avg = 0.968258 | norm = 0.998123
  Saved spatial snapshot at t = 75 (step 7500)
  Step 7500/10000 | R_avg = 0.968148 | norm = 0.998098
  Step 7600/10000 | R_avg = 0.968215 | norm = 0.998072
  Step 7700/10000 | R_avg = 0.968173 | norm = 0.998047
  Step 7800/10000 | R_avg = 0.968154 | norm = 0.998022
  Step 7900/10000 | R_avg = 0.968162 | norm = 0.997997
  Step 8000/10000 | R_avg = 0.967998 | norm = 0.997972
  Step 8100/10000 | R_avg = 0.968203 | norm = 0.997947
  Step 8200/10000 | R_avg = 0.968148 | norm = 0.997922
  Step 8300/10000 | R_avg = 0.968172 | norm = 0.997898
  Step 8400/10000 | R_avg = 0.968066 | norm = 0.997873
  Step 8500/10000 | R_avg = 0.968145 | norm = 0.997849
  Step 8600/10000 | R_avg = 0.968261 | norm = 0.997825
  Step 8700/10000 | R_avg = 0.968196 | norm = 0.9978
  Step 8800/10000 | R_avg = 0.968019 | norm = 0.997776
  Step 8900/10000 | R_avg = 0.968153 | norm = 0.997751
  Step 9000/10000 | R_avg = 0.967613 | norm = 0.997727
  Step 9100/10000 | R_avg = 0.968186 | norm = 0.997703
  Step 9200/10000 | R_avg = 0.9682 | norm = 0.997679
  Step 9300/10000 | R_avg = 0.968186 | norm = 0.997656
  Step 9400/10000 | R_avg = 0.968212 | norm = 0.997632
  Step 9500/10000 | R_avg = 0.968117 | norm = 0.997608
  Step 9600/10000 | R_avg = 0.96819 | norm = 0.997585
  Step 9700/10000 | R_avg = 0.96825 | norm = 0.997561
  Step 9800/10000 | R_avg = 0.968187 | norm = 0.997537
  Step 9900/10000 | R_avg = 0.968147 | norm = 0.997513

===== Global Validation =====
✗ Global validation FAILED:
  ✗ Probability Conservation: ||ψ||² = 0.997489 (drift: 0.251073% from initial 1) ✗ FAIL (exceeds tolerance 0.01%)
  ✗ Energy Conservation: E_total = 1.2049 (drift: 1.92705% from initial 1.22857) ✗ FAIL (exceeds tolerance 1%)
  ✓ Order Parameter Bounds: R ∈ [1, 1] ✓ PASS (within [0,1])
  ✓ Causality: v = |p|/E = 0.0363616 (c = 1) ✓ PASS (v ≤ c)
  ✓ Numerical Stability: All fields finite ✓ PASS

===== Scenario 2.1: Defect Localization Validation =====
✗ Scenario validation FAILED:
  ✓ 1. θ(x,y,t=0) shows vortex structure (W = ±1): Winding number W = 1 ✓ PASS (|W| ≈ 1)
  ✗ 3. R(x,y,t=0) shows core (R_min < 0.5): R_min = 1 ✗ FAIL (expect R_min < 0.5)
  Norm validation: max_error = 0.00251088 ✗ FAIL
  Energy validation: max_drift = 0.0490227 ✗ FAIL
  Saved observables to /home/persist/neotec/0rigin/output/20251226_162530_defect_localization/N_1/observables.csv
Test failed for N=1

--- Testing with N=10 ---
  Vortex initialization (grid-independent):
    Domain size: 100 ℓ_P
    Grid spacing: 1.5625 ℓ_P
    Core radius: 3 ℓ_P (1.92 grid points)
    Center: (50, 50) ℓ_P
    Winding number: W = 1
  Dirac initialization (grid-independent):
    Position: (60, 50) ℓ_P
    Width: 3 ℓ_P
    Grid coordinates: (38.4, 32) grid units
    Grid width: 1.92 grid units
  Using Dirac solver (spinor field)
[DiracEvolution] Initialized Gaussian wavepacket at (38.4, 32) with σ=1.92
[SMFTEngine] Dirac field initialized: center=(38.4,32), sigma=1.92, norm=1
[DiracEvolution] Initialized 64x64 4-component spinor field (particle, β=1)
[DiracEvolution] Initialized Gaussian wavepacket at (38.4, 32) with σ=1.92
  Initial energy E0 = 1.23759
  Initial norm = 1
  Saved spatial snapshot at t = 0 (step 0)
  Step 0/10000 | R_avg = 0.968162 | norm = 1
  Step 100/10000 | R_avg = 0.968177 | norm = 0.999976
  Step 200/10000 | R_avg = 0.968132 | norm = 0.999951
  Step 300/10000 | R_avg = 0.968132 | norm = 0.999925
  Step 400/10000 | R_avg = 0.967647 | norm = 0.999898
  Step 500/10000 | R_avg = 0.968145 | norm = 0.999871
  Step 600/10000 | R_avg = 0.968192 | norm = 0.999845
  Step 700/10000 | R_avg = 0.968192 | norm = 0.999817
  Step 800/10000 | R_avg = 0.968138 | norm = 0.999791
  Step 900/10000 | R_avg = 0.968155 | norm = 0.999765
  Step 1000/10000 | R_avg = 0.968132 | norm = 0.999738
  Step 1100/10000 | R_avg = 0.968084 | norm = 0.999712
  Step 1200/10000 | R_avg = 0.968195 | norm = 0.999687
  Step 1300/10000 | R_avg = 0.968136 | norm = 0.99966
  Step 1400/10000 | R_avg = 0.968022 | norm = 0.999634
  Step 1500/10000 | R_avg = 0.968165 | norm = 0.999607
  Step 1600/10000 | R_avg = 0.968187 | norm = 0.999581
  Step 1700/10000 | R_avg = 0.968162 | norm = 0.999554
  Step 1800/10000 | R_avg = 0.968183 | norm = 0.999527
  Step 1900/10000 | R_avg = 0.968073 | norm = 0.999499
  Step 2000/10000 | R_avg = 0.968234 | norm = 0.999472
  Step 2100/10000 | R_avg = 0.96824 | norm = 0.999445
  Step 2200/10000 | R_avg = 0.968094 | norm = 0.999418
  Step 2300/10000 | R_avg = 0.968166 | norm = 0.999392
  Step 2400/10000 | R_avg = 0.968155 | norm = 0.999366
  Saved spatial snapshot at t = 25 (step 2500)
  Step 2500/10000 | R_avg = 0.96817 | norm = 0.999341
  Step 2600/10000 | R_avg = 0.968176 | norm = 0.999316
  Step 2700/10000 | R_avg = 0.968139 | norm = 0.999291
  Step 2800/10000 | R_avg = 0.967976 | norm = 0.999267
  Step 2900/10000 | R_avg = 0.968083 | norm = 0.999243
  Step 3000/10000 | R_avg = 0.968133 | norm = 0.999219
  Step 3100/10000 | R_avg = 0.96809 | norm = 0.999196
  Step 3200/10000 | R_avg = 0.968261 | norm = 0.999173
  Step 3300/10000 | R_avg = 0.968192 | norm = 0.999149
  Step 3400/10000 | R_avg = 0.968131 | norm = 0.999125
  Step 3500/10000 | R_avg = 0.96823 | norm = 0.9991
  Step 3600/10000 | R_avg = 0.968145 | norm = 0.999076
  Step 3700/10000 | R_avg = 0.968209 | norm = 0.999051
  Step 3800/10000 | R_avg = 0.968076 | norm = 0.999026
  Step 3900/10000 | R_avg = 0.968149 | norm = 0.999001
  Step 4000/10000 | R_avg = 0.968198 | norm = 0.998977
  Step 4100/10000 | R_avg = 0.96794 | norm = 0.998952
  Step 4200/10000 | R_avg = 0.96819 | norm = 0.998927
  Step 4300/10000 | R_avg = 0.96809 | norm = 0.998902
  Step 4400/10000 | R_avg = 0.968138 | norm = 0.998877
  Step 4500/10000 | R_avg = 0.968272 | norm = 0.998851
  Step 4600/10000 | R_avg = 0.968174 | norm = 0.998826
  Step 4700/10000 | R_avg = 0.968173 | norm = 0.998802
  Step 4800/10000 | R_avg = 0.968169 | norm = 0.998778
  Step 4900/10000 | R_avg = 0.967993 | norm = 0.998753
  Saved spatial snapshot at t = 50 (step 5000)
  Step 5000/10000 | R_avg = 0.968218 | norm = 0.998728
  Step 5100/10000 | R_avg = 0.968079 | norm = 0.998703
  Step 5200/10000 | R_avg = 0.96818 | norm = 0.998678
  Step 5300/10000 | R_avg = 0.968177 | norm = 0.998653
  Step 5400/10000 | R_avg = 0.968189 | norm = 0.998628
  Step 5500/10000 | R_avg = 0.968183 | norm = 0.998603
  Step 5600/10000 | R_avg = 0.96827 | norm = 0.998578
  Step 5700/10000 | R_avg = 0.967963 | norm = 0.998554
  Step 5800/10000 | R_avg = 0.968166 | norm = 0.998528
  Step 5900/10000 | R_avg = 0.968178 | norm = 0.998503
  Step 6000/10000 | R_avg = 0.968168 | norm = 0.998478
  Step 6100/10000 | R_avg = 0.968084 | norm = 0.998452
  Step 6200/10000 | R_avg = 0.968087 | norm = 0.998427
  Step 6300/10000 | R_avg = 0.968238 | norm = 0.998401
  Step 6400/10000 | R_avg = 0.968226 | norm = 0.998376
  Step 6500/10000 | R_avg = 0.968172 | norm = 0.99835
  Step 6600/10000 | R_avg = 0.968158 | norm = 0.998325
  Step 6700/10000 | R_avg = 0.968171 | norm = 0.998299
  Step 6800/10000 | R_avg = 0.968324 | norm = 0.998274
  Step 6900/10000 | R_avg = 0.968135 | norm = 0.998248
  Step 7000/10000 | R_avg = 0.968126 | norm = 0.998223
  Step 7100/10000 | R_avg = 0.96819 | norm = 0.998197
  Step 7200/10000 | R_avg = 0.968204 | norm = 0.998171
  Step 7300/10000 | R_avg = 0.968161 | norm = 0.998146
  Step 7400/10000 | R_avg = 0.968066 | norm = 0.998121
  Saved spatial snapshot at t = 75 (step 7500)
  Step 7500/10000 | R_avg = 0.968258 | norm = 0.998096
  Step 7600/10000 | R_avg = 0.968168 | norm = 0.99807
  Step 7700/10000 | R_avg = 0.968003 | norm = 0.998045
  Step 7800/10000 | R_avg = 0.968052 | norm = 0.99802
  Step 7900/10000 | R_avg = 0.967947 | norm = 0.997995
  Step 8000/10000 | R_avg = 0.968175 | norm = 0.997969
  Step 8100/10000 | R_avg = 0.968139 | norm = 0.997945
  Step 8200/10000 | R_avg = 0.968213 | norm = 0.99792
  Step 8300/10000 | R_avg = 0.968129 | norm = 0.997895
  Step 8400/10000 | R_avg = 0.968186 | norm = 0.997871
  Step 8500/10000 | R_avg = 0.968209 | norm = 0.997846
  Step 8600/10000 | R_avg = 0.968124 | norm = 0.997822
  Step 8700/10000 | R_avg = 0.968195 | norm = 0.997798
  Step 8800/10000 | R_avg = 0.968166 | norm = 0.997773
  Step 8900/10000 | R_avg = 0.968164 | norm = 0.997749
  Step 9000/10000 | R_avg = 0.968039 | norm = 0.997724
  Step 9100/10000 | R_avg = 0.968174 | norm = 0.9977
  Step 9200/10000 | R_avg = 0.968105 | norm = 0.997677
  Step 9300/10000 | R_avg = 0.968195 | norm = 0.997653
  Step 9400/10000 | R_avg = 0.968104 | norm = 0.997629
  Step 9500/10000 | R_avg = 0.968194 | norm = 0.997606
  Step 9600/10000 | R_avg = 0.968154 | norm = 0.997582
  Step 9700/10000 | R_avg = 0.968209 | norm = 0.997559
  Step 9800/10000 | R_avg = 0.968221 | norm = 0.997535
  Step 9900/10000 | R_avg = 0.967981 | norm = 0.997511

===== Global Validation =====
✗ Global validation FAILED:
  ✗ Probability Conservation: ||ψ||² = 0.997488 (drift: 0.251226% from initial 1) ✗ FAIL (exceeds tolerance 0.01%)
  ✗ Energy Conservation: E_total = 1.20472 (drift: 1.94115% from initial 1.22857) ✗ FAIL (exceeds tolerance 1%)
  ✓ Order Parameter Bounds: R ∈ [1, 1] ✓ PASS (within [0,1])
  ✓ Causality: v = |p|/E = 0.0359182 (c = 1) ✓ PASS (v ≤ c)
  ✓ Numerical Stability: All fields finite ✓ PASS

===== Scenario 2.1: Defect Localization Validation =====
✗ Scenario validation FAILED:
  ✓ 1. θ(x,y,t=0) shows vortex structure (W = ±1): Winding number W = 1 ✓ PASS (|W| ≈ 1)
  ✗ 3. R(x,y,t=0) shows core (R_min < 0.5): R_min = 1 ✗ FAIL (expect R_min < 0.5)
  Norm validation: max_error = 0.00251242 ✗ FAIL
  Energy validation: max_drift = 0.050463 ✗ FAIL
  Saved observables to /home/persist/neotec/0rigin/output/20251226_162530_defect_localization/N_10/observables.csv
Test failed for N=10

--- Testing with N=100 ---
  Vortex initialization (grid-independent):
    Domain size: 100 ℓ_P
    Grid spacing: 1.5625 ℓ_P
    Core radius: 3 ℓ_P (1.92 grid points)
    Center: (50, 50) ℓ_P
    Winding number: W = 1
  Dirac initialization (grid-independent):
    Position: (60, 50) ℓ_P
    Width: 3 ℓ_P
    Grid coordinates: (38.4, 32) grid units
    Grid width: 1.92 grid units
  Using Dirac solver (spinor field)
[DiracEvolution] Initialized Gaussian wavepacket at (38.4, 32) with σ=1.92
[SMFTEngine] Dirac field initialized: center=(38.4,32), sigma=1.92, norm=1
[DiracEvolution] Initialized 64x64 4-component spinor field (particle, β=1)
[DiracEvolution] Initialized Gaussian wavepacket at (38.4, 32) with σ=1.92
  Initial energy E0 = 1.23759
  Initial norm = 1
  Saved spatial snapshot at t = 0 (step 0)
  Step 0/10000 | R_avg = 0.968129 | norm = 1
  Step 100/10000 | R_avg = 0.968319 | norm = 0.999976
  Step 200/10000 | R_avg = 0.968291 | norm = 0.999952
  Step 300/10000 | R_avg = 0.967993 | norm = 0.999925
  Step 400/10000 | R_avg = 0.968061 | norm = 0.999899
  Step 500/10000 | R_avg = 0.968192 | norm = 0.999872
  Step 600/10000 | R_avg = 0.968057 | norm = 0.999845
  Step 700/10000 | R_avg = 0.968091 | norm = 0.999817
  Step 800/10000 | R_avg = 0.968182 | norm = 0.99979
  Step 900/10000 | R_avg = 0.968172 | norm = 0.999764
  Step 1000/10000 | R_avg = 0.96811 | norm = 0.999738
  Step 1100/10000 | R_avg = 0.968213 | norm = 0.999712
  Step 1200/10000 | R_avg = 0.968147 | norm = 0.999687
  Step 1300/10000 | R_avg = 0.96777 | norm = 0.99966
  Step 1400/10000 | R_avg = 0.968267 | norm = 0.999633
  Step 1500/10000 | R_avg = 0.968201 | norm = 0.999606
  Step 1600/10000 | R_avg = 0.968059 | norm = 0.99958
  Step 1700/10000 | R_avg = 0.968162 | norm = 0.999553
  Step 1800/10000 | R_avg = 0.96816 | norm = 0.999526
  Step 1900/10000 | R_avg = 0.968123 | norm = 0.999499
  Step 2000/10000 | R_avg = 0.968143 | norm = 0.999472
  Step 2100/10000 | R_avg = 0.968152 | norm = 0.999445
  Step 2200/10000 | R_avg = 0.968158 | norm = 0.999418
  Step 2300/10000 | R_avg = 0.968211 | norm = 0.999392
  Step 2400/10000 | R_avg = 0.968117 | norm = 0.999366
  Saved spatial snapshot at t = 25 (step 2500)
  Step 2500/10000 | R_avg = 0.968139 | norm = 0.999341
  Step 2600/10000 | R_avg = 0.968164 | norm = 0.999316
  Step 2700/10000 | R_avg = 0.967842 | norm = 0.999292
  Step 2800/10000 | R_avg = 0.967839 | norm = 0.999268
  Step 2900/10000 | R_avg = 0.967935 | norm = 0.999244
  Step 3000/10000 | R_avg = 0.968174 | norm = 0.99922
  Step 3100/10000 | R_avg = 0.968142 | norm = 0.999197
  Step 3200/10000 | R_avg = 0.968136 | norm = 0.999173
  Step 3300/10000 | R_avg = 0.968163 | norm = 0.99915
  Step 3400/10000 | R_avg = 0.968099 | norm = 0.999126
  Step 3500/10000 | R_avg = 0.9682 | norm = 0.999102
  Step 3600/10000 | R_avg = 0.967963 | norm = 0.999077
  Step 3700/10000 | R_avg = 0.968018 | norm = 0.999052
  Step 3800/10000 | R_avg = 0.968215 | norm = 0.999028
  Step 3900/10000 | R_avg = 0.968156 | norm = 0.999003
  Step 4000/10000 | R_avg = 0.968157 | norm = 0.998978
  Step 4100/10000 | R_avg = 0.968098 | norm = 0.998953
  Step 4200/10000 | R_avg = 0.968107 | norm = 0.998929
  Step 4300/10000 | R_avg = 0.96819 | norm = 0.998904
  Step 4400/10000 | R_avg = 0.96809 | norm = 0.998878
  Step 4500/10000 | R_avg = 0.968111 | norm = 0.998853
  Step 4600/10000 | R_avg = 0.967919 | norm = 0.998828
  Step 4700/10000 | R_avg = 0.968012 | norm = 0.998803
  Step 4800/10000 | R_avg = 0.968155 | norm = 0.998779
  Step 4900/10000 | R_avg = 0.96805 | norm = 0.998754
  Saved spatial snapshot at t = 50 (step 5000)
  Step 5000/10000 | R_avg = 0.968141 | norm = 0.99873
  Step 5100/10000 | R_avg = 0.968143 | norm = 0.998705
  Step 5200/10000 | R_avg = 0.968168 | norm = 0.99868
  Step 5300/10000 | R_avg = 0.968162 | norm = 0.998655
  Step 5400/10000 | R_avg = 0.968009 | norm = 0.99863
  Step 5500/10000 | R_avg = 0.967877 | norm = 0.998605
  Step 5600/10000 | R_avg = 0.968161 | norm = 0.998581
  Step 5700/10000 | R_avg = 0.96814 | norm = 0.998556
  Step 5800/10000 | R_avg = 0.967876 | norm = 0.998531
  Step 5900/10000 | R_avg = 0.968185 | norm = 0.998506
  Step 6000/10000 | R_avg = 0.968033 | norm = 0.998481
  Step 6100/10000 | R_avg = 0.96814 | norm = 0.998455
  Step 6200/10000 | R_avg = 0.968161 | norm = 0.99843
  Step 6300/10000 | R_avg = 0.968212 | norm = 0.998404
  Step 6400/10000 | R_avg = 0.968131 | norm = 0.998379
  Step 6500/10000 | R_avg = 0.968183 | norm = 0.998353
  Step 6600/10000 | R_avg = 0.968154 | norm = 0.998327
  Step 6700/10000 | R_avg = 0.968098 | norm = 0.998302
  Step 6800/10000 | R_avg = 0.968162 | norm = 0.998276
  Step 6900/10000 | R_avg = 0.967994 | norm = 0.998251
  Step 7000/10000 | R_avg = 0.968064 | norm = 0.998225
  Step 7100/10000 | R_avg = 0.968081 | norm = 0.9982
  Step 7200/10000 | R_avg = 0.968163 | norm = 0.998175
  Step 7300/10000 | R_avg = 0.968138 | norm = 0.998149
  Step 7400/10000 | R_avg = 0.968043 | norm = 0.998124
  Saved spatial snapshot at t = 75 (step 7500)
  Step 7500/10000 | R_avg = 0.967909 | norm = 0.998099
  Step 7600/10000 | R_avg = 0.968137 | norm = 0.998073
  Step 7700/10000 | R_avg = 0.967951 | norm = 0.998048
  Step 7800/10000 | R_avg = 0.9682 | norm = 0.998023
  Step 7900/10000 | R_avg = 0.968192 | norm = 0.997998
  Step 8000/10000 | R_avg = 0.968168 | norm = 0.997973
  Step 8100/10000 | R_avg = 0.968128 | norm = 0.997948
  Step 8200/10000 | R_avg = 0.968074 | norm = 0.997923
  Step 8300/10000 | R_avg = 0.96811 | norm = 0.997898
  Step 8400/10000 | R_avg = 0.968207 | norm = 0.997874
  Step 8500/10000 | R_avg = 0.968116 | norm = 0.99785
  Step 8600/10000 | R_avg = 0.968151 | norm = 0.997826
  Step 8700/10000 | R_avg = 0.968181 | norm = 0.997802
  Step 8800/10000 | R_avg = 0.968131 | norm = 0.997777
  Step 8900/10000 | R_avg = 0.968109 | norm = 0.997752
  Step 9000/10000 | R_avg = 0.967959 | norm = 0.997728
  Step 9100/10000 | R_avg = 0.968157 | norm = 0.997704
  Step 9200/10000 | R_avg = 0.968234 | norm = 0.99768
  Step 9300/10000 | R_avg = 0.968173 | norm = 0.997657
  Step 9400/10000 | R_avg = 0.967979 | norm = 0.997633
  Step 9500/10000 | R_avg = 0.968143 | norm = 0.997609
  Step 9600/10000 | R_avg = 0.968128 | norm = 0.997586
  Step 9700/10000 | R_avg = 0.967875 | norm = 0.997562
  Step 9800/10000 | R_avg = 0.967904 | norm = 0.997538
  Step 9900/10000 | R_avg = 0.968064 | norm = 0.997514

===== Global Validation =====
✗ Global validation FAILED:
  ✗ Probability Conservation: ||ψ||² = 0.99749 (drift: 0.250985% from initial 1) ✗ FAIL (exceeds tolerance 0.01%)
  ✗ Energy Conservation: E_total = 1.20491 (drift: 1.92567% from initial 1.22857) ✗ FAIL (exceeds tolerance 1%)
  ✓ Order Parameter Bounds: R ∈ [1, 1] ✓ PASS (within [0,1])
  ✓ Causality: v = |p|/E = 0.0360252 (c = 1) ✓ PASS (v ≤ c)
  ✓ Numerical Stability: All fields finite ✓ PASS

===== Scenario 2.1: Defect Localization Validation =====
✗ Scenario validation FAILED:
  ✓ 1. θ(x,y,t=0) shows vortex structure (W = ±1): Winding number W = 1 ✓ PASS (|W| ≈ 1)
  ✗ 3. R(x,y,t=0) shows core (R_min < 0.5): R_min = 1 ✗ FAIL (expect R_min < 0.5)
  Norm validation: max_error = 0.00251002 ✗ FAIL
  Energy validation: max_drift = 0.0490571 ✗ FAIL
  Saved observables to /home/persist/neotec/0rigin/output/20251226_162530_defect_localization/N_100/observables.csv
Test failed for N=100

--- Validating Convergence ---
✓ Convergence validation PASSED
Tests failed for grid size 64

===== Tests Complete ====

[3/3] Generating report...

✓ Report saved to /home/persist/neotec/0rigin/output/20251226_162530_defect_localization/test_report.txt

===== Test Summary =====
✗ TESTS FAILED

Some validation criteria not met.
Check test report for details.
