[Logging] Console output for 64x64 writing to: /home/persist/neotec/0rigin/output/20251231_011642_lorentz_force_refined_timestep/console.log
  Dirac initialization (grid-independent):
    Position: (50, 50) ℓ_P
    Width: 3 ℓ_P
    Grid coordinates: (32, 32) grid units
    Grid width: 1.92 grid units
  Using Dirac solver (spinor field)
[DiracEvolution] Initialized 64x64 4-component spinor field (particle, β=1)
[DiracEvolution] Initialized Gaussian wavepacket at (32, 32) with σ=1.92
[SMFTEngine] Dirac field initialized: center=(32,32), sigma=1.92, norm=1
[DiracEvolution] Initialized 64x64 4-component spinor field (particle, β=1)
[DiracEvolution] Initialized Gaussian wavepacket at (32, 32) with σ=1.92
  Initial energy E0 = 0.237587
  Initial norm = 1

--- Initializing Test Particle for Lorentz Force ---
  Particle initialized at (55, 50) ℓ_P
  Initial velocity: (0, 0.01) c
  Charge: -1, Mass: 0.1 (natural units)
  Verified state: pos=(55,50), vel=(0,0.01)
[stepWithDirac] Strang splitting enabled:
  substep_ratio=1
  substep_dt=0.0001
  half_substeps=0
  remaining_substeps=1
[GPU EM Compute] 1 calls | Last: 202 μs | Avg: 202 μs | Grid: 64×64
  [Kuramoto Energy] grad_R: 0.012206, potential: -4095.16, total: -4095.15 (κ=1)
  Actual initial energy E0 = -4092.43 (from first observation including EM)
[DEBUG] Step 0: record_interval=5, record_every=5, save_every=5, record_trajectory=1, trajectory_size=0
  Using PURE uniform B-field: B_z = 0.1 (E = 0 everywhere)
  Step 0/100000 | R_avg = 0.999895 | norm = 1
[DEBUG] Step 5: record_interval=5, record_every=5, save_every=5, record_trajectory=1, trajectory_size=2
[DEBUG] Step 10: record_interval=5, record_every=5, save_every=5, record_trajectory=1, trajectory_size=3
[GPU EM Compute] 50 calls | Last: 106 μs | Avg: 87 μs | Grid: 64×64
  Step 50/100000 | R_avg = 0.999856 | norm = 0.999986
[GPU EM Compute] 100 calls | Last: 50 μs | Avg: 82 μs | Grid: 64×64
[DEBUG] Step 100: record_interval=5, record_every=5, save_every=5, record_trajectory=1, trajectory_size=21
  Step 100/100000 | R_avg = 0.99992 | norm = 0.999972
[GPU EM Compute] 150 calls | Last: 91 μs | Avg: 82 μs | Grid: 64×64
  Step 150/100000 | R_avg = 0.999863 | norm = 0.999957
[GPU EM Compute] 200 calls | Last: 99 μs | Avg: 82 μs | Grid: 64×64
  Step 200/100000 | R_avg = 0.999885 | norm = 0.999942
[GPU EM Compute] 250 calls | Last: 53 μs | Avg: 82 μs | Grid: 64×64
  Step 250/100000 | R_avg = 0.999876 | norm = 0.999928
[GPU EM Compute] 300 calls | Last: 48 μs | Avg: 81 μs | Grid: 64×64
  Step 300/100000 | R_avg = 0.999807 | norm = 0.999914
[GPU EM Compute] 350 calls | Last: 114 μs | Avg: 81 μs | Grid: 64×64
  Step 350/100000 | R_avg = 0.999867 | norm = 0.999899
[GPU EM Compute] 400 calls | Last: 68 μs | Avg: 81 μs | Grid: 64×64
  Step 400/100000 | R_avg = 0.999803 | norm = 0.999884
[GPU EM Compute] 450 calls | Last: 47 μs | Avg: 81 μs | Grid: 64×64
  Step 450/100000 | R_avg = 0.999951 | norm = 0.999869
[GPU EM Compute] 500 calls | Last: 104 μs | Avg: 81 μs | Grid: 64×64
  [Kuramoto Energy] grad_R: 0.0135976, potential: -4095.24, total: -4095.22 (κ=1)
  Step 500/100000 | R_avg = 0.999905 | norm = 0.999854
[GPU EM Compute] 550 calls | Last: 49 μs | Avg: 80 μs | Grid: 64×64
  Step 550/100000 | R_avg = 0.999846 | norm = 0.99984
[GPU EM Compute] 600 calls | Last: 45 μs | Avg: 80 μs | Grid: 64×64
  Step 600/100000 | R_avg = 0.999911 | norm = 0.999825
[GPU EM Compute] 650 calls | Last: 45 μs | Avg: 80 μs | Grid: 64×64
  Step 650/100000 | R_avg = 0.999896 | norm = 0.99981
[GPU EM Compute] 700 calls | Last: 106 μs | Avg: 80 μs | Grid: 64×64
  Step 700/100000 | R_avg = 0.999892 | norm = 0.999796
[GPU EM Compute] 750 calls | Last: 103 μs | Avg: 82 μs | Grid: 64×64
  Step 750/100000 | R_avg = 0.999886 | norm = 0.999782
[GPU EM Compute] 800 calls | Last: 92 μs | Avg: 82 μs | Grid: 64×64
  Step 800/100000 | R_avg = 0.999864 | norm = 0.999767
[GPU EM Compute] 850 calls | Last: 100 μs | Avg: 82 μs | Grid: 64×64
  Step 850/100000 | R_avg = 0.999844 | norm = 0.999753
[GPU EM Compute] 900 calls | Last: 46 μs | Avg: 82 μs | Grid: 64×64
  Step 900/100000 | R_avg = 0.999826 | norm = 0.999738
[GPU EM Compute] 950 calls | Last: 103 μs | Avg: 82 μs | Grid: 64×64
  Step 950/100000 | R_avg = 0.999763 | norm = 0.999723
[GPU EM Compute] 1000 calls | Last: 103 μs | Avg: 82 μs | Grid: 64×64
  [Kuramoto Energy] grad_R: 0.0193348, potential: -4094.8, total: -4094.78 (κ=1)
[DEBUG] Step 1000: record_interval=5, record_every=5, save_every=5, record_trajectory=1, trajectory_size=201
  Step 1000/100000 | R_avg = 0.99985 | norm = 0.999709
[GPU EM Compute] 1050 calls | Last: 100 μs | Avg: 81 μs | Grid: 64×64
  Step 1050/100000 | R_avg = 0.999818 | norm = 0.999695
[GPU EM Compute] 1100 calls | Last: 77 μs | Avg: 81 μs | Grid: 64×64
  Step 1100/100000 | R_avg = 0.999934 | norm = 0.99968
[GPU EM Compute] 1150 calls | Last: 102 μs | Avg: 81 μs | Grid: 64×64
  Step 1150/100000 | R_avg = 0.99988 | norm = 0.999665
[GPU EM Compute] 1200 calls | Last: 88 μs | Avg: 81 μs | Grid: 64×64
  Step 1200/100000 | R_avg = 0.999845 | norm = 0.999651
[GPU EM Compute] 1250 calls | Last: 53 μs | Avg: 81 μs | Grid: 64×64
  Step 1250/100000 | R_avg = 0.999875 | norm = 0.999636
[GPU EM Compute] 1300 calls | Last: 93 μs | Avg: 81 μs | Grid: 64×64
  Step 1300/100000 | R_avg = 0.99984 | norm = 0.999621
[GPU EM Compute] 1350 calls | Last: 128 μs | Avg: 81 μs | Grid: 64×64
  Step 1350/100000 | R_avg = 0.999794 | norm = 0.999607
[GPU EM Compute] 1400 calls | Last: 48 μs | Avg: 81 μs | Grid: 64×64
  Step 1400/100000 | R_avg = 0.999877 | norm = 0.999592
[GPU EM Compute] 1450 calls | Last: 58 μs | Avg: 81 μs | Grid: 64×64
  Step 1450/100000 | R_avg = 0.999874 | norm = 0.999577
[GPU EM Compute] 1500 calls | Last: 104 μs | Avg: 81 μs | Grid: 64×64
  [Kuramoto Energy] grad_R: 0.0216566, potential: -4094.52, total: -4094.5 (κ=1)
  Step 1500/100000 | R_avg = 0.999816 | norm = 0.999563
[GPU EM Compute] 1550 calls | Last: 46 μs | Avg: 81 μs | Grid: 64×64
  Step 1550/100000 | R_avg = 0.999861 | norm = 0.999548
[GPU EM Compute] 1600 calls | Last: 51 μs | Avg: 81 μs | Grid: 64×64
  Step 1600/100000 | R_avg = 0.999904 | norm = 0.999533
[GPU EM Compute] 1650 calls | Last: 59 μs | Avg: 81 μs | Grid: 64×64
  Step 1650/100000 | R_avg = 0.999819 | norm = 0.999518
[GPU EM Compute] 1700 calls | Last: 93 μs | Avg: 81 μs | Grid: 64×64
  Step 1700/100000 | R_avg = 0.99989 | norm = 0.999503
[GPU EM Compute] 1750 calls | Last: 102 μs | Avg: 81 μs | Grid: 64×64
  Step 1750/100000 | R_avg = 0.999881 | norm = 0.999487
[GPU EM Compute] 1800 calls | Last: 101 μs | Avg: 81 μs | Grid: 64×64
  Step 1800/100000 | R_avg = 0.999915 | norm = 0.999472
[GPU EM Compute] 1850 calls | Last: 53 μs | Avg: 81 μs | Grid: 64×64
  Step 1850/100000 | R_avg = 0.999763 | norm = 0.999457
[GPU EM Compute] 1900 calls | Last: 104 μs | Avg: 81 μs | Grid: 64×64
  Step 1900/100000 | R_avg = 0.999882 | norm = 0.999442
[GPU EM Compute] 1950 calls | Last: 48 μs | Avg: 81 μs | Grid: 64×64
  Step 1950/100000 | R_avg = 0.999897 | norm = 0.999427
[GPU EM Compute] 2000 calls | Last: 64 μs | Avg: 81 μs | Grid: 64×64
  [Kuramoto Energy] grad_R: 0.0106001, potential: -4095.29, total: -4095.28 (κ=1)
  Step 2000/100000 | R_avg = 0.999911 | norm = 0.999411
[GPU EM Compute] 2050 calls | Last: 94 μs | Avg: 81 μs | Grid: 64×64
  Step 2050/100000 | R_avg = 0.999929 | norm = 0.999396
[GPU EM Compute] 2100 calls | Last: 103 μs | Avg: 81 μs | Grid: 64×64
  Step 2100/100000 | R_avg = 0.999849 | norm = 0.99938
[GPU EM Compute] 2150 calls | Last: 103 μs | Avg: 81 μs | Grid: 64×64
  Step 2150/100000 | R_avg = 0.999847 | norm = 0.999365
[GPU EM Compute] 2200 calls | Last: 91 μs | Avg: 81 μs | Grid: 64×64
  Step 2200/100000 | R_avg = 0.999838 | norm = 0.99935
[GPU EM Compute] 2250 calls | Last: 46 μs | Avg: 81 μs | Grid: 64×64
  Step 2250/100000 | R_avg = 0.999881 | norm = 0.999334
[GPU EM Compute] 2300 calls | Last: 47 μs | Avg: 81 μs | Grid: 64×64
  Step 2300/100000 | R_avg = 0.999942 | norm = 0.999319
[GPU EM Compute] 2350 calls | Last: 91 μs | Avg: 81 μs | Grid: 64×64
  Step 2350/100000 | R_avg = 0.999865 | norm = 0.999303
[GPU EM Compute] 2400 calls | Last: 65 μs | Avg: 81 μs | Grid: 64×64
  Step 2400/100000 | R_avg = 0.999888 | norm = 0.999288
[GPU EM Compute] 2450 calls | Last: 93 μs | Avg: 81 μs | Grid: 64×64
  Step 2450/100000 | R_avg = 0.999885 | norm = 0.999272
[GPU EM Compute] 2500 calls | Last: 64 μs | Avg: 81 μs | Grid: 64×64
  [Kuramoto Energy] grad_R: 0.0240458, potential: -4094.4, total: -4094.38 (κ=1)
  Step 2500/100000 | R_avg = 0.999801 | norm = 0.999257
[GPU EM Compute] 2550 calls | Last: 47 μs | Avg: 81 μs | Grid: 64×64
  Step 2550/100000 | R_avg = 0.999853 | norm = 0.999242
[GPU EM Compute] 2600 calls | Last: 51 μs | Avg: 81 μs | Grid: 64×64
  Step 2600/100000 | R_avg = 0.999892 | norm = 0.999227
[GPU EM Compute] 2650 calls | Last: 50 μs | Avg: 81 μs | Grid: 64×64
  Step 2650/100000 | R_avg = 0.999952 | norm = 0.999212
[GPU EM Compute] 2700 calls | Last: 97 μs | Avg: 81 μs | Grid: 64×64
  Step 2700/100000 | R_avg = 0.999858 | norm = 0.999197
[GPU EM Compute] 2750 calls | Last: 61 μs | Avg: 81 μs | Grid: 64×64
  Step 2750/100000 | R_avg = 0.999897 | norm = 0.999182
[GPU EM Compute] 2800 calls | Last: 71 μs | Avg: 81 μs | Grid: 64×64
  Step 2800/100000 | R_avg = 0.999863 | norm = 0.999167
[GPU EM Compute] 2850 calls | Last: 111 μs | Avg: 81 μs | Grid: 64×64
  Step 2850/100000 | R_avg = 0.999878 | norm = 0.999152
[GPU EM Compute] 2900 calls | Last: 103 μs | Avg: 81 μs | Grid: 64×64
  Step 2900/100000 | R_avg = 0.999936 | norm = 0.999137
[GPU EM Compute] 2950 calls | Last: 103 μs | Avg: 81 μs | Grid: 64×64
  Step 2950/100000 | R_avg = 0.999906 | norm = 0.999122
[GPU EM Compute] 3000 calls | Last: 49 μs | Avg: 81 μs | Grid: 64×64
  [Kuramoto Energy] grad_R: 0.0123461, potential: -4095.14, total: -4095.13 (κ=1)
  Step 3000/100000 | R_avg = 0.999893 | norm = 0.999107
[GPU EM Compute] 3050 calls | Last: 106 μs | Avg: 81 μs | Grid: 64×64
  Step 3050/100000 | R_avg = 0.9999 | norm = 0.999092
[GPU EM Compute] 3100 calls | Last: 99 μs | Avg: 81 μs | Grid: 64×64
  Step 3100/100000 | R_avg = 0.999905 | norm = 0.999077
[GPU EM Compute] 3150 calls | Last: 93 μs | Avg: 81 μs | Grid: 64×64
  Step 3150/100000 | R_avg = 0.999854 | norm = 0.999061
[GPU EM Compute] 3200 calls | Last: 92 μs | Avg: 81 μs | Grid: 64×64
  Step 3200/100000 | R_avg = 0.999883 | norm = 0.999046
[GPU EM Compute] 3250 calls | Last: 59 μs | Avg: 81 μs | Grid: 64×64
  Step 3250/100000 | R_avg = 0.999928 | norm = 0.99903
[GPU EM Compute] 3300 calls | Last: 91 μs | Avg: 81 μs | Grid: 64×64
  Step 3300/100000 | R_avg = 0.99981 | norm = 0.999015
[GPU EM Compute] 3350 calls | Last: 92 μs | Avg: 81 μs | Grid: 64×64
  Step 3350/100000 | R_avg = 0.999946 | norm = 0.998999
[GPU EM Compute] 3400 calls | Last: 108 μs | Avg: 81 μs | Grid: 64×64
  Step 3400/100000 | R_avg = 0.999859 | norm = 0.998984
