[Logging] Console output for 64x64 v=0.3c writing to: /home/persist/neotec/0rigin/output/20251228_044054_em_coupling_uniform_field_64x64_v0.3/console.log

--- Testing with N=1 ---
  Dirac initialization (grid-independent):
    Position: (50, 50) ℓ_P
    Width: 3 ℓ_P
    Grid coordinates: (32, 32) grid units
    Grid width: 1.92 grid units
  Using Dirac solver (spinor field) with boosted initialization
    Background R (expected): 1
[DiracEvolution] Initialized 64x64 4-component spinor field (particle, β=1)
[SMFT] Boosted Gaussian initialization:
  Position: (32, 32) grid units
  Width: σ = 1.92 grid units
  Velocity: v = (0.3, 0)c
  |v| = 0.3c
  Lorentz factor: γ = 1.04828
  Rest mass: m₀ = Δ·R = 1 × 1 = 1 m_P
  Momentum: p = (0.314485, 0) m_P·c
  |p| = 0.314485 m_P·c
  Pre-normalization: ∫|Ψ|² = 23.1623
  Normalization factor: 4.81273
[DiracEvolution] Initialized Gaussian wavepacket at (32, 32) with σ=1.92
  Final norm: ||Ψ||² = 1
  Initial position: <r> = (32, 32)
✓ Boosted Gaussian initialized
[SMFTEngine] Boosted Dirac field initialized: center=(32,32), sigma=1.92, boost=(0.3,0)c, norm=1, <r>=(32,32)
[DiracEvolution] Initialized 64x64 4-component spinor field (particle, β=1)
[SMFT] Boosted Gaussian initialization:
  Position: (32, 32) grid units
  Width: σ = 1.92 grid units
  Velocity: v = (0.3, 0)c
  |v| = 0.3c
  Lorentz factor: γ = 1.04828
  Rest mass: m₀ = Δ·R = 1 × 1 = 1 m_P
  Momentum: p = (0.314485, 0) m_P·c
  |p| = 0.314485 m_P·c
  Pre-normalization: ∫|Ψ|² = 23.1623
  Normalization factor: 4.81273
[DiracEvolution] Initialized Gaussian wavepacket at (32, 32) with σ=1.92
  Final norm: ||Ψ||² = 1
  Initial position: <r> = (32, 32)
✓ Boosted Gaussian initialized
  Initial energy E0 = 1.31054
  Initial norm = 1
[stepWithDirac] Strang splitting enabled:
  substep_ratio=1
  substep_dt=0.01
  half_substeps=0
  remaining_substeps=1
  Saved spatial snapshot at t = 0 (step 0)
  Step 0/2000 | R_avg = 0.999736 | norm = 1
  Step 100/2000 | R_avg = 0.999589 | norm = 0.999978
  Step 200/2000 | R_avg = 0.999555 | norm = 0.999952
  Step 300/2000 | R_avg = 0.999794 | norm = 0.999924
  Step 400/2000 | R_avg = 0.999735 | norm = 0.999896
  Step 500/2000 | R_avg = 0.999808 | norm = 0.999868
  Step 600/2000 | R_avg = 0.999719 | norm = 0.999839
  Step 700/2000 | R_avg = 0.99976 | norm = 0.999809
  Step 800/2000 | R_avg = 0.999727 | norm = 0.999779
  Step 900/2000 | R_avg = 0.999729 | norm = 0.999749
  Step 1000/2000 | R_avg = 0.999737 | norm = 0.999719
  Step 1100/2000 | R_avg = 0.99918 | norm = 0.999689
  Step 1200/2000 | R_avg = 0.999549 | norm = 0.999659
  Step 1300/2000 | R_avg = 0.999784 | norm = 0.999628
  Step 1400/2000 | R_avg = 0.999812 | norm = 0.999599
  Step 1500/2000 | R_avg = 0.99983 | norm = 0.99957
  Step 1600/2000 | R_avg = 0.999727 | norm = 0.999542
  Step 1700/2000 | R_avg = 0.999741 | norm = 0.999514
  Step 1800/2000 | R_avg = 0.999745 | norm = 0.999484
  Step 1900/2000 | R_avg = 0.999759 | norm = 0.999455

===== Global Validation =====
✓ Global validation PASSED
  ✓ Probability Conservation: ||ψ||² = 0.999426 (drift: 0.0574025% from initial 1) ✓ PASS
  ✓ Energy Conservation: E_total = 1.3077 (drift: 0.120286% from initial 1.30613) ✓ PASS
  ✓ Order Parameter Bounds: R ∈ [1, 1] ✓ PASS (within [0,1])
  ✓ Causality: v = |p|/E = 0.219298 (c = 1) ✓ PASS (v ≤ c)
  ✓ Numerical Stability: All fields finite ✓ PASS
  Norm validation: max_error = 0.000574116 ✓ PASS
  Energy validation: max_drift = 0.00306324 ✓ PASS
  Saved observables to /home/persist/neotec/0rigin/output/20251228_044054_em_coupling_uniform_field_64x64_v0.3/N_1/observables.csv

--- Testing with N=10 ---
  Dirac initialization (grid-independent):
    Position: (50, 50) ℓ_P
    Width: 3 ℓ_P
    Grid coordinates: (32, 32) grid units
    Grid width: 1.92 grid units
  Using Dirac solver (spinor field) with boosted initialization
    Background R (expected): 1
[SMFT] Boosted Gaussian initialization:
  Position: (32, 32) grid units
  Width: σ = 1.92 grid units
  Velocity: v = (0.3, 0)c
  |v| = 0.3c
  Lorentz factor: γ = 1.04828
  Rest mass: m₀ = Δ·R = 1 × 1 = 1 m_P
  Momentum: p = (0.314485, 0) m_P·c
  |p| = 0.314485 m_P·c
  Pre-normalization: ∫|Ψ|² = 23.1623
  Normalization factor: 4.81273
[DiracEvolution] Initialized Gaussian wavepacket at (32, 32) with σ=1.92
  Final norm: ||Ψ||² = 1
  Initial position: <r> = (32, 32)
✓ Boosted Gaussian initialized
[SMFTEngine] Boosted Dirac field initialized: center=(32,32), sigma=1.92, boost=(0.3,0)c, norm=1, <r>=(32,32)
[DiracEvolution] Initialized 64x64 4-component spinor field (particle, β=1)
[SMFT] Boosted Gaussian initialization:
  Position: (32, 32) grid units
  Width: σ = 1.92 grid units
  Velocity: v = (0.3, 0)c
  |v| = 0.3c
  Lorentz factor: γ = 1.04828
  Rest mass: m₀ = Δ·R = 1 × 1 = 1 m_P
  Momentum: p = (0.314485, 0) m_P·c
  |p| = 0.314485 m_P·c
  Pre-normalization: ∫|Ψ|² = 23.1623
  Normalization factor: 4.81273
[DiracEvolution] Initialized Gaussian wavepacket at (32, 32) with σ=1.92
  Final norm: ||Ψ||² = 1
  Initial position: <r> = (32, 32)
✓ Boosted Gaussian initialized
  Initial energy E0 = 1.31054
  Initial norm = 1
  Saved spatial snapshot at t = 0 (step 0)
  Step 0/2000 | R_avg = 0.999757 | norm = 1
  Step 100/2000 | R_avg = 0.999573 | norm = 0.999978
  Step 200/2000 | R_avg = 0.999805 | norm = 0.999952
  Step 300/2000 | R_avg = 0.999829 | norm = 0.999923
  Step 400/2000 | R_avg = 0.999565 | norm = 0.999895
  Step 500/2000 | R_avg = 0.999741 | norm = 0.999867
  Step 600/2000 | R_avg = 0.999837 | norm = 0.999837
  Step 700/2000 | R_avg = 0.999764 | norm = 0.999807
  Step 800/2000 | R_avg = 0.999797 | norm = 0.999778
  Step 900/2000 | R_avg = 0.999575 | norm = 0.999748
  Step 1000/2000 | R_avg = 0.999815 | norm = 0.999717
  Step 1100/2000 | R_avg = 0.999722 | norm = 0.999687
  Step 1200/2000 | R_avg = 0.999799 | norm = 0.999657
  Step 1300/2000 | R_avg = 0.999794 | norm = 0.999627
  Step 1400/2000 | R_avg = 0.99918 | norm = 0.999597
  Step 1500/2000 | R_avg = 0.999752 | norm = 0.999567
  Step 1600/2000 | R_avg = 0.999815 | norm = 0.999539
  Step 1700/2000 | R_avg = 0.999758 | norm = 0.999511
  Step 1800/2000 | R_avg = 0.999741 | norm = 0.999482
  Step 1900/2000 | R_avg = 0.999795 | norm = 0.999453

===== Global Validation =====
✓ Global validation PASSED
  ✓ Probability Conservation: ||ψ||² = 0.999424 (drift: 0.0575885% from initial 1) ✓ PASS
  ✓ Energy Conservation: E_total = 1.30762 (drift: 0.255094% from initial 1.30429) ✓ PASS
  ✓ Order Parameter Bounds: R ∈ [1, 1] ✓ PASS (within [0,1])
  ✓ Causality: v = |p|/E = 0.218833 (c = 1) ✓ PASS (v ≤ c)
  ✓ Numerical Stability: All fields finite ✓ PASS
  Norm validation: max_error = 0.000576003 ✓ PASS
  Energy validation: max_drift = 0.00475715 ✓ PASS
  Saved observables to /home/persist/neotec/0rigin/output/20251228_044054_em_coupling_uniform_field_64x64_v0.3/N_10/observables.csv

--- Testing with N=100 ---
  Dirac initialization (grid-independent):
    Position: (50, 50) ℓ_P
    Width: 3 ℓ_P
    Grid coordinates: (32, 32) grid units
    Grid width: 1.92 grid units
  Using Dirac solver (spinor field) with boosted initialization
    Background R (expected): 1
[SMFT] Boosted Gaussian initialization:
  Position: (32, 32) grid units
  Width: σ = 1.92 grid units
  Velocity: v = (0.3, 0)c
  |v| = 0.3c
  Lorentz factor: γ = 1.04828
  Rest mass: m₀ = Δ·R = 1 × 1 = 1 m_P
  Momentum: p = (0.314485, 0) m_P·c
  |p| = 0.314485 m_P·c
  Pre-normalization: ∫|Ψ|² = 23.1623
  Normalization factor: 4.81273
[DiracEvolution] Initialized Gaussian wavepacket at (32, 32) with σ=1.92
  Final norm: ||Ψ||² = 1
  Initial position: <r> = (32, 32)
✓ Boosted Gaussian initialized
[SMFTEngine] Boosted Dirac field initialized: center=(32,32), sigma=1.92, boost=(0.3,0)c, norm=1, <r>=(32,32)
[DiracEvolution] Initialized 64x64 4-component spinor field (particle, β=1)
[SMFT] Boosted Gaussian initialization:
  Position: (32, 32) grid units
  Width: σ = 1.92 grid units
  Velocity: v = (0.3, 0)c
  |v| = 0.3c
  Lorentz factor: γ = 1.04828
  Rest mass: m₀ = Δ·R = 1 × 1 = 1 m_P
  Momentum: p = (0.314485, 0) m_P·c
  |p| = 0.314485 m_P·c
  Pre-normalization: ∫|Ψ|² = 23.1623
  Normalization factor: 4.81273
[DiracEvolution] Initialized Gaussian wavepacket at (32, 32) with σ=1.92
  Final norm: ||Ψ||² = 1
  Initial position: <r> = (32, 32)
✓ Boosted Gaussian initialized
  Initial energy E0 = 1.31054
  Initial norm = 1
  Saved spatial snapshot at t = 0 (step 0)
  Step 0/2000 | R_avg = 0.999555 | norm = 1
  Step 100/2000 | R_avg = 0.999793 | norm = 0.999977
  Step 200/2000 | R_avg = 0.99981 | norm = 0.999952
  Step 300/2000 | R_avg = 0.999791 | norm = 0.999924
  Step 400/2000 | R_avg = 0.999758 | norm = 0.999896
  Step 500/2000 | R_avg = 0.999744 | norm = 0.999867
  Step 600/2000 | R_avg = 0.999781 | norm = 0.999838
  Step 700/2000 | R_avg = 0.999735 | norm = 0.999808
  Step 800/2000 | R_avg = 0.999735 | norm = 0.999778
  Step 900/2000 | R_avg = 0.999619 | norm = 0.999748
  Step 1000/2000 | R_avg = 0.999741 | norm = 0.999718
  Step 1100/2000 | R_avg = 0.999879 | norm = 0.999688
  Step 1200/2000 | R_avg = 0.999559 | norm = 0.999657
  Step 1300/2000 | R_avg = 0.999739 | norm = 0.999627
  Step 1400/2000 | R_avg = 0.999781 | norm = 0.999597
  Step 1500/2000 | R_avg = 0.999567 | norm = 0.999568
  Step 1600/2000 | R_avg = 0.999762 | norm = 0.99954
  Step 1700/2000 | R_avg = 0.999546 | norm = 0.999512
  Step 1800/2000 | R_avg = 0.999813 | norm = 0.999483
  Step 1900/2000 | R_avg = 0.99955 | norm = 0.999453

===== Global Validation =====
✓ Global validation PASSED
  ✓ Probability Conservation: ||ψ||² = 0.999424 (drift: 0.057575% from initial 1) ✓ PASS
  ✓ Energy Conservation: E_total = 1.30746 (drift: 0.24296% from initial 1.30429) ✓ PASS
  ✓ Order Parameter Bounds: R ∈ [1, 1] ✓ PASS (within [0,1])
  ✓ Causality: v = |p|/E = 0.219085 (c = 1) ✓ PASS (v ≤ c)
  ✓ Numerical Stability: All fields finite ✓ PASS
  Norm validation: max_error = 0.000575858 ✓ PASS
  Energy validation: max_drift = 0.00452164 ✓ PASS
  Saved observables to /home/persist/neotec/0rigin/output/20251228_044054_em_coupling_uniform_field_64x64_v0.3/N_100/observables.csv

--- Validating Convergence ---
✓ Convergence validation PASSED

========================================
Velocity: v=0.5c
========================================

Initializing engine for 64×64 grid, velocity v=0.5c...
[SMFTEngine] Resources cleanup delegated to component managers

[SMFTEngine] Physical Interpretation:
  Vacuum potential Δ = 1 (Planck mass in natural units)
  Synchronization field R(x) → Emergent spacetime metric
  Mass field m(x) = Δ·R(x) → Local energy density
  ∇R(x) → Gravitational field (not separate force)
  Grid: 64 x 64 oscillators

[SMFTEngine] Created GPU buffers for 64x64 grid
  Phase buffers: 16384 bytes each
  Spinor buffer: 131072 bytes
  Accumulator buffers: 16384 bytes each (operator splitting)
[SMFTEngine] Created compute pipelines
  ✓ Kuramoto pipeline
  ✓ Sync field pipeline
  ✓ Gravity field pipeline
  ✓ Stochastic Kuramoto pipeline
  ✓ Stochastic Dirac pipeline
  ✓ Accumulation pipeline (operator splitting)
Created experiment directory: /home/persist/neotec/0rigin/output/20251228_044202_em_coupling_uniform_field_64x64_v0.5
[OutputManager] Created timestamped directory: /home/persist/neotec/0rigin/output/20251228_044202_em_coupling_uniform_field_64x64_v0.5
