[Logging] Console output for 128x128 v=0.5c writing to: /home/persist/neotec/0rigin/output/20251224_162226_scenario_2.6A_energy_momentum_relation_128x128_v0.5/console.log

--- Testing with N=1 ---
  Dirac initialization (grid-independent):
    Position: (50, 50) ℓ_P
    Width: 3 ℓ_P
    Grid coordinates: (64, 64) grid units
    Grid width: 3.84 grid units
  Using Dirac solver (spinor field) with boosted initialization
    Background R (expected): 1
[DiracEvolution] Initialized 128x128 4-component spinor field (particle, β=1)
[SMFT] Boosted Gaussian initialization:
  Position: (64, 64) grid units
  Width: σ = 3.84 grid units
  Velocity: v = (0.5, 0)c
  |v| = 0.5c
  Lorentz factor: γ = 1.1547
  Rest mass: m₀ = Δ·R = 1 × 1 = 1 m_P
  Momentum: p = (0.57735, 0) m_P·c
  |p| = 0.57735 m_P·c
  Pre-normalization: ∫|Ψ|² = 92.6492
  Normalization factor: 9.62545
[DiracEvolution] Initialized Gaussian wavepacket at (64, 64) with σ=3.84
  Final norm: ||Ψ||² = 1
  Initial position: <r> = (64, 64)
✓ Boosted Gaussian initialized
[SMFTEngine] Boosted Dirac field initialized: center=(64,64), sigma=3.84, boost=(0.5,0)c, norm=1, <r>=(64,64)
[DiracEvolution] Initialized 128x128 4-component spinor field (particle, β=1)
[SMFT] Boosted Gaussian initialization:
  Position: (64, 64) grid units
  Width: σ = 3.84 grid units
  Velocity: v = (0.5, 0)c
  |v| = 0.5c
  Lorentz factor: γ = 1.1547
  Rest mass: m₀ = Δ·R = 1 × 1 = 1 m_P
  Momentum: p = (0.57735, 0) m_P·c
  |p| = 0.57735 m_P·c
  Pre-normalization: ∫|Ψ|² = 92.6492
  Normalization factor: 9.62545
[DiracEvolution] Initialized Gaussian wavepacket at (64, 64) with σ=3.84
  Final norm: ||Ψ||² = 1
  Initial position: <r> = (64, 64)
✓ Boosted Gaussian initialized
  Initial energy E0 = 0.343939
  Initial norm = 1
  Step 0/10000 | R_avg = 0.999856 | norm = 1
  Step 100/10000 | R_avg = 0.999758 | norm = 0.999976
  Step 200/10000 | R_avg = 0.99984 | norm = 0.99995
  Step 300/10000 | R_avg = 0.999843 | norm = 0.999923
  Step 400/10000 | R_avg = 0.999823 | norm = 0.999896
  Step 500/10000 | R_avg = 0.999827 | norm = 0.999868
  Step 600/10000 | R_avg = 0.999723 | norm = 0.999839
  Step 700/10000 | R_avg = 0.999732 | norm = 0.99981
  Step 800/10000 | R_avg = 0.999788 | norm = 0.99978
  Step 900/10000 | R_avg = 0.999812 | norm = 0.999749
  Step 1000/10000 | R_avg = 0.999758 | norm = 0.999719
  Step 1100/10000 | R_avg = 0.999836 | norm = 0.999689
  Step 1200/10000 | R_avg = 0.999712 | norm = 0.999658
  Step 1300/10000 | R_avg = 0.999825 | norm = 0.999627
  Step 1400/10000 | R_avg = 0.999871 | norm = 0.999596
  Step 1500/10000 | R_avg = 0.999735 | norm = 0.999565
  Step 1600/10000 | R_avg = 0.999755 | norm = 0.999535
  Step 1700/10000 | R_avg = 0.999802 | norm = 0.999504
  Step 1800/10000 | R_avg = 0.999876 | norm = 0.999473
  Step 1900/10000 | R_avg = 0.999828 | norm = 0.999442
  Step 2000/10000 | R_avg = 0.999734 | norm = 0.999411
  Step 2100/10000 | R_avg = 0.999839 | norm = 0.999379
  Step 2200/10000 | R_avg = 0.999818 | norm = 0.999348
  Step 2300/10000 | R_avg = 0.999821 | norm = 0.999316
  Step 2400/10000 | R_avg = 0.999854 | norm = 0.999284
  Step 2500/10000 | R_avg = 0.999756 | norm = 0.999252
  Step 2600/10000 | R_avg = 0.999807 | norm = 0.99922
  Step 2700/10000 | R_avg = 0.999796 | norm = 0.999189
  Step 2800/10000 | R_avg = 0.999745 | norm = 0.999157
  Step 2900/10000 | R_avg = 0.999857 | norm = 0.999127
  Step 3000/10000 | R_avg = 0.999742 | norm = 0.999096
  Step 3100/10000 | R_avg = 0.999794 | norm = 0.999067
  Step 3200/10000 | R_avg = 0.999874 | norm = 0.999038
  Step 3300/10000 | R_avg = 0.999852 | norm = 0.999009
  Step 3400/10000 | R_avg = 0.999825 | norm = 0.99898
  Step 3500/10000 | R_avg = 0.999831 | norm = 0.998951
  Step 3600/10000 | R_avg = 0.999755 | norm = 0.998921
  Step 3700/10000 | R_avg = 0.999768 | norm = 0.998891
  Step 3800/10000 | R_avg = 0.999833 | norm = 0.99886
  Step 3900/10000 | R_avg = 0.999809 | norm = 0.998829
  Step 4000/10000 | R_avg = 0.999745 | norm = 0.998798
  Step 4100/10000 | R_avg = 0.999767 | norm = 0.998766
  Step 4200/10000 | R_avg = 0.999819 | norm = 0.998733
  Step 4300/10000 | R_avg = 0.999856 | norm = 0.998701
  Step 4400/10000 | R_avg = 0.999754 | norm = 0.998669
  Step 4500/10000 | R_avg = 0.999835 | norm = 0.998636
  Step 4600/10000 | R_avg = 0.999807 | norm = 0.998604
  Step 4700/10000 | R_avg = 0.999839 | norm = 0.998572
  Step 4800/10000 | R_avg = 0.999856 | norm = 0.99854
  Step 4900/10000 | R_avg = 0.99987 | norm = 0.998508
  Step 5000/10000 | R_avg = 0.999867 | norm = 0.998476
  Step 5100/10000 | R_avg = 0.99975 | norm = 0.998443
  Step 5200/10000 | R_avg = 0.999804 | norm = 0.998411
  Step 5300/10000 | R_avg = 0.999817 | norm = 0.998378
  Step 5400/10000 | R_avg = 0.999754 | norm = 0.998346
  Step 5500/10000 | R_avg = 0.999738 | norm = 0.998313
  Step 5600/10000 | R_avg = 0.99986 | norm = 0.998281
  Step 5700/10000 | R_avg = 0.999868 | norm = 0.998248
  Step 5800/10000 | R_avg = 0.999847 | norm = 0.998215
  Step 5900/10000 | R_avg = 0.999793 | norm = 0.998183
  Step 6000/10000 | R_avg = 0.99975 | norm = 0.998151
  Step 6100/10000 | R_avg = 0.999794 | norm = 0.99812
  Step 6200/10000 | R_avg = 0.99983 | norm = 0.998089
  Step 6300/10000 | R_avg = 0.999811 | norm = 0.998058
  Step 6400/10000 | R_avg = 0.999815 | norm = 0.998028
  Step 6500/10000 | R_avg = 0.99979 | norm = 0.997998
  Step 6600/10000 | R_avg = 0.999779 | norm = 0.997969
  Step 6700/10000 | R_avg = 0.999862 | norm = 0.997939
  Step 6800/10000 | R_avg = 0.999819 | norm = 0.997909
  Step 6900/10000 | R_avg = 0.999845 | norm = 0.997878
  Step 7000/10000 | R_avg = 0.999755 | norm = 0.997847
  Step 7100/10000 | R_avg = 0.99982 | norm = 0.997816
  Step 7200/10000 | R_avg = 0.999758 | norm = 0.997785
  Step 7300/10000 | R_avg = 0.999814 | norm = 0.997753
  Step 7400/10000 | R_avg = 0.999845 | norm = 0.997721
  Step 7500/10000 | R_avg = 0.999821 | norm = 0.997689
  Step 7600/10000 | R_avg = 0.999851 | norm = 0.997657
  Step 7700/10000 | R_avg = 0.999795 | norm = 0.997625
  Step 7800/10000 | R_avg = 0.999825 | norm = 0.997593
  Step 7900/10000 | R_avg = 0.999757 | norm = 0.997561
  Step 8000/10000 | R_avg = 0.999825 | norm = 0.997529
  Step 8100/10000 | R_avg = 0.999883 | norm = 0.997497
  Step 8200/10000 | R_avg = 0.999784 | norm = 0.997465
  Step 8300/10000 | R_avg = 0.999819 | norm = 0.997433
  Step 8400/10000 | R_avg = 0.999811 | norm = 0.997401
  Step 8500/10000 | R_avg = 0.999794 | norm = 0.997369
  Step 8600/10000 | R_avg = 0.999738 | norm = 0.997337
  Step 8700/10000 | R_avg = 0.999871 | norm = 0.997304
  Step 8800/10000 | R_avg = 0.99975 | norm = 0.997272
  Step 8900/10000 | R_avg = 0.99975 | norm = 0.99724
  Step 9000/10000 | R_avg = 0.999801 | norm = 0.997207
  Step 9100/10000 | R_avg = 0.999838 | norm = 0.997175
  Step 9200/10000 | R_avg = 0.999848 | norm = 0.997144
  Step 9300/10000 | R_avg = 0.999892 | norm = 0.997112
  Step 9400/10000 | R_avg = 0.999817 | norm = 0.997081
  Step 9500/10000 | R_avg = 0.999882 | norm = 0.997051
  Step 9600/10000 | R_avg = 0.999747 | norm = 0.997021
  Step 9700/10000 | R_avg = 0.999753 | norm = 0.996991
  Step 9800/10000 | R_avg = 0.999822 | norm = 0.996961
  Step 9900/10000 | R_avg = 0.999845 | norm = 0.996931

===== Global Validation =====
✓ Global validation PASSED
  ✓ Probability Conservation: ||ψ||² = 0.996902 (drift: 0.309903% from initial 1) ✓ PASS
  ✓ Energy Conservation: E_total = 1.3389 (drift: 0.300695% from initial 1.34294) ✓ PASS
  ✓ Order Parameter Bounds: R ∈ [0, 0] ✓ PASS (within [0,1])
  ✓ Causality: v = |p|/E = 0.399169 (c = 1) ✓ PASS (v ≤ c)
  ✓ Numerical Stability: All fields finite ✓ PASS
  Norm validation: max_error = 0.00309818 ✓ PASS
  Energy validation: max_drift = 0.00309928 ✓ PASS
  Saved observables to /home/persist/neotec/0rigin/output/20251224_162226_scenario_2.6A_energy_momentum_relation_128x128_v0.5/N_1/observables.csv

--- Testing with N=10 ---
  Dirac initialization (grid-independent):
    Position: (50, 50) ℓ_P
    Width: 3 ℓ_P
    Grid coordinates: (64, 64) grid units
    Grid width: 3.84 grid units
  Using Dirac solver (spinor field) with boosted initialization
    Background R (expected): 1
[SMFT] Boosted Gaussian initialization:
  Position: (64, 64) grid units
  Width: σ = 3.84 grid units
  Velocity: v = (0.5, 0)c
  |v| = 0.5c
  Lorentz factor: γ = 1.1547
  Rest mass: m₀ = Δ·R = 1 × 1 = 1 m_P
  Momentum: p = (0.57735, 0) m_P·c
  |p| = 0.57735 m_P·c
  Pre-normalization: ∫|Ψ|² = 92.6492
  Normalization factor: 9.62545
[DiracEvolution] Initialized Gaussian wavepacket at (64, 64) with σ=3.84
  Final norm: ||Ψ||² = 1
  Initial position: <r> = (64, 64)
✓ Boosted Gaussian initialized
[SMFTEngine] Boosted Dirac field initialized: center=(64,64), sigma=3.84, boost=(0.5,0)c, norm=1, <r>=(64,64)
[DiracEvolution] Initialized 128x128 4-component spinor field (particle, β=1)
[SMFT] Boosted Gaussian initialization:
  Position: (64, 64) grid units
  Width: σ = 3.84 grid units
  Velocity: v = (0.5, 0)c
  |v| = 0.5c
  Lorentz factor: γ = 1.1547
  Rest mass: m₀ = Δ·R = 1 × 1 = 1 m_P
  Momentum: p = (0.57735, 0) m_P·c
  |p| = 0.57735 m_P·c
  Pre-normalization: ∫|Ψ|² = 92.6492
  Normalization factor: 9.62545
[DiracEvolution] Initialized Gaussian wavepacket at (64, 64) with σ=3.84
  Final norm: ||Ψ||² = 1
  Initial position: <r> = (64, 64)
✓ Boosted Gaussian initialized
  Initial energy E0 = 1.3429
  Initial norm = 1
  Step 0/10000 | R_avg = 0.999783 | norm = 1
  Step 100/10000 | R_avg = 0.999807 | norm = 0.999976
  Step 200/10000 | R_avg = 0.999858 | norm = 0.99995
  Step 300/10000 | R_avg = 0.999834 | norm = 0.999923
  Step 400/10000 | R_avg = 0.999811 | norm = 0.999896
  Step 500/10000 | R_avg = 0.999892 | norm = 0.999868
  Step 600/10000 | R_avg = 0.999754 | norm = 0.999839
  Step 700/10000 | R_avg = 0.999822 | norm = 0.99981
  Step 800/10000 | R_avg = 0.999849 | norm = 0.999779
  Step 900/10000 | R_avg = 0.999765 | norm = 0.999749
  Step 1000/10000 | R_avg = 0.999809 | norm = 0.999719
  Step 1100/10000 | R_avg = 0.999812 | norm = 0.999688
  Step 1200/10000 | R_avg = 0.99981 | norm = 0.999657
  Step 1300/10000 | R_avg = 0.999818 | norm = 0.999626
  Step 1400/10000 | R_avg = 0.999815 | norm = 0.999595
  Step 1500/10000 | R_avg = 0.999824 | norm = 0.999565
  Step 1600/10000 | R_avg = 0.999751 | norm = 0.999534
  Step 1700/10000 | R_avg = 0.999842 | norm = 0.999503
  Step 1800/10000 | R_avg = 0.999812 | norm = 0.999472
  Step 1900/10000 | R_avg = 0.99979 | norm = 0.999441
  Step 2000/10000 | R_avg = 0.999839 | norm = 0.999409
  Step 2100/10000 | R_avg = 0.999863 | norm = 0.999378
  Step 2200/10000 | R_avg = 0.999819 | norm = 0.999346
  Step 2300/10000 | R_avg = 0.999798 | norm = 0.999314
  Step 2400/10000 | R_avg = 0.999744 | norm = 0.999282
  Step 2500/10000 | R_avg = 0.999845 | norm = 0.99925
  Step 2600/10000 | R_avg = 0.999752 | norm = 0.999219
  Step 2700/10000 | R_avg = 0.999754 | norm = 0.999187
  Step 2800/10000 | R_avg = 0.999873 | norm = 0.999156
  Step 2900/10000 | R_avg = 0.999815 | norm = 0.999125
  Step 3000/10000 | R_avg = 0.999832 | norm = 0.999095
  Step 3100/10000 | R_avg = 0.999741 | norm = 0.999066
  Step 3200/10000 | R_avg = 0.999799 | norm = 0.999036
  Step 3300/10000 | R_avg = 0.999815 | norm = 0.999008
  Step 3400/10000 | R_avg = 0.999847 | norm = 0.998979
  Step 3500/10000 | R_avg = 0.99981 | norm = 0.99895
  Step 3600/10000 | R_avg = 0.999835 | norm = 0.99892
  Step 3700/10000 | R_avg = 0.999854 | norm = 0.99889
  Step 3800/10000 | R_avg = 0.999839 | norm = 0.998859
  Step 3900/10000 | R_avg = 0.999817 | norm = 0.998828
  Step 4000/10000 | R_avg = 0.999755 | norm = 0.998797
  Step 4100/10000 | R_avg = 0.999822 | norm = 0.998765
  Step 4200/10000 | R_avg = 0.99983 | norm = 0.998733
  Step 4300/10000 | R_avg = 0.999797 | norm = 0.9987
  Step 4400/10000 | R_avg = 0.999805 | norm = 0.998668
  Step 4500/10000 | R_avg = 0.999811 | norm = 0.998636
  Step 4600/10000 | R_avg = 0.999749 | norm = 0.998603
  Step 4700/10000 | R_avg = 0.99983 | norm = 0.998571
  Step 4800/10000 | R_avg = 0.999793 | norm = 0.998538
  Step 4900/10000 | R_avg = 0.99982 | norm = 0.998506
  Step 5000/10000 | R_avg = 0.999845 | norm = 0.998474
  Step 5100/10000 | R_avg = 0.999797 | norm = 0.998442
  Step 5200/10000 | R_avg = 0.999751 | norm = 0.99841
  Step 5300/10000 | R_avg = 0.999875 | norm = 0.998377
  Step 5400/10000 | R_avg = 0.999837 | norm = 0.998344
  Step 5500/10000 | R_avg = 0.999872 | norm = 0.998312
  Step 5600/10000 | R_avg = 0.999814 | norm = 0.99828
  Step 5700/10000 | R_avg = 0.999818 | norm = 0.998247
  Step 5800/10000 | R_avg = 0.999817 | norm = 0.998215
  Step 5900/10000 | R_avg = 0.999829 | norm = 0.998182
  Step 6000/10000 | R_avg = 0.999826 | norm = 0.99815
  Step 6100/10000 | R_avg = 0.999807 | norm = 0.998119
  Step 6200/10000 | R_avg = 0.999848 | norm = 0.998088
  Step 6300/10000 | R_avg = 0.999846 | norm = 0.998057
  Step 6400/10000 | R_avg = 0.999756 | norm = 0.998027
  Step 6500/10000 | R_avg = 0.999764 | norm = 0.997998
  Step 6600/10000 | R_avg = 0.999864 | norm = 0.997968
  Step 6700/10000 | R_avg = 0.999791 | norm = 0.997939
  Step 6800/10000 | R_avg = 0.999796 | norm = 0.997908
  Step 6900/10000 | R_avg = 0.999753 | norm = 0.997878
  Step 7000/10000 | R_avg = 0.99986 | norm = 0.997847
  Step 7100/10000 | R_avg = 0.999843 | norm = 0.997816
  Step 7200/10000 | R_avg = 0.999826 | norm = 0.997785
  Step 7300/10000 | R_avg = 0.999813 | norm = 0.997753
  Step 7400/10000 | R_avg = 0.99983 | norm = 0.997721
  Step 7500/10000 | R_avg = 0.999814 | norm = 0.997689
  Step 7600/10000 | R_avg = 0.999857 | norm = 0.997657
  Step 7700/10000 | R_avg = 0.999817 | norm = 0.997625
  Step 7800/10000 | R_avg = 0.999826 | norm = 0.997592
  Step 7900/10000 | R_avg = 0.999751 | norm = 0.99756
  Step 8000/10000 | R_avg = 0.99983 | norm = 0.997528
  Step 8100/10000 | R_avg = 0.999871 | norm = 0.997496
  Step 8200/10000 | R_avg = 0.999761 | norm = 0.997464
  Step 8300/10000 | R_avg = 0.999854 | norm = 0.997432
  Step 8400/10000 | R_avg = 0.99983 | norm = 0.9974
  Step 8500/10000 | R_avg = 0.999853 | norm = 0.997368
  Step 8600/10000 | R_avg = 0.99975 | norm = 0.997336
  Step 8700/10000 | R_avg = 0.999843 | norm = 0.997304
  Step 8800/10000 | R_avg = 0.999913 | norm = 0.997271
  Step 8900/10000 | R_avg = 0.99984 | norm = 0.997239
  Step 9000/10000 | R_avg = 0.999829 | norm = 0.997207
  Step 9100/10000 | R_avg = 0.999839 | norm = 0.997175
  Step 9200/10000 | R_avg = 0.999842 | norm = 0.997143
  Step 9300/10000 | R_avg = 0.999842 | norm = 0.997112
  Step 9400/10000 | R_avg = 0.999824 | norm = 0.997081
  Step 9500/10000 | R_avg = 0.999863 | norm = 0.99705
  Step 9600/10000 | R_avg = 0.999806 | norm = 0.99702
  Step 9700/10000 | R_avg = 0.999837 | norm = 0.99699
  Step 9800/10000 | R_avg = 0.999733 | norm = 0.996961
  Step 9900/10000 | R_avg = 0.99985 | norm = 0.996931

===== Global Validation =====
✓ Global validation PASSED
  ✓ Probability Conservation: ||ψ||² = 0.996901 (drift: 0.309986% from initial 1) ✓ PASS
  ✓ Energy Conservation: E_total = 1.33889 (drift: 0.301013% from initial 1.34294) ✓ PASS
  ✓ Order Parameter Bounds: R ∈ [0.953431, 1] ✓ PASS (within [0,1])
  ✓ Causality: v = |p|/E = 0.399194 (c = 1) ✓ PASS (v ≤ c)
  ✓ Numerical Stability: All fields finite ✓ PASS
  Norm validation: max_error = 0.00309903 ✓ PASS
  Energy validation: max_drift = 0.00308075 ✓ PASS
  Saved observables to /home/persist/neotec/0rigin/output/20251224_162226_scenario_2.6A_energy_momentum_relation_128x128_v0.5/N_10/observables.csv

--- Testing with N=100 ---
  Dirac initialization (grid-independent):
    Position: (50, 50) ℓ_P
    Width: 3 ℓ_P
    Grid coordinates: (64, 64) grid units
    Grid width: 3.84 grid units
  Using Dirac solver (spinor field) with boosted initialization
    Background R (expected): 1
[SMFT] Boosted Gaussian initialization:
  Position: (64, 64) grid units
  Width: σ = 3.84 grid units
  Velocity: v = (0.5, 0)c
  |v| = 0.5c
  Lorentz factor: γ = 1.1547
  Rest mass: m₀ = Δ·R = 1 × 1 = 1 m_P
  Momentum: p = (0.57735, 0) m_P·c
  |p| = 0.57735 m_P·c
  Pre-normalization: ∫|Ψ|² = 92.6492
  Normalization factor: 9.62545
[DiracEvolution] Initialized Gaussian wavepacket at (64, 64) with σ=3.84
  Final norm: ||Ψ||² = 1
  Initial position: <r> = (64, 64)
✓ Boosted Gaussian initialized
[SMFTEngine] Boosted Dirac field initialized: center=(64,64), sigma=3.84, boost=(0.5,0)c, norm=1, <r>=(64,64)
[DiracEvolution] Initialized 128x128 4-component spinor field (particle, β=1)
[SMFT] Boosted Gaussian initialization:
  Position: (64, 64) grid units
  Width: σ = 3.84 grid units
  Velocity: v = (0.5, 0)c
  |v| = 0.5c
  Lorentz factor: γ = 1.1547
  Rest mass: m₀ = Δ·R = 1 × 1 = 1 m_P
  Momentum: p = (0.57735, 0) m_P·c
  |p| = 0.57735 m_P·c
  Pre-normalization: ∫|Ψ|² = 92.6492
  Normalization factor: 9.62545
[DiracEvolution] Initialized Gaussian wavepacket at (64, 64) with σ=3.84
  Final norm: ||Ψ||² = 1
  Initial position: <r> = (64, 64)
✓ Boosted Gaussian initialized
  Initial energy E0 = 1.34209
  Initial norm = 1
  Step 0/10000 | R_avg = 0.999785 | norm = 1
  Step 100/10000 | R_avg = 0.999758 | norm = 0.999976
  Step 200/10000 | R_avg = 0.999819 | norm = 0.999949
  Step 300/10000 | R_avg = 0.999826 | norm = 0.999923
  Step 400/10000 | R_avg = 0.999822 | norm = 0.999896
  Step 500/10000 | R_avg = 0.99983 | norm = 0.999868
  Step 600/10000 | R_avg = 0.999817 | norm = 0.999839
  Step 700/10000 | R_avg = 0.9998 | norm = 0.99981
  Step 800/10000 | R_avg = 0.999821 | norm = 0.99978
  Step 900/10000 | R_avg = 0.999891 | norm = 0.99975
  Step 1000/10000 | R_avg = 0.999799 | norm = 0.999719
  Step 1100/10000 | R_avg = 0.999809 | norm = 0.999688
  Step 1200/10000 | R_avg = 0.999744 | norm = 0.999657
  Step 1300/10000 | R_avg = 0.999812 | norm = 0.999626
  Step 1400/10000 | R_avg = 0.999858 | norm = 0.999595
  Step 1500/10000 | R_avg = 0.999825 | norm = 0.999564
  Step 1600/10000 | R_avg = 0.999831 | norm = 0.999534
  Step 1700/10000 | R_avg = 0.999852 | norm = 0.999503
  Step 1800/10000 | R_avg = 0.999828 | norm = 0.999472
  Step 1900/10000 | R_avg = 0.999868 | norm = 0.999441
  Step 2000/10000 | R_avg = 0.99988 | norm = 0.99941
  Step 2100/10000 | R_avg = 0.999859 | norm = 0.999378
  Step 2200/10000 | R_avg = 0.999878 | norm = 0.999346
  Step 2300/10000 | R_avg = 0.999882 | norm = 0.999315
  Step 2400/10000 | R_avg = 0.99987 | norm = 0.999283
  Step 2500/10000 | R_avg = 0.999884 | norm = 0.99925
  Step 2600/10000 | R_avg = 0.99987 | norm = 0.999219
  Step 2700/10000 | R_avg = 0.999864 | norm = 0.999187
  Step 2800/10000 | R_avg = 0.99982 | norm = 0.999157
  Step 2900/10000 | R_avg = 0.999869 | norm = 0.999126
  Step 3000/10000 | R_avg = 0.999866 | norm = 0.999096
  Step 3100/10000 | R_avg = 0.999878 | norm = 0.999066
  Step 3200/10000 | R_avg = 0.999863 | norm = 0.999037
  Step 3300/10000 | R_avg = 0.999879 | norm = 0.999008
  Step 3400/10000 | R_avg = 0.999884 | norm = 0.99898
  Step 3500/10000 | R_avg = 0.999853 | norm = 0.99895
  Step 3600/10000 | R_avg = 0.999871 | norm = 0.998921
  Step 3700/10000 | R_avg = 0.99987 | norm = 0.998891
  Step 3800/10000 | R_avg = 0.999857 | norm = 0.99886
  Step 3900/10000 | R_avg = 0.999884 | norm = 0.998829
  Step 4000/10000 | R_avg = 0.999835 | norm = 0.998798
  Step 4100/10000 | R_avg = 0.999856 | norm = 0.998766
  Step 4200/10000 | R_avg = 0.999866 | norm = 0.998734
  Step 4300/10000 | R_avg = 0.999879 | norm = 0.998702
  Step 4400/10000 | R_avg = 0.999859 | norm = 0.998669
  Step 4500/10000 | R_avg = 0.999862 | norm = 0.998637
  Step 4600/10000 | R_avg = 0.999842 | norm = 0.998605
  Step 4700/10000 | R_avg = 0.999826 | norm = 0.998572
  Step 4800/10000 | R_avg = 0.999837 | norm = 0.99854
  Step 4900/10000 | R_avg = 0.999868 | norm = 0.998507
  Step 5000/10000 | R_avg = 0.999869 | norm = 0.998475
  Step 5100/10000 | R_avg = 0.999885 | norm = 0.998443
  Step 5200/10000 | R_avg = 0.99983 | norm = 0.998411
  Step 5300/10000 | R_avg = 0.999866 | norm = 0.998378
  Step 5400/10000 | R_avg = 0.999827 | norm = 0.998346
  Step 5500/10000 | R_avg = 0.999752 | norm = 0.998313
  Step 5600/10000 | R_avg = 0.999894 | norm = 0.99828
  Step 5700/10000 | R_avg = 0.999759 | norm = 0.998248
  Step 5800/10000 | R_avg = 0.999767 | norm = 0.998215
  Step 5900/10000 | R_avg = 0.999772 | norm = 0.998183
  Step 6000/10000 | R_avg = 0.999912 | norm = 0.998151
  Step 6100/10000 | R_avg = 0.999847 | norm = 0.99812
  Step 6200/10000 | R_avg = 0.999929 | norm = 0.998089
  Step 6300/10000 | R_avg = 0.999758 | norm = 0.998058
  Step 6400/10000 | R_avg = 0.999775 | norm = 0.998028
  Step 6500/10000 | R_avg = 0.999771 | norm = 0.997999
  Step 6600/10000 | R_avg = 0.99977 | norm = 0.997969
  Step 6700/10000 | R_avg = 0.999766 | norm = 0.99794
  Step 6800/10000 | R_avg = 0.999768 | norm = 0.997909
  Step 6900/10000 | R_avg = 0.999764 | norm = 0.997879
  Step 7000/10000 | R_avg = 0.99977 | norm = 0.997848
  Step 7100/10000 | R_avg = 0.999926 | norm = 0.997817
  Step 7200/10000 | R_avg = 0.99949 | norm = 0.997786
  Step 7300/10000 | R_avg = 0.999676 | norm = 0.997755
  Step 7400/10000 | R_avg = 0.999747 | norm = 0.997723
  Step 7500/10000 | R_avg = 0.999652 | norm = 0.997691
  Step 7600/10000 | R_avg = 0.999755 | norm = 0.997659
  Step 7700/10000 | R_avg = 0.999437 | norm = 0.997626
  Step 7800/10000 | R_avg = 0.999735 | norm = 0.997594
  Step 7900/10000 | R_avg = 0.999699 | norm = 0.997562
  Step 8000/10000 | R_avg = 0.999676 | norm = 0.99753
  Step 8100/10000 | R_avg = 0.999758 | norm = 0.997499
  Step 8200/10000 | R_avg = 0.999758 | norm = 0.997467
  Step 8300/10000 | R_avg = 0.999898 | norm = 0.997435
  Step 8400/10000 | R_avg = 0.999767 | norm = 0.997403
  Step 8500/10000 | R_avg = 0.999892 | norm = 0.997371
  Step 8600/10000 | R_avg = 0.999788 | norm = 0.997338
  Step 8700/10000 | R_avg = 0.99976 | norm = 0.997306
  Step 8800/10000 | R_avg = 0.999772 | norm = 0.997274
  Step 8900/10000 | R_avg = 0.99977 | norm = 0.997242
  Step 9000/10000 | R_avg = 0.999758 | norm = 0.99721
  Step 9100/10000 | R_avg = 0.999768 | norm = 0.997178
  Step 9200/10000 | R_avg = 0.999637 | norm = 0.997146
  Step 9300/10000 | R_avg = 0.999794 | norm = 0.997115
  Step 9400/10000 | R_avg = 0.999741 | norm = 0.997084
  Step 9500/10000 | R_avg = 0.999796 | norm = 0.997053
  Step 9600/10000 | R_avg = 0.99935 | norm = 0.997023
  Step 9700/10000 | R_avg = 0.999591 | norm = 0.996993
  Step 9800/10000 | R_avg = 0.999779 | norm = 0.996964
  Step 9900/10000 | R_avg = 0.999636 | norm = 0.996934

===== Global Validation =====
✓ Global validation PASSED
  ✓ Probability Conservation: ||ψ||² = 0.996904 (drift: 0.309693% from initial 1) ✓ PASS
  ✓ Energy Conservation: E_total = 1.33813 (drift: 0.38144% from initial 1.34326) ✓ PASS
  ✓ Order Parameter Bounds: R ∈ [0.952906, 1] ✓ PASS (within [0,1])
  ✓ Causality: v = |p|/E = 0.399463 (c = 1) ✓ PASS (v ≤ c)
  ✓ Numerical Stability: All fields finite ✓ PASS
  Norm validation: max_error = 0.00309609 ✓ PASS
  Energy validation: max_drift = 0.0038144 ✓ PASS
  Saved observables to /home/persist/neotec/0rigin/output/20251224_162226_scenario_2.6A_energy_momentum_relation_128x128_v0.5/N_100/observables.csv

--- Validating Convergence ---
✓ Convergence validation PASSED

========================================
Grid: 128×128 | Velocity: v=0.6c
========================================

Initializing engine for 128×128 grid, velocity v=0.6c...
[SMFTEngine] Resources cleanup delegated to component managers

[SMFTEngine] Physical Interpretation:
  Vacuum potential Δ = 1 (Planck mass in natural units)
  Synchronization field R(x) → Emergent spacetime metric
  Mass field m(x) = Δ·R(x) → Local energy density
  ∇R(x) → Gravitational field (not separate force)
  Grid: 128 x 128 oscillators

[SMFTEngine] Created GPU buffers for 128x128 grid
  Phase buffers: 65536 bytes each
  Spinor buffer: 524288 bytes
  Accumulator buffers: 65536 bytes each (operator splitting)
[SMFTEngine] Created compute pipelines
  ✓ Kuramoto pipeline
  ✓ Sync field pipeline
  ✓ Gravity field pipeline
  ✓ Stochastic Kuramoto pipeline
  ✓ Stochastic Dirac pipeline
  ✓ Accumulation pipeline (operator splitting)
Created experiment directory: /home/persist/neotec/0rigin/output/20251224_164023_scenario_2.6A_energy_momentum_relation_128x128_v0.6
[OutputManager] Created timestamped directory: /home/persist/neotec/0rigin/output/20251224_164023_scenario_2.6A_energy_momentum_relation_128x128_v0.6
