[Logging] Console output for 128x128 v=0.45c writing to: /home/persist/neotec/0rigin/output/20251224_144400_scenario_2.4A_velocity_threshold_128x128_v0.4/console.log

--- Testing with N=10 ---
  Vortex initialization (grid-independent):
    Domain size: 100 ℓ_P
    Grid spacing: 0.78125 ℓ_P
    Core radius: 3 ℓ_P (3.84 grid points)
    Center: (50, 50) ℓ_P
    Winding number: W = 1
  Dirac initialization (grid-independent):
    Position: (50, 50) ℓ_P
    Width: 3 ℓ_P
    Grid coordinates: (64, 64) grid units
    Grid width: 3.84 grid units
  Using Dirac solver (spinor field) with boosted initialization
    Background R (expected): 1
[DiracEvolution] Initialized 128x128 4-component spinor field (particle, β=1)
[SMFT] Boosted Gaussian initialization:
  Position: (64, 64) grid units
  Width: σ = 3.84 grid units
  Velocity: v = (0.45, 0)c
  |v| = 0.45c
  Lorentz factor: γ = 1.11979
  Rest mass: m₀ = Δ·R = 1 × 1 = 1 m_P
  Momentum: p = (0.503903, 0) m_P·c
  |p| = 0.503903 m_P·c
  Pre-normalization: ∫|Ψ|² = 92.6492
  Normalization factor: 9.62545
[DiracEvolution] Initialized Gaussian wavepacket at (64, 64) with σ=3.84
  Final norm: ||Ψ||² = 1
  Initial position: <r> = (64, 64)
✓ Boosted Gaussian initialized
[SMFTEngine] Boosted Dirac field initialized: center=(64,64), sigma=3.84, boost=(0.45,0)c, norm=1, <r>=(64,64)
[DiracEvolution] Initialized 128x128 4-component spinor field (particle, β=1)
[SMFT] Boosted Gaussian initialization:
  Position: (64, 64) grid units
  Width: σ = 3.84 grid units
  Velocity: v = (0.45, 0)c
  |v| = 0.45c
  Lorentz factor: γ = 1.11979
  Rest mass: m₀ = Δ·R = 1 × 1 = 1 m_P
  Momentum: p = (0.503903, 0) m_P·c
  |p| = 0.503903 m_P·c
  Pre-normalization: ∫|Ψ|² = 92.6492
  Normalization factor: 9.62545
[DiracEvolution] Initialized Gaussian wavepacket at (64, 64) with σ=3.84
  Final norm: ||Ψ||² = 1
  Initial position: <r> = (64, 64)
✓ Boosted Gaussian initialized
  Initial energy E0 = 0.283424
  Initial norm = 1
  Saved spatial snapshot at t = 0 (step 0)
  Step 0/10000 | R_avg = 0.983591 | norm = 1
  Step 100/10000 | R_avg = 0.983586 | norm = 0.999977
  Step 200/10000 | R_avg = 0.983593 | norm = 0.999953
  Step 300/10000 | R_avg = 0.983551 | norm = 0.999928
  Step 400/10000 | R_avg = 0.983616 | norm = 0.999902
  Step 500/10000 | R_avg = 0.983591 | norm = 0.999875
  Step 600/10000 | R_avg = 0.983562 | norm = 0.999847
  Step 700/10000 | R_avg = 0.983573 | norm = 0.99982
  Step 800/10000 | R_avg = 0.983576 | norm = 0.999792
  Step 900/10000 | R_avg = 0.983585 | norm = 0.999763
  Step 1000/10000 | R_avg = 0.983565 | norm = 0.999734
  Step 1100/10000 | R_avg = 0.983565 | norm = 0.999705
  Step 1200/10000 | R_avg = 0.983626 | norm = 0.999675
  Step 1300/10000 | R_avg = 0.98357 | norm = 0.999646
  Step 1400/10000 | R_avg = 0.983596 | norm = 0.999616
  Step 1500/10000 | R_avg = 0.983549 | norm = 0.999587
  Step 1600/10000 | R_avg = 0.983625 | norm = 0.999558
  Step 1700/10000 | R_avg = 0.983559 | norm = 0.999528
  Step 1800/10000 | R_avg = 0.98356 | norm = 0.999499
  Step 1900/10000 | R_avg = 0.983603 | norm = 0.999469
  Step 2000/10000 | R_avg = 0.983652 | norm = 0.999439
  Step 2100/10000 | R_avg = 0.983589 | norm = 0.999408
  Step 2200/10000 | R_avg = 0.983599 | norm = 0.999376
  Step 2300/10000 | R_avg = 0.983553 | norm = 0.999345
  Step 2400/10000 | R_avg = 0.983706 | norm = 0.999314
  Saved spatial snapshot at t = 25 (step 2500)
  Step 2500/10000 | R_avg = 0.983544 | norm = 0.999284
  Step 2600/10000 | R_avg = 0.983612 | norm = 0.999253
  Step 2700/10000 | R_avg = 0.983619 | norm = 0.999224
  Step 2800/10000 | R_avg = 0.983611 | norm = 0.999195
  Step 2900/10000 | R_avg = 0.983602 | norm = 0.999167
  Step 3000/10000 | R_avg = 0.983549 | norm = 0.999141
  Step 3100/10000 | R_avg = 0.983518 | norm = 0.999115
  Step 3200/10000 | R_avg = 0.983574 | norm = 0.99909
  Step 3300/10000 | R_avg = 0.983606 | norm = 0.999066
  Step 3400/10000 | R_avg = 0.983579 | norm = 0.999041
  Step 3500/10000 | R_avg = 0.983522 | norm = 0.999017
  Step 3600/10000 | R_avg = 0.983581 | norm = 0.998992
  Step 3700/10000 | R_avg = 0.983574 | norm = 0.998966
  Step 3800/10000 | R_avg = 0.983577 | norm = 0.998939
  Step 3900/10000 | R_avg = 0.983571 | norm = 0.99891
  Step 4000/10000 | R_avg = 0.983607 | norm = 0.99888
  Step 4100/10000 | R_avg = 0.983573 | norm = 0.998849
  Step 4200/10000 | R_avg = 0.983568 | norm = 0.998816
  Step 4300/10000 | R_avg = 0.983575 | norm = 0.998782
  Step 4400/10000 | R_avg = 0.983529 | norm = 0.998748
  Step 4500/10000 | R_avg = 0.983127 | norm = 0.998714
  Step 4600/10000 | R_avg = 0.983006 | norm = 0.998679
  Step 4700/10000 | R_avg = 0.983592 | norm = 0.998644
  Step 4800/10000 | R_avg = 0.983587 | norm = 0.998609
  Step 4900/10000 | R_avg = 0.983531 | norm = 0.998574
  Saved spatial snapshot at t = 50 (step 5000)
  Step 5000/10000 | R_avg = 0.983601 | norm = 0.99854
  Step 5100/10000 | R_avg = 0.983561 | norm = 0.998505
  Step 5200/10000 | R_avg = 0.983568 | norm = 0.99847
  Step 5300/10000 | R_avg = 0.983612 | norm = 0.998435
  Step 5400/10000 | R_avg = 0.983599 | norm = 0.9984
  Step 5500/10000 | R_avg = 0.983622 | norm = 0.998366
  Step 5600/10000 | R_avg = 0.983617 | norm = 0.998331
  Step 5700/10000 | R_avg = 0.983624 | norm = 0.998296
  Step 5800/10000 | R_avg = 0.983523 | norm = 0.998261
  Step 5900/10000 | R_avg = 0.983589 | norm = 0.998227
  Step 6000/10000 | R_avg = 0.983566 | norm = 0.998193
  Step 6100/10000 | R_avg = 0.983602 | norm = 0.99816
  Step 6200/10000 | R_avg = 0.983598 | norm = 0.998128
  Step 6300/10000 | R_avg = 0.983656 | norm = 0.998096
  Step 6400/10000 | R_avg = 0.983628 | norm = 0.998064
  Step 6500/10000 | R_avg = 0.983621 | norm = 0.998034
  Step 6600/10000 | R_avg = 0.983616 | norm = 0.998003
  Step 6700/10000 | R_avg = 0.983575 | norm = 0.997971
  Step 6800/10000 | R_avg = 0.983541 | norm = 0.99794
  Step 6900/10000 | R_avg = 0.983607 | norm = 0.997908
  Step 7000/10000 | R_avg = 0.983566 | norm = 0.997876
  Step 7100/10000 | R_avg = 0.983559 | norm = 0.997844
  Step 7200/10000 | R_avg = 0.98358 | norm = 0.997812
  Step 7300/10000 | R_avg = 0.983103 | norm = 0.997779
  Step 7400/10000 | R_avg = 0.983581 | norm = 0.997745
  Saved spatial snapshot at t = 75 (step 7500)
  Step 7500/10000 | R_avg = 0.983577 | norm = 0.997712
  Step 7600/10000 | R_avg = 0.983523 | norm = 0.997679
  Step 7700/10000 | R_avg = 0.983578 | norm = 0.997646
  Step 7800/10000 | R_avg = 0.983568 | norm = 0.997612
  Step 7900/10000 | R_avg = 0.983549 | norm = 0.997579
  Step 8000/10000 | R_avg = 0.983616 | norm = 0.997545
  Step 8100/10000 | R_avg = 0.983577 | norm = 0.997512
  Step 8200/10000 | R_avg = 0.983597 | norm = 0.997478
  Step 8300/10000 | R_avg = 0.983069 | norm = 0.997445
  Step 8400/10000 | R_avg = 0.983589 | norm = 0.997411
  Step 8500/10000 | R_avg = 0.983599 | norm = 0.997377
  Step 8600/10000 | R_avg = 0.983612 | norm = 0.997343
  Step 8700/10000 | R_avg = 0.98354 | norm = 0.99731
  Step 8800/10000 | R_avg = 0.983625 | norm = 0.997276
  Step 8900/10000 | R_avg = 0.983549 | norm = 0.997243
  Step 9000/10000 | R_avg = 0.983632 | norm = 0.997211
  Step 9100/10000 | R_avg = 0.983585 | norm = 0.997179
  Step 9200/10000 | R_avg = 0.983566 | norm = 0.997147
  Step 9300/10000 | R_avg = 0.983648 | norm = 0.997117
  Step 9400/10000 | R_avg = 0.983537 | norm = 0.997087
  Step 9500/10000 | R_avg = 0.983579 | norm = 0.997057
  Step 9600/10000 | R_avg = 0.98355 | norm = 0.997028
  Step 9700/10000 | R_avg = 0.983565 | norm = 0.996999
  Step 9800/10000 | R_avg = 0.983619 | norm = 0.99697
  Step 9900/10000 | R_avg = 0.983601 | norm = 0.996941

===== Global Validation =====
✗ Global validation FAILED:
  ✓ Probability Conservation: ||ψ||² = 0.996912 (drift: 0.308865% from initial 1) ✓ PASS
  ✗ Energy Conservation: E_total = 1.22691 (drift: 2.23807% from initial 1.20005) ✗ FAIL (exceeds tolerance 1%)
  ✓ Order Parameter Bounds: R ∈ [0, 0] ✓ PASS (within [0,1])
  ✓ Causality: v = |p|/E = 0.295214 (c = 1) ✓ PASS (v ≤ c)
  ✓ Numerical Stability: All fields finite ✓ PASS

===== Scenario 2.3: Relativistic Mass Validation =====
  Boost velocity: v = 0.45c
  Theoretical gamma: γ = 1.11979
✗ Scenario validation FAILED:
  ✓ 1. θ(x,y,t=0) shows vortex structure (W = ±1): Winding number W = 1 ✓ PASS (|W| ≈ 1)
  ✓ 3. R(x,y,t=0) shows core (R_min < 0.5): R_min = 0 ✓ PASS (< 0.5)
  ✗ 4. ψ(x,y,t=0) is Gaussian at offset position: Wavepacket variance = 6.55052e-07 ✗ FAIL (too uniform, not Gaussian)
  ✗ 5. ⟨p⟩(t=0) = γmv (within 5%): ⟨p⟩ = 0.474579 (expect 0.503903, error = 5.81936%) ✗ FAIL (exceeds 5% tolerance)
  ✗ 6. γ_measured(t=final) within 5% of theory: γ_measured = 1.19186 (γ_theory = 1.11979, error = 6.43621%) ✗ FAIL (exceeds 5% tolerance)
  Norm validation: max_error = 0.00308778 ✓ PASS
  Energy validation: max_drift = 0.0271543 ✗ FAIL
  Saved observables to /home/persist/neotec/0rigin/output/20251224_144400_scenario_2.4A_velocity_threshold_128x128_v0.4/N_10/observables.csv
Test failed for N=10

--- Validating Convergence ---
✗ Convergence validation FAILED
Tests failed for velocity 0.45

========================================
Velocity: v=0.5c
========================================

Initializing engine for 128×128 grid, velocity v=0.5c...
[SMFTEngine] Resources cleanup delegated to component managers

[SMFTEngine] Physical Interpretation:
  Vacuum potential Δ = 1 (Planck mass in natural units)
  Synchronization field R(x) → Emergent spacetime metric
  Mass field m(x) = Δ·R(x) → Local energy density
  ∇R(x) → Gravitational field (not separate force)
  Grid: 128 x 128 oscillators

[SMFTEngine] Created GPU buffers for 128x128 grid
  Phase buffers: 65536 bytes each
  Spinor buffer: 524288 bytes
  Accumulator buffers: 65536 bytes each (operator splitting)
[SMFTEngine] Created compute pipelines
  ✓ Kuramoto pipeline
  ✓ Sync field pipeline
  ✓ Gravity field pipeline
  ✓ Stochastic Kuramoto pipeline
  ✓ Stochastic Dirac pipeline
  ✓ Accumulation pipeline (operator splitting)
Created experiment directory: /home/persist/neotec/0rigin/output/20251224_144546_scenario_2.4A_velocity_threshold_128x128_v0.5
[OutputManager] Created timestamped directory: /home/persist/neotec/0rigin/output/20251224_144546_scenario_2.4A_velocity_threshold_128x128_v0.5
