[Logging] Console output for 256x256 v=0.5c writing to: /home/persist/neotec/0rigin/output/20251226_231659_scenario_2.5B_boosted_frame_analysis_256x256_v0.5/console.log

--- Testing with N=1 ---
  Dirac initialization (grid-independent):
    Position: (50, 50) ℓ_P
    Width: 3 ℓ_P
    Grid coordinates: (128, 128) grid units
    Grid width: 7.68 grid units
  Using Dirac solver (spinor field) with boosted initialization
    Background R (expected): 1
[DiracEvolution] Initialized 256x256 4-component spinor field (particle, β=1)
[SMFT] Boosted Gaussian initialization:
  Position: (128, 128) grid units
  Width: σ = 7.68 grid units
  Velocity: v = (0.5, 0)c
  |v| = 0.5c
  Lorentz factor: γ = 1.1547
  Rest mass: m₀ = Δ·R = 1 × 1 = 1 m_P
  Momentum: p = (0.57735, 0) m_P·c
  |p| = 0.57735 m_P·c
  Pre-normalization: ∫|Ψ|² = 370.596
  Normalization factor: 19.2509
[DiracEvolution] Initialized Gaussian wavepacket at (128, 128) with σ=7.68
  Final norm: ||Ψ||² = 0.999994
  Initial position: <r> = (128, 128)
✓ Boosted Gaussian initialized
[SMFTEngine] Boosted Dirac field initialized: center=(128,128), sigma=7.68, boost=(0.5,0)c, norm=0.999994, <r>=(128,128)
[DiracEvolution] Initialized 256x256 4-component spinor field (particle, β=1)
[SMFT] Boosted Gaussian initialization:
  Position: (128, 128) grid units
  Width: σ = 7.68 grid units
  Velocity: v = (0.5, 0)c
  |v| = 0.5c
  Lorentz factor: γ = 1.1547
  Rest mass: m₀ = Δ·R = 1 × 1 = 1 m_P
  Momentum: p = (0.57735, 0) m_P·c
  |p| = 0.57735 m_P·c
  Pre-normalization: ∫|Ψ|² = 370.596
  Normalization factor: 19.2509
[DiracEvolution] Initialized Gaussian wavepacket at (128, 128) with σ=7.68
  Final norm: ||Ψ||² = 0.999994
  Initial position: <r> = (128, 128)
✓ Boosted Gaussian initialized
  Initial energy E0 = 1.30971
  Initial norm = 1
  Saved spatial snapshot at t = 0 (step 0)
  Step 0/10000 | R_avg = 0.999928 | norm = 1
  Step 100/10000 | R_avg = 0.999915 | norm = 0.999961
  Step 200/10000 | R_avg = 0.999931 | norm = 0.99992
  Step 300/10000 | R_avg = 0.999928 | norm = 0.999881
  Step 400/10000 | R_avg = 0.999915 | norm = 0.999842
  Step 500/10000 | R_avg = 0.999931 | norm = 0.999804
  Step 600/10000 | R_avg = 0.999928 | norm = 0.999766
  Step 700/10000 | R_avg = 0.999915 | norm = 0.999728
  Step 800/10000 | R_avg = 0.999931 | norm = 0.99969
  Step 900/10000 | R_avg = 0.999928 | norm = 0.999653
  Step 1000/10000 | R_avg = 0.999915 | norm = 0.999615
  Step 1100/10000 | R_avg = 0.999931 | norm = 0.999577
  Step 1200/10000 | R_avg = 0.999928 | norm = 0.999538
  Step 1300/10000 | R_avg = 0.999915 | norm = 0.999498
  Step 1400/10000 | R_avg = 0.999931 | norm = 0.999458
  Step 1500/10000 | R_avg = 0.999928 | norm = 0.999417
  Step 1600/10000 | R_avg = 0.999915 | norm = 0.999375
  Step 1700/10000 | R_avg = 0.999931 | norm = 0.999332
  Step 1800/10000 | R_avg = 0.999928 | norm = 0.999287
  Step 1900/10000 | R_avg = 0.999915 | norm = 0.999242
  Step 2000/10000 | R_avg = 0.999931 | norm = 0.999196
  Step 2100/10000 | R_avg = 0.999928 | norm = 0.999148
  Step 2200/10000 | R_avg = 0.999915 | norm = 0.9991
  Step 2300/10000 | R_avg = 0.999931 | norm = 0.999051
  Step 2400/10000 | R_avg = 0.999928 | norm = 0.999002
  Saved spatial snapshot at t = 25 (step 2500)
  Step 2500/10000 | R_avg = 0.999915 | norm = 0.998953
  Step 2600/10000 | R_avg = 0.999931 | norm = 0.998904
  Step 2700/10000 | R_avg = 0.999928 | norm = 0.998855
  Step 2800/10000 | R_avg = 0.999915 | norm = 0.998807
  Step 2900/10000 | R_avg = 0.999931 | norm = 0.998758
  Step 3000/10000 | R_avg = 0.999928 | norm = 0.998711
  Step 3100/10000 | R_avg = 0.999915 | norm = 0.998664
  Step 3200/10000 | R_avg = 0.999931 | norm = 0.998618
  Step 3300/10000 | R_avg = 0.999928 | norm = 0.998572
  Step 3400/10000 | R_avg = 0.999915 | norm = 0.998526
  Step 3500/10000 | R_avg = 0.999931 | norm = 0.998481
  Step 3600/10000 | R_avg = 0.999928 | norm = 0.998436
  Step 3700/10000 | R_avg = 0.999915 | norm = 0.998391
  Step 3800/10000 | R_avg = 0.999875 | norm = 0.998347
  Step 3900/10000 | R_avg = 0.999926 | norm = 0.998302
  Step 4000/10000 | R_avg = 0.999914 | norm = 0.998258
  Step 4100/10000 | R_avg = 0.99993 | norm = 0.998213
  Step 4200/10000 | R_avg = 0.999926 | norm = 0.998169
  Step 4300/10000 | R_avg = 0.999914 | norm = 0.998124
  Step 4400/10000 | R_avg = 0.99993 | norm = 0.998079
  Step 4500/10000 | R_avg = 0.999926 | norm = 0.998034
  Step 4600/10000 | R_avg = 0.999914 | norm = 0.997988
  Step 4700/10000 | R_avg = 0.99993 | norm = 0.997942
  Step 4800/10000 | R_avg = 0.999926 | norm = 0.997896
  Step 4900/10000 | R_avg = 0.999914 | norm = 0.997849
  Saved spatial snapshot at t = 50 (step 5000)
  Step 5000/10000 | R_avg = 0.99993 | norm = 0.997801
  Step 5100/10000 | R_avg = 0.999926 | norm = 0.997753
  Step 5200/10000 | R_avg = 0.999914 | norm = 0.997704
  Step 5300/10000 | R_avg = 0.99993 | norm = 0.997655
  Step 5400/10000 | R_avg = 0.999926 | norm = 0.997605
  Step 5500/10000 | R_avg = 0.999914 | norm = 0.997555
  Step 5600/10000 | R_avg = 0.99993 | norm = 0.997505
  Step 5700/10000 | R_avg = 0.999926 | norm = 0.997455
  Step 5800/10000 | R_avg = 0.999914 | norm = 0.997405
  Step 5900/10000 | R_avg = 0.99993 | norm = 0.997356
  Step 6000/10000 | R_avg = 0.999926 | norm = 0.997308
  Step 6100/10000 | R_avg = 0.999914 | norm = 0.99726
  Step 6200/10000 | R_avg = 0.99993 | norm = 0.997214
  Step 6300/10000 | R_avg = 0.999926 | norm = 0.997168
  Step 6400/10000 | R_avg = 0.999914 | norm = 0.997124
  Step 6500/10000 | R_avg = 0.99993 | norm = 0.99708
  Step 6600/10000 | R_avg = 0.999926 | norm = 0.997037
  Step 6700/10000 | R_avg = 0.999914 | norm = 0.996995
  Step 6800/10000 | R_avg = 0.99993 | norm = 0.996954
  Step 6900/10000 | R_avg = 0.999926 | norm = 0.996914
  Step 7000/10000 | R_avg = 0.999914 | norm = 0.996874
  Step 7100/10000 | R_avg = 0.99993 | norm = 0.996834
  Step 7200/10000 | R_avg = 0.999926 | norm = 0.996794
  Step 7300/10000 | R_avg = 0.999914 | norm = 0.996755
  Step 7400/10000 | R_avg = 0.99993 | norm = 0.996715
  Saved spatial snapshot at t = 75 (step 7500)
  Step 7500/10000 | R_avg = 0.999926 | norm = 0.996676
  Step 7600/10000 | R_avg = 0.999914 | norm = 0.996636
  Step 7700/10000 | R_avg = 0.99993 | norm = 0.996595
  Step 7800/10000 | R_avg = 0.999926 | norm = 0.996553
  Step 7900/10000 | R_avg = 0.999914 | norm = 0.996512
  Step 8000/10000 | R_avg = 0.99993 | norm = 0.996469
  Step 8100/10000 | R_avg = 0.999926 | norm = 0.996425
  Step 8200/10000 | R_avg = 0.999914 | norm = 0.99638
  Step 8300/10000 | R_avg = 0.99993 | norm = 0.996334
  Step 8400/10000 | R_avg = 0.999926 | norm = 0.996287
  Step 8500/10000 | R_avg = 0.999914 | norm = 0.996239
  Step 8600/10000 | R_avg = 0.99993 | norm = 0.99619
  Step 8700/10000 | R_avg = 0.999926 | norm = 0.99614
  Step 8800/10000 | R_avg = 0.999914 | norm = 0.99609
  Step 8900/10000 | R_avg = 0.99993 | norm = 0.99604
  Step 9000/10000 | R_avg = 0.999926 | norm = 0.995989
  Step 9100/10000 | R_avg = 0.999914 | norm = 0.995939
  Step 9200/10000 | R_avg = 0.99993 | norm = 0.995889
  Step 9300/10000 | R_avg = 0.999926 | norm = 0.99584
  Step 9400/10000 | R_avg = 0.999914 | norm = 0.995791
  Step 9500/10000 | R_avg = 0.99993 | norm = 0.995742
  Step 9600/10000 | R_avg = 0.999926 | norm = 0.995694
  Step 9700/10000 | R_avg = 0.999914 | norm = 0.995647
  Step 9800/10000 | R_avg = 0.99993 | norm = 0.9956
  Step 9900/10000 | R_avg = 0.999926 | norm = 0.995553
  Saved spatial snapshot at t = 99.99 (step 9999)

===== Global Validation =====
✓ Global validation PASSED
  ✓ Probability Conservation: ||ψ||² = 0.995508 (drift: 0.449415% from initial 1) ✓ PASS
  ✓ Energy Conservation: E_total = 1.30367 (drift: 0.460727% from initial 1.3097) ✓ PASS
  ✓ Order Parameter Bounds: R ∈ [1, 1] ✓ PASS (within [0,1])
  ✓ Causality: v = |p|/E = 0.41502 (c = 1) ✓ PASS (v ≤ c)
  ✓ Numerical Stability: All fields finite ✓ PASS

===== Scenario 2.3: Relativistic Mass Validation =====
  Boost velocity: v = 0.5c
  Theoretical gamma: γ = 1.1547
✗ Scenario validation FAILED:
  ✗ 1. θ(x,y,t=0) shows vortex structure (W = ±1): Winding number W = 0 ✗ FAIL (expect |W| = 1 ± 0.2)
  ✗ 3. R(x,y,t=0) shows core (R_min < 0.5): R_min = 1 ✗ FAIL (expect R_min < 0.5)
  ✗ 4. ψ(x,y,t=0) is Gaussian at offset position: Wavepacket variance = 4.09409e-08 ✗ FAIL (too uniform, not Gaussian)
  ✗ 5. ⟨p⟩(t=0) = γmv (within 5%): ⟨p⟩ = 0.543498 (expect 0.57735, error = 5.86337%) ✗ FAIL (exceeds 5% tolerance)
  ✓ 6. γ_measured(t=final) within 5% of theory: γ_measured = 1.18617 (γ_theory = 1.1547, error = 2.72573%) ✓ PASS
  Norm validation: max_error = 0.00449228 ✓ PASS
  Energy validation: max_drift = 0.00460727 ✓ PASS
  Saved observables to /home/persist/neotec/0rigin/output/20251226_231659_scenario_2.5B_boosted_frame_analysis_256x256_v0.5/N_1/observables.csv

--- Testing with N=10 ---
  Dirac initialization (grid-independent):
    Position: (50, 50) ℓ_P
    Width: 3 ℓ_P
    Grid coordinates: (128, 128) grid units
    Grid width: 7.68 grid units
  Using Dirac solver (spinor field) with boosted initialization
    Background R (expected): 1
[SMFT] Boosted Gaussian initialization:
  Position: (128, 128) grid units
  Width: σ = 7.68 grid units
  Velocity: v = (0.5, 0)c
  |v| = 0.5c
  Lorentz factor: γ = 1.1547
  Rest mass: m₀ = Δ·R = 1 × 1 = 1 m_P
  Momentum: p = (0.57735, 0) m_P·c
  |p| = 0.57735 m_P·c
  Pre-normalization: ∫|Ψ|² = 370.596
  Normalization factor: 19.2509
[DiracEvolution] Initialized Gaussian wavepacket at (128, 128) with σ=7.68
  Final norm: ||Ψ||² = 0.999994
  Initial position: <r> = (128, 128)
✓ Boosted Gaussian initialized
[SMFTEngine] Boosted Dirac field initialized: center=(128,128), sigma=7.68, boost=(0.5,0)c, norm=0.999994, <r>=(128,128)
[DiracEvolution] Initialized 256x256 4-component spinor field (particle, β=1)
[SMFT] Boosted Gaussian initialization:
  Position: (128, 128) grid units
  Width: σ = 7.68 grid units
  Velocity: v = (0.5, 0)c
  |v| = 0.5c
  Lorentz factor: γ = 1.1547
  Rest mass: m₀ = Δ·R = 1 × 1 = 1 m_P
  Momentum: p = (0.57735, 0) m_P·c
  |p| = 0.57735 m_P·c
  Pre-normalization: ∫|Ψ|² = 370.596
  Normalization factor: 19.2509
[DiracEvolution] Initialized Gaussian wavepacket at (128, 128) with σ=7.68
  Final norm: ||Ψ||² = 0.999994
  Initial position: <r> = (128, 128)
✓ Boosted Gaussian initialized
  Initial energy E0 = 1.30971
  Initial norm = 1
  Saved spatial snapshot at t = 0 (step 0)
  Step 0/10000 | R_avg = 0.999911 | norm = 1
  Step 100/10000 | R_avg = 0.999913 | norm = 0.999961
  Step 200/10000 | R_avg = 0.99993 | norm = 0.999921
  Step 300/10000 | R_avg = 0.99993 | norm = 0.999881
  Step 400/10000 | R_avg = 0.999932 | norm = 0.999842
  Step 500/10000 | R_avg = 0.99993 | norm = 0.999804
  Step 600/10000 | R_avg = 0.999913 | norm = 0.999766
  Step 700/10000 | R_avg = 0.999913 | norm = 0.999728
  Step 800/10000 | R_avg = 0.999911 | norm = 0.99969
  Step 900/10000 | R_avg = 0.999911 | norm = 0.999653
  Step 1000/10000 | R_avg = 0.999913 | norm = 0.999615
  Step 1100/10000 | R_avg = 0.99993 | norm = 0.999577
  Step 1200/10000 | R_avg = 0.99993 | norm = 0.999538
  Step 1300/10000 | R_avg = 0.999932 | norm = 0.999499
  Step 1400/10000 | R_avg = 0.99993 | norm = 0.999459
  Step 1500/10000 | R_avg = 0.999913 | norm = 0.999417
  Step 1600/10000 | R_avg = 0.999913 | norm = 0.999375
  Step 1700/10000 | R_avg = 0.999911 | norm = 0.999332
  Step 1800/10000 | R_avg = 0.999911 | norm = 0.999288
  Step 1900/10000 | R_avg = 0.999913 | norm = 0.999242
  Step 2000/10000 | R_avg = 0.99993 | norm = 0.999196
  Step 2100/10000 | R_avg = 0.99993 | norm = 0.999148
  Step 2200/10000 | R_avg = 0.999932 | norm = 0.9991
  Step 2300/10000 | R_avg = 0.99993 | norm = 0.999052
  Step 2400/10000 | R_avg = 0.999913 | norm = 0.999002
  Saved spatial snapshot at t = 25 (step 2500)
  Step 2500/10000 | R_avg = 0.999913 | norm = 0.998953
  Step 2600/10000 | R_avg = 0.999911 | norm = 0.998904
  Step 2700/10000 | R_avg = 0.999911 | norm = 0.998855
  Step 2800/10000 | R_avg = 0.999913 | norm = 0.998807
  Step 2900/10000 | R_avg = 0.99993 | norm = 0.998759
  Step 3000/10000 | R_avg = 0.99993 | norm = 0.998711
  Step 3100/10000 | R_avg = 0.999932 | norm = 0.998664
  Step 3200/10000 | R_avg = 0.99993 | norm = 0.998618
  Step 3300/10000 | R_avg = 0.999913 | norm = 0.998572
  Step 3400/10000 | R_avg = 0.999913 | norm = 0.998526
  Step 3500/10000 | R_avg = 0.999911 | norm = 0.998481
  Step 3600/10000 | R_avg = 0.999911 | norm = 0.998436
  Step 3700/10000 | R_avg = 0.999913 | norm = 0.998391
  Step 3800/10000 | R_avg = 0.99993 | norm = 0.998347
  Step 3900/10000 | R_avg = 0.99993 | norm = 0.998302
  Step 4000/10000 | R_avg = 0.999932 | norm = 0.998258
  Step 4100/10000 | R_avg = 0.99993 | norm = 0.998213
  Step 4200/10000 | R_avg = 0.999913 | norm = 0.998168
  Step 4300/10000 | R_avg = 0.999913 | norm = 0.998124
  Step 4400/10000 | R_avg = 0.999911 | norm = 0.998079
  Step 4500/10000 | R_avg = 0.999911 | norm = 0.998033
  Step 4600/10000 | R_avg = 0.999913 | norm = 0.997988
  Step 4700/10000 | R_avg = 0.99993 | norm = 0.997942
  Step 4800/10000 | R_avg = 0.99993 | norm = 0.997895
  Step 4900/10000 | R_avg = 0.999932 | norm = 0.997848
  Saved spatial snapshot at t = 50 (step 5000)
  Step 5000/10000 | R_avg = 0.99993 | norm = 0.997801
  Step 5100/10000 | R_avg = 0.999913 | norm = 0.997752
  Step 5200/10000 | R_avg = 0.999913 | norm = 0.997704
  Step 5300/10000 | R_avg = 0.999911 | norm = 0.997654
  Step 5400/10000 | R_avg = 0.999911 | norm = 0.997604
  Step 5500/10000 | R_avg = 0.999913 | norm = 0.997554
  Step 5600/10000 | R_avg = 0.99993 | norm = 0.997504
  Step 5700/10000 | R_avg = 0.99993 | norm = 0.997454
  Step 5800/10000 | R_avg = 0.999932 | norm = 0.997405
  Step 5900/10000 | R_avg = 0.99993 | norm = 0.997356
  Step 6000/10000 | R_avg = 0.999913 | norm = 0.997307
  Step 6100/10000 | R_avg = 0.999913 | norm = 0.99726
  Step 6200/10000 | R_avg = 0.999911 | norm = 0.997213
  Step 6300/10000 | R_avg = 0.999911 | norm = 0.997168
  Step 6400/10000 | R_avg = 0.999913 | norm = 0.997123
  Step 6500/10000 | R_avg = 0.99993 | norm = 0.99708
  Step 6600/10000 | R_avg = 0.99993 | norm = 0.997037
  Step 6700/10000 | R_avg = 0.999932 | norm = 0.996995
  Step 6800/10000 | R_avg = 0.99993 | norm = 0.996954
  Step 6900/10000 | R_avg = 0.999913 | norm = 0.996913
  Step 7000/10000 | R_avg = 0.999913 | norm = 0.996873
  Step 7100/10000 | R_avg = 0.999911 | norm = 0.996833
  Step 7200/10000 | R_avg = 0.999911 | norm = 0.996794
  Step 7300/10000 | R_avg = 0.999913 | norm = 0.996755
  Step 7400/10000 | R_avg = 0.99993 | norm = 0.996715
  Saved spatial snapshot at t = 75 (step 7500)
  Step 7500/10000 | R_avg = 0.99993 | norm = 0.996675
  Step 7600/10000 | R_avg = 0.999932 | norm = 0.996635
  Step 7700/10000 | R_avg = 0.99993 | norm = 0.996594
  Step 7800/10000 | R_avg = 0.999913 | norm = 0.996553
  Step 7900/10000 | R_avg = 0.999913 | norm = 0.996511
  Step 8000/10000 | R_avg = 0.999911 | norm = 0.996468
  Step 8100/10000 | R_avg = 0.999911 | norm = 0.996424
  Step 8200/10000 | R_avg = 0.999913 | norm = 0.996379
  Step 8300/10000 | R_avg = 0.99993 | norm = 0.996333
  Step 8400/10000 | R_avg = 0.99993 | norm = 0.996286
  Step 8500/10000 | R_avg = 0.999932 | norm = 0.996238
  Step 8600/10000 | R_avg = 0.99993 | norm = 0.996189
  Step 8700/10000 | R_avg = 0.999913 | norm = 0.99614
  Step 8800/10000 | R_avg = 0.999913 | norm = 0.99609
  Step 8900/10000 | R_avg = 0.999911 | norm = 0.996039
  Step 9000/10000 | R_avg = 0.999911 | norm = 0.995989
  Step 9100/10000 | R_avg = 0.999913 | norm = 0.995939
  Step 9200/10000 | R_avg = 0.99993 | norm = 0.995889
  Step 9300/10000 | R_avg = 0.99993 | norm = 0.995839
  Step 9400/10000 | R_avg = 0.999932 | norm = 0.99579
  Step 9500/10000 | R_avg = 0.99993 | norm = 0.995742
  Step 9600/10000 | R_avg = 0.999913 | norm = 0.995694
  Step 9700/10000 | R_avg = 0.999913 | norm = 0.995646
  Step 9800/10000 | R_avg = 0.999911 | norm = 0.9956
  Step 9900/10000 | R_avg = 0.999911 | norm = 0.995553
  Saved spatial snapshot at t = 99.99 (step 9999)

===== Global Validation =====
✓ Global validation PASSED
  ✓ Probability Conservation: ||ψ||² = 0.995507 (drift: 0.449455% from initial 1) ✓ PASS
  ✓ Energy Conservation: E_total = 1.30373 (drift: 0.448077% from initial 1.3096) ✓ PASS
  ✓ Order Parameter Bounds: R ∈ [1, 1] ✓ PASS (within [0,1])
  ✓ Causality: v = |p|/E = 0.414979 (c = 1) ✓ PASS (v ≤ c)
  ✓ Numerical Stability: All fields finite ✓ PASS

===== Scenario 2.3: Relativistic Mass Validation =====
  Boost velocity: v = 0.5c
  Theoretical gamma: γ = 1.1547
✗ Scenario validation FAILED:
  ✗ 1. θ(x,y,t=0) shows vortex structure (W = ±1): Winding number W = 0 ✗ FAIL (expect |W| = 1 ± 0.2)
  ✗ 3. R(x,y,t=0) shows core (R_min < 0.5): R_min = 1 ✗ FAIL (expect R_min < 0.5)
  ✗ 4. ψ(x,y,t=0) is Gaussian at offset position: Wavepacket variance = 4.09409e-08 ✗ FAIL (too uniform, not Gaussian)
  ✗ 5. ⟨p⟩(t=0) = γmv (within 5%): ⟨p⟩ = 0.543498 (expect 0.57735, error = 5.86337%) ✗ FAIL (exceeds 5% tolerance)
  ✓ 6. γ_measured(t=final) within 5% of theory: γ_measured = 1.18628 (γ_theory = 1.1547, error = 2.73517%) ✓ PASS
  Norm validation: max_error = 0.0044927 ✓ PASS
  Energy validation: max_drift = 0.00453391 ✓ PASS
  Saved observables to /home/persist/neotec/0rigin/output/20251226_231659_scenario_2.5B_boosted_frame_analysis_256x256_v0.5/N_10/observables.csv

--- Testing with N=100 ---
  Dirac initialization (grid-independent):
    Position: (50, 50) ℓ_P
    Width: 3 ℓ_P
    Grid coordinates: (128, 128) grid units
    Grid width: 7.68 grid units
  Using Dirac solver (spinor field) with boosted initialization
    Background R (expected): 1
[SMFT] Boosted Gaussian initialization:
  Position: (128, 128) grid units
  Width: σ = 7.68 grid units
  Velocity: v = (0.5, 0)c
  |v| = 0.5c
  Lorentz factor: γ = 1.1547
  Rest mass: m₀ = Δ·R = 1 × 1 = 1 m_P
  Momentum: p = (0.57735, 0) m_P·c
  |p| = 0.57735 m_P·c
  Pre-normalization: ∫|Ψ|² = 370.596
  Normalization factor: 19.2509
[DiracEvolution] Initialized Gaussian wavepacket at (128, 128) with σ=7.68
  Final norm: ||Ψ||² = 0.999994
  Initial position: <r> = (128, 128)
✓ Boosted Gaussian initialized
[SMFTEngine] Boosted Dirac field initialized: center=(128,128), sigma=7.68, boost=(0.5,0)c, norm=0.999994, <r>=(128,128)
[DiracEvolution] Initialized 256x256 4-component spinor field (particle, β=1)
[SMFT] Boosted Gaussian initialization:
  Position: (128, 128) grid units
  Width: σ = 7.68 grid units
  Velocity: v = (0.5, 0)c
  |v| = 0.5c
  Lorentz factor: γ = 1.1547
  Rest mass: m₀ = Δ·R = 1 × 1 = 1 m_P
  Momentum: p = (0.57735, 0) m_P·c
  |p| = 0.57735 m_P·c
  Pre-normalization: ∫|Ψ|² = 370.596
  Normalization factor: 19.2509
[DiracEvolution] Initialized Gaussian wavepacket at (128, 128) with σ=7.68
  Final norm: ||Ψ||² = 0.999994
  Initial position: <r> = (128, 128)
✓ Boosted Gaussian initialized
  Initial energy E0 = 1.30971
  Initial norm = 1
  Saved spatial snapshot at t = 0 (step 0)
  Step 0/10000 | R_avg = 0.999913 | norm = 1
  Step 100/10000 | R_avg = 0.99993 | norm = 0.999961
  Step 200/10000 | R_avg = 0.99993 | norm = 0.999921
  Step 300/10000 | R_avg = 0.999932 | norm = 0.999881
  Step 400/10000 | R_avg = 0.99993 | norm = 0.999843
  Step 500/10000 | R_avg = 0.999913 | norm = 0.999804
  Step 600/10000 | R_avg = 0.999913 | norm = 0.999766
  Step 700/10000 | R_avg = 0.999911 | norm = 0.999728
  Step 800/10000 | R_avg = 0.999911 | norm = 0.999691
  Step 900/10000 | R_avg = 0.999913 | norm = 0.999653
  Step 1000/10000 | R_avg = 0.99993 | norm = 0.999615
  Step 1100/10000 | R_avg = 0.99987 | norm = 0.999577
  Step 1200/10000 | R_avg = 0.999867 | norm = 0.999539
  Step 1300/10000 | R_avg = 0.999867 | norm = 0.999499
  Step 1400/10000 | R_avg = 0.999866 | norm = 0.999459
  Step 1500/10000 | R_avg = 0.99985 | norm = 0.999418
  Step 1600/10000 | R_avg = 0.999852 | norm = 0.999376
  Step 1700/10000 | R_avg = 0.999851 | norm = 0.999333
  Step 1800/10000 | R_avg = 0.999852 | norm = 0.999288
  Step 1900/10000 | R_avg = 0.999854 | norm = 0.999243
  Step 2000/10000 | R_avg = 0.999868 | norm = 0.999197
  Step 2100/10000 | R_avg = 0.999867 | norm = 0.999149
  Step 2200/10000 | R_avg = 0.999867 | norm = 0.999101
  Step 2300/10000 | R_avg = 0.999866 | norm = 0.999052
  Step 2400/10000 | R_avg = 0.99985 | norm = 0.999003
  Saved spatial snapshot at t = 25 (step 2500)
  Step 2500/10000 | R_avg = 0.999852 | norm = 0.998954
  Step 2600/10000 | R_avg = 0.999851 | norm = 0.998905
  Step 2700/10000 | R_avg = 0.999852 | norm = 0.998856
  Step 2800/10000 | R_avg = 0.999854 | norm = 0.998807
  Step 2900/10000 | R_avg = 0.999925 | norm = 0.998759
  Step 3000/10000 | R_avg = 0.999925 | norm = 0.998712
  Step 3100/10000 | R_avg = 0.999926 | norm = 0.998665
  Step 3200/10000 | R_avg = 0.999929 | norm = 0.998619
  Step 3300/10000 | R_avg = 0.999912 | norm = 0.998573
  Step 3400/10000 | R_avg = 0.999912 | norm = 0.998527
  Step 3500/10000 | R_avg = 0.999908 | norm = 0.998482
  Step 3600/10000 | R_avg = 0.999909 | norm = 0.998437
  Step 3700/10000 | R_avg = 0.999908 | norm = 0.998392
  Step 3800/10000 | R_avg = 0.999925 | norm = 0.998348
  Step 3900/10000 | R_avg = 0.999925 | norm = 0.998303
  Step 4000/10000 | R_avg = 0.999926 | norm = 0.998258
  Step 4100/10000 | R_avg = 0.999929 | norm = 0.998214
  Step 4200/10000 | R_avg = 0.999912 | norm = 0.998169
  Step 4300/10000 | R_avg = 0.999909 | norm = 0.998125
  Step 4400/10000 | R_avg = 0.999909 | norm = 0.99808
  Step 4500/10000 | R_avg = 0.999925 | norm = 0.998034
  Step 4600/10000 | R_avg = 0.999927 | norm = 0.997989
  Step 4700/10000 | R_avg = 0.999928 | norm = 0.997943
  Step 4800/10000 | R_avg = 0.999929 | norm = 0.997897
  Step 4900/10000 | R_avg = 0.99991 | norm = 0.99785
  Saved spatial snapshot at t = 50 (step 5000)
  Step 5000/10000 | R_avg = 0.999911 | norm = 0.997802
  Step 5100/10000 | R_avg = 0.999908 | norm = 0.997754
  Step 5200/10000 | R_avg = 0.999909 | norm = 0.997705
  Step 5300/10000 | R_avg = 0.999909 | norm = 0.997656
  Step 5400/10000 | R_avg = 0.999925 | norm = 0.997606
  Step 5500/10000 | R_avg = 0.999927 | norm = 0.997556
  Step 5600/10000 | R_avg = 0.999928 | norm = 0.997506
  Step 5700/10000 | R_avg = 0.999929 | norm = 0.997456
  Step 5800/10000 | R_avg = 0.99991 | norm = 0.997406
  Step 5900/10000 | R_avg = 0.999911 | norm = 0.997357
  Step 6000/10000 | R_avg = 0.999908 | norm = 0.997309
  Step 6100/10000 | R_avg = 0.999909 | norm = 0.997261
  Step 6200/10000 | R_avg = 0.999909 | norm = 0.997215
  Step 6300/10000 | R_avg = 0.999925 | norm = 0.997169
  Step 6400/10000 | R_avg = 0.999927 | norm = 0.997125
  Step 6500/10000 | R_avg = 0.999928 | norm = 0.997081
  Step 6600/10000 | R_avg = 0.999929 | norm = 0.997039
  Step 6700/10000 | R_avg = 0.99991 | norm = 0.996997
  Step 6800/10000 | R_avg = 0.999911 | norm = 0.996956
  Step 6900/10000 | R_avg = 0.999912 | norm = 0.996915
  Step 7000/10000 | R_avg = 0.99993 | norm = 0.996875
  Step 7100/10000 | R_avg = 0.999932 | norm = 0.996835
  Step 7200/10000 | R_avg = 0.999932 | norm = 0.996796
  Step 7300/10000 | R_avg = 0.999934 | norm = 0.996756
  Step 7400/10000 | R_avg = 0.999915 | norm = 0.996717
  Saved spatial snapshot at t = 75 (step 7500)
  Step 7500/10000 | R_avg = 0.999915 | norm = 0.996677
  Step 7600/10000 | R_avg = 0.999915 | norm = 0.996637
  Step 7700/10000 | R_avg = 0.999914 | norm = 0.996596
  Step 7800/10000 | R_avg = 0.999912 | norm = 0.996555
  Step 7900/10000 | R_avg = 0.999927 | norm = 0.996513
  Step 8000/10000 | R_avg = 0.999928 | norm = 0.99647
  Step 8100/10000 | R_avg = 0.99993 | norm = 0.996425
  Step 8200/10000 | R_avg = 0.99993 | norm = 0.99638
  Step 8300/10000 | R_avg = 0.999909 | norm = 0.996334
  Step 8400/10000 | R_avg = 0.999908 | norm = 0.996288
  Step 8500/10000 | R_avg = 0.999907 | norm = 0.996239
  Step 8600/10000 | R_avg = 0.999907 | norm = 0.996191
  Step 8700/10000 | R_avg = 0.999907 | norm = 0.996141
  Step 8800/10000 | R_avg = 0.999927 | norm = 0.996091
  Step 8900/10000 | R_avg = 0.999928 | norm = 0.996041
  Step 9000/10000 | R_avg = 0.99993 | norm = 0.99599
  Step 9100/10000 | R_avg = 0.99993 | norm = 0.995941
  Step 9200/10000 | R_avg = 0.999909 | norm = 0.995891
  Step 9300/10000 | R_avg = 0.999908 | norm = 0.995841
  Step 9400/10000 | R_avg = 0.999907 | norm = 0.995792
  Step 9500/10000 | R_avg = 0.999907 | norm = 0.995744
  Step 9600/10000 | R_avg = 0.999907 | norm = 0.995696
  Step 9700/10000 | R_avg = 0.999927 | norm = 0.995649
  Step 9800/10000 | R_avg = 0.999928 | norm = 0.995602
  Step 9900/10000 | R_avg = 0.99993 | norm = 0.995555
  Saved spatial snapshot at t = 99.99 (step 9999)

===== Global Validation =====
✓ Global validation PASSED
  ✓ Probability Conservation: ||ψ||² = 0.995509 (drift: 0.449249% from initial 1) ✓ PASS
  ✓ Energy Conservation: E_total = 1.30366 (drift: 0.442985% from initial 1.30946) ✓ PASS
  ✓ Order Parameter Bounds: R ∈ [1, 1] ✓ PASS (within [0,1])
  ✓ Causality: v = |p|/E = 0.414984 (c = 1) ✓ PASS (v ≤ c)
  ✓ Numerical Stability: All fields finite ✓ PASS

===== Scenario 2.3: Relativistic Mass Validation =====
  Boost velocity: v = 0.5c
  Theoretical gamma: γ = 1.1547
✗ Scenario validation FAILED:
  ✗ 1. θ(x,y,t=0) shows vortex structure (W = ±1): Winding number W = 0 ✗ FAIL (expect |W| = 1 ± 0.2)
  ✗ 3. R(x,y,t=0) shows core (R_min < 0.5): R_min = 1 ✗ FAIL (expect R_min < 0.5)
  ✗ 4. ψ(x,y,t=0) is Gaussian at offset position: Wavepacket variance = 4.09409e-08 ✗ FAIL (too uniform, not Gaussian)
  ✗ 5. ⟨p⟩(t=0) = γmv (within 5%): ⟨p⟩ = 0.543498 (expect 0.57735, error = 5.86337%) ✗ FAIL (exceeds 5% tolerance)
  ✓ 6. γ_measured(t=final) within 5% of theory: γ_measured = 1.18619 (γ_theory = 1.1547, error = 2.72722%) ✓ PASS
  Norm validation: max_error = 0.00449064 ✓ PASS
  Energy validation: max_drift = 0.00445134 ✓ PASS
  Saved observables to /home/persist/neotec/0rigin/output/20251226_231659_scenario_2.5B_boosted_frame_analysis_256x256_v0.5/N_100/observables.csv

--- Validating Convergence ---
✓ Convergence validation PASSED

========================================
Grid: 256×256 | Velocity: v=0.7c
========================================

Initializing engine for 256×256 grid, velocity v=0.7c...
[SMFTEngine] Resources cleanup delegated to component managers

[SMFTEngine] Physical Interpretation:
  Vacuum potential Δ = 1 (Planck mass in natural units)
  Synchronization field R(x) → Emergent spacetime metric
  Mass field m(x) = Δ·R(x) → Local energy density
  ∇R(x) → Gravitational field (not separate force)
  Grid: 256 x 256 oscillators

[SMFTEngine] Created GPU buffers for 256x256 grid
  Phase buffers: 262144 bytes each
  Spinor buffer: 2097152 bytes
  Accumulator buffers: 262144 bytes each (operator splitting)
[SMFTEngine] Created compute pipelines
  ✓ Kuramoto pipeline
  ✓ Sync field pipeline
  ✓ Gravity field pipeline
  ✓ Stochastic Kuramoto pipeline
  ✓ Stochastic Dirac pipeline
  ✓ Accumulation pipeline (operator splitting)
Created experiment directory: /home/persist/neotec/0rigin/output/20251227_003148_scenario_2.5B_boosted_frame_analysis_256x256_v0.7
[OutputManager] Created timestamped directory: /home/persist/neotec/0rigin/output/20251227_003148_scenario_2.5B_boosted_frame_analysis_256x256_v0.7
