[Logging] Console output for 128x128 writing to: /home/persist/neotec/0rigin/output/20251223_104011_scenario_2.5A_klein_gordon_comparison/console.log

--- Testing with N=10 ---
  Vortex initialization (grid-independent):
    Domain size: 100 ℓ_P
    Grid spacing: 0.78125 ℓ_P
    Core radius: 3 ℓ_P (3.84 grid points)
    Center: (50, 50) ℓ_P
    Winding number: W = 1
  Dirac initialization (grid-independent):
    Position: (60, 50) ℓ_P
    Width: 3 ℓ_P
    Grid coordinates: (76.8, 64) grid units
    Grid width: 3.84 grid units
  Using Klein-Gordon solver (scalar field)
[KleinGordonEvolution] Initialized 128x128 scalar field
[KleinGordonEvolution] Initialized Gaussian wavepacket at (76.8, 64) with σ=3.84
[SMFTEngine] Klein-Gordon field initialized: center=(76.8,64), sigma=3.84, norm=0.999999
[DiracEvolution] Initialized 128x128 4-component spinor field
[DiracEvolution] Initialized Gaussian wavepacket at (76.8, 64) with σ=3.84
  Initial energy E0 = 0.0655684
  Initial norm = 1
[stepWithDirac] Strang splitting enabled:
  substep_ratio=10
  substep_dt=0.001
  half_substeps=5
  remaining_substeps=5
  Saved spatial snapshot at t = 0 (step 0)
  Step 0/5000 | R_avg = 0.983549 | norm = 1
  Step 500/5000 | R_avg = 0.983672 | norm = 1
  Saved spatial snapshot at t = 10 (step 1000)
  Step 1000/5000 | R_avg = 0.983626 | norm = 1
  Step 1500/5000 | R_avg = 0.983604 | norm = 1
  Step 2000/5000 | R_avg = 0.983641 | norm = 1
  Saved spatial snapshot at t = 25 (step 2500)
  Step 2500/5000 | R_avg = 0.983603 | norm = 1
  Step 3000/5000 | R_avg = 0.983618 | norm = 1
  Step 3500/5000 | R_avg = 0.983196 | norm = 1
  Step 4000/5000 | R_avg = 0.983629 | norm = 1
  Step 4500/5000 | R_avg = 0.983637 | norm = 1

===== Global Validation =====
✓ Global validation PASSED
  ✓ Probability Conservation: ||ψ||² = 1 (drift: 0% from initial 1) ✓ PASS
  ✓ Energy Conservation: E_total = 0.0655684 (drift: 0% from initial 0.0655684) ✓ PASS
  ✓ Order Parameter Bounds: R ∈ [0, 0] ✓ PASS (within [0,1])
  ✓ Causality: v = |p|/E = 0 (c = 1) ✓ PASS (v ≤ c)
  ✓ Numerical Stability: All fields finite ✓ PASS

===== Scenario 2.3: Relativistic Mass Validation =====
  Boost velocity: v = 0c
  Theoretical gamma: γ = 1
✗ Scenario validation FAILED:
  ✓ 1. θ(x,y,t=0) shows vortex structure (W = ±1): Winding number W = 1 ✓ PASS (|W| ≈ 1)
  ✓ 3. R(x,y,t=0) shows core (R_min < 0.5): R_min = 0 ✓ PASS (< 0.5)
  ✗ 4. ψ(x,y,t=0) is Gaussian at offset position: Wavepacket variance = 6.55051e-07 ✗ FAIL (too uniform, not Gaussian)
  ✓ 5. ⟨p⟩(t=0) = γmv (within 5%): ⟨p⟩ = 0 (expect 0, error = 0%) ✓ PASS
  ✗ 6. γ_measured(t=final) within 5% of theory: γ_measured = 0.0666595 (γ_theory = 1, error = 93.334%) ✗ FAIL (exceeds 5% tolerance)
  Norm validation: max_error = 0 ✓ PASS
  Energy validation: max_drift = 0 ✓ PASS
  Saved observables to /home/persist/neotec/0rigin/output/20251223_104011_scenario_2.5A_klein_gordon_comparison/N_10/observables.csv

--- Validating Convergence ---
✗ Convergence validation FAILED

[3/3] Generating report...

✓ Report saved to /home/persist/neotec/0rigin/output/20251223_104011_scenario_2.5A_klein_gordon_comparison/test_report.txt

===== Test Summary =====
✗ TESTS FAILED

Some validation criteria not met.
Check test report for details.
