[Logging] Console output for 256x256 v=0.95c writing to: /home/persist/neotec/0rigin/output/20251227_031305_scenario_2.5C_ultra_relativistic_limit_256x256_v0.9/console.log

--- Testing with N=1 ---
  Dirac initialization (grid-independent):
    Position: (50, 50) ℓ_P
    Width: 3 ℓ_P
    Grid coordinates: (128, 128) grid units
    Grid width: 7.68 grid units
  Using Dirac solver (spinor field) with boosted initialization
    Background R (expected): 1
[DiracEvolution] Initialized 256x256 4-component spinor field (particle, β=1)
[SMFT] Boosted Gaussian initialization:
  Position: (128, 128) grid units
  Width: σ = 7.68 grid units
  Velocity: v = (0.95, 0)c
  |v| = 0.95c
  Lorentz factor: γ = 3.20256
  Rest mass: m₀ = Δ·R = 1 × 1 = 1 m_P
  Momentum: p = (3.04243, 0) m_P·c
  |p| = 3.04243 m_P·c
  Pre-normalization: ∫|Ψ|² = 370.596
  Normalization factor: 19.2509
[DiracEvolution] Initialized Gaussian wavepacket at (128, 128) with σ=7.68
  Final norm: ||Ψ||² = 0.999994
  Initial position: <r> = (128, 128)
✓ Boosted Gaussian initialized
[SMFTEngine] Boosted Dirac field initialized: center=(128,128), sigma=7.68, boost=(0.95,0)c, norm=0.999994, <r>=(128,128)
[DiracEvolution] Initialized 256x256 4-component spinor field (particle, β=1)
[SMFT] Boosted Gaussian initialization:
  Position: (128, 128) grid units
  Width: σ = 7.68 grid units
  Velocity: v = (0.95, 0)c
  |v| = 0.95c
  Lorentz factor: γ = 3.20256
  Rest mass: m₀ = Δ·R = 1 × 1 = 1 m_P
  Momentum: p = (3.04243, 0) m_P·c
  |p| = 3.04243 m_P·c
  Pre-normalization: ∫|Ψ|² = 370.596
  Normalization factor: 19.2509
[DiracEvolution] Initialized Gaussian wavepacket at (128, 128) with σ=7.68
  Final norm: ||Ψ||² = 0.999994
  Initial position: <r> = (128, 128)
✓ Boosted Gaussian initialized
  Initial energy E0 = 1.02645
  Initial norm = 1
  Saved spatial snapshot at t = 0 (step 0)
  Step 0/10000 | R_avg = 0.999748 | norm = 1
  Step 200/10000 | R_avg = 0.999733 | norm = 0.999922
  Step 400/10000 | R_avg = 0.999736 | norm = 0.999842
  Step 600/10000 | R_avg = 0.999735 | norm = 0.999764
  Step 800/10000 | R_avg = 0.999799 | norm = 0.999687
  Step 1000/10000 | R_avg = 0.999754 | norm = 0.99961
  Step 1200/10000 | R_avg = 0.999707 | norm = 0.999534
  Step 1400/10000 | R_avg = 0.999741 | norm = 0.999457
  Step 1600/10000 | R_avg = 0.999715 | norm = 0.999382
  Step 1800/10000 | R_avg = 0.999722 | norm = 0.999306
  Step 2000/10000 | R_avg = 0.999747 | norm = 0.99923
  Step 2200/10000 | R_avg = 0.999741 | norm = 0.999153
  Step 2400/10000 | R_avg = 0.999769 | norm = 0.999076
  Saved spatial snapshot at t = 12.5 (step 2500)
  Step 2600/10000 | R_avg = 0.999749 | norm = 0.998998
  Step 2800/10000 | R_avg = 0.999786 | norm = 0.998919
  Step 3000/10000 | R_avg = 0.999745 | norm = 0.998839
  Step 3200/10000 | R_avg = 0.999751 | norm = 0.998757
  Step 3400/10000 | R_avg = 0.999757 | norm = 0.998675
  Step 3600/10000 | R_avg = 0.999734 | norm = 0.998591
  Step 3800/10000 | R_avg = 0.999754 | norm = 0.998507
  Step 4000/10000 | R_avg = 0.999752 | norm = 0.998421
  Step 4200/10000 | R_avg = 0.999748 | norm = 0.998335
  Step 4400/10000 | R_avg = 0.999754 | norm = 0.998247
  Step 4600/10000 | R_avg = 0.99975 | norm = 0.998159
  Step 4800/10000 | R_avg = 0.999744 | norm = 0.998071
  Saved spatial snapshot at t = 25 (step 5000)
  Step 5000/10000 | R_avg = 0.999758 | norm = 0.997983
  Step 5200/10000 | R_avg = 0.999747 | norm = 0.997894
  Step 5400/10000 | R_avg = 0.999753 | norm = 0.997806
  Step 5600/10000 | R_avg = 0.999709 | norm = 0.997718
  Step 5800/10000 | R_avg = 0.999809 | norm = 0.99763
  Step 6000/10000 | R_avg = 0.999748 | norm = 0.997542
  Step 6200/10000 | R_avg = 0.99974 | norm = 0.997455
  Step 6400/10000 | R_avg = 0.999747 | norm = 0.997369
  Step 6600/10000 | R_avg = 0.999756 | norm = 0.997282
  Step 6800/10000 | R_avg = 0.999716 | norm = 0.997197
  Step 7000/10000 | R_avg = 0.999871 | norm = 0.997112
  Step 7200/10000 | R_avg = 0.999857 | norm = 0.997027
  Step 7400/10000 | R_avg = 0.999758 | norm = 0.996942
  Saved spatial snapshot at t = 37.5 (step 7500)
  Step 7600/10000 | R_avg = 0.999755 | norm = 0.996858
  Step 7800/10000 | R_avg = 0.999754 | norm = 0.996774
  Step 8000/10000 | R_avg = 0.999752 | norm = 0.99669
  Step 8200/10000 | R_avg = 0.999768 | norm = 0.996606
  Step 8400/10000 | R_avg = 0.99975 | norm = 0.996522
  Step 8600/10000 | R_avg = 0.999869 | norm = 0.996438
  Step 8800/10000 | R_avg = 0.99975 | norm = 0.996353
  Step 9000/10000 | R_avg = 0.999747 | norm = 0.996269
  Step 9200/10000 | R_avg = 0.999754 | norm = 0.996183
  Step 9400/10000 | R_avg = 0.999747 | norm = 0.996097
  Step 9600/10000 | R_avg = 0.999752 | norm = 0.996011
  Step 9800/10000 | R_avg = 0.999738 | norm = 0.995924
  Saved spatial snapshot at t = 49.995 (step 9999)

===== Global Validation =====
✓ Global validation PASSED
  ✓ Probability Conservation: ||ψ||² = 0.995837 (drift: 0.416512% from initial 1) ✓ PASS
  ✓ Energy Conservation: E_total = 1.0223 (drift: 0.378249% from initial 1.02618) ✓ PASS
  ✓ Order Parameter Bounds: R ∈ [1, 1] ✓ PASS (within [0,1])
  ✓ Causality: v = |p|/E = 0.0960324 (c = 1) ✓ PASS (v ≤ c)
  ✓ Numerical Stability: All fields finite ✓ PASS

===== Scenario 2.3: Relativistic Mass Validation =====
  Boost velocity: v = 0.95c
  Theoretical gamma: γ = 3.20256
✗ Scenario validation FAILED:
  ✗ 1. θ(x,y,t=0) shows vortex structure (W = ±1): Winding number W = 0 ✗ FAIL (expect |W| = 1 ± 0.2)
  ✗ 3. R(x,y,t=0) shows core (R_min < 0.5): R_min = 1 ✗ FAIL (expect R_min < 0.5)
  ✗ 4. ψ(x,y,t=0) is Gaussian at offset position: Wavepacket variance = 4.09409e-08 ✗ FAIL (too uniform, not Gaussian)
  ✗ 5. ⟨p⟩(t=0) = γmv (within 5%): ⟨p⟩ = 0.098577 (expect 3.04243, error = 96.7599%) ✗ FAIL (exceeds 5% tolerance)
  ✗ 6. γ_measured(t=final) within 5% of theory: γ_measured = 1.01783 (γ_theory = 3.20256, error = 68.2182%) ✗ FAIL (exceeds 5% tolerance)
  Norm validation: max_error = 0.00416313 ✓ PASS
  Energy validation: max_drift = 0.00394174 ✓ PASS
  Saved observables to /home/persist/neotec/0rigin/output/20251227_031305_scenario_2.5C_ultra_relativistic_limit_256x256_v0.9/N_1/observables.csv

--- Testing with N=10 ---
  Dirac initialization (grid-independent):
    Position: (50, 50) ℓ_P
    Width: 3 ℓ_P
    Grid coordinates: (128, 128) grid units
    Grid width: 7.68 grid units
  Using Dirac solver (spinor field) with boosted initialization
    Background R (expected): 1
[SMFT] Boosted Gaussian initialization:
  Position: (128, 128) grid units
  Width: σ = 7.68 grid units
  Velocity: v = (0.95, 0)c
  |v| = 0.95c
  Lorentz factor: γ = 3.20256
  Rest mass: m₀ = Δ·R = 1 × 1 = 1 m_P
  Momentum: p = (3.04243, 0) m_P·c
  |p| = 3.04243 m_P·c
  Pre-normalization: ∫|Ψ|² = 370.596
  Normalization factor: 19.2509
[DiracEvolution] Initialized Gaussian wavepacket at (128, 128) with σ=7.68
  Final norm: ||Ψ||² = 0.999994
  Initial position: <r> = (128, 128)
✓ Boosted Gaussian initialized
[SMFTEngine] Boosted Dirac field initialized: center=(128,128), sigma=7.68, boost=(0.95,0)c, norm=0.999994, <r>=(128,128)
[DiracEvolution] Initialized 256x256 4-component spinor field (particle, β=1)
[SMFT] Boosted Gaussian initialization:
  Position: (128, 128) grid units
  Width: σ = 7.68 grid units
  Velocity: v = (0.95, 0)c
  |v| = 0.95c
  Lorentz factor: γ = 3.20256
  Rest mass: m₀ = Δ·R = 1 × 1 = 1 m_P
  Momentum: p = (3.04243, 0) m_P·c
  |p| = 3.04243 m_P·c
  Pre-normalization: ∫|Ψ|² = 370.596
  Normalization factor: 19.2509
[DiracEvolution] Initialized Gaussian wavepacket at (128, 128) with σ=7.68
  Final norm: ||Ψ||² = 0.999994
  Initial position: <r> = (128, 128)
✓ Boosted Gaussian initialized
  Initial energy E0 = 1.02645
  Initial norm = 1
  Saved spatial snapshot at t = 0 (step 0)
  Step 0/10000 | R_avg = 0.999758 | norm = 1
  Step 200/10000 | R_avg = 0.999744 | norm = 0.999922
  Step 400/10000 | R_avg = 0.999735 | norm = 0.999843
  Step 600/10000 | R_avg = 0.99975 | norm = 0.999764
  Step 800/10000 | R_avg = 0.999749 | norm = 0.999687
  Step 1000/10000 | R_avg = 0.999748 | norm = 0.99961
  Step 1200/10000 | R_avg = 0.999742 | norm = 0.999534
  Step 1400/10000 | R_avg = 0.999753 | norm = 0.999458
  Step 1600/10000 | R_avg = 0.999746 | norm = 0.999382
  Step 1800/10000 | R_avg = 0.999754 | norm = 0.999306
  Step 2000/10000 | R_avg = 0.999744 | norm = 0.99923
  Step 2200/10000 | R_avg = 0.999742 | norm = 0.999154
  Step 2400/10000 | R_avg = 0.999745 | norm = 0.999077
  Saved spatial snapshot at t = 12.5 (step 2500)
  Step 2600/10000 | R_avg = 0.999745 | norm = 0.998998
  Step 2800/10000 | R_avg = 0.999756 | norm = 0.998919
  Step 3000/10000 | R_avg = 0.999751 | norm = 0.998839
  Step 3200/10000 | R_avg = 0.999752 | norm = 0.998758
  Step 3400/10000 | R_avg = 0.999742 | norm = 0.998676
  Step 3600/10000 | R_avg = 0.999774 | norm = 0.998592
  Step 3800/10000 | R_avg = 0.99976 | norm = 0.998508
  Step 4000/10000 | R_avg = 0.99976 | norm = 0.998422
  Step 4200/10000 | R_avg = 0.999759 | norm = 0.998335
  Step 4400/10000 | R_avg = 0.999756 | norm = 0.998248
  Step 4600/10000 | R_avg = 0.99975 | norm = 0.99816
  Step 4800/10000 | R_avg = 0.999752 | norm = 0.998072
  Saved spatial snapshot at t = 25 (step 5000)
  Step 5000/10000 | R_avg = 0.999751 | norm = 0.997984
  Step 5200/10000 | R_avg = 0.999753 | norm = 0.997896
  Step 5400/10000 | R_avg = 0.999752 | norm = 0.997807
  Step 5600/10000 | R_avg = 0.999763 | norm = 0.997719
  Step 5800/10000 | R_avg = 0.999766 | norm = 0.997631
  Step 6000/10000 | R_avg = 0.999753 | norm = 0.997543
  Step 6200/10000 | R_avg = 0.99976 | norm = 0.997456
  Step 6400/10000 | R_avg = 0.999759 | norm = 0.997369
  Step 6600/10000 | R_avg = 0.999742 | norm = 0.997283
  Step 6800/10000 | R_avg = 0.999737 | norm = 0.997197
  Step 7000/10000 | R_avg = 0.999754 | norm = 0.997112
  Step 7200/10000 | R_avg = 0.999769 | norm = 0.997027
  Step 7400/10000 | R_avg = 0.999814 | norm = 0.996943
  Saved spatial snapshot at t = 37.5 (step 7500)
  Step 7600/10000 | R_avg = 0.999738 | norm = 0.996859
  Step 7800/10000 | R_avg = 0.999766 | norm = 0.996774
  Step 8000/10000 | R_avg = 0.999758 | norm = 0.99669
  Step 8200/10000 | R_avg = 0.999766 | norm = 0.996606
  Step 8400/10000 | R_avg = 0.999766 | norm = 0.996522
  Step 8600/10000 | R_avg = 0.999764 | norm = 0.996438
  Step 8800/10000 | R_avg = 0.999758 | norm = 0.996353
  Step 9000/10000 | R_avg = 0.999764 | norm = 0.996268
  Step 9200/10000 | R_avg = 0.999774 | norm = 0.996183
  Step 9400/10000 | R_avg = 0.999762 | norm = 0.996097
  Step 9600/10000 | R_avg = 0.999761 | norm = 0.99601
  Step 9800/10000 | R_avg = 0.999754 | norm = 0.995923
  Saved spatial snapshot at t = 49.995 (step 9999)

===== Global Validation =====
✓ Global validation PASSED
  ✓ Probability Conservation: ||ψ||² = 0.995836 (drift: 0.416592% from initial 1) ✓ PASS
  ✓ Energy Conservation: E_total = 1.02216 (drift: 0.406784% from initial 1.02633) ✓ PASS
  ✓ Order Parameter Bounds: R ∈ [1, 1] ✓ PASS (within [0,1])
  ✓ Causality: v = |p|/E = 0.0960638 (c = 1) ✓ PASS (v ≤ c)
  ✓ Numerical Stability: All fields finite ✓ PASS

===== Scenario 2.3: Relativistic Mass Validation =====
  Boost velocity: v = 0.95c
  Theoretical gamma: γ = 3.20256
✗ Scenario validation FAILED:
  ✗ 1. θ(x,y,t=0) shows vortex structure (W = ±1): Winding number W = 0 ✗ FAIL (expect |W| = 1 ± 0.2)
  ✗ 3. R(x,y,t=0) shows core (R_min < 0.5): R_min = 1 ✗ FAIL (expect R_min < 0.5)
  ✗ 4. ψ(x,y,t=0) is Gaussian at offset position: Wavepacket variance = 4.09409e-08 ✗ FAIL (too uniform, not Gaussian)
  ✗ 5. ⟨p⟩(t=0) = γmv (within 5%): ⟨p⟩ = 0.098577 (expect 3.04243, error = 96.7599%) ✗ FAIL (exceeds 5% tolerance)
  ✗ 6. γ_measured(t=final) within 5% of theory: γ_measured = 1.01767 (γ_theory = 3.20256, error = 68.2232%) ✗ FAIL (exceeds 5% tolerance)
  Norm validation: max_error = 0.004164 ✓ PASS
  Energy validation: max_drift = 0.00412498 ✓ PASS
  Saved observables to /home/persist/neotec/0rigin/output/20251227_031305_scenario_2.5C_ultra_relativistic_limit_256x256_v0.9/N_10/observables.csv

--- Testing with N=100 ---
  Dirac initialization (grid-independent):
    Position: (50, 50) ℓ_P
    Width: 3 ℓ_P
    Grid coordinates: (128, 128) grid units
    Grid width: 7.68 grid units
  Using Dirac solver (spinor field) with boosted initialization
    Background R (expected): 1
[SMFT] Boosted Gaussian initialization:
  Position: (128, 128) grid units
  Width: σ = 7.68 grid units
  Velocity: v = (0.95, 0)c
  |v| = 0.95c
  Lorentz factor: γ = 3.20256
  Rest mass: m₀ = Δ·R = 1 × 1 = 1 m_P
  Momentum: p = (3.04243, 0) m_P·c
  |p| = 3.04243 m_P·c
  Pre-normalization: ∫|Ψ|² = 370.596
  Normalization factor: 19.2509
[DiracEvolution] Initialized Gaussian wavepacket at (128, 128) with σ=7.68
  Final norm: ||Ψ||² = 0.999994
  Initial position: <r> = (128, 128)
✓ Boosted Gaussian initialized
[SMFTEngine] Boosted Dirac field initialized: center=(128,128), sigma=7.68, boost=(0.95,0)c, norm=0.999994, <r>=(128,128)
[DiracEvolution] Initialized 256x256 4-component spinor field (particle, β=1)
[SMFT] Boosted Gaussian initialization:
  Position: (128, 128) grid units
  Width: σ = 7.68 grid units
  Velocity: v = (0.95, 0)c
  |v| = 0.95c
  Lorentz factor: γ = 3.20256
  Rest mass: m₀ = Δ·R = 1 × 1 = 1 m_P
  Momentum: p = (3.04243, 0) m_P·c
  |p| = 3.04243 m_P·c
  Pre-normalization: ∫|Ψ|² = 370.596
  Normalization factor: 19.2509
[DiracEvolution] Initialized Gaussian wavepacket at (128, 128) with σ=7.68
  Final norm: ||Ψ||² = 0.999994
  Initial position: <r> = (128, 128)
✓ Boosted Gaussian initialized
  Initial energy E0 = 1.02645
  Initial norm = 1
  Saved spatial snapshot at t = 0 (step 0)
  Step 0/10000 | R_avg = 0.999759 | norm = 1
  Step 200/10000 | R_avg = 0.999779 | norm = 0.999922
  Step 400/10000 | R_avg = 0.999784 | norm = 0.999843
  Step 600/10000 | R_avg = 0.999761 | norm = 0.999764
  Step 800/10000 | R_avg = 0.999759 | norm = 0.999687
  Step 1000/10000 | R_avg = 0.99977 | norm = 0.99961
  Step 1200/10000 | R_avg = 0.999762 | norm = 0.999534
  Step 1400/10000 | R_avg = 0.999776 | norm = 0.999458
  Step 1600/10000 | R_avg = 0.999751 | norm = 0.999382
  Step 1800/10000 | R_avg = 0.999773 | norm = 0.999306
  Step 2000/10000 | R_avg = 0.999768 | norm = 0.99923
  Step 2200/10000 | R_avg = 0.999788 | norm = 0.999154
  Step 2400/10000 | R_avg = 0.999758 | norm = 0.999076
  Saved spatial snapshot at t = 12.5 (step 2500)
  Step 2600/10000 | R_avg = 0.999757 | norm = 0.998998
  Step 2800/10000 | R_avg = 0.999766 | norm = 0.99892
  Step 3000/10000 | R_avg = 0.99977 | norm = 0.998839
  Step 3200/10000 | R_avg = 0.999758 | norm = 0.998758
  Step 3400/10000 | R_avg = 0.999776 | norm = 0.998676
  Step 3600/10000 | R_avg = 0.999762 | norm = 0.998593
  Step 3800/10000 | R_avg = 0.999759 | norm = 0.998508
  Step 4000/10000 | R_avg = 0.999763 | norm = 0.998423
  Step 4200/10000 | R_avg = 0.999768 | norm = 0.998337
  Step 4400/10000 | R_avg = 0.999753 | norm = 0.99825
  Step 4600/10000 | R_avg = 0.999759 | norm = 0.998162
  Step 4800/10000 | R_avg = 0.999796 | norm = 0.998074
  Saved spatial snapshot at t = 25 (step 5000)
  Step 5000/10000 | R_avg = 0.999756 | norm = 0.997986
  Step 5200/10000 | R_avg = 0.99976 | norm = 0.997897
  Step 5400/10000 | R_avg = 0.999759 | norm = 0.997809
  Step 5600/10000 | R_avg = 0.999749 | norm = 0.997721
  Step 5800/10000 | R_avg = 0.999758 | norm = 0.997633
  Step 6000/10000 | R_avg = 0.999762 | norm = 0.997546
  Step 6200/10000 | R_avg = 0.999827 | norm = 0.997458
  Step 6400/10000 | R_avg = 0.999778 | norm = 0.997371
  Step 6600/10000 | R_avg = 0.999773 | norm = 0.997285
  Step 6800/10000 | R_avg = 0.999782 | norm = 0.997199
  Step 7000/10000 | R_avg = 0.999757 | norm = 0.997114
  Step 7200/10000 | R_avg = 0.999765 | norm = 0.997029
  Step 7400/10000 | R_avg = 0.999772 | norm = 0.996944
  Saved spatial snapshot at t = 37.5 (step 7500)
  Step 7600/10000 | R_avg = 0.999788 | norm = 0.99686
  Step 7800/10000 | R_avg = 0.999784 | norm = 0.996776
  Step 8000/10000 | R_avg = 0.999826 | norm = 0.996692
  Step 8200/10000 | R_avg = 0.999799 | norm = 0.996608
  Step 8400/10000 | R_avg = 0.999787 | norm = 0.996524
  Step 8600/10000 | R_avg = 0.999777 | norm = 0.996439
  Step 8800/10000 | R_avg = 0.999766 | norm = 0.996355
  Step 9000/10000 | R_avg = 0.999764 | norm = 0.99627
  Step 9200/10000 | R_avg = 0.999761 | norm = 0.996185
  Step 9400/10000 | R_avg = 0.999766 | norm = 0.996099
  Step 9600/10000 | R_avg = 0.999802 | norm = 0.996012
  Step 9800/10000 | R_avg = 0.999772 | norm = 0.995926
  Saved spatial snapshot at t = 49.995 (step 9999)

===== Global Validation =====
✓ Global validation PASSED
  ✓ Probability Conservation: ||ψ||² = 0.995838 (drift: 0.416345% from initial 1) ✓ PASS
  ✓ Energy Conservation: E_total = 1.02229 (drift: 0.3794% from initial 1.02618) ✓ PASS
  ✓ Order Parameter Bounds: R ∈ [1, 1] ✓ PASS (within [0,1])
  ✓ Causality: v = |p|/E = 0.0960406 (c = 1) ✓ PASS (v ≤ c)
  ✓ Numerical Stability: All fields finite ✓ PASS

===== Scenario 2.3: Relativistic Mass Validation =====
  Boost velocity: v = 0.95c
  Theoretical gamma: γ = 3.20256
✗ Scenario validation FAILED:
  ✗ 1. θ(x,y,t=0) shows vortex structure (W = ±1): Winding number W = 0 ✗ FAIL (expect |W| = 1 ± 0.2)
  ✗ 3. R(x,y,t=0) shows core (R_min < 0.5): R_min = 1 ✗ FAIL (expect R_min < 0.5)
  ✗ 4. ψ(x,y,t=0) is Gaussian at offset position: Wavepacket variance = 4.09409e-08 ✗ FAIL (too uniform, not Gaussian)
  ✗ 5. ⟨p⟩(t=0) = γmv (within 5%): ⟨p⟩ = 0.098577 (expect 3.04243, error = 96.7599%) ✗ FAIL (exceeds 5% tolerance)
  ✗ 6. γ_measured(t=final) within 5% of theory: γ_measured = 1.01782 (γ_theory = 3.20256, error = 68.2185%) ✗ FAIL (exceeds 5% tolerance)
  Norm validation: max_error = 0.00416151 ✓ PASS
  Energy validation: max_drift = 0.00381746 ✓ PASS
  Saved observables to /home/persist/neotec/0rigin/output/20251227_031305_scenario_2.5C_ultra_relativistic_limit_256x256_v0.9/N_100/observables.csv

--- Validating Convergence ---
✓ Convergence validation PASSED

========================================
Grid: 256×256 | Velocity: v=0.99c
========================================

Initializing engine for 256×256 grid, velocity v=0.99c...
[SMFTEngine] Resources cleanup delegated to component managers

[SMFTEngine] Physical Interpretation:
  Vacuum potential Δ = 1 (Planck mass in natural units)
  Synchronization field R(x) → Emergent spacetime metric
  Mass field m(x) = Δ·R(x) → Local energy density
  ∇R(x) → Gravitational field (not separate force)
  Grid: 256 x 256 oscillators

[SMFTEngine] Created GPU buffers for 256x256 grid
  Phase buffers: 262144 bytes each
  Spinor buffer: 2097152 bytes
  Accumulator buffers: 262144 bytes each (operator splitting)
[SMFTEngine] Created compute pipelines
  ✓ Kuramoto pipeline
  ✓ Sync field pipeline
  ✓ Gravity field pipeline
  ✓ Stochastic Kuramoto pipeline
  ✓ Stochastic Dirac pipeline
  ✓ Accumulation pipeline (operator splitting)
Created experiment directory: /home/persist/neotec/0rigin/output/20251227_042258_scenario_2.5C_ultra_relativistic_limit_256x256_v1.0
[OutputManager] Created timestamped directory: /home/persist/neotec/0rigin/output/20251227_042258_scenario_2.5C_ultra_relativistic_limit_256x256_v1.0
