[Logging] Console output for 64x64 writing to: /home/persist/neotec/0rigin/output/20251230_190007_lorentz_force_cpu/console.log
  Dirac initialization (DEPRECATED grid units):
    Position: (32, 32) grid units
    ⚠️  WARNING: Using grid-dependent coordinates (not recommended)
  Using Dirac solver (spinor field)
[DiracEvolution] Initialized 64x64 4-component spinor field (particle, β=1)
[DiracEvolution] Initialized Gaussian wavepacket at (32, 32) with σ=3
[SMFTEngine] Dirac field initialized: center=(32,32), sigma=3, norm=1
[DiracEvolution] Initialized 64x64 4-component spinor field (particle, β=1)
[DiracEvolution] Initialized Gaussian wavepacket at (32, 32) with σ=3
  Initial energy E0 = 0.105161
  Initial norm = 1

--- Initializing Test Particle for Lorentz Force ---
  Particle initialized at (55, 50) ℓ_P
  Initial velocity: (0, 0.01) c
  Charge: -1, Mass: 0.1 (natural units)
[stepWithDirac] Strang splitting enabled:
  substep_ratio=1
  substep_dt=0.001
  half_substeps=0
  remaining_substeps=1
[GPU EM Compute] 1 calls | Last: 214 μs | Avg: 214 μs | Grid: 64×64
  [Kuramoto Energy] grad_R: 0.0251955, potential: -4094.31, total: -4094.29 (κ=1)
  Actual initial energy E0 = -4093.88 (from first observation including EM)
  Using uniform B field: B_z = 0.01 everywhere
  Step 0/5000 | R_avg = 0.99979 | norm = 1
[GPU EM Compute] 50 calls | Last: 104 μs | Avg: 105 μs | Grid: 64×64
[GPU EM Compute] 100 calls | Last: 103 μs | Avg: 104 μs | Grid: 64×64
[GPU EM Compute] 150 calls | Last: 91 μs | Avg: 104 μs | Grid: 64×64
[GPU EM Compute] 200 calls | Last: 107 μs | Avg: 103 μs | Grid: 64×64
[GPU EM Compute] 250 calls | Last: 105 μs | Avg: 103 μs | Grid: 64×64
[GPU EM Compute] 300 calls | Last: 104 μs | Avg: 102 μs | Grid: 64×64
[GPU EM Compute] 350 calls | Last: 102 μs | Avg: 103 μs | Grid: 64×64
[ERROR] Invalid theta fields detected (NaN/Inf), returning zero EM observables
[ERROR] Invalid theta fields detected (NaN/Inf), returning zero EM observables
[GPU EM Compute] 400 calls | Last: 111 μs | Avg: 103 μs | Grid: 64×64
[ERROR] Invalid theta fields detected (NaN/Inf), returning zero EM observables
[ERROR] Invalid theta fields detected (NaN/Inf), returning zero EM observables
[GPU EM Compute] 450 calls | Last: 103 μs | Avg: 103 μs | Grid: 64×64
[GPU EM Compute] 500 calls | Last: 106 μs | Avg: 103 μs | Grid: 64×64
  Step 500/5000 | R_avg = 0.99957 | norm = 0.999853
[GPU EM Compute] 550 calls | Last: 103 μs | Avg: 103 μs | Grid: 64×64
[GPU EM Compute] 600 calls | Last: 103 μs | Avg: 103 μs | Grid: 64×64
[ERROR] Invalid theta fields detected (NaN/Inf), returning zero EM observables
[ERROR] Invalid theta fields detected (NaN/Inf), returning zero EM observables
[GPU EM Compute] 650 calls | Last: 103 μs | Avg: 103 μs | Grid: 64×64
[ERROR] Invalid theta fields detected (NaN/Inf), returning zero EM observables
[ERROR] Invalid theta fields detected (NaN/Inf), returning zero EM observables
[GPU EM Compute] 700 calls | Last: 103 μs | Avg: 103 μs | Grid: 64×64
[GPU EM Compute] 750 calls | Last: 113 μs | Avg: 103 μs | Grid: 64×64
[GPU EM Compute] 800 calls | Last: 103 μs | Avg: 103 μs | Grid: 64×64
[GPU EM Compute] 850 calls | Last: 105 μs | Avg: 103 μs | Grid: 64×64
[GPU EM Compute] 900 calls | Last: 107 μs | Avg: 103 μs | Grid: 64×64
[GPU EM Compute] 950 calls | Last: 103 μs | Avg: 104 μs | Grid: 64×64
[GPU EM Compute] 1000 calls | Last: 105 μs | Avg: 103 μs | Grid: 64×64
  Step 1000/5000 | R_avg = 0.999936 | norm = 0.999707
[GPU EM Compute] 1050 calls | Last: 106 μs | Avg: 103 μs | Grid: 64×64
[GPU EM Compute] 1100 calls | Last: 64 μs | Avg: 103 μs | Grid: 64×64
[GPU EM Compute] 1150 calls | Last: 104 μs | Avg: 103 μs | Grid: 64×64
[GPU EM Compute] 1200 calls | Last: 103 μs | Avg: 103 μs | Grid: 64×64
[GPU EM Compute] 1250 calls | Last: 103 μs | Avg: 103 μs | Grid: 64×64
[GPU EM Compute] 1300 calls | Last: 104 μs | Avg: 103 μs | Grid: 64×64
[GPU EM Compute] 1350 calls | Last: 103 μs | Avg: 103 μs | Grid: 64×64
[GPU EM Compute] 1400 calls | Last: 103 μs | Avg: 103 μs | Grid: 64×64
[GPU EM Compute] 1450 calls | Last: 105 μs | Avg: 103 μs | Grid: 64×64
[GPU EM Compute] 1500 calls | Last: 106 μs | Avg: 103 μs | Grid: 64×64
  Step 1500/5000 | R_avg = 0.999876 | norm = 0.999557
[GPU EM Compute] 1550 calls | Last: 99 μs | Avg: 103 μs | Grid: 64×64
[GPU EM Compute] 1600 calls | Last: 101 μs | Avg: 103 μs | Grid: 64×64
[GPU EM Compute] 1650 calls | Last: 116 μs | Avg: 103 μs | Grid: 64×64
[GPU EM Compute] 1700 calls | Last: 103 μs | Avg: 103 μs | Grid: 64×64
[GPU EM Compute] 1750 calls | Last: 91 μs | Avg: 103 μs | Grid: 64×64
[GPU EM Compute] 1800 calls | Last: 102 μs | Avg: 103 μs | Grid: 64×64
[GPU EM Compute] 1850 calls | Last: 103 μs | Avg: 103 μs | Grid: 64×64
[GPU EM Compute] 1900 calls | Last: 102 μs | Avg: 103 μs | Grid: 64×64
[GPU EM Compute] 1950 calls | Last: 56 μs | Avg: 103 μs | Grid: 64×64
[GPU EM Compute] 2000 calls | Last: 105 μs | Avg: 102 μs | Grid: 64×64
  Step 2000/5000 | R_avg = 0.99993 | norm = 0.999399
[GPU EM Compute] 2050 calls | Last: 103 μs | Avg: 102 μs | Grid: 64×64
[GPU EM Compute] 2100 calls | Last: 103 μs | Avg: 102 μs | Grid: 64×64
[GPU EM Compute] 2150 calls | Last: 102 μs | Avg: 102 μs | Grid: 64×64
[GPU EM Compute] 2200 calls | Last: 104 μs | Avg: 102 μs | Grid: 64×64
[GPU EM Compute] 2250 calls | Last: 111 μs | Avg: 102 μs | Grid: 64×64
[GPU EM Compute] 2300 calls | Last: 101 μs | Avg: 102 μs | Grid: 64×64
[GPU EM Compute] 2350 calls | Last: 103 μs | Avg: 102 μs | Grid: 64×64
[GPU EM Compute] 2400 calls | Last: 63 μs | Avg: 102 μs | Grid: 64×64
[GPU EM Compute] 2450 calls | Last: 102 μs | Avg: 102 μs | Grid: 64×64
[GPU EM Compute] 2500 calls | Last: 103 μs | Avg: 102 μs | Grid: 64×64
  Step 2500/5000 | R_avg = 0.999841 | norm = 0.999236
[GPU EM Compute] 2550 calls | Last: 103 μs | Avg: 102 μs | Grid: 64×64
[GPU EM Compute] 2600 calls | Last: 106 μs | Avg: 102 μs | Grid: 64×64
[GPU EM Compute] 2650 calls | Last: 111 μs | Avg: 102 μs | Grid: 64×64
[GPU EM Compute] 2700 calls | Last: 102 μs | Avg: 102 μs | Grid: 64×64
[GPU EM Compute] 2750 calls | Last: 139 μs | Avg: 102 μs | Grid: 64×64
[GPU EM Compute] 2800 calls | Last: 110 μs | Avg: 103 μs | Grid: 64×64
[GPU EM Compute] 2850 calls | Last: 112 μs | Avg: 103 μs | Grid: 64×64
[GPU EM Compute] 2900 calls | Last: 103 μs | Avg: 103 μs | Grid: 64×64
[GPU EM Compute] 2950 calls | Last: 111 μs | Avg: 103 μs | Grid: 64×64
[GPU EM Compute] 3000 calls | Last: 104 μs | Avg: 103 μs | Grid: 64×64
  Step 3000/5000 | R_avg = 0.999803 | norm = 0.99907
[GPU EM Compute] 3050 calls | Last: 117 μs | Avg: 103 μs | Grid: 64×64
[GPU EM Compute] 3100 calls | Last: 105 μs | Avg: 103 μs | Grid: 64×64
[GPU EM Compute] 3150 calls | Last: 105 μs | Avg: 103 μs | Grid: 64×64
[GPU EM Compute] 3200 calls | Last: 106 μs | Avg: 103 μs | Grid: 64×64
[GPU EM Compute] 3250 calls | Last: 105 μs | Avg: 103 μs | Grid: 64×64
[GPU EM Compute] 3300 calls | Last: 101 μs | Avg: 103 μs | Grid: 64×64
[GPU EM Compute] 3350 calls | Last: 105 μs | Avg: 103 μs | Grid: 64×64
[GPU EM Compute] 3400 calls | Last: 108 μs | Avg: 103 μs | Grid: 64×64
[GPU EM Compute] 3450 calls | Last: 106 μs | Avg: 103 μs | Grid: 64×64
[GPU EM Compute] 3500 calls | Last: 105 μs | Avg: 103 μs | Grid: 64×64
  Step 3500/5000 | R_avg = 0.999813 | norm = 0.998901
[GPU EM Compute] 3550 calls | Last: 106 μs | Avg: 103 μs | Grid: 64×64
[GPU EM Compute] 3600 calls | Last: 106 μs | Avg: 103 μs | Grid: 64×64
[GPU EM Compute] 3650 calls | Last: 103 μs | Avg: 103 μs | Grid: 64×64
[GPU EM Compute] 3700 calls | Last: 106 μs | Avg: 103 μs | Grid: 64×64
[GPU EM Compute] 3750 calls | Last: 102 μs | Avg: 103 μs | Grid: 64×64
[GPU EM Compute] 3800 calls | Last: 107 μs | Avg: 103 μs | Grid: 64×64
[GPU EM Compute] 3850 calls | Last: 106 μs | Avg: 103 μs | Grid: 64×64
[GPU EM Compute] 3900 calls | Last: 108 μs | Avg: 103 μs | Grid: 64×64
[GPU EM Compute] 3950 calls | Last: 105 μs | Avg: 103 μs | Grid: 64×64
[GPU EM Compute] 4000 calls | Last: 121 μs | Avg: 103 μs | Grid: 64×64
  Step 4000/5000 | R_avg = 0.999923 | norm = 0.998733
[GPU EM Compute] 4050 calls | Last: 104 μs | Avg: 103 μs | Grid: 64×64
[GPU EM Compute] 4100 calls | Last: 103 μs | Avg: 103 μs | Grid: 64×64
[GPU EM Compute] 4150 calls | Last: 104 μs | Avg: 103 μs | Grid: 64×64
[GPU EM Compute] 4200 calls | Last: 103 μs | Avg: 103 μs | Grid: 64×64
[GPU EM Compute] 4250 calls | Last: 106 μs | Avg: 103 μs | Grid: 64×64
[GPU EM Compute] 4300 calls | Last: 103 μs | Avg: 103 μs | Grid: 64×64
[GPU EM Compute] 4350 calls | Last: 103 μs | Avg: 103 μs | Grid: 64×64
[GPU EM Compute] 4400 calls | Last: 106 μs | Avg: 103 μs | Grid: 64×64
[GPU EM Compute] 4450 calls | Last: 103 μs | Avg: 103 μs | Grid: 64×64
[GPU EM Compute] 4500 calls | Last: 103 μs | Avg: 103 μs | Grid: 64×64
  Step 4500/5000 | R_avg = 0.999818 | norm = 0.998564
[GPU EM Compute] 4550 calls | Last: 103 μs | Avg: 103 μs | Grid: 64×64
[GPU EM Compute] 4600 calls | Last: 65 μs | Avg: 103 μs | Grid: 64×64
[GPU EM Compute] 4650 calls | Last: 104 μs | Avg: 103 μs | Grid: 64×64
[GPU EM Compute] 4700 calls | Last: 103 μs | Avg: 103 μs | Grid: 64×64
[GPU EM Compute] 4750 calls | Last: 103 μs | Avg: 103 μs | Grid: 64×64
[GPU EM Compute] 4800 calls | Last: 103 μs | Avg: 103 μs | Grid: 64×64
[GPU EM Compute] 4850 calls | Last: 102 μs | Avg: 103 μs | Grid: 64×64
[GPU EM Compute] 4900 calls | Last: 57 μs | Avg: 103 μs | Grid: 64×64
[GPU EM Compute] 4950 calls | Last: 103 μs | Avg: 103 μs | Grid: 64×64
[GPU EM Compute] 5000 calls | Last: 103 μs | Avg: 103 μs | Grid: 64×64
  [Kuramoto Energy] grad_R: 0.0227813, potential: -4094.48, total: -4094.45 (κ=1)

===== Lorentz Force Analysis =====
Error: Could not open /home/persist/neotec/0rigin/output/20251230_190007_lorentz_force_cpu/N_1/particle_trajectory.csv for writing
  Particle trajectory saved to: /home/persist/neotec/0rigin/output/20251230_190007_lorentz_force_cpu/N_1/particle_trajectory.csv
  Average magnetic field: B_avg = 0.01

Theoretical predictions:
  Cyclotron frequency: ω_c = 0.1 rad/τ_P
  Larmor radius: r_L = 1 ℓ_P

Measured from trajectory:
  Orbital period: T = 0 τ_P
  Orbital radius: r = 0.030426 ℓ_P
  Orbital frequency: ω = 0 rad/τ_P

Validation:
  Frequency error: 100%
  Radius error: 96.9574%
  Lorentz force validation: ✗ FAIL

===== Global Validation =====
✓ Global validation PASSED
  ✓ Probability Conservation: ||ψ||² = 0.998395 (drift: 0.160594% from initial 1) ✓ PASS
  ✓ Energy Conservation: E_total = -4094.05 (drift: 0.00398087% from initial -4093.88) ✓ PASS
  ✓ Order Parameter Bounds: R ∈ [0, 0] ✓ PASS (within [0,1])
  ✓ Causality: v = |p|/E = 4.36186e-08 (c = 1) ✓ PASS (v ≤ c)
  ✓ Numerical Stability: All fields finite ✓ PASS
  Norm validation: max_error = 0.00160548 ✓ PASS
  Energy validation: max_drift = 0.000489609 ✓ PASS

===== EM Field Validation =====
Maxwell Equation Residuals:
  Gauss law (∇·E - 4πρ): 0 ✓
  No monopole (∇·B): 0 ✓
  Faraday law (∇×E + ∂B/∂t): 0 ✓
  Ampere law (∇×B - 4πJ - ∂E/∂t): 1.02292e-07 ✓
Overall Maxwell Validation: ✓ PASS
Failed to open /home/persist/neotec/0rigin/output/20251230_190007_lorentz_force_cpu/N_1/observables.csv for writing
  Saved observables to /home/persist/neotec/0rigin/output/20251230_190007_lorentz_force_cpu/N_1/observables.csv
  Saved EM observables to /home/persist/neotec/0rigin/output/20251230_190007_lorentz_force_cpu/N_1/em_observables.csv

[3/3] Generating report...

✓ Report saved to /home/persist/neotec/0rigin/output/20251230_190007_lorentz_force_cpu/test_report.txt

===== Test Summary =====
✓ ALL TESTS PASSED

Validation criteria met:
  ✓ Norm conservation ||Ψ||² - 1 < 10⁻⁴
  ✓ Energy conservation |ΔE/E₀| < 1%
  ✓ Convergence between N ratios < 5%
