[Logging] Console output for 128x128 v=0.6c writing to: /home/persist/neotec/0rigin/output/20251226_014427_scenario_2.4A_velocity_threshold_128x128_v0.6/console.log

--- Testing with N=10 ---
  Vortex initialization (grid-independent):
    Domain size: 100 ℓ_P
    Grid spacing: 0.78125 ℓ_P
    Core radius: 3 ℓ_P (3.84 grid points)
    Center: (50, 50) ℓ_P
    Winding number: W = 1
  Dirac initialization (grid-independent):
    Position: (50, 50) ℓ_P
    Width: 3 ℓ_P
    Grid coordinates: (64, 64) grid units
    Grid width: 3.84 grid units
  Using Dirac solver (spinor field) with boosted initialization
    Background R (expected): 1
[DiracEvolution] Initialized 128x128 4-component spinor field (particle, β=1)
[SMFT] Boosted Gaussian initialization:
  Position: (64, 64) grid units
  Width: σ = 3.84 grid units
  Velocity: v = (0.6, 0)c
  |v| = 0.6c
  Lorentz factor: γ = 1.25
  Rest mass: m₀ = Δ·R = 1 × 1 = 1 m_P
  Momentum: p = (0.75, 0) m_P·c
  |p| = 0.75 m_P·c
  Pre-normalization: ∫|Ψ|² = 92.6492
  Normalization factor: 9.62545
[DiracEvolution] Initialized Gaussian wavepacket at (64, 64) with σ=3.84
  Final norm: ||Ψ||² = 1
  Initial position: <r> = (64, 64)
✓ Boosted Gaussian initialized
[SMFTEngine] Boosted Dirac field initialized: center=(64,64), sigma=3.84, boost=(0.6,0)c, norm=1, <r>=(64,64)
[DiracEvolution] Initialized 128x128 4-component spinor field (particle, β=1)
[SMFT] Boosted Gaussian initialization:
  Position: (64, 64) grid units
  Width: σ = 3.84 grid units
  Velocity: v = (0.6, 0)c
  |v| = 0.6c
  Lorentz factor: γ = 1.25
  Rest mass: m₀ = Δ·R = 1 × 1 = 1 m_P
  Momentum: p = (0.75, 0) m_P·c
  |p| = 0.75 m_P·c
  Pre-normalization: ∫|Ψ|² = 92.6492
  Normalization factor: 9.62545
[DiracEvolution] Initialized Gaussian wavepacket at (64, 64) with σ=3.84
  Final norm: ||Ψ||² = 1
  Initial position: <r> = (64, 64)
✓ Boosted Gaussian initialized
  Initial energy E0 = 0.499735
  Initial norm = 1
  Saved spatial snapshot at t = 0 (step 0)
  Step 0/10000 | R_avg = 0.983642 | norm = 1
  Step 100/10000 | R_avg = 0.98362 | norm = 0.999978
  Step 200/10000 | R_avg = 0.983645 | norm = 0.999954
  Step 300/10000 | R_avg = 0.983628 | norm = 0.999929
  Step 400/10000 | R_avg = 0.983598 | norm = 0.999905
  Step 500/10000 | R_avg = 0.983597 | norm = 0.999879
  Step 600/10000 | R_avg = 0.983622 | norm = 0.999853
  Step 700/10000 | R_avg = 0.983596 | norm = 0.999826
  Step 800/10000 | R_avg = 0.983606 | norm = 0.999798
  Step 900/10000 | R_avg = 0.983593 | norm = 0.99977
  Step 1000/10000 | R_avg = 0.983609 | norm = 0.999742
  Step 1100/10000 | R_avg = 0.983593 | norm = 0.999714
  Step 1200/10000 | R_avg = 0.983631 | norm = 0.999685
  Step 1300/10000 | R_avg = 0.983639 | norm = 0.999657
  Step 1400/10000 | R_avg = 0.983588 | norm = 0.999628
  Step 1500/10000 | R_avg = 0.983613 | norm = 0.9996
  Step 1600/10000 | R_avg = 0.983619 | norm = 0.999572
  Step 1700/10000 | R_avg = 0.983625 | norm = 0.999544
  Step 1800/10000 | R_avg = 0.983604 | norm = 0.999516
  Step 1900/10000 | R_avg = 0.983638 | norm = 0.999487
  Step 2000/10000 | R_avg = 0.9836 | norm = 0.999457
  Step 2100/10000 | R_avg = 0.983638 | norm = 0.999428
  Step 2200/10000 | R_avg = 0.983611 | norm = 0.999397
  Step 2300/10000 | R_avg = 0.983593 | norm = 0.999367
  Step 2400/10000 | R_avg = 0.983649 | norm = 0.999336
  Saved spatial snapshot at t = 25 (step 2500)
  Step 2500/10000 | R_avg = 0.983603 | norm = 0.999306
  Step 2600/10000 | R_avg = 0.983612 | norm = 0.999277
  Step 2700/10000 | R_avg = 0.983635 | norm = 0.999249
  Step 2800/10000 | R_avg = 0.983613 | norm = 0.999221
  Step 2900/10000 | R_avg = 0.983572 | norm = 0.999194
  Step 3000/10000 | R_avg = 0.983625 | norm = 0.999169
  Step 3100/10000 | R_avg = 0.983609 | norm = 0.999145
  Step 3200/10000 | R_avg = 0.983635 | norm = 0.999121
  Step 3300/10000 | R_avg = 0.983656 | norm = 0.999098
  Step 3400/10000 | R_avg = 0.983582 | norm = 0.999075
  Step 3500/10000 | R_avg = 0.983631 | norm = 0.999052
  Step 3600/10000 | R_avg = 0.983622 | norm = 0.999028
  Step 3700/10000 | R_avg = 0.983596 | norm = 0.999003
  Step 3800/10000 | R_avg = 0.983652 | norm = 0.998977
  Step 3900/10000 | R_avg = 0.983597 | norm = 0.998949
  Step 4000/10000 | R_avg = 0.983607 | norm = 0.99892
  Step 4100/10000 | R_avg = 0.983614 | norm = 0.998889
  Step 4200/10000 | R_avg = 0.983645 | norm = 0.998856
  Step 4300/10000 | R_avg = 0.983635 | norm = 0.998823
  Step 4400/10000 | R_avg = 0.983563 | norm = 0.998788
  Step 4500/10000 | R_avg = 0.983631 | norm = 0.998754
  Step 4600/10000 | R_avg = 0.983609 | norm = 0.998719
  Step 4700/10000 | R_avg = 0.983617 | norm = 0.998684
  Step 4800/10000 | R_avg = 0.983642 | norm = 0.99865
  Step 4900/10000 | R_avg = 0.983594 | norm = 0.998616
  Saved spatial snapshot at t = 50 (step 5000)
  Step 5000/10000 | R_avg = 0.983646 | norm = 0.998582
  Step 5100/10000 | R_avg = 0.983573 | norm = 0.998547
  Step 5200/10000 | R_avg = 0.983594 | norm = 0.998512
  Step 5300/10000 | R_avg = 0.983612 | norm = 0.998478
  Step 5400/10000 | R_avg = 0.98366 | norm = 0.998443
  Step 5500/10000 | R_avg = 0.983618 | norm = 0.998409
  Step 5600/10000 | R_avg = 0.983636 | norm = 0.998374
  Step 5700/10000 | R_avg = 0.983655 | norm = 0.99834
  Step 5800/10000 | R_avg = 0.98363 | norm = 0.998306
  Step 5900/10000 | R_avg = 0.983626 | norm = 0.998272
  Step 6000/10000 | R_avg = 0.983587 | norm = 0.998239
  Step 6100/10000 | R_avg = 0.983604 | norm = 0.998207
  Step 6200/10000 | R_avg = 0.983613 | norm = 0.998175
  Step 6300/10000 | R_avg = 0.983633 | norm = 0.998144
  Step 6400/10000 | R_avg = 0.983614 | norm = 0.998113
  Step 6500/10000 | R_avg = 0.983645 | norm = 0.998083
  Step 6600/10000 | R_avg = 0.983619 | norm = 0.998053
  Step 6700/10000 | R_avg = 0.983612 | norm = 0.998022
  Step 6800/10000 | R_avg = 0.983623 | norm = 0.997991
  Step 6900/10000 | R_avg = 0.983623 | norm = 0.997959
  Step 7000/10000 | R_avg = 0.983647 | norm = 0.997927
  Step 7100/10000 | R_avg = 0.98361 | norm = 0.997894
  Step 7200/10000 | R_avg = 0.983606 | norm = 0.997861
  Step 7300/10000 | R_avg = 0.983664 | norm = 0.997828
  Step 7400/10000 | R_avg = 0.983599 | norm = 0.997794
  Saved spatial snapshot at t = 75 (step 7500)
  Step 7500/10000 | R_avg = 0.983591 | norm = 0.997761
  Step 7600/10000 | R_avg = 0.983645 | norm = 0.997727
  Step 7700/10000 | R_avg = 0.983621 | norm = 0.997693
  Step 7800/10000 | R_avg = 0.98364 | norm = 0.997659
  Step 7900/10000 | R_avg = 0.9836 | norm = 0.997625
  Step 8000/10000 | R_avg = 0.983606 | norm = 0.997592
  Step 8100/10000 | R_avg = 0.983594 | norm = 0.997558
  Step 8200/10000 | R_avg = 0.983602 | norm = 0.997525
  Step 8300/10000 | R_avg = 0.983609 | norm = 0.997491
  Step 8400/10000 | R_avg = 0.983596 | norm = 0.997457
  Step 8500/10000 | R_avg = 0.983638 | norm = 0.997423
  Step 8600/10000 | R_avg = 0.98363 | norm = 0.997389
  Step 8700/10000 | R_avg = 0.983591 | norm = 0.997355
  Step 8800/10000 | R_avg = 0.983632 | norm = 0.997321
  Step 8900/10000 | R_avg = 0.983645 | norm = 0.997289
  Step 9000/10000 | R_avg = 0.98359 | norm = 0.997256
  Step 9100/10000 | R_avg = 0.983602 | norm = 0.997225
  Step 9200/10000 | R_avg = 0.983604 | norm = 0.997195
  Step 9300/10000 | R_avg = 0.983591 | norm = 0.997166
  Step 9400/10000 | R_avg = 0.98358 | norm = 0.997137
  Step 9500/10000 | R_avg = 0.983659 | norm = 0.997109
  Step 9600/10000 | R_avg = 0.983621 | norm = 0.997082
  Step 9700/10000 | R_avg = 0.983667 | norm = 0.997055
  Step 9800/10000 | R_avg = 0.983599 | norm = 0.997029
  Step 9900/10000 | R_avg = 0.983642 | norm = 0.997002

===== Global Validation =====
✓ Global validation PASSED
  ✓ Probability Conservation: ||ψ||² = 0.996975 (drift: 0.30262% from initial 1) ✓ PASS
  ✓ Energy Conservation: E_total = 1.42675 (drift: 0.68137% from initial 1.41709) ✓ PASS
  ✓ Order Parameter Bounds: R ∈ [0, 0] ✓ PASS (within [0,1])
  ✓ Causality: v = |p|/E = 0.398347 (c = 1) ✓ PASS (v ≤ c)
  ✓ Numerical Stability: All fields finite ✓ PASS

===== Scenario 2.3: Relativistic Mass Validation =====
  Boost velocity: v = 0.6c
  Theoretical gamma: γ = 1.25
✗ Scenario validation FAILED:
  ✓ 1. θ(x,y,t=0) shows vortex structure (W = ±1): Winding number W = 1 ✓ PASS (|W| ≈ 1)
  ✓ 3. R(x,y,t=0) shows core (R_min < 0.5): R_min = 0 ✓ PASS (< 0.5)
  ✗ 4. ψ(x,y,t=0) is Gaussian at offset position: Wavepacket variance = 6.55052e-07 ✗ FAIL (too uniform, not Gaussian)
  ✗ 5. ⟨p⟩(t=0) = γmv (within 5%): ⟨p⟩ = 0.670054 (expect 0.75, error = 10.6595%) ✗ FAIL (exceeds 5% tolerance)
  ✗ 6. γ_measured(t=final) within 5% of theory: γ_measured = 1.33047 (γ_theory = 1.25, error = 6.43769%) ✗ FAIL (exceeds 5% tolerance)
  Norm validation: max_error = 0.00302524 ✓ PASS
  Energy validation: max_drift = 0.0101936 ✓ PASS
  Saved observables to /home/persist/neotec/0rigin/output/20251226_014427_scenario_2.4A_velocity_threshold_128x128_v0.6/N_10/observables.csv

--- Validating Convergence ---
✗ Convergence validation FAILED

========================================
Velocity: v=0.65c
========================================

Initializing engine for 128×128 grid, velocity v=0.65c...
[SMFTEngine] Resources cleanup delegated to component managers

[SMFTEngine] Physical Interpretation:
  Vacuum potential Δ = 1 (Planck mass in natural units)
  Synchronization field R(x) → Emergent spacetime metric
  Mass field m(x) = Δ·R(x) → Local energy density
  ∇R(x) → Gravitational field (not separate force)
  Grid: 128 x 128 oscillators

[SMFTEngine] Created GPU buffers for 128x128 grid
  Phase buffers: 65536 bytes each
  Spinor buffer: 524288 bytes
  Accumulator buffers: 65536 bytes each (operator splitting)
[SMFTEngine] Created compute pipelines
  ✓ Kuramoto pipeline
  ✓ Sync field pipeline
  ✓ Gravity field pipeline
  ✓ Stochastic Kuramoto pipeline
  ✓ Stochastic Dirac pipeline
  ✓ Accumulation pipeline (operator splitting)
Created experiment directory: /home/persist/neotec/0rigin/output/20251226_014609_scenario_2.4A_velocity_threshold_128x128_v0.6
[OutputManager] Created timestamped directory: /home/persist/neotec/0rigin/output/20251226_014609_scenario_2.4A_velocity_threshold_128x128_v0.6
