
===== SMFT Test Mode =====
Configuration: config/scenario_2.4A_velocity_threshold.yaml

[1/3] Initializing...

===== Test Configuration: scenario_2.4A_velocity_threshold =====
Description: Phase 2 Scenario 2.4A: Fine-grained velocity sweep to identify exact breakdown threshold. Tests v=[0.35, 0.40, 0.45, 0.50, 0.55, 0.60, 0.65, 0.70] to find where γ factor error exceeds 5%.

[Grid]
  size: 128 x 128

[Physics]
  solver_type: dirac
  delta: 1
  coupling: 0.1
  dt: 0.01
  total_steps: 10000
  K (Kuramoto): 1
  damping: 0.1
  noise_strength: 0

[Initial Conditions - Dirac]
  type: boosted_gaussian
  center: (32, 32)
  sigma: 3
  amplitude: 1

[Initial Conditions - Kuramoto]
  phase_distribution: vortex
  omega_distribution: zero
  omega_mean: 0
  omega_std: 0.1

[Operator Splitting]
  enabled: yes
  substep_ratios: [10]

[Validation]
  norm_tolerance: 0.005
  energy_tolerance: 0.05
  convergence_tolerance: 0.05

[Output]
  directory: output/scenario_2.4A_velocity_threshold
  save_every: 10 steps
  formats: [csv]
========================================

 [INFO]: Nova - Instantiating ..
Logger - Debug Level set to error ..
[SMFTEngine] Physical Interpretation:
  Vacuum potential Δ = 1 (Planck mass in natural units)
  Synchronization field R(x) → Emergent spacetime metric
  Mass field m(x) = Δ·R(x) → Local energy density
  ∇R(x) → Gravitational field (not separate force)
  Grid: 128 x 128 oscillators

[SMFTEngine] Created GPU buffers for 128x128 grid
  Phase buffers: 65536 bytes each
  Spinor buffer: 524288 bytes
  Accumulator buffers: 65536 bytes each (operator splitting)
[SMFTEngine] Created compute pipelines
  ✓ Kuramoto pipeline
  ✓ Sync field pipeline
  ✓ Gravity field pipeline
  ✓ Stochastic Kuramoto pipeline
  ✓ Stochastic Dirac pipeline
  ✓ Accumulation pipeline (operator splitting)
Created experiment directory: /home/persist/neotec/0rigin/output/20251226_012755_scenario_2.4A_velocity_threshold
[OutputManager] Created timestamped directory: /home/persist/neotec/0rigin/output/20251226_012755_scenario_2.4A_velocity_threshold
✓ SMFTTestRunner initialized successfully

[2/3] Running tests...

===== Running Tests =====

========================================
Velocity: v=0.35c
========================================

Initializing engine for 128×128 grid, velocity v=0.35c...
[SMFTEngine] Resources cleanup delegated to component managers

[SMFTEngine] Physical Interpretation:
  Vacuum potential Δ = 1 (Planck mass in natural units)
  Synchronization field R(x) → Emergent spacetime metric
  Mass field m(x) = Δ·R(x) → Local energy density
  ∇R(x) → Gravitational field (not separate force)
  Grid: 128 x 128 oscillators

[SMFTEngine] Created GPU buffers for 128x128 grid
  Phase buffers: 65536 bytes each
  Spinor buffer: 524288 bytes
  Accumulator buffers: 65536 bytes each (operator splitting)
[SMFTEngine] Created compute pipelines
  ✓ Kuramoto pipeline
  ✓ Sync field pipeline
  ✓ Gravity field pipeline
  ✓ Stochastic Kuramoto pipeline
  ✓ Stochastic Dirac pipeline
  ✓ Accumulation pipeline (operator splitting)
Created experiment directory: /home/persist/neotec/0rigin/output/20251226_012755_scenario_2.4A_velocity_threshold_128x128_v0.3
[OutputManager] Created timestamped directory: /home/persist/neotec/0rigin/output/20251226_012755_scenario_2.4A_velocity_threshold_128x128_v0.3
[Logging] Console output for 128x128 v=0.35c writing to: /home/persist/neotec/0rigin/output/20251226_012755_scenario_2.4A_velocity_threshold_128x128_v0.3/console.log

--- Testing with N=10 ---
  Vortex initialization (grid-independent):
    Domain size: 100 ℓ_P
    Grid spacing: 0.78125 ℓ_P
    Core radius: 3 ℓ_P (3.84 grid points)
    Center: (50, 50) ℓ_P
    Winding number: W = 1
  Dirac initialization (grid-independent):
    Position: (50, 50) ℓ_P
    Width: 3 ℓ_P
    Grid coordinates: (64, 64) grid units
    Grid width: 3.84 grid units
  Using Dirac solver (spinor field) with boosted initialization
    Background R (expected): 1
[DiracEvolution] Initialized 128x128 4-component spinor field (particle, β=1)
[SMFT] Boosted Gaussian initialization:
  Position: (64, 64) grid units
  Width: σ = 3.84 grid units
  Velocity: v = (0.35, 0)c
  |v| = 0.35c
  Lorentz factor: γ = 1.06752
  Rest mass: m₀ = Δ·R = 1 × 1 = 1 m_P
  Momentum: p = (0.373632, 0) m_P·c
  |p| = 0.373632 m_P·c
  Pre-normalization: ∫|Ψ|² = 92.6492
  Normalization factor: 9.62545
[DiracEvolution] Initialized Gaussian wavepacket at (64, 64) with σ=3.84
  Final norm: ||Ψ||² = 1
  Initial position: <r> = (64, 64)
✓ Boosted Gaussian initialized
[SMFTEngine] Boosted Dirac field initialized: center=(64,64), sigma=3.84, boost=(0.35,0)c, norm=1, <r>=(64,64)
[DiracEvolution] Initialized 128x128 4-component spinor field (particle, β=1)
[SMFT] Boosted Gaussian initialization:
  Position: (64, 64) grid units
  Width: σ = 3.84 grid units
  Velocity: v = (0.35, 0)c
  |v| = 0.35c
  Lorentz factor: γ = 1.06752
  Rest mass: m₀ = Δ·R = 1 × 1 = 1 m_P
  Momentum: p = (0.373632, 0) m_P·c
  |p| = 0.373632 m_P·c
  Pre-normalization: ∫|Ψ|² = 92.6492
  Normalization factor: 9.62545
[DiracEvolution] Initialized Gaussian wavepacket at (64, 64) with σ=3.84
  Final norm: ||Ψ||² = 1
  Initial position: <r> = (64, 64)
✓ Boosted Gaussian initialized
  Initial energy E0 = 0.190058
  Initial norm = 1
[stepWithDirac] Strang splitting enabled:
  substep_ratio=10
  substep_dt=0.001
  half_substeps=5
  remaining_substeps=5
  Saved spatial snapshot at t = 0 (step 0)
  Step 0/10000 | R_avg = 0.983569 | norm = 1
  Step 100/10000 | R_avg = 0.983548 | norm = 0.999977
  Step 200/10000 | R_avg = 0.983545 | norm = 0.999952
  Step 300/10000 | R_avg = 0.983617 | norm = 0.999926
  Step 400/10000 | R_avg = 0.983557 | norm = 0.9999
  Step 500/10000 | R_avg = 0.983535 | norm = 0.999872
  Step 600/10000 | R_avg = 0.98356 | norm = 0.999844
  Step 700/10000 | R_avg = 0.983528 | norm = 0.999816
  Step 800/10000 | R_avg = 0.983585 | norm = 0.999787
  Step 900/10000 | R_avg = 0.9836 | norm = 0.999758
  Step 1000/10000 | R_avg = 0.983582 | norm = 0.999728
  Step 1100/10000 | R_avg = 0.983642 | norm = 0.999699
  Step 1200/10000 | R_avg = 0.983569 | norm = 0.999668
  Step 1300/10000 | R_avg = 0.983548 | norm = 0.999638
  Step 1400/10000 | R_avg = 0.983617 | norm = 0.999608
  Step 1500/10000 | R_avg = 0.983575 | norm = 0.999578
  Step 1600/10000 | R_avg = 0.983576 | norm = 0.999548
  Step 1700/10000 | R_avg = 0.983561 | norm = 0.999518
  Step 1800/10000 | R_avg = 0.983575 | norm = 0.999488
  Step 1900/10000 | R_avg = 0.983582 | norm = 0.999457
  Step 2000/10000 | R_avg = 0.983564 | norm = 0.999425
  Step 2100/10000 | R_avg = 0.983598 | norm = 0.999393
  Step 2200/10000 | R_avg = 0.983583 | norm = 0.999361
  Step 2300/10000 | R_avg = 0.983572 | norm = 0.999329
  Step 2400/10000 | R_avg = 0.983602 | norm = 0.999297
  Saved spatial snapshot at t = 25 (step 2500)
  Step 2500/10000 | R_avg = 0.983582 | norm = 0.999266
  Step 2600/10000 | R_avg = 0.98356 | norm = 0.999235
  Step 2700/10000 | R_avg = 0.983565 | norm = 0.999205
  Step 2800/10000 | R_avg = 0.983595 | norm = 0.999175
  Step 2900/10000 | R_avg = 0.983575 | norm = 0.999147
  Step 3000/10000 | R_avg = 0.983549 | norm = 0.999119
  Step 3100/10000 | R_avg = 0.983563 | norm = 0.999092
  Step 3200/10000 | R_avg = 0.983579 | norm = 0.999066
  Step 3300/10000 | R_avg = 0.983573 | norm = 0.999041
  Step 3400/10000 | R_avg = 0.983568 | norm = 0.999015
  Step 3500/10000 | R_avg = 0.983602 | norm = 0.998989
  Step 3600/10000 | R_avg = 0.983571 | norm = 0.998963
  Step 3700/10000 | R_avg = 0.983585 | norm = 0.998936
  Step 3800/10000 | R_avg = 0.983538 | norm = 0.998908
  Step 3900/10000 | R_avg = 0.983545 | norm = 0.998878
  Step 4000/10000 | R_avg = 0.983565 | norm = 0.998847
  Step 4100/10000 | R_avg = 0.983578 | norm = 0.998815
  Step 4200/10000 | R_avg = 0.983555 | norm = 0.998781
  Step 4300/10000 | R_avg = 0.983574 | norm = 0.998747
  Step 4400/10000 | R_avg = 0.983534 | norm = 0.998713
  Step 4500/10000 | R_avg = 0.983567 | norm = 0.998678
  Step 4600/10000 | R_avg = 0.983582 | norm = 0.998644
  Step 4700/10000 | R_avg = 0.983176 | norm = 0.998609
  Step 4800/10000 | R_avg = 0.983553 | norm = 0.998574
  Step 4900/10000 | R_avg = 0.983608 | norm = 0.998539
  Saved spatial snapshot at t = 50 (step 5000)
  Step 5000/10000 | R_avg = 0.983632 | norm = 0.998504
  Step 5100/10000 | R_avg = 0.983556 | norm = 0.998468
  Step 5200/10000 | R_avg = 0.983581 | norm = 0.998433
  Step 5300/10000 | R_avg = 0.983579 | norm = 0.998397
  Step 5400/10000 | R_avg = 0.983564 | norm = 0.998362
  Step 5500/10000 | R_avg = 0.983588 | norm = 0.998326
  Step 5600/10000 | R_avg = 0.983563 | norm = 0.998291
  Step 5700/10000 | R_avg = 0.98356 | norm = 0.998256
  Step 5800/10000 | R_avg = 0.983648 | norm = 0.998222
  Step 5900/10000 | R_avg = 0.983556 | norm = 0.998187
  Step 6000/10000 | R_avg = 0.983603 | norm = 0.998153
  Step 6100/10000 | R_avg = 0.983571 | norm = 0.99812
  Step 6200/10000 | R_avg = 0.983604 | norm = 0.998087
  Step 6300/10000 | R_avg = 0.983589 | norm = 0.998054
  Step 6400/10000 | R_avg = 0.98365 | norm = 0.998022
  Step 6500/10000 | R_avg = 0.983588 | norm = 0.997991
  Step 6600/10000 | R_avg = 0.983574 | norm = 0.997959
  Step 6700/10000 | R_avg = 0.983565 | norm = 0.997928
  Step 6800/10000 | R_avg = 0.983587 | norm = 0.997896
  Step 6900/10000 | R_avg = 0.983627 | norm = 0.997864
  Step 7000/10000 | R_avg = 0.983582 | norm = 0.997831
  Step 7100/10000 | R_avg = 0.983581 | norm = 0.997799
  Step 7200/10000 | R_avg = 0.983654 | norm = 0.997767
  Step 7300/10000 | R_avg = 0.983568 | norm = 0.997734
  Step 7400/10000 | R_avg = 0.983575 | norm = 0.997701
  Saved spatial snapshot at t = 75 (step 7500)
  Step 7500/10000 | R_avg = 0.983572 | norm = 0.997668
  Step 7600/10000 | R_avg = 0.983562 | norm = 0.997635
  Step 7700/10000 | R_avg = 0.98355 | norm = 0.997602
  Step 7800/10000 | R_avg = 0.983557 | norm = 0.997569
  Step 7900/10000 | R_avg = 0.983567 | norm = 0.997536
  Step 8000/10000 | R_avg = 0.983546 | norm = 0.997503
  Step 8100/10000 | R_avg = 0.983606 | norm = 0.99747
  Step 8200/10000 | R_avg = 0.983576 | norm = 0.997437
  Step 8300/10000 | R_avg = 0.983591 | norm = 0.997403
  Step 8400/10000 | R_avg = 0.983577 | norm = 0.99737
  Step 8500/10000 | R_avg = 0.983585 | norm = 0.997336
  Step 8600/10000 | R_avg = 0.983578 | norm = 0.997302
  Step 8700/10000 | R_avg = 0.98358 | norm = 0.997269
  Step 8800/10000 | R_avg = 0.983571 | norm = 0.997235
  Step 8900/10000 | R_avg = 0.983646 | norm = 0.997203
  Step 9000/10000 | R_avg = 0.983629 | norm = 0.99717
  Step 9100/10000 | R_avg = 0.983655 | norm = 0.997138
  Step 9200/10000 | R_avg = 0.98365 | norm = 0.997106
  Step 9300/10000 | R_avg = 0.983608 | norm = 0.997076
  Step 9400/10000 | R_avg = 0.983608 | norm = 0.997045
  Step 9500/10000 | R_avg = 0.983614 | norm = 0.997015
  Step 9600/10000 | R_avg = 0.983619 | norm = 0.996985
  Step 9700/10000 | R_avg = 0.983637 | norm = 0.996956
  Step 9800/10000 | R_avg = 0.983635 | norm = 0.996926
  Step 9900/10000 | R_avg = 0.983575 | norm = 0.996897

===== Global Validation =====
✓ Global validation PASSED
  ✓ Probability Conservation: ||ψ||² = 0.996867 (drift: 0.313366% from initial 1) ✓ PASS
  ✓ Energy Conservation: E_total = 1.14749 (drift: 3.68733% from initial 1.10668) ✓ PASS
  ✓ Order Parameter Bounds: R ∈ [0, 0] ✓ PASS (within [0,1])
  ✓ Causality: v = |p|/E = 0.217531 (c = 1) ✓ PASS (v ≤ c)
  ✓ Numerical Stability: All fields finite ✓ PASS

===== Scenario 2.3: Relativistic Mass Validation =====
  Boost velocity: v = 0.35c
  Theoretical gamma: γ = 1.06752
✗ Scenario validation FAILED:
  ✓ 1. θ(x,y,t=0) shows vortex structure (W = ±1): Winding number W = 1 ✓ PASS (|W| ≈ 1)
  ✓ 3. R(x,y,t=0) shows core (R_min < 0.5): R_min = 0 ✓ PASS (< 0.5)
  ✗ 4. ψ(x,y,t=0) is Gaussian at offset position: Wavepacket variance = 6.55052e-07 ✗ FAIL (too uniform, not Gaussian)
  ✓ 5. ⟨p⟩(t=0) = γmv (within 5%): ⟨p⟩ = 0.358703 (expect 0.373632, error = 3.9957%) ✓ PASS
  ✗ 6. γ_measured(t=final) within 5% of theory: γ_measured = 1.13866 (γ_theory = 1.06752, error = 6.66353%) ✗ FAIL (exceeds 5% tolerance)
  Norm validation: max_error = 0.00313282 ✓ PASS
  Energy validation: max_drift = 0.0432357 ✓ PASS
  Saved observables to /home/persist/neotec/0rigin/output/20251226_012755_scenario_2.4A_velocity_threshold_128x128_v0.3/N_10/observables.csv

--- Validating Convergence ---
✗ Convergence validation FAILED

========================================
Velocity: v=0.4c
========================================

Initializing engine for 128×128 grid, velocity v=0.4c...
[SMFTEngine] Resources cleanup delegated to component managers

[SMFTEngine] Physical Interpretation:
  Vacuum potential Δ = 1 (Planck mass in natural units)
  Synchronization field R(x) → Emergent spacetime metric
  Mass field m(x) = Δ·R(x) → Local energy density
  ∇R(x) → Gravitational field (not separate force)
  Grid: 128 x 128 oscillators

[SMFTEngine] Created GPU buffers for 128x128 grid
  Phase buffers: 65536 bytes each
  Spinor buffer: 524288 bytes
  Accumulator buffers: 65536 bytes each (operator splitting)
[SMFTEngine] Created compute pipelines
  ✓ Kuramoto pipeline
  ✓ Sync field pipeline
  ✓ Gravity field pipeline
  ✓ Stochastic Kuramoto pipeline
  ✓ Stochastic Dirac pipeline
  ✓ Accumulation pipeline (operator splitting)
Created experiment directory: /home/persist/neotec/0rigin/output/20251226_012926_scenario_2.4A_velocity_threshold_128x128_v0.4
[OutputManager] Created timestamped directory: /home/persist/neotec/0rigin/output/20251226_012926_scenario_2.4A_velocity_threshold_128x128_v0.4
[Logging] Console output for 128x128 v=0.4c writing to: /home/persist/neotec/0rigin/output/20251226_012926_scenario_2.4A_velocity_threshold_128x128_v0.4/console.log

--- Testing with N=10 ---
  Vortex initialization (grid-independent):
    Domain size: 100 ℓ_P
    Grid spacing: 0.78125 ℓ_P
    Core radius: 3 ℓ_P (3.84 grid points)
    Center: (50, 50) ℓ_P
    Winding number: W = 1
  Dirac initialization (grid-independent):
    Position: (50, 50) ℓ_P
    Width: 3 ℓ_P
    Grid coordinates: (64, 64) grid units
    Grid width: 3.84 grid units
  Using Dirac solver (spinor field) with boosted initialization
    Background R (expected): 1
[DiracEvolution] Initialized 128x128 4-component spinor field (particle, β=1)
[SMFT] Boosted Gaussian initialization:
  Position: (64, 64) grid units
  Width: σ = 3.84 grid units
  Velocity: v = (0.4, 0)c
  |v| = 0.4c
  Lorentz factor: γ = 1.09109
  Rest mass: m₀ = Δ·R = 1 × 1 = 1 m_P
  Momentum: p = (0.436436, 0) m_P·c
  |p| = 0.436436 m_P·c
  Pre-normalization: ∫|Ψ|² = 92.6492
  Normalization factor: 9.62545
[DiracEvolution] Initialized Gaussian wavepacket at (64, 64) with σ=3.84
  Final norm: ||Ψ||² = 1
  Initial position: <r> = (64, 64)
✓ Boosted Gaussian initialized
[SMFTEngine] Boosted Dirac field initialized: center=(64,64), sigma=3.84, boost=(0.4,0)c, norm=1, <r>=(64,64)
[DiracEvolution] Initialized 128x128 4-component spinor field (particle, β=1)
[SMFT] Boosted Gaussian initialization:
  Position: (64, 64) grid units
  Width: σ = 3.84 grid units
  Velocity: v = (0.4, 0)c
  |v| = 0.4c
  Lorentz factor: γ = 1.09109
  Rest mass: m₀ = Δ·R = 1 × 1 = 1 m_P
  Momentum: p = (0.436436, 0) m_P·c
  |p| = 0.436436 m_P·c
  Pre-normalization: ∫|Ψ|² = 92.6492
  Normalization factor: 9.62545
[DiracEvolution] Initialized Gaussian wavepacket at (64, 64) with σ=3.84
  Final norm: ||Ψ||² = 1
  Initial position: <r> = (64, 64)
✓ Boosted Gaussian initialized
  Initial energy E0 = 0.232538
  Initial norm = 1
  Saved spatial snapshot at t = 0 (step 0)
  Step 0/10000 | R_avg = 0.98362 | norm = 1
  Step 100/10000 | R_avg = 0.983597 | norm = 0.999977
  Step 200/10000 | R_avg = 0.983621 | norm = 0.999953
  Step 300/10000 | R_avg = 0.983644 | norm = 0.999927
  Step 400/10000 | R_avg = 0.983603 | norm = 0.999901
  Step 500/10000 | R_avg = 0.983572 | norm = 0.999874
  Step 600/10000 | R_avg = 0.983638 | norm = 0.999846
  Step 700/10000 | R_avg = 0.983587 | norm = 0.999818
  Step 800/10000 | R_avg = 0.983601 | norm = 0.99979
  Step 900/10000 | R_avg = 0.983652 | norm = 0.999761
  Step 1000/10000 | R_avg = 0.983618 | norm = 0.999732
  Step 1100/10000 | R_avg = 0.983584 | norm = 0.999703
  Step 1200/10000 | R_avg = 0.983572 | norm = 0.999673
  Step 1300/10000 | R_avg = 0.983623 | norm = 0.999643
  Step 1400/10000 | R_avg = 0.983656 | norm = 0.999613
  Step 1500/10000 | R_avg = 0.983616 | norm = 0.999584
  Step 1600/10000 | R_avg = 0.983602 | norm = 0.999554
  Step 1700/10000 | R_avg = 0.983637 | norm = 0.999525
  Step 1800/10000 | R_avg = 0.983586 | norm = 0.999495
  Step 1900/10000 | R_avg = 0.983572 | norm = 0.999465
  Step 2000/10000 | R_avg = 0.98359 | norm = 0.999434
  Step 2100/10000 | R_avg = 0.983631 | norm = 0.999403
  Step 2200/10000 | R_avg = 0.983625 | norm = 0.999371
  Step 2300/10000 | R_avg = 0.983608 | norm = 0.999339
  Step 2400/10000 | R_avg = 0.983608 | norm = 0.999308
  Saved spatial snapshot at t = 25 (step 2500)
  Step 2500/10000 | R_avg = 0.98364 | norm = 0.999277
  Step 2600/10000 | R_avg = 0.983611 | norm = 0.999247
  Step 2700/10000 | R_avg = 0.983597 | norm = 0.999217
  Step 2800/10000 | R_avg = 0.983594 | norm = 0.999188
  Step 2900/10000 | R_avg = 0.983601 | norm = 0.99916
  Step 3000/10000 | R_avg = 0.983632 | norm = 0.999132
  Step 3100/10000 | R_avg = 0.983627 | norm = 0.999106
  Step 3200/10000 | R_avg = 0.983625 | norm = 0.999081
  Step 3300/10000 | R_avg = 0.983603 | norm = 0.999056
  Step 3400/10000 | R_avg = 0.983597 | norm = 0.999032
  Step 3500/10000 | R_avg = 0.983613 | norm = 0.999007
  Step 3600/10000 | R_avg = 0.983638 | norm = 0.998981
  Step 3700/10000 | R_avg = 0.983597 | norm = 0.998955
  Step 3800/10000 | R_avg = 0.983629 | norm = 0.998927
  Step 3900/10000 | R_avg = 0.983577 | norm = 0.998898
  Step 4000/10000 | R_avg = 0.983613 | norm = 0.998868
  Step 4100/10000 | R_avg = 0.983615 | norm = 0.998836
  Step 4200/10000 | R_avg = 0.983629 | norm = 0.998803
  Step 4300/10000 | R_avg = 0.98362 | norm = 0.99877
  Step 4400/10000 | R_avg = 0.983592 | norm = 0.998736
  Step 4500/10000 | R_avg = 0.983627 | norm = 0.998702
  Step 4600/10000 | R_avg = 0.983636 | norm = 0.998667
  Step 4700/10000 | R_avg = 0.98357 | norm = 0.998632
  Step 4800/10000 | R_avg = 0.983633 | norm = 0.998597
  Step 4900/10000 | R_avg = 0.98363 | norm = 0.998563
  Saved spatial snapshot at t = 50 (step 5000)
  Step 5000/10000 | R_avg = 0.983575 | norm = 0.998528
  Step 5100/10000 | R_avg = 0.983631 | norm = 0.998492
  Step 5200/10000 | R_avg = 0.983636 | norm = 0.998457
  Step 5300/10000 | R_avg = 0.983581 | norm = 0.998422
  Step 5400/10000 | R_avg = 0.983607 | norm = 0.998387
  Step 5500/10000 | R_avg = 0.983615 | norm = 0.998352
  Step 5600/10000 | R_avg = 0.983641 | norm = 0.998317
  Step 5700/10000 | R_avg = 0.983623 | norm = 0.998283
  Step 5800/10000 | R_avg = 0.983659 | norm = 0.998248
  Step 5900/10000 | R_avg = 0.983595 | norm = 0.998213
  Step 6000/10000 | R_avg = 0.983619 | norm = 0.998179
  Step 6100/10000 | R_avg = 0.983626 | norm = 0.998146
  Step 6200/10000 | R_avg = 0.983611 | norm = 0.998113
  Step 6300/10000 | R_avg = 0.983619 | norm = 0.998081
  Step 6400/10000 | R_avg = 0.983621 | norm = 0.998049
  Step 6500/10000 | R_avg = 0.983622 | norm = 0.998018
  Step 6600/10000 | R_avg = 0.983633 | norm = 0.997987
  Step 6700/10000 | R_avg = 0.983609 | norm = 0.997955
  Step 6800/10000 | R_avg = 0.98363 | norm = 0.997924
  Step 6900/10000 | R_avg = 0.983611 | norm = 0.997892
  Step 7000/10000 | R_avg = 0.983649 | norm = 0.99786
  Step 7100/10000 | R_avg = 0.983642 | norm = 0.997828
  Step 7200/10000 | R_avg = 0.983631 | norm = 0.997795
  Step 7300/10000 | R_avg = 0.983631 | norm = 0.997763
  Step 7400/10000 | R_avg = 0.983633 | norm = 0.99773
  Saved spatial snapshot at t = 75 (step 7500)
  Step 7500/10000 | R_avg = 0.983616 | norm = 0.997696
  Step 7600/10000 | R_avg = 0.983615 | norm = 0.997663
  Step 7700/10000 | R_avg = 0.983615 | norm = 0.99763
  Step 7800/10000 | R_avg = 0.983638 | norm = 0.997597
  Step 7900/10000 | R_avg = 0.983629 | norm = 0.997564
  Step 8000/10000 | R_avg = 0.983617 | norm = 0.99753
  Step 8100/10000 | R_avg = 0.983597 | norm = 0.997497
  Step 8200/10000 | R_avg = 0.983581 | norm = 0.997464
  Step 8300/10000 | R_avg = 0.98365 | norm = 0.99743
  Step 8400/10000 | R_avg = 0.983615 | norm = 0.997397
  Step 8500/10000 | R_avg = 0.983628 | norm = 0.997363
  Step 8600/10000 | R_avg = 0.983639 | norm = 0.997329
  Step 8700/10000 | R_avg = 0.983592 | norm = 0.997296
  Step 8800/10000 | R_avg = 0.983609 | norm = 0.997263
  Step 8900/10000 | R_avg = 0.983649 | norm = 0.99723
  Step 9000/10000 | R_avg = 0.983601 | norm = 0.997197
  Step 9100/10000 | R_avg = 0.983603 | norm = 0.997165
  Step 9200/10000 | R_avg = 0.983621 | norm = 0.997134
  Step 9300/10000 | R_avg = 0.983628 | norm = 0.997103
  Step 9400/10000 | R_avg = 0.983605 | norm = 0.997072
  Step 9500/10000 | R_avg = 0.983644 | norm = 0.997043
  Step 9600/10000 | R_avg = 0.983603 | norm = 0.997013
  Step 9700/10000 | R_avg = 0.983631 | norm = 0.996984
  Step 9800/10000 | R_avg = 0.983636 | norm = 0.996955
  Step 9900/10000 | R_avg = 0.983649 | norm = 0.996926

===== Global Validation =====
✓ Global validation PASSED
  ✓ Probability Conservation: ||ψ||² = 0.996896 (drift: 0.31047% from initial 1) ✓ PASS
  ✓ Energy Conservation: E_total = 1.18292 (drift: 2.94593% from initial 1.14907) ✓ PASS
  ✓ Order Parameter Bounds: R ∈ [0, 0] ✓ PASS (within [0,1])
  ✓ Causality: v = |p|/E = 0.256701 (c = 1) ✓ PASS (v ≤ c)
  ✓ Numerical Stability: All fields finite ✓ PASS

===== Scenario 2.3: Relativistic Mass Validation =====
  Boost velocity: v = 0.4c
  Theoretical gamma: γ = 1.09109
✗ Scenario validation FAILED:
  ✓ 1. θ(x,y,t=0) shows vortex structure (W = ±1): Winding number W = 1 ✓ PASS (|W| ≈ 1)
  ✓ 3. R(x,y,t=0) shows core (R_min < 0.5): R_min = 0 ✓ PASS (< 0.5)
  ✗ 4. ψ(x,y,t=0) is Gaussian at offset position: Wavepacket variance = 6.55052e-07 ✗ FAIL (too uniform, not Gaussian)
  ✓ 5. ⟨p⟩(t=0) = γmv (within 5%): ⟨p⟩ = 0.41545 (expect 0.436436, error = 4.80852%) ✓ PASS
  ✗ 6. γ_measured(t=final) within 5% of theory: γ_measured = 1.16231 (γ_theory = 1.09109, error = 6.52708%) ✗ FAIL (exceeds 5% tolerance)
  Norm validation: max_error = 0.00310378 ✓ PASS
  Energy validation: max_drift = 0.0348853 ✓ PASS
  Saved observables to /home/persist/neotec/0rigin/output/20251226_012926_scenario_2.4A_velocity_threshold_128x128_v0.4/N_10/observables.csv

--- Validating Convergence ---
✗ Convergence validation FAILED

========================================
Velocity: v=0.45c
========================================

Initializing engine for 128×128 grid, velocity v=0.45c...
[SMFTEngine] Resources cleanup delegated to component managers

[SMFTEngine] Physical Interpretation:
  Vacuum potential Δ = 1 (Planck mass in natural units)
  Synchronization field R(x) → Emergent spacetime metric
  Mass field m(x) = Δ·R(x) → Local energy density
  ∇R(x) → Gravitational field (not separate force)
  Grid: 128 x 128 oscillators

[SMFTEngine] Created GPU buffers for 128x128 grid
  Phase buffers: 65536 bytes each
  Spinor buffer: 524288 bytes
  Accumulator buffers: 65536 bytes each (operator splitting)
[SMFTEngine] Created compute pipelines
  ✓ Kuramoto pipeline
  ✓ Sync field pipeline
  ✓ Gravity field pipeline
  ✓ Stochastic Kuramoto pipeline
  ✓ Stochastic Dirac pipeline
  ✓ Accumulation pipeline (operator splitting)
Created experiment directory: /home/persist/neotec/0rigin/output/20251226_013105_scenario_2.4A_velocity_threshold_128x128_v0.4
[OutputManager] Created timestamped directory: /home/persist/neotec/0rigin/output/20251226_013105_scenario_2.4A_velocity_threshold_128x128_v0.4
[Logging] Console output for 128x128 v=0.45c writing to: /home/persist/neotec/0rigin/output/20251226_013105_scenario_2.4A_velocity_threshold_128x128_v0.4/console.log

--- Testing with N=10 ---
  Vortex initialization (grid-independent):
    Domain size: 100 ℓ_P
    Grid spacing: 0.78125 ℓ_P
    Core radius: 3 ℓ_P (3.84 grid points)
    Center: (50, 50) ℓ_P
    Winding number: W = 1
  Dirac initialization (grid-independent):
    Position: (50, 50) ℓ_P
    Width: 3 ℓ_P
    Grid coordinates: (64, 64) grid units
    Grid width: 3.84 grid units
  Using Dirac solver (spinor field) with boosted initialization
    Background R (expected): 1
[DiracEvolution] Initialized 128x128 4-component spinor field (particle, β=1)
[SMFT] Boosted Gaussian initialization:
  Position: (64, 64) grid units
  Width: σ = 3.84 grid units
  Velocity: v = (0.45, 0)c
  |v| = 0.45c
  Lorentz factor: γ = 1.11979
  Rest mass: m₀ = Δ·R = 1 × 1 = 1 m_P
  Momentum: p = (0.503903, 0) m_P·c
  |p| = 0.503903 m_P·c
  Pre-normalization: ∫|Ψ|² = 92.6492
  Normalization factor: 9.62545
[DiracEvolution] Initialized Gaussian wavepacket at (64, 64) with σ=3.84
  Final norm: ||Ψ||² = 1
  Initial position: <r> = (64, 64)
✓ Boosted Gaussian initialized
[SMFTEngine] Boosted Dirac field initialized: center=(64,64), sigma=3.84, boost=(0.45,0)c, norm=1, <r>=(64,64)
[DiracEvolution] Initialized 128x128 4-component spinor field (particle, β=1)
[SMFT] Boosted Gaussian initialization:
  Position: (64, 64) grid units
  Width: σ = 3.84 grid units
  Velocity: v = (0.45, 0)c
  |v| = 0.45c
  Lorentz factor: γ = 1.11979
  Rest mass: m₀ = Δ·R = 1 × 1 = 1 m_P
  Momentum: p = (0.503903, 0) m_P·c
  |p| = 0.503903 m_P·c
  Pre-normalization: ∫|Ψ|² = 92.6492
  Normalization factor: 9.62545
[DiracEvolution] Initialized Gaussian wavepacket at (64, 64) with σ=3.84
  Final norm: ||Ψ||² = 1
  Initial position: <r> = (64, 64)
✓ Boosted Gaussian initialized
  Initial energy E0 = 0.283424
  Initial norm = 1
  Saved spatial snapshot at t = 0 (step 0)
  Step 0/10000 | R_avg = 0.983633 | norm = 1
  Step 100/10000 | R_avg = 0.983637 | norm = 0.999977
  Step 200/10000 | R_avg = 0.983655 | norm = 0.999953
  Step 300/10000 | R_avg = 0.983603 | norm = 0.999928
  Step 400/10000 | R_avg = 0.983618 | norm = 0.999902
  Step 500/10000 | R_avg = 0.983582 | norm = 0.999875
  Step 600/10000 | R_avg = 0.983651 | norm = 0.999848
  Step 700/10000 | R_avg = 0.983622 | norm = 0.99982
  Step 800/10000 | R_avg = 0.983634 | norm = 0.999792
  Step 900/10000 | R_avg = 0.983607 | norm = 0.999763
  Step 1000/10000 | R_avg = 0.983622 | norm = 0.999735
  Step 1100/10000 | R_avg = 0.983606 | norm = 0.999705
  Step 1200/10000 | R_avg = 0.983604 | norm = 0.999676
  Step 1300/10000 | R_avg = 0.983631 | norm = 0.999647
  Step 1400/10000 | R_avg = 0.983596 | norm = 0.999617
  Step 1500/10000 | R_avg = 0.983608 | norm = 0.999588
  Step 1600/10000 | R_avg = 0.983589 | norm = 0.999558
  Step 1700/10000 | R_avg = 0.9836 | norm = 0.999529
  Step 1800/10000 | R_avg = 0.983581 | norm = 0.999499
  Step 1900/10000 | R_avg = 0.983649 | norm = 0.999469
  Step 2000/10000 | R_avg = 0.98359 | norm = 0.999439
  Step 2100/10000 | R_avg = 0.983656 | norm = 0.999408
  Step 2200/10000 | R_avg = 0.98363 | norm = 0.999377
  Step 2300/10000 | R_avg = 0.983627 | norm = 0.999345
  Step 2400/10000 | R_avg = 0.983622 | norm = 0.999314
  Saved spatial snapshot at t = 25 (step 2500)
  Step 2500/10000 | R_avg = 0.983593 | norm = 0.999284
  Step 2600/10000 | R_avg = 0.983632 | norm = 0.999253
  Step 2700/10000 | R_avg = 0.983595 | norm = 0.999224
  Step 2800/10000 | R_avg = 0.98362 | norm = 0.999195
  Step 2900/10000 | R_avg = 0.983641 | norm = 0.999167
  Step 3000/10000 | R_avg = 0.983625 | norm = 0.99914
  Step 3100/10000 | R_avg = 0.983619 | norm = 0.999115
  Step 3200/10000 | R_avg = 0.983621 | norm = 0.99909
  Step 3300/10000 | R_avg = 0.9836 | norm = 0.999065
  Step 3400/10000 | R_avg = 0.983603 | norm = 0.999041
  Step 3500/10000 | R_avg = 0.983628 | norm = 0.999016
  Step 3600/10000 | R_avg = 0.983601 | norm = 0.998992
  Step 3700/10000 | R_avg = 0.983618 | norm = 0.998966
  Step 3800/10000 | R_avg = 0.98362 | norm = 0.998939
  Step 3900/10000 | R_avg = 0.983634 | norm = 0.99891
  Step 4000/10000 | R_avg = 0.983597 | norm = 0.99888
  Step 4100/10000 | R_avg = 0.98363 | norm = 0.998848
  Step 4200/10000 | R_avg = 0.983637 | norm = 0.998815
  Step 4300/10000 | R_avg = 0.983631 | norm = 0.998782
  Step 4400/10000 | R_avg = 0.98362 | norm = 0.998748
  Step 4500/10000 | R_avg = 0.983597 | norm = 0.998714
  Step 4600/10000 | R_avg = 0.983627 | norm = 0.998679
  Step 4700/10000 | R_avg = 0.983629 | norm = 0.998644
  Step 4800/10000 | R_avg = 0.983627 | norm = 0.998609
  Step 4900/10000 | R_avg = 0.983596 | norm = 0.998574
  Saved spatial snapshot at t = 50 (step 5000)
  Step 5000/10000 | R_avg = 0.983625 | norm = 0.99854
  Step 5100/10000 | R_avg = 0.983629 | norm = 0.998505
  Step 5200/10000 | R_avg = 0.983651 | norm = 0.99847
  Step 5300/10000 | R_avg = 0.983608 | norm = 0.998435
  Step 5400/10000 | R_avg = 0.98363 | norm = 0.9984
  Step 5500/10000 | R_avg = 0.983634 | norm = 0.998365
  Step 5600/10000 | R_avg = 0.983635 | norm = 0.998331
  Step 5700/10000 | R_avg = 0.983588 | norm = 0.998296
  Step 5800/10000 | R_avg = 0.983593 | norm = 0.998261
  Step 5900/10000 | R_avg = 0.983626 | norm = 0.998227
  Step 6000/10000 | R_avg = 0.983628 | norm = 0.998193
  Step 6100/10000 | R_avg = 0.983609 | norm = 0.99816
  Step 6200/10000 | R_avg = 0.983609 | norm = 0.998128
  Step 6300/10000 | R_avg = 0.983614 | norm = 0.998096
  Step 6400/10000 | R_avg = 0.983603 | norm = 0.998064
  Step 6500/10000 | R_avg = 0.983599 | norm = 0.998033
  Step 6600/10000 | R_avg = 0.983607 | norm = 0.998002
  Step 6700/10000 | R_avg = 0.983626 | norm = 0.997971
  Step 6800/10000 | R_avg = 0.983597 | norm = 0.99794
  Step 6900/10000 | R_avg = 0.983602 | norm = 0.997908
  Step 7000/10000 | R_avg = 0.983626 | norm = 0.997876
  Step 7100/10000 | R_avg = 0.983626 | norm = 0.997844
  Step 7200/10000 | R_avg = 0.983619 | norm = 0.997812
  Step 7300/10000 | R_avg = 0.983616 | norm = 0.997779
  Step 7400/10000 | R_avg = 0.983626 | norm = 0.997746
  Saved spatial snapshot at t = 75 (step 7500)
  Step 7500/10000 | R_avg = 0.983583 | norm = 0.997712
  Step 7600/10000 | R_avg = 0.983591 | norm = 0.997679
  Step 7700/10000 | R_avg = 0.983602 | norm = 0.997645
  Step 7800/10000 | R_avg = 0.983633 | norm = 0.997612
  Step 7900/10000 | R_avg = 0.983618 | norm = 0.997578
  Step 8000/10000 | R_avg = 0.983638 | norm = 0.997545
  Step 8100/10000 | R_avg = 0.983646 | norm = 0.997512
  Step 8200/10000 | R_avg = 0.983606 | norm = 0.997478
  Step 8300/10000 | R_avg = 0.98362 | norm = 0.997444
  Step 8400/10000 | R_avg = 0.983592 | norm = 0.99741
  Step 8500/10000 | R_avg = 0.983611 | norm = 0.997376
  Step 8600/10000 | R_avg = 0.983627 | norm = 0.997342
  Step 8700/10000 | R_avg = 0.983646 | norm = 0.997309
  Step 8800/10000 | R_avg = 0.983643 | norm = 0.997275
  Step 8900/10000 | R_avg = 0.983614 | norm = 0.997242
  Step 9000/10000 | R_avg = 0.983594 | norm = 0.99721
  Step 9100/10000 | R_avg = 0.983621 | norm = 0.997178
  Step 9200/10000 | R_avg = 0.983589 | norm = 0.997146
  Step 9300/10000 | R_avg = 0.983567 | norm = 0.997116
  Step 9400/10000 | R_avg = 0.983604 | norm = 0.997086
  Step 9500/10000 | R_avg = 0.983594 | norm = 0.997056
  Step 9600/10000 | R_avg = 0.983643 | norm = 0.997027
  Step 9700/10000 | R_avg = 0.983617 | norm = 0.996998
  Step 9800/10000 | R_avg = 0.98358 | norm = 0.99697
  Step 9900/10000 | R_avg = 0.983644 | norm = 0.996941

===== Global Validation =====
✓ Global validation PASSED
  ✓ Probability Conservation: ||ψ||² = 0.996912 (drift: 0.308889% from initial 1) ✓ PASS
  ✓ Energy Conservation: E_total = 1.22696 (drift: 2.17865% from initial 1.2008) ✓ PASS
  ✓ Order Parameter Bounds: R ∈ [0, 0] ✓ PASS (within [0,1])
  ✓ Causality: v = |p|/E = 0.295288 (c = 1) ✓ PASS (v ≤ c)
  ✓ Numerical Stability: All fields finite ✓ PASS

===== Scenario 2.3: Relativistic Mass Validation =====
  Boost velocity: v = 0.45c
  Theoretical gamma: γ = 1.11979
✗ Scenario validation FAILED:
  ✓ 1. θ(x,y,t=0) shows vortex structure (W = ±1): Winding number W = 1 ✓ PASS (|W| ≈ 1)
  ✓ 3. R(x,y,t=0) shows core (R_min < 0.5): R_min = 0 ✓ PASS (< 0.5)
  ✗ 4. ψ(x,y,t=0) is Gaussian at offset position: Wavepacket variance = 6.55052e-07 ✗ FAIL (too uniform, not Gaussian)
  ✗ 5. ⟨p⟩(t=0) = γmv (within 5%): ⟨p⟩ = 0.474579 (expect 0.503903, error = 5.81936%) ✗ FAIL (exceeds 5% tolerance)
  ✗ 6. γ_measured(t=final) within 5% of theory: γ_measured = 1.19176 (γ_theory = 1.11979, error = 6.42779%) ✗ FAIL (exceeds 5% tolerance)
  Norm validation: max_error = 0.00308802 ✓ PASS
  Energy validation: max_drift = 0.0263765 ✓ PASS
  Saved observables to /home/persist/neotec/0rigin/output/20251226_013105_scenario_2.4A_velocity_threshold_128x128_v0.4/N_10/observables.csv

--- Validating Convergence ---
✗ Convergence validation FAILED

========================================
Velocity: v=0.5c
========================================

Initializing engine for 128×128 grid, velocity v=0.5c...
[SMFTEngine] Resources cleanup delegated to component managers

[SMFTEngine] Physical Interpretation:
  Vacuum potential Δ = 1 (Planck mass in natural units)
  Synchronization field R(x) → Emergent spacetime metric
  Mass field m(x) = Δ·R(x) → Local energy density
  ∇R(x) → Gravitational field (not separate force)
  Grid: 128 x 128 oscillators

[SMFTEngine] Created GPU buffers for 128x128 grid
  Phase buffers: 65536 bytes each
  Spinor buffer: 524288 bytes
  Accumulator buffers: 65536 bytes each (operator splitting)
[SMFTEngine] Created compute pipelines
  ✓ Kuramoto pipeline
  ✓ Sync field pipeline
  ✓ Gravity field pipeline
  ✓ Stochastic Kuramoto pipeline
  ✓ Stochastic Dirac pipeline
  ✓ Accumulation pipeline (operator splitting)
Created experiment directory: /home/persist/neotec/0rigin/output/20251226_013245_scenario_2.4A_velocity_threshold_128x128_v0.5
[OutputManager] Created timestamped directory: /home/persist/neotec/0rigin/output/20251226_013245_scenario_2.4A_velocity_threshold_128x128_v0.5
[Logging] Console output for 128x128 v=0.5c writing to: /home/persist/neotec/0rigin/output/20251226_013245_scenario_2.4A_velocity_threshold_128x128_v0.5/console.log

--- Testing with N=10 ---
  Vortex initialization (grid-independent):
    Domain size: 100 ℓ_P
    Grid spacing: 0.78125 ℓ_P
    Core radius: 3 ℓ_P (3.84 grid points)
    Center: (50, 50) ℓ_P
    Winding number: W = 1
  Dirac initialization (grid-independent):
    Position: (50, 50) ℓ_P
    Width: 3 ℓ_P
    Grid coordinates: (64, 64) grid units
    Grid width: 3.84 grid units
  Using Dirac solver (spinor field) with boosted initialization
    Background R (expected): 1
[DiracEvolution] Initialized 128x128 4-component spinor field (particle, β=1)
[SMFT] Boosted Gaussian initialization:
  Position: (64, 64) grid units
  Width: σ = 3.84 grid units
  Velocity: v = (0.5, 0)c
  |v| = 0.5c
  Lorentz factor: γ = 1.1547
  Rest mass: m₀ = Δ·R = 1 × 1 = 1 m_P
  Momentum: p = (0.57735, 0) m_P·c
  |p| = 0.57735 m_P·c
  Pre-normalization: ∫|Ψ|² = 92.6492
  Normalization factor: 9.62545
[DiracEvolution] Initialized Gaussian wavepacket at (64, 64) with σ=3.84
  Final norm: ||Ψ||² = 1
  Initial position: <r> = (64, 64)
✓ Boosted Gaussian initialized
[SMFTEngine] Boosted Dirac field initialized: center=(64,64), sigma=3.84, boost=(0.5,0)c, norm=1, <r>=(64,64)
[DiracEvolution] Initialized 128x128 4-component spinor field (particle, β=1)
[SMFT] Boosted Gaussian initialization:
  Position: (64, 64) grid units
  Width: σ = 3.84 grid units
  Velocity: v = (0.5, 0)c
  |v| = 0.5c
  Lorentz factor: γ = 1.1547
  Rest mass: m₀ = Δ·R = 1 × 1 = 1 m_P
  Momentum: p = (0.57735, 0) m_P·c
  |p| = 0.57735 m_P·c
  Pre-normalization: ∫|Ψ|² = 92.6492
  Normalization factor: 9.62545
[DiracEvolution] Initialized Gaussian wavepacket at (64, 64) with σ=3.84
  Final norm: ||Ψ||² = 1
  Initial position: <r> = (64, 64)
✓ Boosted Gaussian initialized
  Initial energy E0 = 0.343939
  Initial norm = 1
  Saved spatial snapshot at t = 0 (step 0)
  Step 0/10000 | R_avg = 0.983622 | norm = 1
  Step 100/10000 | R_avg = 0.983603 | norm = 0.999977
  Step 200/10000 | R_avg = 0.983634 | norm = 0.999953
  Step 300/10000 | R_avg = 0.983571 | norm = 0.999929
  Step 400/10000 | R_avg = 0.983646 | norm = 0.999903
  Step 500/10000 | R_avg = 0.983578 | norm = 0.999877
  Step 600/10000 | R_avg = 0.983593 | norm = 0.99985
  Step 700/10000 | R_avg = 0.983627 | norm = 0.999823
  Step 800/10000 | R_avg = 0.983616 | norm = 0.999795
  Step 900/10000 | R_avg = 0.983611 | norm = 0.999766
  Step 1000/10000 | R_avg = 0.983603 | norm = 0.999738
  Step 1100/10000 | R_avg = 0.983605 | norm = 0.999709
  Step 1200/10000 | R_avg = 0.983597 | norm = 0.99968
  Step 1300/10000 | R_avg = 0.983613 | norm = 0.99965
  Step 1400/10000 | R_avg = 0.983625 | norm = 0.999621
  Step 1500/10000 | R_avg = 0.983606 | norm = 0.999592
  Step 1600/10000 | R_avg = 0.983616 | norm = 0.999563
  Step 1700/10000 | R_avg = 0.983636 | norm = 0.999534
  Step 1800/10000 | R_avg = 0.983645 | norm = 0.999505
  Step 1900/10000 | R_avg = 0.983625 | norm = 0.999476
  Step 2000/10000 | R_avg = 0.9836 | norm = 0.999446
  Step 2100/10000 | R_avg = 0.98363 | norm = 0.999415
  Step 2200/10000 | R_avg = 0.983613 | norm = 0.999384
  Step 2300/10000 | R_avg = 0.983639 | norm = 0.999353
  Step 2400/10000 | R_avg = 0.983655 | norm = 0.999322
  Saved spatial snapshot at t = 25 (step 2500)
  Step 2500/10000 | R_avg = 0.983612 | norm = 0.999292
  Step 2600/10000 | R_avg = 0.983627 | norm = 0.999262
  Step 2700/10000 | R_avg = 0.983627 | norm = 0.999232
  Step 2800/10000 | R_avg = 0.983621 | norm = 0.999203
  Step 2900/10000 | R_avg = 0.98362 | norm = 0.999176
  Step 3000/10000 | R_avg = 0.983601 | norm = 0.999149
  Step 3100/10000 | R_avg = 0.983642 | norm = 0.999124
  Step 3200/10000 | R_avg = 0.983632 | norm = 0.999099
  Step 3300/10000 | R_avg = 0.983621 | norm = 0.999075
  Step 3400/10000 | R_avg = 0.98363 | norm = 0.999052
  Step 3500/10000 | R_avg = 0.983604 | norm = 0.999027
  Step 3600/10000 | R_avg = 0.983674 | norm = 0.999003
  Step 3700/10000 | R_avg = 0.983632 | norm = 0.998977
  Step 3800/10000 | R_avg = 0.983599 | norm = 0.99895
  Step 3900/10000 | R_avg = 0.983619 | norm = 0.998922
  Step 4000/10000 | R_avg = 0.983638 | norm = 0.998891
  Step 4100/10000 | R_avg = 0.983596 | norm = 0.99886
  Step 4200/10000 | R_avg = 0.983573 | norm = 0.998827
  Step 4300/10000 | R_avg = 0.983585 | norm = 0.998793
  Step 4400/10000 | R_avg = 0.983615 | norm = 0.998759
  Step 4500/10000 | R_avg = 0.983582 | norm = 0.998724
  Step 4600/10000 | R_avg = 0.983632 | norm = 0.998689
  Step 4700/10000 | R_avg = 0.983633 | norm = 0.998654
  Step 4800/10000 | R_avg = 0.983644 | norm = 0.998619
  Step 4900/10000 | R_avg = 0.983602 | norm = 0.998584
  Saved spatial snapshot at t = 50 (step 5000)
  Step 5000/10000 | R_avg = 0.983621 | norm = 0.998549
  Step 5100/10000 | R_avg = 0.983625 | norm = 0.998515
  Step 5200/10000 | R_avg = 0.983599 | norm = 0.998479
  Step 5300/10000 | R_avg = 0.983622 | norm = 0.998444
  Step 5400/10000 | R_avg = 0.983598 | norm = 0.998409
  Step 5500/10000 | R_avg = 0.983622 | norm = 0.998374
  Step 5600/10000 | R_avg = 0.983637 | norm = 0.99834
  Step 5700/10000 | R_avg = 0.983646 | norm = 0.998305
  Step 5800/10000 | R_avg = 0.983651 | norm = 0.998271
  Step 5900/10000 | R_avg = 0.983604 | norm = 0.998237
  Step 6000/10000 | R_avg = 0.983625 | norm = 0.998203
  Step 6100/10000 | R_avg = 0.983607 | norm = 0.99817
  Step 6200/10000 | R_avg = 0.983632 | norm = 0.998138
  Step 6300/10000 | R_avg = 0.983594 | norm = 0.998106
  Step 6400/10000 | R_avg = 0.983598 | norm = 0.998075
  Step 6500/10000 | R_avg = 0.983602 | norm = 0.998044
  Step 6600/10000 | R_avg = 0.983611 | norm = 0.998014
  Step 6700/10000 | R_avg = 0.983589 | norm = 0.997983
  Step 6800/10000 | R_avg = 0.983616 | norm = 0.997951
  Step 6900/10000 | R_avg = 0.983642 | norm = 0.99792
  Step 7000/10000 | R_avg = 0.983661 | norm = 0.997888
  Step 7100/10000 | R_avg = 0.983602 | norm = 0.997856
  Step 7200/10000 | R_avg = 0.983626 | norm = 0.997823
  Step 7300/10000 | R_avg = 0.9836 | norm = 0.99779
  Step 7400/10000 | R_avg = 0.983638 | norm = 0.997756
  Saved spatial snapshot at t = 75 (step 7500)
  Step 7500/10000 | R_avg = 0.983608 | norm = 0.997723
  Step 7600/10000 | R_avg = 0.983613 | norm = 0.99769
  Step 7700/10000 | R_avg = 0.983585 | norm = 0.997656
  Step 7800/10000 | R_avg = 0.983588 | norm = 0.997623
  Step 7900/10000 | R_avg = 0.98366 | norm = 0.997589
  Step 8000/10000 | R_avg = 0.983607 | norm = 0.997556
  Step 8100/10000 | R_avg = 0.983586 | norm = 0.997523
  Step 8200/10000 | R_avg = 0.983594 | norm = 0.997489
  Step 8300/10000 | R_avg = 0.983617 | norm = 0.997455
  Step 8400/10000 | R_avg = 0.983604 | norm = 0.997421
  Step 8500/10000 | R_avg = 0.983643 | norm = 0.997387
  Step 8600/10000 | R_avg = 0.983648 | norm = 0.997354
  Step 8700/10000 | R_avg = 0.983611 | norm = 0.99732
  Step 8800/10000 | R_avg = 0.983625 | norm = 0.997286
  Step 8900/10000 | R_avg = 0.983591 | norm = 0.997253
  Step 9000/10000 | R_avg = 0.983606 | norm = 0.997221
  Step 9100/10000 | R_avg = 0.983638 | norm = 0.997189
  Step 9200/10000 | R_avg = 0.983607 | norm = 0.997158
  Step 9300/10000 | R_avg = 0.983628 | norm = 0.997128
  Step 9400/10000 | R_avg = 0.983618 | norm = 0.997098
  Step 9500/10000 | R_avg = 0.983586 | norm = 0.997069
  Step 9600/10000 | R_avg = 0.983631 | norm = 0.99704
  Step 9700/10000 | R_avg = 0.983636 | norm = 0.997012
  Step 9800/10000 | R_avg = 0.983625 | norm = 0.996984
  Step 9900/10000 | R_avg = 0.983606 | norm = 0.996956

===== Global Validation =====
✓ Global validation PASSED
  ✓ Probability Conservation: ||ψ||² = 0.996928 (drift: 0.307318% from initial 1) ✓ PASS
  ✓ Energy Conservation: E_total = 1.28141 (drift: 1.59347% from initial 1.26131) ✓ PASS
  ✓ Order Parameter Bounds: R ∈ [0, 0] ✓ PASS (within [0,1])
  ✓ Causality: v = |p|/E = 0.332544 (c = 1) ✓ PASS (v ≤ c)
  ✓ Numerical Stability: All fields finite ✓ PASS

===== Scenario 2.3: Relativistic Mass Validation =====
  Boost velocity: v = 0.5c
  Theoretical gamma: γ = 1.1547
✗ Scenario validation FAILED:
  ✓ 1. θ(x,y,t=0) shows vortex structure (W = ±1): Winding number W = 1 ✓ PASS (|W| ≈ 1)
  ✓ 3. R(x,y,t=0) shows core (R_min < 0.5): R_min = 0 ✓ PASS (< 0.5)
  ✗ 4. ψ(x,y,t=0) is Gaussian at offset position: Wavepacket variance = 6.55052e-07 ✗ FAIL (too uniform, not Gaussian)
  ✗ 5. ⟨p⟩(t=0) = γmv (within 5%): ⟨p⟩ = 0.536486 (expect 0.57735, error = 7.07795%) ✗ FAIL (exceeds 5% tolerance)
  ✗ 6. γ_measured(t=final) within 5% of theory: γ_measured = 1.22859 (γ_theory = 1.1547, error = 6.39931%) ✗ FAIL (exceeds 5% tolerance)
  Norm validation: max_error = 0.00307234 ✓ PASS
  Energy validation: max_drift = 0.0198424 ✓ PASS
  Saved observables to /home/persist/neotec/0rigin/output/20251226_013245_scenario_2.4A_velocity_threshold_128x128_v0.5/N_10/observables.csv

--- Validating Convergence ---
✗ Convergence validation FAILED

========================================
Velocity: v=0.55c
========================================

Initializing engine for 128×128 grid, velocity v=0.55c...
[SMFTEngine] Resources cleanup delegated to component managers

[SMFTEngine] Physical Interpretation:
  Vacuum potential Δ = 1 (Planck mass in natural units)
  Synchronization field R(x) → Emergent spacetime metric
  Mass field m(x) = Δ·R(x) → Local energy density
  ∇R(x) → Gravitational field (not separate force)
  Grid: 128 x 128 oscillators

[SMFTEngine] Created GPU buffers for 128x128 grid
  Phase buffers: 65536 bytes each
  Spinor buffer: 524288 bytes
  Accumulator buffers: 65536 bytes each (operator splitting)
[SMFTEngine] Created compute pipelines
  ✓ Kuramoto pipeline
  ✓ Sync field pipeline
  ✓ Gravity field pipeline
  ✓ Stochastic Kuramoto pipeline
  ✓ Stochastic Dirac pipeline
  ✓ Accumulation pipeline (operator splitting)
Created experiment directory: /home/persist/neotec/0rigin/output/20251226_013426_scenario_2.4A_velocity_threshold_128x128_v0.6
[OutputManager] Created timestamped directory: /home/persist/neotec/0rigin/output/20251226_013426_scenario_2.4A_velocity_threshold_128x128_v0.6
[Logging] Console output for 128x128 v=0.55c writing to: /home/persist/neotec/0rigin/output/20251226_013426_scenario_2.4A_velocity_threshold_128x128_v0.6/console.log

--- Testing with N=10 ---
  Vortex initialization (grid-independent):
    Domain size: 100 ℓ_P
    Grid spacing: 0.78125 ℓ_P
    Core radius: 3 ℓ_P (3.84 grid points)
    Center: (50, 50) ℓ_P
    Winding number: W = 1
  Dirac initialization (grid-independent):
    Position: (50, 50) ℓ_P
    Width: 3 ℓ_P
    Grid coordinates: (64, 64) grid units
    Grid width: 3.84 grid units
  Using Dirac solver (spinor field) with boosted initialization
    Background R (expected): 1
[DiracEvolution] Initialized 128x128 4-component spinor field (particle, β=1)
[SMFT] Boosted Gaussian initialization:
  Position: (64, 64) grid units
  Width: σ = 3.84 grid units
  Velocity: v = (0.55, 0)c
  |v| = 0.55c
  Lorentz factor: γ = 1.19737
  Rest mass: m₀ = Δ·R = 1 × 1 = 1 m_P
  Momentum: p = (0.658553, 0) m_P·c
  |p| = 0.658553 m_P·c
  Pre-normalization: ∫|Ψ|² = 92.6492
  Normalization factor: 9.62545
[DiracEvolution] Initialized Gaussian wavepacket at (64, 64) with σ=3.84
  Final norm: ||Ψ||² = 1
  Initial position: <r> = (64, 64)
✓ Boosted Gaussian initialized
[SMFTEngine] Boosted Dirac field initialized: center=(64,64), sigma=3.84, boost=(0.55,0)c, norm=1, <r>=(64,64)
[DiracEvolution] Initialized 128x128 4-component spinor field (particle, β=1)
[SMFT] Boosted Gaussian initialization:
  Position: (64, 64) grid units
  Width: σ = 3.84 grid units
  Velocity: v = (0.55, 0)c
  |v| = 0.55c
  Lorentz factor: γ = 1.19737
  Rest mass: m₀ = Δ·R = 1 × 1 = 1 m_P
  Momentum: p = (0.658553, 0) m_P·c
  |p| = 0.658553 m_P·c
  Pre-normalization: ∫|Ψ|² = 92.6492
  Normalization factor: 9.62545
[DiracEvolution] Initialized Gaussian wavepacket at (64, 64) with σ=3.84
  Final norm: ||Ψ||² = 1
  Initial position: <r> = (64, 64)
✓ Boosted Gaussian initialized
  Initial energy E0 = 0.415524
  Initial norm = 1
  Saved spatial snapshot at t = 0 (step 0)
  Step 0/10000 | R_avg = 0.983598 | norm = 1
  Step 100/10000 | R_avg = 0.983606 | norm = 0.999978
  Step 200/10000 | R_avg = 0.983613 | norm = 0.999954
  Step 300/10000 | R_avg = 0.983648 | norm = 0.999929
  Step 400/10000 | R_avg = 0.983612 | norm = 0.999904
  Step 500/10000 | R_avg = 0.983636 | norm = 0.999878
  Step 600/10000 | R_avg = 0.983597 | norm = 0.999851
  Step 700/10000 | R_avg = 0.983683 | norm = 0.999824
  Step 800/10000 | R_avg = 0.983605 | norm = 0.999796
  Step 900/10000 | R_avg = 0.983564 | norm = 0.999768
  Step 1000/10000 | R_avg = 0.983614 | norm = 0.99974
  Step 1100/10000 | R_avg = 0.983637 | norm = 0.999711
  Step 1200/10000 | R_avg = 0.983624 | norm = 0.999682
  Step 1300/10000 | R_avg = 0.983617 | norm = 0.999653
  Step 1400/10000 | R_avg = 0.98362 | norm = 0.999624
  Step 1500/10000 | R_avg = 0.983602 | norm = 0.999596
  Step 1600/10000 | R_avg = 0.983599 | norm = 0.999567
  Step 1700/10000 | R_avg = 0.983633 | norm = 0.999539
  Step 1800/10000 | R_avg = 0.983588 | norm = 0.99951
  Step 1900/10000 | R_avg = 0.983613 | norm = 0.999481
  Step 2000/10000 | R_avg = 0.983619 | norm = 0.999451
  Step 2100/10000 | R_avg = 0.983602 | norm = 0.99942
  Step 2200/10000 | R_avg = 0.983639 | norm = 0.99939
  Step 2300/10000 | R_avg = 0.983604 | norm = 0.999359
  Step 2400/10000 | R_avg = 0.983587 | norm = 0.999328
  Saved spatial snapshot at t = 25 (step 2500)
  Step 2500/10000 | R_avg = 0.98361 | norm = 0.999298
  Step 2600/10000 | R_avg = 0.983624 | norm = 0.999268
  Step 2700/10000 | R_avg = 0.983642 | norm = 0.99924
  Step 2800/10000 | R_avg = 0.983583 | norm = 0.999212
  Step 2900/10000 | R_avg = 0.983652 | norm = 0.999185
  Step 3000/10000 | R_avg = 0.983604 | norm = 0.999159
  Step 3100/10000 | R_avg = 0.983656 | norm = 0.999134
  Step 3200/10000 | R_avg = 0.983636 | norm = 0.99911
  Step 3300/10000 | R_avg = 0.983632 | norm = 0.999086
  Step 3400/10000 | R_avg = 0.983595 | norm = 0.999063
  Step 3500/10000 | R_avg = 0.983618 | norm = 0.999039
  Step 3600/10000 | R_avg = 0.983649 | norm = 0.999015
  Step 3700/10000 | R_avg = 0.983635 | norm = 0.99899
  Step 3800/10000 | R_avg = 0.983592 | norm = 0.998963
  Step 3900/10000 | R_avg = 0.983624 | norm = 0.998935
  Step 4000/10000 | R_avg = 0.983631 | norm = 0.998905
  Step 4100/10000 | R_avg = 0.98361 | norm = 0.998874
  Step 4200/10000 | R_avg = 0.983602 | norm = 0.998841
  Step 4300/10000 | R_avg = 0.983599 | norm = 0.998807
  Step 4400/10000 | R_avg = 0.98362 | norm = 0.998773
  Step 4500/10000 | R_avg = 0.98359 | norm = 0.998739
  Step 4600/10000 | R_avg = 0.983614 | norm = 0.998703
  Step 4700/10000 | R_avg = 0.983612 | norm = 0.998669
  Step 4800/10000 | R_avg = 0.983617 | norm = 0.998634
  Step 4900/10000 | R_avg = 0.983628 | norm = 0.998599
  Saved spatial snapshot at t = 50 (step 5000)
  Step 5000/10000 | R_avg = 0.983605 | norm = 0.998564
  Step 5100/10000 | R_avg = 0.98362 | norm = 0.99853
  Step 5200/10000 | R_avg = 0.983619 | norm = 0.998495
  Step 5300/10000 | R_avg = 0.983588 | norm = 0.99846
  Step 5400/10000 | R_avg = 0.983639 | norm = 0.998425
  Step 5500/10000 | R_avg = 0.983637 | norm = 0.99839
  Step 5600/10000 | R_avg = 0.983655 | norm = 0.998356
  Step 5700/10000 | R_avg = 0.983613 | norm = 0.998321
  Step 5800/10000 | R_avg = 0.983623 | norm = 0.998287
  Step 5900/10000 | R_avg = 0.983634 | norm = 0.998253
  Step 6000/10000 | R_avg = 0.983608 | norm = 0.99822
  Step 6100/10000 | R_avg = 0.983604 | norm = 0.998187
  Step 6200/10000 | R_avg = 0.983565 | norm = 0.998155
  Step 6300/10000 | R_avg = 0.983597 | norm = 0.998124
  Step 6400/10000 | R_avg = 0.98358 | norm = 0.998093
  Step 6500/10000 | R_avg = 0.983639 | norm = 0.998062
  Step 6600/10000 | R_avg = 0.983601 | norm = 0.998032
  Step 6700/10000 | R_avg = 0.983627 | norm = 0.998001
  Step 6800/10000 | R_avg = 0.983627 | norm = 0.99797
  Step 6900/10000 | R_avg = 0.98364 | norm = 0.997938
  Step 7000/10000 | R_avg = 0.983627 | norm = 0.997906
  Step 7100/10000 | R_avg = 0.98364 | norm = 0.997874
  Step 7200/10000 | R_avg = 0.983599 | norm = 0.997841
  Step 7300/10000 | R_avg = 0.983668 | norm = 0.997808
  Step 7400/10000 | R_avg = 0.983625 | norm = 0.997774
  Saved spatial snapshot at t = 75 (step 7500)
  Step 7500/10000 | R_avg = 0.983589 | norm = 0.997741
  Step 7600/10000 | R_avg = 0.983643 | norm = 0.997707
  Step 7700/10000 | R_avg = 0.983663 | norm = 0.997673
  Step 7800/10000 | R_avg = 0.983644 | norm = 0.99764
  Step 7900/10000 | R_avg = 0.983634 | norm = 0.997606
  Step 8000/10000 | R_avg = 0.983591 | norm = 0.997573
  Step 8100/10000 | R_avg = 0.983646 | norm = 0.997539
  Step 8200/10000 | R_avg = 0.983623 | norm = 0.997506
  Step 8300/10000 | R_avg = 0.983638 | norm = 0.997472
  Step 8400/10000 | R_avg = 0.983609 | norm = 0.997438
  Step 8500/10000 | R_avg = 0.983639 | norm = 0.997404
  Step 8600/10000 | R_avg = 0.98362 | norm = 0.99737
  Step 8700/10000 | R_avg = 0.983604 | norm = 0.997336
  Step 8800/10000 | R_avg = 0.983591 | norm = 0.997303
  Step 8900/10000 | R_avg = 0.983624 | norm = 0.99727
  Step 9000/10000 | R_avg = 0.98361 | norm = 0.997238
  Step 9100/10000 | R_avg = 0.983601 | norm = 0.997206
  Step 9200/10000 | R_avg = 0.983599 | norm = 0.997176
  Step 9300/10000 | R_avg = 0.983599 | norm = 0.997146
  Step 9400/10000 | R_avg = 0.983608 | norm = 0.997117
  Step 9500/10000 | R_avg = 0.98363 | norm = 0.997089
  Step 9600/10000 | R_avg = 0.983567 | norm = 0.997061
  Step 9700/10000 | R_avg = 0.983648 | norm = 0.997034
  Step 9800/10000 | R_avg = 0.983616 | norm = 0.997006
  Step 9900/10000 | R_avg = 0.983638 | norm = 0.996979

===== Global Validation =====
✓ Global validation PASSED
  ✓ Probability Conservation: ||ψ||² = 0.996951 (drift: 0.304985% from initial 1) ✓ PASS
  ✓ Energy Conservation: E_total = 1.34686 (drift: 1.11216% from initial 1.33204) ✓ PASS
  ✓ Order Parameter Bounds: R ∈ [0, 0] ✓ PASS (within [0,1])
  ✓ Causality: v = |p|/E = 0.36714 (c = 1) ✓ PASS (v ≤ c)
  ✓ Numerical Stability: All fields finite ✓ PASS

===== Scenario 2.3: Relativistic Mass Validation =====
  Boost velocity: v = 0.55c
  Theoretical gamma: γ = 1.19737
✗ Scenario validation FAILED:
  ✓ 1. θ(x,y,t=0) shows vortex structure (W = ±1): Winding number W = 1 ✓ PASS (|W| ≈ 1)
  ✓ 3. R(x,y,t=0) shows core (R_min < 0.5): R_min = 0 ✓ PASS (< 0.5)
  ✗ 4. ψ(x,y,t=0) is Gaussian at offset position: Wavepacket variance = 6.55052e-07 ✗ FAIL (too uniform, not Gaussian)
  ✗ 5. ⟨p⟩(t=0) = γmv (within 5%): ⟨p⟩ = 0.601549 (expect 0.658553, error = 8.65594%) ✗ FAIL (exceeds 5% tolerance)
  ✗ 6. γ_measured(t=final) within 5% of theory: γ_measured = 1.27367 (γ_theory = 1.19737, error = 6.37242%) ✗ FAIL (exceeds 5% tolerance)
  Norm validation: max_error = 0.00304895 ✓ PASS
  Energy validation: max_drift = 0.0149112 ✓ PASS
  Saved observables to /home/persist/neotec/0rigin/output/20251226_013426_scenario_2.4A_velocity_threshold_128x128_v0.6/N_10/observables.csv

--- Validating Convergence ---
✗ Convergence validation FAILED

========================================
Velocity: v=0.6c
========================================

Initializing engine for 128×128 grid, velocity v=0.6c...
[SMFTEngine] Resources cleanup delegated to component managers

[SMFTEngine] Physical Interpretation:
  Vacuum potential Δ = 1 (Planck mass in natural units)
  Synchronization field R(x) → Emergent spacetime metric
  Mass field m(x) = Δ·R(x) → Local energy density
  ∇R(x) → Gravitational field (not separate force)
  Grid: 128 x 128 oscillators

[SMFTEngine] Created GPU buffers for 128x128 grid
  Phase buffers: 65536 bytes each
  Spinor buffer: 524288 bytes
  Accumulator buffers: 65536 bytes each (operator splitting)
[SMFTEngine] Created compute pipelines
  ✓ Kuramoto pipeline
  ✓ Sync field pipeline
  ✓ Gravity field pipeline
  ✓ Stochastic Kuramoto pipeline
  ✓ Stochastic Dirac pipeline
  ✓ Accumulation pipeline (operator splitting)
Created experiment directory: /home/persist/neotec/0rigin/output/20251226_013608_scenario_2.4A_velocity_threshold_128x128_v0.6
[OutputManager] Created timestamped directory: /home/persist/neotec/0rigin/output/20251226_013608_scenario_2.4A_velocity_threshold_128x128_v0.6
[Logging] Console output for 128x128 v=0.6c writing to: /home/persist/neotec/0rigin/output/20251226_013608_scenario_2.4A_velocity_threshold_128x128_v0.6/console.log

--- Testing with N=10 ---
  Vortex initialization (grid-independent):
    Domain size: 100 ℓ_P
    Grid spacing: 0.78125 ℓ_P
    Core radius: 3 ℓ_P (3.84 grid points)
    Center: (50, 50) ℓ_P
    Winding number: W = 1
  Dirac initialization (grid-independent):
    Position: (50, 50) ℓ_P
    Width: 3 ℓ_P
    Grid coordinates: (64, 64) grid units
    Grid width: 3.84 grid units
  Using Dirac solver (spinor field) with boosted initialization
    Background R (expected): 1
[DiracEvolution] Initialized 128x128 4-component spinor field (particle, β=1)
[SMFT] Boosted Gaussian initialization:
  Position: (64, 64) grid units
  Width: σ = 3.84 grid units
  Velocity: v = (0.6, 0)c
  |v| = 0.6c
  Lorentz factor: γ = 1.25
  Rest mass: m₀ = Δ·R = 1 × 1 = 1 m_P
  Momentum: p = (0.75, 0) m_P·c
  |p| = 0.75 m_P·c
  Pre-normalization: ∫|Ψ|² = 92.6492
  Normalization factor: 9.62545
[DiracEvolution] Initialized Gaussian wavepacket at (64, 64) with σ=3.84
  Final norm: ||Ψ||² = 1
  Initial position: <r> = (64, 64)
✓ Boosted Gaussian initialized
[SMFTEngine] Boosted Dirac field initialized: center=(64,64), sigma=3.84, boost=(0.6,0)c, norm=1, <r>=(64,64)
[DiracEvolution] Initialized 128x128 4-component spinor field (particle, β=1)
[SMFT] Boosted Gaussian initialization:
  Position: (64, 64) grid units
  Width: σ = 3.84 grid units
  Velocity: v = (0.6, 0)c
  |v| = 0.6c
  Lorentz factor: γ = 1.25
  Rest mass: m₀ = Δ·R = 1 × 1 = 1 m_P
  Momentum: p = (0.75, 0) m_P·c
  |p| = 0.75 m_P·c
  Pre-normalization: ∫|Ψ|² = 92.6492
  Normalization factor: 9.62545
[DiracEvolution] Initialized Gaussian wavepacket at (64, 64) with σ=3.84
  Final norm: ||Ψ||² = 1
  Initial position: <r> = (64, 64)
✓ Boosted Gaussian initialized
  Initial energy E0 = 0.499735
  Initial norm = 1
  Saved spatial snapshot at t = 0 (step 0)
  Step 0/10000 | R_avg = 0.983624 | norm = 1
  Step 100/10000 | R_avg = 0.983632 | norm = 0.999978
  Step 200/10000 | R_avg = 0.983633 | norm = 0.999954
  Step 300/10000 | R_avg = 0.983605 | norm = 0.999929
  Step 400/10000 | R_avg = 0.983619 | norm = 0.999904
  Step 500/10000 | R_avg = 0.983635 | norm = 0.999879
  Step 600/10000 | R_avg = 0.983598 | norm = 0.999852
  Step 700/10000 | R_avg = 0.983613 | norm = 0.999825
  Step 800/10000 | R_avg = 0.983605 | norm = 0.999797
  Step 900/10000 | R_avg = 0.983589 | norm = 0.999769
  Step 1000/10000 | R_avg = 0.983616 | norm = 0.999741
  Step 1100/10000 | R_avg = 0.983653 | norm = 0.999713
  Step 1200/10000 | R_avg = 0.983629 | norm = 0.999684
  Step 1300/10000 | R_avg = 0.983628 | norm = 0.999656
  Step 1400/10000 | R_avg = 0.983626 | norm = 0.999627
  Step 1500/10000 | R_avg = 0.983636 | norm = 0.999599
  Step 1600/10000 | R_avg = 0.983641 | norm = 0.999571
  Step 1700/10000 | R_avg = 0.983474 | norm = 0.999543
  Step 1800/10000 | R_avg = 0.983597 | norm = 0.999515
  Step 1900/10000 | R_avg = 0.983604 | norm = 0.999486
  Step 2000/10000 | R_avg = 0.983584 | norm = 0.999457
  Step 2100/10000 | R_avg = 0.983605 | norm = 0.999427
  Step 2200/10000 | R_avg = 0.98362 | norm = 0.999396
  Step 2300/10000 | R_avg = 0.983611 | norm = 0.999365
  Step 2400/10000 | R_avg = 0.983607 | norm = 0.999335
  Saved spatial snapshot at t = 25 (step 2500)
  Step 2500/10000 | R_avg = 0.983617 | norm = 0.999305
  Step 2600/10000 | R_avg = 0.983656 | norm = 0.999276
  Step 2700/10000 | R_avg = 0.983632 | norm = 0.999247
  Step 2800/10000 | R_avg = 0.983666 | norm = 0.999219
  Step 2900/10000 | R_avg = 0.983618 | norm = 0.999193
  Step 3000/10000 | R_avg = 0.983598 | norm = 0.999168
  Step 3100/10000 | R_avg = 0.983631 | norm = 0.999143
  Step 3200/10000 | R_avg = 0.9836 | norm = 0.99912
  Step 3300/10000 | R_avg = 0.983604 | norm = 0.999097
  Step 3400/10000 | R_avg = 0.983639 | norm = 0.999074
  Step 3500/10000 | R_avg = 0.983595 | norm = 0.99905
  Step 3600/10000 | R_avg = 0.983634 | norm = 0.999026
  Step 3700/10000 | R_avg = 0.983638 | norm = 0.999001
  Step 3800/10000 | R_avg = 0.983582 | norm = 0.998975
  Step 3900/10000 | R_avg = 0.983601 | norm = 0.998947
  Step 4000/10000 | R_avg = 0.983622 | norm = 0.998917
  Step 4100/10000 | R_avg = 0.98364 | norm = 0.998886
  Step 4200/10000 | R_avg = 0.983616 | norm = 0.998854
  Step 4300/10000 | R_avg = 0.983602 | norm = 0.99882
  Step 4400/10000 | R_avg = 0.983631 | norm = 0.998786
  Step 4500/10000 | R_avg = 0.983608 | norm = 0.998752
  Step 4600/10000 | R_avg = 0.983649 | norm = 0.998717
  Step 4700/10000 | R_avg = 0.983659 | norm = 0.998682
  Step 4800/10000 | R_avg = 0.983597 | norm = 0.998648
  Step 4900/10000 | R_avg = 0.983638 | norm = 0.998614
  Saved spatial snapshot at t = 50 (step 5000)
  Step 5000/10000 | R_avg = 0.983611 | norm = 0.998579
  Step 5100/10000 | R_avg = 0.983632 | norm = 0.998545
  Step 5200/10000 | R_avg = 0.983634 | norm = 0.99851
  Step 5300/10000 | R_avg = 0.983629 | norm = 0.998475
  Step 5400/10000 | R_avg = 0.983606 | norm = 0.99844
  Step 5500/10000 | R_avg = 0.983602 | norm = 0.998406
  Step 5600/10000 | R_avg = 0.983566 | norm = 0.998371
  Step 5700/10000 | R_avg = 0.983625 | norm = 0.998337
  Step 5800/10000 | R_avg = 0.983642 | norm = 0.998303
  Step 5900/10000 | R_avg = 0.983584 | norm = 0.998269
  Step 6000/10000 | R_avg = 0.983637 | norm = 0.998236
  Step 6100/10000 | R_avg = 0.983611 | norm = 0.998203
  Step 6200/10000 | R_avg = 0.983589 | norm = 0.998171
  Step 6300/10000 | R_avg = 0.983577 | norm = 0.99814
  Step 6400/10000 | R_avg = 0.983618 | norm = 0.99811
  Step 6500/10000 | R_avg = 0.983628 | norm = 0.99808
  Step 6600/10000 | R_avg = 0.983576 | norm = 0.998049
  Step 6700/10000 | R_avg = 0.983584 | norm = 0.998019
  Step 6800/10000 | R_avg = 0.983649 | norm = 0.997987
  Step 6900/10000 | R_avg = 0.983609 | norm = 0.997956
  Step 7000/10000 | R_avg = 0.983587 | norm = 0.997923
  Step 7100/10000 | R_avg = 0.983619 | norm = 0.997891
  Step 7200/10000 | R_avg = 0.983635 | norm = 0.997858
  Step 7300/10000 | R_avg = 0.983622 | norm = 0.997825
  Step 7400/10000 | R_avg = 0.983623 | norm = 0.997791
  Saved spatial snapshot at t = 75 (step 7500)
  Step 7500/10000 | R_avg = 0.983618 | norm = 0.997758
  Step 7600/10000 | R_avg = 0.983608 | norm = 0.997724
  Step 7700/10000 | R_avg = 0.98361 | norm = 0.99769
  Step 7800/10000 | R_avg = 0.983614 | norm = 0.997656
  Step 7900/10000 | R_avg = 0.983642 | norm = 0.997623
  Step 8000/10000 | R_avg = 0.983587 | norm = 0.997589
  Step 8100/10000 | R_avg = 0.983631 | norm = 0.997556
  Step 8200/10000 | R_avg = 0.983618 | norm = 0.997522
  Step 8300/10000 | R_avg = 0.983626 | norm = 0.997488
  Step 8400/10000 | R_avg = 0.983629 | norm = 0.997454
  Step 8500/10000 | R_avg = 0.98362 | norm = 0.99742
  Step 8600/10000 | R_avg = 0.983622 | norm = 0.997386
  Step 8700/10000 | R_avg = 0.983608 | norm = 0.997352
  Step 8800/10000 | R_avg = 0.983608 | norm = 0.997319
  Step 8900/10000 | R_avg = 0.983622 | norm = 0.997286
  Step 9000/10000 | R_avg = 0.983605 | norm = 0.997254
  Step 9100/10000 | R_avg = 0.983638 | norm = 0.997223
  Step 9200/10000 | R_avg = 0.983625 | norm = 0.997193
  Step 9300/10000 | R_avg = 0.983624 | norm = 0.997164
  Step 9400/10000 | R_avg = 0.983671 | norm = 0.997135
  Step 9500/10000 | R_avg = 0.983663 | norm = 0.997108
  Step 9600/10000 | R_avg = 0.983574 | norm = 0.997081
  Step 9700/10000 | R_avg = 0.983616 | norm = 0.997054
  Step 9800/10000 | R_avg = 0.983622 | norm = 0.997027
  Step 9900/10000 | R_avg = 0.983615 | norm = 0.997

===== Global Validation =====
✓ Global validation PASSED
  ✓ Probability Conservation: ||ψ||² = 0.996973 (drift: 0.302798% from initial 1) ✓ PASS
  ✓ Energy Conservation: E_total = 1.42663 (drift: 0.769114% from initial 1.41574) ✓ PASS
  ✓ Order Parameter Bounds: R ∈ [0, 0] ✓ PASS (within [0,1])
  ✓ Causality: v = |p|/E = 0.398251 (c = 1) ✓ PASS (v ≤ c)
  ✓ Numerical Stability: All fields finite ✓ PASS

===== Scenario 2.3: Relativistic Mass Validation =====
  Boost velocity: v = 0.6c
  Theoretical gamma: γ = 1.25
✗ Scenario validation FAILED:
  ✓ 1. θ(x,y,t=0) shows vortex structure (W = ±1): Winding number W = 1 ✓ PASS (|W| ≈ 1)
  ✓ 3. R(x,y,t=0) shows core (R_min < 0.5): R_min = 0 ✓ PASS (< 0.5)
  ✗ 4. ψ(x,y,t=0) is Gaussian at offset position: Wavepacket variance = 6.55052e-07 ✗ FAIL (too uniform, not Gaussian)
  ✗ 5. ⟨p⟩(t=0) = γmv (within 5%): ⟨p⟩ = 0.670054 (expect 0.75, error = 10.6595%) ✗ FAIL (exceeds 5% tolerance)
  ✗ 6. γ_measured(t=final) within 5% of theory: γ_measured = 1.33045 (γ_theory = 1.25, error = 6.4356%) ✗ FAIL (exceeds 5% tolerance)
  Norm validation: max_error = 0.00302703 ✓ PASS
  Energy validation: max_drift = 0.0113509 ✓ PASS
  Saved observables to /home/persist/neotec/0rigin/output/20251226_013608_scenario_2.4A_velocity_threshold_128x128_v0.6/N_10/observables.csv

--- Validating Convergence ---
✗ Convergence validation FAILED

========================================
Velocity: v=0.65c
========================================

Initializing engine for 128×128 grid, velocity v=0.65c...
[SMFTEngine] Resources cleanup delegated to component managers

[SMFTEngine] Physical Interpretation:
  Vacuum potential Δ = 1 (Planck mass in natural units)
  Synchronization field R(x) → Emergent spacetime metric
  Mass field m(x) = Δ·R(x) → Local energy density
  ∇R(x) → Gravitational field (not separate force)
  Grid: 128 x 128 oscillators

[SMFTEngine] Created GPU buffers for 128x128 grid
  Phase buffers: 65536 bytes each
  Spinor buffer: 524288 bytes
  Accumulator buffers: 65536 bytes each (operator splitting)
[SMFTEngine] Created compute pipelines
  ✓ Kuramoto pipeline
  ✓ Sync field pipeline
  ✓ Gravity field pipeline
  ✓ Stochastic Kuramoto pipeline
  ✓ Stochastic Dirac pipeline
  ✓ Accumulation pipeline (operator splitting)
Created experiment directory: /home/persist/neotec/0rigin/output/20251226_013750_scenario_2.4A_velocity_threshold_128x128_v0.6
[OutputManager] Created timestamped directory: /home/persist/neotec/0rigin/output/20251226_013750_scenario_2.4A_velocity_threshold_128x128_v0.6
[Logging] Console output for 128x128 v=0.65c writing to: /home/persist/neotec/0rigin/output/20251226_013750_scenario_2.4A_velocity_threshold_128x128_v0.6/console.log

--- Testing with N=10 ---
  Vortex initialization (grid-independent):
    Domain size: 100 ℓ_P
    Grid spacing: 0.78125 ℓ_P
    Core radius: 3 ℓ_P (3.84 grid points)
    Center: (50, 50) ℓ_P
    Winding number: W = 1
  Dirac initialization (grid-independent):
    Position: (50, 50) ℓ_P
    Width: 3 ℓ_P
    Grid coordinates: (64, 64) grid units
    Grid width: 3.84 grid units
  Using Dirac solver (spinor field) with boosted initialization
    Background R (expected): 1
[DiracEvolution] Initialized 128x128 4-component spinor field (particle, β=1)
[SMFT] Boosted Gaussian initialization:
  Position: (64, 64) grid units
  Width: σ = 3.84 grid units
  Velocity: v = (0.65, 0)c
  |v| = 0.65c
  Lorentz factor: γ = 1.3159
  Rest mass: m₀ = Δ·R = 1 × 1 = 1 m_P
  Momentum: p = (0.855337, 0) m_P·c
  |p| = 0.855337 m_P·c
  Pre-normalization: ∫|Ψ|² = 92.6492
  Normalization factor: 9.62545
[DiracEvolution] Initialized Gaussian wavepacket at (64, 64) with σ=3.84
  Final norm: ||Ψ||² = 1
  Initial position: <r> = (64, 64)
✓ Boosted Gaussian initialized
[SMFTEngine] Boosted Dirac field initialized: center=(64,64), sigma=3.84, boost=(0.65,0)c, norm=1, <r>=(64,64)
[DiracEvolution] Initialized 128x128 4-component spinor field (particle, β=1)
[SMFT] Boosted Gaussian initialization:
  Position: (64, 64) grid units
  Width: σ = 3.84 grid units
  Velocity: v = (0.65, 0)c
  |v| = 0.65c
  Lorentz factor: γ = 1.3159
  Rest mass: m₀ = Δ·R = 1 × 1 = 1 m_P
  Momentum: p = (0.855337, 0) m_P·c
  |p| = 0.855337 m_P·c
  Pre-normalization: ∫|Ψ|² = 92.6492
  Normalization factor: 9.62545
[DiracEvolution] Initialized Gaussian wavepacket at (64, 64) with σ=3.84
  Final norm: ||Ψ||² = 1
  Initial position: <r> = (64, 64)
✓ Boosted Gaussian initialized
  Initial energy E0 = 0.597925
  Initial norm = 1
  Saved spatial snapshot at t = 0 (step 0)
  Step 0/10000 | R_avg = 0.98361 | norm = 1
  Step 100/10000 | R_avg = 0.983609 | norm = 0.999978
  Step 200/10000 | R_avg = 0.983625 | norm = 0.999954
  Step 300/10000 | R_avg = 0.983647 | norm = 0.99993
  Step 400/10000 | R_avg = 0.983627 | norm = 0.999906
  Step 500/10000 | R_avg = 0.983629 | norm = 0.99988
  Step 600/10000 | R_avg = 0.983648 | norm = 0.999854
  Step 700/10000 | R_avg = 0.983617 | norm = 0.999826
  Step 800/10000 | R_avg = 0.983624 | norm = 0.999799
  Step 900/10000 | R_avg = 0.983612 | norm = 0.999771
  Step 1000/10000 | R_avg = 0.983655 | norm = 0.999744
  Step 1100/10000 | R_avg = 0.983639 | norm = 0.999715
  Step 1200/10000 | R_avg = 0.983604 | norm = 0.999687
  Step 1300/10000 | R_avg = 0.983623 | norm = 0.999659
  Step 1400/10000 | R_avg = 0.983574 | norm = 0.999631
  Step 1500/10000 | R_avg = 0.983609 | norm = 0.999603
  Step 1600/10000 | R_avg = 0.983627 | norm = 0.999575
  Step 1700/10000 | R_avg = 0.983668 | norm = 0.999547
  Step 1800/10000 | R_avg = 0.983636 | norm = 0.999519
  Step 1900/10000 | R_avg = 0.983633 | norm = 0.999491
  Step 2000/10000 | R_avg = 0.983646 | norm = 0.999462
  Step 2100/10000 | R_avg = 0.983572 | norm = 0.999432
  Step 2200/10000 | R_avg = 0.98362 | norm = 0.999402
  Step 2300/10000 | R_avg = 0.983658 | norm = 0.999372
  Step 2400/10000 | R_avg = 0.983622 | norm = 0.999342
  Saved spatial snapshot at t = 25 (step 2500)
  Step 2500/10000 | R_avg = 0.9836 | norm = 0.999312
  Step 2600/10000 | R_avg = 0.983615 | norm = 0.999283
  Step 2700/10000 | R_avg = 0.983626 | norm = 0.999255
  Step 2800/10000 | R_avg = 0.983637 | norm = 0.999228
  Step 2900/10000 | R_avg = 0.983604 | norm = 0.999202
  Step 3000/10000 | R_avg = 0.983618 | norm = 0.999177
  Step 3100/10000 | R_avg = 0.983621 | norm = 0.999153
  Step 3200/10000 | R_avg = 0.983615 | norm = 0.99913
  Step 3300/10000 | R_avg = 0.983629 | norm = 0.999107
  Step 3400/10000 | R_avg = 0.983626 | norm = 0.999085
  Step 3500/10000 | R_avg = 0.983601 | norm = 0.999062
  Step 3600/10000 | R_avg = 0.983632 | norm = 0.999038
  Step 3700/10000 | R_avg = 0.983626 | norm = 0.999013
  Step 3800/10000 | R_avg = 0.9836 | norm = 0.998987
  Step 3900/10000 | R_avg = 0.983622 | norm = 0.998959
  Step 4000/10000 | R_avg = 0.983611 | norm = 0.99893
  Step 4100/10000 | R_avg = 0.983618 | norm = 0.998899
  Step 4200/10000 | R_avg = 0.983607 | norm = 0.998866
  Step 4300/10000 | R_avg = 0.983615 | norm = 0.998833
  Step 4400/10000 | R_avg = 0.983628 | norm = 0.998799
  Step 4500/10000 | R_avg = 0.98362 | norm = 0.998764
  Step 4600/10000 | R_avg = 0.983612 | norm = 0.99873
  Step 4700/10000 | R_avg = 0.983594 | norm = 0.998695
  Step 4800/10000 | R_avg = 0.983648 | norm = 0.998661
  Step 4900/10000 | R_avg = 0.983634 | norm = 0.998627
  Saved spatial snapshot at t = 50 (step 5000)
  Step 5000/10000 | R_avg = 0.983608 | norm = 0.998593
  Step 5100/10000 | R_avg = 0.98364 | norm = 0.998559
  Step 5200/10000 | R_avg = 0.983594 | norm = 0.998524
  Step 5300/10000 | R_avg = 0.983623 | norm = 0.99849
  Step 5400/10000 | R_avg = 0.983598 | norm = 0.998455
  Step 5500/10000 | R_avg = 0.983645 | norm = 0.998421
  Step 5600/10000 | R_avg = 0.983652 | norm = 0.998387
  Step 5700/10000 | R_avg = 0.983631 | norm = 0.998352
  Step 5800/10000 | R_avg = 0.983611 | norm = 0.998318
  Step 5900/10000 | R_avg = 0.983605 | norm = 0.998285
  Step 6000/10000 | R_avg = 0.983597 | norm = 0.998252
  Step 6100/10000 | R_avg = 0.983617 | norm = 0.998219
  Step 6200/10000 | R_avg = 0.983579 | norm = 0.998187
  Step 6300/10000 | R_avg = 0.983597 | norm = 0.998157
  Step 6400/10000 | R_avg = 0.983605 | norm = 0.998126
  Step 6500/10000 | R_avg = 0.983632 | norm = 0.998096
  Step 6600/10000 | R_avg = 0.983584 | norm = 0.998066
  Step 6700/10000 | R_avg = 0.983605 | norm = 0.998035
  Step 6800/10000 | R_avg = 0.983586 | norm = 0.998003
  Step 6900/10000 | R_avg = 0.983624 | norm = 0.997971
  Step 7000/10000 | R_avg = 0.983571 | norm = 0.997939
  Step 7100/10000 | R_avg = 0.983614 | norm = 0.997906
  Step 7200/10000 | R_avg = 0.983617 | norm = 0.997873
  Step 7300/10000 | R_avg = 0.98365 | norm = 0.997839
  Step 7400/10000 | R_avg = 0.983622 | norm = 0.997805
  Saved spatial snapshot at t = 75 (step 7500)
  Step 7500/10000 | R_avg = 0.983611 | norm = 0.997771
  Step 7600/10000 | R_avg = 0.983595 | norm = 0.997738
  Step 7700/10000 | R_avg = 0.983594 | norm = 0.997703
  Step 7800/10000 | R_avg = 0.983602 | norm = 0.99767
  Step 7900/10000 | R_avg = 0.983569 | norm = 0.997636
  Step 8000/10000 | R_avg = 0.983604 | norm = 0.997602
  Step 8100/10000 | R_avg = 0.983582 | norm = 0.997569
  Step 8200/10000 | R_avg = 0.983608 | norm = 0.997535
  Step 8300/10000 | R_avg = 0.983656 | norm = 0.997501
  Step 8400/10000 | R_avg = 0.983632 | norm = 0.997466
  Step 8500/10000 | R_avg = 0.983613 | norm = 0.997432
  Step 8600/10000 | R_avg = 0.983611 | norm = 0.997398
  Step 8700/10000 | R_avg = 0.983599 | norm = 0.997364
  Step 8800/10000 | R_avg = 0.983613 | norm = 0.997331
  Step 8900/10000 | R_avg = 0.983645 | norm = 0.997298
  Step 9000/10000 | R_avg = 0.983648 | norm = 0.997266
  Step 9100/10000 | R_avg = 0.983631 | norm = 0.997236
  Step 9200/10000 | R_avg = 0.983587 | norm = 0.997206
  Step 9300/10000 | R_avg = 0.983596 | norm = 0.997177
  Step 9400/10000 | R_avg = 0.983588 | norm = 0.997149
  Step 9500/10000 | R_avg = 0.98359 | norm = 0.997122
  Step 9600/10000 | R_avg = 0.983644 | norm = 0.997096
  Step 9700/10000 | R_avg = 0.983641 | norm = 0.99707
  Step 9800/10000 | R_avg = 0.983595 | norm = 0.997044
  Step 9900/10000 | R_avg = 0.983611 | norm = 0.997017

===== Global Validation =====
✓ Global validation PASSED
  ✓ Probability Conservation: ||ψ||² = 0.996991 (drift: 0.301026% from initial 1) ✓ PASS
  ✓ Energy Conservation: E_total = 1.5227 (drift: 0.579461% from initial 1.51393) ✓ PASS
  ✓ Order Parameter Bounds: R ∈ [0, 0] ✓ PASS (within [0,1])
  ✓ Causality: v = |p|/E = 0.424647 (c = 1) ✓ PASS (v ≤ c)
  ✓ Numerical Stability: All fields finite ✓ PASS

===== Scenario 2.3: Relativistic Mass Validation =====
  Boost velocity: v = 0.65c
  Theoretical gamma: γ = 1.3159
✗ Scenario validation FAILED:
  ✓ 1. θ(x,y,t=0) shows vortex structure (W = ±1): Winding number W = 1 ✓ PASS (|W| ≈ 1)
  ✓ 3. R(x,y,t=0) shows core (R_min < 0.5): R_min = 0 ✓ PASS (< 0.5)
  ✗ 4. ψ(x,y,t=0) is Gaussian at offset position: Wavepacket variance = 6.55052e-07 ✗ FAIL (too uniform, not Gaussian)
  ✗ 5. ⟨p⟩(t=0) = γmv (within 5%): ⟨p⟩ = 0.74199 (expect 0.855337, error = 13.2517%) ✗ FAIL (exceeds 5% tolerance)
  ✗ 6. γ_measured(t=final) within 5% of theory: γ_measured = 1.40156 (γ_theory = 1.3159, error = 6.50907%) ✗ FAIL (exceeds 5% tolerance)
  Norm validation: max_error = 0.00300941 ✓ PASS
  Energy validation: max_drift = 0.0123211 ✓ PASS
  Saved observables to /home/persist/neotec/0rigin/output/20251226_013750_scenario_2.4A_velocity_threshold_128x128_v0.6/N_10/observables.csv

--- Validating Convergence ---
✗ Convergence validation FAILED

========================================
Velocity: v=0.7c
========================================

Initializing engine for 128×128 grid, velocity v=0.7c...
[SMFTEngine] Resources cleanup delegated to component managers

[SMFTEngine] Physical Interpretation:
  Vacuum potential Δ = 1 (Planck mass in natural units)
  Synchronization field R(x) → Emergent spacetime metric
  Mass field m(x) = Δ·R(x) → Local energy density
  ∇R(x) → Gravitational field (not separate force)
  Grid: 128 x 128 oscillators

[SMFTEngine] Created GPU buffers for 128x128 grid
  Phase buffers: 65536 bytes each
  Spinor buffer: 524288 bytes
  Accumulator buffers: 65536 bytes each (operator splitting)
[SMFTEngine] Created compute pipelines
  ✓ Kuramoto pipeline
  ✓ Sync field pipeline
  ✓ Gravity field pipeline
  ✓ Stochastic Kuramoto pipeline
  ✓ Stochastic Dirac pipeline
  ✓ Accumulation pipeline (operator splitting)
Created experiment directory: /home/persist/neotec/0rigin/output/20251226_013933_scenario_2.4A_velocity_threshold_128x128_v0.7
[OutputManager] Created timestamped directory: /home/persist/neotec/0rigin/output/20251226_013933_scenario_2.4A_velocity_threshold_128x128_v0.7
[Logging] Console output for 128x128 v=0.7c writing to: /home/persist/neotec/0rigin/output/20251226_013933_scenario_2.4A_velocity_threshold_128x128_v0.7/console.log

--- Testing with N=10 ---
  Vortex initialization (grid-independent):
    Domain size: 100 ℓ_P
    Grid spacing: 0.78125 ℓ_P
    Core radius: 3 ℓ_P (3.84 grid points)
    Center: (50, 50) ℓ_P
    Winding number: W = 1
  Dirac initialization (grid-independent):
    Position: (50, 50) ℓ_P
    Width: 3 ℓ_P
    Grid coordinates: (64, 64) grid units
    Grid width: 3.84 grid units
  Using Dirac solver (spinor field) with boosted initialization
    Background R (expected): 1
[DiracEvolution] Initialized 128x128 4-component spinor field (particle, β=1)
[SMFT] Boosted Gaussian initialization:
  Position: (64, 64) grid units
  Width: σ = 3.84 grid units
  Velocity: v = (0.7, 0)c
  |v| = 0.7c
  Lorentz factor: γ = 1.40028
  Rest mass: m₀ = Δ·R = 1 × 1 = 1 m_P
  Momentum: p = (0.980196, 0) m_P·c
  |p| = 0.980196 m_P·c
  Pre-normalization: ∫|Ψ|² = 92.6492
  Normalization factor: 9.62545
[DiracEvolution] Initialized Gaussian wavepacket at (64, 64) with σ=3.84
  Final norm: ||Ψ||² = 1
  Initial position: <r> = (64, 64)
✓ Boosted Gaussian initialized
[SMFTEngine] Boosted Dirac field initialized: center=(64,64), sigma=3.84, boost=(0.7,0)c, norm=1, <r>=(64,64)
[DiracEvolution] Initialized 128x128 4-component spinor field (particle, β=1)
[SMFT] Boosted Gaussian initialization:
  Position: (64, 64) grid units
  Width: σ = 3.84 grid units
  Velocity: v = (0.7, 0)c
  |v| = 0.7c
  Lorentz factor: γ = 1.40028
  Rest mass: m₀ = Δ·R = 1 × 1 = 1 m_P
  Momentum: p = (0.980196, 0) m_P·c
  |p| = 0.980196 m_P·c
  Pre-normalization: ∫|Ψ|² = 92.6492
  Normalization factor: 9.62545
[DiracEvolution] Initialized Gaussian wavepacket at (64, 64) with σ=3.84
  Final norm: ||Ψ||² = 1
  Initial position: <r> = (64, 64)
✓ Boosted Gaussian initialized
  Initial energy E0 = 0.71024
  Initial norm = 1
  Saved spatial snapshot at t = 0 (step 0)
  Step 0/10000 | R_avg = 0.983583 | norm = 1
  Step 100/10000 | R_avg = 0.983637 | norm = 0.999977
  Step 200/10000 | R_avg = 0.983619 | norm = 0.999954
  Step 300/10000 | R_avg = 0.983607 | norm = 0.999929
  Step 400/10000 | R_avg = 0.983586 | norm = 0.999904
  Step 500/10000 | R_avg = 0.98361 | norm = 0.999879
  Step 600/10000 | R_avg = 0.98361 | norm = 0.999852
  Step 700/10000 | R_avg = 0.983633 | norm = 0.999825
  Step 800/10000 | R_avg = 0.983591 | norm = 0.999797
  Step 900/10000 | R_avg = 0.983628 | norm = 0.99977
  Step 1000/10000 | R_avg = 0.983611 | norm = 0.999742
  Step 1100/10000 | R_avg = 0.983623 | norm = 0.999713
  Step 1200/10000 | R_avg = 0.983601 | norm = 0.999685
  Step 1300/10000 | R_avg = 0.98364 | norm = 0.999657
  Step 1400/10000 | R_avg = 0.983606 | norm = 0.999629
  Step 1500/10000 | R_avg = 0.983626 | norm = 0.999602
  Step 1600/10000 | R_avg = 0.983599 | norm = 0.999574
  Step 1700/10000 | R_avg = 0.983612 | norm = 0.999546
  Step 1800/10000 | R_avg = 0.983281 | norm = 0.999518
  Step 1900/10000 | R_avg = 0.983614 | norm = 0.99949
  Step 2000/10000 | R_avg = 0.983607 | norm = 0.999461
  Step 2100/10000 | R_avg = 0.983634 | norm = 0.999431
  Step 2200/10000 | R_avg = 0.983586 | norm = 0.999401
  Step 2300/10000 | R_avg = 0.983639 | norm = 0.999371
  Step 2400/10000 | R_avg = 0.983604 | norm = 0.999341
  Saved spatial snapshot at t = 25 (step 2500)
  Step 2500/10000 | R_avg = 0.983605 | norm = 0.999312
  Step 2600/10000 | R_avg = 0.983594 | norm = 0.999283
  Step 2700/10000 | R_avg = 0.983598 | norm = 0.999255
  Step 2800/10000 | R_avg = 0.983621 | norm = 0.999228
  Step 2900/10000 | R_avg = 0.983636 | norm = 0.999202
  Step 3000/10000 | R_avg = 0.983609 | norm = 0.999177
  Step 3100/10000 | R_avg = 0.983589 | norm = 0.999154
  Step 3200/10000 | R_avg = 0.983626 | norm = 0.999131
  Step 3300/10000 | R_avg = 0.983584 | norm = 0.999108
  Step 3400/10000 | R_avg = 0.983617 | norm = 0.999086
  Step 3500/10000 | R_avg = 0.983603 | norm = 0.999064
  Step 3600/10000 | R_avg = 0.983649 | norm = 0.99904
  Step 3700/10000 | R_avg = 0.983627 | norm = 0.999015
  Step 3800/10000 | R_avg = 0.983603 | norm = 0.998989
  Step 3900/10000 | R_avg = 0.983603 | norm = 0.998961
  Step 4000/10000 | R_avg = 0.983598 | norm = 0.998932
  Step 4100/10000 | R_avg = 0.983614 | norm = 0.9989
  Step 4200/10000 | R_avg = 0.983611 | norm = 0.998868
  Step 4300/10000 | R_avg = 0.983626 | norm = 0.998835
  Step 4400/10000 | R_avg = 0.98365 | norm = 0.9988
  Step 4500/10000 | R_avg = 0.983586 | norm = 0.998766
  Step 4600/10000 | R_avg = 0.983628 | norm = 0.998731
  Step 4700/10000 | R_avg = 0.983619 | norm = 0.998697
  Step 4800/10000 | R_avg = 0.983635 | norm = 0.998663
  Step 4900/10000 | R_avg = 0.983603 | norm = 0.998629
  Saved spatial snapshot at t = 50 (step 5000)
  Step 5000/10000 | R_avg = 0.983611 | norm = 0.998595
  Step 5100/10000 | R_avg = 0.98361 | norm = 0.99856
  Step 5200/10000 | R_avg = 0.983625 | norm = 0.998526
  Step 5300/10000 | R_avg = 0.98361 | norm = 0.998491
  Step 5400/10000 | R_avg = 0.983604 | norm = 0.998457
  Step 5500/10000 | R_avg = 0.983607 | norm = 0.998422
  Step 5600/10000 | R_avg = 0.98358 | norm = 0.998388
  Step 5700/10000 | R_avg = 0.983627 | norm = 0.998354
  Step 5800/10000 | R_avg = 0.983634 | norm = 0.99832
  Step 5900/10000 | R_avg = 0.98363 | norm = 0.998287
  Step 6000/10000 | R_avg = 0.983624 | norm = 0.998254
  Step 6100/10000 | R_avg = 0.983589 | norm = 0.998222
  Step 6200/10000 | R_avg = 0.983616 | norm = 0.99819
  Step 6300/10000 | R_avg = 0.983591 | norm = 0.99816
  Step 6400/10000 | R_avg = 0.983603 | norm = 0.99813
  Step 6500/10000 | R_avg = 0.983605 | norm = 0.9981
  Step 6600/10000 | R_avg = 0.98364 | norm = 0.99807
  Step 6700/10000 | R_avg = 0.983595 | norm = 0.998039
  Step 6800/10000 | R_avg = 0.983634 | norm = 0.998007
  Step 6900/10000 | R_avg = 0.983608 | norm = 0.997975
  Step 7000/10000 | R_avg = 0.983629 | norm = 0.997943
  Step 7100/10000 | R_avg = 0.983599 | norm = 0.997909
  Step 7200/10000 | R_avg = 0.983611 | norm = 0.997876
  Step 7300/10000 | R_avg = 0.983613 | norm = 0.997842
  Step 7400/10000 | R_avg = 0.983622 | norm = 0.997807
  Saved spatial snapshot at t = 75 (step 7500)
  Step 7500/10000 | R_avg = 0.98362 | norm = 0.997773
  Step 7600/10000 | R_avg = 0.983583 | norm = 0.997739
  Step 7700/10000 | R_avg = 0.98363 | norm = 0.997705
  Step 7800/10000 | R_avg = 0.983597 | norm = 0.99767
  Step 7900/10000 | R_avg = 0.983591 | norm = 0.997636
  Step 8000/10000 | R_avg = 0.983644 | norm = 0.997603
  Step 8100/10000 | R_avg = 0.98363 | norm = 0.997569
  Step 8200/10000 | R_avg = 0.983632 | norm = 0.997535
  Step 8300/10000 | R_avg = 0.98361 | norm = 0.9975
  Step 8400/10000 | R_avg = 0.983647 | norm = 0.997466
  Step 8500/10000 | R_avg = 0.983631 | norm = 0.997431
  Step 8600/10000 | R_avg = 0.983644 | norm = 0.997397
  Step 8700/10000 | R_avg = 0.983631 | norm = 0.997363
  Step 8800/10000 | R_avg = 0.983603 | norm = 0.997329
  Step 8900/10000 | R_avg = 0.98364 | norm = 0.997297
  Step 9000/10000 | R_avg = 0.983642 | norm = 0.997265
  Step 9100/10000 | R_avg = 0.983605 | norm = 0.997234
  Step 9200/10000 | R_avg = 0.983618 | norm = 0.997205
  Step 9300/10000 | R_avg = 0.983609 | norm = 0.997177
  Step 9400/10000 | R_avg = 0.983645 | norm = 0.997149
  Step 9500/10000 | R_avg = 0.983604 | norm = 0.997122
  Step 9600/10000 | R_avg = 0.983683 | norm = 0.997096
  Step 9700/10000 | R_avg = 0.983654 | norm = 0.997071
  Step 9800/10000 | R_avg = 0.983619 | norm = 0.997045
  Step 9900/10000 | R_avg = 0.983616 | norm = 0.997019

===== Global Validation =====
✓ Global validation PASSED
  ✓ Probability Conservation: ||ψ||² = 0.996992 (drift: 0.300912% from initial 1) ✓ PASS
  ✓ Energy Conservation: E_total = 1.63755 (drift: 0.677433% from initial 1.62653) ✓ PASS
  ✓ Order Parameter Bounds: R ∈ [0, 0] ✓ PASS (within [0,1])
  ✓ Causality: v = |p|/E = 0.445642 (c = 1) ✓ PASS (v ≤ c)
  ✓ Numerical Stability: All fields finite ✓ PASS

===== Scenario 2.3: Relativistic Mass Validation =====
  Boost velocity: v = 0.7c
  Theoretical gamma: γ = 1.40028
✗ Scenario validation FAILED:
  ✓ 1. θ(x,y,t=0) shows vortex structure (W = ±1): Winding number W = 1 ✓ PASS (|W| ≈ 1)
  ✓ 3. R(x,y,t=0) shows core (R_min < 0.5): R_min = 0 ✓ PASS (< 0.5)
  ✗ 4. ψ(x,y,t=0) is Gaussian at offset position: Wavepacket variance = 6.55052e-07 ✗ FAIL (too uniform, not Gaussian)
  ✗ 5. ⟨p⟩(t=0) = γmv (within 5%): ⟨p⟩ = 0.816547 (expect 0.980196, error = 16.6955%) ✗ FAIL (exceeds 5% tolerance)
  ✗ 6. γ_measured(t=final) within 5% of theory: γ_measured = 1.49034 (γ_theory = 1.40028, error = 6.43159%) ✗ FAIL (exceeds 5% tolerance)
  Norm validation: max_error = 0.00300819 ✓ PASS
  Energy validation: max_drift = 0.02096 ✓ PASS
  Saved observables to /home/persist/neotec/0rigin/output/20251226_013933_scenario_2.4A_velocity_threshold_128x128_v0.7/N_10/observables.csv

--- Validating Convergence ---
✗ Convergence validation FAILED

===== Velocity Sweep Aggregate Analysis =====

Analyzing velocity sweep results...
Grid size: 128×128
Velocities tested: 8

=== Relativistic Gamma Comparison ===
Velocity | γ_theory | γ_measured | Error (%) | Status
---------|----------|------------|-----------|-------
0.35c    | 1.0675   | 1.0675     |  0.00%    | PASS
0.40c    | 1.0911   | 1.1387     |  4.36%    | PASS
0.45c    | 1.1198   | 1.1623     |  3.80%    | PASS
0.50c    | 1.1547   | 1.1918     |  3.21%    | PASS
0.55c    | 1.1974   | 1.2286     |  2.61%    | PASS
0.60c    | 1.2500   | 1.2737     |  1.89%    | PASS
0.65c    | 1.3159   | 1.3304     |  1.11%    | PASS
0.70c    | 1.4003   | 1.4016     |  0.09%    | PASS

=== Critical Velocity Analysis ===
v_critical ≈ 0.700c (interpolated threshold where γ error exceeds 5%)
✓ Critical velocity is within expected range (0.3c - 0.7c)

✓ Velocity sweep report saved to: /home/persist/neotec/0rigin/output/20251226_013933_scenario_2.4A_velocity_threshold_128x128_AGGREGATE/velocity_sweep_analysis.txt

[3/3] Generating report...

✓ Report saved to /home/persist/neotec/0rigin/output/20251226_013933_scenario_2.4A_velocity_threshold_128x128_v0.7/test_report.txt

===== Test Summary =====
✗ TESTS FAILED

Some validation criteria not met.
Check test report for details.
[SMFTEngine] Resources cleanup delegated to component managers
[DEBUG NovaCore destructor] Entry - using ResourceRegistry for cleanup
[DEBUG NovaCore destructor] Flushing legacy deletion queue
[DEBUG NovaCore destructor] Cleaning up 3 registered resources
[DEBUG NovaCore destructor] Blanking context
[DEBUG NovaCore destructor] Complete
