[Logging] Console output for 64x64 v=0.3c writing to: /home/persist/neotec/0rigin/output/20251230_001014_em_coupling_uniform_field_64x64_v0.3/console.log

--- Testing with N=1 ---
  Dirac initialization (grid-independent):
    Position: (50, 50) ℓ_P
    Width: 3 ℓ_P
    Grid coordinates: (32, 32) grid units
    Grid width: 1.92 grid units
  Using Dirac solver (spinor field) with boosted initialization
    Background R (expected): 1
[DiracEvolution] Initialized 64x64 4-component spinor field (particle, β=1)
[SMFT] Boosted Gaussian initialization:
  Position: (32, 32) grid units
  Width: σ = 1.92 grid units
  Velocity: v = (0.3, 0)c
  |v| = 0.3c
  Lorentz factor: γ = 1.04828
  Rest mass: m₀ = Δ·R = 1 × 1 = 1 m_P
  Momentum: p = (0.314485, 0) m_P·c
  |p| = 0.314485 m_P·c
  Pre-normalization: ∫|Ψ|² = 23.1623
  Normalization factor: 4.81273
[DiracEvolution] Initialized Gaussian wavepacket at (32, 32) with σ=1.92
  Final norm: ||Ψ||² = 1
  Initial position: <r> = (32, 32)
✓ Boosted Gaussian initialized
[SMFTEngine] Boosted Dirac field initialized: center=(32,32), sigma=1.92, boost=(0.3,0)c, norm=1, <r>=(32,32)
[DiracEvolution] Initialized 64x64 4-component spinor field (particle, β=1)
[SMFT] Boosted Gaussian initialization:
  Position: (32, 32) grid units
  Width: σ = 1.92 grid units
  Velocity: v = (0.3, 0)c
  |v| = 0.3c
  Lorentz factor: γ = 1.04828
  Rest mass: m₀ = Δ·R = 1 × 1 = 1 m_P
  Momentum: p = (0.314485, 0) m_P·c
  |p| = 0.314485 m_P·c
  Pre-normalization: ∫|Ψ|² = 23.1623
  Normalization factor: 4.81273
[DiracEvolution] Initialized Gaussian wavepacket at (32, 32) with σ=1.92
  Final norm: ||Ψ||² = 1
  Initial position: <r> = (32, 32)
✓ Boosted Gaussian initialized
  Initial energy E0 = 0.310538
  Initial norm = 1
[stepWithDirac] Strang splitting enabled:
  substep_ratio=1
  substep_dt=0.01
  half_substeps=0
  remaining_substeps=1
[GPU EM Compute] 1 calls | Last: 227 μs | Avg: 227 μs | Grid: 64×64
  Saved spatial snapshot at t = 0 (step 0)
  Actual initial energy E0 = 1.31748 (from first observation including EM)
  Step 0/2000 | R_avg = 0.999709 | norm = 1
[GPU EM Compute] 50 calls | Last: 107 μs | Avg: 108 μs | Grid: 64×64
[GPU EM Compute] 100 calls | Last: 107 μs | Avg: 108 μs | Grid: 64×64
  Step 100/2000 | R_avg = 0.999926 | norm = 0.999978
[GPU EM Compute] 150 calls | Last: 108 μs | Avg: 107 μs | Grid: 64×64
[GPU EM Compute] 200 calls | Last: 113 μs | Avg: 107 μs | Grid: 64×64
  Step 200/2000 | R_avg = 0.999812 | norm = 0.999951
[GPU EM Compute] 250 calls | Last: 111 μs | Avg: 107 μs | Grid: 64×64
[GPU EM Compute] 300 calls | Last: 103 μs | Avg: 107 μs | Grid: 64×64
  Step 300/2000 | R_avg = 0.999846 | norm = 0.999923
[GPU EM Compute] 350 calls | Last: 108 μs | Avg: 107 μs | Grid: 64×64
[GPU EM Compute] 400 calls | Last: 107 μs | Avg: 107 μs | Grid: 64×64
  Step 400/2000 | R_avg = 0.999893 | norm = 0.999895
[GPU EM Compute] 450 calls | Last: 107 μs | Avg: 107 μs | Grid: 64×64
[GPU EM Compute] 500 calls | Last: 108 μs | Avg: 107 μs | Grid: 64×64
  Step 500/2000 | R_avg = 0.999773 | norm = 0.999867
[GPU EM Compute] 550 calls | Last: 108 μs | Avg: 107 μs | Grid: 64×64
[GPU EM Compute] 600 calls | Last: 108 μs | Avg: 107 μs | Grid: 64×64
  Step 600/2000 | R_avg = 0.999799 | norm = 0.999837
[GPU EM Compute] 650 calls | Last: 108 μs | Avg: 107 μs | Grid: 64×64
[GPU EM Compute] 700 calls | Last: 107 μs | Avg: 107 μs | Grid: 64×64
  Step 700/2000 | R_avg = 0.999861 | norm = 0.999807
[GPU EM Compute] 750 calls | Last: 133 μs | Avg: 107 μs | Grid: 64×64
[GPU EM Compute] 800 calls | Last: 112 μs | Avg: 107 μs | Grid: 64×64
  Step 800/2000 | R_avg = 0.999806 | norm = 0.999777
[GPU EM Compute] 850 calls | Last: 107 μs | Avg: 107 μs | Grid: 64×64
[GPU EM Compute] 900 calls | Last: 113 μs | Avg: 107 μs | Grid: 64×64
  Step 900/2000 | R_avg = 0.999865 | norm = 0.999747
[GPU EM Compute] 950 calls | Last: 108 μs | Avg: 108 μs | Grid: 64×64
[GPU EM Compute] 1000 calls | Last: 111 μs | Avg: 108 μs | Grid: 64×64
  Step 1000/2000 | R_avg = 0.999785 | norm = 0.999717
[GPU EM Compute] 1050 calls | Last: 108 μs | Avg: 108 μs | Grid: 64×64
[GPU EM Compute] 1100 calls | Last: 111 μs | Avg: 108 μs | Grid: 64×64
  Step 1100/2000 | R_avg = 0.999717 | norm = 0.999686
[GPU EM Compute] 1150 calls | Last: 108 μs | Avg: 108 μs | Grid: 64×64
[GPU EM Compute] 1200 calls | Last: 107 μs | Avg: 108 μs | Grid: 64×64
  Step 1200/2000 | R_avg = 0.999831 | norm = 0.999656
[GPU EM Compute] 1250 calls | Last: 109 μs | Avg: 108 μs | Grid: 64×64
[GPU EM Compute] 1300 calls | Last: 108 μs | Avg: 108 μs | Grid: 64×64
  Step 1300/2000 | R_avg = 0.9999 | norm = 0.999626
[GPU EM Compute] 1350 calls | Last: 107 μs | Avg: 108 μs | Grid: 64×64
[GPU EM Compute] 1400 calls | Last: 108 μs | Avg: 108 μs | Grid: 64×64
  Step 1400/2000 | R_avg = 0.999791 | norm = 0.999596
[GPU EM Compute] 1450 calls | Last: 107 μs | Avg: 108 μs | Grid: 64×64
[GPU EM Compute] 1500 calls | Last: 107 μs | Avg: 108 μs | Grid: 64×64
  Step 1500/2000 | R_avg = 0.999848 | norm = 0.999567
[GPU EM Compute] 1550 calls | Last: 108 μs | Avg: 108 μs | Grid: 64×64
[GPU EM Compute] 1600 calls | Last: 107 μs | Avg: 108 μs | Grid: 64×64
  Step 1600/2000 | R_avg = 0.999891 | norm = 0.999539
[GPU EM Compute] 1650 calls | Last: 101 μs | Avg: 108 μs | Grid: 64×64
[GPU EM Compute] 1700 calls | Last: 106 μs | Avg: 108 μs | Grid: 64×64
  Step 1700/2000 | R_avg = 0.999773 | norm = 0.999511
[GPU EM Compute] 1750 calls | Last: 107 μs | Avg: 108 μs | Grid: 64×64
[GPU EM Compute] 1800 calls | Last: 106 μs | Avg: 108 μs | Grid: 64×64
  Step 1800/2000 | R_avg = 0.999833 | norm = 0.999482
[GPU EM Compute] 1850 calls | Last: 106 μs | Avg: 108 μs | Grid: 64×64
[GPU EM Compute] 1900 calls | Last: 109 μs | Avg: 108 μs | Grid: 64×64
  Step 1900/2000 | R_avg = 0.99974 | norm = 0.999452
[GPU EM Compute] 1950 calls | Last: 107 μs | Avg: 108 μs | Grid: 64×64
[GPU EM Compute] 2000 calls | Last: 108 μs | Avg: 108 μs | Grid: 64×64

===== Global Validation =====
✓ Global validation PASSED
  ✓ Probability Conservation: ||ψ||² = 0.999423 (drift: 0.0576608% from initial 1) ✓ PASS
  ✓ Energy Conservation: E_total = 1.31529 (drift: 0.16627% from initial 1.31748) ✓ PASS
  ✓ Order Parameter Bounds: R ∈ [0, 0] ✓ PASS (within [0,1])
  ✓ Causality: v = |p|/E = 0.218688 (c = 1) ✓ PASS (v ≤ c)
  ✓ Numerical Stability: All fields finite ✓ PASS
  Norm validation: max_error = 0.000576699 ✓ PASS
  Energy validation: max_drift = 0.00632147 ✓ PASS
  Saved observables to /home/persist/neotec/0rigin/output/20251230_001014_em_coupling_uniform_field_64x64_v0.3/N_1/observables.csv
  Saved EM observables to /home/persist/neotec/0rigin/output/20251230_001014_em_coupling_uniform_field_64x64_v0.3/N_1/em_observables.csv

--- Testing with N=10 ---
  Dirac initialization (grid-independent):
    Position: (50, 50) ℓ_P
    Width: 3 ℓ_P
    Grid coordinates: (32, 32) grid units
    Grid width: 1.92 grid units
  Using Dirac solver (spinor field) with boosted initialization
    Background R (expected): 1
[SMFT] Boosted Gaussian initialization:
  Position: (32, 32) grid units
  Width: σ = 1.92 grid units
  Velocity: v = (0.3, 0)c
  |v| = 0.3c
  Lorentz factor: γ = 1.04828
  Rest mass: m₀ = Δ·R = 1 × 1 = 1 m_P
  Momentum: p = (0.314485, 0) m_P·c
  |p| = 0.314485 m_P·c
  Pre-normalization: ∫|Ψ|² = 23.1623
  Normalization factor: 4.81273
[DiracEvolution] Initialized Gaussian wavepacket at (32, 32) with σ=1.92
  Final norm: ||Ψ||² = 1
  Initial position: <r> = (32, 32)
✓ Boosted Gaussian initialized
[SMFTEngine] Boosted Dirac field initialized: center=(32,32), sigma=1.92, boost=(0.3,0)c, norm=1, <r>=(32,32)
[DiracEvolution] Initialized 64x64 4-component spinor field (particle, β=1)
[SMFT] Boosted Gaussian initialization:
  Position: (32, 32) grid units
  Width: σ = 1.92 grid units
  Velocity: v = (0.3, 0)c
  |v| = 0.3c
  Lorentz factor: γ = 1.04828
  Rest mass: m₀ = Δ·R = 1 × 1 = 1 m_P
  Momentum: p = (0.314485, 0) m_P·c
  |p| = 0.314485 m_P·c
  Pre-normalization: ∫|Ψ|² = 23.1623
  Normalization factor: 4.81273
[DiracEvolution] Initialized Gaussian wavepacket at (32, 32) with σ=1.92
  Final norm: ||Ψ||² = 1
  Initial position: <r> = (32, 32)
✓ Boosted Gaussian initialized
  Initial energy E0 = 1.30656
  Initial norm = 1
  Saved spatial snapshot at t = 0 (step 0)
  Actual initial energy E0 = 1.3094 (from first observation including EM)
  Step 0/2000 | R_avg = 0.999814 | norm = 1
[GPU EM Compute] 2050 calls | Last: 111 μs | Avg: 108 μs | Grid: 64×64
[GPU EM Compute] 2100 calls | Last: 66 μs | Avg: 108 μs | Grid: 64×64
  Step 100/2000 | R_avg = 0.999819 | norm = 0.999978
[GPU EM Compute] 2150 calls | Last: 104 μs | Avg: 108 μs | Grid: 64×64
[GPU EM Compute] 2200 calls | Last: 110 μs | Avg: 108 μs | Grid: 64×64
  Step 200/2000 | R_avg = 0.999841 | norm = 0.999952
[GPU EM Compute] 2250 calls | Last: 111 μs | Avg: 108 μs | Grid: 64×64
[GPU EM Compute] 2300 calls | Last: 105 μs | Avg: 108 μs | Grid: 64×64
  Step 300/2000 | R_avg = 0.999879 | norm = 0.999925
[GPU EM Compute] 2350 calls | Last: 108 μs | Avg: 108 μs | Grid: 64×64
[GPU EM Compute] 2400 calls | Last: 107 μs | Avg: 108 μs | Grid: 64×64
  Step 400/2000 | R_avg = 0.999808 | norm = 0.999896
[GPU EM Compute] 2450 calls | Last: 110 μs | Avg: 108 μs | Grid: 64×64
[GPU EM Compute] 2500 calls | Last: 106 μs | Avg: 108 μs | Grid: 64×64
  Step 500/2000 | R_avg = 0.999812 | norm = 0.999868
[GPU EM Compute] 2550 calls | Last: 109 μs | Avg: 108 μs | Grid: 64×64
[GPU EM Compute] 2600 calls | Last: 109 μs | Avg: 108 μs | Grid: 64×64
  Step 600/2000 | R_avg = 0.999889 | norm = 0.999839
[GPU EM Compute] 2650 calls | Last: 107 μs | Avg: 108 μs | Grid: 64×64
[GPU EM Compute] 2700 calls | Last: 104 μs | Avg: 108 μs | Grid: 64×64
  Step 700/2000 | R_avg = 0.999869 | norm = 0.99981
[GPU EM Compute] 2750 calls | Last: 104 μs | Avg: 108 μs | Grid: 64×64
[GPU EM Compute] 2800 calls | Last: 107 μs | Avg: 108 μs | Grid: 64×64
  Step 800/2000 | R_avg = 0.999886 | norm = 0.99978
[GPU EM Compute] 2850 calls | Last: 111 μs | Avg: 108 μs | Grid: 64×64
[GPU EM Compute] 2900 calls | Last: 113 μs | Avg: 108 μs | Grid: 64×64
  Step 900/2000 | R_avg = 0.999858 | norm = 0.99975
[GPU EM Compute] 2950 calls | Last: 98 μs | Avg: 108 μs | Grid: 64×64
[GPU EM Compute] 3000 calls | Last: 113 μs | Avg: 108 μs | Grid: 64×64
  Step 1000/2000 | R_avg = 0.999831 | norm = 0.999719
[GPU EM Compute] 3050 calls | Last: 105 μs | Avg: 108 μs | Grid: 64×64
[GPU EM Compute] 3100 calls | Last: 101 μs | Avg: 108 μs | Grid: 64×64
  Step 1100/2000 | R_avg = 0.999861 | norm = 0.999689
[GPU EM Compute] 3150 calls | Last: 97 μs | Avg: 108 μs | Grid: 64×64
[GPU EM Compute] 3200 calls | Last: 110 μs | Avg: 108 μs | Grid: 64×64
  Step 1200/2000 | R_avg = 0.999864 | norm = 0.999659
[GPU EM Compute] 3250 calls | Last: 110 μs | Avg: 108 μs | Grid: 64×64
[GPU EM Compute] 3300 calls | Last: 110 μs | Avg: 108 μs | Grid: 64×64
  Step 1300/2000 | R_avg = 0.999904 | norm = 0.999629
[GPU EM Compute] 3350 calls | Last: 114 μs | Avg: 108 μs | Grid: 64×64
[GPU EM Compute] 3400 calls | Last: 109 μs | Avg: 108 μs | Grid: 64×64
  Step 1400/2000 | R_avg = 0.999825 | norm = 0.999599
[GPU EM Compute] 3450 calls | Last: 110 μs | Avg: 108 μs | Grid: 64×64
[GPU EM Compute] 3500 calls | Last: 112 μs | Avg: 108 μs | Grid: 64×64
  Step 1500/2000 | R_avg = 0.999806 | norm = 0.99957
[GPU EM Compute] 3550 calls | Last: 112 μs | Avg: 108 μs | Grid: 64×64
[GPU EM Compute] 3600 calls | Last: 107 μs | Avg: 108 μs | Grid: 64×64
  Step 1600/2000 | R_avg = 0.999898 | norm = 0.999542
[GPU EM Compute] 3650 calls | Last: 109 μs | Avg: 108 μs | Grid: 64×64
[GPU EM Compute] 3700 calls | Last: 110 μs | Avg: 108 μs | Grid: 64×64
  Step 1700/2000 | R_avg = 0.999839 | norm = 0.999513
[GPU EM Compute] 3750 calls | Last: 115 μs | Avg: 108 μs | Grid: 64×64
[GPU EM Compute] 3800 calls | Last: 108 μs | Avg: 108 μs | Grid: 64×64
  Step 1800/2000 | R_avg = 0.999798 | norm = 0.999484
[GPU EM Compute] 3850 calls | Last: 124 μs | Avg: 108 μs | Grid: 64×64
[GPU EM Compute] 3900 calls | Last: 111 μs | Avg: 108 μs | Grid: 64×64
  Step 1900/2000 | R_avg = 0.999747 | norm = 0.999455
[GPU EM Compute] 3950 calls | Last: 109 μs | Avg: 108 μs | Grid: 64×64
[GPU EM Compute] 4000 calls | Last: 108 μs | Avg: 108 μs | Grid: 64×64

===== Global Validation =====
✓ Global validation PASSED
  ✓ Probability Conservation: ||ψ||² = 0.999426 (drift: 0.0573912% from initial 1) ✓ PASS
  ✓ Energy Conservation: E_total = 1.30854 (drift: 0.0656828% from initial 1.3094) ✓ PASS
  ✓ Order Parameter Bounds: R ∈ [0.953517, 1] ✓ PASS (within [0,1])
  ✓ Causality: v = |p|/E = 0.219799 (c = 1) ✓ PASS (v ≤ c)
  ✓ Numerical Stability: All fields finite ✓ PASS
  Norm validation: max_error = 0.000574013 ✓ PASS
  Energy validation: max_drift = 0.00249728 ✓ PASS
  Saved observables to /home/persist/neotec/0rigin/output/20251230_001014_em_coupling_uniform_field_64x64_v0.3/N_10/observables.csv
  Saved EM observables to /home/persist/neotec/0rigin/output/20251230_001014_em_coupling_uniform_field_64x64_v0.3/N_10/em_observables.csv

--- Testing with N=100 ---
  Dirac initialization (grid-independent):
    Position: (50, 50) ℓ_P
    Width: 3 ℓ_P
    Grid coordinates: (32, 32) grid units
    Grid width: 1.92 grid units
  Using Dirac solver (spinor field) with boosted initialization
    Background R (expected): 1
[SMFT] Boosted Gaussian initialization:
  Position: (32, 32) grid units
  Width: σ = 1.92 grid units
  Velocity: v = (0.3, 0)c
  |v| = 0.3c
  Lorentz factor: γ = 1.04828
  Rest mass: m₀ = Δ·R = 1 × 1 = 1 m_P
  Momentum: p = (0.314485, 0) m_P·c
  |p| = 0.314485 m_P·c
  Pre-normalization: ∫|Ψ|² = 23.1623
  Normalization factor: 4.81273
[DiracEvolution] Initialized Gaussian wavepacket at (32, 32) with σ=1.92
  Final norm: ||Ψ||² = 1
  Initial position: <r> = (32, 32)
✓ Boosted Gaussian initialized
[SMFTEngine] Boosted Dirac field initialized: center=(32,32), sigma=1.92, boost=(0.3,0)c, norm=1, <r>=(32,32)
[DiracEvolution] Initialized 64x64 4-component spinor field (particle, β=1)
[SMFT] Boosted Gaussian initialization:
  Position: (32, 32) grid units
  Width: σ = 1.92 grid units
  Velocity: v = (0.3, 0)c
  |v| = 0.3c
  Lorentz factor: γ = 1.04828
  Rest mass: m₀ = Δ·R = 1 × 1 = 1 m_P
  Momentum: p = (0.314485, 0) m_P·c
  |p| = 0.314485 m_P·c
  Pre-normalization: ∫|Ψ|² = 23.1623
  Normalization factor: 4.81273
[DiracEvolution] Initialized Gaussian wavepacket at (32, 32) with σ=1.92
  Final norm: ||Ψ||² = 1
  Initial position: <r> = (32, 32)
✓ Boosted Gaussian initialized
  Initial energy E0 = 1.3066
  Initial norm = 1
  Saved spatial snapshot at t = 0 (step 0)
  Actual initial energy E0 = 1.31054 (from first observation including EM)
  Step 0/2000 | R_avg = 0.999808 | norm = 1
[GPU EM Compute] 4050 calls | Last: 111 μs | Avg: 108 μs | Grid: 64×64
[GPU EM Compute] 4100 calls | Last: 97 μs | Avg: 108 μs | Grid: 64×64
  Step 100/2000 | R_avg = 0.999747 | norm = 0.999978
[GPU EM Compute] 4150 calls | Last: 114 μs | Avg: 108 μs | Grid: 64×64
[GPU EM Compute] 4200 calls | Last: 57 μs | Avg: 108 μs | Grid: 64×64
  Step 200/2000 | R_avg = 0.999709 | norm = 0.999951
[GPU EM Compute] 4250 calls | Last: 121 μs | Avg: 108 μs | Grid: 64×64
[GPU EM Compute] 4300 calls | Last: 106 μs | Avg: 108 μs | Grid: 64×64
  Step 300/2000 | R_avg = 0.999707 | norm = 0.999923
[GPU EM Compute] 4350 calls | Last: 118 μs | Avg: 108 μs | Grid: 64×64
[GPU EM Compute] 4400 calls | Last: 110 μs | Avg: 108 μs | Grid: 64×64
  Step 400/2000 | R_avg = 0.999726 | norm = 0.999895
[GPU EM Compute] 4450 calls | Last: 112 μs | Avg: 108 μs | Grid: 64×64
[GPU EM Compute] 4500 calls | Last: 112 μs | Avg: 108 μs | Grid: 64×64
  Step 500/2000 | R_avg = 0.99974 | norm = 0.999867
[GPU EM Compute] 4550 calls | Last: 113 μs | Avg: 108 μs | Grid: 64×64
[GPU EM Compute] 4600 calls | Last: 113 μs | Avg: 108 μs | Grid: 64×64
  Step 600/2000 | R_avg = 0.999789 | norm = 0.999837
[GPU EM Compute] 4650 calls | Last: 112 μs | Avg: 108 μs | Grid: 64×64
[GPU EM Compute] 4700 calls | Last: 105 μs | Avg: 108 μs | Grid: 64×64
  Step 700/2000 | R_avg = 0.999827 | norm = 0.999808
[GPU EM Compute] 4750 calls | Last: 109 μs | Avg: 108 μs | Grid: 64×64
[GPU EM Compute] 4800 calls | Last: 111 μs | Avg: 108 μs | Grid: 64×64
  Step 800/2000 | R_avg = 0.999745 | norm = 0.999778
[GPU EM Compute] 4850 calls | Last: 117 μs | Avg: 108 μs | Grid: 64×64
[GPU EM Compute] 4900 calls | Last: 113 μs | Avg: 108 μs | Grid: 64×64
  Step 900/2000 | R_avg = 0.999749 | norm = 0.999748
[GPU EM Compute] 4950 calls | Last: 112 μs | Avg: 108 μs | Grid: 64×64
[GPU EM Compute] 5000 calls | Last: 107 μs | Avg: 108 μs | Grid: 64×64
  Step 1000/2000 | R_avg = 0.999822 | norm = 0.999717
[GPU EM Compute] 5050 calls | Last: 112 μs | Avg: 109 μs | Grid: 64×64
[GPU EM Compute] 5100 calls | Last: 114 μs | Avg: 109 μs | Grid: 64×64
  Step 1100/2000 | R_avg = 0.999818 | norm = 0.999687
[GPU EM Compute] 5150 calls | Last: 114 μs | Avg: 109 μs | Grid: 64×64
[GPU EM Compute] 5200 calls | Last: 114 μs | Avg: 109 μs | Grid: 64×64
  Step 1200/2000 | R_avg = 0.999798 | norm = 0.999657
[GPU EM Compute] 5250 calls | Last: 112 μs | Avg: 109 μs | Grid: 64×64
[GPU EM Compute] 5300 calls | Last: 113 μs | Avg: 109 μs | Grid: 64×64
  Step 1300/2000 | R_avg = 0.999732 | norm = 0.999627
[GPU EM Compute] 5350 calls | Last: 111 μs | Avg: 109 μs | Grid: 64×64
[GPU EM Compute] 5400 calls | Last: 113 μs | Avg: 109 μs | Grid: 64×64
  Step 1400/2000 | R_avg = 0.999731 | norm = 0.999597
[GPU EM Compute] 5450 calls | Last: 103 μs | Avg: 109 μs | Grid: 64×64
[GPU EM Compute] 5500 calls | Last: 116 μs | Avg: 109 μs | Grid: 64×64
  Step 1500/2000 | R_avg = 0.999733 | norm = 0.999568
[GPU EM Compute] 5550 calls | Last: 115 μs | Avg: 109 μs | Grid: 64×64
[GPU EM Compute] 5600 calls | Last: 149 μs | Avg: 109 μs | Grid: 64×64
  Step 1600/2000 | R_avg = 0.999732 | norm = 0.99954
[GPU EM Compute] 5650 calls | Last: 113 μs | Avg: 109 μs | Grid: 64×64
[GPU EM Compute] 5700 calls | Last: 103 μs | Avg: 109 μs | Grid: 64×64
  Step 1700/2000 | R_avg = 0.99975 | norm = 0.999512
[GPU EM Compute] 5750 calls | Last: 107 μs | Avg: 109 μs | Grid: 64×64
[GPU EM Compute] 5800 calls | Last: 113 μs | Avg: 109 μs | Grid: 64×64
  Step 1800/2000 | R_avg = 0.999717 | norm = 0.999483
[GPU EM Compute] 5850 calls | Last: 104 μs | Avg: 109 μs | Grid: 64×64
[GPU EM Compute] 5900 calls | Last: 113 μs | Avg: 109 μs | Grid: 64×64
  Step 1900/2000 | R_avg = 0.999741 | norm = 0.999453
[GPU EM Compute] 5950 calls | Last: 111 μs | Avg: 109 μs | Grid: 64×64
[GPU EM Compute] 6000 calls | Last: 114 μs | Avg: 109 μs | Grid: 64×64

===== Global Validation =====
✓ Global validation PASSED
  ✓ Probability Conservation: ||ψ||² = 0.999424 (drift: 0.0575598% from initial 1) ✓ PASS
  ✓ Energy Conservation: E_total = 1.30802 (drift: 0.192999% from initial 1.31054) ✓ PASS
  ✓ Order Parameter Bounds: R ∈ [0.953517, 1] ✓ PASS (within [0,1])
  ✓ Causality: v = |p|/E = 0.219451 (c = 1) ✓ PASS (v ≤ c)
  ✓ Numerical Stability: All fields finite ✓ PASS
  Norm validation: max_error = 0.00057572 ✓ PASS
  Energy validation: max_drift = 0.00362735 ✓ PASS
  Saved observables to /home/persist/neotec/0rigin/output/20251230_001014_em_coupling_uniform_field_64x64_v0.3/N_100/observables.csv
  Saved EM observables to /home/persist/neotec/0rigin/output/20251230_001014_em_coupling_uniform_field_64x64_v0.3/N_100/em_observables.csv

--- Validating Convergence ---
✓ Convergence validation PASSED

========================================
Velocity: v=0.5c
========================================

Initializing engine for 64×64 grid, velocity v=0.5c...
[SMFTEngine] Resources cleanup delegated to component managers
[DEBUG] SMFTBufferManager destructor called
[DEBUG] destroyAllBuffers: 19 buffers to destroy
[DEBUG] Destroying buffer 1/19
[DEBUG] Destroying buffer 2/19
[DEBUG] Destroying buffer 3/19
[DEBUG] Destroying buffer 4/19
[DEBUG] Destroying buffer 5/19
[DEBUG] Destroying buffer 6/19
[DEBUG] Destroying buffer 7/19
[DEBUG] Destroying buffer 8/19
[DEBUG] Destroying buffer 9/19
[DEBUG] Destroying buffer 10/19
[DEBUG] Destroying buffer 11/19
[DEBUG] Destroying buffer 12/19
[DEBUG] Destroying buffer 13/19
[DEBUG] Destroying buffer 14/19
[DEBUG] Destroying buffer 15/19
[DEBUG] Destroying buffer 16/19
[DEBUG] Destroying buffer 17/19
[DEBUG] Destroying buffer 18/19
[DEBUG] Destroying buffer 19/19
[DEBUG] destroyAllBuffers completed
[DEBUG] SMFTBufferManager destructor completed
[DEBUG] SMFTCompute destructor called
[DEBUG] SMFTCompute::cleanup() called
[DEBUG] Destroying fence
[DEBUG] Freeing command buffer
[DEBUG] Destroying command pool
[DEBUG] SMFTCompute::cleanup() completed
[DEBUG] SMFTCompute destructor completed
[DEBUG] SMFTPipelineFactory destructor called
[DEBUG] destroyAllPipelines: 9 pipelines to destroy
[DEBUG] Destroying pipeline 1/9
[DEBUG] Destroying pipeline 2/9
[DEBUG] Destroying pipeline 3/9
[DEBUG] Destroying pipeline 4/9
[DEBUG] Destroying pipeline 5/9
[DEBUG] Destroying pipeline 6/9
[DEBUG] Destroying pipeline 7/9
[DEBUG] Destroying pipeline 8/9
[DEBUG] Destroying pipeline 9/9
[DEBUG] destroyAllPipelines completed
[DEBUG] SMFTPipelineFactory destructor completed

[SMFTEngine] Physical Interpretation:
  Vacuum potential Δ = 1 (Planck mass in natural units)
  Synchronization field R(x) → Emergent spacetime metric
  Mass field m(x) = Δ·R(x) → Local energy density
  ∇R(x) → Gravitational field (not separate force)
  Grid: 64 x 64 oscillators

[SMFTEngine] Created GPU buffers for 64x64 grid
  Phase buffers: 16384 bytes each
  Spinor buffer: 131072 bytes
  Accumulator buffers: 16384 bytes each (operator splitting)
[SMFTEngine] Created compute pipelines
  ✓ Kuramoto pipeline
  ✓ Sync field pipeline
  ✓ Gravity field pipeline
  ✓ Stochastic Kuramoto pipeline
  ✓ Stochastic Dirac pipeline
  ✓ Accumulation pipeline (operator splitting)
[SMFTEngine] EM field GPU buffers initialized (16 KB per field)
[SMFTEngine] EM field GPU pipelines created successfully
Created experiment directory: /home/persist/neotec/0rigin/output/20251230_001129_em_coupling_uniform_field_64x64_v0.5
[OutputManager] Created timestamped directory: /home/persist/neotec/0rigin/output/20251230_001129_em_coupling_uniform_field_64x64_v0.5
