[Logging] Console output for 256x256 v=0.9c writing to: /home/persist/neotec/0rigin/output/20251227_020335_scenario_2.5C_ultra_relativistic_limit_256x256_v0.9/console.log

--- Testing with N=1 ---
  Dirac initialization (grid-independent):
    Position: (50, 50) ℓ_P
    Width: 3 ℓ_P
    Grid coordinates: (128, 128) grid units
    Grid width: 7.68 grid units
  Using Dirac solver (spinor field) with boosted initialization
    Background R (expected): 1
[DiracEvolution] Initialized 256x256 4-component spinor field (particle, β=1)
[SMFT] Boosted Gaussian initialization:
  Position: (128, 128) grid units
  Width: σ = 7.68 grid units
  Velocity: v = (0.9, 0)c
  |v| = 0.9c
  Lorentz factor: γ = 2.29416
  Rest mass: m₀ = Δ·R = 1 × 1 = 1 m_P
  Momentum: p = (2.06474, 0) m_P·c
  |p| = 2.06474 m_P·c
  Pre-normalization: ∫|Ψ|² = 370.596
  Normalization factor: 19.2509
[DiracEvolution] Initialized Gaussian wavepacket at (128, 128) with σ=7.68
  Final norm: ||Ψ||² = 0.999994
  Initial position: <r> = (128, 128)
✓ Boosted Gaussian initialized
[SMFTEngine] Boosted Dirac field initialized: center=(128,128), sigma=7.68, boost=(0.9,0)c, norm=0.999994, <r>=(128,128)
[DiracEvolution] Initialized 256x256 4-component spinor field (particle, β=1)
[SMFT] Boosted Gaussian initialization:
  Position: (128, 128) grid units
  Width: σ = 7.68 grid units
  Velocity: v = (0.9, 0)c
  |v| = 0.9c
  Lorentz factor: γ = 2.29416
  Rest mass: m₀ = Δ·R = 1 × 1 = 1 m_P
  Momentum: p = (2.06474, 0) m_P·c
  |p| = 2.06474 m_P·c
  Pre-normalization: ∫|Ψ|² = 370.596
  Normalization factor: 19.2509
[DiracEvolution] Initialized Gaussian wavepacket at (128, 128) with σ=7.68
  Final norm: ||Ψ||² = 0.999994
  Initial position: <r> = (128, 128)
✓ Boosted Gaussian initialized
  Initial energy E0 = 1.77901
  Initial norm = 1
  Saved spatial snapshot at t = 0 (step 0)
  Step 0/10000 | R_avg = 0.999932 | norm = 1
  Step 200/10000 | R_avg = 0.999914 | norm = 0.999923
  Step 400/10000 | R_avg = 0.999915 | norm = 0.999845
  Step 600/10000 | R_avg = 0.999932 | norm = 0.999769
  Step 800/10000 | R_avg = 0.999914 | norm = 0.999694
  Step 1000/10000 | R_avg = 0.999915 | norm = 0.99962
  Step 1200/10000 | R_avg = 0.999932 | norm = 0.999547
  Step 1400/10000 | R_avg = 0.999914 | norm = 0.999475
  Step 1600/10000 | R_avg = 0.999915 | norm = 0.999403
  Step 1800/10000 | R_avg = 0.999932 | norm = 0.999331
  Step 2000/10000 | R_avg = 0.999914 | norm = 0.999259
  Step 2200/10000 | R_avg = 0.999915 | norm = 0.999186
  Step 2400/10000 | R_avg = 0.999932 | norm = 0.999113
  Saved spatial snapshot at t = 12.5 (step 2500)
  Step 2600/10000 | R_avg = 0.999914 | norm = 0.999038
  Step 2800/10000 | R_avg = 0.999915 | norm = 0.998962
  Step 3000/10000 | R_avg = 0.999932 | norm = 0.998883
  Step 3200/10000 | R_avg = 0.999914 | norm = 0.998802
  Step 3400/10000 | R_avg = 0.999915 | norm = 0.998718
  Step 3600/10000 | R_avg = 0.999932 | norm = 0.998632
  Step 3800/10000 | R_avg = 0.999914 | norm = 0.998545
  Step 4000/10000 | R_avg = 0.999915 | norm = 0.998455
  Step 4200/10000 | R_avg = 0.999932 | norm = 0.998363
  Step 4400/10000 | R_avg = 0.999914 | norm = 0.99827
  Step 4600/10000 | R_avg = 0.999915 | norm = 0.998176
  Step 4800/10000 | R_avg = 0.999932 | norm = 0.998082
  Saved spatial snapshot at t = 25 (step 5000)
  Step 5000/10000 | R_avg = 0.999914 | norm = 0.997988
  Step 5200/10000 | R_avg = 0.999915 | norm = 0.997895
  Step 5400/10000 | R_avg = 0.999932 | norm = 0.997802
  Step 5600/10000 | R_avg = 0.999914 | norm = 0.997711
  Step 5800/10000 | R_avg = 0.999915 | norm = 0.99762
  Step 6000/10000 | R_avg = 0.999932 | norm = 0.99753
  Step 6200/10000 | R_avg = 0.999914 | norm = 0.997441
  Step 6400/10000 | R_avg = 0.999915 | norm = 0.997353
  Step 6600/10000 | R_avg = 0.999932 | norm = 0.997266
  Step 6800/10000 | R_avg = 0.999914 | norm = 0.99718
  Step 7000/10000 | R_avg = 0.999915 | norm = 0.997095
  Step 7200/10000 | R_avg = 0.999932 | norm = 0.99701
  Step 7400/10000 | R_avg = 0.999914 | norm = 0.996925
  Saved spatial snapshot at t = 37.5 (step 7500)
  Step 7600/10000 | R_avg = 0.999915 | norm = 0.99684
  Step 7800/10000 | R_avg = 0.999932 | norm = 0.996757
  Step 8000/10000 | R_avg = 0.999914 | norm = 0.996673
  Step 8200/10000 | R_avg = 0.999915 | norm = 0.99659
  Step 8400/10000 | R_avg = 0.999932 | norm = 0.996506
  Step 8600/10000 | R_avg = 0.999914 | norm = 0.996422
  Step 8800/10000 | R_avg = 0.999915 | norm = 0.996339
  Step 9000/10000 | R_avg = 0.999932 | norm = 0.996254
  Step 9200/10000 | R_avg = 0.999914 | norm = 0.996169
  Step 9400/10000 | R_avg = 0.999915 | norm = 0.996082
  Step 9600/10000 | R_avg = 0.999932 | norm = 0.995994
  Step 9800/10000 | R_avg = 0.999914 | norm = 0.995905
  Saved spatial snapshot at t = 49.995 (step 9999)

===== Global Validation =====
✓ Global validation PASSED
  ✓ Probability Conservation: ||ψ||² = 0.995814 (drift: 0.418782% from initial 1) ✓ PASS
  ✓ Energy Conservation: E_total = 1.77162 (drift: 0.414957% from initial 1.779) ✓ PASS
  ✓ Order Parameter Bounds: R ∈ [1, 1] ✓ PASS (within [0,1])
  ✓ Causality: v = |p|/E = 0.492836 (c = 1) ✓ PASS (v ≤ c)
  ✓ Numerical Stability: All fields finite ✓ PASS

===== Scenario 2.3: Relativistic Mass Validation =====
  Boost velocity: v = 0.9c
  Theoretical gamma: γ = 2.29416
✗ Scenario validation FAILED:
  ✗ 1. θ(x,y,t=0) shows vortex structure (W = ±1): Winding number W = 0 ✗ FAIL (expect |W| = 1 ± 0.2)
  ✗ 3. R(x,y,t=0) shows core (R_min < 0.5): R_min = 1 ✗ FAIL (expect R_min < 0.5)
  ✗ 4. ψ(x,y,t=0) is Gaussian at offset position: Wavepacket variance = 4.09409e-08 ✗ FAIL (too uniform, not Gaussian)
  ✗ 5. ⟨p⟩(t=0) = γmv (within 5%): ⟨p⟩ = 0.876747 (expect 2.06474, error = 57.5372%) ✗ FAIL (exceeds 5% tolerance)
  ✗ 6. γ_measured(t=final) within 5% of theory: γ_measured = 1.54163 (γ_theory = 2.29416, error = 32.8018%) ✗ FAIL (exceeds 5% tolerance)
  Norm validation: max_error = 0.0041859 ✓ PASS
  Energy validation: max_drift = 0.00414957 ✓ PASS
  Saved observables to /home/persist/neotec/0rigin/output/20251227_020335_scenario_2.5C_ultra_relativistic_limit_256x256_v0.9/N_1/observables.csv

--- Testing with N=10 ---
  Dirac initialization (grid-independent):
    Position: (50, 50) ℓ_P
    Width: 3 ℓ_P
    Grid coordinates: (128, 128) grid units
    Grid width: 7.68 grid units
  Using Dirac solver (spinor field) with boosted initialization
    Background R (expected): 1
[SMFT] Boosted Gaussian initialization:
  Position: (128, 128) grid units
  Width: σ = 7.68 grid units
  Velocity: v = (0.9, 0)c
  |v| = 0.9c
  Lorentz factor: γ = 2.29416
  Rest mass: m₀ = Δ·R = 1 × 1 = 1 m_P
  Momentum: p = (2.06474, 0) m_P·c
  |p| = 2.06474 m_P·c
  Pre-normalization: ∫|Ψ|² = 370.596
  Normalization factor: 19.2509
[DiracEvolution] Initialized Gaussian wavepacket at (128, 128) with σ=7.68
  Final norm: ||Ψ||² = 0.999994
  Initial position: <r> = (128, 128)
✓ Boosted Gaussian initialized
[SMFTEngine] Boosted Dirac field initialized: center=(128,128), sigma=7.68, boost=(0.9,0)c, norm=0.999994, <r>=(128,128)
[DiracEvolution] Initialized 256x256 4-component spinor field (particle, β=1)
[SMFT] Boosted Gaussian initialization:
  Position: (128, 128) grid units
  Width: σ = 7.68 grid units
  Velocity: v = (0.9, 0)c
  |v| = 0.9c
  Lorentz factor: γ = 2.29416
  Rest mass: m₀ = Δ·R = 1 × 1 = 1 m_P
  Momentum: p = (2.06474, 0) m_P·c
  |p| = 2.06474 m_P·c
  Pre-normalization: ∫|Ψ|² = 370.596
  Normalization factor: 19.2509
[DiracEvolution] Initialized Gaussian wavepacket at (128, 128) with σ=7.68
  Final norm: ||Ψ||² = 0.999994
  Initial position: <r> = (128, 128)
✓ Boosted Gaussian initialized
  Initial energy E0 = 1.77901
  Initial norm = 1
  Saved spatial snapshot at t = 0 (step 0)
  Step 0/10000 | R_avg = 0.999915 | norm = 1
  Step 200/10000 | R_avg = 0.999933 | norm = 0.999923
  Step 400/10000 | R_avg = 0.999915 | norm = 0.999845
  Step 600/10000 | R_avg = 0.999932 | norm = 0.999769
  Step 800/10000 | R_avg = 0.999915 | norm = 0.999694
  Step 1000/10000 | R_avg = 0.999931 | norm = 0.99962
  Step 1200/10000 | R_avg = 0.999914 | norm = 0.999547
  Step 1400/10000 | R_avg = 0.999933 | norm = 0.999475
  Step 1600/10000 | R_avg = 0.999914 | norm = 0.999403
  Step 1800/10000 | R_avg = 0.999915 | norm = 0.999331
  Step 2000/10000 | R_avg = 0.999933 | norm = 0.999259
  Step 2200/10000 | R_avg = 0.999915 | norm = 0.999187
  Step 2400/10000 | R_avg = 0.999932 | norm = 0.999114
  Saved spatial snapshot at t = 12.5 (step 2500)
  Step 2600/10000 | R_avg = 0.999915 | norm = 0.999038
  Step 2800/10000 | R_avg = 0.999931 | norm = 0.998962
  Step 3000/10000 | R_avg = 0.999914 | norm = 0.998883
  Step 3200/10000 | R_avg = 0.999933 | norm = 0.998802
  Step 3400/10000 | R_avg = 0.999914 | norm = 0.998719
  Step 3600/10000 | R_avg = 0.999915 | norm = 0.998633
  Step 3800/10000 | R_avg = 0.999933 | norm = 0.998545
  Step 4000/10000 | R_avg = 0.999915 | norm = 0.998455
  Step 4200/10000 | R_avg = 0.999932 | norm = 0.998363
  Step 4400/10000 | R_avg = 0.999915 | norm = 0.99827
  Step 4600/10000 | R_avg = 0.999931 | norm = 0.998176
  Step 4800/10000 | R_avg = 0.999914 | norm = 0.998082
  Saved spatial snapshot at t = 25 (step 5000)
  Step 5000/10000 | R_avg = 0.9999 | norm = 0.997988
  Step 5200/10000 | R_avg = 0.999915 | norm = 0.997894
  Step 5400/10000 | R_avg = 0.999919 | norm = 0.997801
  Step 5600/10000 | R_avg = 0.999903 | norm = 0.997709
  Step 5800/10000 | R_avg = 0.999899 | norm = 0.997619
  Step 6000/10000 | R_avg = 0.999916 | norm = 0.997529
  Step 6200/10000 | R_avg = 0.999917 | norm = 0.99744
  Step 6400/10000 | R_avg = 0.999901 | norm = 0.997353
  Step 6600/10000 | R_avg = 0.9999 | norm = 0.997266
  Step 6800/10000 | R_avg = 0.9999 | norm = 0.99718
  Step 7000/10000 | R_avg = 0.999915 | norm = 0.997094
  Step 7200/10000 | R_avg = 0.999919 | norm = 0.997009
  Step 7400/10000 | R_avg = 0.999903 | norm = 0.996925
  Saved spatial snapshot at t = 37.5 (step 7500)
  Step 7600/10000 | R_avg = 0.999899 | norm = 0.996841
  Step 7800/10000 | R_avg = 0.999916 | norm = 0.996757
  Step 8000/10000 | R_avg = 0.999917 | norm = 0.996673
  Step 8200/10000 | R_avg = 0.999901 | norm = 0.99659
  Step 8400/10000 | R_avg = 0.9999 | norm = 0.996506
  Step 8600/10000 | R_avg = 0.9999 | norm = 0.996422
  Step 8800/10000 | R_avg = 0.999915 | norm = 0.996339
  Step 9000/10000 | R_avg = 0.999919 | norm = 0.996254
  Step 9200/10000 | R_avg = 0.999903 | norm = 0.996168
  Step 9400/10000 | R_avg = 0.999899 | norm = 0.996082
  Step 9600/10000 | R_avg = 0.999916 | norm = 0.995994
  Step 9800/10000 | R_avg = 0.999917 | norm = 0.995905
  Saved spatial snapshot at t = 49.995 (step 9999)

===== Global Validation =====
✓ Global validation PASSED
  ✓ Probability Conservation: ||ψ||² = 0.995815 (drift: 0.41872% from initial 1) ✓ PASS
  ✓ Energy Conservation: E_total = 1.77123 (drift: 0.437028% from initial 1.77901) ✓ PASS
  ✓ Order Parameter Bounds: R ∈ [1, 1] ✓ PASS (within [0,1])
  ✓ Causality: v = |p|/E = 0.49293 (c = 1) ✓ PASS (v ≤ c)
  ✓ Numerical Stability: All fields finite ✓ PASS

===== Scenario 2.3: Relativistic Mass Validation =====
  Boost velocity: v = 0.9c
  Theoretical gamma: γ = 2.29416
✗ Scenario validation FAILED:
  ✗ 1. θ(x,y,t=0) shows vortex structure (W = ±1): Winding number W = 0 ✗ FAIL (expect |W| = 1 ± 0.2)
  ✗ 3. R(x,y,t=0) shows core (R_min < 0.5): R_min = 1 ✗ FAIL (expect R_min < 0.5)
  ✗ 4. ψ(x,y,t=0) is Gaussian at offset position: Wavepacket variance = 4.09409e-08 ✗ FAIL (too uniform, not Gaussian)
  ✗ 5. ⟨p⟩(t=0) = γmv (within 5%): ⟨p⟩ = 0.876747 (expect 2.06474, error = 57.5372%) ✗ FAIL (exceeds 5% tolerance)
  ✗ 6. γ_measured(t=final) within 5% of theory: γ_measured = 1.54122 (γ_theory = 2.29416, error = 32.8197%) ✗ FAIL (exceeds 5% tolerance)
  Norm validation: max_error = 0.00418531 ✓ PASS
  Energy validation: max_drift = 0.00437028 ✓ PASS
  Saved observables to /home/persist/neotec/0rigin/output/20251227_020335_scenario_2.5C_ultra_relativistic_limit_256x256_v0.9/N_10/observables.csv

--- Testing with N=100 ---
  Dirac initialization (grid-independent):
    Position: (50, 50) ℓ_P
    Width: 3 ℓ_P
    Grid coordinates: (128, 128) grid units
    Grid width: 7.68 grid units
  Using Dirac solver (spinor field) with boosted initialization
    Background R (expected): 1
[SMFT] Boosted Gaussian initialization:
  Position: (128, 128) grid units
  Width: σ = 7.68 grid units
  Velocity: v = (0.9, 0)c
  |v| = 0.9c
  Lorentz factor: γ = 2.29416
  Rest mass: m₀ = Δ·R = 1 × 1 = 1 m_P
  Momentum: p = (2.06474, 0) m_P·c
  |p| = 2.06474 m_P·c
  Pre-normalization: ∫|Ψ|² = 370.596
  Normalization factor: 19.2509
[DiracEvolution] Initialized Gaussian wavepacket at (128, 128) with σ=7.68
  Final norm: ||Ψ||² = 0.999994
  Initial position: <r> = (128, 128)
✓ Boosted Gaussian initialized
[SMFTEngine] Boosted Dirac field initialized: center=(128,128), sigma=7.68, boost=(0.9,0)c, norm=0.999994, <r>=(128,128)
[DiracEvolution] Initialized 256x256 4-component spinor field (particle, β=1)
[SMFT] Boosted Gaussian initialization:
  Position: (128, 128) grid units
  Width: σ = 7.68 grid units
  Velocity: v = (0.9, 0)c
  |v| = 0.9c
  Lorentz factor: γ = 2.29416
  Rest mass: m₀ = Δ·R = 1 × 1 = 1 m_P
  Momentum: p = (2.06474, 0) m_P·c
  |p| = 2.06474 m_P·c
  Pre-normalization: ∫|Ψ|² = 370.596
  Normalization factor: 19.2509
[DiracEvolution] Initialized Gaussian wavepacket at (128, 128) with σ=7.68
  Final norm: ||Ψ||² = 0.999994
  Initial position: <r> = (128, 128)
✓ Boosted Gaussian initialized
  Initial energy E0 = 1.77901
  Initial norm = 1
  Saved spatial snapshot at t = 0 (step 0)
  Step 0/10000 | R_avg = 0.999901 | norm = 1
  Step 200/10000 | R_avg = 0.999895 | norm = 0.999922
  Step 400/10000 | R_avg = 0.999896 | norm = 0.999845
  Step 600/10000 | R_avg = 0.999913 | norm = 0.999769
  Step 800/10000 | R_avg = 0.999915 | norm = 0.999694
  Step 1000/10000 | R_avg = 0.999898 | norm = 0.99962
  Step 1200/10000 | R_avg = 0.999896 | norm = 0.999547
  Step 1400/10000 | R_avg = 0.999911 | norm = 0.999475
  Step 1600/10000 | R_avg = 0.999914 | norm = 0.999403
  Step 1800/10000 | R_avg = 0.999899 | norm = 0.999332
  Step 2000/10000 | R_avg = 0.999895 | norm = 0.99926
  Step 2200/10000 | R_avg = 0.999896 | norm = 0.999188
  Step 2400/10000 | R_avg = 0.999913 | norm = 0.999114
  Saved spatial snapshot at t = 12.5 (step 2500)
  Step 2600/10000 | R_avg = 0.999915 | norm = 0.999039
  Step 2800/10000 | R_avg = 0.999898 | norm = 0.998963
  Step 3000/10000 | R_avg = 0.999896 | norm = 0.998884
  Step 3200/10000 | R_avg = 0.999911 | norm = 0.998803
  Step 3400/10000 | R_avg = 0.999914 | norm = 0.99872
  Step 3600/10000 | R_avg = 0.999899 | norm = 0.998634
  Step 3800/10000 | R_avg = 0.999895 | norm = 0.998545
  Step 4000/10000 | R_avg = 0.999896 | norm = 0.998455
  Step 4200/10000 | R_avg = 0.999913 | norm = 0.998364
  Step 4400/10000 | R_avg = 0.999915 | norm = 0.998271
  Step 4600/10000 | R_avg = 0.999898 | norm = 0.998177
  Step 4800/10000 | R_avg = 0.999896 | norm = 0.998083
  Saved spatial snapshot at t = 25 (step 5000)
  Step 5000/10000 | R_avg = 0.999911 | norm = 0.997989
  Step 5200/10000 | R_avg = 0.999914 | norm = 0.997896
  Step 5400/10000 | R_avg = 0.99975 | norm = 0.997803
  Step 5600/10000 | R_avg = 0.999798 | norm = 0.997711
  Step 5800/10000 | R_avg = 0.999799 | norm = 0.99762
  Step 6000/10000 | R_avg = 0.999758 | norm = 0.99753
  Step 6200/10000 | R_avg = 0.999793 | norm = 0.997442
  Step 6400/10000 | R_avg = 0.999744 | norm = 0.997354
  Step 6600/10000 | R_avg = 0.999759 | norm = 0.997267
  Step 6800/10000 | R_avg = 0.999785 | norm = 0.997181
  Step 7000/10000 | R_avg = 0.99976 | norm = 0.997095
  Step 7200/10000 | R_avg = 0.99974 | norm = 0.99701
  Step 7400/10000 | R_avg = 0.999729 | norm = 0.996926
  Saved spatial snapshot at t = 37.5 (step 7500)
  Step 7600/10000 | R_avg = 0.99974 | norm = 0.996841
  Step 7800/10000 | R_avg = 0.999785 | norm = 0.996758
  Step 8000/10000 | R_avg = 0.999792 | norm = 0.996674
  Step 8200/10000 | R_avg = 0.999745 | norm = 0.996591
  Step 8400/10000 | R_avg = 0.999741 | norm = 0.996508
  Step 8600/10000 | R_avg = 0.999744 | norm = 0.996424
  Step 8800/10000 | R_avg = 0.999724 | norm = 0.99634
  Step 9000/10000 | R_avg = 0.999677 | norm = 0.996256
  Step 9200/10000 | R_avg = 0.999672 | norm = 0.99617
  Step 9400/10000 | R_avg = 0.999736 | norm = 0.996083
  Step 9600/10000 | R_avg = 0.999743 | norm = 0.995995
  Step 9800/10000 | R_avg = 0.99975 | norm = 0.995906
  Saved spatial snapshot at t = 49.995 (step 9999)

===== Global Validation =====
✓ Global validation PASSED
  ✓ Probability Conservation: ||ψ||² = 0.995816 (drift: 0.418576% from initial 1) ✓ PASS
  ✓ Energy Conservation: E_total = 1.77125 (drift: 0.435689% from initial 1.779) ✓ PASS
  ✓ Order Parameter Bounds: R ∈ [1, 1] ✓ PASS (within [0,1])
  ✓ Causality: v = |p|/E = 0.492889 (c = 1) ✓ PASS (v ≤ c)
  ✓ Numerical Stability: All fields finite ✓ PASS

===== Scenario 2.3: Relativistic Mass Validation =====
  Boost velocity: v = 0.9c
  Theoretical gamma: γ = 2.29416
✗ Scenario validation FAILED:
  ✗ 1. θ(x,y,t=0) shows vortex structure (W = ±1): Winding number W = 0 ✗ FAIL (expect |W| = 1 ± 0.2)
  ✗ 3. R(x,y,t=0) shows core (R_min < 0.5): R_min = 1 ✗ FAIL (expect R_min < 0.5)
  ✗ 4. ψ(x,y,t=0) is Gaussian at offset position: Wavepacket variance = 4.09409e-08 ✗ FAIL (too uniform, not Gaussian)
  ✗ 5. ⟨p⟩(t=0) = γmv (within 5%): ⟨p⟩ = 0.876747 (expect 2.06474, error = 57.5372%) ✗ FAIL (exceeds 5% tolerance)
  ✗ 6. γ_measured(t=final) within 5% of theory: γ_measured = 1.54154 (γ_theory = 2.29416, error = 32.8057%) ✗ FAIL (exceeds 5% tolerance)
  Norm validation: max_error = 0.00418387 ✓ PASS
  Energy validation: max_drift = 0.00438929 ✓ PASS
  Saved observables to /home/persist/neotec/0rigin/output/20251227_020335_scenario_2.5C_ultra_relativistic_limit_256x256_v0.9/N_100/observables.csv

--- Validating Convergence ---
✓ Convergence validation PASSED

========================================
Grid: 256×256 | Velocity: v=0.95c
========================================

Initializing engine for 256×256 grid, velocity v=0.95c...
[SMFTEngine] Resources cleanup delegated to component managers

[SMFTEngine] Physical Interpretation:
  Vacuum potential Δ = 1 (Planck mass in natural units)
  Synchronization field R(x) → Emergent spacetime metric
  Mass field m(x) = Δ·R(x) → Local energy density
  ∇R(x) → Gravitational field (not separate force)
  Grid: 256 x 256 oscillators

[SMFTEngine] Created GPU buffers for 256x256 grid
  Phase buffers: 262144 bytes each
  Spinor buffer: 2097152 bytes
  Accumulator buffers: 262144 bytes each (operator splitting)
[SMFTEngine] Created compute pipelines
  ✓ Kuramoto pipeline
  ✓ Sync field pipeline
  ✓ Gravity field pipeline
  ✓ Stochastic Kuramoto pipeline
  ✓ Stochastic Dirac pipeline
  ✓ Accumulation pipeline (operator splitting)
Created experiment directory: /home/persist/neotec/0rigin/output/20251227_031305_scenario_2.5C_ultra_relativistic_limit_256x256_v0.9
[OutputManager] Created timestamped directory: /home/persist/neotec/0rigin/output/20251227_031305_scenario_2.5C_ultra_relativistic_limit_256x256_v0.9
