[Logging] Console output for 128x128 v=0.5c writing to: /home/persist/neotec/0rigin/output/20251224_190551_scenario_2.6B_electromagnetic_coupling_128x128_v0.5/console.log

--- Testing with N=1 ---
  Dirac initialization (grid-independent):
    Position: (50, 50) ℓ_P
    Width: 3 ℓ_P
    Grid coordinates: (64, 64) grid units
    Grid width: 3.84 grid units
  Using Dirac solver (spinor field) with boosted initialization
    Background R (expected): 1
[DiracEvolution] Initialized 128x128 4-component spinor field (particle, β=1)
[SMFT] Boosted Gaussian initialization:
  Position: (64, 64) grid units
  Width: σ = 3.84 grid units
  Velocity: v = (0.5, 0)c
  |v| = 0.5c
  Lorentz factor: γ = 1.1547
  Rest mass: m₀ = Δ·R = 1 × 1 = 1 m_P
  Momentum: p = (0.57735, 0) m_P·c
  |p| = 0.57735 m_P·c
  Pre-normalization: ∫|Ψ|² = 92.6492
  Normalization factor: 9.62545
[DiracEvolution] Initialized Gaussian wavepacket at (64, 64) with σ=3.84
  Final norm: ||Ψ||² = 1
  Initial position: <r> = (64, 64)
✓ Boosted Gaussian initialized
[SMFTEngine] Boosted Dirac field initialized: center=(64,64), sigma=3.84, boost=(0.5,0)c, norm=1, <r>=(64,64)
[DiracEvolution] Initialized 128x128 4-component spinor field (particle, β=1)
[SMFT] Boosted Gaussian initialization:
  Position: (64, 64) grid units
  Width: σ = 3.84 grid units
  Velocity: v = (0.5, 0)c
  |v| = 0.5c
  Lorentz factor: γ = 1.1547
  Rest mass: m₀ = Δ·R = 1 × 1 = 1 m_P
  Momentum: p = (0.57735, 0) m_P·c
  |p| = 0.57735 m_P·c
  Pre-normalization: ∫|Ψ|² = 92.6492
  Normalization factor: 9.62545
[DiracEvolution] Initialized Gaussian wavepacket at (64, 64) with σ=3.84
  Final norm: ||Ψ||² = 1
  Initial position: <r> = (64, 64)
✓ Boosted Gaussian initialized
  Initial energy E0 = 0.343939
  Initial norm = 1
  Saved spatial snapshot at t = 0 (step 0)
  Step 0/5000 | R_avg = 0.994977 | norm = 1
  Step 100/5000 | R_avg = 0.995048 | norm = 0.99998
  Step 200/5000 | R_avg = 0.994994 | norm = 0.999959
  Step 300/5000 | R_avg = 0.994988 | norm = 0.999937
  Step 400/5000 | R_avg = 0.995006 | norm = 0.999915
  Step 500/5000 | R_avg = 0.994997 | norm = 0.999892
  Step 600/5000 | R_avg = 0.994989 | norm = 0.999869
  Step 700/5000 | R_avg = 0.995 | norm = 0.999845
  Step 800/5000 | R_avg = 0.994949 | norm = 0.999821
  Step 900/5000 | R_avg = 0.995014 | norm = 0.999796
  Saved spatial snapshot at t = 10 (step 1000)
  Step 1000/5000 | R_avg = 0.99501 | norm = 0.999771
  Step 1100/5000 | R_avg = 0.994967 | norm = 0.999746
  Step 1200/5000 | R_avg = 0.994955 | norm = 0.99972
  Step 1300/5000 | R_avg = 0.994997 | norm = 0.999695
  Step 1400/5000 | R_avg = 0.994999 | norm = 0.999669
  Step 1500/5000 | R_avg = 0.994971 | norm = 0.999644
  Step 1600/5000 | R_avg = 0.99498 | norm = 0.999618
  Step 1700/5000 | R_avg = 0.99501 | norm = 0.999593
  Step 1800/5000 | R_avg = 0.994999 | norm = 0.999568
  Step 1900/5000 | R_avg = 0.994997 | norm = 0.999542
  Step 2000/5000 | R_avg = 0.994998 | norm = 0.999516
  Step 2100/5000 | R_avg = 0.994988 | norm = 0.99949
  Step 2200/5000 | R_avg = 0.994985 | norm = 0.999463
  Step 2300/5000 | R_avg = 0.994995 | norm = 0.999437
  Step 2400/5000 | R_avg = 0.994987 | norm = 0.99941
  Saved spatial snapshot at t = 25 (step 2500)
  Step 2500/5000 | R_avg = 0.994966 | norm = 0.999384
  Step 2600/5000 | R_avg = 0.994963 | norm = 0.999357
  Step 2700/5000 | R_avg = 0.994987 | norm = 0.999331
  Step 2800/5000 | R_avg = 0.995003 | norm = 0.999306
  Step 2900/5000 | R_avg = 0.99498 | norm = 0.999281
  Step 3000/5000 | R_avg = 0.995045 | norm = 0.999256
  Step 3100/5000 | R_avg = 0.994985 | norm = 0.999232
  Step 3200/5000 | R_avg = 0.994979 | norm = 0.999209
  Step 3300/5000 | R_avg = 0.994978 | norm = 0.999185
  Step 3400/5000 | R_avg = 0.99495 | norm = 0.999162
  Step 3500/5000 | R_avg = 0.994982 | norm = 0.999138
  Step 3600/5000 | R_avg = 0.994978 | norm = 0.999114
  Step 3700/5000 | R_avg = 0.995034 | norm = 0.999089
  Step 3800/5000 | R_avg = 0.994993 | norm = 0.999063
  Step 3900/5000 | R_avg = 0.99497 | norm = 0.999038
  Step 4000/5000 | R_avg = 0.995023 | norm = 0.999011
  Step 4100/5000 | R_avg = 0.994984 | norm = 0.998985
  Step 4200/5000 | R_avg = 0.994975 | norm = 0.998958
  Step 4300/5000 | R_avg = 0.995019 | norm = 0.998931
  Step 4400/5000 | R_avg = 0.994955 | norm = 0.998904
  Step 4500/5000 | R_avg = 0.99497 | norm = 0.998877
  Step 4600/5000 | R_avg = 0.995005 | norm = 0.99885
  Step 4700/5000 | R_avg = 0.994947 | norm = 0.998823
  Step 4800/5000 | R_avg = 0.994974 | norm = 0.998796
  Step 4900/5000 | R_avg = 0.995027 | norm = 0.998769
  Saved spatial snapshot at t = 49.99 (step 4999)

===== Global Validation =====
✓ Global validation PASSED
  ✓ Probability Conservation: ||ψ||² = 0.998743 (drift: 0.12581% from initial 1) ✓ PASS
  ✓ Energy Conservation: E_total = 1.33757 (drift: 0.19189% from initial 1.34014) ✓ PASS
  ✓ Order Parameter Bounds: R ∈ [0, 0] ✓ PASS (within [0,1])
  ✓ Causality: v = |p|/E = 0.398921 (c = 1) ✓ PASS (v ≤ c)
  ✓ Numerical Stability: All fields finite ✓ PASS
  Norm validation: max_error = 0.00125725 ✓ PASS
  Energy validation: max_drift = 0.00248095 ✓ PASS
  Saved observables to /home/persist/neotec/0rigin/output/20251224_190551_scenario_2.6B_electromagnetic_coupling_128x128_v0.5/N_1/observables.csv

--- Testing with N=10 ---
  Dirac initialization (grid-independent):
    Position: (50, 50) ℓ_P
    Width: 3 ℓ_P
    Grid coordinates: (64, 64) grid units
    Grid width: 3.84 grid units
  Using Dirac solver (spinor field) with boosted initialization
    Background R (expected): 1
[SMFT] Boosted Gaussian initialization:
  Position: (64, 64) grid units
  Width: σ = 3.84 grid units
  Velocity: v = (0.5, 0)c
  |v| = 0.5c
  Lorentz factor: γ = 1.1547
  Rest mass: m₀ = Δ·R = 1 × 1 = 1 m_P
  Momentum: p = (0.57735, 0) m_P·c
  |p| = 0.57735 m_P·c
  Pre-normalization: ∫|Ψ|² = 92.6492
  Normalization factor: 9.62545
[DiracEvolution] Initialized Gaussian wavepacket at (64, 64) with σ=3.84
  Final norm: ||Ψ||² = 1
  Initial position: <r> = (64, 64)
✓ Boosted Gaussian initialized
[SMFTEngine] Boosted Dirac field initialized: center=(64,64), sigma=3.84, boost=(0.5,0)c, norm=1, <r>=(64,64)
[DiracEvolution] Initialized 128x128 4-component spinor field (particle, β=1)
[SMFT] Boosted Gaussian initialization:
  Position: (64, 64) grid units
  Width: σ = 3.84 grid units
  Velocity: v = (0.5, 0)c
  |v| = 0.5c
  Lorentz factor: γ = 1.1547
  Rest mass: m₀ = Δ·R = 1 × 1 = 1 m_P
  Momentum: p = (0.57735, 0) m_P·c
  |p| = 0.57735 m_P·c
  Pre-normalization: ∫|Ψ|² = 92.6492
  Normalization factor: 9.62545
[DiracEvolution] Initialized Gaussian wavepacket at (64, 64) with σ=3.84
  Final norm: ||Ψ||² = 1
  Initial position: <r> = (64, 64)
✓ Boosted Gaussian initialized
  Initial energy E0 = 1.33985
  Initial norm = 1
  Saved spatial snapshot at t = 0 (step 0)
  Step 0/5000 | R_avg = 0.995026 | norm = 1
  Step 100/5000 | R_avg = 0.995 | norm = 0.99998
  Step 200/5000 | R_avg = 0.994999 | norm = 0.99996
  Step 300/5000 | R_avg = 0.995009 | norm = 0.999938
  Step 400/5000 | R_avg = 0.994989 | norm = 0.999916
  Step 500/5000 | R_avg = 0.994968 | norm = 0.999893
  Step 600/5000 | R_avg = 0.994949 | norm = 0.99987
  Step 700/5000 | R_avg = 0.994977 | norm = 0.999846
  Step 800/5000 | R_avg = 0.99496 | norm = 0.999823
  Step 900/5000 | R_avg = 0.994999 | norm = 0.999798
  Saved spatial snapshot at t = 10 (step 1000)
  Step 1000/5000 | R_avg = 0.994991 | norm = 0.999774
  Step 1100/5000 | R_avg = 0.994982 | norm = 0.999749
  Step 1200/5000 | R_avg = 0.995006 | norm = 0.999724
  Step 1300/5000 | R_avg = 0.994966 | norm = 0.999699
  Step 1400/5000 | R_avg = 0.994964 | norm = 0.999674
  Step 1500/5000 | R_avg = 0.995043 | norm = 0.999648
  Step 1600/5000 | R_avg = 0.994985 | norm = 0.999623
  Step 1700/5000 | R_avg = 0.99496 | norm = 0.999598
  Step 1800/5000 | R_avg = 0.99503 | norm = 0.999573
  Step 1900/5000 | R_avg = 0.99501 | norm = 0.999547
  Step 2000/5000 | R_avg = 0.994995 | norm = 0.999522
  Step 2100/5000 | R_avg = 0.995017 | norm = 0.999496
  Step 2200/5000 | R_avg = 0.994997 | norm = 0.999469
  Step 2300/5000 | R_avg = 0.994961 | norm = 0.999443
  Step 2400/5000 | R_avg = 0.994996 | norm = 0.999417
  Saved spatial snapshot at t = 25 (step 2500)
  Step 2500/5000 | R_avg = 0.99498 | norm = 0.999391
  Step 2600/5000 | R_avg = 0.994978 | norm = 0.999365
  Step 2700/5000 | R_avg = 0.995045 | norm = 0.999339
  Step 2800/5000 | R_avg = 0.994985 | norm = 0.999313
  Step 2900/5000 | R_avg = 0.995045 | norm = 0.999288
  Step 3000/5000 | R_avg = 0.994972 | norm = 0.999263
  Step 3100/5000 | R_avg = 0.994978 | norm = 0.999239
  Step 3200/5000 | R_avg = 0.994964 | norm = 0.999216
  Step 3300/5000 | R_avg = 0.995035 | norm = 0.999193
  Step 3400/5000 | R_avg = 0.994978 | norm = 0.999169
  Step 3500/5000 | R_avg = 0.994982 | norm = 0.999145
  Step 3600/5000 | R_avg = 0.99506 | norm = 0.999121
  Step 3700/5000 | R_avg = 0.995029 | norm = 0.999096
  Step 3800/5000 | R_avg = 0.994995 | norm = 0.999071
  Step 3900/5000 | R_avg = 0.994984 | norm = 0.999046
  Step 4000/5000 | R_avg = 0.995059 | norm = 0.99902
  Step 4100/5000 | R_avg = 0.994966 | norm = 0.998993
  Step 4200/5000 | R_avg = 0.995015 | norm = 0.998967
  Step 4300/5000 | R_avg = 0.994988 | norm = 0.99894
  Step 4400/5000 | R_avg = 0.99496 | norm = 0.998913
  Step 4500/5000 | R_avg = 0.994987 | norm = 0.998886
  Step 4600/5000 | R_avg = 0.994975 | norm = 0.998859
  Step 4700/5000 | R_avg = 0.995033 | norm = 0.998832
  Step 4800/5000 | R_avg = 0.995043 | norm = 0.998805
  Step 4900/5000 | R_avg = 0.994979 | norm = 0.998778
  Saved spatial snapshot at t = 49.99 (step 4999)

===== Global Validation =====
✓ Global validation PASSED
  ✓ Probability Conservation: ||ψ||² = 0.998751 (drift: 0.124939% from initial 1) ✓ PASS
  ✓ Energy Conservation: E_total = 1.33518 (drift: 0.403849% from initial 1.34059) ✓ PASS
  ✓ Order Parameter Bounds: R ∈ [0.775258, 0.9984] ✓ PASS (within [0,1])
  ✓ Causality: v = |p|/E = 0.399008 (c = 1) ✓ PASS (v ≤ c)
  ✓ Numerical Stability: All fields finite ✓ PASS
  Norm validation: max_error = 0.00124853 ✓ PASS
  Energy validation: max_drift = 0.00598019 ✓ PASS
  Saved observables to /home/persist/neotec/0rigin/output/20251224_190551_scenario_2.6B_electromagnetic_coupling_128x128_v0.5/N_10/observables.csv

--- Testing with N=100 ---
  Dirac initialization (grid-independent):
    Position: (50, 50) ℓ_P
    Width: 3 ℓ_P
    Grid coordinates: (64, 64) grid units
    Grid width: 3.84 grid units
  Using Dirac solver (spinor field) with boosted initialization
    Background R (expected): 1
[SMFT] Boosted Gaussian initialization:
  Position: (64, 64) grid units
  Width: σ = 3.84 grid units
  Velocity: v = (0.5, 0)c
  |v| = 0.5c
  Lorentz factor: γ = 1.1547
  Rest mass: m₀ = Δ·R = 1 × 1 = 1 m_P
  Momentum: p = (0.57735, 0) m_P·c
  |p| = 0.57735 m_P·c
  Pre-normalization: ∫|Ψ|² = 92.6492
  Normalization factor: 9.62545
[DiracEvolution] Initialized Gaussian wavepacket at (64, 64) with σ=3.84
  Final norm: ||Ψ||² = 1
  Initial position: <r> = (64, 64)
✓ Boosted Gaussian initialized
[SMFTEngine] Boosted Dirac field initialized: center=(64,64), sigma=3.84, boost=(0.5,0)c, norm=1, <r>=(64,64)
[DiracEvolution] Initialized 128x128 4-component spinor field (particle, β=1)
[SMFT] Boosted Gaussian initialization:
  Position: (64, 64) grid units
  Width: σ = 3.84 grid units
  Velocity: v = (0.5, 0)c
  |v| = 0.5c
  Lorentz factor: γ = 1.1547
  Rest mass: m₀ = Δ·R = 1 × 1 = 1 m_P
  Momentum: p = (0.57735, 0) m_P·c
  |p| = 0.57735 m_P·c
  Pre-normalization: ∫|Ψ|² = 92.6492
  Normalization factor: 9.62545
[DiracEvolution] Initialized Gaussian wavepacket at (64, 64) with σ=3.84
  Final norm: ||Ψ||² = 1
  Initial position: <r> = (64, 64)
✓ Boosted Gaussian initialized
  Initial energy E0 = 1.33988
  Initial norm = 1
  Saved spatial snapshot at t = 0 (step 0)
  Step 0/5000 | R_avg = 0.994994 | norm = 1
  Step 100/5000 | R_avg = 0.994968 | norm = 0.99998
  Step 200/5000 | R_avg = 0.994983 | norm = 0.999959
  Step 300/5000 | R_avg = 0.994972 | norm = 0.999938
  Step 400/5000 | R_avg = 0.995041 | norm = 0.999915
  Step 500/5000 | R_avg = 0.995022 | norm = 0.999893
  Step 600/5000 | R_avg = 0.995058 | norm = 0.99987
  Step 700/5000 | R_avg = 0.995049 | norm = 0.999846
  Step 800/5000 | R_avg = 0.995065 | norm = 0.999821
  Step 900/5000 | R_avg = 0.995034 | norm = 0.999797
  Saved spatial snapshot at t = 10 (step 1000)
  Step 1000/5000 | R_avg = 0.995034 | norm = 0.999773
  Step 1100/5000 | R_avg = 0.995029 | norm = 0.999747
  Step 1200/5000 | R_avg = 0.995076 | norm = 0.999722
  Step 1300/5000 | R_avg = 0.995092 | norm = 0.999697
  Step 1400/5000 | R_avg = 0.99502 | norm = 0.999672
  Step 1500/5000 | R_avg = 0.995036 | norm = 0.999647
  Step 1600/5000 | R_avg = 0.995049 | norm = 0.999622
  Step 1700/5000 | R_avg = 0.995056 | norm = 0.999597
  Step 1800/5000 | R_avg = 0.995047 | norm = 0.999572
  Step 1900/5000 | R_avg = 0.995034 | norm = 0.999546
  Step 2000/5000 | R_avg = 0.995048 | norm = 0.999521
  Step 2100/5000 | R_avg = 0.995061 | norm = 0.999494
  Step 2200/5000 | R_avg = 0.995049 | norm = 0.999468
  Step 2300/5000 | R_avg = 0.995031 | norm = 0.999442
  Step 2400/5000 | R_avg = 0.995049 | norm = 0.999416
  Saved spatial snapshot at t = 25 (step 2500)
  Step 2500/5000 | R_avg = 0.995053 | norm = 0.999389
  Step 2600/5000 | R_avg = 0.995052 | norm = 0.999363
  Step 2700/5000 | R_avg = 0.99504 | norm = 0.999337
  Step 2800/5000 | R_avg = 0.995053 | norm = 0.999312
  Step 2900/5000 | R_avg = 0.995052 | norm = 0.999286
  Step 3000/5000 | R_avg = 0.995023 | norm = 0.999262
  Step 3100/5000 | R_avg = 0.995069 | norm = 0.999238
  Step 3200/5000 | R_avg = 0.995059 | norm = 0.999215
  Step 3300/5000 | R_avg = 0.995076 | norm = 0.999191
  Step 3400/5000 | R_avg = 0.995028 | norm = 0.999168
  Step 3500/5000 | R_avg = 0.99506 | norm = 0.999144
  Step 3600/5000 | R_avg = 0.995031 | norm = 0.99912
  Step 3700/5000 | R_avg = 0.995051 | norm = 0.999095
  Step 3800/5000 | R_avg = 0.995041 | norm = 0.99907
  Step 3900/5000 | R_avg = 0.995031 | norm = 0.999044
  Step 4000/5000 | R_avg = 0.995059 | norm = 0.999018
  Step 4100/5000 | R_avg = 0.995051 | norm = 0.998992
  Step 4200/5000 | R_avg = 0.995048 | norm = 0.998966
  Step 4300/5000 | R_avg = 0.995054 | norm = 0.998939
  Step 4400/5000 | R_avg = 0.995031 | norm = 0.998912
  Step 4500/5000 | R_avg = 0.995069 | norm = 0.998884
  Step 4600/5000 | R_avg = 0.995051 | norm = 0.998857
  Step 4700/5000 | R_avg = 0.995077 | norm = 0.998831
  Step 4800/5000 | R_avg = 0.995052 | norm = 0.998804
  Step 4900/5000 | R_avg = 0.995033 | norm = 0.998777
  Saved spatial snapshot at t = 49.99 (step 4999)

===== Global Validation =====
✓ Global validation PASSED
  ✓ Probability Conservation: ||ψ||² = 0.998751 (drift: 0.124987% from initial 1) ✓ PASS
  ✓ Energy Conservation: E_total = 1.33718 (drift: 0.221193% from initial 1.34014) ✓ PASS
  ✓ Order Parameter Bounds: R ∈ [0, 0.99839] ✓ PASS (within [0,1])
  ✓ Causality: v = |p|/E = 0.399155 (c = 1) ✓ PASS (v ≤ c)
  ✓ Numerical Stability: All fields finite ✓ PASS
  Norm validation: max_error = 0.00124901 ✓ PASS
  Energy validation: max_drift = 0.00235858 ✓ PASS
  Saved observables to /home/persist/neotec/0rigin/output/20251224_190551_scenario_2.6B_electromagnetic_coupling_128x128_v0.5/N_100/observables.csv

--- Validating Convergence ---
✓ Convergence validation PASSED

===== Velocity Sweep Aggregate Analysis (Grid 128×128) =====

Analyzing velocity sweep results...
Grid size: 128×128
Velocities tested: 2

=== Relativistic Gamma Comparison ===
Velocity | γ_theory | γ_measured | Error (%) | Status
---------|----------|------------|-----------|-------

=== Critical Velocity Analysis ===
✓ Critical velocity is within expected range (0.3c - 0.7c)

✓ Velocity sweep report saved to: /home/persist/neotec/0rigin/output/20251224_190551_scenario_2.6B_electromagnetic_coupling_128x128_AGGREGATE/velocity_sweep_analysis.txt

===== Velocity Sweep for 256×256 =====

========================================
Grid: 256×256 | Velocity: v=0.3c
========================================

Initializing engine for 256×256 grid, velocity v=0.3c...
[SMFTEngine] Resources cleanup delegated to component managers

[SMFTEngine] Physical Interpretation:
  Vacuum potential Δ = 1 (Planck mass in natural units)
  Synchronization field R(x) → Emergent spacetime metric
  Mass field m(x) = Δ·R(x) → Local energy density
  ∇R(x) → Gravitational field (not separate force)
  Grid: 256 x 256 oscillators

[SMFTEngine] Created GPU buffers for 256x256 grid
  Phase buffers: 262144 bytes each
  Spinor buffer: 2097152 bytes
  Accumulator buffers: 262144 bytes each (operator splitting)
[SMFTEngine] Created compute pipelines
  ✓ Kuramoto pipeline
  ✓ Sync field pipeline
  ✓ Gravity field pipeline
  ✓ Stochastic Kuramoto pipeline
  ✓ Stochastic Dirac pipeline
  ✓ Accumulation pipeline (operator splitting)
Created experiment directory: /home/persist/neotec/0rigin/output/20251224_191442_scenario_2.6B_electromagnetic_coupling_256x256_v0.3
[OutputManager] Created timestamped directory: /home/persist/neotec/0rigin/output/20251224_191442_scenario_2.6B_electromagnetic_coupling_256x256_v0.3
