[Logging] Console output for 64x64 v=0.5c writing to: /home/persist/neotec/0rigin/output/20251228_041523_em_coupling_disabled_regression_64x64_v0.5/console.log

--- Testing with N=1 ---
  Vortex initialization (grid-independent):
    Domain size: 100 ℓ_P
    Grid spacing: 1.5625 ℓ_P
    Core radius: 3 ℓ_P (1.92 grid points)
    Center: (50, 50) ℓ_P
    Winding number: W = 1
  Dirac initialization (grid-independent):
    Position: (60, 50) ℓ_P
    Width: 3 ℓ_P
    Grid coordinates: (38.4, 32) grid units
    Grid width: 1.92 grid units
  Using Dirac solver (spinor field) with boosted initialization
    Background R (expected): 1
[DiracEvolution] Initialized 64x64 4-component spinor field (particle, β=1)
[SMFT] Boosted Gaussian initialization:
  Position: (38.4, 32) grid units
  Width: σ = 1.92 grid units
  Velocity: v = (0.5, 0)c
  |v| = 0.5c
  Lorentz factor: γ = 1.1547
  Rest mass: m₀ = Δ·R = 1 × 1 = 1 m_P
  Momentum: p = (0.57735, 0) m_P·c
  |p| = 0.57735 m_P·c
  Pre-normalization: ∫|Ψ|² = 23.1623
  Normalization factor: 4.81273
[DiracEvolution] Initialized Gaussian wavepacket at (38.4, 32) with σ=1.92
  Final norm: ||Ψ||² = 1
  Initial position: <r> = (38.4, 32)
✓ Boosted Gaussian initialized
[SMFTEngine] Boosted Dirac field initialized: center=(38.4,32), sigma=1.92, boost=(0.5,0)c, norm=1, <r>=(38.4,32)
[DiracEvolution] Initialized 64x64 4-component spinor field (particle, β=1)
[SMFT] Boosted Gaussian initialization:
  Position: (38.4, 32) grid units
  Width: σ = 1.92 grid units
  Velocity: v = (0.5, 0)c
  |v| = 0.5c
  Lorentz factor: γ = 1.1547
  Rest mass: m₀ = Δ·R = 1 × 1 = 1 m_P
  Momentum: p = (0.57735, 0) m_P·c
  |p| = 0.57735 m_P·c
  Pre-normalization: ∫|Ψ|² = 23.1623
  Normalization factor: 4.81273
[DiracEvolution] Initialized Gaussian wavepacket at (38.4, 32) with σ=1.92
  Final norm: ||Ψ||² = 1
  Initial position: <r> = (38.4, 32)
✓ Boosted Gaussian initialized
  Initial energy E0 = 1.46471
  Initial norm = 1
  Saved spatial snapshot at t = 0 (step 0)
  Step 0/2000 | R_avg = 0.968207 | norm = 1
  Step 100/2000 | R_avg = 0.96822 | norm = 0.999973
  Step 200/2000 | R_avg = 0.968203 | norm = 0.999946
  Step 300/2000 | R_avg = 0.968174 | norm = 0.999918
  Step 400/2000 | R_avg = 0.968215 | norm = 0.999891
  Step 500/2000 | R_avg = 0.968197 | norm = 0.999863
  Step 600/2000 | R_avg = 0.968009 | norm = 0.999835
  Step 700/2000 | R_avg = 0.968191 | norm = 0.999806
  Step 800/2000 | R_avg = 0.968155 | norm = 0.999778
  Step 900/2000 | R_avg = 0.968164 | norm = 0.999751
  Step 1000/2000 | R_avg = 0.968171 | norm = 0.999724
  Step 1100/2000 | R_avg = 0.968268 | norm = 0.999697
  Step 1200/2000 | R_avg = 0.968219 | norm = 0.99967
  Step 1300/2000 | R_avg = 0.968182 | norm = 0.999643
  Step 1400/2000 | R_avg = 0.968192 | norm = 0.999614
  Step 1500/2000 | R_avg = 0.968158 | norm = 0.999585
  Step 1600/2000 | R_avg = 0.968168 | norm = 0.999555
  Step 1700/2000 | R_avg = 0.968173 | norm = 0.999525
  Step 1800/2000 | R_avg = 0.96819 | norm = 0.999495
  Step 1900/2000 | R_avg = 0.968199 | norm = 0.999465

===== Global Validation =====
✓ Global validation PASSED
  ✓ Probability Conservation: ||ψ||² = 0.999435 (drift: 0.056467% from initial 1) ✓ PASS
  ✓ Energy Conservation: E_total = 1.45691 (drift: 0.0833375% from initial 1.4557) ✓ PASS
  ✓ Order Parameter Bounds: R ∈ [1, 1] ✓ PASS (within [0,1])
  ✓ Causality: v = |p|/E = 0.343979 (c = 1) ✓ PASS (v ≤ c)
  ✓ Numerical Stability: All fields finite ✓ PASS

===== Scenario 2.3: Relativistic Mass Validation =====
  Boost velocity: v = 0.5c
  Theoretical gamma: γ = 1.1547
✗ Scenario validation FAILED:
  ✓ 1. θ(x,y,t=0) shows vortex structure (W = ±1): Winding number W = 1 ✓ PASS (|W| ≈ 1)
  ✗ 3. R(x,y,t=0) shows core (R_min < 0.5): R_min = 1 ✗ FAIL (expect R_min < 0.5)
  ✓ 4. ψ(x,y,t=0) is Gaussian at offset position: Wavepacket variance = 1.04808e-05 ✓ PASS (localized)
  ✗ 5. ⟨p⟩(t=0) = γmv (within 5%): ⟨p⟩ = 0.510018 (expect 0.57735, error = 11.6623%) ✗ FAIL (exceeds 5% tolerance)
  ✗ 6. γ_measured(t=final) within 5% of theory: γ_measured = 1.41301 (γ_theory = 1.1547, error = 22.3699%) ✗ FAIL (exceeds 5% tolerance)
  Norm validation: max_error = 0.000564935 ✓ PASS
  Energy validation: max_drift = 0.000844444 ✓ PASS
  Saved observables to /home/persist/neotec/0rigin/output/20251228_041523_em_coupling_disabled_regression_64x64_v0.5/N_1/observables.csv

--- Testing with N=10 ---
  Vortex initialization (grid-independent):
    Domain size: 100 ℓ_P
    Grid spacing: 1.5625 ℓ_P
    Core radius: 3 ℓ_P (1.92 grid points)
    Center: (50, 50) ℓ_P
    Winding number: W = 1
  Dirac initialization (grid-independent):
    Position: (60, 50) ℓ_P
    Width: 3 ℓ_P
    Grid coordinates: (38.4, 32) grid units
    Grid width: 1.92 grid units
  Using Dirac solver (spinor field) with boosted initialization
    Background R (expected): 1
[SMFT] Boosted Gaussian initialization:
  Position: (38.4, 32) grid units
  Width: σ = 1.92 grid units
  Velocity: v = (0.5, 0)c
  |v| = 0.5c
  Lorentz factor: γ = 1.1547
  Rest mass: m₀ = Δ·R = 1 × 1 = 1 m_P
  Momentum: p = (0.57735, 0) m_P·c
  |p| = 0.57735 m_P·c
  Pre-normalization: ∫|Ψ|² = 23.1623
  Normalization factor: 4.81273
[DiracEvolution] Initialized Gaussian wavepacket at (38.4, 32) with σ=1.92
  Final norm: ||Ψ||² = 1
  Initial position: <r> = (38.4, 32)
✓ Boosted Gaussian initialized
[SMFTEngine] Boosted Dirac field initialized: center=(38.4,32), sigma=1.92, boost=(0.5,0)c, norm=1, <r>=(38.4,32)
[DiracEvolution] Initialized 64x64 4-component spinor field (particle, β=1)
[SMFT] Boosted Gaussian initialization:
  Position: (38.4, 32) grid units
  Width: σ = 1.92 grid units
  Velocity: v = (0.5, 0)c
  |v| = 0.5c
  Lorentz factor: γ = 1.1547
  Rest mass: m₀ = Δ·R = 1 × 1 = 1 m_P
  Momentum: p = (0.57735, 0) m_P·c
  |p| = 0.57735 m_P·c
  Pre-normalization: ∫|Ψ|² = 23.1623
  Normalization factor: 4.81273
[DiracEvolution] Initialized Gaussian wavepacket at (38.4, 32) with σ=1.92
  Final norm: ||Ψ||² = 1
  Initial position: <r> = (38.4, 32)
✓ Boosted Gaussian initialized
  Initial energy E0 = 1.46471
  Initial norm = 1
  Saved spatial snapshot at t = 0 (step 0)
  Step 0/2000 | R_avg = 0.968254 | norm = 1
  Step 100/2000 | R_avg = 0.968229 | norm = 0.999974
  Step 200/2000 | R_avg = 0.968236 | norm = 0.999947
  Step 300/2000 | R_avg = 0.968175 | norm = 0.999919
  Step 400/2000 | R_avg = 0.968103 | norm = 0.999891
  Step 500/2000 | R_avg = 0.968035 | norm = 0.999863
  Step 600/2000 | R_avg = 0.968177 | norm = 0.999834
  Step 700/2000 | R_avg = 0.968099 | norm = 0.999805
  Step 800/2000 | R_avg = 0.968111 | norm = 0.999777
  Step 900/2000 | R_avg = 0.968323 | norm = 0.99975
  Step 1000/2000 | R_avg = 0.9682 | norm = 0.999722
  Step 1100/2000 | R_avg = 0.968122 | norm = 0.999695
  Step 1200/2000 | R_avg = 0.96816 | norm = 0.999669
  Step 1300/2000 | R_avg = 0.968171 | norm = 0.999641
  Step 1400/2000 | R_avg = 0.968139 | norm = 0.999613
  Step 1500/2000 | R_avg = 0.968256 | norm = 0.999584
  Step 1600/2000 | R_avg = 0.968271 | norm = 0.999554
  Step 1700/2000 | R_avg = 0.968016 | norm = 0.999523
  Step 1800/2000 | R_avg = 0.968083 | norm = 0.999493
  Step 1900/2000 | R_avg = 0.968188 | norm = 0.999463

===== Global Validation =====
✓ Global validation PASSED
  ✓ Probability Conservation: ||ψ||² = 0.999434 (drift: 0.0566138% from initial 1) ✓ PASS
  ✓ Energy Conservation: E_total = 1.45701 (drift: 0.0919155% from initial 1.45567) ✓ PASS
  ✓ Order Parameter Bounds: R ∈ [1, 1] ✓ PASS (within [0,1])
  ✓ Causality: v = |p|/E = 0.344024 (c = 1) ✓ PASS (v ≤ c)
  ✓ Numerical Stability: All fields finite ✓ PASS

===== Scenario 2.3: Relativistic Mass Validation =====
  Boost velocity: v = 0.5c
  Theoretical gamma: γ = 1.1547
✗ Scenario validation FAILED:
  ✓ 1. θ(x,y,t=0) shows vortex structure (W = ±1): Winding number W = 1 ✓ PASS (|W| ≈ 1)
  ✗ 3. R(x,y,t=0) shows core (R_min < 0.5): R_min = 1 ✗ FAIL (expect R_min < 0.5)
  ✓ 4. ψ(x,y,t=0) is Gaussian at offset position: Wavepacket variance = 1.04808e-05 ✓ PASS (localized)
  ✗ 5. ⟨p⟩(t=0) = γmv (within 5%): ⟨p⟩ = 0.509994 (expect 0.57735, error = 11.6664%) ✗ FAIL (exceeds 5% tolerance)
  ✗ 6. γ_measured(t=final) within 5% of theory: γ_measured = 1.41306 (γ_theory = 1.1547, error = 22.3744%) ✗ FAIL (exceeds 5% tolerance)
  Norm validation: max_error = 0.000566383 ✓ PASS
  Energy validation: max_drift = 0.000919155 ✓ PASS
  Saved observables to /home/persist/neotec/0rigin/output/20251228_041523_em_coupling_disabled_regression_64x64_v0.5/N_10/observables.csv

--- Testing with N=100 ---
