[Logging] Console output for 64x64 writing to: /home/persist/neotec/0rigin/output/20251230_193404_lorentz_force_cpu/console.log
  Dirac initialization (DEPRECATED grid units):
    Position: (32, 32) grid units
    ⚠️  WARNING: Using grid-dependent coordinates (not recommended)
  Using Dirac solver (spinor field)
[DiracEvolution] Initialized 64x64 4-component spinor field (particle, β=1)
[DiracEvolution] Initialized Gaussian wavepacket at (32, 32) with σ=3
[SMFTEngine] Dirac field initialized: center=(32,32), sigma=3, norm=1
[DiracEvolution] Initialized 64x64 4-component spinor field (particle, β=1)
[DiracEvolution] Initialized Gaussian wavepacket at (32, 32) with σ=3
  Initial energy E0 = 0.105161
  Initial norm = 1

--- Initializing Test Particle for Lorentz Force ---
  Particle initialized at (55, 50) ℓ_P
  Initial velocity: (0, 0.01) c
  Charge: -1, Mass: 0.1 (natural units)
  Verified state: pos=(55,50), vel=(0,0.01)
[stepWithDirac] Strang splitting enabled:
  substep_ratio=1
  substep_dt=0.001
  half_substeps=0
  remaining_substeps=1
[GPU EM Compute] 1 calls | Last: 193 μs | Avg: 193 μs | Grid: 64×64
  [Kuramoto Energy] grad_R: 0.0238877, potential: -4094.39, total: -4094.36 (κ=1)
  Actual initial energy E0 = -4093.96 (from first observation including EM)
  Using uniform B field: B_z = 0.1 everywhere
  Step 0/10000 | R_avg = 0.999799 | norm = 1
[GPU EM Compute] 50 calls | Last: 110 μs | Avg: 113 μs | Grid: 64×64
[GPU EM Compute] 100 calls | Last: 112 μs | Avg: 112 μs | Grid: 64×64
  Particle at step 100: pos=(55,50), vel=(-3.59999e-05,0.00999997)
[GPU EM Compute] 150 calls | Last: 108 μs | Avg: 111 μs | Grid: 64×64
[GPU EM Compute] 200 calls | Last: 105 μs | Avg: 110 μs | Grid: 64×64
  Particle at step 200: pos=(55,50), vel=(-7.19995e-05,0.00999987)
[GPU EM Compute] 250 calls | Last: 109 μs | Avg: 109 μs | Grid: 64×64
[GPU EM Compute] 300 calls | Last: 105 μs | Avg: 109 μs | Grid: 64×64
  Particle at step 300: pos=(55,50.0001), vel=(-0.000107999,0.0099997)
[GPU EM Compute] 350 calls | Last: 108 μs | Avg: 109 μs | Grid: 64×64
[GPU EM Compute] 400 calls | Last: 108 μs | Avg: 109 μs | Grid: 64×64
  Particle at step 400: pos=(55,50.0001), vel=(-0.000143997,0.00999946)
[GPU EM Compute] 450 calls | Last: 111 μs | Avg: 109 μs | Grid: 64×64
[GPU EM Compute] 500 calls | Last: 111 μs | Avg: 109 μs | Grid: 64×64
  Particle at step 500: pos=(55,50.0001), vel=(-0.000179995,0.00999915)
  Step 500/10000 | R_avg = 0.999785 | norm = 0.999854
[GPU EM Compute] 550 calls | Last: 109 μs | Avg: 109 μs | Grid: 64×64
[GPU EM Compute] 600 calls | Last: 118 μs | Avg: 109 μs | Grid: 64×64
  Particle at step 600: pos=(55,50.0001), vel=(-0.000215992,0.00999876)
[GPU EM Compute] 650 calls | Last: 108 μs | Avg: 109 μs | Grid: 64×64
[GPU EM Compute] 700 calls | Last: 108 μs | Avg: 109 μs | Grid: 64×64
  Particle at step 700: pos=(55,50.0001), vel=(-0.000251988,0.0099983)
[GPU EM Compute] 750 calls | Last: 117 μs | Avg: 109 μs | Grid: 64×64
[GPU EM Compute] 800 calls | Last: 109 μs | Avg: 109 μs | Grid: 64×64
  Particle at step 800: pos=(55,50.0002), vel=(-0.000287982,0.00999777)
[GPU EM Compute] 850 calls | Last: 110 μs | Avg: 109 μs | Grid: 64×64
[GPU EM Compute] 900 calls | Last: 110 μs | Avg: 109 μs | Grid: 64×64
  Particle at step 900: pos=(55,50.0002), vel=(-0.000323976,0.00999717)
[GPU EM Compute] 950 calls | Last: 111 μs | Avg: 109 μs | Grid: 64×64
[GPU EM Compute] 1000 calls | Last: 109 μs | Avg: 109 μs | Grid: 64×64
  Particle at step 1000: pos=(55,50.0002), vel=(-0.000359968,0.00999649)
  Step 1000/10000 | R_avg = 0.999829 | norm = 0.999708
[GPU EM Compute] 1050 calls | Last: 109 μs | Avg: 109 μs | Grid: 64×64
[GPU EM Compute] 1100 calls | Last: 109 μs | Avg: 109 μs | Grid: 64×64
  Particle at step 1100: pos=(55,50.0002), vel=(-0.000395958,0.00999574)
[GPU EM Compute] 1150 calls | Last: 109 μs | Avg: 109 μs | Grid: 64×64
[GPU EM Compute] 1200 calls | Last: 109 μs | Avg: 109 μs | Grid: 64×64
  Particle at step 1200: pos=(55,50.0002), vel=(-0.000431947,0.00999492)
[GPU EM Compute] 1250 calls | Last: 109 μs | Avg: 109 μs | Grid: 64×64
[GPU EM Compute] 1300 calls | Last: 106 μs | Avg: 109 μs | Grid: 64×64
  Particle at step 1300: pos=(55,50.0003), vel=(-0.000467933,0.00999403)
[GPU EM Compute] 1350 calls | Last: 111 μs | Avg: 109 μs | Grid: 64×64
[GPU EM Compute] 1400 calls | Last: 110 μs | Avg: 109 μs | Grid: 64×64
  Particle at step 1400: pos=(55,50.0003), vel=(-0.000503918,0.00999307)
[GPU EM Compute] 1450 calls | Last: 114 μs | Avg: 109 μs | Grid: 64×64
[GPU EM Compute] 1500 calls | Last: 110 μs | Avg: 109 μs | Grid: 64×64
  Particle at step 1500: pos=(55,50.0003), vel=(-0.000539901,0.00999204)
  Step 1500/10000 | R_avg = 0.999842 | norm = 0.999558
[GPU EM Compute] 1550 calls | Last: 109 μs | Avg: 109 μs | Grid: 64×64
[GPU EM Compute] 1600 calls | Last: 108 μs | Avg: 109 μs | Grid: 64×64
  Particle at step 1600: pos=(55,50.0003), vel=(-0.000575881,0.00999093)
[GPU EM Compute] 1650 calls | Last: 119 μs | Avg: 109 μs | Grid: 64×64
[GPU EM Compute] 1700 calls | Last: 105 μs | Avg: 109 μs | Grid: 64×64
  Particle at step 1700: pos=(55,50.0003), vel=(-0.000611858,0.00998975)
[GPU EM Compute] 1750 calls | Last: 116 μs | Avg: 109 μs | Grid: 64×64
[GPU EM Compute] 1800 calls | Last: 110 μs | Avg: 109 μs | Grid: 64×64
  Particle at step 1800: pos=(55,50.0004), vel=(-0.000647834,0.0099885)
[GPU EM Compute] 1850 calls | Last: 122 μs | Avg: 109 μs | Grid: 64×64
[GPU EM Compute] 1900 calls | Last: 130 μs | Avg: 109 μs | Grid: 64×64
  Particle at step 1900: pos=(55,50.0004), vel=(-0.000683806,0.00998718)
[GPU EM Compute] 1950 calls | Last: 108 μs | Avg: 109 μs | Grid: 64×64
[GPU EM Compute] 2000 calls | Last: 111 μs | Avg: 109 μs | Grid: 64×64
  Particle at step 2000: pos=(55,50.0004), vel=(-0.000719775,0.00998578)
  Step 2000/10000 | R_avg = 0.999839 | norm = 0.9994
[GPU EM Compute] 2050 calls | Last: 111 μs | Avg: 109 μs | Grid: 64×64
[GPU EM Compute] 2100 calls | Last: 113 μs | Avg: 109 μs | Grid: 64×64
  Particle at step 2100: pos=(55,50.0004), vel=(-0.000755742,0.00998432)
[GPU EM Compute] 2150 calls | Last: 116 μs | Avg: 109 μs | Grid: 64×64
[GPU EM Compute] 2200 calls | Last: 109 μs | Avg: 109 μs | Grid: 64×64
  Particle at step 2200: pos=(55,50.0004), vel=(-0.000791705,0.00998278)
[GPU EM Compute] 2250 calls | Last: 104 μs | Avg: 109 μs | Grid: 64×64
[GPU EM Compute] 2300 calls | Last: 109 μs | Avg: 109 μs | Grid: 64×64
  Particle at step 2300: pos=(55,50.0005), vel=(-0.000827665,0.00998117)
[GPU EM Compute] 2350 calls | Last: 115 μs | Avg: 109 μs | Grid: 64×64
[GPU EM Compute] 2400 calls | Last: 117 μs | Avg: 109 μs | Grid: 64×64
  Particle at step 2400: pos=(55,50.0005), vel=(-0.000863622,0.00997948)
[GPU EM Compute] 2450 calls | Last: 108 μs | Avg: 109 μs | Grid: 64×64
[GPU EM Compute] 2500 calls | Last: 110 μs | Avg: 109 μs | Grid: 64×64
  Particle at step 2500: pos=(55,50.0005), vel=(-0.000899575,0.00997773)
  Step 2500/10000 | R_avg = 0.999862 | norm = 0.999236
[GPU EM Compute] 2550 calls | Last: 111 μs | Avg: 109 μs | Grid: 64×64
[GPU EM Compute] 2600 calls | Last: 109 μs | Avg: 109 μs | Grid: 64×64
  Particle at step 2600: pos=(55,50.0005), vel=(-0.000935524,0.0099759)
[GPU EM Compute] 2650 calls | Last: 114 μs | Avg: 109 μs | Grid: 64×64
[GPU EM Compute] 2700 calls | Last: 109 μs | Avg: 109 μs | Grid: 64×64
  Particle at step 2700: pos=(55,50.0005), vel=(-0.000971469,0.00997401)
[GPU EM Compute] 2750 calls | Last: 110 μs | Avg: 109 μs | Grid: 64×64
[GPU EM Compute] 2800 calls | Last: 112 μs | Avg: 109 μs | Grid: 64×64
  Particle at step 2800: pos=(55,50.0006), vel=(-0.00100741,0.00997204)
[GPU EM Compute] 2850 calls | Last: 108 μs | Avg: 109 μs | Grid: 64×64
[GPU EM Compute] 2900 calls | Last: 111 μs | Avg: 109 μs | Grid: 64×64
  Particle at step 2900: pos=(55,50.0006), vel=(-0.00104335,0.00996999)
[GPU EM Compute] 2950 calls | Last: 109 μs | Avg: 109 μs | Grid: 64×64
[GPU EM Compute] 3000 calls | Last: 107 μs | Avg: 109 μs | Grid: 64×64
  Particle at step 3000: pos=(55,50.0006), vel=(-0.00107928,0.00996788)
  Step 3000/10000 | R_avg = 0.999811 | norm = 0.99907
[GPU EM Compute] 3050 calls | Last: 108 μs | Avg: 109 μs | Grid: 64×64
[GPU EM Compute] 3100 calls | Last: 109 μs | Avg: 109 μs | Grid: 64×64
  Particle at step 3100: pos=(55,50.0006), vel=(-0.00111521,0.0099657)
[GPU EM Compute] 3150 calls | Last: 108 μs | Avg: 109 μs | Grid: 64×64
[GPU EM Compute] 3200 calls | Last: 109 μs | Avg: 109 μs | Grid: 64×64
  Particle at step 3200: pos=(55,50.0006), vel=(-0.00115113,0.00996344)
[GPU EM Compute] 3250 calls | Last: 109 μs | Avg: 109 μs | Grid: 64×64
[GPU EM Compute] 3300 calls | Last: 112 μs | Avg: 109 μs | Grid: 64×64
  Particle at step 3300: pos=(55,50.0007), vel=(-0.00118705,0.00996111)
[GPU EM Compute] 3350 calls | Last: 108 μs | Avg: 109 μs | Grid: 64×64
[GPU EM Compute] 3400 calls | Last: 111 μs | Avg: 109 μs | Grid: 64×64
  Particle at step 3400: pos=(55,50.0007), vel=(-0.00122297,0.00995871)
[GPU EM Compute] 3450 calls | Last: 109 μs | Avg: 109 μs | Grid: 64×64
[GPU EM Compute] 3500 calls | Last: 109 μs | Avg: 109 μs | Grid: 64×64
  Particle at step 3500: pos=(55,50.0007), vel=(-0.00125887,0.00995624)
  Step 3500/10000 | R_avg = 0.999814 | norm = 0.998903
[GPU EM Compute] 3550 calls | Last: 109 μs | Avg: 109 μs | Grid: 64×64
[GPU EM Compute] 3600 calls | Last: 108 μs | Avg: 109 μs | Grid: 64×64
  Particle at step 3600: pos=(55,50.0007), vel=(-0.00129478,0.00995369)
[GPU EM Compute] 3650 calls | Last: 108 μs | Avg: 109 μs | Grid: 64×64
[GPU EM Compute] 3700 calls | Last: 113 μs | Avg: 109 μs | Grid: 64×64
  Particle at step 3700: pos=(55,50.0007), vel=(-0.00133068,0.00995107)
[GPU EM Compute] 3750 calls | Last: 109 μs | Avg: 109 μs | Grid: 64×64
[GPU EM Compute] 3800 calls | Last: 110 μs | Avg: 109 μs | Grid: 64×64
  Particle at step 3800: pos=(54.9999,50.0008), vel=(-0.00136657,0.00994839)
[GPU EM Compute] 3850 calls | Last: 108 μs | Avg: 109 μs | Grid: 64×64
[GPU EM Compute] 3900 calls | Last: 115 μs | Avg: 109 μs | Grid: 64×64
  Particle at step 3900: pos=(54.9999,50.0008), vel=(-0.00140246,0.00994563)
[GPU EM Compute] 3950 calls | Last: 110 μs | Avg: 109 μs | Grid: 64×64
[GPU EM Compute] 4000 calls | Last: 109 μs | Avg: 109 μs | Grid: 64×64
  Particle at step 4000: pos=(54.9999,50.0008), vel=(-0.00143834,0.00994279)
  Step 4000/10000 | R_avg = 0.999868 | norm = 0.998735
[GPU EM Compute] 4050 calls | Last: 109 μs | Avg: 109 μs | Grid: 64×64
[GPU EM Compute] 4100 calls | Last: 109 μs | Avg: 109 μs | Grid: 64×64
  Particle at step 4100: pos=(54.9999,50.0008), vel=(-0.00147422,0.00993989)
[GPU EM Compute] 4150 calls | Last: 110 μs | Avg: 109 μs | Grid: 64×64
[GPU EM Compute] 4200 calls | Last: 106 μs | Avg: 109 μs | Grid: 64×64
  Particle at step 4200: pos=(54.9999,50.0008), vel=(-0.00151009,0.00993691)
[GPU EM Compute] 4250 calls | Last: 109 μs | Avg: 109 μs | Grid: 64×64
[GPU EM Compute] 4300 calls | Last: 109 μs | Avg: 109 μs | Grid: 64×64
  Particle at step 4300: pos=(54.9999,50.0009), vel=(-0.00154595,0.00993387)
[GPU EM Compute] 4350 calls | Last: 109 μs | Avg: 109 μs | Grid: 64×64
[GPU EM Compute] 4400 calls | Last: 109 μs | Avg: 109 μs | Grid: 64×64
  Particle at step 4400: pos=(54.9999,50.0009), vel=(-0.00158181,0.00993075)
[GPU EM Compute] 4450 calls | Last: 109 μs | Avg: 109 μs | Grid: 64×64
[GPU EM Compute] 4500 calls | Last: 109 μs | Avg: 109 μs | Grid: 64×64
  Particle at step 4500: pos=(54.9999,50.0009), vel=(-0.00161766,0.00992756)
  Step 4500/10000 | R_avg = 0.999919 | norm = 0.998566
[GPU EM Compute] 4550 calls | Last: 113 μs | Avg: 109 μs | Grid: 64×64
[GPU EM Compute] 4600 calls | Last: 114 μs | Avg: 109 μs | Grid: 64×64
  Particle at step 4600: pos=(54.9999,50.0009), vel=(-0.0016535,0.0099243)
[GPU EM Compute] 4650 calls | Last: 117 μs | Avg: 109 μs | Grid: 64×64
[GPU EM Compute] 4700 calls | Last: 108 μs | Avg: 109 μs | Grid: 64×64
  Particle at step 4700: pos=(54.9999,50.0009), vel=(-0.00168934,0.00992096)
[GPU EM Compute] 4750 calls | Last: 109 μs | Avg: 109 μs | Grid: 64×64
[GPU EM Compute] 4800 calls | Last: 110 μs | Avg: 109 μs | Grid: 64×64
  Particle at step 4800: pos=(54.9999,50.001), vel=(-0.00172517,0.00991756)
[GPU EM Compute] 4850 calls | Last: 111 μs | Avg: 109 μs | Grid: 64×64
[GPU EM Compute] 4900 calls | Last: 113 μs | Avg: 109 μs | Grid: 64×64
  Particle at step 4900: pos=(54.9999,50.001), vel=(-0.00176099,0.00991408)
[GPU EM Compute] 4950 calls | Last: 111 μs | Avg: 109 μs | Grid: 64×64
[GPU EM Compute] 5000 calls | Last: 110 μs | Avg: 109 μs | Grid: 64×64
  [Kuramoto Energy] grad_R: 0.0212665, potential: -4094.56, total: -4094.54 (κ=1)
  Particle at step 5000: pos=(54.9999,50.001), vel=(-0.00179681,0.00991053)
  Step 5000/10000 | R_avg = 0.999821 | norm = 0.998396
[GPU EM Compute] 5050 calls | Last: 110 μs | Avg: 109 μs | Grid: 64×64
[GPU EM Compute] 5100 calls | Last: 107 μs | Avg: 109 μs | Grid: 64×64
  Particle at step 5100: pos=(54.9999,50.001), vel=(-0.00183262,0.00990691)
[GPU EM Compute] 5150 calls | Last: 108 μs | Avg: 109 μs | Grid: 64×64
[GPU EM Compute] 5200 calls | Last: 109 μs | Avg: 109 μs | Grid: 64×64
  Particle at step 5200: pos=(54.9999,50.001), vel=(-0.00186842,0.00990322)
[GPU EM Compute] 5250 calls | Last: 109 μs | Avg: 109 μs | Grid: 64×64
[GPU EM Compute] 5300 calls | Last: 110 μs | Avg: 109 μs | Grid: 64×64
  Particle at step 5300: pos=(54.9999,50.0011), vel=(-0.00190422,0.00989945)
[GPU EM Compute] 5350 calls | Last: 109 μs | Avg: 109 μs | Grid: 64×64
[GPU EM Compute] 5400 calls | Last: 110 μs | Avg: 109 μs | Grid: 64×64
  Particle at step 5400: pos=(54.9999,50.0011), vel=(-0.00194,0.00989562)
[GPU EM Compute] 5450 calls | Last: 108 μs | Avg: 109 μs | Grid: 64×64
[GPU EM Compute] 5500 calls | Last: 110 μs | Avg: 109 μs | Grid: 64×64
  Particle at step 5500: pos=(54.9999,50.0011), vel=(-0.00197578,0.00989171)
  Step 5500/10000 | R_avg = 0.999835 | norm = 0.998226
[GPU EM Compute] 5550 calls | Last: 109 μs | Avg: 109 μs | Grid: 64×64
[GPU EM Compute] 5600 calls | Last: 110 μs | Avg: 109 μs | Grid: 64×64
  Particle at step 5600: pos=(54.9999,50.0011), vel=(-0.00201155,0.00988773)
[GPU EM Compute] 5650 calls | Last: 111 μs | Avg: 109 μs | Grid: 64×64
[GPU EM Compute] 5700 calls | Last: 116 μs | Avg: 109 μs | Grid: 64×64
  Particle at step 5700: pos=(54.9999,50.0011), vel=(-0.00204731,0.00988368)
[GPU EM Compute] 5750 calls | Last: 109 μs | Avg: 109 μs | Grid: 64×64
[GPU EM Compute] 5800 calls | Last: 109 μs | Avg: 109 μs | Grid: 64×64
  Particle at step 5800: pos=(54.9999,50.0012), vel=(-0.00208307,0.00987956)
[GPU EM Compute] 5850 calls | Last: 109 μs | Avg: 109 μs | Grid: 64×64
WARNING: Particle speed changed by 1.00114% (|v| should be conserved, but is changing)
  Initial speed: 0.01
  Current speed: 0.0101001
[GPU EM Compute] 5900 calls | Last: 108 μs | Avg: 109 μs | Grid: 64×64
  Particle at step 5900: pos=(54.9999,50.0012), vel=(-0.00211881,0.00987537)
WARNING: Particle speed changed by 1.01802% (|v| should be conserved, but is changing)
  Initial speed: 0.01
  Current speed: 0.0101018
[GPU EM Compute] 5950 calls | Last: 114 μs | Avg: 109 μs | Grid: 64×64
WARNING: Particle speed changed by 1.03505% (|v| should be conserved, but is changing)
  Initial speed: 0.01
  Current speed: 0.0101035
[GPU EM Compute] 6000 calls | Last: 115 μs | Avg: 109 μs | Grid: 64×64
  Particle at step 6000: pos=(54.9999,50.0012), vel=(-0.00215455,0.00987111)
WARNING: Particle speed changed by 1.05221% (|v| should be conserved, but is changing)
  Initial speed: 0.01
  Current speed: 0.0101052
  Step 6000/10000 | R_avg = 0.999854 | norm = 0.998058
[GPU EM Compute] 6050 calls | Last: 110 μs | Avg: 109 μs | Grid: 64×64
WARNING: Particle speed changed by 1.06951% (|v| should be conserved, but is changing)
  Initial speed: 0.01
  Current speed: 0.010107
[GPU EM Compute] 6100 calls | Last: 111 μs | Avg: 109 μs | Grid: 64×64
  Particle at step 6100: pos=(54.9999,50.0012), vel=(-0.00219028,0.00986677)
WARNING: Particle speed changed by 1.08695% (|v| should be conserved, but is changing)
  Initial speed: 0.01
  Current speed: 0.0101087
[GPU EM Compute] 6150 calls | Last: 120 μs | Avg: 109 μs | Grid: 64×64
WARNING: Particle speed changed by 1.10452% (|v| should be conserved, but is changing)
  Initial speed: 0.01
  Current speed: 0.0101105
[GPU EM Compute] 6200 calls | Last: 110 μs | Avg: 109 μs | Grid: 64×64
  Particle at step 6200: pos=(54.9999,50.0012), vel=(-0.002226,0.00986236)
WARNING: Particle speed changed by 1.12224% (|v| should be conserved, but is changing)
  Initial speed: 0.01
  Current speed: 0.0101122
[GPU EM Compute] 6250 calls | Last: 109 μs | Avg: 109 μs | Grid: 64×64
WARNING: Particle speed changed by 1.14009% (|v| should be conserved, but is changing)
  Initial speed: 0.01
  Current speed: 0.010114
[GPU EM Compute] 6300 calls | Last: 115 μs | Avg: 109 μs | Grid: 64×64
  Particle at step 6300: pos=(54.9999,50.0013), vel=(-0.00226171,0.00985788)
WARNING: Particle speed changed by 1.15808% (|v| should be conserved, but is changing)
  Initial speed: 0.01
  Current speed: 0.0101158
[GPU EM Compute] 6350 calls | Last: 110 μs | Avg: 109 μs | Grid: 64×64
WARNING: Particle speed changed by 1.17621% (|v| should be conserved, but is changing)
  Initial speed: 0.01
  Current speed: 0.0101176
[GPU EM Compute] 6400 calls | Last: 125 μs | Avg: 109 μs | Grid: 64×64
  Particle at step 6400: pos=(54.9999,50.0013), vel=(-0.00229741,0.00985333)
WARNING: Particle speed changed by 1.19448% (|v| should be conserved, but is changing)
  Initial speed: 0.01
  Current speed: 0.0101194
[GPU EM Compute] 6450 calls | Last: 109 μs | Avg: 109 μs | Grid: 64×64
WARNING: Particle speed changed by 1.21288% (|v| should be conserved, but is changing)
  Initial speed: 0.01
  Current speed: 0.0101213
[GPU EM Compute] 6500 calls | Last: 108 μs | Avg: 109 μs | Grid: 64×64
  Particle at step 6500: pos=(54.9998,50.0013), vel=(-0.0023331,0.00984871)
WARNING: Particle speed changed by 1.23143% (|v| should be conserved, but is changing)
  Initial speed: 0.01
  Current speed: 0.0101231
  Step 6500/10000 | R_avg = 0.999815 | norm = 0.99789
[GPU EM Compute] 6550 calls | Last: 109 μs | Avg: 109 μs | Grid: 64×64
WARNING: Particle speed changed by 1.2501% (|v| should be conserved, but is changing)
  Initial speed: 0.01
  Current speed: 0.010125
[GPU EM Compute] 6600 calls | Last: 109 μs | Avg: 109 μs | Grid: 64×64
  Particle at step 6600: pos=(54.9998,50.0013), vel=(-0.00236878,0.00984402)
WARNING: Particle speed changed by 1.26892% (|v| should be conserved, but is changing)
  Initial speed: 0.01
  Current speed: 0.0101269
[GPU EM Compute] 6650 calls | Last: 135 μs | Avg: 109 μs | Grid: 64×64
WARNING: Particle speed changed by 1.28787% (|v| should be conserved, but is changing)
  Initial speed: 0.01
  Current speed: 0.0101288
[GPU EM Compute] 6700 calls | Last: 109 μs | Avg: 109 μs | Grid: 64×64
  Particle at step 6700: pos=(54.9998,50.0013), vel=(-0.00240446,0.00983925)
WARNING: Particle speed changed by 1.30696% (|v| should be conserved, but is changing)
  Initial speed: 0.01
  Current speed: 0.0101307
[GPU EM Compute] 6750 calls | Last: 109 μs | Avg: 109 μs | Grid: 64×64
WARNING: Particle speed changed by 1.32619% (|v| should be conserved, but is changing)
  Initial speed: 0.01
  Current speed: 0.0101326
[GPU EM Compute] 6800 calls | Last: 108 μs | Avg: 109 μs | Grid: 64×64
  Particle at step 6800: pos=(54.9998,50.0014), vel=(-0.00244012,0.00983442)
WARNING: Particle speed changed by 1.34556% (|v| should be conserved, but is changing)
  Initial speed: 0.01
  Current speed: 0.0101346
[GPU EM Compute] 6850 calls | Last: 108 μs | Avg: 109 μs | Grid: 64×64
WARNING: Particle speed changed by 1.36506% (|v| should be conserved, but is changing)
  Initial speed: 0.01
  Current speed: 0.0101365
[GPU EM Compute] 6900 calls | Last: 48 μs | Avg: 109 μs | Grid: 64×64
  Particle at step 6900: pos=(54.9998,50.0014), vel=(-0.00247577,0.00982951)
WARNING: Particle speed changed by 1.3847% (|v| should be conserved, but is changing)
  Initial speed: 0.01
  Current speed: 0.0101385
[GPU EM Compute] 6950 calls | Last: 109 μs | Avg: 109 μs | Grid: 64×64
WARNING: Particle speed changed by 1.40447% (|v| should be conserved, but is changing)
  Initial speed: 0.01
  Current speed: 0.0101404
[GPU EM Compute] 7000 calls | Last: 123 μs | Avg: 109 μs | Grid: 64×64
  Particle at step 7000: pos=(54.9998,50.0014), vel=(-0.00251142,0.00982453)
WARNING: Particle speed changed by 1.42438% (|v| should be conserved, but is changing)
  Initial speed: 0.01
  Current speed: 0.0101424
  Step 7000/10000 | R_avg = 0.999903 | norm = 0.997722
[GPU EM Compute] 7050 calls | Last: 111 μs | Avg: 109 μs | Grid: 64×64
WARNING: Particle speed changed by 1.44443% (|v| should be conserved, but is changing)
  Initial speed: 0.01
  Current speed: 0.0101444
[GPU EM Compute] 7100 calls | Last: 109 μs | Avg: 109 μs | Grid: 64×64
  Particle at step 7100: pos=(54.9998,50.0014), vel=(-0.00254705,0.00981948)
WARNING: Particle speed changed by 1.46461% (|v| should be conserved, but is changing)
  Initial speed: 0.01
  Current speed: 0.0101465
[GPU EM Compute] 7150 calls | Last: 109 μs | Avg: 109 μs | Grid: 64×64
WARNING: Particle speed changed by 1.48493% (|v| should be conserved, but is changing)
  Initial speed: 0.01
  Current speed: 0.0101485
[GPU EM Compute] 7200 calls | Last: 110 μs | Avg: 109 μs | Grid: 64×64
  Particle at step 7200: pos=(54.9998,50.0014), vel=(-0.00258267,0.00981436)
WARNING: Particle speed changed by 1.50539% (|v| should be conserved, but is changing)
  Initial speed: 0.01
  Current speed: 0.0101505
[GPU EM Compute] 7250 calls | Last: 111 μs | Avg: 109 μs | Grid: 64×64
WARNING: Particle speed changed by 1.52598% (|v| should be conserved, but is changing)
  Initial speed: 0.01
  Current speed: 0.0101526
[GPU EM Compute] 7300 calls | Last: 116 μs | Avg: 109 μs | Grid: 64×64
  Particle at step 7300: pos=(54.9998,50.0015), vel=(-0.00261829,0.00980917)
WARNING: Particle speed changed by 1.54671% (|v| should be conserved, but is changing)
  Initial speed: 0.01
  Current speed: 0.0101547
[GPU EM Compute] 7350 calls | Last: 109 μs | Avg: 109 μs | Grid: 64×64
WARNING: Particle speed changed by 1.56757% (|v| should be conserved, but is changing)
  Initial speed: 0.01
  Current speed: 0.0101568
[GPU EM Compute] 7400 calls | Last: 108 μs | Avg: 109 μs | Grid: 64×64
  Particle at step 7400: pos=(54.9998,50.0015), vel=(-0.00265389,0.00980391)
WARNING: Particle speed changed by 1.58857% (|v| should be conserved, but is changing)
  Initial speed: 0.01
  Current speed: 0.0101589
[GPU EM Compute] 7450 calls | Last: 109 μs | Avg: 109 μs | Grid: 64×64
WARNING: Particle speed changed by 1.60971% (|v| should be conserved, but is changing)
  Initial speed: 0.01
  Current speed: 0.010161
[GPU EM Compute] 7500 calls | Last: 125 μs | Avg: 109 μs | Grid: 64×64
  Particle at step 7500: pos=(54.9998,50.0015), vel=(-0.00268948,0.00979857)
WARNING: Particle speed changed by 1.63098% (|v| should be conserved, but is changing)
  Initial speed: 0.01
  Current speed: 0.0101631
  Step 7500/10000 | R_avg = 0.99987 | norm = 0.997554
[GPU EM Compute] 7550 calls | Last: 109 μs | Avg: 109 μs | Grid: 64×64
WARNING: Particle speed changed by 1.65239% (|v| should be conserved, but is changing)
  Initial speed: 0.01
  Current speed: 0.0101652
[GPU EM Compute] 7600 calls | Last: 107 μs | Avg: 109 μs | Grid: 64×64
  Particle at step 7600: pos=(54.9998,50.0015), vel=(-0.00272506,0.00979317)
WARNING: Particle speed changed by 1.67393% (|v| should be conserved, but is changing)
  Initial speed: 0.01
  Current speed: 0.0101674
[GPU EM Compute] 7650 calls | Last: 110 μs | Avg: 109 μs | Grid: 64×64
WARNING: Particle speed changed by 1.6956% (|v| should be conserved, but is changing)
  Initial speed: 0.01
  Current speed: 0.0101696
[GPU EM Compute] 7700 calls | Last: 111 μs | Avg: 109 μs | Grid: 64×64
  Particle at step 7700: pos=(54.9998,50.0015), vel=(-0.00276063,0.00978769)
WARNING: Particle speed changed by 1.71741% (|v| should be conserved, but is changing)
  Initial speed: 0.01
  Current speed: 0.0101717
[GPU EM Compute] 7750 calls | Last: 112 μs | Avg: 109 μs | Grid: 64×64
WARNING: Particle speed changed by 1.73936% (|v| should be conserved, but is changing)
  Initial speed: 0.01
  Current speed: 0.0101739
[GPU EM Compute] 7800 calls | Last: 109 μs | Avg: 109 μs | Grid: 64×64
  Particle at step 7800: pos=(54.9998,50.0015), vel=(-0.00279619,0.00978214)
WARNING: Particle speed changed by 1.76144% (|v| should be conserved, but is changing)
  Initial speed: 0.01
  Current speed: 0.0101761
[GPU EM Compute] 7850 calls | Last: 110 μs | Avg: 109 μs | Grid: 64×64
WARNING: Particle speed changed by 1.78366% (|v| should be conserved, but is changing)
  Initial speed: 0.01
  Current speed: 0.0101784
[GPU EM Compute] 7900 calls | Last: 108 μs | Avg: 109 μs | Grid: 64×64
  Particle at step 7900: pos=(54.9998,50.0016), vel=(-0.00283173,0.00977652)
WARNING: Particle speed changed by 1.80601% (|v| should be conserved, but is changing)
  Initial speed: 0.01
  Current speed: 0.0101806
[GPU EM Compute] 7950 calls | Last: 109 μs | Avg: 109 μs | Grid: 64×64
WARNING: Particle speed changed by 1.82849% (|v| should be conserved, but is changing)
  Initial speed: 0.01
  Current speed: 0.0101828
[GPU EM Compute] 8000 calls | Last: 114 μs | Avg: 109 μs | Grid: 64×64
  Particle at step 8000: pos=(54.9998,50.0016), vel=(-0.00286727,0.00977083)
WARNING: Particle speed changed by 1.85111% (|v| should be conserved, but is changing)
  Initial speed: 0.01
  Current speed: 0.0101851
  Step 8000/10000 | R_avg = 0.999798 | norm = 0.997383
[GPU EM Compute] 8050 calls | Last: 114 μs | Avg: 109 μs | Grid: 64×64
WARNING: Particle speed changed by 1.87387% (|v| should be conserved, but is changing)
  Initial speed: 0.01
  Current speed: 0.0101874
[GPU EM Compute] 8100 calls | Last: 109 μs | Avg: 109 μs | Grid: 64×64
  Particle at step 8100: pos=(54.9998,50.0016), vel=(-0.00290279,0.00976507)
WARNING: Particle speed changed by 1.89675% (|v| should be conserved, but is changing)
  Initial speed: 0.01
  Current speed: 0.0101897
[GPU EM Compute] 8150 calls | Last: 110 μs | Avg: 109 μs | Grid: 64×64
WARNING: Particle speed changed by 1.91978% (|v| should be conserved, but is changing)
  Initial speed: 0.01
  Current speed: 0.010192
[GPU EM Compute] 8200 calls | Last: 109 μs | Avg: 109 μs | Grid: 64×64
  Particle at step 8200: pos=(54.9998,50.0016), vel=(-0.00293831,0.00975924)
WARNING: Particle speed changed by 1.94293% (|v| should be conserved, but is changing)
  Initial speed: 0.01
  Current speed: 0.0101943
[GPU EM Compute] 8250 calls | Last: 108 μs | Avg: 109 μs | Grid: 64×64
WARNING: Particle speed changed by 1.96622% (|v| should be conserved, but is changing)
  Initial speed: 0.01
  Current speed: 0.0101966
[GPU EM Compute] 8300 calls | Last: 109 μs | Avg: 109 μs | Grid: 64×64
  Particle at step 8300: pos=(54.9998,50.0016), vel=(-0.00297381,0.00975334)
WARNING: Particle speed changed by 1.98964% (|v| should be conserved, but is changing)
  Initial speed: 0.01
  Current speed: 0.010199
[GPU EM Compute] 8350 calls | Last: 108 μs | Avg: 109 μs | Grid: 64×64
WARNING: Particle speed changed by 2.0132% (|v| should be conserved, but is changing)
  Initial speed: 0.01
  Current speed: 0.0102013
[GPU EM Compute] 8400 calls | Last: 108 μs | Avg: 109 μs | Grid: 64×64
  Particle at step 8400: pos=(54.9997,50.0017), vel=(-0.00300929,0.00974736)
WARNING: Particle speed changed by 2.03689% (|v| should be conserved, but is changing)
  Initial speed: 0.01
  Current speed: 0.0102037
[GPU EM Compute] 8450 calls | Last: 113 μs | Avg: 109 μs | Grid: 64×64
WARNING: Particle speed changed by 2.06071% (|v| should be conserved, but is changing)
  Initial speed: 0.01
  Current speed: 0.0102061
[GPU EM Compute] 8500 calls | Last: 108 μs | Avg: 109 μs | Grid: 64×64
  Particle at step 8500: pos=(54.9997,50.0017), vel=(-0.00304477,0.00974132)
WARNING: Particle speed changed by 2.08467% (|v| should be conserved, but is changing)
  Initial speed: 0.01
  Current speed: 0.0102085
  Step 8500/10000 | R_avg = 0.999806 | norm = 0.997212
[GPU EM Compute] 8550 calls | Last: 109 μs | Avg: 109 μs | Grid: 64×64
WARNING: Particle speed changed by 2.10876% (|v| should be conserved, but is changing)
  Initial speed: 0.01
  Current speed: 0.0102109
[GPU EM Compute] 8600 calls | Last: 105 μs | Avg: 109 μs | Grid: 64×64
  Particle at step 8600: pos=(54.9997,50.0017), vel=(-0.00308023,0.0097352)
WARNING: Particle speed changed by 2.13298% (|v| should be conserved, but is changing)
  Initial speed: 0.01
  Current speed: 0.0102133
[GPU EM Compute] 8650 calls | Last: 111 μs | Avg: 109 μs | Grid: 64×64
WARNING: Particle speed changed by 2.15734% (|v| should be conserved, but is changing)
  Initial speed: 0.01
  Current speed: 0.0102157
[GPU EM Compute] 8700 calls | Last: 52 μs | Avg: 109 μs | Grid: 64×64
  Particle at step 8700: pos=(54.9997,50.0017), vel=(-0.00311569,0.00972901)
WARNING: Particle speed changed by 2.18183% (|v| should be conserved, but is changing)
  Initial speed: 0.01
  Current speed: 0.0102182
[GPU EM Compute] 8750 calls | Last: 108 μs | Avg: 109 μs | Grid: 64×64
WARNING: Particle speed changed by 2.20645% (|v| should be conserved, but is changing)
  Initial speed: 0.01
  Current speed: 0.0102206
[GPU EM Compute] 8800 calls | Last: 119 μs | Avg: 109 μs | Grid: 64×64
  Particle at step 8800: pos=(54.9997,50.0017), vel=(-0.00315113,0.00972276)
WARNING: Particle speed changed by 2.2312% (|v| should be conserved, but is changing)
  Initial speed: 0.01
  Current speed: 0.0102231
[GPU EM Compute] 8850 calls | Last: 109 μs | Avg: 109 μs | Grid: 64×64
WARNING: Particle speed changed by 2.25609% (|v| should be conserved, but is changing)
  Initial speed: 0.01
  Current speed: 0.0102256
[GPU EM Compute] 8900 calls | Last: 109 μs | Avg: 109 μs | Grid: 64×64
  Particle at step 8900: pos=(54.9997,50.0018), vel=(-0.00318655,0.00971643)
WARNING: Particle speed changed by 2.28111% (|v| should be conserved, but is changing)
  Initial speed: 0.01
  Current speed: 0.0102281
[GPU EM Compute] 8950 calls | Last: 108 μs | Avg: 109 μs | Grid: 64×64
WARNING: Particle speed changed by 2.30626% (|v| should be conserved, but is changing)
  Initial speed: 0.01
  Current speed: 0.0102306
[GPU EM Compute] 9000 calls | Last: 116 μs | Avg: 109 μs | Grid: 64×64
  Particle at step 9000: pos=(54.9997,50.0018), vel=(-0.00322197,0.00971003)
WARNING: Particle speed changed by 2.33154% (|v| should be conserved, but is changing)
  Initial speed: 0.01
  Current speed: 0.0102332
  Step 9000/10000 | R_avg = 0.99986 | norm = 0.99704
[GPU EM Compute] 9050 calls | Last: 109 μs | Avg: 109 μs | Grid: 64×64
WARNING: Particle speed changed by 2.35695% (|v| should be conserved, but is changing)
  Initial speed: 0.01
  Current speed: 0.0102357
[GPU EM Compute] 9100 calls | Last: 105 μs | Avg: 109 μs | Grid: 64×64
  Particle at step 9100: pos=(54.9997,50.0018), vel=(-0.00325737,0.00970356)
WARNING: Particle speed changed by 2.3825% (|v| should be conserved, but is changing)
  Initial speed: 0.01
  Current speed: 0.0102382
[GPU EM Compute] 9150 calls | Last: 109 μs | Avg: 109 μs | Grid: 64×64
WARNING: Particle speed changed by 2.40818% (|v| should be conserved, but is changing)
  Initial speed: 0.01
  Current speed: 0.0102408
[GPU EM Compute] 9200 calls | Last: 110 μs | Avg: 109 μs | Grid: 64×64
  Particle at step 9200: pos=(54.9997,50.0018), vel=(-0.00329275,0.00969702)
WARNING: Particle speed changed by 2.43399% (|v| should be conserved, but is changing)
  Initial speed: 0.01
  Current speed: 0.0102434
[GPU EM Compute] 9250 calls | Last: 110 μs | Avg: 109 μs | Grid: 64×64
WARNING: Particle speed changed by 2.45993% (|v| should be conserved, but is changing)
  Initial speed: 0.01
  Current speed: 0.010246
[GPU EM Compute] 9300 calls | Last: 109 μs | Avg: 109 μs | Grid: 64×64
  Particle at step 9300: pos=(54.9997,50.0018), vel=(-0.00332813,0.0096904)
WARNING: Particle speed changed by 2.486% (|v| should be conserved, but is changing)
  Initial speed: 0.01
  Current speed: 0.0102486
[GPU EM Compute] 9350 calls | Last: 109 μs | Avg: 109 μs | Grid: 64×64
WARNING: Particle speed changed by 2.5122% (|v| should be conserved, but is changing)
  Initial speed: 0.01
  Current speed: 0.0102512
[GPU EM Compute] 9400 calls | Last: 109 μs | Avg: 109 μs | Grid: 64×64
  Particle at step 9400: pos=(54.9997,50.0019), vel=(-0.00336349,0.00968372)
WARNING: Particle speed changed by 2.53853% (|v| should be conserved, but is changing)
  Initial speed: 0.01
  Current speed: 0.0102539
[GPU EM Compute] 9450 calls | Last: 109 μs | Avg: 109 μs | Grid: 64×64
WARNING: Particle speed changed by 2.565% (|v| should be conserved, but is changing)
  Initial speed: 0.01
  Current speed: 0.0102565
[GPU EM Compute] 9500 calls | Last: 110 μs | Avg: 109 μs | Grid: 64×64
  Particle at step 9500: pos=(54.9997,50.0019), vel=(-0.00339884,0.00967697)
WARNING: Particle speed changed by 2.59159% (|v| should be conserved, but is changing)
  Initial speed: 0.01
  Current speed: 0.0102592
  Step 9500/10000 | R_avg = 0.999804 | norm = 0.996868
[GPU EM Compute] 9550 calls | Last: 109 μs | Avg: 109 μs | Grid: 64×64
WARNING: Particle speed changed by 2.61832% (|v| should be conserved, but is changing)
  Initial speed: 0.01
  Current speed: 0.0102618
[GPU EM Compute] 9600 calls | Last: 109 μs | Avg: 109 μs | Grid: 64×64
  Particle at step 9600: pos=(54.9997,50.0019), vel=(-0.00343417,0.00967014)
WARNING: Particle speed changed by 2.64518% (|v| should be conserved, but is changing)
  Initial speed: 0.01
  Current speed: 0.0102645
[GPU EM Compute] 9650 calls | Last: 112 μs | Avg: 109 μs | Grid: 64×64
WARNING: Particle speed changed by 2.67216% (|v| should be conserved, but is changing)
  Initial speed: 0.01
  Current speed: 0.0102672
[GPU EM Compute] 9700 calls | Last: 119 μs | Avg: 109 μs | Grid: 64×64
  Particle at step 9700: pos=(54.9997,50.0019), vel=(-0.00346949,0.00966325)
WARNING: Particle speed changed by 2.69928% (|v| should be conserved, but is changing)
  Initial speed: 0.01
  Current speed: 0.0102699
[GPU EM Compute] 9750 calls | Last: 110 μs | Avg: 109 μs | Grid: 64×64
WARNING: Particle speed changed by 2.72653% (|v| should be conserved, but is changing)
  Initial speed: 0.01
  Current speed: 0.0102727
[GPU EM Compute] 9800 calls | Last: 110 μs | Avg: 109 μs | Grid: 64×64
  Particle at step 9800: pos=(54.9997,50.0019), vel=(-0.0035048,0.00965628)
WARNING: Particle speed changed by 2.75391% (|v| should be conserved, but is changing)
  Initial speed: 0.01
  Current speed: 0.0102754
[GPU EM Compute] 9850 calls | Last: 110 μs | Avg: 109 μs | Grid: 64×64
WARNING: Particle speed changed by 2.78141% (|v| should be conserved, but is changing)
  Initial speed: 0.01
  Current speed: 0.0102781
[GPU EM Compute] 9900 calls | Last: 109 μs | Avg: 109 μs | Grid: 64×64
  Particle at step 9900: pos=(54.9996,50.002), vel=(-0.00354009,0.00964925)
WARNING: Particle speed changed by 2.80905% (|v| should be conserved, but is changing)
  Initial speed: 0.01
  Current speed: 0.0102809
[GPU EM Compute] 9950 calls | Last: 109 μs | Avg: 109 μs | Grid: 64×64
WARNING: Particle speed changed by 2.83682% (|v| should be conserved, but is changing)
  Initial speed: 0.01
  Current speed: 0.0102837
[GPU EM Compute] 10000 calls | Last: 110 μs | Avg: 109 μs | Grid: 64×64
  [Kuramoto Energy] grad_R: 0.0192997, potential: -4094.83, total: -4094.81 (κ=1)
WARNING: Particle speed changed by 2.86471% (|v| should be conserved, but is changing)
  Initial speed: 0.01
  Current speed: 0.0102865

===== Lorentz Force Analysis =====
Error: Could not open /home/persist/neotec/0rigin/output/20251230_193404_lorentz_force_cpu/N_1/particle_trajectory.csv for writing
  Particle trajectory saved to: /home/persist/neotec/0rigin/output/20251230_193404_lorentz_force_cpu/N_1/particle_trajectory.csv
  Average magnetic field: B_avg = 0.1

Theoretical predictions:
  Cyclotron frequency: ω_c = 1 rad/τ_P
  Larmor radius: r_L = 0.1 ℓ_P

Measured from trajectory:
  Orbital period: T = 0 τ_P
  Orbital radius: r = 0.000507146 ℓ_P
  Orbital frequency: ω = 0 rad/τ_P

Validation:
  Frequency error: 100%
  Radius error: 99.4929%
  Lorentz force validation: ✗ FAIL

===== Global Validation =====
✓ Global validation PASSED
  ✓ Probability Conservation: ||ψ||² = 0.996697 (drift: 0.330368% from initial 1) ✓ PASS
  ✓ Energy Conservation: E_total = -4094.39 (drift: 0.0106587% from initial -4093.96) ✓ PASS
  ✓ Order Parameter Bounds: R ∈ [0, 0] ✓ PASS (within [0,1])
  ✓ Causality: v = |p|/E = 5.12914e-08 (c = 1) ✓ PASS (v ≤ c)
  ✓ Numerical Stability: All fields finite ✓ PASS
  Norm validation: max_error = 0.00330322 ✓ PASS
  Energy validation: max_drift = 0.00025431 ✓ PASS

===== EM Field Validation =====
Maxwell Equation Residuals:
  Gauss law (∇·E - 4πρ): 0 ✓
  No monopole (∇·B): 0 ✓
  Faraday law (∇×E + ∂B/∂t): 0 ✓
  Ampere law (∇×B - 4πJ - ∂E/∂t): 3.37449e-09 ✓
Overall Maxwell Validation: ✓ PASS
Failed to open /home/persist/neotec/0rigin/output/20251230_193404_lorentz_force_cpu/N_1/observables.csv for writing
  Saved observables to /home/persist/neotec/0rigin/output/20251230_193404_lorentz_force_cpu/N_1/observables.csv
  Saved EM observables to /home/persist/neotec/0rigin/output/20251230_193404_lorentz_force_cpu/N_1/em_observables.csv

[3/3] Generating report...

✓ Report saved to /home/persist/neotec/0rigin/output/20251230_193404_lorentz_force_cpu/test_report.txt

===== Test Summary =====
✓ ALL TESTS PASSED

Validation criteria met:
  ✓ Norm conservation ||Ψ||² - 1 < 10⁻⁴
  ✓ Energy conservation |ΔE/E₀| < 1%
  ✓ Convergence between N ratios < 5%
