
===== SMFT Test Mode =====
Configuration: /tmp/k_scan_2.0.yaml

[1/3] Initializing...

===== Test Configuration: stuckelberg_integration_test =====
Description: Stückelberg EM Integration - Full GPU 256x256

[Grid]
  size: 256 x 256

[Physics]
  delta: 2.5
  coupling: 0.1
  dt: 0.0005
  total_steps: 20000
  K (Kuramoto): 2
  damping: 0

[Initial Conditions - Dirac]
  type: gaussian
  center: (32, 32)
  sigma: 5
  amplitude: 0.01

[Initial Conditions - Kuramoto]
  phase_distribution: vortex
  omega_distribution: zero
  omega_mean: 0
  omega_std: 0

[Operator Splitting]
  enabled: no

[Validation]
  norm_tolerance: 0.01
  energy_tolerance: 0.05
  convergence_tolerance: 0.05

[Output]
  directory: output/test
  save_every: 100 steps
  formats: [csv]
========================================

 [INFO]: Nova - Instantiating ..
Logger - Debug Level set to error ..
[SMFTEngine] Physical Interpretation:
  Vacuum potential Δ = 2.5 (Planck mass in natural units)
  Synchronization field R(x) → Emergent spacetime metric
  Mass field m(x) = Δ·R(x) → Local energy density
  ∇R(x) → Gravitational field (not separate force)
  Grid: 256 x 256 oscillators

[SMFTEngine] Initialized Stückelberg EM with photon mass = 0.01
[SMFTEngine] Created GPU buffers for 256x256 grid
  Phase buffers: 262144 bytes each
  Spinor buffer: 2097152 bytes
  Accumulator buffers: 262144 bytes each (operator splitting)
SMFTPipelineFactory: Failed to open shader file: shaders/smft/kuramoto.comp.spv
SMFTPipelineFactory: Failed to load shader for Kuramoto: shaders/smft/kuramoto.comp.spv
SMFTPipelineFactory: Failed to open shader file: shaders/smft/gravity.comp.spv
SMFTPipelineFactory: Failed to load shader for GravityField: shaders/smft/gravity.comp.spv
SMFTPipelineFactory: Failed to open shader file: shaders/smft/kuramoto_stochastic.comp.spv
SMFTPipelineFactory: Failed to load shader for KuramotoStochastic: shaders/smft/kuramoto_stochastic.comp.spv
[SMFTEngine] Warning: Failed to load stochastic Kuramoto shader
SMFTPipelineFactory: Failed to open shader file: shaders/smft/dirac_stochastic.comp.spv
SMFTPipelineFactory: Failed to load shader for DiracStochastic: shaders/smft/dirac_stochastic.comp.spv
[SMFTEngine] Warning: Failed to load stochastic Dirac shader
SMFTPipelineFactory: Failed to open shader file: shaders/smft/accumulate.comp.spv
SMFTPipelineFactory: Failed to load shader for Accumulation: shaders/smft/accumulate.comp.spv
[SMFTEngine] Created compute pipelines
  ✓ Sync field pipeline
Created experiment directory: /home/persist/neotec/0rigin/output/20260101_135223_stuckelberg_integration_test
[OutputManager] Created timestamped directory: /home/persist/neotec/0rigin/output/20260101_135223_stuckelberg_integration_test
✓ SMFTTestRunner initialized successfully

[2/3] Running tests...

===== Running Tests =====
[DiracEvolution] Initialized 256x256 4-component spinor field
[DiracEvolution] Initialized Gaussian wavepacket at (32, 32) with σ=5
[SMFTEngine] Dirac field initialized: center=(32,32), sigma=5, norm=1
[DiracEvolution] Initialized 256x256 4-component spinor field
[DiracEvolution] Initialized Gaussian wavepacket at (32, 32) with σ=5
[ObservableComputer] R_field.size()=65536, R_avg=0.999802
  Initial energy E0 = 2.53917
  Initial norm = 1
[stepWithDirac] First call: substep_ratio=1, substep_dt=0.0005
[CPU fallback] theta_data sum = 103232 (should be non-zero for vortex)
[CPU fallback] R_field sum = 65527.4, avg = 0.999869
[stepWithDirac] EM: max|B_z|=1.56689, energy=2.46018
  Step 0/20000 | R_avg = 0.999802 | norm = 1
[stepWithDirac] EM: max|B_z|=1.56689, energy=2.46018
[stepWithDirac] EM: max|B_z|=1.56689, energy=2.46018
[stepWithDirac] EM: max|B_z|=1.56689, energy=2.46018
[stepWithDirac] EM: max|B_z|=1.56689, energy=2.46018
[stepWithDirac] EM: max|B_z|=1.56689, energy=2.46018
[stepWithDirac] EM: max|B_z|=1.56689, energy=2.46018
[stepWithDirac] EM: max|B_z|=1.56689, energy=2.46018
[stepWithDirac] EM: max|B_z|=1.56689, energy=2.46018
[stepWithDirac] EM: max|B_z|=1.56689, energy=2.46018
[CPU fallback] R_field sum = 65527.4, avg = 0.999869
[stepWithDirac] EM: max|B_z|=1.56689, energy=2.46018
  Step 1000/20000 | R_avg = 0.999803 | norm = 0.999673
[stepWithDirac] EM: max|B_z|=1.56689, energy=2.46018
[stepWithDirac] EM: max|B_z|=1.56689, energy=2.46018
[stepWithDirac] EM: max|B_z|=1.56689, energy=2.46018
[stepWithDirac] EM: max|B_z|=1.56689, energy=2.46018
[stepWithDirac] EM: max|B_z|=1.56689, energy=2.46018
[stepWithDirac] EM: max|B_z|=1.56689, energy=2.46018
[stepWithDirac] EM: max|B_z|=1.56689, energy=2.46018
[stepWithDirac] EM: max|B_z|=1.56689, energy=2.46018
[stepWithDirac] EM: max|B_z|=1.56689, energy=2.46018
[CPU fallback] R_field sum = 65527.5, avg = 0.99987
[stepWithDirac] EM: max|B_z|=1.56689, energy=2.46018
  Step 2000/20000 | R_avg = 0.999804 | norm = 0.999351
[stepWithDirac] EM: max|B_z|=1.56689, energy=2.46018
[stepWithDirac] EM: max|B_z|=1.56689, energy=2.46018
[stepWithDirac] EM: max|B_z|=1.56689, energy=2.46018
[stepWithDirac] EM: max|B_z|=1.56689, energy=2.46018
[stepWithDirac] EM: max|B_z|=1.56689, energy=2.46018
[stepWithDirac] EM: max|B_z|=1.56689, energy=2.46018
[stepWithDirac] EM: max|B_z|=1.56689, energy=2.46018
[stepWithDirac] EM: max|B_z|=1.56689, energy=2.46018
[stepWithDirac] EM: max|B_z|=1.56689, energy=2.46018
[CPU fallback] R_field sum = 65527.5, avg = 0.99987
[stepWithDirac] EM: max|B_z|=1.56689, energy=2.46018
  Step 3000/20000 | R_avg = 0.999804 | norm = 0.999035
[stepWithDirac] EM: max|B_z|=1.56689, energy=2.46018
[stepWithDirac] EM: max|B_z|=1.56689, energy=2.46018
[stepWithDirac] EM: max|B_z|=1.56689, energy=2.46018
[stepWithDirac] EM: max|B_z|=1.56689, energy=2.46018
[stepWithDirac] EM: max|B_z|=1.56689, energy=2.46018
[stepWithDirac] EM: max|B_z|=1.56689, energy=2.46018
[stepWithDirac] EM: max|B_z|=1.56689, energy=2.46018
[stepWithDirac] EM: max|B_z|=1.56689, energy=2.46018
[stepWithDirac] EM: max|B_z|=1.56689, energy=2.46018
[CPU fallback] R_field sum = 65527.5, avg = 0.99987
[stepWithDirac] EM: max|B_z|=1.56689, energy=2.46018
  Step 4000/20000 | R_avg = 0.999804 | norm = 0.998721
[stepWithDirac] EM: max|B_z|=1.56689, energy=2.46018
[stepWithDirac] EM: max|B_z|=1.56689, energy=2.46018
[stepWithDirac] EM: max|B_z|=1.56689, energy=2.46018
[stepWithDirac] EM: max|B_z|=1.56689, energy=2.46018
[stepWithDirac] EM: max|B_z|=1.56689, energy=2.46018
[stepWithDirac] EM: max|B_z|=1.56689, energy=2.46018
[stepWithDirac] EM: max|B_z|=1.56689, energy=2.46018
[stepWithDirac] EM: max|B_z|=1.56689, energy=2.46018
[stepWithDirac] EM: max|B_z|=1.56689, energy=2.46018
[CPU fallback] R_field sum = 65527.5, avg = 0.999871
[stepWithDirac] EM: max|B_z|=1.56689, energy=2.46018
  Step 5000/20000 | R_avg = 0.999804 | norm = 0.998406
[stepWithDirac] EM: max|B_z|=1.56689, energy=2.46018
[stepWithDirac] EM: max|B_z|=1.56689, energy=2.46018
[stepWithDirac] EM: max|B_z|=1.56689, energy=2.46018
[stepWithDirac] EM: max|B_z|=1.56689, energy=2.46018
[stepWithDirac] EM: max|B_z|=1.56689, energy=2.46018
[stepWithDirac] EM: max|B_z|=1.56689, energy=2.46018
[stepWithDirac] EM: max|B_z|=1.56689, energy=2.46018
[stepWithDirac] EM: max|B_z|=1.56689, energy=2.46018
[stepWithDirac] EM: max|B_z|=1.56689, energy=2.46018
[CPU fallback] R_field sum = 65527.5, avg = 0.999871
[stepWithDirac] EM: max|B_z|=1.56689, energy=2.46018
  Step 6000/20000 | R_avg = 0.999804 | norm = 0.998087
[stepWithDirac] EM: max|B_z|=1.56689, energy=2.46018
[stepWithDirac] EM: max|B_z|=1.56689, energy=2.46018
[stepWithDirac] EM: max|B_z|=1.56689, energy=2.46018
[stepWithDirac] EM: max|B_z|=1.56689, energy=2.46018
[stepWithDirac] EM: max|B_z|=1.56689, energy=2.46018
[stepWithDirac] EM: max|B_z|=1.56689, energy=2.46018
[stepWithDirac] EM: max|B_z|=1.56689, energy=2.46018
[stepWithDirac] EM: max|B_z|=1.56689, energy=2.46018
[stepWithDirac] EM: max|B_z|=1.56689, energy=2.46018
[CPU fallback] R_field sum = 65527.5, avg = 0.999871
[stepWithDirac] EM: max|B_z|=1.56689, energy=2.46018
  Step 7000/20000 | R_avg = 0.999804 | norm = 0.997766
[stepWithDirac] EM: max|B_z|=1.56689, energy=2.46018
[stepWithDirac] EM: max|B_z|=1.56689, energy=2.46018
[stepWithDirac] EM: max|B_z|=1.56689, energy=2.46018
[stepWithDirac] EM: max|B_z|=1.56689, energy=2.46018
[stepWithDirac] EM: max|B_z|=1.56689, energy=2.46018
[stepWithDirac] EM: max|B_z|=1.56689, energy=2.46018
[stepWithDirac] EM: max|B_z|=1.56689, energy=2.46018
[stepWithDirac] EM: max|B_z|=1.56689, energy=2.46018
[stepWithDirac] EM: max|B_z|=1.56689, energy=2.46018
[CPU fallback] R_field sum = 65527.5, avg = 0.999871
[stepWithDirac] EM: max|B_z|=1.56689, energy=2.46018
  Step 8000/20000 | R_avg = 0.999805 | norm = 0.997441
[stepWithDirac] EM: max|B_z|=1.56689, energy=2.46018
[stepWithDirac] EM: max|B_z|=1.56689, energy=2.46018
[stepWithDirac] EM: max|B_z|=1.56689, energy=2.46018
[stepWithDirac] EM: max|B_z|=1.56689, energy=2.46018
[stepWithDirac] EM: max|B_z|=1.56689, energy=2.46018
[stepWithDirac] EM: max|B_z|=1.56689, energy=2.46018
[stepWithDirac] EM: max|B_z|=1.56689, energy=2.46018
[stepWithDirac] EM: max|B_z|=1.56689, energy=2.46018
[stepWithDirac] EM: max|B_z|=1.56689, energy=2.46018
[CPU fallback] R_field sum = 65527.5, avg = 0.999871
[stepWithDirac] EM: max|B_z|=1.56689, energy=2.46018
  Step 9000/20000 | R_avg = 0.999805 | norm = 0.997113
[stepWithDirac] EM: max|B_z|=1.56689, energy=2.46018
[stepWithDirac] EM: max|B_z|=1.56689, energy=2.46018
[stepWithDirac] EM: max|B_z|=1.56689, energy=2.46018
[stepWithDirac] EM: max|B_z|=1.56689, energy=2.46018
[stepWithDirac] EM: max|B_z|=1.56689, energy=2.46018
[stepWithDirac] EM: max|B_z|=1.56689, energy=2.46018
[stepWithDirac] EM: max|B_z|=1.56689, energy=2.46018
[stepWithDirac] EM: max|B_z|=1.56689, energy=2.46018
[stepWithDirac] EM: max|B_z|=1.56689, energy=2.46018
[CPU fallback] R_field sum = 65527.5, avg = 0.999871
[stepWithDirac] EM: max|B_z|=1.56689, energy=2.46018
  Step 10000/20000 | R_avg = 0.999805 | norm = 0.996783
[stepWithDirac] EM: max|B_z|=1.56689, energy=2.46018
[stepWithDirac] EM: max|B_z|=1.56689, energy=2.46018
[stepWithDirac] EM: max|B_z|=1.56689, energy=2.46018
[stepWithDirac] EM: max|B_z|=1.56689, energy=2.46018
[stepWithDirac] EM: max|B_z|=1.56689, energy=2.46018
[stepWithDirac] EM: max|B_z|=1.56689, energy=2.46018
[stepWithDirac] EM: max|B_z|=1.56689, energy=2.46018
[stepWithDirac] EM: max|B_z|=1.56689, energy=2.46018
[stepWithDirac] EM: max|B_z|=1.56689, energy=2.46018
[CPU fallback] R_field sum = 65527.5, avg = 0.999871
[stepWithDirac] EM: max|B_z|=1.56689, energy=2.46018
  Step 11000/20000 | R_avg = 0.999805 | norm = 0.99645
[stepWithDirac] EM: max|B_z|=1.56689, energy=2.46018
[stepWithDirac] EM: max|B_z|=1.56689, energy=2.46018
[stepWithDirac] EM: max|B_z|=1.56689, energy=2.46018
[stepWithDirac] EM: max|B_z|=1.56689, energy=2.46018
[stepWithDirac] EM: max|B_z|=1.56689, energy=2.46018
[stepWithDirac] EM: max|B_z|=1.56689, energy=2.46018
[stepWithDirac] EM: max|B_z|=1.56689, energy=2.46018
[stepWithDirac] EM: max|B_z|=1.56689, energy=2.46018
[stepWithDirac] EM: max|B_z|=1.56689, energy=2.46018
[CPU fallback] R_field sum = 65527.5, avg = 0.999871
[stepWithDirac] EM: max|B_z|=1.56689, energy=2.46018
  Step 12000/20000 | R_avg = 0.999805 | norm = 0.996115
[stepWithDirac] EM: max|B_z|=1.56689, energy=2.46018
[stepWithDirac] EM: max|B_z|=1.56689, energy=2.46018
[stepWithDirac] EM: max|B_z|=1.56689, energy=2.46018
[stepWithDirac] EM: max|B_z|=1.56689, energy=2.46018
[stepWithDirac] EM: max|B_z|=1.56689, energy=2.46018
[stepWithDirac] EM: max|B_z|=1.56689, energy=2.46018
[stepWithDirac] EM: max|B_z|=1.56689, energy=2.46018
[stepWithDirac] EM: max|B_z|=1.56689, energy=2.46018
[stepWithDirac] EM: max|B_z|=1.56689, energy=2.46018
[CPU fallback] R_field sum = 65527.5, avg = 0.999871
[stepWithDirac] EM: max|B_z|=1.56689, energy=2.46018
  Step 13000/20000 | R_avg = 0.999805 | norm = 0.995777
[stepWithDirac] EM: max|B_z|=1.56689, energy=2.46018
[stepWithDirac] EM: max|B_z|=1.56689, energy=2.46018
[stepWithDirac] EM: max|B_z|=1.56689, energy=2.46018
[stepWithDirac] EM: max|B_z|=1.56689, energy=2.46018
[stepWithDirac] EM: max|B_z|=1.56689, energy=2.46018
[stepWithDirac] EM: max|B_z|=1.56689, energy=2.46018
[stepWithDirac] EM: max|B_z|=1.56689, energy=2.46018
[stepWithDirac] EM: max|B_z|=1.56689, energy=2.46018
[stepWithDirac] EM: max|B_z|=1.56689, energy=2.46018
[CPU fallback] R_field sum = 65527.5, avg = 0.999871
[stepWithDirac] EM: max|B_z|=1.56689, energy=2.46018
  Step 14000/20000 | R_avg = 0.999805 | norm = 0.995437
[stepWithDirac] EM: max|B_z|=1.56689, energy=2.46018
[stepWithDirac] EM: max|B_z|=1.56689, energy=2.46018
[stepWithDirac] EM: max|B_z|=1.56689, energy=2.46018
[stepWithDirac] EM: max|B_z|=1.56689, energy=2.46018
[stepWithDirac] EM: max|B_z|=1.56689, energy=2.46018
[stepWithDirac] EM: max|B_z|=1.56689, energy=2.46018
[stepWithDirac] EM: max|B_z|=1.56689, energy=2.46018
[stepWithDirac] EM: max|B_z|=1.56689, energy=2.46018
[stepWithDirac] EM: max|B_z|=1.56689, energy=2.46018
[CPU fallback] R_field sum = 65527.5, avg = 0.999871
[stepWithDirac] EM: max|B_z|=1.56689, energy=2.46018
  Step 15000/20000 | R_avg = 0.999805 | norm = 0.995095
[stepWithDirac] EM: max|B_z|=1.56689, energy=2.46018
[stepWithDirac] EM: max|B_z|=1.56689, energy=2.46018
[stepWithDirac] EM: max|B_z|=1.56689, energy=2.46018
[stepWithDirac] EM: max|B_z|=1.56689, energy=2.46018
[stepWithDirac] EM: max|B_z|=1.56689, energy=2.46018
[stepWithDirac] EM: max|B_z|=1.56689, energy=2.46018
[stepWithDirac] EM: max|B_z|=1.56689, energy=2.46018
[stepWithDirac] EM: max|B_z|=1.56689, energy=2.46018
[stepWithDirac] EM: max|B_z|=1.56689, energy=2.46018
[CPU fallback] R_field sum = 65527.6, avg = 0.999871
[stepWithDirac] EM: max|B_z|=1.56689, energy=2.46018
  Step 16000/20000 | R_avg = 0.999805 | norm = 0.99475
[stepWithDirac] EM: max|B_z|=1.56689, energy=2.46018
[stepWithDirac] EM: max|B_z|=1.56689, energy=2.46018
[stepWithDirac] EM: max|B_z|=1.56689, energy=2.46018
[stepWithDirac] EM: max|B_z|=1.56689, energy=2.46018
[stepWithDirac] EM: max|B_z|=1.56689, energy=2.46018
[stepWithDirac] EM: max|B_z|=1.56689, energy=2.46018
[stepWithDirac] EM: max|B_z|=1.56689, energy=2.46018
[stepWithDirac] EM: max|B_z|=1.56689, energy=2.46018
[stepWithDirac] EM: max|B_z|=1.56689, energy=2.46018
[CPU fallback] R_field sum = 65527.5, avg = 0.999871
[stepWithDirac] EM: max|B_z|=1.56689, energy=2.46018
  Step 17000/20000 | R_avg = 0.999805 | norm = 0.994406
[stepWithDirac] EM: max|B_z|=1.56689, energy=2.46018
[stepWithDirac] EM: max|B_z|=1.56689, energy=2.46018
[stepWithDirac] EM: max|B_z|=1.56689, energy=2.46018
[stepWithDirac] EM: max|B_z|=1.56689, energy=2.46018
[stepWithDirac] EM: max|B_z|=1.56689, energy=2.46018
[stepWithDirac] EM: max|B_z|=1.56689, energy=2.46018
[stepWithDirac] EM: max|B_z|=1.56689, energy=2.46018
[stepWithDirac] EM: max|B_z|=1.56689, energy=2.46018
[stepWithDirac] EM: max|B_z|=1.56689, energy=2.46018
[CPU fallback] R_field sum = 65527.5, avg = 0.999871
[stepWithDirac] EM: max|B_z|=1.56689, energy=2.46018
  Step 18000/20000 | R_avg = 0.999805 | norm = 0.99406
[stepWithDirac] EM: max|B_z|=1.56689, energy=2.46018
[stepWithDirac] EM: max|B_z|=1.56689, energy=2.46018
[stepWithDirac] EM: max|B_z|=1.56689, energy=2.46018
[stepWithDirac] EM: max|B_z|=1.56689, energy=2.46018
[stepWithDirac] EM: max|B_z|=1.56689, energy=2.46018
[stepWithDirac] EM: max|B_z|=1.56689, energy=2.46018
[stepWithDirac] EM: max|B_z|=1.56689, energy=2.46018
[stepWithDirac] EM: max|B_z|=1.56689, energy=2.46018
[stepWithDirac] EM: max|B_z|=1.56689, energy=2.46018
[CPU fallback] R_field sum = 65527.5, avg = 0.999871
[stepWithDirac] EM: max|B_z|=1.56689, energy=2.46018
  Step 19000/20000 | R_avg = 0.999805 | norm = 0.993715
[stepWithDirac] EM: max|B_z|=1.56689, energy=2.46018
[stepWithDirac] EM: max|B_z|=1.56689, energy=2.46018
[stepWithDirac] EM: max|B_z|=1.56689, energy=2.46018
[stepWithDirac] EM: max|B_z|=1.56689, energy=2.46018
[stepWithDirac] EM: max|B_z|=1.56689, energy=2.46018
[stepWithDirac] EM: max|B_z|=1.56689, energy=2.46018
[stepWithDirac] EM: max|B_z|=1.56689, energy=2.46018
[stepWithDirac] EM: max|B_z|=1.56689, energy=2.46018
[stepWithDirac] EM: max|B_z|=1.56689, energy=2.46018
  Norm validation: max_error = 0.0066287 ✓ PASS
  Energy validation: max_drift = 0.00452845 ✓ PASS
Failed to open /home/persist/neotec/0rigin/output/20260101_135223_stuckelberg_integration_test/N_1/observables.csv for writing
  Saved observables to /home/persist/neotec/0rigin/output/20260101_135223_stuckelberg_integration_test/N_1/observables.csv

===== Tests Complete =====

[3/3] Generating report...

✓ Report saved to /home/persist/neotec/0rigin/output/20260101_135223_stuckelberg_integration_test/test_report.txt

===== Test Summary =====
✓ ALL TESTS PASSED

Validation criteria met:
  ✓ Norm conservation ||Ψ||² - 1 < 10⁻⁴
  ✓ Energy conservation |ΔE/E₀| < 1%
  ✓ Convergence between N ratios < 5%
[SMFTEngine] Resources cleanup delegated to component managers
[DEBUG NovaCore destructor] Entry - using ResourceRegistry for cleanup
[DEBUG NovaCore destructor] Flushing legacy deletion queue
[DEBUG NovaCore destructor] Cleaning up 3 registered resources
[DEBUG NovaCore destructor] Blanking context
[DEBUG NovaCore destructor] Complete
