[Logging] Console output for 64x64 writing to: /home/persist/neotec/0rigin/output/20251230_221346_lorentz_force_pure_magnetic/console.log
  Dirac initialization (grid-independent):
    Position: (50, 50) ℓ_P
    Width: 3 ℓ_P
    Grid coordinates: (32, 32) grid units
    Grid width: 1.92 grid units
  Using Dirac solver (spinor field)
[DiracEvolution] Initialized 64x64 4-component spinor field (particle, β=1)
[DiracEvolution] Initialized Gaussian wavepacket at (32, 32) with σ=1.92
[SMFTEngine] Dirac field initialized: center=(32,32), sigma=1.92, norm=1
[DiracEvolution] Initialized 64x64 4-component spinor field (particle, β=1)
[DiracEvolution] Initialized Gaussian wavepacket at (32, 32) with σ=1.92
  Initial energy E0 = 0.237587
  Initial norm = 1

--- Initializing Test Particle for Lorentz Force ---
  Particle initialized at (55, 50) ℓ_P
  Initial velocity: (0, 0.01) c
  Charge: -1, Mass: 0.1 (natural units)
  Verified state: pos=(55,50), vel=(0,0.01)
[stepWithDirac] Strang splitting enabled:
  substep_ratio=1
  substep_dt=0.0005
  half_substeps=0
  remaining_substeps=1
[GPU EM Compute] 1 calls | Last: 215 μs | Avg: 215 μs | Grid: 64×64
  [Kuramoto Energy] grad_R: 0.0269097, potential: -4094.11, total: -4094.08 (κ=1)
  Actual initial energy E0 = -4091.36 (from first observation including EM)
  Using uniform B field: B_z = 0.1 everywhere
  Step 0/20000 | R_avg = 0.999764 | norm = 1
[GPU EM Compute] 50 calls | Last: 108 μs | Avg: 111 μs | Grid: 64×64
[GPU EM Compute] 100 calls | Last: 109 μs | Avg: 110 μs | Grid: 64×64
  Particle at step 100: pos=(55,50), vel=(-8.99999e-06,0.01)
[GPU EM Compute] 150 calls | Last: 110 μs | Avg: 109 μs | Grid: 64×64
[GPU EM Compute] 200 calls | Last: 115 μs | Avg: 109 μs | Grid: 64×64
  Particle at step 200: pos=(55,50), vel=(-1.8e-05,0.00999999)
[GPU EM Compute] 250 calls | Last: 108 μs | Avg: 109 μs | Grid: 64×64
[GPU EM Compute] 300 calls | Last: 104 μs | Avg: 109 μs | Grid: 64×64
  Particle at step 300: pos=(55,50), vel=(-2.69999e-05,0.00999998)
[GPU EM Compute] 350 calls | Last: 108 μs | Avg: 109 μs | Grid: 64×64
[GPU EM Compute] 400 calls | Last: 108 μs | Avg: 109 μs | Grid: 64×64
  Particle at step 400: pos=(55,50), vel=(-3.59999e-05,0.00999997)
[GPU EM Compute] 450 calls | Last: 105 μs | Avg: 108 μs | Grid: 64×64
[GPU EM Compute] 500 calls | Last: 108 μs | Avg: 108 μs | Grid: 64×64
  Particle at step 500: pos=(55,50), vel=(-4.49998e-05,0.00999995)
[GPU EM Compute] 550 calls | Last: 108 μs | Avg: 108 μs | Grid: 64×64
[GPU EM Compute] 600 calls | Last: 108 μs | Avg: 108 μs | Grid: 64×64
  Particle at step 600: pos=(55,50), vel=(-5.39997e-05,0.00999993)
[GPU EM Compute] 650 calls | Last: 108 μs | Avg: 108 μs | Grid: 64×64
[GPU EM Compute] 700 calls | Last: 108 μs | Avg: 108 μs | Grid: 64×64
  Particle at step 700: pos=(55,50), vel=(-6.29996e-05,0.0099999)
[GPU EM Compute] 750 calls | Last: 108 μs | Avg: 108 μs | Grid: 64×64
[GPU EM Compute] 800 calls | Last: 108 μs | Avg: 108 μs | Grid: 64×64
  Particle at step 800: pos=(55,50), vel=(-7.19994e-05,0.00999987)
[GPU EM Compute] 850 calls | Last: 109 μs | Avg: 108 μs | Grid: 64×64
[GPU EM Compute] 900 calls | Last: 108 μs | Avg: 108 μs | Grid: 64×64
  Particle at step 900: pos=(55,50), vel=(-8.09993e-05,0.00999983)
[GPU EM Compute] 950 calls | Last: 107 μs | Avg: 108 μs | Grid: 64×64
[GPU EM Compute] 1000 calls | Last: 107 μs | Avg: 108 μs | Grid: 64×64
  Particle at step 1000: pos=(55,50), vel=(-8.9999e-05,0.00999979)
  Step 1000/20000 | R_avg = 0.99994 | norm = 0.999829
[GPU EM Compute] 1050 calls | Last: 108 μs | Avg: 108 μs | Grid: 64×64
[GPU EM Compute] 1100 calls | Last: 108 μs | Avg: 108 μs | Grid: 64×64
  Particle at step 1100: pos=(55,50.0001), vel=(-9.89988e-05,0.00999974)
[GPU EM Compute] 1150 calls | Last: 106 μs | Avg: 108 μs | Grid: 64×64
[GPU EM Compute] 1200 calls | Last: 108 μs | Avg: 108 μs | Grid: 64×64
  Particle at step 1200: pos=(55,50.0001), vel=(-0.000107999,0.00999969)
[GPU EM Compute] 1250 calls | Last: 109 μs | Avg: 108 μs | Grid: 64×64
[GPU EM Compute] 1300 calls | Last: 109 μs | Avg: 108 μs | Grid: 64×64
  Particle at step 1300: pos=(55,50.0001), vel=(-0.000116998,0.00999963)
[GPU EM Compute] 1350 calls | Last: 109 μs | Avg: 108 μs | Grid: 64×64
[GPU EM Compute] 1400 calls | Last: 55 μs | Avg: 108 μs | Grid: 64×64
  Particle at step 1400: pos=(55,50.0001), vel=(-0.000125998,0.00999957)
[GPU EM Compute] 1450 calls | Last: 108 μs | Avg: 108 μs | Grid: 64×64
[GPU EM Compute] 1500 calls | Last: 109 μs | Avg: 108 μs | Grid: 64×64
  Particle at step 1500: pos=(55,50.0001), vel=(-0.000134997,0.00999951)
[GPU EM Compute] 1550 calls | Last: 109 μs | Avg: 108 μs | Grid: 64×64
[GPU EM Compute] 1600 calls | Last: 109 μs | Avg: 108 μs | Grid: 64×64
  Particle at step 1600: pos=(55,50.0001), vel=(-0.000143997,0.00999944)
[GPU EM Compute] 1650 calls | Last: 119 μs | Avg: 108 μs | Grid: 64×64
[GPU EM Compute] 1700 calls | Last: 109 μs | Avg: 108 μs | Grid: 64×64
  Particle at step 1700: pos=(55,50.0001), vel=(-0.000152996,0.00999937)
[GPU EM Compute] 1750 calls | Last: 108 μs | Avg: 108 μs | Grid: 64×64
[GPU EM Compute] 1800 calls | Last: 109 μs | Avg: 108 μs | Grid: 64×64
  Particle at step 1800: pos=(55,50.0001), vel=(-0.000161996,0.00999929)
[GPU EM Compute] 1850 calls | Last: 109 μs | Avg: 108 μs | Grid: 64×64
[GPU EM Compute] 1900 calls | Last: 108 μs | Avg: 108 μs | Grid: 64×64
  Particle at step 1900: pos=(55,50.0001), vel=(-0.000170995,0.00999921)
[GPU EM Compute] 1950 calls | Last: 108 μs | Avg: 108 μs | Grid: 64×64
[GPU EM Compute] 2000 calls | Last: 156 μs | Avg: 108 μs | Grid: 64×64
  Particle at step 2000: pos=(55,50.0001), vel=(-0.000179995,0.00999912)
  Step 2000/20000 | R_avg = 0.999823 | norm = 0.999639
[GPU EM Compute] 2050 calls | Last: 109 μs | Avg: 108 μs | Grid: 64×64
[GPU EM Compute] 2100 calls | Last: 109 μs | Avg: 108 μs | Grid: 64×64
  Particle at step 2100: pos=(55,50.0001), vel=(-0.000188994,0.00999903)
[GPU EM Compute] 2150 calls | Last: 112 μs | Avg: 108 μs | Grid: 64×64
[GPU EM Compute] 2200 calls | Last: 108 μs | Avg: 108 μs | Grid: 64×64
  Particle at step 2200: pos=(55,50.0001), vel=(-0.000197993,0.00999894)
[GPU EM Compute] 2250 calls | Last: 109 μs | Avg: 108 μs | Grid: 64×64
[GPU EM Compute] 2300 calls | Last: 108 μs | Avg: 108 μs | Grid: 64×64
  Particle at step 2300: pos=(55,50.0001), vel=(-0.000206992,0.00999884)
[GPU EM Compute] 2350 calls | Last: 120 μs | Avg: 108 μs | Grid: 64×64
[GPU EM Compute] 2400 calls | Last: 108 μs | Avg: 108 μs | Grid: 64×64
  Particle at step 2400: pos=(55,50.0001), vel=(-0.000215991,0.00999873)
[GPU EM Compute] 2450 calls | Last: 108 μs | Avg: 108 μs | Grid: 64×64
[GPU EM Compute] 2500 calls | Last: 109 μs | Avg: 108 μs | Grid: 64×64
  Particle at step 2500: pos=(55,50.0001), vel=(-0.000224991,0.00999862)
[GPU EM Compute] 2550 calls | Last: 108 μs | Avg: 108 μs | Grid: 64×64
[GPU EM Compute] 2600 calls | Last: 110 μs | Avg: 108 μs | Grid: 64×64
  Particle at step 2600: pos=(55,50.0001), vel=(-0.00023399,0.00999851)
[GPU EM Compute] 2650 calls | Last: 110 μs | Avg: 108 μs | Grid: 64×64
[GPU EM Compute] 2700 calls | Last: 108 μs | Avg: 108 μs | Grid: 64×64
  Particle at step 2700: pos=(55,50.0001), vel=(-0.000242988,0.00999839)
[GPU EM Compute] 2750 calls | Last: 109 μs | Avg: 108 μs | Grid: 64×64
[GPU EM Compute] 2800 calls | Last: 108 μs | Avg: 108 μs | Grid: 64×64
  Particle at step 2800: pos=(55,50.0001), vel=(-0.000251987,0.00999827)
[GPU EM Compute] 2850 calls | Last: 110 μs | Avg: 108 μs | Grid: 64×64
[GPU EM Compute] 2900 calls | Last: 107 μs | Avg: 108 μs | Grid: 64×64
  Particle at step 2900: pos=(55,50.0001), vel=(-0.000260986,0.00999814)
[GPU EM Compute] 2950 calls | Last: 109 μs | Avg: 108 μs | Grid: 64×64
[GPU EM Compute] 3000 calls | Last: 108 μs | Avg: 108 μs | Grid: 64×64
  Particle at step 3000: pos=(55,50.0001), vel=(-0.000269985,0.00999801)
  Step 3000/20000 | R_avg = 0.999859 | norm = 0.999434
[GPU EM Compute] 3050 calls | Last: 108 μs | Avg: 108 μs | Grid: 64×64
[GPU EM Compute] 3100 calls | Last: 108 μs | Avg: 108 μs | Grid: 64×64
  Particle at step 3100: pos=(55,50.0002), vel=(-0.000278983,0.00999787)
[GPU EM Compute] 3150 calls | Last: 107 μs | Avg: 108 μs | Grid: 64×64
[GPU EM Compute] 3200 calls | Last: 108 μs | Avg: 108 μs | Grid: 64×64
  Particle at step 3200: pos=(55,50.0002), vel=(-0.000287982,0.00999773)
[GPU EM Compute] 3250 calls | Last: 108 μs | Avg: 108 μs | Grid: 64×64
[GPU EM Compute] 3300 calls | Last: 104 μs | Avg: 108 μs | Grid: 64×64
  Particle at step 3300: pos=(55,50.0002), vel=(-0.00029698,0.00999759)
[GPU EM Compute] 3350 calls | Last: 108 μs | Avg: 108 μs | Grid: 64×64
[GPU EM Compute] 3400 calls | Last: 108 μs | Avg: 108 μs | Grid: 64×64
  Particle at step 3400: pos=(55,50.0002), vel=(-0.000305979,0.00999744)
[GPU EM Compute] 3450 calls | Last: 108 μs | Avg: 108 μs | Grid: 64×64
[GPU EM Compute] 3500 calls | Last: 108 μs | Avg: 108 μs | Grid: 64×64
  Particle at step 3500: pos=(55,50.0002), vel=(-0.000314977,0.00999728)
[GPU EM Compute] 3550 calls | Last: 109 μs | Avg: 108 μs | Grid: 64×64
[GPU EM Compute] 3600 calls | Last: 108 μs | Avg: 108 μs | Grid: 64×64
  Particle at step 3600: pos=(55,50.0002), vel=(-0.000323975,0.00999712)
[GPU EM Compute] 3650 calls | Last: 108 μs | Avg: 108 μs | Grid: 64×64
[GPU EM Compute] 3700 calls | Last: 110 μs | Avg: 108 μs | Grid: 64×64
  Particle at step 3700: pos=(55,50.0002), vel=(-0.000332973,0.00999696)
[GPU EM Compute] 3750 calls | Last: 109 μs | Avg: 108 μs | Grid: 64×64
[GPU EM Compute] 3800 calls | Last: 111 μs | Avg: 108 μs | Grid: 64×64
  Particle at step 3800: pos=(55,50.0002), vel=(-0.000341971,0.00999679)
[GPU EM Compute] 3850 calls | Last: 108 μs | Avg: 108 μs | Grid: 64×64
[GPU EM Compute] 3900 calls | Last: 131 μs | Avg: 108 μs | Grid: 64×64
  Particle at step 3900: pos=(55,50.0002), vel=(-0.000350969,0.00999662)
[GPU EM Compute] 3950 calls | Last: 109 μs | Avg: 108 μs | Grid: 64×64
[GPU EM Compute] 4000 calls | Last: 109 μs | Avg: 108 μs | Grid: 64×64
  Particle at step 4000: pos=(55,50.0002), vel=(-0.000359967,0.00999645)
  Step 4000/20000 | R_avg = 0.999766 | norm = 0.999206
[GPU EM Compute] 4050 calls | Last: 108 μs | Avg: 108 μs | Grid: 64×64
[GPU EM Compute] 4100 calls | Last: 108 μs | Avg: 108 μs | Grid: 64×64
  Particle at step 4100: pos=(55,50.0002), vel=(-0.000368965,0.00999626)
[GPU EM Compute] 4150 calls | Last: 109 μs | Avg: 108 μs | Grid: 64×64
[GPU EM Compute] 4200 calls | Last: 110 μs | Avg: 108 μs | Grid: 64×64
  Particle at step 4200: pos=(55,50.0002), vel=(-0.000377962,0.00999608)
[GPU EM Compute] 4250 calls | Last: 108 μs | Avg: 108 μs | Grid: 64×64
[GPU EM Compute] 4300 calls | Last: 108 μs | Avg: 108 μs | Grid: 64×64
  Particle at step 4300: pos=(55,50.0002), vel=(-0.00038696,0.00999589)
[GPU EM Compute] 4350 calls | Last: 109 μs | Avg: 108 μs | Grid: 64×64
[GPU EM Compute] 4400 calls | Last: 109 μs | Avg: 108 μs | Grid: 64×64
  Particle at step 4400: pos=(55,50.0002), vel=(-0.000395957,0.00999569)
[GPU EM Compute] 4450 calls | Last: 109 μs | Avg: 108 μs | Grid: 64×64
[GPU EM Compute] 4500 calls | Last: 114 μs | Avg: 108 μs | Grid: 64×64
  Particle at step 4500: pos=(55,50.0002), vel=(-0.000404954,0.00999549)
[GPU EM Compute] 4550 calls | Last: 109 μs | Avg: 108 μs | Grid: 64×64
[GPU EM Compute] 4600 calls | Last: 108 μs | Avg: 108 μs | Grid: 64×64
  Particle at step 4600: pos=(55,50.0002), vel=(-0.000413951,0.00999529)
[GPU EM Compute] 4650 calls | Last: 109 μs | Avg: 108 μs | Grid: 64×64
[GPU EM Compute] 4700 calls | Last: 109 μs | Avg: 108 μs | Grid: 64×64
  Particle at step 4700: pos=(55,50.0002), vel=(-0.000422948,0.00999508)
[GPU EM Compute] 4750 calls | Last: 108 μs | Avg: 108 μs | Grid: 64×64
[GPU EM Compute] 4800 calls | Last: 109 μs | Avg: 108 μs | Grid: 64×64
  Particle at step 4800: pos=(55,50.0002), vel=(-0.000431945,0.00999487)
[GPU EM Compute] 4850 calls | Last: 109 μs | Avg: 108 μs | Grid: 64×64
[GPU EM Compute] 4900 calls | Last: 115 μs | Avg: 108 μs | Grid: 64×64
  Particle at step 4900: pos=(55,50.0002), vel=(-0.000440942,0.00999465)
[GPU EM Compute] 4950 calls | Last: 106 μs | Avg: 108 μs | Grid: 64×64
[GPU EM Compute] 5000 calls | Last: 109 μs | Avg: 108 μs | Grid: 64×64
  Particle at step 5000: pos=(55,50.0002), vel=(-0.000449939,0.00999443)
  Step 5000/20000 | R_avg = 0.999853 | norm = 0.998971
[GPU EM Compute] 5050 calls | Last: 109 μs | Avg: 108 μs | Grid: 64×64
[GPU EM Compute] 5100 calls | Last: 109 μs | Avg: 108 μs | Grid: 64×64
  Particle at step 5100: pos=(55,50.0003), vel=(-0.000458935,0.00999421)
[GPU EM Compute] 5150 calls | Last: 108 μs | Avg: 108 μs | Grid: 64×64
[GPU EM Compute] 5200 calls | Last: 108 μs | Avg: 108 μs | Grid: 64×64
  Particle at step 5200: pos=(55,50.0003), vel=(-0.000467932,0.00999397)
[GPU EM Compute] 5250 calls | Last: 108 μs | Avg: 108 μs | Grid: 64×64
[GPU EM Compute] 5300 calls | Last: 47 μs | Avg: 108 μs | Grid: 64×64
  Particle at step 5300: pos=(55,50.0003), vel=(-0.000476928,0.00999374)
[GPU EM Compute] 5350 calls | Last: 108 μs | Avg: 108 μs | Grid: 64×64
[GPU EM Compute] 5400 calls | Last: 109 μs | Avg: 108 μs | Grid: 64×64
  Particle at step 5400: pos=(55,50.0003), vel=(-0.000485924,0.0099935)
[GPU EM Compute] 5450 calls | Last: 128 μs | Avg: 108 μs | Grid: 64×64
[GPU EM Compute] 5500 calls | Last: 110 μs | Avg: 108 μs | Grid: 64×64
  Particle at step 5500: pos=(55,50.0003), vel=(-0.00049492,0.00999326)
[GPU EM Compute] 5550 calls | Last: 110 μs | Avg: 108 μs | Grid: 64×64
[GPU EM Compute] 5600 calls | Last: 110 μs | Avg: 108 μs | Grid: 64×64
  Particle at step 5600: pos=(55,50.0003), vel=(-0.000503916,0.00999301)
[GPU EM Compute] 5650 calls | Last: 113 μs | Avg: 108 μs | Grid: 64×64
[GPU EM Compute] 5700 calls | Last: 109 μs | Avg: 108 μs | Grid: 64×64
  Particle at step 5700: pos=(55,50.0003), vel=(-0.000512912,0.00999275)
[GPU EM Compute] 5750 calls | Last: 109 μs | Avg: 108 μs | Grid: 64×64
[GPU EM Compute] 5800 calls | Last: 106 μs | Avg: 108 μs | Grid: 64×64
  Particle at step 5800: pos=(55,50.0003), vel=(-0.000521908,0.0099925)
[GPU EM Compute] 5850 calls | Last: 109 μs | Avg: 108 μs | Grid: 64×64
[GPU EM Compute] 5900 calls | Last: 108 μs | Avg: 108 μs | Grid: 64×64
  Particle at step 5900: pos=(55,50.0003), vel=(-0.000530903,0.00999223)
[GPU EM Compute] 5950 calls | Last: 112 μs | Avg: 108 μs | Grid: 64×64
[GPU EM Compute] 6000 calls | Last: 111 μs | Avg: 108 μs | Grid: 64×64
  Particle at step 6000: pos=(55,50.0003), vel=(-0.000539899,0.00999197)
  Step 6000/20000 | R_avg = 0.999854 | norm = 0.998734
[GPU EM Compute] 6050 calls | Last: 112 μs | Avg: 108 μs | Grid: 64×64
[GPU EM Compute] 6100 calls | Last: 109 μs | Avg: 108 μs | Grid: 64×64
  Particle at step 6100: pos=(55,50.0003), vel=(-0.000548894,0.0099917)
[GPU EM Compute] 6150 calls | Last: 111 μs | Avg: 108 μs | Grid: 64×64
[GPU EM Compute] 6200 calls | Last: 41 μs | Avg: 108 μs | Grid: 64×64
  Particle at step 6200: pos=(55,50.0003), vel=(-0.000557889,0.00999142)
[GPU EM Compute] 6250 calls | Last: 109 μs | Avg: 108 μs | Grid: 64×64
[GPU EM Compute] 6300 calls | Last: 119 μs | Avg: 108 μs | Grid: 64×64
  Particle at step 6300: pos=(55,50.0003), vel=(-0.000566884,0.00999114)
[GPU EM Compute] 6350 calls | Last: 109 μs | Avg: 108 μs | Grid: 64×64
[GPU EM Compute] 6400 calls | Last: 110 μs | Avg: 108 μs | Grid: 64×64
  Particle at step 6400: pos=(55,50.0003), vel=(-0.000575878,0.00999086)
[GPU EM Compute] 6450 calls | Last: 113 μs | Avg: 108 μs | Grid: 64×64
[GPU EM Compute] 6500 calls | Last: 111 μs | Avg: 108 μs | Grid: 64×64
  Particle at step 6500: pos=(55,50.0003), vel=(-0.000584873,0.00999057)
[GPU EM Compute] 6550 calls | Last: 111 μs | Avg: 108 μs | Grid: 64×64
[GPU EM Compute] 6600 calls | Last: 44 μs | Avg: 108 μs | Grid: 64×64
  Particle at step 6600: pos=(55,50.0003), vel=(-0.000593867,0.00999027)
[GPU EM Compute] 6650 calls | Last: 109 μs | Avg: 108 μs | Grid: 64×64
[GPU EM Compute] 6700 calls | Last: 107 μs | Avg: 108 μs | Grid: 64×64
  Particle at step 6700: pos=(55,50.0003), vel=(-0.000602862,0.00998998)
[GPU EM Compute] 6750 calls | Last: 109 μs | Avg: 108 μs | Grid: 64×64
[GPU EM Compute] 6800 calls | Last: 110 μs | Avg: 108 μs | Grid: 64×64
  Particle at step 6800: pos=(55,50.0003), vel=(-0.000611856,0.00998967)
[GPU EM Compute] 6850 calls | Last: 109 μs | Avg: 108 μs | Grid: 64×64
[GPU EM Compute] 6900 calls | Last: 108 μs | Avg: 108 μs | Grid: 64×64
  Particle at step 6900: pos=(55,50.0003), vel=(-0.00062085,0.00998937)
[GPU EM Compute] 6950 calls | Last: 109 μs | Avg: 108 μs | Grid: 64×64
[GPU EM Compute] 7000 calls | Last: 109 μs | Avg: 108 μs | Grid: 64×64
  Particle at step 7000: pos=(55,50.0003), vel=(-0.000629844,0.00998906)
  Step 7000/20000 | R_avg = 0.999815 | norm = 0.998499
[GPU EM Compute] 7050 calls | Last: 110 μs | Avg: 108 μs | Grid: 64×64
[GPU EM Compute] 7100 calls | Last: 109 μs | Avg: 108 μs | Grid: 64×64
  Particle at step 7100: pos=(55,50.0004), vel=(-0.000638837,0.00998874)
[GPU EM Compute] 7150 calls | Last: 107 μs | Avg: 108 μs | Grid: 64×64
[GPU EM Compute] 7200 calls | Last: 109 μs | Avg: 108 μs | Grid: 64×64
  Particle at step 7200: pos=(55,50.0004), vel=(-0.000647831,0.00998842)
[GPU EM Compute] 7250 calls | Last: 109 μs | Avg: 108 μs | Grid: 64×64
[GPU EM Compute] 7300 calls | Last: 112 μs | Avg: 108 μs | Grid: 64×64
  Particle at step 7300: pos=(55,50.0004), vel=(-0.000656824,0.00998809)
[GPU EM Compute] 7350 calls | Last: 109 μs | Avg: 108 μs | Grid: 64×64
[GPU EM Compute] 7400 calls | Last: 109 μs | Avg: 108 μs | Grid: 64×64
  Particle at step 7400: pos=(55,50.0004), vel=(-0.000665817,0.00998776)
[GPU EM Compute] 7450 calls | Last: 112 μs | Avg: 108 μs | Grid: 64×64
[GPU EM Compute] 7500 calls | Last: 108 μs | Avg: 108 μs | Grid: 64×64
  Particle at step 7500: pos=(55,50.0004), vel=(-0.00067481,0.00998743)
[GPU EM Compute] 7550 calls | Last: 112 μs | Avg: 108 μs | Grid: 64×64
[GPU EM Compute] 7600 calls | Last: 108 μs | Avg: 108 μs | Grid: 64×64
  Particle at step 7600: pos=(55,50.0004), vel=(-0.000683803,0.00998709)
[GPU EM Compute] 7650 calls | Last: 104 μs | Avg: 108 μs | Grid: 64×64
[GPU EM Compute] 7700 calls | Last: 108 μs | Avg: 108 μs | Grid: 64×64
  Particle at step 7700: pos=(55,50.0004), vel=(-0.000692795,0.00998675)
[GPU EM Compute] 7750 calls | Last: 108 μs | Avg: 108 μs | Grid: 64×64
[GPU EM Compute] 7800 calls | Last: 108 μs | Avg: 108 μs | Grid: 64×64
  Particle at step 7800: pos=(55,50.0004), vel=(-0.000701788,0.0099864)
[GPU EM Compute] 7850 calls | Last: 108 μs | Avg: 108 μs | Grid: 64×64
[GPU EM Compute] 7900 calls | Last: 113 μs | Avg: 108 μs | Grid: 64×64
  Particle at step 7900: pos=(55,50.0004), vel=(-0.00071078,0.00998605)
[GPU EM Compute] 7950 calls | Last: 108 μs | Avg: 108 μs | Grid: 64×64
[GPU EM Compute] 8000 calls | Last: 111 μs | Avg: 108 μs | Grid: 64×64
  Particle at step 8000: pos=(55,50.0004), vel=(-0.000719772,0.00998569)
  Step 8000/20000 | R_avg = 0.999878 | norm = 0.998266
[GPU EM Compute] 8050 calls | Last: 109 μs | Avg: 108 μs | Grid: 64×64
[GPU EM Compute] 8100 calls | Last: 111 μs | Avg: 108 μs | Grid: 64×64
  Particle at step 8100: pos=(55,50.0004), vel=(-0.000728764,0.00998533)
[GPU EM Compute] 8150 calls | Last: 116 μs | Avg: 108 μs | Grid: 64×64
[GPU EM Compute] 8200 calls | Last: 109 μs | Avg: 108 μs | Grid: 64×64
  Particle at step 8200: pos=(55,50.0004), vel=(-0.000737755,0.00998497)
[GPU EM Compute] 8250 calls | Last: 114 μs | Avg: 108 μs | Grid: 64×64
[GPU EM Compute] 8300 calls | Last: 109 μs | Avg: 108 μs | Grid: 64×64
  Particle at step 8300: pos=(55,50.0004), vel=(-0.000746747,0.0099846)
[GPU EM Compute] 8350 calls | Last: 117 μs | Avg: 108 μs | Grid: 64×64
[GPU EM Compute] 8400 calls | Last: 109 μs | Avg: 108 μs | Grid: 64×64
  Particle at step 8400: pos=(55,50.0004), vel=(-0.000755738,0.00998422)
[GPU EM Compute] 8450 calls | Last: 109 μs | Avg: 108 μs | Grid: 64×64
[GPU EM Compute] 8500 calls | Last: 110 μs | Avg: 108 μs | Grid: 64×64
  Particle at step 8500: pos=(55,50.0004), vel=(-0.000764729,0.00998384)
[GPU EM Compute] 8550 calls | Last: 110 μs | Avg: 108 μs | Grid: 64×64
[GPU EM Compute] 8600 calls | Last: 109 μs | Avg: 108 μs | Grid: 64×64
  Particle at step 8600: pos=(55,50.0004), vel=(-0.00077372,0.00998346)
[GPU EM Compute] 8650 calls | Last: 111 μs | Avg: 108 μs | Grid: 64×64
[GPU EM Compute] 8700 calls | Last: 108 μs | Avg: 108 μs | Grid: 64×64
  Particle at step 8700: pos=(55,50.0004), vel=(-0.000782711,0.00998307)
[GPU EM Compute] 8750 calls | Last: 110 μs | Avg: 108 μs | Grid: 64×64
[GPU EM Compute] 8800 calls | Last: 108 μs | Avg: 108 μs | Grid: 64×64
  Particle at step 8800: pos=(55,50.0004), vel=(-0.000791701,0.00998268)
[GPU EM Compute] 8850 calls | Last: 118 μs | Avg: 108 μs | Grid: 64×64
[GPU EM Compute] 8900 calls | Last: 109 μs | Avg: 108 μs | Grid: 64×64
  Particle at step 8900: pos=(55,50.0004), vel=(-0.000800691,0.00998228)
[GPU EM Compute] 8950 calls | Last: 112 μs | Avg: 108 μs | Grid: 64×64
[GPU EM Compute] 9000 calls | Last: 128 μs | Avg: 108 μs | Grid: 64×64
  Particle at step 9000: pos=(55,50.0004), vel=(-0.000809681,0.00998188)
  Step 9000/20000 | R_avg = 0.999821 | norm = 0.998029
[GPU EM Compute] 9050 calls | Last: 108 μs | Avg: 108 μs | Grid: 64×64
[GPU EM Compute] 9100 calls | Last: 108 μs | Avg: 108 μs | Grid: 64×64
  Particle at step 9100: pos=(55,50.0005), vel=(-0.000818671,0.00998147)
[GPU EM Compute] 9150 calls | Last: 110 μs | Avg: 108 μs | Grid: 64×64
[GPU EM Compute] 9200 calls | Last: 108 μs | Avg: 108 μs | Grid: 64×64
  Particle at step 9200: pos=(55,50.0005), vel=(-0.000827661,0.00998106)
[GPU EM Compute] 9250 calls | Last: 110 μs | Avg: 108 μs | Grid: 64×64
[GPU EM Compute] 9300 calls | Last: 109 μs | Avg: 108 μs | Grid: 64×64
  Particle at step 9300: pos=(55,50.0005), vel=(-0.00083665,0.00998065)
[GPU EM Compute] 9350 calls | Last: 109 μs | Avg: 108 μs | Grid: 64×64
[GPU EM Compute] 9400 calls | Last: 114 μs | Avg: 108 μs | Grid: 64×64
  Particle at step 9400: pos=(55,50.0005), vel=(-0.000845639,0.00998023)
[GPU EM Compute] 9450 calls | Last: 109 μs | Avg: 108 μs | Grid: 64×64
[GPU EM Compute] 9500 calls | Last: 109 μs | Avg: 108 μs | Grid: 64×64
  Particle at step 9500: pos=(55,50.0005), vel=(-0.000854628,0.00997981)
[GPU EM Compute] 9550 calls | Last: 109 μs | Avg: 108 μs | Grid: 64×64
[GPU EM Compute] 9600 calls | Last: 108 μs | Avg: 108 μs | Grid: 64×64
  Particle at step 9600: pos=(55,50.0005), vel=(-0.000863617,0.00997938)
[GPU EM Compute] 9650 calls | Last: 108 μs | Avg: 108 μs | Grid: 64×64
[GPU EM Compute] 9700 calls | Last: 109 μs | Avg: 108 μs | Grid: 64×64
  Particle at step 9700: pos=(55,50.0005), vel=(-0.000872605,0.00997894)
[GPU EM Compute] 9750 calls | Last: 109 μs | Avg: 108 μs | Grid: 64×64
[GPU EM Compute] 9800 calls | Last: 109 μs | Avg: 108 μs | Grid: 64×64
  Particle at step 9800: pos=(55,50.0005), vel=(-0.000881593,0.00997851)
[GPU EM Compute] 9850 calls | Last: 110 μs | Avg: 108 μs | Grid: 64×64
[GPU EM Compute] 9900 calls | Last: 131 μs | Avg: 108 μs | Grid: 64×64
  Particle at step 9900: pos=(55,50.0005), vel=(-0.000890581,0.00997806)
[GPU EM Compute] 9950 calls | Last: 109 μs | Avg: 108 μs | Grid: 64×64
[GPU EM Compute] 10000 calls | Last: 106 μs | Avg: 108 μs | Grid: 64×64
  [Kuramoto Energy] grad_R: 0.0192397, potential: -4094.8, total: -4094.78 (κ=1)
  Particle at step 10000: pos=(55,50.0005), vel=(-0.000899569,0.00997762)
  Step 10000/20000 | R_avg = 0.999851 | norm = 0.99779
[GPU EM Compute] 10050 calls | Last: 121 μs | Avg: 108 μs | Grid: 64×64
[GPU EM Compute] 10100 calls | Last: 107 μs | Avg: 108 μs | Grid: 64×64
  Particle at step 10100: pos=(55,50.0005), vel=(-0.000908557,0.00997717)
[GPU EM Compute] 10150 calls | Last: 109 μs | Avg: 108 μs | Grid: 64×64
[GPU EM Compute] 10200 calls | Last: 108 μs | Avg: 108 μs | Grid: 64×64
  Particle at step 10200: pos=(55,50.0005), vel=(-0.000917544,0.00997671)
[GPU EM Compute] 10250 calls | Last: 108 μs | Avg: 108 μs | Grid: 64×64
[GPU EM Compute] 10300 calls | Last: 109 μs | Avg: 108 μs | Grid: 64×64
  Particle at step 10300: pos=(55,50.0005), vel=(-0.000926531,0.00997625)
[GPU EM Compute] 10350 calls | Last: 111 μs | Avg: 108 μs | Grid: 64×64
[GPU EM Compute] 10400 calls | Last: 109 μs | Avg: 108 μs | Grid: 64×64
  Particle at step 10400: pos=(55,50.0005), vel=(-0.000935518,0.00997579)
[GPU EM Compute] 10450 calls | Last: 110 μs | Avg: 108 μs | Grid: 64×64
[GPU EM Compute] 10500 calls | Last: 108 μs | Avg: 108 μs | Grid: 64×64
  Particle at step 10500: pos=(55,50.0005), vel=(-0.000944504,0.00997532)
[GPU EM Compute] 10550 calls | Last: 112 μs | Avg: 108 μs | Grid: 64×64
[GPU EM Compute] 10600 calls | Last: 108 μs | Avg: 108 μs | Grid: 64×64
  Particle at step 10600: pos=(55,50.0005), vel=(-0.000953491,0.00997485)
[GPU EM Compute] 10650 calls | Last: 108 μs | Avg: 108 μs | Grid: 64×64
[GPU EM Compute] 10700 calls | Last: 109 μs | Avg: 108 μs | Grid: 64×64
  Particle at step 10700: pos=(55,50.0005), vel=(-0.000962477,0.00997437)
[GPU EM Compute] 10750 calls | Last: 105 μs | Avg: 108 μs | Grid: 64×64
[GPU EM Compute] 10800 calls | Last: 109 μs | Avg: 108 μs | Grid: 64×64
  Particle at step 10800: pos=(55,50.0005), vel=(-0.000971463,0.00997388)
[GPU EM Compute] 10850 calls | Last: 114 μs | Avg: 108 μs | Grid: 64×64
[GPU EM Compute] 10900 calls | Last: 109 μs | Avg: 108 μs | Grid: 64×64
  Particle at step 10900: pos=(55,50.0005), vel=(-0.000980448,0.0099734)
[GPU EM Compute] 10950 calls | Last: 108 μs | Avg: 108 μs | Grid: 64×64
[GPU EM Compute] 11000 calls | Last: 108 μs | Avg: 108 μs | Grid: 64×64
  Particle at step 11000: pos=(55,50.0005), vel=(-0.000989434,0.00997291)
  Step 11000/20000 | R_avg = 0.999888 | norm = 0.997547
[GPU EM Compute] 11050 calls | Last: 108 μs | Avg: 108 μs | Grid: 64×64
[GPU EM Compute] 11100 calls | Last: 48 μs | Avg: 108 μs | Grid: 64×64
  Particle at step 11100: pos=(55,50.0006), vel=(-0.000998419,0.00997241)
[GPU EM Compute] 11150 calls | Last: 109 μs | Avg: 108 μs | Grid: 64×64
[GPU EM Compute] 11200 calls | Last: 110 μs | Avg: 108 μs | Grid: 64×64
  Particle at step 11200: pos=(55,50.0006), vel=(-0.0010074,0.00997191)
[GPU EM Compute] 11250 calls | Last: 108 μs | Avg: 108 μs | Grid: 64×64
[GPU EM Compute] 11300 calls | Last: 109 μs | Avg: 108 μs | Grid: 64×64
  Particle at step 11300: pos=(55,50.0006), vel=(-0.00101639,0.00997141)
[GPU EM Compute] 11350 calls | Last: 110 μs | Avg: 108 μs | Grid: 64×64
[GPU EM Compute] 11400 calls | Last: 109 μs | Avg: 108 μs | Grid: 64×64
  Particle at step 11400: pos=(55,50.0006), vel=(-0.00102537,0.0099709)
[GPU EM Compute] 11450 calls | Last: 109 μs | Avg: 108 μs | Grid: 64×64
[GPU EM Compute] 11500 calls | Last: 109 μs | Avg: 108 μs | Grid: 64×64
  Particle at step 11500: pos=(55,50.0006), vel=(-0.00103436,0.00997038)
[GPU EM Compute] 11550 calls | Last: 113 μs | Avg: 108 μs | Grid: 64×64
[GPU EM Compute] 11600 calls | Last: 53 μs | Avg: 108 μs | Grid: 64×64
  Particle at step 11600: pos=(55,50.0006), vel=(-0.00104334,0.00996986)
[GPU EM Compute] 11650 calls | Last: 108 μs | Avg: 108 μs | Grid: 64×64
[GPU EM Compute] 11700 calls | Last: 46 μs | Avg: 108 μs | Grid: 64×64
  Particle at step 11700: pos=(55,50.0006), vel=(-0.00105232,0.00996934)
[GPU EM Compute] 11750 calls | Last: 126 μs | Avg: 108 μs | Grid: 64×64
[GPU EM Compute] 11800 calls | Last: 108 μs | Avg: 108 μs | Grid: 64×64
  Particle at step 11800: pos=(55,50.0006), vel=(-0.00106131,0.00996881)
[GPU EM Compute] 11850 calls | Last: 110 μs | Avg: 108 μs | Grid: 64×64
[GPU EM Compute] 11900 calls | Last: 108 μs | Avg: 108 μs | Grid: 64×64
  Particle at step 11900: pos=(55,50.0006), vel=(-0.00107029,0.00996828)
[GPU EM Compute] 11950 calls | Last: 110 μs | Avg: 108 μs | Grid: 64×64
[GPU EM Compute] 12000 calls | Last: 105 μs | Avg: 108 μs | Grid: 64×64
  Particle at step 12000: pos=(55,50.0006), vel=(-0.00107927,0.00996775)
  Step 12000/20000 | R_avg = 0.999859 | norm = 0.997297
[GPU EM Compute] 12050 calls | Last: 109 μs | Avg: 108 μs | Grid: 64×64
[GPU EM Compute] 12100 calls | Last: 119 μs | Avg: 108 μs | Grid: 64×64
  Particle at step 12100: pos=(55,50.0006), vel=(-0.00108825,0.00996721)
[GPU EM Compute] 12150 calls | Last: 109 μs | Avg: 108 μs | Grid: 64×64
[GPU EM Compute] 12200 calls | Last: 111 μs | Avg: 108 μs | Grid: 64×64
  Particle at step 12200: pos=(55,50.0006), vel=(-0.00109724,0.00996666)
[GPU EM Compute] 12250 calls | Last: 108 μs | Avg: 108 μs | Grid: 64×64
[GPU EM Compute] 12300 calls | Last: 112 μs | Avg: 108 μs | Grid: 64×64
  Particle at step 12300: pos=(55,50.0006), vel=(-0.00110622,0.00996611)
[GPU EM Compute] 12350 calls | Last: 107 μs | Avg: 108 μs | Grid: 64×64
[GPU EM Compute] 12400 calls | Last: 108 μs | Avg: 108 μs | Grid: 64×64
  Particle at step 12400: pos=(55,50.0006), vel=(-0.0011152,0.00996556)
[GPU EM Compute] 12450 calls | Last: 115 μs | Avg: 108 μs | Grid: 64×64
[GPU EM Compute] 12500 calls | Last: 109 μs | Avg: 108 μs | Grid: 64×64
  Particle at step 12500: pos=(55,50.0006), vel=(-0.00112418,0.009965)
[GPU EM Compute] 12550 calls | Last: 109 μs | Avg: 108 μs | Grid: 64×64
[GPU EM Compute] 12600 calls | Last: 110 μs | Avg: 108 μs | Grid: 64×64
  Particle at step 12600: pos=(55,50.0006), vel=(-0.00113316,0.00996443)
[GPU EM Compute] 12650 calls | Last: 109 μs | Avg: 108 μs | Grid: 64×64
[GPU EM Compute] 12700 calls | Last: 113 μs | Avg: 108 μs | Grid: 64×64
  Particle at step 12700: pos=(55,50.0006), vel=(-0.00114214,0.00996387)
[GPU EM Compute] 12750 calls | Last: 115 μs | Avg: 108 μs | Grid: 64×64
[GPU EM Compute] 12800 calls | Last: 133 μs | Avg: 108 μs | Grid: 64×64
  Particle at step 12800: pos=(55,50.0006), vel=(-0.00115112,0.00996329)
[GPU EM Compute] 12850 calls | Last: 113 μs | Avg: 108 μs | Grid: 64×64
[GPU EM Compute] 12900 calls | Last: 111 μs | Avg: 108 μs | Grid: 64×64
  Particle at step 12900: pos=(55,50.0006), vel=(-0.0011601,0.00996272)
[GPU EM Compute] 12950 calls | Last: 114 μs | Avg: 108 μs | Grid: 64×64
[GPU EM Compute] 13000 calls | Last: 119 μs | Avg: 108 μs | Grid: 64×64
  Particle at step 13000: pos=(55,50.0006), vel=(-0.00116908,0.00996214)
  Step 13000/20000 | R_avg = 0.999844 | norm = 0.997045
[GPU EM Compute] 13050 calls | Last: 112 μs | Avg: 108 μs | Grid: 64×64
[GPU EM Compute] 13100 calls | Last: 123 μs | Avg: 108 μs | Grid: 64×64
  Particle at step 13100: pos=(55,50.0007), vel=(-0.00117806,0.00996155)
[GPU EM Compute] 13150 calls | Last: 110 μs | Avg: 108 μs | Grid: 64×64
[GPU EM Compute] 13200 calls | Last: 108 μs | Avg: 108 μs | Grid: 64×64
  Particle at step 13200: pos=(55,50.0007), vel=(-0.00118704,0.00996096)
[GPU EM Compute] 13250 calls | Last: 108 μs | Avg: 108 μs | Grid: 64×64
[GPU EM Compute] 13300 calls | Last: 109 μs | Avg: 108 μs | Grid: 64×64
  Particle at step 13300: pos=(55,50.0007), vel=(-0.00119602,0.00996037)
[GPU EM Compute] 13350 calls | Last: 108 μs | Avg: 108 μs | Grid: 64×64
[GPU EM Compute] 13400 calls | Last: 107 μs | Avg: 108 μs | Grid: 64×64
  Particle at step 13400: pos=(55,50.0007), vel=(-0.001205,0.00995977)
[GPU EM Compute] 13450 calls | Last: 109 μs | Avg: 108 μs | Grid: 64×64
[GPU EM Compute] 13500 calls | Last: 109 μs | Avg: 108 μs | Grid: 64×64
  Particle at step 13500: pos=(55,50.0007), vel=(-0.00121398,0.00995916)
[GPU EM Compute] 13550 calls | Last: 109 μs | Avg: 108 μs | Grid: 64×64
[GPU EM Compute] 13600 calls | Last: 112 μs | Avg: 108 μs | Grid: 64×64
  Particle at step 13600: pos=(55,50.0007), vel=(-0.00122296,0.00995856)
[GPU EM Compute] 13650 calls | Last: 111 μs | Avg: 108 μs | Grid: 64×64
[GPU EM Compute] 13700 calls | Last: 108 μs | Avg: 108 μs | Grid: 64×64
  Particle at step 13700: pos=(55,50.0007), vel=(-0.00123193,0.00995794)
[GPU EM Compute] 13750 calls | Last: 112 μs | Avg: 108 μs | Grid: 64×64
[GPU EM Compute] 13800 calls | Last: 112 μs | Avg: 108 μs | Grid: 64×64
  Particle at step 13800: pos=(55,50.0007), vel=(-0.00124091,0.00995733)
[GPU EM Compute] 13850 calls | Last: 109 μs | Avg: 108 μs | Grid: 64×64
[GPU EM Compute] 13900 calls | Last: 111 μs | Avg: 108 μs | Grid: 64×64
  Particle at step 13900: pos=(55,50.0007), vel=(-0.00124989,0.0099567)
[GPU EM Compute] 13950 calls | Last: 111 μs | Avg: 108 μs | Grid: 64×64
[GPU EM Compute] 14000 calls | Last: 115 μs | Avg: 108 μs | Grid: 64×64
  Particle at step 14000: pos=(55,50.0007), vel=(-0.00125886,0.00995608)
  Step 14000/20000 | R_avg = 0.999886 | norm = 0.996795
[GPU EM Compute] 14050 calls | Last: 109 μs | Avg: 108 μs | Grid: 64×64
[GPU EM Compute] 14100 calls | Last: 108 μs | Avg: 108 μs | Grid: 64×64
  Particle at step 14100: pos=(55,50.0007), vel=(-0.00126784,0.00995545)
[GPU EM Compute] 14150 calls | Last: 56 μs | Avg: 108 μs | Grid: 64×64
[GPU EM Compute] 14200 calls | Last: 109 μs | Avg: 108 μs | Grid: 64×64
  Particle at step 14200: pos=(55,50.0007), vel=(-0.00127682,0.00995481)
[GPU EM Compute] 14250 calls | Last: 110 μs | Avg: 108 μs | Grid: 64×64
[GPU EM Compute] 14300 calls | Last: 115 μs | Avg: 108 μs | Grid: 64×64
  Particle at step 14300: pos=(55,50.0007), vel=(-0.00128579,0.00995417)
[GPU EM Compute] 14350 calls | Last: 123 μs | Avg: 108 μs | Grid: 64×64
[GPU EM Compute] 14400 calls | Last: 111 μs | Avg: 108 μs | Grid: 64×64
  Particle at step 14400: pos=(55,50.0007), vel=(-0.00129477,0.00995353)
[GPU EM Compute] 14450 calls | Last: 114 μs | Avg: 108 μs | Grid: 64×64
[GPU EM Compute] 14500 calls | Last: 113 μs | Avg: 108 μs | Grid: 64×64
  Particle at step 14500: pos=(55,50.0007), vel=(-0.00130374,0.00995288)
[GPU EM Compute] 14550 calls | Last: 114 μs | Avg: 108 μs | Grid: 64×64
[GPU EM Compute] 14600 calls | Last: 113 μs | Avg: 108 μs | Grid: 64×64
  Particle at step 14600: pos=(55,50.0007), vel=(-0.00131272,0.00995223)
[GPU EM Compute] 14650 calls | Last: 113 μs | Avg: 108 μs | Grid: 64×64
[GPU EM Compute] 14700 calls | Last: 106 μs | Avg: 108 μs | Grid: 64×64
  Particle at step 14700: pos=(55,50.0007), vel=(-0.00132169,0.00995157)
[GPU EM Compute] 14750 calls | Last: 109 μs | Avg: 108 μs | Grid: 64×64
[GPU EM Compute] 14800 calls | Last: 112 μs | Avg: 108 μs | Grid: 64×64
  Particle at step 14800: pos=(55,50.0007), vel=(-0.00133066,0.00995091)
[GPU EM Compute] 14850 calls | Last: 108 μs | Avg: 108 μs | Grid: 64×64
[GPU EM Compute] 14900 calls | Last: 114 μs | Avg: 108 μs | Grid: 64×64
  Particle at step 14900: pos=(55,50.0007), vel=(-0.00133964,0.00995024)
[GPU EM Compute] 14950 calls | Last: 114 μs | Avg: 108 μs | Grid: 64×64
[GPU EM Compute] 15000 calls | Last: 109 μs | Avg: 108 μs | Grid: 64×64
  Particle at step 15000: pos=(54.9999,50.0007), vel=(-0.00134861,0.00994957)
  Step 15000/20000 | R_avg = 0.999877 | norm = 0.996546
[GPU EM Compute] 15050 calls | Last: 113 μs | Avg: 108 μs | Grid: 64×64
[GPU EM Compute] 15100 calls | Last: 109 μs | Avg: 108 μs | Grid: 64×64
  Particle at step 15100: pos=(54.9999,50.0008), vel=(-0.00135758,0.0099489)
[GPU EM Compute] 15150 calls | Last: 107 μs | Avg: 108 μs | Grid: 64×64
[GPU EM Compute] 15200 calls | Last: 109 μs | Avg: 108 μs | Grid: 64×64
  Particle at step 15200: pos=(54.9999,50.0008), vel=(-0.00136656,0.00994822)
[GPU EM Compute] 15250 calls | Last: 47 μs | Avg: 108 μs | Grid: 64×64
[GPU EM Compute] 15300 calls | Last: 109 μs | Avg: 108 μs | Grid: 64×64
  Particle at step 15300: pos=(54.9999,50.0008), vel=(-0.00137553,0.00994753)
[GPU EM Compute] 15350 calls | Last: 110 μs | Avg: 108 μs | Grid: 64×64
[GPU EM Compute] 15400 calls | Last: 109 μs | Avg: 108 μs | Grid: 64×64
  Particle at step 15400: pos=(54.9999,50.0008), vel=(-0.0013845,0.00994684)
[GPU EM Compute] 15450 calls | Last: 110 μs | Avg: 108 μs | Grid: 64×64
[GPU EM Compute] 15500 calls | Last: 111 μs | Avg: 108 μs | Grid: 64×64
  Particle at step 15500: pos=(54.9999,50.0008), vel=(-0.00139347,0.00994615)
[GPU EM Compute] 15550 calls | Last: 110 μs | Avg: 108 μs | Grid: 64×64
[GPU EM Compute] 15600 calls | Last: 110 μs | Avg: 108 μs | Grid: 64×64
  Particle at step 15600: pos=(54.9999,50.0008), vel=(-0.00140244,0.00994545)
[GPU EM Compute] 15650 calls | Last: 113 μs | Avg: 108 μs | Grid: 64×64
[GPU EM Compute] 15700 calls | Last: 110 μs | Avg: 108 μs | Grid: 64×64
  Particle at step 15700: pos=(54.9999,50.0008), vel=(-0.00141141,0.00994475)
[GPU EM Compute] 15750 calls | Last: 112 μs | Avg: 108 μs | Grid: 64×64
[GPU EM Compute] 15800 calls | Last: 109 μs | Avg: 108 μs | Grid: 64×64
  Particle at step 15800: pos=(54.9999,50.0008), vel=(-0.00142039,0.00994404)
[GPU EM Compute] 15850 calls | Last: 115 μs | Avg: 108 μs | Grid: 64×64
[GPU EM Compute] 15900 calls | Last: 108 μs | Avg: 108 μs | Grid: 64×64
  Particle at step 15900: pos=(54.9999,50.0008), vel=(-0.00142936,0.00994333)
[GPU EM Compute] 15950 calls | Last: 113 μs | Avg: 108 μs | Grid: 64×64
[GPU EM Compute] 16000 calls | Last: 153 μs | Avg: 108 μs | Grid: 64×64
  Particle at step 16000: pos=(54.9999,50.0008), vel=(-0.00143833,0.00994261)
  Step 16000/20000 | R_avg = 0.999911 | norm = 0.996295
[GPU EM Compute] 16050 calls | Last: 116 μs | Avg: 108 μs | Grid: 64×64
[GPU EM Compute] 16100 calls | Last: 108 μs | Avg: 108 μs | Grid: 64×64
  Particle at step 16100: pos=(54.9999,50.0008), vel=(-0.00144729,0.00994189)
[GPU EM Compute] 16150 calls | Last: 112 μs | Avg: 108 μs | Grid: 64×64
[GPU EM Compute] 16200 calls | Last: 106 μs | Avg: 108 μs | Grid: 64×64
  Particle at step 16200: pos=(54.9999,50.0008), vel=(-0.00145626,0.00994117)
[GPU EM Compute] 16250 calls | Last: 111 μs | Avg: 108 μs | Grid: 64×64
[GPU EM Compute] 16300 calls | Last: 114 μs | Avg: 108 μs | Grid: 64×64
  Particle at step 16300: pos=(54.9999,50.0008), vel=(-0.00146523,0.00994044)
[GPU EM Compute] 16350 calls | Last: 109 μs | Avg: 108 μs | Grid: 64×64
[GPU EM Compute] 16400 calls | Last: 109 μs | Avg: 108 μs | Grid: 64×64
  Particle at step 16400: pos=(54.9999,50.0008), vel=(-0.0014742,0.00993971)
[GPU EM Compute] 16450 calls | Last: 113 μs | Avg: 108 μs | Grid: 64×64
[GPU EM Compute] 16500 calls | Last: 119 μs | Avg: 108 μs | Grid: 64×64
  Particle at step 16500: pos=(54.9999,50.0008), vel=(-0.00148317,0.00993897)
[GPU EM Compute] 16550 calls | Last: 109 μs | Avg: 108 μs | Grid: 64×64
[GPU EM Compute] 16600 calls | Last: 109 μs | Avg: 108 μs | Grid: 64×64
  Particle at step 16600: pos=(54.9999,50.0008), vel=(-0.00149214,0.00993823)
[GPU EM Compute] 16650 calls | Last: 108 μs | Avg: 108 μs | Grid: 64×64
[GPU EM Compute] 16700 calls | Last: 108 μs | Avg: 108 μs | Grid: 64×64
  Particle at step 16700: pos=(54.9999,50.0008), vel=(-0.0015011,0.00993748)
[GPU EM Compute] 16750 calls | Last: 46 μs | Avg: 108 μs | Grid: 64×64
[GPU EM Compute] 16800 calls | Last: 113 μs | Avg: 108 μs | Grid: 64×64
  Particle at step 16800: pos=(54.9999,50.0008), vel=(-0.00151007,0.00993673)
[GPU EM Compute] 16850 calls | Last: 115 μs | Avg: 108 μs | Grid: 64×64
[GPU EM Compute] 16900 calls | Last: 112 μs | Avg: 108 μs | Grid: 64×64
  Particle at step 16900: pos=(54.9999,50.0008), vel=(-0.00151904,0.00993597)
[GPU EM Compute] 16950 calls | Last: 114 μs | Avg: 108 μs | Grid: 64×64
[GPU EM Compute] 17000 calls | Last: 46 μs | Avg: 108 μs | Grid: 64×64
  Particle at step 17000: pos=(54.9999,50.0008), vel=(-0.001528,0.00993521)
  Step 17000/20000 | R_avg = 0.999778 | norm = 0.996042
[GPU EM Compute] 17050 calls | Last: 108 μs | Avg: 108 μs | Grid: 64×64
[GPU EM Compute] 17100 calls | Last: 112 μs | Avg: 108 μs | Grid: 64×64
  Particle at step 17100: pos=(54.9999,50.0009), vel=(-0.00153697,0.00993444)
[GPU EM Compute] 17150 calls | Last: 106 μs | Avg: 108 μs | Grid: 64×64
[GPU EM Compute] 17200 calls | Last: 109 μs | Avg: 108 μs | Grid: 64×64
  Particle at step 17200: pos=(54.9999,50.0009), vel=(-0.00154593,0.00993367)
[GPU EM Compute] 17250 calls | Last: 116 μs | Avg: 108 μs | Grid: 64×64
[GPU EM Compute] 17300 calls | Last: 110 μs | Avg: 108 μs | Grid: 64×64
  Particle at step 17300: pos=(54.9999,50.0009), vel=(-0.0015549,0.0099329)
[GPU EM Compute] 17350 calls | Last: 144 μs | Avg: 108 μs | Grid: 64×64
[GPU EM Compute] 17400 calls | Last: 111 μs | Avg: 108 μs | Grid: 64×64
  Particle at step 17400: pos=(54.9999,50.0009), vel=(-0.00156386,0.00993212)
[GPU EM Compute] 17450 calls | Last: 109 μs | Avg: 108 μs | Grid: 64×64
[GPU EM Compute] 17500 calls | Last: 109 μs | Avg: 108 μs | Grid: 64×64
  Particle at step 17500: pos=(54.9999,50.0009), vel=(-0.00157283,0.00993134)
[GPU EM Compute] 17550 calls | Last: 108 μs | Avg: 108 μs | Grid: 64×64
[GPU EM Compute] 17600 calls | Last: 108 μs | Avg: 108 μs | Grid: 64×64
  Particle at step 17600: pos=(54.9999,50.0009), vel=(-0.00158179,0.00993055)
[GPU EM Compute] 17650 calls | Last: 105 μs | Avg: 108 μs | Grid: 64×64
[GPU EM Compute] 17700 calls | Last: 116 μs | Avg: 108 μs | Grid: 64×64
  Particle at step 17700: pos=(54.9999,50.0009), vel=(-0.00159075,0.00992976)
[GPU EM Compute] 17750 calls | Last: 114 μs | Avg: 108 μs | Grid: 64×64
[GPU EM Compute] 17800 calls | Last: 109 μs | Avg: 108 μs | Grid: 64×64
  Particle at step 17800: pos=(54.9999,50.0009), vel=(-0.00159971,0.00992896)
[GPU EM Compute] 17850 calls | Last: 108 μs | Avg: 108 μs | Grid: 64×64
[GPU EM Compute] 17900 calls | Last: 110 μs | Avg: 108 μs | Grid: 64×64
  Particle at step 17900: pos=(54.9999,50.0009), vel=(-0.00160868,0.00992816)
[GPU EM Compute] 17950 calls | Last: 106 μs | Avg: 108 μs | Grid: 64×64
[GPU EM Compute] 18000 calls | Last: 109 μs | Avg: 108 μs | Grid: 64×64
  Particle at step 18000: pos=(54.9999,50.0009), vel=(-0.00161764,0.00992736)
  Step 18000/20000 | R_avg = 0.999861 | norm = 0.995784
[GPU EM Compute] 18050 calls | Last: 112 μs | Avg: 108 μs | Grid: 64×64
[GPU EM Compute] 18100 calls | Last: 108 μs | Avg: 108 μs | Grid: 64×64
  Particle at step 18100: pos=(54.9999,50.0009), vel=(-0.0016266,0.00992655)
[GPU EM Compute] 18150 calls | Last: 111 μs | Avg: 108 μs | Grid: 64×64
[GPU EM Compute] 18200 calls | Last: 108 μs | Avg: 108 μs | Grid: 64×64
  Particle at step 18200: pos=(54.9999,50.0009), vel=(-0.00163556,0.00992573)
[GPU EM Compute] 18250 calls | Last: 109 μs | Avg: 108 μs | Grid: 64×64
[GPU EM Compute] 18300 calls | Last: 47 μs | Avg: 108 μs | Grid: 64×64
  Particle at step 18300: pos=(54.9999,50.0009), vel=(-0.00164452,0.00992491)
[GPU EM Compute] 18350 calls | Last: 108 μs | Avg: 108 μs | Grid: 64×64
[GPU EM Compute] 18400 calls | Last: 108 μs | Avg: 108 μs | Grid: 64×64
  Particle at step 18400: pos=(54.9999,50.0009), vel=(-0.00165348,0.00992409)
[GPU EM Compute] 18450 calls | Last: 108 μs | Avg: 108 μs | Grid: 64×64
[GPU EM Compute] 18500 calls | Last: 108 μs | Avg: 108 μs | Grid: 64×64
  Particle at step 18500: pos=(54.9999,50.0009), vel=(-0.00166244,0.00992326)
[GPU EM Compute] 18550 calls | Last: 109 μs | Avg: 108 μs | Grid: 64×64
[GPU EM Compute] 18600 calls | Last: 110 μs | Avg: 108 μs | Grid: 64×64
  Particle at step 18600: pos=(54.9999,50.0009), vel=(-0.0016714,0.00992243)
[GPU EM Compute] 18650 calls | Last: 105 μs | Avg: 108 μs | Grid: 64×64
[GPU EM Compute] 18700 calls | Last: 117 μs | Avg: 108 μs | Grid: 64×64
  Particle at step 18700: pos=(54.9999,50.0009), vel=(-0.00168036,0.00992159)
[GPU EM Compute] 18750 calls | Last: 122 μs | Avg: 108 μs | Grid: 64×64
[GPU EM Compute] 18800 calls | Last: 109 μs | Avg: 108 μs | Grid: 64×64
  Particle at step 18800: pos=(54.9999,50.0009), vel=(-0.00168932,0.00992075)
[GPU EM Compute] 18850 calls | Last: 108 μs | Avg: 108 μs | Grid: 64×64
[GPU EM Compute] 18900 calls | Last: 108 μs | Avg: 108 μs | Grid: 64×64
  Particle at step 18900: pos=(54.9999,50.0009), vel=(-0.00169828,0.00991991)
[GPU EM Compute] 18950 calls | Last: 112 μs | Avg: 108 μs | Grid: 64×64
[GPU EM Compute] 19000 calls | Last: 110 μs | Avg: 108 μs | Grid: 64×64
  Particle at step 19000: pos=(54.9999,50.0009), vel=(-0.00170724,0.00991906)
  Step 19000/20000 | R_avg = 0.999806 | norm = 0.995527
[GPU EM Compute] 19050 calls | Last: 108 μs | Avg: 108 μs | Grid: 64×64
[GPU EM Compute] 19100 calls | Last: 109 μs | Avg: 108 μs | Grid: 64×64
  Particle at step 19100: pos=(54.9999,50.001), vel=(-0.00171619,0.0099182)
[GPU EM Compute] 19150 calls | Last: 110 μs | Avg: 108 μs | Grid: 64×64
[GPU EM Compute] 19200 calls | Last: 107 μs | Avg: 108 μs | Grid: 64×64
  Particle at step 19200: pos=(54.9999,50.001), vel=(-0.00172515,0.00991734)
[GPU EM Compute] 19250 calls | Last: 116 μs | Avg: 108 μs | Grid: 64×64
[GPU EM Compute] 19300 calls | Last: 109 μs | Avg: 108 μs | Grid: 64×64
  Particle at step 19300: pos=(54.9999,50.001), vel=(-0.00173411,0.00991648)
[GPU EM Compute] 19350 calls | Last: 108 μs | Avg: 108 μs | Grid: 64×64
[GPU EM Compute] 19400 calls | Last: 109 μs | Avg: 108 μs | Grid: 64×64
  Particle at step 19400: pos=(54.9999,50.001), vel=(-0.00174306,0.00991561)
[GPU EM Compute] 19450 calls | Last: 108 μs | Avg: 108 μs | Grid: 64×64
[GPU EM Compute] 19500 calls | Last: 108 μs | Avg: 108 μs | Grid: 64×64
  Particle at step 19500: pos=(54.9999,50.001), vel=(-0.00175202,0.00991474)
[GPU EM Compute] 19550 calls | Last: 125 μs | Avg: 108 μs | Grid: 64×64
[GPU EM Compute] 19600 calls | Last: 111 μs | Avg: 108 μs | Grid: 64×64
  Particle at step 19600: pos=(54.9999,50.001), vel=(-0.00176097,0.00991386)
[GPU EM Compute] 19650 calls | Last: 108 μs | Avg: 108 μs | Grid: 64×64
[GPU EM Compute] 19700 calls | Last: 110 μs | Avg: 108 μs | Grid: 64×64
  Particle at step 19700: pos=(54.9999,50.001), vel=(-0.00176993,0.00991298)
[GPU EM Compute] 19750 calls | Last: 108 μs | Avg: 108 μs | Grid: 64×64
[GPU EM Compute] 19800 calls | Last: 108 μs | Avg: 108 μs | Grid: 64×64
  Particle at step 19800: pos=(54.9999,50.001), vel=(-0.00177888,0.00991209)
[GPU EM Compute] 19850 calls | Last: 114 μs | Avg: 108 μs | Grid: 64×64
[GPU EM Compute] 19900 calls | Last: 109 μs | Avg: 108 μs | Grid: 64×64
  Particle at step 19900: pos=(54.9999,50.001), vel=(-0.00178783,0.0099112)
[GPU EM Compute] 19950 calls | Last: 109 μs | Avg: 108 μs | Grid: 64×64
[GPU EM Compute] 20000 calls | Last: 109 μs | Avg: 108 μs | Grid: 64×64
  [Kuramoto Energy] grad_R: 0.0256169, potential: -4094.45, total: -4094.43 (κ=1)

===== Lorentz Force Analysis =====
  Trajectory written to /home/persist/neotec/0rigin/output/20251230_221346_lorentz_force_pure_magnetic/N_1/particle_trajectory.csv (202 points)
  Particle trajectory saved to: /home/persist/neotec/0rigin/output/20251230_221346_lorentz_force_pure_magnetic/N_1/particle_trajectory.csv
  Average magnetic field: B_avg = 0.1

Theoretical predictions:
  Cyclotron frequency: ω_c = 1 rad/τ_P
  Larmor radius: r_L = 0.1 ℓ_P

Measured from trajectory:
  Orbital period: T = 0 τ_P
  Orbital radius: r = 0.000253131 ℓ_P
  Orbital frequency: ω = 0 rad/τ_P

Validation:
  Frequency error: 100%
  Radius error: 99.7469%
  Lorentz force validation: ✗ FAIL

===== Global Validation =====
✓ Global validation PASSED
  ✓ Probability Conservation: ||ψ||² = 0.995268 (drift: 0.473198% from initial 1) ✓ PASS
  ✓ Energy Conservation: E_total = -4091.7 (drift: 0.00833641% from initial -4091.36) ✓ PASS
  ✓ Order Parameter Bounds: R ∈ [0, 0] ✓ PASS (within [0,1])
  ✓ Causality: v = |p|/E = 1.0105e-06 (c = 1) ✓ PASS (v ≤ c)
  ✓ Numerical Stability: All fields finite ✓ PASS
  Norm validation: max_error = 0.004732 ✓ PASS
  Energy validation: max_drift = 0.000340978 ✓ PASS

===== EM Field Validation =====
Maxwell Equation Residuals:
  Gauss law (∇·E - 4πρ): 0 ✓
  No monopole (∇·B): 0 ✓
  Faraday law (∇×E + ∂B/∂t): 0 ✓
  Ampere law (∇×B - 4πJ - ∂E/∂t): 3.44199e-07 ✓
Overall Maxwell Validation: ✓ PASS
  Saved observables to /home/persist/neotec/0rigin/output/20251230_221346_lorentz_force_pure_magnetic/N_1/observables.csv
  Saved EM observables to /home/persist/neotec/0rigin/output/20251230_221346_lorentz_force_pure_magnetic/N_1/em_observables.csv

[3/3] Generating report...

✓ Report saved to /home/persist/neotec/0rigin/output/20251230_221346_lorentz_force_pure_magnetic/test_report.txt

===== Test Summary =====
✓ ALL TESTS PASSED

Validation criteria met:
  ✓ Norm conservation ||Ψ||² - 1 < 10⁻⁴
  ✓ Energy conservation |ΔE/E₀| < 1%
  ✓ Convergence between N ratios < 5%
