[Logging] Console output for 64x64 v=0c writing to: /home/persist/neotec/0rigin/output/20251228_054805_em_coupling_disabled_regression_64x64/console.log

--- Testing with N=1 ---
  Vortex initialization (grid-independent):
    Domain size: 100 ℓ_P
    Grid spacing: 1.5625 ℓ_P
    Core radius: 3 ℓ_P (1.92 grid points)
    Center: (50, 50) ℓ_P
    Winding number: W = 1
  Dirac initialization (grid-independent):
    Position: (60, 50) ℓ_P
    Width: 3 ℓ_P
    Grid coordinates: (38.4, 32) grid units
    Grid width: 1.92 grid units
  Using Dirac solver (spinor field)
[DiracEvolution] Initialized 64x64 4-component spinor field (particle, β=1)
[DiracEvolution] Initialized Gaussian wavepacket at (38.4, 32) with σ=1.92
[SMFTEngine] Dirac field initialized: center=(38.4,32), sigma=1.92, norm=1
[DiracEvolution] Initialized 64x64 4-component spinor field (particle, β=1)
[DiracEvolution] Initialized Gaussian wavepacket at (38.4, 32) with σ=1.92
  Initial energy E0 = 1.23759
  Initial norm = 1
[stepWithDirac] Strang splitting enabled:
  substep_ratio=1
  substep_dt=0.01
  half_substeps=0
  remaining_substeps=1
  Saved spatial snapshot at t = 0 (step 0)
  Actual initial energy E0 = 1.22857 (from first observation including EM)
  Step 0/2000 | R_avg = 0.96826 | norm = 1
  Step 100/2000 | R_avg = 0.968172 | norm = 0.999976
  Step 200/2000 | R_avg = 0.968082 | norm = 0.999951
  Step 300/2000 | R_avg = 0.968206 | norm = 0.999925
  Step 400/2000 | R_avg = 0.968143 | norm = 0.999898
  Step 500/2000 | R_avg = 0.968128 | norm = 0.999872
  Step 600/2000 | R_avg = 0.968135 | norm = 0.999845
  Step 700/2000 | R_avg = 0.968181 | norm = 0.999817
  Step 800/2000 | R_avg = 0.968144 | norm = 0.99979
  Step 900/2000 | R_avg = 0.968193 | norm = 0.999764
  Step 1000/2000 | R_avg = 0.968258 | norm = 0.999738
  Step 1100/2000 | R_avg = 0.968128 | norm = 0.999712
  Step 1200/2000 | R_avg = 0.968186 | norm = 0.999686
  Step 1300/2000 | R_avg = 0.968222 | norm = 0.99966
  Step 1400/2000 | R_avg = 0.968157 | norm = 0.999633
  Step 1500/2000 | R_avg = 0.968166 | norm = 0.999606
  Step 1600/2000 | R_avg = 0.96816 | norm = 0.99958
  Step 1700/2000 | R_avg = 0.968168 | norm = 0.999553
  Step 1800/2000 | R_avg = 0.968186 | norm = 0.999526
  Step 1900/2000 | R_avg = 0.968117 | norm = 0.999499

===== Global Validation =====
✓ Global validation PASSED
  ✓ Probability Conservation: ||ψ||² = 0.999472 (drift: 0.0527959% from initial 1) ✓ PASS
  ✓ Energy Conservation: E_total = 1.23591 (drift: 0.597026% from initial 1.22857) ✓ PASS
  ✓ Order Parameter Bounds: R ∈ [1, 1] ✓ PASS (within [0,1])
  ✓ Causality: v = |p|/E = 0.00895232 (c = 1) ✓ PASS (v ≤ c)
  ✓ Numerical Stability: All fields finite ✓ PASS

===== Scenario 2.1: Defect Localization Validation =====
✗ Scenario validation FAILED:
  ✓ 1. θ(x,y,t=0) shows vortex structure (W = ±1): Winding number W = 1 ✓ PASS (|W| ≈ 1)
  ✗ 3. R(x,y,t=0) shows core (R_min < 0.5): R_min = 1 ✗ FAIL (expect R_min < 0.5)
  Norm validation: max_error = 0.000528116 ✓ PASS
  Energy validation: max_drift = 0.0060651 ✓ PASS
  Saved observables to /home/persist/neotec/0rigin/output/20251228_054805_em_coupling_disabled_regression_64x64/N_1/observables.csv

--- Testing with N=10 ---
  Vortex initialization (grid-independent):
    Domain size: 100 ℓ_P
    Grid spacing: 1.5625 ℓ_P
    Core radius: 3 ℓ_P (1.92 grid points)
    Center: (50, 50) ℓ_P
    Winding number: W = 1
  Dirac initialization (grid-independent):
    Position: (60, 50) ℓ_P
    Width: 3 ℓ_P
    Grid coordinates: (38.4, 32) grid units
    Grid width: 1.92 grid units
  Using Dirac solver (spinor field)
[DiracEvolution] Initialized Gaussian wavepacket at (38.4, 32) with σ=1.92
[SMFTEngine] Dirac field initialized: center=(38.4,32), sigma=1.92, norm=1
[DiracEvolution] Initialized 64x64 4-component spinor field (particle, β=1)
[DiracEvolution] Initialized Gaussian wavepacket at (38.4, 32) with σ=1.92
  Initial energy E0 = 1.23759
  Initial norm = 1
  Saved spatial snapshot at t = 0 (step 0)
  Actual initial energy E0 = 1.22857 (from first observation including EM)
  Step 0/2000 | R_avg = 0.968177 | norm = 1
  Step 100/2000 | R_avg = 0.968082 | norm = 0.999977
  Step 200/2000 | R_avg = 0.968185 | norm = 0.999952
  Step 300/2000 | R_avg = 0.968111 | norm = 0.999925
  Step 400/2000 | R_avg = 0.968149 | norm = 0.999899
  Step 500/2000 | R_avg = 0.968267 | norm = 0.999872
  Step 600/2000 | R_avg = 0.968126 | norm = 0.999845
  Step 700/2000 | R_avg = 0.968133 | norm = 0.999818
  Step 800/2000 | R_avg = 0.968197 | norm = 0.999791
  Step 900/2000 | R_avg = 0.96818 | norm = 0.999765
  Step 1000/2000 | R_avg = 0.96814 | norm = 0.999738
  Step 1100/2000 | R_avg = 0.968147 | norm = 0.999712
  Step 1200/2000 | R_avg = 0.9682 | norm = 0.999687
  Step 1300/2000 | R_avg = 0.968159 | norm = 0.999661
  Step 1400/2000 | R_avg = 0.968184 | norm = 0.999634
  Step 1500/2000 | R_avg = 0.968132 | norm = 0.999608
  Step 1600/2000 | R_avg = 0.968151 | norm = 0.999581
  Step 1700/2000 | R_avg = 0.968182 | norm = 0.999554
  Step 1800/2000 | R_avg = 0.96822 | norm = 0.999527
  Step 1900/2000 | R_avg = 0.968186 | norm = 0.999499

===== Global Validation =====
✓ Global validation PASSED
  ✓ Probability Conservation: ||ψ||² = 0.999473 (drift: 0.0527173% from initial 1) ✓ PASS
  ✓ Energy Conservation: E_total = 1.23583 (drift: 0.591045% from initial 1.22857) ✓ PASS
  ✓ Order Parameter Bounds: R ∈ [1, 1] ✓ PASS (within [0,1])
  ✓ Causality: v = |p|/E = 0.00901295 (c = 1) ✓ PASS (v ≤ c)
  ✓ Numerical Stability: All fields finite ✓ PASS

===== Scenario 2.1: Defect Localization Validation =====
✗ Scenario validation FAILED:
  ✓ 1. θ(x,y,t=0) shows vortex structure (W = ±1): Winding number W = 1 ✓ PASS (|W| ≈ 1)
  ✗ 3. R(x,y,t=0) shows core (R_min < 0.5): R_min = 1 ✗ FAIL (expect R_min < 0.5)
  Norm validation: max_error = 0.00052737 ✓ PASS
  Energy validation: max_drift = 0.00607036 ✓ PASS
  Saved observables to /home/persist/neotec/0rigin/output/20251228_054805_em_coupling_disabled_regression_64x64/N_10/observables.csv

--- Testing with N=100 ---
  Vortex initialization (grid-independent):
    Domain size: 100 ℓ_P
    Grid spacing: 1.5625 ℓ_P
    Core radius: 3 ℓ_P (1.92 grid points)
    Center: (50, 50) ℓ_P
    Winding number: W = 1
  Dirac initialization (grid-independent):
    Position: (60, 50) ℓ_P
    Width: 3 ℓ_P
    Grid coordinates: (38.4, 32) grid units
    Grid width: 1.92 grid units
  Using Dirac solver (spinor field)
[DiracEvolution] Initialized Gaussian wavepacket at (38.4, 32) with σ=1.92
[SMFTEngine] Dirac field initialized: center=(38.4,32), sigma=1.92, norm=1
[DiracEvolution] Initialized 64x64 4-component spinor field (particle, β=1)
[DiracEvolution] Initialized Gaussian wavepacket at (38.4, 32) with σ=1.92
  Initial energy E0 = 1.23759
  Initial norm = 1
  Saved spatial snapshot at t = 0 (step 0)
  Actual initial energy E0 = 1.22857 (from first observation including EM)
  Step 0/2000 | R_avg = 0.968215 | norm = 1
  Step 100/2000 | R_avg = 0.968179 | norm = 0.999976
  Step 200/2000 | R_avg = 0.96824 | norm = 0.999952
  Step 300/2000 | R_avg = 0.96826 | norm = 0.999925
  Step 400/2000 | R_avg = 0.968125 | norm = 0.999899
  Step 500/2000 | R_avg = 0.968189 | norm = 0.999872
  Step 600/2000 | R_avg = 0.96817 | norm = 0.999845
  Step 700/2000 | R_avg = 0.968279 | norm = 0.999818
  Step 800/2000 | R_avg = 0.968106 | norm = 0.999791
  Step 900/2000 | R_avg = 0.968102 | norm = 0.999765
  Step 1000/2000 | R_avg = 0.968089 | norm = 0.999738
  Step 1100/2000 | R_avg = 0.968031 | norm = 0.999712
  Step 1200/2000 | R_avg = 0.968143 | norm = 0.999687
  Step 1300/2000 | R_avg = 0.968141 | norm = 0.99966
  Step 1400/2000 | R_avg = 0.968209 | norm = 0.999634
  Step 1500/2000 | R_avg = 0.968179 | norm = 0.999607
  Step 1600/2000 | R_avg = 0.968264 | norm = 0.99958
  Step 1700/2000 | R_avg = 0.968193 | norm = 0.999554
  Step 1800/2000 | R_avg = 0.96819 | norm = 0.999526
  Step 1900/2000 | R_avg = 0.968186 | norm = 0.999499

===== Global Validation =====
✓ Global validation PASSED
  ✓ Probability Conservation: ||ψ||² = 0.999472 (drift: 0.0527899% from initial 1) ✓ PASS
  ✓ Energy Conservation: E_total = 1.23584 (drift: 0.591691% from initial 1.22857) ✓ PASS
  ✓ Order Parameter Bounds: R ∈ [1, 1] ✓ PASS (within [0,1])
  ✓ Causality: v = |p|/E = 0.00896814 (c = 1) ✓ PASS (v ≤ c)
  ✓ Numerical Stability: All fields finite ✓ PASS

===== Scenario 2.1: Defect Localization Validation =====
✗ Scenario validation FAILED:
  ✓ 1. θ(x,y,t=0) shows vortex structure (W = ±1): Winding number W = 1 ✓ PASS (|W| ≈ 1)
  ✗ 3. R(x,y,t=0) shows core (R_min < 0.5): R_min = 1 ✗ FAIL (expect R_min < 0.5)
  Norm validation: max_error = 0.000528096 ✓ PASS
  Energy validation: max_drift = 0.00606626 ✓ PASS
  Saved observables to /home/persist/neotec/0rigin/output/20251228_054805_em_coupling_disabled_regression_64x64/N_100/observables.csv

--- Validating Convergence ---
✓ Convergence validation PASSED

========================================
Velocity: v=0.3c
========================================

Initializing engine for 64×64 grid, velocity v=0.3c...
[SMFTEngine] Resources cleanup delegated to component managers

[SMFTEngine] Physical Interpretation:
  Vacuum potential Δ = 1 (Planck mass in natural units)
  Synchronization field R(x) → Emergent spacetime metric
  Mass field m(x) = Δ·R(x) → Local energy density
  ∇R(x) → Gravitational field (not separate force)
  Grid: 64 x 64 oscillators

[SMFTEngine] Created GPU buffers for 64x64 grid
  Phase buffers: 16384 bytes each
  Spinor buffer: 131072 bytes
  Accumulator buffers: 16384 bytes each (operator splitting)
[SMFTEngine] Created compute pipelines
  ✓ Kuramoto pipeline
  ✓ Sync field pipeline
  ✓ Gravity field pipeline
  ✓ Stochastic Kuramoto pipeline
  ✓ Stochastic Dirac pipeline
  ✓ Accumulation pipeline (operator splitting)
Created experiment directory: /home/persist/neotec/0rigin/output/20251228_054918_em_coupling_disabled_regression_64x64_v0.3
[OutputManager] Created timestamped directory: /home/persist/neotec/0rigin/output/20251228_054918_em_coupling_disabled_regression_64x64_v0.3
