[Logging] Console output for 128x128 writing to: /home/persist/neotec/0rigin/output/20251226_013346_scenario_2.5A_klein_gordon_comparison_v0.7/console.log

--- Testing with N=10 ---
  Dirac initialization (grid-independent):
    Position: (50, 50) ℓ_P
    Width: 3 ℓ_P
    Grid coordinates: (64, 64) grid units
    Grid width: 3.84 grid units
  Using Klein-Gordon solver (scalar field) with boosted initialization
    Background R (expected): 1
[KleinGordonEvolution] Initialized 128x128 scalar field
[SMFT] Boosted Gaussian initialization (Klein-Gordon):
  Position: (64, 64) grid units
  Width: σ = 3.84 grid units
  Velocity: v = (0.7, 0)c
  |v| = 0.7c
  Lorentz factor: γ = 1.40028
  Rest mass: m₀ = Δ·R = 1 × 1 = 1 m_P
  Momentum: p = (0.980196, 0) m_P·c
  |p| = 0.980196 m_P·c
  Energy: ω = 1.40028 m_P·c²
[KleinGordonEvolution] Initialized Gaussian wavepacket at (64, 64) with σ=3.84
  Final norm: ||φ||² = 1
  Initial position: <r> = (64, 64)
✓ Boosted Gaussian initialized (Klein-Gordon)
[SMFTEngine] Boosted Klein-Gordon field initialized: center=(64,64), sigma=3.84, boost=(0.7,0)c, norm=1, <r>=(64,64)
[DiracEvolution] Initialized 128x128 4-component spinor field (particle, β=1)
  Initial energy E0 = 2.67103
  Initial norm = 1
[stepWithDirac] Strang splitting enabled:
  substep_ratio=10
  substep_dt=0.001
  half_substeps=5
  remaining_substeps=5
  Saved spatial snapshot at t = 0 (step 0)
  Step 0/5000 | R_avg = 0.999759 | norm = 1.00038
  Step 500/5000 | R_avg = 0.999767 | norm = 1.38599
  Saved spatial snapshot at t = 10 (step 1000)
  Step 1000/5000 | R_avg = 0.999762 | norm = 1.49804
  Step 1500/5000 | R_avg = 0.999751 | norm = 1.49873
  Step 2000/5000 | R_avg = 0.999761 | norm = 1.4985
  Saved spatial snapshot at t = 25 (step 2500)
  Step 2500/5000 | R_avg = 0.999773 | norm = 1.49825
  Step 3000/5000 | R_avg = 0.99977 | norm = 1.49799
  Step 3500/5000 | R_avg = 0.999779 | norm = 1.49786
  Step 4000/5000 | R_avg = 0.999756 | norm = 1.49753
  Step 4500/5000 | R_avg = 0.99977 | norm = 1.49735

===== Global Validation =====
✗ Global validation FAILED:
  ✗ Probability Conservation: ||ψ||² = 1.49633 (drift: 49.5954% from initial 1.00038) ✗ FAIL (exceeds tolerance 0.5%)
  ✗ Energy Conservation: E_total = 4.01218 (drift: 9.34378% from initial 3.66933) ✗ FAIL (exceeds tolerance 1%)
  ✓ Order Parameter Bounds: R ∈ [0, 0] ✓ PASS (within [0,1])
  ✓ Causality: v = |p|/E = 0.299594 (c = 1) ✓ PASS (v ≤ c)
  ✓ Numerical Stability: All fields finite ✓ PASS

[INFO] Skipping scenario validation for Klein-Gordon test (validator requires Dirac field)
  Norm validation: max_error = 0.835502 ✗ FAIL
  Energy validation: max_drift = 0.160135 ✗ FAIL
  Saved observables to /home/persist/neotec/0rigin/output/20251226_013346_scenario_2.5A_klein_gordon_comparison_v0.7/N_10/observables.csv
Test failed for N=10

--- Validating Convergence ---
✗ Convergence validation FAILED

[3/3] Generating report...

✓ Report saved to /home/persist/neotec/0rigin/output/20251226_013346_scenario_2.5A_klein_gordon_comparison_v0.7/test_report.txt

===== Test Summary =====
✗ TESTS FAILED

Some validation criteria not met.
Check test report for details.
