[Logging] Console output for 128x128 writing to: /home/persist/neotec/0rigin/output/20251226_014940_scenario_2.5A_klein_gordon_comparison_v0.7/console.log

--- Testing with N=10 ---
[DEBUG] solver_type = 'klein_gordon', use_klein_gordon = 1
  Dirac initialization (grid-independent):
    Position: (50, 50) ℓ_P
    Width: 3 ℓ_P
    Grid coordinates: (64, 64) grid units
    Grid width: 3.84 grid units
  Using Klein-Gordon solver (scalar field) with boosted initialization
    Background R (expected): 1
[KleinGordonEvolution] Initialized 128x128 scalar field
[SMFT] Boosted Gaussian initialization (Klein-Gordon):
  Position: (64, 64) grid units
  Width: σ = 3.84 grid units
  Velocity: v = (0.7, 0)c
  |v| = 0.7c
  Lorentz factor: γ = 1.40028
  Rest mass: m₀ = Δ·R = 1 × 1 = 1 m_P
  Momentum: p = (0.980196, 0) m_P·c
  |p| = 0.980196 m_P·c
  Energy: ω = 1.40028 m_P·c²
[KleinGordonEvolution] Initialized Gaussian wavepacket at (64, 64) with σ=3.84
  Final norm: ||φ||² = 1
  Initial position: <r> = (64, 64)
✓ Boosted Gaussian initialized (Klein-Gordon)
[SMFTEngine] Boosted Klein-Gordon field initialized: center=(64,64), sigma=3.84, boost=(0.7,0)c, norm=1, <r>=(64,64)
[DiracEvolution] Initialized 128x128 4-component spinor field (particle, β=1)
[DEBUG] Computing Klein-Gordon initial observables...
[DEBUG KG Native] E_native = 2.98939, KE_native = 2.98939, PE_native = 0
[DEBUG KE_KG] Nx=128, Ny=128, dx=1, T=1.96079, sample phi_dot[0]=(0,0)
[DEBUG PE_KG] Starting computation: Nx=128, Ny=128, sample phi[0]=(0,0)
[DEBUG ObsComputer] E0 = 2.67103, KE = 1.96079, PE = 0.71024
  Initial energy E0 = 2.67103
  Initial norm = 1
[stepWithDirac] Strang splitting enabled:
  substep_ratio=10
  substep_dt=0.001
  half_substeps=5
  remaining_substeps=5
  Saved spatial snapshot at t = 0 (step 0)
[DEBUG KE_KG] Nx=128, Ny=128, dx=1, T=1.96042, sample phi_dot[0]=(5.02354e-11,-4.72354e-09)
[DEBUG PE_KG] Starting computation: Nx=128, Ny=128, sample phi[0]=(-1.78219e-09,9.64928e-09)
  Step 0/5000 | R_avg = 0.999626 | norm = 1.00038
[DEBUG KE_KG] Nx=128, Ny=128, dx=1, T=1.28866, sample phi_dot[0]=(1.10533e-08,-1.15641e-07)
[DEBUG PE_KG] Starting computation: Nx=128, Ny=128, sample phi[0]=(-3.82236e-08,5.23692e-07)
[DEBUG KE_KG] Nx=128, Ny=128, dx=1, T=1.18763, sample phi_dot[0]=(1.81453e-08,-4.93436e-07)
[DEBUG PE_KG] Starting computation: Nx=128, Ny=128, sample phi[0]=(3.95451e-08,9.89925e-07)
[DEBUG KE_KG] Nx=128, Ny=128, dx=1, T=1.87849, sample phi_dot[0]=(-7.17038e-08,-1.01398e-06)
[DEBUG PE_KG] Starting computation: Nx=128, Ny=128, sample phi[0]=(3.76451e-07,9.13427e-07)
[DEBUG KE_KG] Nx=128, Ny=128, dx=1, T=1.46765, sample phi_dot[0]=(-3.72921e-07,-1.29092e-06)
[DEBUG PE_KG] Starting computation: Nx=128, Ny=128, sample phi[0]=(8.12263e-07,-1.24192e-07)
[DEBUG KE_KG] Nx=128, Ny=128, dx=1, T=1.1893, sample phi_dot[0]=(-8.0891e-07,-7.64313e-07)
[DEBUG PE_KG] Starting computation: Nx=128, Ny=128, sample phi[0]=(8.5026e-07,-1.90474e-06)
[DEBUG KE_KG] Nx=128, Ny=128, dx=1, T=1.69059, sample phi_dot[0]=(-1.06541e-06,6.06384e-07)
[DEBUG PE_KG] Starting computation: Nx=128, Ny=128, sample phi[0]=(1.28752e-07,-3.31009e-06)
[DEBUG KE_KG] Nx=128, Ny=128, dx=1, T=1.57299, sample phi_dot[0]=(-8.79085e-07,2.23109e-06)
[DEBUG PE_KG] Starting computation: Nx=128, Ny=128, sample phi[0]=(-1.15132e-06,-3.31957e-06)
[DEBUG KE_KG] Nx=128, Ny=128, dx=1, T=1.30189, sample phi_dot[0]=(-4.48309e-08,3.52303e-06)
[DEBUG PE_KG] Starting computation: Nx=128, Ny=128, sample phi[0]=(-2.33041e-06,-1.41314e-06)
[DEBUG KE_KG] Nx=128, Ny=128, dx=1, T=1.53304, sample phi_dot[0]=(1.28712e-06,3.48651e-06)
[DEBUG PE_KG] Starting computation: Nx=128, Ny=128, sample phi[0]=(-2.42006e-06,1.91561e-06)
[DEBUG KE_KG] Nx=128, Ny=128, dx=1, T=1.57238, sample phi_dot[0]=(2.24754e-06,1.6933e-06)
[DEBUG PE_KG] Starting computation: Nx=128, Ny=128, sample phi[0]=(-1.1489e-06,4.96177e-06)
  Step 500/5000 | R_avg = 0.999905 | norm = 1.38622
[DEBUG KE_KG] Nx=128, Ny=128, dx=1, T=1.4206, sample phi_dot[0]=(2.35077e-06,-1.14343e-06)
[DEBUG PE_KG] Starting computation: Nx=128, Ny=128, sample phi[0]=(9.48373e-07,6.02254e-06)
[DEBUG KE_KG] Nx=128, Ny=128, dx=1, T=1.47049, sample phi_dot[0]=(1.28891e-06,-3.88864e-06)
[DEBUG PE_KG] Starting computation: Nx=128, Ny=128, sample phi[0]=(2.78502e-06,4.39407e-06)
[DEBUG KE_KG] Nx=128, Ny=128, dx=1, T=1.52569, sample phi_dot[0]=(-3.40572e-07,-5.15575e-06)
[DEBUG PE_KG] Starting computation: Nx=128, Ny=128, sample phi[0]=(3.3938e-06,6.58173e-07)
[DEBUG KE_KG] Nx=128, Ny=128, dx=1, T=1.4803, sample phi_dot[0]=(-1.86404e-06,-4.45106e-06)
[DEBUG PE_KG] Starting computation: Nx=128, Ny=128, sample phi[0]=(2.54318e-06,-3.53492e-06)
[DEBUG KE_KG] Nx=128, Ny=128, dx=1, T=1.4714, sample phi_dot[0]=(-2.62458e-06,-1.85575e-06)
[DEBUG PE_KG] Starting computation: Nx=128, Ny=128, sample phi[0]=(6.42313e-07,-6.36235e-06)
[DEBUG KE_KG] Nx=128, Ny=128, dx=1, T=1.49328, sample phi_dot[0]=(-2.35357e-06,1.51726e-06)
[DEBUG PE_KG] Starting computation: Nx=128, Ny=128, sample phi[0]=(-1.44444e-06,-6.46653e-06)
[DEBUG KE_KG] Nx=128, Ny=128, dx=1, T=1.49109, sample phi_dot[0]=(-1.32047e-06,4.02049e-06)
[DEBUG PE_KG] Starting computation: Nx=128, Ny=128, sample phi[0]=(-2.92791e-06,-4.01818e-06)
[DEBUG KE_KG] Nx=128, Ny=128, dx=1, T=1.48325, sample phi_dot[0]=(3.03442e-07,5.10448e-06)
[DEBUG PE_KG] Starting computation: Nx=128, Ny=128, sample phi[0]=(-3.23262e-06,-5.31206e-08)
[DEBUG KE_KG] Nx=128, Ny=128, dx=1, T=1.48528, sample phi_dot[0]=(1.56658e-06,4.18998e-06)
[DEBUG PE_KG] Starting computation: Nx=128, Ny=128, sample phi[0]=(-2.2189e-06,3.80965e-06)
  Saved spatial snapshot at t = 10 (step 1000)
[DEBUG KE_KG] Nx=128, Ny=128, dx=1, T=1.48769, sample phi_dot[0]=(2.25599e-06,1.78567e-06)
[DEBUG PE_KG] Starting computation: Nx=128, Ny=128, sample phi[0]=(-4.60005e-07,5.95396e-06)
  Step 1000/5000 | R_avg = 0.999775 | norm = 1.49836
[DEBUG KE_KG] Nx=128, Ny=128, dx=1, T=1.48687, sample phi_dot[0]=(2.22352e-06,-1.17215e-06)
[DEBUG PE_KG] Starting computation: Nx=128, Ny=128, sample phi[0]=(1.4576e-06,5.49001e-06)
[DEBUG KE_KG] Nx=128, Ny=128, dx=1, T=1.48613, sample phi_dot[0]=(1.13372e-06,-3.40673e-06)
[DEBUG PE_KG] Starting computation: Nx=128, Ny=128, sample phi[0]=(2.69432e-06,2.73126e-06)
[DEBUG KE_KG] Nx=128, Ny=128, dx=1, T=1.48624, sample phi_dot[0]=(-3.26538e-07,-4.02754e-06)
[DEBUG PE_KG] Starting computation: Nx=128, Ny=128, sample phi[0]=(2.50384e-06,-9.82203e-07)
[DEBUG KE_KG] Nx=128, Ny=128, dx=1, T=1.48645, sample phi_dot[0]=(-1.28245e-06,-2.72635e-06)
[DEBUG PE_KG] Starting computation: Nx=128, Ny=128, sample phi[0]=(1.22571e-06,-3.63627e-06)
[DEBUG KE_KG] Nx=128, Ny=128, dx=1, T=1.48659, sample phi_dot[0]=(-1.79747e-06,-5.62661e-07)
[DEBUG PE_KG] Starting computation: Nx=128, Ny=128, sample phi[0]=(-5.23003e-07,-4.08641e-06)
[DEBUG KE_KG] Nx=128, Ny=128, dx=1, T=1.48638, sample phi_dot[0]=(-8.96634e-07,1.41171e-06)
[DEBUG PE_KG] Starting computation: Nx=128, Ny=128, sample phi[0]=(-1.65946e-06,-2.36471e-06)
[DEBUG KE_KG] Nx=128, Ny=128, dx=1, T=1.48628, sample phi_dot[0]=(1.17424e-07,1.92662e-06)
[DEBUG PE_KG] Starting computation: Nx=128, Ny=128, sample phi[0]=(-1.41427e-06,2.01984e-07)
[DEBUG KE_KG] Nx=128, Ny=128, dx=1, T=1.48643, sample phi_dot[0]=(6.08627e-07,9.56147e-07)
[DEBUG PE_KG] Starting computation: Nx=128, Ny=128, sample phi[0]=(-3.99375e-07,1.88573e-06)
[DEBUG KE_KG] Nx=128, Ny=128, dx=1, T=1.48647, sample phi_dot[0]=(4.85942e-07,-3.05463e-07)
[DEBUG PE_KG] Starting computation: Nx=128, Ny=128, sample phi[0]=(6.17749e-07,1.75648e-06)
[DEBUG KE_KG] Nx=128, Ny=128, dx=1, T=1.48635, sample phi_dot[0]=(-1.70937e-07,-8.16225e-07)
[DEBUG PE_KG] Starting computation: Nx=128, Ny=128, sample phi[0]=(1.00711e-06,4.76363e-07)
  Step 1500/5000 | R_avg = 0.999771 | norm = 1.49891
[DEBUG KE_KG] Nx=128, Ny=128, dx=1, T=1.48618, sample phi_dot[0]=(-8.16792e-07,-4.68266e-07)
[DEBUG PE_KG] Starting computation: Nx=128, Ny=128, sample phi[0]=(4.90608e-07,-1.00843e-06)
[DEBUG KE_KG] Nx=128, Ny=128, dx=1, T=1.48641, sample phi_dot[0]=(-6.13461e-07,6.10906e-07)
[DEBUG PE_KG] Starting computation: Nx=128, Ny=128, sample phi[0]=(-2.58052e-07,-1.74393e-06)
[DEBUG KE_KG] Nx=128, Ny=128, dx=1, T=1.48619, sample phi_dot[0]=(-3.28756e-07,1.56449e-06)
[DEBUG PE_KG] Starting computation: Nx=128, Ny=128, sample phi[0]=(-9.29138e-07,-1.48916e-06)
[DEBUG KE_KG] Nx=128, Ny=128, dx=1, T=1.48613, sample phi_dot[0]=(5.0603e-07,1.8576e-06)
[DEBUG PE_KG] Starting computation: Nx=128, Ny=128, sample phi[0]=(-1.25272e-06,-4.02795e-07)
[DEBUG KE_KG] Nx=128, Ny=128, dx=1, T=1.4862, sample phi_dot[0]=(1.13294e-06,1.53149e-06)
[DEBUG PE_KG] Starting computation: Nx=128, Ny=128, sample phi[0]=(-1.07376e-06,1.10144e-06)
[DEBUG KE_KG] Nx=128, Ny=128, dx=1, T=1.48616, sample phi_dot[0]=(1.50195e-06,1.92111e-07)
[DEBUG PE_KG] Starting computation: Nx=128, Ny=128, sample phi[0]=(-3.37457e-07,2.55449e-06)
[DEBUG KE_KG] Nx=128, Ny=128, dx=1, T=1.48611, sample phi_dot[0]=(1.26842e-06,-1.24806e-06)
[DEBUG PE_KG] Starting computation: Nx=128, Ny=128, sample phi[0]=(7.23581e-07,3.0692e-06)
[DEBUG KE_KG] Nx=128, Ny=128, dx=1, T=1.48616, sample phi_dot[0]=(2.92081e-07,-2.66358e-06)
[DEBUG PE_KG] Starting computation: Nx=128, Ny=128, sample phi[0]=(1.70053e-06,2.45839e-06)
[DEBUG KE_KG] Nx=128, Ny=128, dx=1, T=1.48614, sample phi_dot[0]=(-8.33396e-07,-2.97716e-06)
[DEBUG PE_KG] Starting computation: Nx=128, Ny=128, sample phi[0]=(1.81742e-06,5.09696e-07)
[DEBUG KE_KG] Nx=128, Ny=128, dx=1, T=1.48605, sample phi_dot[0]=(-1.41553e-06,-2.02311e-06)
[DEBUG PE_KG] Starting computation: Nx=128, Ny=128, sample phi[0]=(1.33742e-06,-1.55498e-06)
  Step 2000/5000 | R_avg = 0.999781 | norm = 1.49878
[DEBUG KE_KG] Nx=128, Ny=128, dx=1, T=1.48601, sample phi_dot[0]=(-1.48072e-06,-4.72589e-07)
[DEBUG PE_KG] Starting computation: Nx=128, Ny=128, sample phi[0]=(2.96376e-07,-2.94258e-06)
[DEBUG KE_KG] Nx=128, Ny=128, dx=1, T=1.48605, sample phi_dot[0]=(-6.49175e-07,1.36679e-07)
[DEBUG PE_KG] Starting computation: Nx=128, Ny=128, sample phi[0]=(-3.8508e-07,-3.52462e-06)
