[Logging] Console output for 64x64 v=0c writing to: /home/persist/neotec/0rigin/output/20251228_161628_em_coupling_disabled_regression_64x64/console.log

--- Testing with N=1 ---
  Vortex initialization (grid-independent):
    Domain size: 100 ℓ_P
    Grid spacing: 1.5625 ℓ_P
    Core radius: 3 ℓ_P (1.92 grid points)
    Center: (50, 50) ℓ_P
    Winding number: W = 1
  Dirac initialization (grid-independent):
    Position: (60, 50) ℓ_P
    Width: 3 ℓ_P
    Grid coordinates: (38.4, 32) grid units
    Grid width: 1.92 grid units
  Using Dirac solver (spinor field)
[DiracEvolution] Initialized 64x64 4-component spinor field (particle, β=1)
[DiracEvolution] Initialized Gaussian wavepacket at (38.4, 32) with σ=1.92
[SMFTEngine] Dirac field initialized: center=(38.4,32), sigma=1.92, norm=1
[DiracEvolution] Initialized 64x64 4-component spinor field (particle, β=1)
[DiracEvolution] Initialized Gaussian wavepacket at (38.4, 32) with σ=1.92
  Initial energy E0 = 1.23759
  Initial norm = 1
[stepWithDirac] Strang splitting enabled:
  substep_ratio=1
  substep_dt=0.01
  half_substeps=0
  remaining_substeps=1
  Saved spatial snapshot at t = 0 (step 0)
  Actual initial energy E0 = 1.22857 (from first observation including EM)
  Step 0/2000 | R_avg = 0.968093 | norm = 1
  Step 100/2000 | R_avg = 0.968259 | norm = 0.999976
  Step 200/2000 | R_avg = 0.968149 | norm = 0.999952
  Step 300/2000 | R_avg = 0.968134 | norm = 0.999926
  Step 400/2000 | R_avg = 0.968157 | norm = 0.999899
  Step 500/2000 | R_avg = 0.968199 | norm = 0.999872
  Step 600/2000 | R_avg = 0.968202 | norm = 0.999845
  Step 700/2000 | R_avg = 0.968173 | norm = 0.999817
  Step 800/2000 | R_avg = 0.968106 | norm = 0.99979
  Step 900/2000 | R_avg = 0.968136 | norm = 0.999764
  Step 1000/2000 | R_avg = 0.968202 | norm = 0.999738
  Step 1100/2000 | R_avg = 0.96809 | norm = 0.999712
  Step 1200/2000 | R_avg = 0.967997 | norm = 0.999686
  Step 1300/2000 | R_avg = 0.968067 | norm = 0.99966
  Step 1400/2000 | R_avg = 0.968108 | norm = 0.999633
  Step 1500/2000 | R_avg = 0.968206 | norm = 0.999607
  Step 1600/2000 | R_avg = 0.968109 | norm = 0.99958
  Step 1700/2000 | R_avg = 0.967597 | norm = 0.999554
  Step 1800/2000 | R_avg = 0.968189 | norm = 0.999526
  Step 1900/2000 | R_avg = 0.968195 | norm = 0.999499

===== Global Validation =====
✓ Global validation PASSED
  ✓ Probability Conservation: ||ψ||² = 0.999472 (drift: 0.0527493% from initial 1) ✓ PASS
  ✓ Energy Conservation: E_total = 1.23598 (drift: 0.602895% from initial 1.22857) ✓ PASS
  ✓ Order Parameter Bounds: R ∈ [1, 1] ✓ PASS (within [0,1])
  ✓ Causality: v = |p|/E = 0.00823984 (c = 1) ✓ PASS (v ≤ c)
  ✓ Numerical Stability: All fields finite ✓ PASS

===== Scenario 2.1: Defect Localization Validation =====
✗ Scenario validation FAILED:
  ✓ 1. θ(x,y,t=0) shows vortex structure (W = ±1): Winding number W = 1 ✓ PASS (|W| ≈ 1)
  ✗ 3. R(x,y,t=0) shows core (R_min < 0.5): R_min = 1 ✗ FAIL (expect R_min < 0.5)
  Norm validation: max_error = 0.00052765 ✓ PASS
  Energy validation: max_drift = 0.00616254 ✓ PASS
  Saved observables to /home/persist/neotec/0rigin/output/20251228_161628_em_coupling_disabled_regression_64x64/N_1/observables.csv

--- Testing with N=10 ---
  Vortex initialization (grid-independent):
    Domain size: 100 ℓ_P
    Grid spacing: 1.5625 ℓ_P
    Core radius: 3 ℓ_P (1.92 grid points)
    Center: (50, 50) ℓ_P
    Winding number: W = 1
  Dirac initialization (grid-independent):
    Position: (60, 50) ℓ_P
    Width: 3 ℓ_P
    Grid coordinates: (38.4, 32) grid units
    Grid width: 1.92 grid units
  Using Dirac solver (spinor field)
[DiracEvolution] Initialized Gaussian wavepacket at (38.4, 32) with σ=1.92
[SMFTEngine] Dirac field initialized: center=(38.4,32), sigma=1.92, norm=1
[DiracEvolution] Initialized 64x64 4-component spinor field (particle, β=1)
[DiracEvolution] Initialized Gaussian wavepacket at (38.4, 32) with σ=1.92
  Initial energy E0 = 1.23759
  Initial norm = 1
  Saved spatial snapshot at t = 0 (step 0)
  Actual initial energy E0 = 1.22857 (from first observation including EM)
  Step 0/2000 | R_avg = 0.968179 | norm = 1
  Step 100/2000 | R_avg = 0.968172 | norm = 0.999976
  Step 200/2000 | R_avg = 0.968163 | norm = 0.999951
  Step 300/2000 | R_avg = 0.968232 | norm = 0.999925
  Step 400/2000 | R_avg = 0.968214 | norm = 0.999898
  Step 500/2000 | R_avg = 0.968168 | norm = 0.999871
  Step 600/2000 | R_avg = 0.967926 | norm = 0.999844
  Step 700/2000 | R_avg = 0.968165 | norm = 0.999817
  Step 800/2000 | R_avg = 0.96813 | norm = 0.99979
  Step 900/2000 | R_avg = 0.968192 | norm = 0.999763
  Step 1000/2000 | R_avg = 0.968066 | norm = 0.999737
  Step 1100/2000 | R_avg = 0.9682 | norm = 0.999711
  Step 1200/2000 | R_avg = 0.968113 | norm = 0.999685
  Step 1300/2000 | R_avg = 0.968182 | norm = 0.999659
  Step 1400/2000 | R_avg = 0.968222 | norm = 0.999632
  Step 1500/2000 | R_avg = 0.968155 | norm = 0.999606
  Step 1600/2000 | R_avg = 0.967839 | norm = 0.999579
  Step 1700/2000 | R_avg = 0.968134 | norm = 0.999552
  Step 1800/2000 | R_avg = 0.968137 | norm = 0.999525
  Step 1900/2000 | R_avg = 0.968133 | norm = 0.999497

===== Global Validation =====
✓ Global validation PASSED
  ✓ Probability Conservation: ||ψ||² = 0.99947 (drift: 0.0529547% from initial 1) ✓ PASS
  ✓ Energy Conservation: E_total = 1.23596 (drift: 0.601538% from initial 1.22857) ✓ PASS
  ✓ Order Parameter Bounds: R ∈ [1, 1] ✓ PASS (within [0,1])
  ✓ Causality: v = |p|/E = 0.00889003 (c = 1) ✓ PASS (v ≤ c)
  ✓ Numerical Stability: All fields finite ✓ PASS

===== Scenario 2.1: Defect Localization Validation =====
✗ Scenario validation FAILED:
  ✓ 1. θ(x,y,t=0) shows vortex structure (W = ±1): Winding number W = 1 ✓ PASS (|W| ≈ 1)
  ✗ 3. R(x,y,t=0) shows core (R_min < 0.5): R_min = 1 ✗ FAIL (expect R_min < 0.5)
  Norm validation: max_error = 0.000529744 ✓ PASS
  Energy validation: max_drift = 0.00606412 ✓ PASS
  Saved observables to /home/persist/neotec/0rigin/output/20251228_161628_em_coupling_disabled_regression_64x64/N_10/observables.csv

--- Testing with N=100 ---
  Vortex initialization (grid-independent):
    Domain size: 100 ℓ_P
    Grid spacing: 1.5625 ℓ_P
    Core radius: 3 ℓ_P (1.92 grid points)
    Center: (50, 50) ℓ_P
    Winding number: W = 1
  Dirac initialization (grid-independent):
    Position: (60, 50) ℓ_P
    Width: 3 ℓ_P
    Grid coordinates: (38.4, 32) grid units
    Grid width: 1.92 grid units
  Using Dirac solver (spinor field)
[DiracEvolution] Initialized Gaussian wavepacket at (38.4, 32) with σ=1.92
[SMFTEngine] Dirac field initialized: center=(38.4,32), sigma=1.92, norm=1
[DiracEvolution] Initialized 64x64 4-component spinor field (particle, β=1)
[DiracEvolution] Initialized Gaussian wavepacket at (38.4, 32) with σ=1.92
  Initial energy E0 = 1.23759
  Initial norm = 1
  Saved spatial snapshot at t = 0 (step 0)
  Actual initial energy E0 = 1.22857 (from first observation including EM)
  Step 0/2000 | R_avg = 0.968165 | norm = 1
  Step 100/2000 | R_avg = 0.968271 | norm = 0.999977
  Step 200/2000 | R_avg = 0.967881 | norm = 0.999952
  Step 300/2000 | R_avg = 0.968148 | norm = 0.999925
  Step 400/2000 | R_avg = 0.968049 | norm = 0.999899
  Step 500/2000 | R_avg = 0.968165 | norm = 0.999872
  Step 600/2000 | R_avg = 0.968206 | norm = 0.999845
  Step 700/2000 | R_avg = 0.968216 | norm = 0.999817
  Step 800/2000 | R_avg = 0.968132 | norm = 0.999791
  Step 900/2000 | R_avg = 0.968189 | norm = 0.999764
  Step 1000/2000 | R_avg = 0.96823 | norm = 0.999738
  Step 1100/2000 | R_avg = 0.968304 | norm = 0.999712
  Step 1200/2000 | R_avg = 0.968206 | norm = 0.999686
  Step 1300/2000 | R_avg = 0.968158 | norm = 0.99966
  Step 1400/2000 | R_avg = 0.967873 | norm = 0.999634
  Step 1500/2000 | R_avg = 0.968186 | norm = 0.999607
  Step 1600/2000 | R_avg = 0.968066 | norm = 0.99958
  Step 1700/2000 | R_avg = 0.968155 | norm = 0.999553
  Step 1800/2000 | R_avg = 0.968175 | norm = 0.999526
  Step 1900/2000 | R_avg = 0.968195 | norm = 0.999499

===== Global Validation =====
✓ Global validation PASSED
  ✓ Probability Conservation: ||ψ||² = 0.999472 (drift: 0.0528102% from initial 1) ✓ PASS
  ✓ Energy Conservation: E_total = 1.23588 (drift: 0.594538% from initial 1.22857) ✓ PASS
  ✓ Order Parameter Bounds: R ∈ [1, 1] ✓ PASS (within [0,1])
  ✓ Causality: v = |p|/E = 0.00882308 (c = 1) ✓ PASS (v ≤ c)
  ✓ Numerical Stability: All fields finite ✓ PASS

===== Scenario 2.1: Defect Localization Validation =====
✗ Scenario validation FAILED:
  ✓ 1. θ(x,y,t=0) shows vortex structure (W = ±1): Winding number W = 1 ✓ PASS (|W| ≈ 1)
  ✗ 3. R(x,y,t=0) shows core (R_min < 0.5): R_min = 1 ✗ FAIL (expect R_min < 0.5)
  Norm validation: max_error = 0.000528299 ✓ PASS
  Energy validation: max_drift = 0.00602057 ✓ PASS
  Saved observables to /home/persist/neotec/0rigin/output/20251228_161628_em_coupling_disabled_regression_64x64/N_100/observables.csv

--- Validating Convergence ---
✓ Convergence validation PASSED

========================================
Velocity: v=0.3c
========================================

Initializing engine for 64×64 grid, velocity v=0.3c...
[SMFTEngine] Resources cleanup delegated to component managers

[SMFTEngine] Physical Interpretation:
  Vacuum potential Δ = 1 (Planck mass in natural units)
  Synchronization field R(x) → Emergent spacetime metric
  Mass field m(x) = Δ·R(x) → Local energy density
  ∇R(x) → Gravitational field (not separate force)
  Grid: 64 x 64 oscillators

[SMFTEngine] Created GPU buffers for 64x64 grid
  Phase buffers: 16384 bytes each
  Spinor buffer: 131072 bytes
  Accumulator buffers: 16384 bytes each (operator splitting)
[SMFTEngine] Created compute pipelines
  ✓ Kuramoto pipeline
  ✓ Sync field pipeline
  ✓ Gravity field pipeline
  ✓ Stochastic Kuramoto pipeline
  ✓ Stochastic Dirac pipeline
  ✓ Accumulation pipeline (operator splitting)
Created experiment directory: /home/persist/neotec/0rigin/output/20251228_161742_em_coupling_disabled_regression_64x64_v0.3
[OutputManager] Created timestamped directory: /home/persist/neotec/0rigin/output/20251228_161742_em_coupling_disabled_regression_64x64_v0.3
