[Logging] Console output for 128x128 writing to: /home/persist/neotec/0rigin/output/20251226_015126_scenario_2.5A_klein_gordon_comparison_v0.7/console.log

--- Testing with N=10 ---
[DEBUG] solver_type = 'klein_gordon', use_klein_gordon = 1
  Dirac initialization (grid-independent):
    Position: (50, 50) ℓ_P
    Width: 3 ℓ_P
    Grid coordinates: (64, 64) grid units
    Grid width: 3.84 grid units
  Using Klein-Gordon solver (scalar field) with boosted initialization
    Background R (expected): 1
[KleinGordonEvolution] Initialized 128x128 scalar field
[SMFT] Boosted Gaussian initialization (Klein-Gordon):
  Position: (64, 64) grid units
  Width: σ = 3.84 grid units
  Velocity: v = (0.7, 0)c
  |v| = 0.7c
  Lorentz factor: γ = 1.40028
  Rest mass: m₀ = Δ·R = 1 × 1 = 1 m_P
  Momentum: p = (0.980196, 0) m_P·c
  |p| = 0.980196 m_P·c
  Energy: ω = 1.40028 m_P·c²
[KleinGordonEvolution] Initialized Gaussian wavepacket at (64, 64) with σ=3.84
  Final norm: ||φ||² = 1
  Initial position: <r> = (64, 64)
✓ Boosted Gaussian initialized (Klein-Gordon)
[SMFTEngine] Boosted Klein-Gordon field initialized: center=(64,64), sigma=3.84, boost=(0.7,0)c, norm=1, <r>=(64,64)
[DiracEvolution] Initialized 128x128 4-component spinor field (particle, β=1)
[DEBUG] Computing Klein-Gordon initial observables...
[DEBUG KG Native] E_native = 2.98939, KE_native = 2.98939, PE_native = 0
[DEBUG KE_KG] Nx=128, Ny=128, dx=1, T=1.96079, sample phi_dot[0]=(0,0)
[DEBUG PE_KG] Starting computation: Nx=128, Ny=128, sample phi[0]=(0,0)
[DEBUG ObsComputer] E0 = 3.67103, KE = 1.96079, PE = 1.71024
  Initial energy E0 = 3.67103
  Initial norm = 1
[stepWithDirac] Strang splitting enabled:
  substep_ratio=10
  substep_dt=0.001
  half_substeps=5
  remaining_substeps=5
  Saved spatial snapshot at t = 0 (step 0)
[DEBUG KE_KG] Nx=128, Ny=128, dx=1, T=1.96042, sample phi_dot[0]=(7.05889e-11,-5.06488e-09)
[DEBUG PE_KG] Starting computation: Nx=128, Ny=128, sample phi[0]=(-1.90864e-09,9.70587e-09)
  Step 0/5000 | R_avg = 0.999708 | norm = 1.00038
[DEBUG KE_KG] Nx=128, Ny=128, dx=1, T=1.28865, sample phi_dot[0]=(-6.32807e-09,-1.32057e-07)
[DEBUG PE_KG] Starting computation: Nx=128, Ny=128, sample phi[0]=(-2.31062e-08,5.4047e-07)
[DEBUG KE_KG] Nx=128, Ny=128, dx=1, T=1.18742, sample phi_dot[0]=(4.90036e-09,-5.58174e-07)
[DEBUG PE_KG] Starting computation: Nx=128, Ny=128, sample phi[0]=(5.08335e-08,9.75719e-07)
[DEBUG KE_KG] Nx=128, Ny=128, dx=1, T=1.87812, sample phi_dot[0]=(-6.97808e-08,-1.01442e-06)
[DEBUG PE_KG] Starting computation: Nx=128, Ny=128, sample phi[0]=(3.84107e-07,9.05954e-07)
[DEBUG KE_KG] Nx=128, Ny=128, dx=1, T=1.46745, sample phi_dot[0]=(-3.83877e-07,-1.29158e-06)
[DEBUG PE_KG] Starting computation: Nx=128, Ny=128, sample phi[0]=(8.46904e-07,-3.99234e-08)
[DEBUG KE_KG] Nx=128, Ny=128, dx=1, T=1.18949, sample phi_dot[0]=(-8.19635e-07,-8.40675e-07)
[DEBUG PE_KG] Starting computation: Nx=128, Ny=128, sample phi[0]=(9.29146e-07,-1.74234e-06)
[DEBUG KE_KG] Nx=128, Ny=128, dx=1, T=1.69034, sample phi_dot[0]=(-1.17999e-06,3.71868e-07)
[DEBUG PE_KG] Starting computation: Nx=128, Ny=128, sample phi[0]=(2.23159e-07,-3.2436e-06)
[DEBUG KE_KG] Nx=128, Ny=128, dx=1, T=1.57301, sample phi_dot[0]=(-9.79973e-07,2.1255e-06)
[DEBUG PE_KG] Starting computation: Nx=128, Ny=128, sample phi[0]=(-1.1124e-06,-3.40355e-06)
[DEBUG KE_KG] Nx=128, Ny=128, dx=1, T=1.3018, sample phi_dot[0]=(-1.45671e-07,3.41981e-06)
[DEBUG PE_KG] Starting computation: Nx=128, Ny=128, sample phi[0]=(-2.3241e-06,-1.57665e-06)
[DEBUG KE_KG] Nx=128, Ny=128, dx=1, T=1.53287, sample phi_dot[0]=(1.15803e-06,3.49174e-06)
[DEBUG PE_KG] Starting computation: Nx=128, Ny=128, sample phi[0]=(-2.55157e-06,1.69117e-06)
[DEBUG KE_KG] Nx=128, Ny=128, dx=1, T=1.57228, sample phi_dot[0]=(2.22736e-06,1.85304e-06)
[DEBUG PE_KG] Starting computation: Nx=128, Ny=128, sample phi[0]=(-1.35876e-06,4.85597e-06)
  Step 500/5000 | R_avg = 0.999729 | norm = 1.38609
[DEBUG KE_KG] Nx=128, Ny=128, dx=1, T=1.42049, sample phi_dot[0]=(2.4059e-06,-1.08844e-06)
[DEBUG PE_KG] Starting computation: Nx=128, Ny=128, sample phi[0]=(7.29311e-07,6.07291e-06)
[DEBUG KE_KG] Nx=128, Ny=128, dx=1, T=1.47043, sample phi_dot[0]=(1.47365e-06,-3.79731e-06)
[DEBUG PE_KG] Starting computation: Nx=128, Ny=128, sample phi[0]=(2.66671e-06,4.47195e-06)
[DEBUG KE_KG] Nx=128, Ny=128, dx=1, T=1.52561, sample phi_dot[0]=(-1.41818e-07,-5.1297e-06)
[DEBUG PE_KG] Starting computation: Nx=128, Ny=128, sample phi[0]=(3.44371e-06,7.8919e-07)
[DEBUG KE_KG] Nx=128, Ny=128, dx=1, T=1.48023, sample phi_dot[0]=(-1.71313e-06,-4.47417e-06)
[DEBUG PE_KG] Starting computation: Nx=128, Ny=128, sample phi[0]=(2.73778e-06,-3.41947e-06)
[DEBUG KE_KG] Nx=128, Ny=128, dx=1, T=1.47131, sample phi_dot[0]=(-2.58925e-06,-1.92826e-06)
[DEBUG PE_KG] Starting computation: Nx=128, Ny=128, sample phi[0]=(9.2074e-07,-6.2787e-06)
[DEBUG KE_KG] Nx=128, Ny=128, dx=1, T=1.49317, sample phi_dot[0]=(-2.48275e-06,1.41053e-06)
[DEBUG PE_KG] Starting computation: Nx=128, Ny=128, sample phi[0]=(-1.18808e-06,-6.44574e-06)
[DEBUG KE_KG] Nx=128, Ny=128, dx=1, T=1.491, sample phi_dot[0]=(-1.49401e-06,3.86269e-06)
[DEBUG PE_KG] Starting computation: Nx=128, Ny=128, sample phi[0]=(-2.7727e-06,-4.05774e-06)
[DEBUG KE_KG] Nx=128, Ny=128, dx=1, T=1.48317, sample phi_dot[0]=(-2.86901e-08,4.98569e-06)
[DEBUG PE_KG] Starting computation: Nx=128, Ny=128, sample phi[0]=(-3.26274e-06,-2.56511e-07)
[DEBUG KE_KG] Nx=128, Ny=128, dx=1, T=1.48514, sample phi_dot[0]=(1.38067e-06,4.26301e-06)
[DEBUG PE_KG] Starting computation: Nx=128, Ny=128, sample phi[0]=(-2.44431e-06,3.61542e-06)
  Saved spatial snapshot at t = 10 (step 1000)
[DEBUG KE_KG] Nx=128, Ny=128, dx=1, T=1.48764, sample phi_dot[0]=(2.25793e-06,1.93341e-06)
[DEBUG PE_KG] Starting computation: Nx=128, Ny=128, sample phi[0]=(-7.13758e-07,5.83284e-06)
  Step 1000/5000 | R_avg = 0.999759 | norm = 1.4982
[DEBUG KE_KG] Nx=128, Ny=128, dx=1, T=1.48683, sample phi_dot[0]=(2.23793e-06,-9.49406e-07)
[DEBUG PE_KG] Starting computation: Nx=128, Ny=128, sample phi[0]=(1.26848e-06,5.5574e-06)
[DEBUG KE_KG] Nx=128, Ny=128, dx=1, T=1.48594, sample phi_dot[0]=(1.22442e-06,-3.37383e-06)
[DEBUG PE_KG] Starting computation: Nx=128, Ny=128, sample phi[0]=(2.51127e-06,2.91415e-06)
[DEBUG KE_KG] Nx=128, Ny=128, dx=1, T=1.48613, sample phi_dot[0]=(-4.83317e-08,-4.18199e-06)
[DEBUG PE_KG] Starting computation: Nx=128, Ny=128, sample phi[0]=(2.4562e-06,-8.19156e-07)
[DEBUG KE_KG] Nx=128, Ny=128, dx=1, T=1.48646, sample phi_dot[0]=(-1.18287e-06,-2.79963e-06)
[DEBUG PE_KG] Starting computation: Nx=128, Ny=128, sample phi[0]=(1.27051e-06,-3.66746e-06)
[DEBUG KE_KG] Nx=128, Ny=128, dx=1, T=1.48633, sample phi_dot[0]=(-1.54953e-06,-4.84908e-07)
[DEBUG PE_KG] Starting computation: Nx=128, Ny=128, sample phi[0]=(-3.65283e-07,-4.09857e-06)
[DEBUG KE_KG] Nx=128, Ny=128, dx=1, T=1.48626, sample phi_dot[0]=(-9.19983e-07,1.33063e-06)
[DEBUG PE_KG] Starting computation: Nx=128, Ny=128, sample phi[0]=(-1.40231e-06,-2.42019e-06)
[DEBUG KE_KG] Nx=128, Ny=128, dx=1, T=1.48626, sample phi_dot[0]=(-2.03241e-08,1.95057e-06)
[DEBUG PE_KG] Starting computation: Nx=128, Ny=128, sample phi[0]=(-1.28777e-06,3.57072e-08)
[DEBUG KE_KG] Nx=128, Ny=128, dx=1, T=1.48628, sample phi_dot[0]=(5.71217e-07,1.15975e-06)
[DEBUG PE_KG] Starting computation: Nx=128, Ny=128, sample phi[0]=(-3.84536e-07,1.77126e-06)
[DEBUG KE_KG] Nx=128, Ny=128, dx=1, T=1.48618, sample phi_dot[0]=(3.68791e-07,-1.99297e-07)
[DEBUG PE_KG] Starting computation: Nx=128, Ny=128, sample phi[0]=(5.77876e-07,1.82245e-06)
[DEBUG KE_KG] Nx=128, Ny=128, dx=1, T=1.48611, sample phi_dot[0]=(-3.22483e-07,-7.53966e-07)
[DEBUG PE_KG] Starting computation: Nx=128, Ny=128, sample phi[0]=(7.77354e-07,6.89572e-07)
  Step 1500/5000 | R_avg = 0.999736 | norm = 1.49891
[DEBUG KE_KG] Nx=128, Ny=128, dx=1, T=1.48609, sample phi_dot[0]=(-6.17225e-07,-7.10965e-07)
[DEBUG PE_KG] Starting computation: Nx=128, Ny=128, sample phi[0]=(4.1273e-07,-7.27946e-07)
[DEBUG KE_KG] Nx=128, Ny=128, dx=1, T=1.48612, sample phi_dot[0]=(-7.06447e-07,4.82032e-07)
[DEBUG PE_KG] Starting computation: Nx=128, Ny=128, sample phi[0]=(-1.69895e-07,-1.64318e-06)
[DEBUG KE_KG] Nx=128, Ny=128, dx=1, T=1.48618, sample phi_dot[0]=(-3.15502e-07,1.47006e-06)
[DEBUG PE_KG] Starting computation: Nx=128, Ny=128, sample phi[0]=(-8.06659e-07,-1.44661e-06)
[DEBUG KE_KG] Nx=128, Ny=128, dx=1, T=1.48619, sample phi_dot[0]=(4.72614e-07,1.69508e-06)
[DEBUG PE_KG] Starting computation: Nx=128, Ny=128, sample phi[0]=(-1.11643e-06,-5.69825e-07)
[DEBUG KE_KG] Nx=128, Ny=128, dx=1, T=1.48612, sample phi_dot[0]=(9.5102e-07,1.3971e-06)
[DEBUG PE_KG] Starting computation: Nx=128, Ny=128, sample phi[0]=(-1.05585e-06,7.24066e-07)
[DEBUG KE_KG] Nx=128, Ny=128, dx=1, T=1.48613, sample phi_dot[0]=(1.37822e-06,4.76009e-07)
[DEBUG PE_KG] Starting computation: Nx=128, Ny=128, sample phi[0]=(-6.63742e-07,2.18549e-06)
[DEBUG KE_KG] Nx=128, Ny=128, dx=1, T=1.48599, sample phi_dot[0]=(1.43301e-06,-1.18795e-06)
[DEBUG PE_KG] Starting computation: Nx=128, Ny=128, sample phi[0]=(3.59282e-07,2.8994e-06)
[DEBUG KE_KG] Nx=128, Ny=128, dx=1, T=1.48603, sample phi_dot[0]=(5.72397e-07,-2.2383e-06)
[DEBUG PE_KG] Starting computation: Nx=128, Ny=128, sample phi[0]=(1.38002e-06,2.45653e-06)
[DEBUG KE_KG] Nx=128, Ny=128, dx=1, T=1.486, sample phi_dot[0]=(-4.37879e-07,-2.60275e-06)
[DEBUG PE_KG] Starting computation: Nx=128, Ny=128, sample phi[0]=(1.8489e-06,9.49396e-07)
[DEBUG KE_KG] Nx=128, Ny=128, dx=1, T=1.48593, sample phi_dot[0]=(-1.13348e-06,-1.91436e-06)
[DEBUG PE_KG] Starting computation: Nx=128, Ny=128, sample phi[0]=(1.59643e-06,-8.49488e-07)
  Step 2000/5000 | R_avg = 0.999713 | norm = 1.49868
[DEBUG KE_KG] Nx=128, Ny=128, dx=1, T=1.4859, sample phi_dot[0]=(-1.30666e-06,-1.11601e-06)
[DEBUG PE_KG] Starting computation: Nx=128, Ny=128, sample phi[0]=(8.48895e-07,-2.48348e-06)
[DEBUG KE_KG] Nx=128, Ny=128, dx=1, T=1.48598, sample phi_dot[0]=(-8.94617e-07,-1.69789e-07)
[DEBUG PE_KG] Starting computation: Nx=128, Ny=128, sample phi[0]=(1.05157e-07,-3.51616e-06)
