[Logging] Console output for 64x64 v=0.3c writing to: /home/persist/neotec/0rigin/output/20251228_054521_em_coupling_disabled_regression_64x64_v0.3/console.log

--- Testing with N=1 ---
  Vortex initialization (grid-independent):
    Domain size: 100 ℓ_P
    Grid spacing: 1.5625 ℓ_P
    Core radius: 3 ℓ_P (1.92 grid points)
    Center: (50, 50) ℓ_P
    Winding number: W = 1
  Dirac initialization (grid-independent):
    Position: (60, 50) ℓ_P
    Width: 3 ℓ_P
    Grid coordinates: (38.4, 32) grid units
    Grid width: 1.92 grid units
  Using Dirac solver (spinor field) with boosted initialization
    Background R (expected): 1
[DiracEvolution] Initialized 64x64 4-component spinor field (particle, β=1)
[SMFT] Boosted Gaussian initialization:
  Position: (38.4, 32) grid units
  Width: σ = 1.92 grid units
  Velocity: v = (0.3, 0)c
  |v| = 0.3c
  Lorentz factor: γ = 1.04828
  Rest mass: m₀ = Δ·R = 1 × 1 = 1 m_P
  Momentum: p = (0.314485, 0) m_P·c
  |p| = 0.314485 m_P·c
  Pre-normalization: ∫|Ψ|² = 23.1623
  Normalization factor: 4.81273
[DiracEvolution] Initialized Gaussian wavepacket at (38.4, 32) with σ=1.92
  Final norm: ||Ψ||² = 1
  Initial position: <r> = (38.4, 32)
✓ Boosted Gaussian initialized
[SMFTEngine] Boosted Dirac field initialized: center=(38.4,32), sigma=1.92, boost=(0.3,0)c, norm=1, <r>=(38.4,32)
[DiracEvolution] Initialized 64x64 4-component spinor field (particle, β=1)
[SMFT] Boosted Gaussian initialization:
  Position: (38.4, 32) grid units
  Width: σ = 1.92 grid units
  Velocity: v = (0.3, 0)c
  |v| = 0.3c
  Lorentz factor: γ = 1.04828
  Rest mass: m₀ = Δ·R = 1 × 1 = 1 m_P
  Momentum: p = (0.314485, 0) m_P·c
  |p| = 0.314485 m_P·c
  Pre-normalization: ∫|Ψ|² = 23.1623
  Normalization factor: 4.81273
[DiracEvolution] Initialized Gaussian wavepacket at (38.4, 32) with σ=1.92
  Final norm: ||Ψ||² = 1
  Initial position: <r> = (38.4, 32)
✓ Boosted Gaussian initialized
  Initial energy E0 = 1.31054
  Initial norm = 1
  Saved spatial snapshot at t = 0 (step 0)
  Actual initial energy E0 = 1.30152 (from first observation including EM)
  Step 0/2000 | R_avg = 0.968165 | norm = 1
  Step 100/2000 | R_avg = 0.968173 | norm = 0.999975
  Step 200/2000 | R_avg = 0.968226 | norm = 0.999948
  Step 300/2000 | R_avg = 0.968199 | norm = 0.999921
  Step 400/2000 | R_avg = 0.968228 | norm = 0.999894
  Step 500/2000 | R_avg = 0.968239 | norm = 0.999867
  Step 600/2000 | R_avg = 0.968182 | norm = 0.999839
  Step 700/2000 | R_avg = 0.968097 | norm = 0.999811
  Step 800/2000 | R_avg = 0.968212 | norm = 0.999783
  Step 900/2000 | R_avg = 0.968074 | norm = 0.999756
  Step 1000/2000 | R_avg = 0.968158 | norm = 0.999729
  Step 1100/2000 | R_avg = 0.968177 | norm = 0.999703
  Step 1200/2000 | R_avg = 0.968131 | norm = 0.999676
  Step 1300/2000 | R_avg = 0.968165 | norm = 0.999649
  Step 1400/2000 | R_avg = 0.968197 | norm = 0.999622
  Step 1500/2000 | R_avg = 0.968126 | norm = 0.999593
  Step 1600/2000 | R_avg = 0.968213 | norm = 0.999565
  Step 1700/2000 | R_avg = 0.968204 | norm = 0.999536
  Step 1800/2000 | R_avg = 0.968037 | norm = 0.999507
  Step 1900/2000 | R_avg = 0.967997 | norm = 0.999478

===== Global Validation =====
✓ Global validation PASSED
  ✓ Probability Conservation: ||ψ||² = 0.999451 (drift: 0.0549079% from initial 1) ✓ PASS
  ✓ Energy Conservation: E_total = 1.30514 (drift: 0.278027% from initial 1.30152) ✓ PASS
  ✓ Order Parameter Bounds: R ∈ [1, 1] ✓ PASS (within [0,1])
  ✓ Causality: v = |p|/E = 0.213491 (c = 1) ✓ PASS (v ≤ c)
  ✓ Numerical Stability: All fields finite ✓ PASS

===== Scenario 2.3: Relativistic Mass Validation =====
  Boost velocity: v = 0.3c
  Theoretical gamma: γ = 1.04828
✗ Scenario validation FAILED:
  ✓ 1. θ(x,y,t=0) shows vortex structure (W = ±1): Winding number W = 1 ✓ PASS (|W| ≈ 1)
  ✗ 3. R(x,y,t=0) shows core (R_min < 0.5): R_min = 1 ✗ FAIL (expect R_min < 0.5)
  ✓ 4. ψ(x,y,t=0) is Gaussian at offset position: Wavepacket variance = 1.04808e-05 ✓ PASS (localized)
  ✗ 5. ⟨p⟩(t=0) = γmv (within 5%): ⟨p⟩ = 0.289045 (expect 0.314485, error = 8.08952%) ✗ FAIL (exceeds 5% tolerance)
  ✗ 6. γ_measured(t=final) within 5% of theory: γ_measured = 1.31692 (γ_theory = 1.04828, error = 25.6263%) ✗ FAIL (exceeds 5% tolerance)
  Norm validation: max_error = 0.00054928 ✓ PASS
  Energy validation: max_drift = 0.00280081 ✓ PASS
  Saved observables to /home/persist/neotec/0rigin/output/20251228_054521_em_coupling_disabled_regression_64x64_v0.3/N_1/observables.csv

--- Testing with N=10 ---
  Vortex initialization (grid-independent):
    Domain size: 100 ℓ_P
    Grid spacing: 1.5625 ℓ_P
    Core radius: 3 ℓ_P (1.92 grid points)
    Center: (50, 50) ℓ_P
    Winding number: W = 1
  Dirac initialization (grid-independent):
    Position: (60, 50) ℓ_P
    Width: 3 ℓ_P
    Grid coordinates: (38.4, 32) grid units
    Grid width: 1.92 grid units
  Using Dirac solver (spinor field) with boosted initialization
    Background R (expected): 1
[SMFT] Boosted Gaussian initialization:
  Position: (38.4, 32) grid units
  Width: σ = 1.92 grid units
  Velocity: v = (0.3, 0)c
  |v| = 0.3c
  Lorentz factor: γ = 1.04828
  Rest mass: m₀ = Δ·R = 1 × 1 = 1 m_P
  Momentum: p = (0.314485, 0) m_P·c
  |p| = 0.314485 m_P·c
  Pre-normalization: ∫|Ψ|² = 23.1623
  Normalization factor: 4.81273
[DiracEvolution] Initialized Gaussian wavepacket at (38.4, 32) with σ=1.92
  Final norm: ||Ψ||² = 1
  Initial position: <r> = (38.4, 32)
✓ Boosted Gaussian initialized
[SMFTEngine] Boosted Dirac field initialized: center=(38.4,32), sigma=1.92, boost=(0.3,0)c, norm=1, <r>=(38.4,32)
[DiracEvolution] Initialized 64x64 4-component spinor field (particle, β=1)
[SMFT] Boosted Gaussian initialization:
  Position: (38.4, 32) grid units
  Width: σ = 1.92 grid units
  Velocity: v = (0.3, 0)c
  |v| = 0.3c
  Lorentz factor: γ = 1.04828
  Rest mass: m₀ = Δ·R = 1 × 1 = 1 m_P
  Momentum: p = (0.314485, 0) m_P·c
  |p| = 0.314485 m_P·c
  Pre-normalization: ∫|Ψ|² = 23.1623
  Normalization factor: 4.81273
[DiracEvolution] Initialized Gaussian wavepacket at (38.4, 32) with σ=1.92
  Final norm: ||Ψ||² = 1
  Initial position: <r> = (38.4, 32)
✓ Boosted Gaussian initialized
  Initial energy E0 = 1.31054
  Initial norm = 1
  Saved spatial snapshot at t = 0 (step 0)
  Actual initial energy E0 = 1.30151 (from first observation including EM)
  Step 0/2000 | R_avg = 0.968278 | norm = 1
  Step 100/2000 | R_avg = 0.968235 | norm = 0.999975
  Step 200/2000 | R_avg = 0.968147 | norm = 0.999948
  Step 300/2000 | R_avg = 0.96815 | norm = 0.999921
  Step 400/2000 | R_avg = 0.968147 | norm = 0.999894
  Step 500/2000 | R_avg = 0.968207 | norm = 0.999867
  Step 600/2000 | R_avg = 0.967994 | norm = 0.999839
  Step 700/2000 | R_avg = 0.968037 | norm = 0.999811
  Step 800/2000 | R_avg = 0.968147 | norm = 0.999783
  Step 900/2000 | R_avg = 0.968118 | norm = 0.999756
  Step 1000/2000 | R_avg = 0.968188 | norm = 0.999729
  Step 1100/2000 | R_avg = 0.968206 | norm = 0.999703
  Step 1200/2000 | R_avg = 0.96826 | norm = 0.999676
  Step 1300/2000 | R_avg = 0.968118 | norm = 0.999649
  Step 1400/2000 | R_avg = 0.968221 | norm = 0.999622
  Step 1500/2000 | R_avg = 0.968072 | norm = 0.999594
  Step 1600/2000 | R_avg = 0.968033 | norm = 0.999565
  Step 1700/2000 | R_avg = 0.968251 | norm = 0.999537
  Step 1800/2000 | R_avg = 0.968078 | norm = 0.999508
  Step 1900/2000 | R_avg = 0.968149 | norm = 0.99948

===== Global Validation =====
✓ Global validation PASSED
  ✓ Probability Conservation: ||ψ||² = 0.999452 (drift: 0.0548006% from initial 1) ✓ PASS
  ✓ Energy Conservation: E_total = 1.30507 (drift: 0.273883% from initial 1.30151) ✓ PASS
  ✓ Order Parameter Bounds: R ∈ [1, 1] ✓ PASS (within [0,1])
  ✓ Causality: v = |p|/E = 0.213444 (c = 1) ✓ PASS (v ≤ c)
  ✓ Numerical Stability: All fields finite ✓ PASS

===== Scenario 2.3: Relativistic Mass Validation =====
  Boost velocity: v = 0.3c
  Theoretical gamma: γ = 1.04828
✗ Scenario validation FAILED:
  ✓ 1. θ(x,y,t=0) shows vortex structure (W = ±1): Winding number W = 1 ✓ PASS (|W| ≈ 1)
  ✗ 3. R(x,y,t=0) shows core (R_min < 0.5): R_min = 1 ✗ FAIL (expect R_min < 0.5)
  ✓ 4. ψ(x,y,t=0) is Gaussian at offset position: Wavepacket variance = 1.04808e-05 ✓ PASS (localized)
  ✗ 5. ⟨p⟩(t=0) = γmv (within 5%): ⟨p⟩ = 0.289018 (expect 0.314485, error = 8.09801%) ✗ FAIL (exceeds 5% tolerance)
  ✗ 6. γ_measured(t=final) within 5% of theory: γ_measured = 1.3171 (γ_theory = 1.04828, error = 25.6436%) ✗ FAIL (exceeds 5% tolerance)
  Norm validation: max_error = 0.000548209 ✓ PASS
  Energy validation: max_drift = 0.00276279 ✓ PASS
  Saved observables to /home/persist/neotec/0rigin/output/20251228_054521_em_coupling_disabled_regression_64x64_v0.3/N_10/observables.csv

--- Testing with N=100 ---
  Vortex initialization (grid-independent):
    Domain size: 100 ℓ_P
    Grid spacing: 1.5625 ℓ_P
    Core radius: 3 ℓ_P (1.92 grid points)
    Center: (50, 50) ℓ_P
    Winding number: W = 1
  Dirac initialization (grid-independent):
    Position: (60, 50) ℓ_P
    Width: 3 ℓ_P
    Grid coordinates: (38.4, 32) grid units
    Grid width: 1.92 grid units
  Using Dirac solver (spinor field) with boosted initialization
    Background R (expected): 1
[SMFT] Boosted Gaussian initialization:
  Position: (38.4, 32) grid units
  Width: σ = 1.92 grid units
  Velocity: v = (0.3, 0)c
  |v| = 0.3c
  Lorentz factor: γ = 1.04828
  Rest mass: m₀ = Δ·R = 1 × 1 = 1 m_P
  Momentum: p = (0.314485, 0) m_P·c
  |p| = 0.314485 m_P·c
  Pre-normalization: ∫|Ψ|² = 23.1623
  Normalization factor: 4.81273
[DiracEvolution] Initialized Gaussian wavepacket at (38.4, 32) with σ=1.92
  Final norm: ||Ψ||² = 1
  Initial position: <r> = (38.4, 32)
✓ Boosted Gaussian initialized
[SMFTEngine] Boosted Dirac field initialized: center=(38.4,32), sigma=1.92, boost=(0.3,0)c, norm=1, <r>=(38.4,32)
[DiracEvolution] Initialized 64x64 4-component spinor field (particle, β=1)
[SMFT] Boosted Gaussian initialization:
  Position: (38.4, 32) grid units
  Width: σ = 1.92 grid units
  Velocity: v = (0.3, 0)c
  |v| = 0.3c
  Lorentz factor: γ = 1.04828
  Rest mass: m₀ = Δ·R = 1 × 1 = 1 m_P
  Momentum: p = (0.314485, 0) m_P·c
  |p| = 0.314485 m_P·c
  Pre-normalization: ∫|Ψ|² = 23.1623
  Normalization factor: 4.81273
[DiracEvolution] Initialized Gaussian wavepacket at (38.4, 32) with σ=1.92
  Final norm: ||Ψ||² = 1
  Initial position: <r> = (38.4, 32)
✓ Boosted Gaussian initialized
  Initial energy E0 = 1.31054
  Initial norm = 1
  Saved spatial snapshot at t = 0 (step 0)
  Actual initial energy E0 = 1.30151 (from first observation including EM)
  Step 0/2000 | R_avg = 0.968167 | norm = 1
  Step 100/2000 | R_avg = 0.968185 | norm = 0.999975
  Step 200/2000 | R_avg = 0.968171 | norm = 0.999948
  Step 300/2000 | R_avg = 0.968173 | norm = 0.999921
  Step 400/2000 | R_avg = 0.968317 | norm = 0.999894
  Step 500/2000 | R_avg = 0.968183 | norm = 0.999867
  Step 600/2000 | R_avg = 0.96824 | norm = 0.999839
  Step 700/2000 | R_avg = 0.9682 | norm = 0.99981
  Step 800/2000 | R_avg = 0.968176 | norm = 0.999783
  Step 900/2000 | R_avg = 0.968039 | norm = 0.999756
  Step 1000/2000 | R_avg = 0.968146 | norm = 0.999729
  Step 1100/2000 | R_avg = 0.968303 | norm = 0.999702
  Step 1200/2000 | R_avg = 0.968126 | norm = 0.999676
  Step 1300/2000 | R_avg = 0.968073 | norm = 0.999649
  Step 1400/2000 | R_avg = 0.968121 | norm = 0.999621
  Step 1500/2000 | R_avg = 0.968137 | norm = 0.999593
  Step 1600/2000 | R_avg = 0.968162 | norm = 0.999565
  Step 1700/2000 | R_avg = 0.96816 | norm = 0.999536
  Step 1800/2000 | R_avg = 0.968148 | norm = 0.999508
  Step 1900/2000 | R_avg = 0.968169 | norm = 0.999479

===== Global Validation =====
✓ Global validation PASSED
  ✓ Probability Conservation: ||ψ||² = 0.999451 (drift: 0.0548648% from initial 1) ✓ PASS
  ✓ Energy Conservation: E_total = 1.30503 (drift: 0.270495% from initial 1.30151) ✓ PASS
  ✓ Order Parameter Bounds: R ∈ [1, 1] ✓ PASS (within [0,1])
  ✓ Causality: v = |p|/E = 0.213481 (c = 1) ✓ PASS (v ≤ c)
  ✓ Numerical Stability: All fields finite ✓ PASS

===== Scenario 2.3: Relativistic Mass Validation =====
  Boost velocity: v = 0.3c
  Theoretical gamma: γ = 1.04828
✗ Scenario validation FAILED:
  ✓ 1. θ(x,y,t=0) shows vortex structure (W = ±1): Winding number W = 1 ✓ PASS (|W| ≈ 1)
  ✗ 3. R(x,y,t=0) shows core (R_min < 0.5): R_min = 1 ✗ FAIL (expect R_min < 0.5)
  ✓ 4. ψ(x,y,t=0) is Gaussian at offset position: Wavepacket variance = 1.04808e-05 ✓ PASS (localized)
  ✗ 5. ⟨p⟩(t=0) = γmv (within 5%): ⟨p⟩ = 0.289018 (expect 0.314485, error = 8.09801%) ✗ FAIL (exceeds 5% tolerance)
  ✗ 6. γ_measured(t=final) within 5% of theory: γ_measured = 1.31692 (γ_theory = 1.04828, error = 25.626%) ✗ FAIL (exceeds 5% tolerance)
  Norm validation: max_error = 0.000548836 ✓ PASS
  Energy validation: max_drift = 0.00275596 ✓ PASS
  Saved observables to /home/persist/neotec/0rigin/output/20251228_054521_em_coupling_disabled_regression_64x64_v0.3/N_100/observables.csv

--- Validating Convergence ---
✓ Convergence validation PASSED

========================================
Velocity: v=0.5c
========================================

Initializing engine for 64×64 grid, velocity v=0.5c...
[SMFTEngine] Resources cleanup delegated to component managers

[SMFTEngine] Physical Interpretation:
  Vacuum potential Δ = 1 (Planck mass in natural units)
  Synchronization field R(x) → Emergent spacetime metric
  Mass field m(x) = Δ·R(x) → Local energy density
  ∇R(x) → Gravitational field (not separate force)
  Grid: 64 x 64 oscillators

[SMFTEngine] Created GPU buffers for 64x64 grid
  Phase buffers: 16384 bytes each
  Spinor buffer: 131072 bytes
  Accumulator buffers: 16384 bytes each (operator splitting)
[SMFTEngine] Created compute pipelines
  ✓ Kuramoto pipeline
  ✓ Sync field pipeline
  ✓ Gravity field pipeline
  ✓ Stochastic Kuramoto pipeline
  ✓ Stochastic Dirac pipeline
  ✓ Accumulation pipeline (operator splitting)
Created experiment directory: /home/persist/neotec/0rigin/output/20251228_054636_em_coupling_disabled_regression_64x64_v0.5
[OutputManager] Created timestamped directory: /home/persist/neotec/0rigin/output/20251228_054636_em_coupling_disabled_regression_64x64_v0.5
