[Logging] Console output for 128x128 v=0.2c writing to: /home/persist/neotec/0rigin/output/20251228_045408_em_coupling_weak_field_128x128_v0.2/console.log

--- Testing with N=1 ---
  Vortex initialization (grid-independent):
    Domain size: 100 ℓ_P
    Grid spacing: 0.78125 ℓ_P
    Core radius: 3 ℓ_P (3.84 grid points)
    Center: (50, 50) ℓ_P
    Winding number: W = 1
  Dirac initialization (grid-independent):
    Position: (60, 50) ℓ_P
    Width: 3 ℓ_P
    Grid coordinates: (76.8, 64) grid units
    Grid width: 3.84 grid units
  Using Dirac solver (spinor field) with boosted initialization
    Background R (expected): 1
[DiracEvolution] Initialized 128x128 4-component spinor field (particle, β=1)
[SMFT] Boosted Gaussian initialization:
  Position: (76.8, 64) grid units
  Width: σ = 3.84 grid units
  Velocity: v = (0.2, 0)c
  |v| = 0.2c
  Lorentz factor: γ = 1.02062
  Rest mass: m₀ = Δ·R = 1 × 1 = 1 m_P
  Momentum: p = (0.204124, 0) m_P·c
  |p| = 0.204124 m_P·c
  Pre-normalization: ∫|Ψ|² = 92.6493
  Normalization factor: 9.62545
[DiracEvolution] Initialized Gaussian wavepacket at (76.8, 64) with σ=3.84
  Final norm: ||Ψ||² = 0.999999
  Initial position: <r> = (76.8, 64)
✓ Boosted Gaussian initialized
[SMFTEngine] Boosted Dirac field initialized: center=(76.8,64), sigma=3.84, boost=(0.2,0)c, norm=0.999999, <r>=(76.8,64)
[DiracEvolution] Initialized 128x128 4-component spinor field (particle, β=1)
[SMFT] Boosted Gaussian initialization:
  Position: (76.8, 64) grid units
  Width: σ = 3.84 grid units
  Velocity: v = (0.2, 0)c
  |v| = 0.2c
  Lorentz factor: γ = 1.02062
  Rest mass: m₀ = Δ·R = 1 × 1 = 1 m_P
  Momentum: p = (0.204124, 0) m_P·c
  |p| = 0.204124 m_P·c
  Pre-normalization: ∫|Ψ|² = 92.6493
  Normalization factor: 9.62545
[DiracEvolution] Initialized Gaussian wavepacket at (76.8, 64) with σ=3.84
  Final norm: ||Ψ||² = 0.999999
  Initial position: <r> = (76.8, 64)
✓ Boosted Gaussian initialized
  Initial energy E0 = 1.10397
  Initial norm = 1
  Saved spatial snapshot at t = 0 (step 0)
  Step 0/4000 | R_avg = 0.9836 | norm = 1
  Step 100/4000 | R_avg = 0.9836 | norm = 0.999971
  Step 200/4000 | R_avg = 0.983597 | norm = 0.999943
  Step 300/4000 | R_avg = 0.983644 | norm = 0.999915
  Step 400/4000 | R_avg = 0.983653 | norm = 0.999887
  Step 500/4000 | R_avg = 0.983624 | norm = 0.999859
  Step 600/4000 | R_avg = 0.983595 | norm = 0.999832
  Step 700/4000 | R_avg = 0.983577 | norm = 0.999805
  Step 800/4000 | R_avg = 0.983613 | norm = 0.999778
  Step 900/4000 | R_avg = 0.983615 | norm = 0.99975
  Step 1000/4000 | R_avg = 0.983627 | norm = 0.999723
  Step 1100/4000 | R_avg = 0.983659 | norm = 0.999696
  Step 1200/4000 | R_avg = 0.983633 | norm = 0.999668
  Step 1300/4000 | R_avg = 0.983629 | norm = 0.99964
  Step 1400/4000 | R_avg = 0.983606 | norm = 0.999612
  Step 1500/4000 | R_avg = 0.983615 | norm = 0.999585
  Step 1600/4000 | R_avg = 0.983637 | norm = 0.999557
  Step 1700/4000 | R_avg = 0.983591 | norm = 0.99953
  Step 1800/4000 | R_avg = 0.983628 | norm = 0.999502
  Step 1900/4000 | R_avg = 0.983617 | norm = 0.999474
  Step 2000/4000 | R_avg = 0.983623 | norm = 0.999446
  Step 2100/4000 | R_avg = 0.983641 | norm = 0.999417
  Step 2200/4000 | R_avg = 0.983624 | norm = 0.999388
  Step 2300/4000 | R_avg = 0.983574 | norm = 0.999359
  Step 2400/4000 | R_avg = 0.983619 | norm = 0.999329
  Step 2500/4000 | R_avg = 0.983637 | norm = 0.999299
  Step 2600/4000 | R_avg = 0.983663 | norm = 0.999269
  Step 2700/4000 | R_avg = 0.983604 | norm = 0.999238
  Step 2800/4000 | R_avg = 0.983647 | norm = 0.999207
  Step 2900/4000 | R_avg = 0.983652 | norm = 0.999176
  Step 3000/4000 | R_avg = 0.983636 | norm = 0.999144
  Step 3100/4000 | R_avg = 0.983579 | norm = 0.999112
  Step 3200/4000 | R_avg = 0.983594 | norm = 0.99908
  Step 3300/4000 | R_avg = 0.983606 | norm = 0.999048
  Step 3400/4000 | R_avg = 0.983588 | norm = 0.999016
  Step 3500/4000 | R_avg = 0.983626 | norm = 0.998984
  Step 3600/4000 | R_avg = 0.983633 | norm = 0.998952
  Step 3700/4000 | R_avg = 0.983647 | norm = 0.99892
  Step 3800/4000 | R_avg = 0.983626 | norm = 0.998887
  Step 3900/4000 | R_avg = 0.983614 | norm = 0.998855

===== Global Validation =====
✓ Global validation PASSED
  ✓ Probability Conservation: ||ψ||² = 0.998822 (drift: 0.11778% from initial 1) ✓ PASS
  ✓ Energy Conservation: E_total = 1.10063 (drift: 0.0390252% from initial 1.10106) ✓ PASS
  ✓ Order Parameter Bounds: R ∈ [1, 1] ✓ PASS (within [0,1])
  ✓ Causality: v = |p|/E = 0.178361 (c = 1) ✓ PASS (v ≤ c)
  ✓ Numerical Stability: All fields finite ✓ PASS

===== Scenario 2.3: Relativistic Mass Validation =====
  Boost velocity: v = 0.2c
  Theoretical gamma: γ = 1.02062
✗ Scenario validation FAILED:
  ✓ 1. θ(x,y,t=0) shows vortex structure (W = ±1): Winding number W = 1 ✓ PASS (|W| ≈ 1)
  ✗ 3. R(x,y,t=0) shows core (R_min < 0.5): R_min = 1 ✗ FAIL (expect R_min < 0.5)
  ✗ 4. ψ(x,y,t=0) is Gaussian at offset position: Wavepacket variance = 6.55051e-07 ✗ FAIL (too uniform, not Gaussian)
  ✓ 5. ⟨p⟩(t=0) = γmv (within 5%): ⟨p⟩ = 0.199302 (expect 0.204124, error = 2.36249%) ✓ PASS
  ✗ 6. γ_measured(t=final) within 5% of theory: γ_measured = 1.10103 (γ_theory = 1.02062, error = 7.8784%) ✗ FAIL (exceeds 5% tolerance)
  Norm validation: max_error = 0.00117781 ✓ PASS
  Energy validation: max_drift = 0.00124101 ✓ PASS
  Saved observables to /home/persist/neotec/0rigin/output/20251228_045408_em_coupling_weak_field_128x128_v0.2/N_1/observables.csv

--- Testing with N=10 ---
  Vortex initialization (grid-independent):
    Domain size: 100 ℓ_P
    Grid spacing: 0.78125 ℓ_P
    Core radius: 3 ℓ_P (3.84 grid points)
    Center: (50, 50) ℓ_P
    Winding number: W = 1
  Dirac initialization (grid-independent):
    Position: (60, 50) ℓ_P
    Width: 3 ℓ_P
    Grid coordinates: (76.8, 64) grid units
    Grid width: 3.84 grid units
  Using Dirac solver (spinor field) with boosted initialization
    Background R (expected): 1
[SMFT] Boosted Gaussian initialization:
  Position: (76.8, 64) grid units
  Width: σ = 3.84 grid units
  Velocity: v = (0.2, 0)c
  |v| = 0.2c
  Lorentz factor: γ = 1.02062
  Rest mass: m₀ = Δ·R = 1 × 1 = 1 m_P
  Momentum: p = (0.204124, 0) m_P·c
  |p| = 0.204124 m_P·c
  Pre-normalization: ∫|Ψ|² = 92.6493
  Normalization factor: 9.62545
[DiracEvolution] Initialized Gaussian wavepacket at (76.8, 64) with σ=3.84
  Final norm: ||Ψ||² = 0.999999
  Initial position: <r> = (76.8, 64)
✓ Boosted Gaussian initialized
[SMFTEngine] Boosted Dirac field initialized: center=(76.8,64), sigma=3.84, boost=(0.2,0)c, norm=0.999999, <r>=(76.8,64)
[DiracEvolution] Initialized 128x128 4-component spinor field (particle, β=1)
[SMFT] Boosted Gaussian initialization:
  Position: (76.8, 64) grid units
  Width: σ = 3.84 grid units
  Velocity: v = (0.2, 0)c
  |v| = 0.2c
  Lorentz factor: γ = 1.02062
  Rest mass: m₀ = Δ·R = 1 × 1 = 1 m_P
  Momentum: p = (0.204124, 0) m_P·c
  |p| = 0.204124 m_P·c
  Pre-normalization: ∫|Ψ|² = 92.6493
  Normalization factor: 9.62545
[DiracEvolution] Initialized Gaussian wavepacket at (76.8, 64) with σ=3.84
  Final norm: ||Ψ||² = 0.999999
  Initial position: <r> = (76.8, 64)
✓ Boosted Gaussian initialized
  Initial energy E0 = 1.10397
  Initial norm = 1
  Saved spatial snapshot at t = 0 (step 0)
  Step 0/4000 | R_avg = 0.983606 | norm = 1
  Step 100/4000 | R_avg = 0.983637 | norm = 0.999971
  Step 200/4000 | R_avg = 0.983619 | norm = 0.999943
  Step 300/4000 | R_avg = 0.983617 | norm = 0.999915
  Step 400/4000 | R_avg = 0.98364 | norm = 0.999888
  Step 500/4000 | R_avg = 0.983624 | norm = 0.99986
  Step 600/4000 | R_avg = 0.983614 | norm = 0.999832
  Step 700/4000 | R_avg = 0.983594 | norm = 0.999805
  Step 800/4000 | R_avg = 0.983644 | norm = 0.999778
  Step 900/4000 | R_avg = 0.983599 | norm = 0.999751
  Step 1000/4000 | R_avg = 0.983643 | norm = 0.999723
  Step 1100/4000 | R_avg = 0.983638 | norm = 0.999696
  Step 1200/4000 | R_avg = 0.983623 | norm = 0.999669
  Step 1300/4000 | R_avg = 0.983634 | norm = 0.999641
  Step 1400/4000 | R_avg = 0.983639 | norm = 0.999613
  Step 1500/4000 | R_avg = 0.983661 | norm = 0.999586
  Step 1600/4000 | R_avg = 0.983642 | norm = 0.999558
  Step 1700/4000 | R_avg = 0.983601 | norm = 0.999531
  Step 1800/4000 | R_avg = 0.983625 | norm = 0.999503
  Step 1900/4000 | R_avg = 0.98363 | norm = 0.999475
  Step 2000/4000 | R_avg = 0.983601 | norm = 0.999447
  Step 2100/4000 | R_avg = 0.983641 | norm = 0.999418
  Step 2200/4000 | R_avg = 0.983658 | norm = 0.999389
  Step 2300/4000 | R_avg = 0.983659 | norm = 0.999359
  Step 2400/4000 | R_avg = 0.983629 | norm = 0.999329
  Step 2500/4000 | R_avg = 0.98367 | norm = 0.999299
  Step 2600/4000 | R_avg = 0.983604 | norm = 0.999269
  Step 2700/4000 | R_avg = 0.98362 | norm = 0.999238
  Step 2800/4000 | R_avg = 0.983595 | norm = 0.999207
  Step 2900/4000 | R_avg = 0.983636 | norm = 0.999176
  Step 3000/4000 | R_avg = 0.983602 | norm = 0.999144
  Step 3100/4000 | R_avg = 0.983597 | norm = 0.999112
  Step 3200/4000 | R_avg = 0.983601 | norm = 0.99908
  Step 3300/4000 | R_avg = 0.983597 | norm = 0.999048
  Step 3400/4000 | R_avg = 0.983615 | norm = 0.999016
  Step 3500/4000 | R_avg = 0.983677 | norm = 0.998984
  Step 3600/4000 | R_avg = 0.983609 | norm = 0.998951
  Step 3700/4000 | R_avg = 0.983622 | norm = 0.998919
  Step 3800/4000 | R_avg = 0.983612 | norm = 0.998886
  Step 3900/4000 | R_avg = 0.983615 | norm = 0.998854

===== Global Validation =====
✓ Global validation PASSED
  ✓ Probability Conservation: ||ψ||² = 0.998822 (drift: 0.117824% from initial 1) ✓ PASS
  ✓ Energy Conservation: E_total = 1.10047 (drift: 0.0516283% from initial 1.10104) ✓ PASS
  ✓ Order Parameter Bounds: R ∈ [1, 1] ✓ PASS (within [0,1])
  ✓ Causality: v = |p|/E = 0.178352 (c = 1) ✓ PASS (v ≤ c)
  ✓ Numerical Stability: All fields finite ✓ PASS

===== Scenario 2.3: Relativistic Mass Validation =====
  Boost velocity: v = 0.2c
  Theoretical gamma: γ = 1.02062
✗ Scenario validation FAILED:
  ✓ 1. θ(x,y,t=0) shows vortex structure (W = ±1): Winding number W = 1 ✓ PASS (|W| ≈ 1)
  ✗ 3. R(x,y,t=0) shows core (R_min < 0.5): R_min = 1 ✗ FAIL (expect R_min < 0.5)
  ✗ 4. ψ(x,y,t=0) is Gaussian at offset position: Wavepacket variance = 6.55051e-07 ✗ FAIL (too uniform, not Gaussian)
  ✓ 5. ⟨p⟩(t=0) = γmv (within 5%): ⟨p⟩ = 0.199302 (expect 0.204124, error = 2.36227%) ✓ PASS
  ✗ 6. γ_measured(t=final) within 5% of theory: γ_measured = 1.10085 (γ_theory = 1.02062, error = 7.86042%) ✗ FAIL (exceeds 5% tolerance)
  Norm validation: max_error = 0.00117826 ✓ PASS
  Energy validation: max_drift = 0.0265647 ✗ FAIL
  Saved observables to /home/persist/neotec/0rigin/output/20251228_045408_em_coupling_weak_field_128x128_v0.2/N_10/observables.csv
Test failed for N=10

--- Testing with N=100 ---
  Vortex initialization (grid-independent):
    Domain size: 100 ℓ_P
    Grid spacing: 0.78125 ℓ_P
    Core radius: 3 ℓ_P (3.84 grid points)
    Center: (50, 50) ℓ_P
    Winding number: W = 1
  Dirac initialization (grid-independent):
    Position: (60, 50) ℓ_P
    Width: 3 ℓ_P
    Grid coordinates: (76.8, 64) grid units
    Grid width: 3.84 grid units
  Using Dirac solver (spinor field) with boosted initialization
    Background R (expected): 1
[SMFT] Boosted Gaussian initialization:
  Position: (76.8, 64) grid units
  Width: σ = 3.84 grid units
  Velocity: v = (0.2, 0)c
  |v| = 0.2c
  Lorentz factor: γ = 1.02062
  Rest mass: m₀ = Δ·R = 1 × 1 = 1 m_P
  Momentum: p = (0.204124, 0) m_P·c
  |p| = 0.204124 m_P·c
  Pre-normalization: ∫|Ψ|² = 92.6493
  Normalization factor: 9.62545
[DiracEvolution] Initialized Gaussian wavepacket at (76.8, 64) with σ=3.84
  Final norm: ||Ψ||² = 0.999999
  Initial position: <r> = (76.8, 64)
✓ Boosted Gaussian initialized
[SMFTEngine] Boosted Dirac field initialized: center=(76.8,64), sigma=3.84, boost=(0.2,0)c, norm=0.999999, <r>=(76.8,64)
[DiracEvolution] Initialized 128x128 4-component spinor field (particle, β=1)
[SMFT] Boosted Gaussian initialization:
  Position: (76.8, 64) grid units
  Width: σ = 3.84 grid units
  Velocity: v = (0.2, 0)c
  |v| = 0.2c
  Lorentz factor: γ = 1.02062
  Rest mass: m₀ = Δ·R = 1 × 1 = 1 m_P
  Momentum: p = (0.204124, 0) m_P·c
  |p| = 0.204124 m_P·c
  Pre-normalization: ∫|Ψ|² = 92.6493
  Normalization factor: 9.62545
[DiracEvolution] Initialized Gaussian wavepacket at (76.8, 64) with σ=3.84
  Final norm: ||Ψ||² = 0.999999
  Initial position: <r> = (76.8, 64)
✓ Boosted Gaussian initialized
  Initial energy E0 = 1.10397
  Initial norm = 1
  Saved spatial snapshot at t = 0 (step 0)
  Step 0/4000 | R_avg = 0.983651 | norm = 1
  Step 100/4000 | R_avg = 0.98359 | norm = 0.999971
  Step 200/4000 | R_avg = 0.983628 | norm = 0.999942
  Step 300/4000 | R_avg = 0.983634 | norm = 0.999914
  Step 400/4000 | R_avg = 0.983643 | norm = 0.999887
  Step 500/4000 | R_avg = 0.983615 | norm = 0.999859
  Step 600/4000 | R_avg = 0.983613 | norm = 0.999832
  Step 700/4000 | R_avg = 0.983598 | norm = 0.999805
  Step 800/4000 | R_avg = 0.983623 | norm = 0.999778
  Step 900/4000 | R_avg = 0.983595 | norm = 0.99975
  Step 1000/4000 | R_avg = 0.983584 | norm = 0.999723
  Step 1100/4000 | R_avg = 0.983582 | norm = 0.999696
  Step 1200/4000 | R_avg = 0.983607 | norm = 0.999669
  Step 1300/4000 | R_avg = 0.983647 | norm = 0.999641
  Step 1400/4000 | R_avg = 0.983638 | norm = 0.999613
  Step 1500/4000 | R_avg = 0.983605 | norm = 0.999586
  Step 1600/4000 | R_avg = 0.983642 | norm = 0.999559
  Step 1700/4000 | R_avg = 0.983608 | norm = 0.999532
  Step 1800/4000 | R_avg = 0.983634 | norm = 0.999504
  Step 1900/4000 | R_avg = 0.983674 | norm = 0.999475
  Step 2000/4000 | R_avg = 0.983638 | norm = 0.999447
  Step 2100/4000 | R_avg = 0.983657 | norm = 0.999419
  Step 2200/4000 | R_avg = 0.983578 | norm = 0.999389
  Step 2300/4000 | R_avg = 0.983637 | norm = 0.99936
  Step 2400/4000 | R_avg = 0.98362 | norm = 0.99933
  Step 2500/4000 | R_avg = 0.983611 | norm = 0.9993
  Step 2600/4000 | R_avg = 0.983601 | norm = 0.99927
  Step 2700/4000 | R_avg = 0.98361 | norm = 0.999239
  Step 2800/4000 | R_avg = 0.983606 | norm = 0.999208
  Step 2900/4000 | R_avg = 0.983582 | norm = 0.999177
  Step 3000/4000 | R_avg = 0.983627 | norm = 0.999145
  Step 3100/4000 | R_avg = 0.983645 | norm = 0.999113
  Step 3200/4000 | R_avg = 0.98362 | norm = 0.999081
  Step 3300/4000 | R_avg = 0.983607 | norm = 0.999049
  Step 3400/4000 | R_avg = 0.983203 | norm = 0.999017
  Step 3500/4000 | R_avg = 0.983606 | norm = 0.998984
  Step 3600/4000 | R_avg = 0.983608 | norm = 0.998952
  Step 3700/4000 | R_avg = 0.983642 | norm = 0.99892
  Step 3800/4000 | R_avg = 0.983627 | norm = 0.998887
  Step 3900/4000 | R_avg = 0.983633 | norm = 0.998855

===== Global Validation =====
✓ Global validation PASSED
  ✓ Probability Conservation: ||ψ||² = 0.998822 (drift: 0.117769% from initial 1) ✓ PASS
  ✓ Energy Conservation: E_total = 1.1006 (drift: 0.068087% from initial 1.10135) ✓ PASS
  ✓ Order Parameter Bounds: R ∈ [1, 1] ✓ PASS (within [0,1])
  ✓ Causality: v = |p|/E = 0.178377 (c = 1) ✓ PASS (v ≤ c)
  ✓ Numerical Stability: All fields finite ✓ PASS

===== Scenario 2.3: Relativistic Mass Validation =====
  Boost velocity: v = 0.2c
  Theoretical gamma: γ = 1.02062
✗ Scenario validation FAILED:
  ✓ 1. θ(x,y,t=0) shows vortex structure (W = ±1): Winding number W = 1 ✓ PASS (|W| ≈ 1)
  ✗ 3. R(x,y,t=0) shows core (R_min < 0.5): R_min = 1 ✗ FAIL (expect R_min < 0.5)
  ✗ 4. ψ(x,y,t=0) is Gaussian at offset position: Wavepacket variance = 6.55051e-07 ✗ FAIL (too uniform, not Gaussian)
  ✓ 5. ⟨p⟩(t=0) = γmv (within 5%): ⟨p⟩ = 0.199301 (expect 0.204124, error = 2.36277%) ✓ PASS
  ✗ 6. γ_measured(t=final) within 5% of theory: γ_measured = 1.101 (γ_theory = 1.02062, error = 7.87567%) ✗ FAIL (exceeds 5% tolerance)
  Norm validation: max_error = 0.00117769 ✓ PASS
  Energy validation: max_drift = 0.00134779 ✓ PASS
  Saved observables to /home/persist/neotec/0rigin/output/20251228_045408_em_coupling_weak_field_128x128_v0.2/N_100/observables.csv

--- Validating Convergence ---
✓ Convergence validation PASSED
Tests failed for grid 128, velocity 0.2

===== Velocity Sweep Aggregate Analysis (Grid 128×128) =====

Analyzing velocity sweep results...
Grid size: 128×128
Velocities tested: 1

=== Relativistic Gamma Comparison ===
Velocity | γ_theory | γ_measured | Error (%) | Status
---------|----------|------------|-----------|-------

=== Critical Velocity Analysis ===
⚠ Critical velocity unusually low (<0.3c) - check numerical parameters

✓ Velocity sweep report saved to: /home/persist/neotec/0rigin/output/20251228_045408_em_coupling_weak_field_128x128_AGGREGATE/velocity_sweep_analysis.txt

===== Tests Complete ====

[3/3] Generating report...

✓ Report saved to /home/persist/neotec/0rigin/output/20251228_045408_em_coupling_weak_field_128x128_v0.2/test_report.txt

===== Test Summary =====
✗ TESTS FAILED

Some validation criteria not met.
Check test report for details.
