[Logging] Console output for 64x64 v=0.5c writing to: /home/persist/neotec/0rigin/output/20251228_055035_em_coupling_disabled_regression_64x64_v0.5/console.log

--- Testing with N=1 ---
  Vortex initialization (grid-independent):
    Domain size: 100 ℓ_P
    Grid spacing: 1.5625 ℓ_P
    Core radius: 3 ℓ_P (1.92 grid points)
    Center: (50, 50) ℓ_P
    Winding number: W = 1
  Dirac initialization (grid-independent):
    Position: (60, 50) ℓ_P
    Width: 3 ℓ_P
    Grid coordinates: (38.4, 32) grid units
    Grid width: 1.92 grid units
  Using Dirac solver (spinor field) with boosted initialization
    Background R (expected): 1
[DiracEvolution] Initialized 64x64 4-component spinor field (particle, β=1)
[SMFT] Boosted Gaussian initialization:
  Position: (38.4, 32) grid units
  Width: σ = 1.92 grid units
  Velocity: v = (0.5, 0)c
  |v| = 0.5c
  Lorentz factor: γ = 1.1547
  Rest mass: m₀ = Δ·R = 1 × 1 = 1 m_P
  Momentum: p = (0.57735, 0) m_P·c
  |p| = 0.57735 m_P·c
  Pre-normalization: ∫|Ψ|² = 23.1623
  Normalization factor: 4.81273
[DiracEvolution] Initialized Gaussian wavepacket at (38.4, 32) with σ=1.92
  Final norm: ||Ψ||² = 1
  Initial position: <r> = (38.4, 32)
✓ Boosted Gaussian initialized
[SMFTEngine] Boosted Dirac field initialized: center=(38.4,32), sigma=1.92, boost=(0.5,0)c, norm=1, <r>=(38.4,32)
[DiracEvolution] Initialized 64x64 4-component spinor field (particle, β=1)
[SMFT] Boosted Gaussian initialization:
  Position: (38.4, 32) grid units
  Width: σ = 1.92 grid units
  Velocity: v = (0.5, 0)c
  |v| = 0.5c
  Lorentz factor: γ = 1.1547
  Rest mass: m₀ = Δ·R = 1 × 1 = 1 m_P
  Momentum: p = (0.57735, 0) m_P·c
  |p| = 0.57735 m_P·c
  Pre-normalization: ∫|Ψ|² = 23.1623
  Normalization factor: 4.81273
[DiracEvolution] Initialized Gaussian wavepacket at (38.4, 32) with σ=1.92
  Final norm: ||Ψ||² = 1
  Initial position: <r> = (38.4, 32)
✓ Boosted Gaussian initialized
  Initial energy E0 = 1.46471
  Initial norm = 1
  Saved spatial snapshot at t = 0 (step 0)
  Actual initial energy E0 = 1.4557 (from first observation including EM)
  Step 0/2000 | R_avg = 0.968107 | norm = 1
  Step 100/2000 | R_avg = 0.968223 | norm = 0.999973
  Step 200/2000 | R_avg = 0.968075 | norm = 0.999947
  Step 300/2000 | R_avg = 0.968171 | norm = 0.999919
  Step 400/2000 | R_avg = 0.968141 | norm = 0.999892
  Step 500/2000 | R_avg = 0.968182 | norm = 0.999864
  Step 600/2000 | R_avg = 0.96819 | norm = 0.999835
  Step 700/2000 | R_avg = 0.96816 | norm = 0.999806
  Step 800/2000 | R_avg = 0.968182 | norm = 0.999778
  Step 900/2000 | R_avg = 0.96821 | norm = 0.99975
  Step 1000/2000 | R_avg = 0.968166 | norm = 0.999724
  Step 1100/2000 | R_avg = 0.968213 | norm = 0.999697
  Step 1200/2000 | R_avg = 0.968167 | norm = 0.99967
  Step 1300/2000 | R_avg = 0.96814 | norm = 0.999643
  Step 1400/2000 | R_avg = 0.968166 | norm = 0.999614
  Step 1500/2000 | R_avg = 0.96814 | norm = 0.999585
  Step 1600/2000 | R_avg = 0.968152 | norm = 0.999555
  Step 1700/2000 | R_avg = 0.968234 | norm = 0.999525
  Step 1800/2000 | R_avg = 0.968202 | norm = 0.999495
  Step 1900/2000 | R_avg = 0.968129 | norm = 0.999465

===== Global Validation =====
✓ Global validation PASSED
  ✓ Probability Conservation: ||ψ||² = 0.999435 (drift: 0.0564317% from initial 1) ✓ PASS
  ✓ Energy Conservation: E_total = 1.45707 (drift: 0.0942626% from initial 1.4557) ✓ PASS
  ✓ Order Parameter Bounds: R ∈ [1, 1] ✓ PASS (within [0,1])
  ✓ Causality: v = |p|/E = 0.344062 (c = 1) ✓ PASS (v ≤ c)
  ✓ Numerical Stability: All fields finite ✓ PASS

===== Scenario 2.3: Relativistic Mass Validation =====
  Boost velocity: v = 0.5c
  Theoretical gamma: γ = 1.1547
✗ Scenario validation FAILED:
  ✓ 1. θ(x,y,t=0) shows vortex structure (W = ±1): Winding number W = 1 ✓ PASS (|W| ≈ 1)
  ✗ 3. R(x,y,t=0) shows core (R_min < 0.5): R_min = 1 ✗ FAIL (expect R_min < 0.5)
  ✓ 4. ψ(x,y,t=0) is Gaussian at offset position: Wavepacket variance = 1.04808e-05 ✓ PASS (localized)
  ✗ 5. ⟨p⟩(t=0) = γmv (within 5%): ⟨p⟩ = 0.510018 (expect 0.57735, error = 11.6623%) ✗ FAIL (exceeds 5% tolerance)
  ✗ 6. γ_measured(t=final) within 5% of theory: γ_measured = 1.41308 (γ_theory = 1.1547, error = 22.376%) ✗ FAIL (exceeds 5% tolerance)
  Norm validation: max_error = 0.000564581 ✓ PASS
  Energy validation: max_drift = 0.000942626 ✓ PASS
  Saved observables to /home/persist/neotec/0rigin/output/20251228_055035_em_coupling_disabled_regression_64x64_v0.5/N_1/observables.csv

--- Testing with N=10 ---
  Vortex initialization (grid-independent):
    Domain size: 100 ℓ_P
    Grid spacing: 1.5625 ℓ_P
    Core radius: 3 ℓ_P (1.92 grid points)
    Center: (50, 50) ℓ_P
    Winding number: W = 1
  Dirac initialization (grid-independent):
    Position: (60, 50) ℓ_P
    Width: 3 ℓ_P
    Grid coordinates: (38.4, 32) grid units
    Grid width: 1.92 grid units
  Using Dirac solver (spinor field) with boosted initialization
    Background R (expected): 1
[SMFT] Boosted Gaussian initialization:
  Position: (38.4, 32) grid units
  Width: σ = 1.92 grid units
  Velocity: v = (0.5, 0)c
  |v| = 0.5c
  Lorentz factor: γ = 1.1547
  Rest mass: m₀ = Δ·R = 1 × 1 = 1 m_P
  Momentum: p = (0.57735, 0) m_P·c
  |p| = 0.57735 m_P·c
  Pre-normalization: ∫|Ψ|² = 23.1623
  Normalization factor: 4.81273
[DiracEvolution] Initialized Gaussian wavepacket at (38.4, 32) with σ=1.92
  Final norm: ||Ψ||² = 1
  Initial position: <r> = (38.4, 32)
✓ Boosted Gaussian initialized
[SMFTEngine] Boosted Dirac field initialized: center=(38.4,32), sigma=1.92, boost=(0.5,0)c, norm=1, <r>=(38.4,32)
[DiracEvolution] Initialized 64x64 4-component spinor field (particle, β=1)
[SMFT] Boosted Gaussian initialization:
  Position: (38.4, 32) grid units
  Width: σ = 1.92 grid units
  Velocity: v = (0.5, 0)c
  |v| = 0.5c
  Lorentz factor: γ = 1.1547
  Rest mass: m₀ = Δ·R = 1 × 1 = 1 m_P
  Momentum: p = (0.57735, 0) m_P·c
  |p| = 0.57735 m_P·c
  Pre-normalization: ∫|Ψ|² = 23.1623
  Normalization factor: 4.81273
[DiracEvolution] Initialized Gaussian wavepacket at (38.4, 32) with σ=1.92
  Final norm: ||Ψ||² = 1
  Initial position: <r> = (38.4, 32)
✓ Boosted Gaussian initialized
  Initial energy E0 = 1.46471
  Initial norm = 1
  Saved spatial snapshot at t = 0 (step 0)
  Actual initial energy E0 = 1.45567 (from first observation including EM)
  Step 0/2000 | R_avg = 0.968204 | norm = 1
  Step 100/2000 | R_avg = 0.968199 | norm = 0.999974
  Step 200/2000 | R_avg = 0.968192 | norm = 0.999947
  Step 300/2000 | R_avg = 0.968165 | norm = 0.999919
  Step 400/2000 | R_avg = 0.968195 | norm = 0.999891
  Step 500/2000 | R_avg = 0.968136 | norm = 0.999862
  Step 600/2000 | R_avg = 0.968154 | norm = 0.999834
  Step 700/2000 | R_avg = 0.968098 | norm = 0.999805
  Step 800/2000 | R_avg = 0.968002 | norm = 0.999776
  Step 900/2000 | R_avg = 0.968262 | norm = 0.999749
  Step 1000/2000 | R_avg = 0.968265 | norm = 0.999722
  Step 1100/2000 | R_avg = 0.968175 | norm = 0.999695
  Step 1200/2000 | R_avg = 0.967977 | norm = 0.999668
  Step 1300/2000 | R_avg = 0.968156 | norm = 0.999641
  Step 1400/2000 | R_avg = 0.968094 | norm = 0.999612
  Step 1500/2000 | R_avg = 0.968215 | norm = 0.999583
  Step 1600/2000 | R_avg = 0.968062 | norm = 0.999553
  Step 1700/2000 | R_avg = 0.968188 | norm = 0.999523
  Step 1800/2000 | R_avg = 0.968199 | norm = 0.999492
  Step 1900/2000 | R_avg = 0.968131 | norm = 0.999462

===== Global Validation =====
✓ Global validation PASSED
  ✓ Probability Conservation: ||ψ||² = 0.999433 (drift: 0.056668% from initial 1) ✓ PASS
  ✓ Energy Conservation: E_total = 1.45698 (drift: 0.0899844% from initial 1.45567) ✓ PASS
  ✓ Order Parameter Bounds: R ∈ [1, 1] ✓ PASS (within [0,1])
  ✓ Causality: v = |p|/E = 0.344012 (c = 1) ✓ PASS (v ≤ c)
  ✓ Numerical Stability: All fields finite ✓ PASS

===== Scenario 2.3: Relativistic Mass Validation =====
  Boost velocity: v = 0.5c
  Theoretical gamma: γ = 1.1547
✗ Scenario validation FAILED:
  ✓ 1. θ(x,y,t=0) shows vortex structure (W = ±1): Winding number W = 1 ✓ PASS (|W| ≈ 1)
  ✗ 3. R(x,y,t=0) shows core (R_min < 0.5): R_min = 1 ✗ FAIL (expect R_min < 0.5)
  ✓ 4. ψ(x,y,t=0) is Gaussian at offset position: Wavepacket variance = 1.04808e-05 ✓ PASS (localized)
  ✗ 5. ⟨p⟩(t=0) = γmv (within 5%): ⟨p⟩ = 0.509994 (expect 0.57735, error = 11.6664%) ✗ FAIL (exceeds 5% tolerance)
  ✗ 6. γ_measured(t=final) within 5% of theory: γ_measured = 1.41297 (γ_theory = 1.1547, error = 22.3669%) ✗ FAIL (exceeds 5% tolerance)
  Norm validation: max_error = 0.000566914 ✓ PASS
  Energy validation: max_drift = 0.000899844 ✓ PASS
  Saved observables to /home/persist/neotec/0rigin/output/20251228_055035_em_coupling_disabled_regression_64x64_v0.5/N_10/observables.csv

--- Testing with N=100 ---
  Vortex initialization (grid-independent):
    Domain size: 100 ℓ_P
    Grid spacing: 1.5625 ℓ_P
    Core radius: 3 ℓ_P (1.92 grid points)
    Center: (50, 50) ℓ_P
    Winding number: W = 1
  Dirac initialization (grid-independent):
    Position: (60, 50) ℓ_P
    Width: 3 ℓ_P
    Grid coordinates: (38.4, 32) grid units
    Grid width: 1.92 grid units
  Using Dirac solver (spinor field) with boosted initialization
    Background R (expected): 1
[SMFT] Boosted Gaussian initialization:
  Position: (38.4, 32) grid units
  Width: σ = 1.92 grid units
  Velocity: v = (0.5, 0)c
  |v| = 0.5c
  Lorentz factor: γ = 1.1547
  Rest mass: m₀ = Δ·R = 1 × 1 = 1 m_P
  Momentum: p = (0.57735, 0) m_P·c
  |p| = 0.57735 m_P·c
  Pre-normalization: ∫|Ψ|² = 23.1623
  Normalization factor: 4.81273
[DiracEvolution] Initialized Gaussian wavepacket at (38.4, 32) with σ=1.92
  Final norm: ||Ψ||² = 1
  Initial position: <r> = (38.4, 32)
✓ Boosted Gaussian initialized
[SMFTEngine] Boosted Dirac field initialized: center=(38.4,32), sigma=1.92, boost=(0.5,0)c, norm=1, <r>=(38.4,32)
[DiracEvolution] Initialized 64x64 4-component spinor field (particle, β=1)
[SMFT] Boosted Gaussian initialization:
  Position: (38.4, 32) grid units
  Width: σ = 1.92 grid units
  Velocity: v = (0.5, 0)c
  |v| = 0.5c
  Lorentz factor: γ = 1.1547
  Rest mass: m₀ = Δ·R = 1 × 1 = 1 m_P
  Momentum: p = (0.57735, 0) m_P·c
  |p| = 0.57735 m_P·c
  Pre-normalization: ∫|Ψ|² = 23.1623
  Normalization factor: 4.81273
[DiracEvolution] Initialized Gaussian wavepacket at (38.4, 32) with σ=1.92
  Final norm: ||Ψ||² = 1
  Initial position: <r> = (38.4, 32)
✓ Boosted Gaussian initialized
  Initial energy E0 = 1.46471
  Initial norm = 1
  Saved spatial snapshot at t = 0 (step 0)
  Actual initial energy E0 = 1.45567 (from first observation including EM)
  Step 0/2000 | R_avg = 0.968155 | norm = 1
  Step 100/2000 | R_avg = 0.968156 | norm = 0.999974
  Step 200/2000 | R_avg = 0.968189 | norm = 0.999948
  Step 300/2000 | R_avg = 0.968196 | norm = 0.99992
  Step 400/2000 | R_avg = 0.968174 | norm = 0.999892
  Step 500/2000 | R_avg = 0.9682 | norm = 0.999864
  Step 600/2000 | R_avg = 0.968189 | norm = 0.999835
  Step 700/2000 | R_avg = 0.968208 | norm = 0.999806
  Step 800/2000 | R_avg = 0.968054 | norm = 0.999778
  Step 900/2000 | R_avg = 0.968065 | norm = 0.999751
  Step 1000/2000 | R_avg = 0.968077 | norm = 0.999724
  Step 1100/2000 | R_avg = 0.968215 | norm = 0.999697
  Step 1200/2000 | R_avg = 0.968197 | norm = 0.99967
  Step 1300/2000 | R_avg = 0.968159 | norm = 0.999643
  Step 1400/2000 | R_avg = 0.968067 | norm = 0.999615
  Step 1500/2000 | R_avg = 0.968114 | norm = 0.999586
  Step 1600/2000 | R_avg = 0.968188 | norm = 0.999556
  Step 1700/2000 | R_avg = 0.968138 | norm = 0.999525
  Step 1800/2000 | R_avg = 0.968194 | norm = 0.999495
  Step 1900/2000 | R_avg = 0.968228 | norm = 0.999465

===== Global Validation =====
✓ Global validation PASSED
  ✓ Probability Conservation: ||ψ||² = 0.999435 (drift: 0.0564357% from initial 1) ✓ PASS
  ✓ Energy Conservation: E_total = 1.45702 (drift: 0.0927222% from initial 1.45567) ✓ PASS
  ✓ Order Parameter Bounds: R ∈ [1, 1] ✓ PASS (within [0,1])
  ✓ Causality: v = |p|/E = 0.344024 (c = 1) ✓ PASS (v ≤ c)
  ✓ Numerical Stability: All fields finite ✓ PASS

===== Scenario 2.3: Relativistic Mass Validation =====
  Boost velocity: v = 0.5c
  Theoretical gamma: γ = 1.1547
✗ Scenario validation FAILED:
  ✓ 1. θ(x,y,t=0) shows vortex structure (W = ±1): Winding number W = 1 ✓ PASS (|W| ≈ 1)
  ✗ 3. R(x,y,t=0) shows core (R_min < 0.5): R_min = 1 ✗ FAIL (expect R_min < 0.5)
  ✓ 4. ψ(x,y,t=0) is Gaussian at offset position: Wavepacket variance = 1.04808e-05 ✓ PASS (localized)
  ✗ 5. ⟨p⟩(t=0) = γmv (within 5%): ⟨p⟩ = 0.509994 (expect 0.57735, error = 11.6664%) ✗ FAIL (exceeds 5% tolerance)
  ✗ 6. γ_measured(t=final) within 5% of theory: γ_measured = 1.41318 (γ_theory = 1.1547, error = 22.3849%) ✗ FAIL (exceeds 5% tolerance)
  Norm validation: max_error = 0.000564607 ✓ PASS
  Energy validation: max_drift = 0.000927222 ✓ PASS
  Saved observables to /home/persist/neotec/0rigin/output/20251228_055035_em_coupling_disabled_regression_64x64_v0.5/N_100/observables.csv

--- Validating Convergence ---
✓ Convergence validation PASSED

===== Velocity Sweep Aggregate Analysis =====

Analyzing velocity sweep results...
Grid size: 64×64
Velocities tested: 3

=== Relativistic Gamma Comparison ===
Velocity | γ_theory | γ_measured | Error (%) | Status
---------|----------|------------|-----------|-------

=== Critical Velocity Analysis ===
✓ Critical velocity is within expected range (0.3c - 0.7c)

✓ Velocity sweep report saved to: /home/persist/neotec/0rigin/output/20251228_055035_em_coupling_disabled_regression_64x64_AGGREGATE/velocity_sweep_analysis.txt

[3/3] Generating report...

✓ Report saved to /home/persist/neotec/0rigin/output/20251228_055035_em_coupling_disabled_regression_64x64_v0.5/test_report.txt

===== Test Summary =====
✓ ALL TESTS PASSED

Validation criteria met:
  ✓ Norm conservation ||Ψ||² - 1 < 10⁻⁴
  ✓ Energy conservation |ΔE/E₀| < 1%
  ✓ Convergence between N ratios < 5%
