[Logging] Console output for 16x16 writing to: /home/persist/neotec/0rigin/output/20251223_132112_defect_localization/console.log

--- Testing with N=1 ---
  Vortex initialization (grid-independent):
    Domain size: 100 ℓ_P
    Grid spacing: 6.25 ℓ_P
    Core radius: 3 ℓ_P (0.48 grid points)
    Center: (50, 50) ℓ_P
    Winding number: W = 1
  Dirac initialization (grid-independent):
    Position: (60, 50) ℓ_P
    Width: 3 ℓ_P
    Grid coordinates: (9.6, 8) grid units
    Grid width: 0.48 grid units
  Using Dirac solver (spinor field)
[DiracEvolution] Initialized 16x16 4-component spinor field
[DiracEvolution] Initialized Gaussian wavepacket at (9.6, 8) with σ=0.48
[SMFTEngine] Dirac field initialized: center=(9.6,8), sigma=0.48, norm=1
[DiracEvolution] Initialized 16x16 4-component spinor field
[DiracEvolution] Initialized Gaussian wavepacket at (9.6, 8) with σ=0.48
  Initial energy E0 = 0.986967
  Initial norm = 1
[stepWithDirac] Strang splitting enabled:
  substep_ratio=1
  substep_dt=0.01
  half_substeps=0
  remaining_substeps=1
  Saved spatial snapshot at t = 0 (step 0)
  Step 0/10000 | R_avg = 0.860373 | norm = 1
  Step 100/10000 | R_avg = 0.860023 | norm = 0.999981
  Step 200/10000 | R_avg = 0.859991 | norm = 0.999961
  Step 300/10000 | R_avg = 0.860159 | norm = 0.999939
  Step 400/10000 | R_avg = 0.860436 | norm = 0.999919
  Step 500/10000 | R_avg = 0.860189 | norm = 0.999899
  Step 600/10000 | R_avg = 0.860371 | norm = 0.99988
  Step 700/10000 | R_avg = 0.860365 | norm = 0.999861
  Step 800/10000 | R_avg = 0.860371 | norm = 0.999843
  Step 900/10000 | R_avg = 0.860273 | norm = 0.999824
  Step 1000/10000 | R_avg = 0.860032 | norm = 0.999806
  Step 1100/10000 | R_avg = 0.86044 | norm = 0.999787
  Step 1200/10000 | R_avg = 0.86027 | norm = 0.999768
  Step 1300/10000 | R_avg = 0.860435 | norm = 0.999749
  Step 1400/10000 | R_avg = 0.860262 | norm = 0.99973
  Step 1500/10000 | R_avg = 0.859919 | norm = 0.99971
  Step 1600/10000 | R_avg = 0.860074 | norm = 0.99969
  Step 1700/10000 | R_avg = 0.860019 | norm = 0.99967
  Step 1800/10000 | R_avg = 0.860016 | norm = 0.99965
  Step 1900/10000 | R_avg = 0.860366 | norm = 0.99963
  Step 2000/10000 | R_avg = 0.859986 | norm = 0.99961
  Step 2100/10000 | R_avg = 0.859891 | norm = 0.99959
  Step 2200/10000 | R_avg = 0.860013 | norm = 0.99957
  Step 2300/10000 | R_avg = 0.860428 | norm = 0.999549
  Step 2400/10000 | R_avg = 0.860184 | norm = 0.999529
  Saved spatial snapshot at t = 25 (step 2500)
  Step 2500/10000 | R_avg = 0.860015 | norm = 0.999509
  Step 2600/10000 | R_avg = 0.860365 | norm = 0.999488
  Step 2700/10000 | R_avg = 0.860012 | norm = 0.999469
  Step 2800/10000 | R_avg = 0.860013 | norm = 0.999449
  Step 2900/10000 | R_avg = 0.859914 | norm = 0.99943
  Step 3000/10000 | R_avg = 0.860293 | norm = 0.999409
  Step 3100/10000 | R_avg = 0.860379 | norm = 0.99939
  Step 3200/10000 | R_avg = 0.859922 | norm = 0.999369
  Step 3300/10000 | R_avg = 0.860173 | norm = 0.999348
  Step 3400/10000 | R_avg = 0.86002 | norm = 0.999328
  Step 3500/10000 | R_avg = 0.860367 | norm = 0.999307
  Step 3600/10000 | R_avg = 0.860426 | norm = 0.999288
  Step 3700/10000 | R_avg = 0.86002 | norm = 0.999268
  Step 3800/10000 | R_avg = 0.860014 | norm = 0.999246
  Step 3900/10000 | R_avg = 0.860364 | norm = 0.999227
  Step 4000/10000 | R_avg = 0.860018 | norm = 0.999209
  Step 4100/10000 | R_avg = 0.86015 | norm = 0.99919
  Step 4200/10000 | R_avg = 0.860154 | norm = 0.99917
  Step 4300/10000 | R_avg = 0.860262 | norm = 0.999151
  Step 4400/10000 | R_avg = 0.86002 | norm = 0.999131
  Step 4500/10000 | R_avg = 0.860271 | norm = 0.999112
  Step 4600/10000 | R_avg = 0.860433 | norm = 0.999093
  Step 4700/10000 | R_avg = 0.860154 | norm = 0.999074
  Step 4800/10000 | R_avg = 0.860431 | norm = 0.999054
  Step 4900/10000 | R_avg = 0.860369 | norm = 0.999035
  Saved spatial snapshot at t = 50 (step 5000)
  Step 5000/10000 | R_avg = 0.860155 | norm = 0.999016
  Step 5100/10000 | R_avg = 0.860263 | norm = 0.998996
  Step 5200/10000 | R_avg = 0.86043 | norm = 0.998977
  Step 5300/10000 | R_avg = 0.860263 | norm = 0.998959
  Step 5400/10000 | R_avg = 0.860369 | norm = 0.998939
  Step 5500/10000 | R_avg = 0.860366 | norm = 0.998919
  Step 5600/10000 | R_avg = 0.860257 | norm = 0.9989
  Step 5700/10000 | R_avg = 0.860424 | norm = 0.99888
  Step 5800/10000 | R_avg = 0.859986 | norm = 0.998862
  Step 5900/10000 | R_avg = 0.860362 | norm = 0.998843
  Step 6000/10000 | R_avg = 0.860263 | norm = 0.998824
  Step 6100/10000 | R_avg = 0.860363 | norm = 0.998806
  Step 6200/10000 | R_avg = 0.860427 | norm = 0.998787
  Step 6300/10000 | R_avg = 0.860364 | norm = 0.998768
  Step 6400/10000 | R_avg = 0.860363 | norm = 0.998749
  Step 6500/10000 | R_avg = 0.860258 | norm = 0.998729
  Step 6600/10000 | R_avg = 0.860366 | norm = 0.998708
  Step 6700/10000 | R_avg = 0.860366 | norm = 0.998688
  Step 6800/10000 | R_avg = 0.860365 | norm = 0.998669
  Step 6900/10000 | R_avg = 0.860364 | norm = 0.998648
  Step 7000/10000 | R_avg = 0.860149 | norm = 0.998628
  Step 7100/10000 | R_avg = 0.860427 | norm = 0.998608
  Step 7200/10000 | R_avg = 0.859891 | norm = 0.998587
  Step 7300/10000 | R_avg = 0.860019 | norm = 0.998566
  Step 7400/10000 | R_avg = 0.860116 | norm = 0.998545
  Saved spatial snapshot at t = 75 (step 7500)
  Step 7500/10000 | R_avg = 0.860015 | norm = 0.998524
  Step 7600/10000 | R_avg = 0.860365 | norm = 0.998504
  Step 7700/10000 | R_avg = 0.860428 | norm = 0.998483
  Step 7800/10000 | R_avg = 0.860425 | norm = 0.998462
  Step 7900/10000 | R_avg = 0.859913 | norm = 0.998443
  Step 8000/10000 | R_avg = 0.860359 | norm = 0.998422
  Step 8100/10000 | R_avg = 0.860359 | norm = 0.998402
  Step 8200/10000 | R_avg = 0.860358 | norm = 0.998382
  Step 8300/10000 | R_avg = 0.860359 | norm = 0.998362
  Step 8400/10000 | R_avg = 0.860013 | norm = 0.998342
  Step 8500/10000 | R_avg = 0.86036 | norm = 0.998322
  Step 8600/10000 | R_avg = 0.860422 | norm = 0.998302
  Step 8700/10000 | R_avg = 0.860422 | norm = 0.998282
  Step 8800/10000 | R_avg = 0.860206 | norm = 0.998264
  Step 8900/10000 | R_avg = 0.860014 | norm = 0.998244
  Step 9000/10000 | R_avg = 0.860176 | norm = 0.998225
  Step 9100/10000 | R_avg = 0.860017 | norm = 0.998206
  Step 9200/10000 | R_avg = 0.859923 | norm = 0.998187
  Step 9300/10000 | R_avg = 0.860014 | norm = 0.998167
  Step 9400/10000 | R_avg = 0.860015 | norm = 0.998148
  Step 9500/10000 | R_avg = 0.860364 | norm = 0.998129
  Step 9600/10000 | R_avg = 0.860363 | norm = 0.99811
  Step 9700/10000 | R_avg = 0.860011 | norm = 0.998092
  Step 9800/10000 | R_avg = 0.860012 | norm = 0.998073
  Step 9900/10000 | R_avg = 0.860357 | norm = 0.998054

===== Global Validation =====
✗ Global validation FAILED:
  ✗ Probability Conservation: ||ψ||² = 0.998034 (drift: 0.196592% from initial 1) ✗ FAIL (exceeds tolerance 0.01%)
  ✗ Energy Conservation: E_total = 1.90423 (drift: 3.95241% from initial 1.83183) ✗ FAIL (exceeds tolerance 1%)
  ✓ Order Parameter Bounds: R ∈ [0, 0] ✓ PASS (within [0,1])
  ✓ Causality: v = |p|/E = 0.012044 (c = 1) ✓ PASS (v ≤ c)
  ✓ Numerical Stability: All fields finite ✓ PASS

===== Scenario 2.1: Defect Localization Validation =====
✓ Scenario validation PASSED
  ✓ 1. θ(x,y,t=0) shows vortex structure (W = ±1): Winding number W = 1 ✓ PASS (|W| ≈ 1)
  ✓ 3. R(x,y,t=0) shows core (R_min < 0.5): R_min = 0 ✓ PASS (< 0.5)
  Norm validation: max_error = 0.00196591 ✗ FAIL
  Energy validation: max_drift = 0.0724373 ✗ FAIL
  Saved observables to /home/persist/neotec/0rigin/output/20251223_132112_defect_localization/N_1/observables.csv
Test failed for N=1

--- Testing with N=10 ---
  Vortex initialization (grid-independent):
    Domain size: 100 ℓ_P
    Grid spacing: 6.25 ℓ_P
    Core radius: 3 ℓ_P (0.48 grid points)
    Center: (50, 50) ℓ_P
    Winding number: W = 1
  Dirac initialization (grid-independent):
    Position: (60, 50) ℓ_P
    Width: 3 ℓ_P
    Grid coordinates: (9.6, 8) grid units
    Grid width: 0.48 grid units
  Using Dirac solver (spinor field)
[DiracEvolution] Initialized Gaussian wavepacket at (9.6, 8) with σ=0.48
[SMFTEngine] Dirac field initialized: center=(9.6,8), sigma=0.48, norm=1
[DiracEvolution] Initialized 16x16 4-component spinor field
[DiracEvolution] Initialized Gaussian wavepacket at (9.6, 8) with σ=0.48
  Initial energy E0 = 1.83023
  Initial norm = 1
  Saved spatial snapshot at t = 0 (step 0)
  Step 0/10000 | R_avg = 0.86002 | norm = 1
  Step 100/10000 | R_avg = 0.860371 | norm = 0.99998
  Step 200/10000 | R_avg = 0.860434 | norm = 0.99996
  Step 300/10000 | R_avg = 0.860265 | norm = 0.999938
  Step 400/10000 | R_avg = 0.860434 | norm = 0.999919
  Step 500/10000 | R_avg = 0.860371 | norm = 0.999899
  Step 600/10000 | R_avg = 0.860367 | norm = 0.99988
  Step 700/10000 | R_avg = 0.860251 | norm = 0.99986
  Step 800/10000 | R_avg = 0.860368 | norm = 0.999841
  Step 900/10000 | R_avg = 0.860278 | norm = 0.999821
  Step 1000/10000 | R_avg = 0.860394 | norm = 0.999803
  Step 1100/10000 | R_avg = 0.860096 | norm = 0.999785
  Step 1200/10000 | R_avg = 0.860164 | norm = 0.999766
  Step 1300/10000 | R_avg = 0.860156 | norm = 0.999748
  Step 1400/10000 | R_avg = 0.860363 | norm = 0.999728
  Step 1500/10000 | R_avg = 0.860359 | norm = 0.999708
  Step 1600/10000 | R_avg = 0.860173 | norm = 0.999688
  Step 1700/10000 | R_avg = 0.860357 | norm = 0.999668
  Step 1800/10000 | R_avg = 0.859884 | norm = 0.999649
  Step 1900/10000 | R_avg = 0.859919 | norm = 0.999629
  Step 2000/10000 | R_avg = 0.860011 | norm = 0.999609
  Step 2100/10000 | R_avg = 0.860011 | norm = 0.999589
  Step 2200/10000 | R_avg = 0.860356 | norm = 0.99957
  Step 2300/10000 | R_avg = 0.860418 | norm = 0.999549
  Step 2400/10000 | R_avg = 0.860224 | norm = 0.99953
  Saved spatial snapshot at t = 25 (step 2500)
  Step 2500/10000 | R_avg = 0.860014 | norm = 0.99951
  Step 2600/10000 | R_avg = 0.86042 | norm = 0.99949
  Step 2700/10000 | R_avg = 0.860103 | norm = 0.999471
  Step 2800/10000 | R_avg = 0.85991 | norm = 0.999452
  Step 2900/10000 | R_avg = 0.859865 | norm = 0.999432
  Step 3000/10000 | R_avg = 0.860418 | norm = 0.999412
  Step 3100/10000 | R_avg = 0.86001 | norm = 0.999393
  Step 3200/10000 | R_avg = 0.85999 | norm = 0.999373
  Step 3300/10000 | R_avg = 0.860214 | norm = 0.999352
  Step 3400/10000 | R_avg = 0.860012 | norm = 0.999333
  Step 3500/10000 | R_avg = 0.860359 | norm = 0.999313
  Step 3600/10000 | R_avg = 0.860066 | norm = 0.999293
  Step 3700/10000 | R_avg = 0.860143 | norm = 0.999273
  Step 3800/10000 | R_avg = 0.860482 | norm = 0.999252
  Step 3900/10000 | R_avg = 0.860417 | norm = 0.999233
  Step 4000/10000 | R_avg = 0.860005 | norm = 0.999214
  Step 4100/10000 | R_avg = 0.859906 | norm = 0.999196
  Step 4200/10000 | R_avg = 0.860013 | norm = 0.999176
  Step 4300/10000 | R_avg = 0.860018 | norm = 0.999157
  Step 4400/10000 | R_avg = 0.860117 | norm = 0.999138
  Step 4500/10000 | R_avg = 0.860364 | norm = 0.999119
  Step 4600/10000 | R_avg = 0.860017 | norm = 0.9991
  Step 4700/10000 | R_avg = 0.860425 | norm = 0.999082
  Step 4800/10000 | R_avg = 0.860255 | norm = 0.999064
  Step 4900/10000 | R_avg = 0.860149 | norm = 0.999045
  Saved spatial snapshot at t = 50 (step 5000)
  Step 5000/10000 | R_avg = 0.860363 | norm = 0.999027
  Step 5100/10000 | R_avg = 0.859916 | norm = 0.999009
  Step 5200/10000 | R_avg = 0.860428 | norm = 0.998991
  Step 5300/10000 | R_avg = 0.860364 | norm = 0.998973
  Step 5400/10000 | R_avg = 0.860011 | norm = 0.998954
  Step 5500/10000 | R_avg = 0.860357 | norm = 0.998935
  Step 5600/10000 | R_avg = 0.860245 | norm = 0.998915
  Step 5700/10000 | R_avg = 0.860477 | norm = 0.998896
  Step 5800/10000 | R_avg = 0.860135 | norm = 0.998877
  Step 5900/10000 | R_avg = 0.860412 | norm = 0.998858
  Step 6000/10000 | R_avg = 0.859902 | norm = 0.99884
  Step 6100/10000 | R_avg = 0.859905 | norm = 0.998821
  Step 6200/10000 | R_avg = 0.860352 | norm = 0.998803
  Step 6300/10000 | R_avg = 0.859905 | norm = 0.998784
  Step 6400/10000 | R_avg = 0.860065 | norm = 0.998765
  Step 6500/10000 | R_avg = 0.860248 | norm = 0.998746
  Step 6600/10000 | R_avg = 0.860421 | norm = 0.998726
  Step 6700/10000 | R_avg = 0.860011 | norm = 0.998706
  Step 6800/10000 | R_avg = 0.860417 | norm = 0.998687
  Step 6900/10000 | R_avg = 0.860004 | norm = 0.998667
  Step 7000/10000 | R_avg = 0.860414 | norm = 0.998648
  Step 7100/10000 | R_avg = 0.860416 | norm = 0.998627
  Step 7200/10000 | R_avg = 0.86035 | norm = 0.998607
  Step 7300/10000 | R_avg = 0.860003 | norm = 0.998586
  Step 7400/10000 | R_avg = 0.860354 | norm = 0.998566
  Saved spatial snapshot at t = 75 (step 7500)
  Step 7500/10000 | R_avg = 0.860007 | norm = 0.998545
  Step 7600/10000 | R_avg = 0.860141 | norm = 0.998525
  Step 7700/10000 | R_avg = 0.860354 | norm = 0.998504
  Step 7800/10000 | R_avg = 0.860348 | norm = 0.998483
  Step 7900/10000 | R_avg = 0.860343 | norm = 0.998464
  Step 8000/10000 | R_avg = 0.859992 | norm = 0.998444
  Step 8100/10000 | R_avg = 0.859866 | norm = 0.998423
  Step 8200/10000 | R_avg = 0.859975 | norm = 0.998403
  Step 8300/10000 | R_avg = 0.860405 | norm = 0.998384
  Step 8400/10000 | R_avg = 0.859866 | norm = 0.998365
  Step 8500/10000 | R_avg = 0.859999 | norm = 0.998345
  Step 8600/10000 | R_avg = 0.859976 | norm = 0.998326
  Step 8700/10000 | R_avg = 0.860341 | norm = 0.998306
  Step 8800/10000 | R_avg = 0.86034 | norm = 0.998287
  Step 8900/10000 | R_avg = 0.860127 | norm = 0.998267
  Step 9000/10000 | R_avg = 0.860407 | norm = 0.998248
  Step 9100/10000 | R_avg = 0.859899 | norm = 0.998229
  Step 9200/10000 | R_avg = 0.860347 | norm = 0.998211
  Step 9300/10000 | R_avg = 0.860473 | norm = 0.998192
  Step 9400/10000 | R_avg = 0.860136 | norm = 0.998173
