[Logging] Console output for 64x64 writing to: /home/persist/neotec/0rigin/output/20251230_220821_lorentz_force_pure_magnetic/console.log
  Dirac initialization (grid-independent):
    Position: (50, 50) в„“_P
    Width: 3 в„“_P
    Grid coordinates: (32, 32) grid units
    Grid width: 1.92 grid units
  Using Dirac solver (spinor field)
[DiracEvolution] Initialized 64x64 4-component spinor field (particle, ОІ=1)
[DiracEvolution] Initialized Gaussian wavepacket at (32, 32) with Пғ=1.92
[SMFTEngine] Dirac field initialized: center=(32,32), sigma=1.92, norm=1
[DiracEvolution] Initialized 64x64 4-component spinor field (particle, ОІ=1)
[DiracEvolution] Initialized Gaussian wavepacket at (32, 32) with Пғ=1.92
  Initial energy E0 = 0.237587
  Initial norm = 1

--- Initializing Test Particle for Lorentz Force ---
  Particle initialized at (60, 50) в„“_P
  Initial velocity: (0, 0.1) c
  Charge: -1, Mass: 1 (natural units)
  Verified state: pos=(60,50), vel=(0,0.1)
[stepWithDirac] Strang splitting enabled:
  substep_ratio=1
  substep_dt=0.01
  half_substeps=0
  remaining_substeps=1
[GPU EM Compute] 1 calls | Last: 215 Ојs | Avg: 215 Ојs | Grid: 64Г—64
  [Kuramoto Energy] grad_R: 0.0307876, potential: -4093.91, total: -4093.88 (Оә=1)
  Actual initial energy E0 = -4091.16 (from first observation including EM)
  Using uniform B field: B_z = 0.1 everywhere
  Step 0/100 | R_avg = 0.99974 | norm = 1
[GPU EM Compute] 50 calls | Last: 112 Ојs | Avg: 114 Ојs | Grid: 64Г—64
[GPU EM Compute] 100 calls | Last: 115 Ојs | Avg: 114 Ојs | Grid: 64Г—64

===== Lorentz Force Analysis =====
  Trajectory written to /home/persist/neotec/0rigin/output/20251230_220821_lorentz_force_pure_magnetic/N_1/particle_trajectory.csv (2 points)
  Particle trajectory saved to: /home/persist/neotec/0rigin/output/20251230_220821_lorentz_force_pure_magnetic/N_1/particle_trajectory.csv
  Average magnetic field: B_avg = 0.1

Theoretical predictions:
  Cyclotron frequency: Пү_c = 0.1 rad/П„_P
  Larmor radius: r_L = 1 в„“_P

Measured from trajectory:
  Orbital period: T = 0 П„_P
  Orbital radius: r = 0 в„“_P
  Orbital frequency: Пү = 0 rad/П„_P

Validation:
  Frequency error: 100%
  Radius error: 100%
  Lorentz force validation: вң— FAIL

===== Global Validation =====
вң“ Global validation PASSED
  вң“ Probability Conservation: ||ПҲ||ВІ = 0.999976 (drift: 0.00237522% from initial 1) вң“ PASS
  вң“ Energy Conservation: E_total = -4091.67 (drift: 0.0125911% from initial -4091.16) вң“ PASS
  вң“ Order Parameter Bounds: R вҲҲ [0, 0] вң“ PASS (within [0,1])
  вң“ Causality: v = |p|/E = 6.44323e-07 (c = 1) вң“ PASS (v вүӨ c)
  вң“ Numerical Stability: All fields finite вң“ PASS
  Norm validation: max_error = 2.37271e-05 вң“ PASS
  Energy validation: max_drift = 0.000125911 вң“ PASS

===== EM Field Validation =====
Maxwell Equation Residuals:
  Gauss law (вҲҮВ·E - 4ПҖПҒ): 0 вң“
  No monopole (вҲҮВ·B): 0 вң“
  Faraday law (вҲҮГ—E + вҲӮB/вҲӮt): 0 вң“
  Ampere law (вҲҮГ—B - 4ПҖJ - вҲӮE/вҲӮt): 2.62198e-07 вң“
Overall Maxwell Validation: вң“ PASS
  Saved observables to /home/persist/neotec/0rigin/output/20251230_220821_lorentz_force_pure_magnetic/N_1/observables.csv
  Saved EM observables to /home/persist/neotec/0rigin/output/20251230_220821_lorentz_force_pure_magnetic/N_1/em_observables.csv

[3/3] Generating report...

вң“ Report saved to /home/persist/neotec/0rigin/output/20251230_220821_lorentz_force_pure_magnetic/test_report.txt

===== Test Summary =====
вң“ ALL TESTS PASSED

Validation criteria met:
  вң“ Norm conservation ||ОЁ||ВІ - 1 < 10вҒ»вҒҙ
  вң“ Energy conservation |О”E/EвӮҖ| < 1%
  вң“ Convergence between N ratios < 5%
