[Logging] Console output for 256x256 writing to: /home/persist/neotec/0rigin/output/20251227_071846_casimir_force/console.log

--- Testing with N=1 ---
  Dirac initialization (grid-independent):
    Position: (25, 50) ℓ_P
    Width: 1 ℓ_P
    Grid coordinates: (64, 128) grid units
    Grid width: 2.56 grid units
  Using Dirac solver (spinor field)
[DiracEvolution] Initialized 256x256 4-component spinor field (particle, β=1)
[DiracEvolution] Initialized Gaussian wavepacket at (64, 128) with σ=2.56
[SMFTEngine] Dirac field initialized: center=(64,128), sigma=2.56, norm=1
[DiracEvolution] Initialized 256x256 4-component spinor field (particle, β=1)
[DiracEvolution] Initialized Gaussian wavepacket at (64, 128) with σ=2.56
  Initial energy E0 = 1.14152
  Initial norm = 0.999999
  Saved spatial snapshot at t = 0 (step 0)
  Step 0/5000 | R_avg = 0.999755 | norm = 0.999999
  Step 500/5000 | R_avg = 0.999749 | norm = 0.999849
  Step 1000/5000 | R_avg = 0.999733 | norm = 0.999678
  Step 1500/5000 | R_avg = 0.999752 | norm = 0.999506
  Step 2000/5000 | R_avg = 0.999745 | norm = 0.999311
  Saved spatial snapshot at t = 25 (step 2500)
  Step 2500/5000 | R_avg = 0.999752 | norm = 0.999101
  Step 3000/5000 | R_avg = 0.999749 | norm = 0.998891
  Step 3500/5000 | R_avg = 0.999729 | norm = 0.998689
  Step 4000/5000 | R_avg = 0.999747 | norm = 0.998489
  Step 4500/5000 | R_avg = 0.999733 | norm = 0.998288
  Saved spatial snapshot at t = 49.99 (step 4999)

===== Global Validation =====
✗ Global validation FAILED:
  ✗ Probability Conservation: ||ψ||² = 0.998084 (drift: 0.191521% from initial 0.999999) ✗ FAIL (exceeds tolerance 0.1%)
  ✓ Energy Conservation: E_total = 1.13906 (drift: 0.0129195% from initial 1.13921) ✓ PASS
  ✓ Order Parameter Bounds: R ∈ [1, 1] ✓ PASS (within [0,1])
  ✓ Causality: v = |p|/E = 0.000761541 (c = 1) ✓ PASS (v ≤ c)
  ✓ Numerical Stability: All fields finite ✓ PASS
  Norm validation: max_error = 0.00191603 ✗ FAIL
  Energy validation: max_drift = 0.00193198 ✓ PASS
  Saved observables to /home/persist/neotec/0rigin/output/20251227_071846_casimir_force/N_1/observables.csv
Test failed for N=1

--- Testing with N=10 ---
  Dirac initialization (grid-independent):
    Position: (25, 50) ℓ_P
    Width: 1 ℓ_P
    Grid coordinates: (64, 128) grid units
    Grid width: 2.56 grid units
  Using Dirac solver (spinor field)
[DiracEvolution] Initialized Gaussian wavepacket at (64, 128) with σ=2.56
[SMFTEngine] Dirac field initialized: center=(64,128), sigma=2.56, norm=1
[DiracEvolution] Initialized 256x256 4-component spinor field (particle, β=1)
[DiracEvolution] Initialized Gaussian wavepacket at (64, 128) with σ=2.56
  Initial energy E0 = 1.14152
  Initial norm = 0.999999
  Saved spatial snapshot at t = 0 (step 0)
  Step 0/5000 | R_avg = 0.999754 | norm = 0.999999
  Step 500/5000 | R_avg = 0.999748 | norm = 0.999849
  Step 1000/5000 | R_avg = 0.999749 | norm = 0.999679
  Step 1500/5000 | R_avg = 0.999745 | norm = 0.999505
  Step 2000/5000 | R_avg = 0.999738 | norm = 0.999311
  Saved spatial snapshot at t = 25 (step 2500)
  Step 2500/5000 | R_avg = 0.99969 | norm = 0.999101
  Step 3000/5000 | R_avg = 0.999748 | norm = 0.998891
  Step 3500/5000 | R_avg = 0.999746 | norm = 0.998689
  Step 4000/5000 | R_avg = 0.999726 | norm = 0.998488
  Step 4500/5000 | R_avg = 0.999745 | norm = 0.998288
  Saved spatial snapshot at t = 49.99 (step 4999)

===== Global Validation =====
✗ Global validation FAILED:
  ✗ Probability Conservation: ||ψ||² = 0.998083 (drift: 0.191568% from initial 0.999999) ✗ FAIL (exceeds tolerance 0.1%)
  ✓ Energy Conservation: E_total = 1.1388 (drift: 0.0184795% from initial 1.13902) ✓ PASS
  ✓ Order Parameter Bounds: R ∈ [1, 1] ✓ PASS (within [0,1])
  ✓ Causality: v = |p|/E = 0.00101417 (c = 1) ✓ PASS (v ≤ c)
  ✓ Numerical Stability: All fields finite ✓ PASS
  Norm validation: max_error = 0.00191653 ✗ FAIL
  Energy validation: max_drift = 0.00210452 ✓ PASS
  Saved observables to /home/persist/neotec/0rigin/output/20251227_071846_casimir_force/N_10/observables.csv
Test failed for N=10

--- Validating Convergence ---
✓ Convergence validation PASSED
Tests failed for grid size 256

===== Tests Complete ====

[3/3] Generating report...

✓ Report saved to /home/persist/neotec/0rigin/output/20251227_071846_casimir_force/test_report.txt

===== Test Summary =====
✗ TESTS FAILED

Some validation criteria not met.
Check test report for details.
