[Logging] Console output for 64x64 writing to: /home/persist/neotec/0rigin/output/20251230_190150_lorentz_force_cpu/console.log
  Dirac initialization (DEPRECATED grid units):
    Position: (32, 32) grid units
    ⚠️  WARNING: Using grid-dependent coordinates (not recommended)
  Using Dirac solver (spinor field)
[DiracEvolution] Initialized 64x64 4-component spinor field (particle, β=1)
[DiracEvolution] Initialized Gaussian wavepacket at (32, 32) with σ=3
[SMFTEngine] Dirac field initialized: center=(32,32), sigma=3, norm=1
[DiracEvolution] Initialized 64x64 4-component spinor field (particle, β=1)
[DiracEvolution] Initialized Gaussian wavepacket at (32, 32) with σ=3
  Initial energy E0 = 0.105161
  Initial norm = 1

--- Initializing Test Particle for Lorentz Force ---
  Particle initialized at (55, 50) ℓ_P
  Initial velocity: (0, 0.01) c
  Charge: -1, Mass: 0.1 (natural units)
[stepWithDirac] Strang splitting enabled:
  substep_ratio=1
  substep_dt=0.001
  half_substeps=0
  remaining_substeps=1
[GPU EM Compute] 1 calls | Last: 228 μs | Avg: 228 μs | Grid: 64×64
  [Kuramoto Energy] grad_R: 0.0467035, potential: -4094.08, total: -4094.03 (κ=1)
  Actual initial energy E0 = -4093.63 (from first observation including EM)
  Using uniform B field: B_z = 0.01 everywhere
  Step 0/5000 | R_avg = 0.999758 | norm = 1
[GPU EM Compute] 50 calls | Last: 99 μs | Avg: 102 μs | Grid: 64×64
[ERROR] Invalid theta fields detected (NaN/Inf), returning zero EM observables
[ERROR] Invalid theta fields detected (NaN/Inf), returning zero EM observables
[GPU EM Compute] 100 calls | Last: 100 μs | Avg: 101 μs | Grid: 64×64
[ERROR] Invalid theta fields detected (NaN/Inf), returning zero EM observables
[ERROR] Invalid theta fields detected (NaN/Inf), returning zero EM observables
[GPU EM Compute] 150 calls | Last: 90 μs | Avg: 100 μs | Grid: 64×64
[GPU EM Compute] 200 calls | Last: 99 μs | Avg: 100 μs | Grid: 64×64
[ERROR] Invalid theta fields detected (NaN/Inf), returning zero EM observables
[ERROR] Invalid theta fields detected (NaN/Inf), returning zero EM observables
[GPU EM Compute] 250 calls | Last: 99 μs | Avg: 99 μs | Grid: 64×64
[ERROR] Invalid theta fields detected (NaN/Inf), returning zero EM observables
[ERROR] Invalid theta fields detected (NaN/Inf), returning zero EM observables
[GPU EM Compute] 300 calls | Last: 100 μs | Avg: 99 μs | Grid: 64×64
[ERROR] Invalid theta fields detected (NaN/Inf), returning zero EM observables
[ERROR] Invalid theta fields detected (NaN/Inf), returning zero EM observables
[GPU EM Compute] 350 calls | Last: 99 μs | Avg: 99 μs | Grid: 64×64
[ERROR] Invalid theta fields detected (NaN/Inf), returning zero EM observables
[ERROR] Invalid theta fields detected (NaN/Inf), returning zero EM observables
[GPU EM Compute] 400 calls | Last: 99 μs | Avg: 98 μs | Grid: 64×64
[GPU EM Compute] 450 calls | Last: 104 μs | Avg: 99 μs | Grid: 64×64
[GPU EM Compute] 500 calls | Last: 98 μs | Avg: 99 μs | Grid: 64×64
  Step 500/5000 | R_avg = 0.999573 | norm = 0.999854
[GPU EM Compute] 550 calls | Last: 98 μs | Avg: 99 μs | Grid: 64×64
[GPU EM Compute] 600 calls | Last: 99 μs | Avg: 99 μs | Grid: 64×64
[GPU EM Compute] 650 calls | Last: 87 μs | Avg: 99 μs | Grid: 64×64
[GPU EM Compute] 700 calls | Last: 106 μs | Avg: 99 μs | Grid: 64×64
[ERROR] Invalid theta fields detected (NaN/Inf), returning zero EM observables
[ERROR] Invalid theta fields detected (NaN/Inf), returning zero EM observables
[GPU EM Compute] 750 calls | Last: 97 μs | Avg: 99 μs | Grid: 64×64
[ERROR] Invalid theta fields detected (NaN/Inf), returning zero EM observables
[ERROR] Invalid theta fields detected (NaN/Inf), returning zero EM observables
[GPU EM Compute] 800 calls | Last: 103 μs | Avg: 99 μs | Grid: 64×64
[GPU EM Compute] 850 calls | Last: 99 μs | Avg: 99 μs | Grid: 64×64
[GPU EM Compute] 900 calls | Last: 98 μs | Avg: 99 μs | Grid: 64×64
[GPU EM Compute] 950 calls | Last: 99 μs | Avg: 99 μs | Grid: 64×64
[GPU EM Compute] 1000 calls | Last: 106 μs | Avg: 99 μs | Grid: 64×64
  Step 1000/5000 | R_avg = 0.99988 | norm = 0.999708
[GPU EM Compute] 1050 calls | Last: 97 μs | Avg: 99 μs | Grid: 64×64
[GPU EM Compute] 1100 calls | Last: 100 μs | Avg: 99 μs | Grid: 64×64
[GPU EM Compute] 1150 calls | Last: 99 μs | Avg: 99 μs | Grid: 64×64
[GPU EM Compute] 1200 calls | Last: 98 μs | Avg: 99 μs | Grid: 64×64
[GPU EM Compute] 1250 calls | Last: 99 μs | Avg: 99 μs | Grid: 64×64
[GPU EM Compute] 1300 calls | Last: 99 μs | Avg: 99 μs | Grid: 64×64
[GPU EM Compute] 1350 calls | Last: 98 μs | Avg: 99 μs | Grid: 64×64
[GPU EM Compute] 1400 calls | Last: 99 μs | Avg: 99 μs | Grid: 64×64
[GPU EM Compute] 1450 calls | Last: 97 μs | Avg: 99 μs | Grid: 64×64
[GPU EM Compute] 1500 calls | Last: 98 μs | Avg: 99 μs | Grid: 64×64
  Step 1500/5000 | R_avg = 0.999836 | norm = 0.999558
[GPU EM Compute] 1550 calls | Last: 99 μs | Avg: 99 μs | Grid: 64×64
[GPU EM Compute] 1600 calls | Last: 107 μs | Avg: 99 μs | Grid: 64×64
[GPU EM Compute] 1650 calls | Last: 101 μs | Avg: 99 μs | Grid: 64×64
[GPU EM Compute] 1700 calls | Last: 54 μs | Avg: 99 μs | Grid: 64×64
[GPU EM Compute] 1750 calls | Last: 99 μs | Avg: 98 μs | Grid: 64×64
[GPU EM Compute] 1800 calls | Last: 104 μs | Avg: 99 μs | Grid: 64×64
[GPU EM Compute] 1850 calls | Last: 99 μs | Avg: 99 μs | Grid: 64×64
[GPU EM Compute] 1900 calls | Last: 98 μs | Avg: 99 μs | Grid: 64×64
[GPU EM Compute] 1950 calls | Last: 98 μs | Avg: 99 μs | Grid: 64×64
[GPU EM Compute] 2000 calls | Last: 98 μs | Avg: 99 μs | Grid: 64×64
  Step 2000/5000 | R_avg = 0.9999 | norm = 0.9994
[GPU EM Compute] 2050 calls | Last: 98 μs | Avg: 99 μs | Grid: 64×64
[GPU EM Compute] 2100 calls | Last: 98 μs | Avg: 99 μs | Grid: 64×64
[GPU EM Compute] 2150 calls | Last: 51 μs | Avg: 98 μs | Grid: 64×64
[GPU EM Compute] 2200 calls | Last: 98 μs | Avg: 98 μs | Grid: 64×64
[GPU EM Compute] 2250 calls | Last: 98 μs | Avg: 98 μs | Grid: 64×64
[GPU EM Compute] 2300 calls | Last: 98 μs | Avg: 98 μs | Grid: 64×64
[GPU EM Compute] 2350 calls | Last: 98 μs | Avg: 98 μs | Grid: 64×64
[GPU EM Compute] 2400 calls | Last: 107 μs | Avg: 98 μs | Grid: 64×64
[GPU EM Compute] 2450 calls | Last: 110 μs | Avg: 98 μs | Grid: 64×64
[GPU EM Compute] 2500 calls | Last: 98 μs | Avg: 98 μs | Grid: 64×64
  Step 2500/5000 | R_avg = 0.999873 | norm = 0.999237
[GPU EM Compute] 2550 calls | Last: 99 μs | Avg: 99 μs | Grid: 64×64
[GPU EM Compute] 2600 calls | Last: 99 μs | Avg: 99 μs | Grid: 64×64
[GPU EM Compute] 2650 calls | Last: 98 μs | Avg: 99 μs | Grid: 64×64
[GPU EM Compute] 2700 calls | Last: 101 μs | Avg: 99 μs | Grid: 64×64
[GPU EM Compute] 2750 calls | Last: 99 μs | Avg: 99 μs | Grid: 64×64
[GPU EM Compute] 2800 calls | Last: 99 μs | Avg: 99 μs | Grid: 64×64
[GPU EM Compute] 2850 calls | Last: 100 μs | Avg: 99 μs | Grid: 64×64
[GPU EM Compute] 2900 calls | Last: 99 μs | Avg: 99 μs | Grid: 64×64
[GPU EM Compute] 2950 calls | Last: 107 μs | Avg: 99 μs | Grid: 64×64
[GPU EM Compute] 3000 calls | Last: 99 μs | Avg: 99 μs | Grid: 64×64
  Step 3000/5000 | R_avg = 0.999866 | norm = 0.99907
[GPU EM Compute] 3050 calls | Last: 100 μs | Avg: 99 μs | Grid: 64×64
[GPU EM Compute] 3100 calls | Last: 100 μs | Avg: 99 μs | Grid: 64×64
[GPU EM Compute] 3150 calls | Last: 99 μs | Avg: 99 μs | Grid: 64×64
[GPU EM Compute] 3200 calls | Last: 105 μs | Avg: 99 μs | Grid: 64×64
[GPU EM Compute] 3250 calls | Last: 98 μs | Avg: 99 μs | Grid: 64×64
[GPU EM Compute] 3300 calls | Last: 99 μs | Avg: 99 μs | Grid: 64×64
[GPU EM Compute] 3350 calls | Last: 99 μs | Avg: 99 μs | Grid: 64×64
[GPU EM Compute] 3400 calls | Last: 102 μs | Avg: 99 μs | Grid: 64×64
[GPU EM Compute] 3450 calls | Last: 99 μs | Avg: 99 μs | Grid: 64×64
[GPU EM Compute] 3500 calls | Last: 99 μs | Avg: 99 μs | Grid: 64×64
  Step 3500/5000 | R_avg = 0.999835 | norm = 0.998902
[GPU EM Compute] 3550 calls | Last: 100 μs | Avg: 99 μs | Grid: 64×64
[GPU EM Compute] 3600 calls | Last: 101 μs | Avg: 99 μs | Grid: 64×64
[GPU EM Compute] 3650 calls | Last: 101 μs | Avg: 99 μs | Grid: 64×64
[GPU EM Compute] 3700 calls | Last: 94 μs | Avg: 99 μs | Grid: 64×64
[GPU EM Compute] 3750 calls | Last: 54 μs | Avg: 99 μs | Grid: 64×64
[GPU EM Compute] 3800 calls | Last: 104 μs | Avg: 99 μs | Grid: 64×64
[GPU EM Compute] 3850 calls | Last: 99 μs | Avg: 99 μs | Grid: 64×64
[GPU EM Compute] 3900 calls | Last: 105 μs | Avg: 99 μs | Grid: 64×64
[GPU EM Compute] 3950 calls | Last: 102 μs | Avg: 99 μs | Grid: 64×64
[GPU EM Compute] 4000 calls | Last: 101 μs | Avg: 99 μs | Grid: 64×64
  Step 4000/5000 | R_avg = 0.999959 | norm = 0.998735
[GPU EM Compute] 4050 calls | Last: 100 μs | Avg: 99 μs | Grid: 64×64
[GPU EM Compute] 4100 calls | Last: 98 μs | Avg: 99 μs | Grid: 64×64
[GPU EM Compute] 4150 calls | Last: 103 μs | Avg: 99 μs | Grid: 64×64
[GPU EM Compute] 4200 calls | Last: 118 μs | Avg: 99 μs | Grid: 64×64
[GPU EM Compute] 4250 calls | Last: 105 μs | Avg: 99 μs | Grid: 64×64
[GPU EM Compute] 4300 calls | Last: 101 μs | Avg: 99 μs | Grid: 64×64
[GPU EM Compute] 4350 calls | Last: 103 μs | Avg: 99 μs | Grid: 64×64
[GPU EM Compute] 4400 calls | Last: 103 μs | Avg: 99 μs | Grid: 64×64
[GPU EM Compute] 4450 calls | Last: 99 μs | Avg: 99 μs | Grid: 64×64
[GPU EM Compute] 4500 calls | Last: 100 μs | Avg: 99 μs | Grid: 64×64
  Step 4500/5000 | R_avg = 0.999844 | norm = 0.998565
[GPU EM Compute] 4550 calls | Last: 103 μs | Avg: 99 μs | Grid: 64×64
[GPU EM Compute] 4600 calls | Last: 112 μs | Avg: 99 μs | Grid: 64×64
[GPU EM Compute] 4650 calls | Last: 102 μs | Avg: 99 μs | Grid: 64×64
[GPU EM Compute] 4700 calls | Last: 58 μs | Avg: 99 μs | Grid: 64×64
[GPU EM Compute] 4750 calls | Last: 105 μs | Avg: 100 μs | Grid: 64×64
[GPU EM Compute] 4800 calls | Last: 103 μs | Avg: 100 μs | Grid: 64×64
[GPU EM Compute] 4850 calls | Last: 108 μs | Avg: 100 μs | Grid: 64×64
[GPU EM Compute] 4900 calls | Last: 109 μs | Avg: 100 μs | Grid: 64×64
[GPU EM Compute] 4950 calls | Last: 66 μs | Avg: 100 μs | Grid: 64×64
[GPU EM Compute] 5000 calls | Last: 103 μs | Avg: 100 μs | Grid: 64×64
  [Kuramoto Energy] grad_R: 0.0132004, potential: -4095.01, total: -4095 (κ=1)

===== Lorentz Force Analysis =====
Error: Could not open /home/persist/neotec/0rigin/output/20251230_190150_lorentz_force_cpu/N_1/particle_trajectory.csv for writing
  Particle trajectory saved to: /home/persist/neotec/0rigin/output/20251230_190150_lorentz_force_cpu/N_1/particle_trajectory.csv
  Average magnetic field: B_avg = 0.01

Theoretical predictions:
  Cyclotron frequency: ω_c = 0.1 rad/τ_P
  Larmor radius: r_L = 1 ℓ_P

Measured from trajectory:
  Orbital period: T = 0 τ_P
  Orbital radius: r = 0.000252789 ℓ_P
  Orbital frequency: ω = 0 rad/τ_P

Validation:
  Frequency error: 100%
  Radius error: 99.9747%
  Lorentz force validation: ✗ FAIL

===== Global Validation =====
✓ Global validation PASSED
  ✓ Probability Conservation: ||ψ||² = 0.998395 (drift: 0.160534% from initial 1) ✓ PASS
  ✓ Energy Conservation: E_total = -4094.58 (drift: 0.0233433% from initial -4093.63) ✓ PASS
  ✓ Order Parameter Bounds: R ∈ [0, 0] ✓ PASS (within [0,1])
  ✓ Causality: v = |p|/E = 1.30339e-07 (c = 1) ✓ PASS (v ≤ c)
  ✓ Numerical Stability: All fields finite ✓ PASS
  Norm validation: max_error = 0.00160488 ✓ PASS
  Energy validation: max_drift = 0.000408644 ✓ PASS

===== EM Field Validation =====
Maxwell Equation Residuals:
  Gauss law (∇·E - 4πρ): 0 ✓
  No monopole (∇·B): 0 ✓
  Faraday law (∇×E + ∂B/∂t): 0 ✓
  Ampere law (∇×B - 4πJ - ∂E/∂t): 1.42025e-07 ✓
Overall Maxwell Validation: ✓ PASS
Failed to open /home/persist/neotec/0rigin/output/20251230_190150_lorentz_force_cpu/N_1/observables.csv for writing
  Saved observables to /home/persist/neotec/0rigin/output/20251230_190150_lorentz_force_cpu/N_1/observables.csv
  Saved EM observables to /home/persist/neotec/0rigin/output/20251230_190150_lorentz_force_cpu/N_1/em_observables.csv

[3/3] Generating report...

✓ Report saved to /home/persist/neotec/0rigin/output/20251230_190150_lorentz_force_cpu/test_report.txt

===== Test Summary =====
✓ ALL TESTS PASSED

Validation criteria met:
  ✓ Norm conservation ||Ψ||² - 1 < 10⁻⁴
  ✓ Energy conservation |ΔE/E₀| < 1%
  ✓ Convergence between N ratios < 5%
