[Logging] Console output for 64x64 writing to: /home/persist/neotec/0rigin/output/20251229_105728_defect_localization/console.log

--- Testing with N=1 ---
  Vortex initialization (grid-independent):
    Domain size: 100 ℓ_P
    Grid spacing: 1.5625 ℓ_P
    Core radius: 3 ℓ_P (1.92 grid points)
    Center: (50, 50) ℓ_P
    Winding number: W = 1
[SMFTEngine] R-field initialized with custom values
  R_min = 0
  R_max = 1
  Vortex R-field initialized: R(r) = tanh(r/ξ) profile
    Core center: (50, 50) ℓ_P
    Core radius: 3 ℓ_P
  Dirac initialization (grid-independent):
    Position: (60, 50) ℓ_P
    Width: 3 ℓ_P
    Grid coordinates: (38.4, 32) grid units
    Grid width: 1.92 grid units
  Using Dirac solver (spinor field)
[DiracEvolution] Initialized 64x64 4-component spinor field (particle, β=1)
[DiracEvolution] Initialized Gaussian wavepacket at (38.4, 32) with σ=1.92
[SMFTEngine] Dirac field initialized: center=(38.4,32), sigma=1.92, norm=1
[DiracEvolution] Initialized 64x64 4-component spinor field (particle, β=1)
[DiracEvolution] Initialized Gaussian wavepacket at (38.4, 32) with σ=1.92
  Initial energy E0 = 1.23192
  Initial norm = 1
  Saved spatial snapshot at t = 0 (step 0)
  Actual initial energy E0 = 1.22857 (from first observation including EM)
  Step 0/10000 | R_avg = 0.968171 | norm = 1
  Step 100/10000 | R_avg = 0.968132 | norm = 0.999976
  Step 200/10000 | R_avg = 0.968178 | norm = 0.999951
  Step 300/10000 | R_avg = 0.968157 | norm = 0.999925
  Step 400/10000 | R_avg = 0.968174 | norm = 0.999898
  Step 500/10000 | R_avg = 0.968083 | norm = 0.999871
  Step 600/10000 | R_avg = 0.968167 | norm = 0.999844
  Step 700/10000 | R_avg = 0.968197 | norm = 0.999816
  Step 800/10000 | R_avg = 0.968094 | norm = 0.999789
  Step 900/10000 | R_avg = 0.968183 | norm = 0.999763
  Step 1000/10000 | R_avg = 0.968154 | norm = 0.999737
  Step 1100/10000 | R_avg = 0.968089 | norm = 0.99971
  Step 1200/10000 | R_avg = 0.968187 | norm = 0.999685
  Step 1300/10000 | R_avg = 0.968153 | norm = 0.999658
  Step 1400/10000 | R_avg = 0.968113 | norm = 0.999632
  Step 1500/10000 | R_avg = 0.968059 | norm = 0.999605
  Step 1600/10000 | R_avg = 0.96814 | norm = 0.999579
  Step 1700/10000 | R_avg = 0.968193 | norm = 0.999551
  Step 1800/10000 | R_avg = 0.968094 | norm = 0.999525
  Step 1900/10000 | R_avg = 0.968242 | norm = 0.999497
  Step 2000/10000 | R_avg = 0.968076 | norm = 0.99947
  Step 2100/10000 | R_avg = 0.968134 | norm = 0.999444
  Step 2200/10000 | R_avg = 0.968141 | norm = 0.999417
  Step 2300/10000 | R_avg = 0.967924 | norm = 0.999391
  Step 2400/10000 | R_avg = 0.968152 | norm = 0.999365
  Saved spatial snapshot at t = 25 (step 2500)
  Step 2500/10000 | R_avg = 0.968225 | norm = 0.999339
  Step 2600/10000 | R_avg = 0.968041 | norm = 0.999315
  Step 2700/10000 | R_avg = 0.968128 | norm = 0.99929
  Step 2800/10000 | R_avg = 0.968027 | norm = 0.999266
  Step 2900/10000 | R_avg = 0.96805 | norm = 0.999242
  Step 3000/10000 | R_avg = 0.968128 | norm = 0.999218
  Step 3100/10000 | R_avg = 0.968164 | norm = 0.999195
  Step 3200/10000 | R_avg = 0.968104 | norm = 0.999172
  Step 3300/10000 | R_avg = 0.968155 | norm = 0.999148
  Step 3400/10000 | R_avg = 0.968153 | norm = 0.999124
  Step 3500/10000 | R_avg = 0.968086 | norm = 0.9991
  Step 3600/10000 | R_avg = 0.968128 | norm = 0.999075
  Step 3700/10000 | R_avg = 0.968047 | norm = 0.99905
  Step 3800/10000 | R_avg = 0.968221 | norm = 0.999025
  Step 3900/10000 | R_avg = 0.968141 | norm = 0.999
  Step 4000/10000 | R_avg = 0.96813 | norm = 0.998976
  Step 4100/10000 | R_avg = 0.968144 | norm = 0.998951
  Step 4200/10000 | R_avg = 0.968056 | norm = 0.998927
  Step 4300/10000 | R_avg = 0.968153 | norm = 0.998902
  Step 4400/10000 | R_avg = 0.968211 | norm = 0.998876
  Step 4500/10000 | R_avg = 0.968117 | norm = 0.998851
  Step 4600/10000 | R_avg = 0.968145 | norm = 0.998826
  Step 4700/10000 | R_avg = 0.968217 | norm = 0.998801
  Step 4800/10000 | R_avg = 0.96817 | norm = 0.998777
  Step 4900/10000 | R_avg = 0.968186 | norm = 0.998752
  Saved spatial snapshot at t = 50 (step 5000)
  Step 5000/10000 | R_avg = 0.968165 | norm = 0.998727
  Step 5100/10000 | R_avg = 0.96813 | norm = 0.998702
  Step 5200/10000 | R_avg = 0.968179 | norm = 0.998677
  Step 5300/10000 | R_avg = 0.968144 | norm = 0.998652
  Step 5400/10000 | R_avg = 0.968159 | norm = 0.998627
  Step 5500/10000 | R_avg = 0.968166 | norm = 0.998602
  Step 5600/10000 | R_avg = 0.968184 | norm = 0.998577
  Step 5700/10000 | R_avg = 0.968151 | norm = 0.998553
  Step 5800/10000 | R_avg = 0.968001 | norm = 0.998528
  Step 5900/10000 | R_avg = 0.968167 | norm = 0.998503
  Step 6000/10000 | R_avg = 0.968154 | norm = 0.998477
  Step 6100/10000 | R_avg = 0.96816 | norm = 0.998452
  Step 6200/10000 | R_avg = 0.968177 | norm = 0.998426
  Step 6300/10000 | R_avg = 0.968168 | norm = 0.998401
  Step 6400/10000 | R_avg = 0.968157 | norm = 0.998376
  Step 6500/10000 | R_avg = 0.968168 | norm = 0.99835
  Step 6600/10000 | R_avg = 0.968146 | norm = 0.998325
  Step 6700/10000 | R_avg = 0.968044 | norm = 0.9983
  Step 6800/10000 | R_avg = 0.968145 | norm = 0.998274
  Step 6900/10000 | R_avg = 0.968188 | norm = 0.998249
  Step 7000/10000 | R_avg = 0.968215 | norm = 0.998223
  Step 7100/10000 | R_avg = 0.968248 | norm = 0.998197
  Step 7200/10000 | R_avg = 0.967955 | norm = 0.998172
  Step 7300/10000 | R_avg = 0.968129 | norm = 0.998146
  Step 7400/10000 | R_avg = 0.968258 | norm = 0.998121
  Saved spatial snapshot at t = 75 (step 7500)
  Step 7500/10000 | R_avg = 0.967958 | norm = 0.998096
  Step 7600/10000 | R_avg = 0.968158 | norm = 0.99807
  Step 7700/10000 | R_avg = 0.968175 | norm = 0.998045
  Step 7800/10000 | R_avg = 0.968177 | norm = 0.99802
  Step 7900/10000 | R_avg = 0.968057 | norm = 0.997995
  Step 8000/10000 | R_avg = 0.968132 | norm = 0.997969
  Step 8100/10000 | R_avg = 0.968113 | norm = 0.997944
  Step 8200/10000 | R_avg = 0.968127 | norm = 0.997919
  Step 8300/10000 | R_avg = 0.968169 | norm = 0.997894
  Step 8400/10000 | R_avg = 0.968119 | norm = 0.99787
  Step 8500/10000 | R_avg = 0.968198 | norm = 0.997846
  Step 8600/10000 | R_avg = 0.968135 | norm = 0.997822
  Step 8700/10000 | R_avg = 0.968221 | norm = 0.997797
  Step 8800/10000 | R_avg = 0.968141 | norm = 0.997773
  Step 8900/10000 | R_avg = 0.968153 | norm = 0.997749
  Step 9000/10000 | R_avg = 0.968229 | norm = 0.997724
  Step 9100/10000 | R_avg = 0.968131 | norm = 0.9977
  Step 9200/10000 | R_avg = 0.968122 | norm = 0.997677
  Step 9300/10000 | R_avg = 0.968239 | norm = 0.997654
  Step 9400/10000 | R_avg = 0.968177 | norm = 0.99763
  Step 9500/10000 | R_avg = 0.968189 | norm = 0.997607
  Step 9600/10000 | R_avg = 0.968122 | norm = 0.997583
  Step 9700/10000 | R_avg = 0.968118 | norm = 0.99756
  Step 9800/10000 | R_avg = 0.968158 | norm = 0.997536
  Step 9900/10000 | R_avg = 0.968163 | norm = 0.997512

===== Global Validation =====
✗ Global validation FAILED:
  ✗ Probability Conservation: ||ψ||² = 0.997488 (drift: 0.251168% from initial 1) ✗ FAIL (exceeds tolerance 0.01%)
  ✗ Energy Conservation: E_total = 1.20496 (drift: 1.92198% from initial 1.22857) ✗ FAIL (exceeds tolerance 1%)
  ✓ Order Parameter Bounds: R ∈ [0, 1] ✓ PASS (within [0,1])
  ✓ Causality: v = |p|/E = 0.0367191 (c = 1) ✓ PASS (v ≤ c)
  ✓ Numerical Stability: All fields finite ✓ PASS

===== Scenario 2.1: Defect Localization Validation =====
✓ Scenario validation PASSED
  ✓ 1. θ(x,y,t=0) shows vortex structure (W = ±1): Winding number W = 1 ✓ PASS (|W| ≈ 1)
  ✓ 3. R(x,y,t=0) shows core (R_min < 0.5): R_min = 0 ✓ PASS (< 0.5)
  Norm validation: max_error = 0.0025118 ✗ FAIL
  Energy validation: max_drift = 0.0491352 ✗ FAIL
  Saved observables to /home/persist/neotec/0rigin/output/20251229_105728_defect_localization/N_1/observables.csv
Test failed for N=1

--- Testing with N=10 ---
  Vortex initialization (grid-independent):
    Domain size: 100 ℓ_P
    Grid spacing: 1.5625 ℓ_P
    Core radius: 3 ℓ_P (1.92 grid points)
    Center: (50, 50) ℓ_P
    Winding number: W = 1
[SMFTEngine] R-field initialized with custom values
  R_min = 0
  R_max = 1
  Vortex R-field initialized: R(r) = tanh(r/ξ) profile
    Core center: (50, 50) ℓ_P
    Core radius: 3 ℓ_P
  Dirac initialization (grid-independent):
    Position: (60, 50) ℓ_P
    Width: 3 ℓ_P
    Grid coordinates: (38.4, 32) grid units
    Grid width: 1.92 grid units
  Using Dirac solver (spinor field)
[DiracEvolution] Initialized Gaussian wavepacket at (38.4, 32) with σ=1.92
[SMFTEngine] Dirac field initialized: center=(38.4,32), sigma=1.92, norm=1
[DiracEvolution] Initialized 64x64 4-component spinor field (particle, β=1)
[DiracEvolution] Initialized Gaussian wavepacket at (38.4, 32) with σ=1.92
  Initial energy E0 = 1.23192
  Initial norm = 1
  Saved spatial snapshot at t = 0 (step 0)
  Actual initial energy E0 = 1.22857 (from first observation including EM)
  Step 0/10000 | R_avg = 0.968085 | norm = 1
  Step 100/10000 | R_avg = 0.968159 | norm = 0.999976
  Step 200/10000 | R_avg = 0.968159 | norm = 0.999951
  Step 300/10000 | R_avg = 0.968238 | norm = 0.999925
  Step 400/10000 | R_avg = 0.96815 | norm = 0.999898
  Step 500/10000 | R_avg = 0.968063 | norm = 0.999871
  Step 600/10000 | R_avg = 0.96827 | norm = 0.999844
  Step 700/10000 | R_avg = 0.968093 | norm = 0.999817
  Step 800/10000 | R_avg = 0.968079 | norm = 0.99979
  Step 900/10000 | R_avg = 0.968079 | norm = 0.999763
  Step 1000/10000 | R_avg = 0.968136 | norm = 0.999737
  Step 1100/10000 | R_avg = 0.968169 | norm = 0.999711
  Step 1200/10000 | R_avg = 0.967934 | norm = 0.999685
  Step 1300/10000 | R_avg = 0.968035 | norm = 0.999659
  Step 1400/10000 | R_avg = 0.968158 | norm = 0.999632
  Step 1500/10000 | R_avg = 0.968106 | norm = 0.999606
  Step 1600/10000 | R_avg = 0.968247 | norm = 0.999579
  Step 1700/10000 | R_avg = 0.968151 | norm = 0.999552
  Step 1800/10000 | R_avg = 0.96812 | norm = 0.999525
  Step 1900/10000 | R_avg = 0.968138 | norm = 0.999498
  Step 2000/10000 | R_avg = 0.968193 | norm = 0.999471
  Step 2100/10000 | R_avg = 0.968144 | norm = 0.999444
  Step 2200/10000 | R_avg = 0.968089 | norm = 0.999418
  Step 2300/10000 | R_avg = 0.968177 | norm = 0.999391
  Step 2400/10000 | R_avg = 0.968149 | norm = 0.999366
  Saved spatial snapshot at t = 25 (step 2500)
  Step 2500/10000 | R_avg = 0.968156 | norm = 0.99934
  Step 2600/10000 | R_avg = 0.968147 | norm = 0.999316
  Step 2700/10000 | R_avg = 0.968142 | norm = 0.999291
  Step 2800/10000 | R_avg = 0.968141 | norm = 0.999267
  Step 2900/10000 | R_avg = 0.968132 | norm = 0.999243
  Step 3000/10000 | R_avg = 0.968227 | norm = 0.999219
  Step 3100/10000 | R_avg = 0.968195 | norm = 0.999196
  Step 3200/10000 | R_avg = 0.96816 | norm = 0.999173
  Step 3300/10000 | R_avg = 0.96817 | norm = 0.999149
  Step 3400/10000 | R_avg = 0.968149 | norm = 0.999125
  Step 3500/10000 | R_avg = 0.968202 | norm = 0.999101
  Step 3600/10000 | R_avg = 0.968116 | norm = 0.999076
  Step 3700/10000 | R_avg = 0.968171 | norm = 0.999051
  Step 3800/10000 | R_avg = 0.968109 | norm = 0.999026
  Step 3900/10000 | R_avg = 0.968189 | norm = 0.999001
  Step 4000/10000 | R_avg = 0.968241 | norm = 0.998976
  Step 4100/10000 | R_avg = 0.968129 | norm = 0.998951
  Step 4200/10000 | R_avg = 0.968271 | norm = 0.998927
  Step 4300/10000 | R_avg = 0.96817 | norm = 0.998902
  Step 4400/10000 | R_avg = 0.968137 | norm = 0.998876
  Step 4500/10000 | R_avg = 0.968155 | norm = 0.998851
  Step 4600/10000 | R_avg = 0.968134 | norm = 0.998826
  Step 4700/10000 | R_avg = 0.968169 | norm = 0.998802
  Step 4800/10000 | R_avg = 0.968154 | norm = 0.998777
  Step 4900/10000 | R_avg = 0.968184 | norm = 0.998752
  Saved spatial snapshot at t = 50 (step 5000)
  Step 5000/10000 | R_avg = 0.968029 | norm = 0.998728
  Step 5100/10000 | R_avg = 0.96816 | norm = 0.998703
  Step 5200/10000 | R_avg = 0.968165 | norm = 0.998678
  Step 5300/10000 | R_avg = 0.968252 | norm = 0.998653
  Step 5400/10000 | R_avg = 0.968155 | norm = 0.998628
  Step 5500/10000 | R_avg = 0.968139 | norm = 0.998603
  Step 5600/10000 | R_avg = 0.968187 | norm = 0.998578
  Step 5700/10000 | R_avg = 0.968057 | norm = 0.998553
  Step 5800/10000 | R_avg = 0.968155 | norm = 0.998528
  Step 5900/10000 | R_avg = 0.968074 | norm = 0.998503
  Step 6000/10000 | R_avg = 0.968144 | norm = 0.998477
  Step 6100/10000 | R_avg = 0.968165 | norm = 0.998452
  Step 6200/10000 | R_avg = 0.968169 | norm = 0.998426
  Step 6300/10000 | R_avg = 0.968188 | norm = 0.998401
  Step 6400/10000 | R_avg = 0.968201 | norm = 0.998376
  Step 6500/10000 | R_avg = 0.968274 | norm = 0.99835
  Step 6600/10000 | R_avg = 0.968182 | norm = 0.998324
  Step 6700/10000 | R_avg = 0.967978 | norm = 0.998299
  Step 6800/10000 | R_avg = 0.968101 | norm = 0.998273
  Step 6900/10000 | R_avg = 0.968107 | norm = 0.998248
  Step 7000/10000 | R_avg = 0.968167 | norm = 0.998222
  Step 7100/10000 | R_avg = 0.968228 | norm = 0.998196
  Step 7200/10000 | R_avg = 0.968212 | norm = 0.998171
  Step 7300/10000 | R_avg = 0.968089 | norm = 0.998146
  Step 7400/10000 | R_avg = 0.968043 | norm = 0.99812
  Saved spatial snapshot at t = 75 (step 7500)
  Step 7500/10000 | R_avg = 0.968161 | norm = 0.998096
  Step 7600/10000 | R_avg = 0.968182 | norm = 0.99807
  Step 7700/10000 | R_avg = 0.968186 | norm = 0.998045
  Step 7800/10000 | R_avg = 0.968239 | norm = 0.99802
  Step 7900/10000 | R_avg = 0.968156 | norm = 0.997995
  Step 8000/10000 | R_avg = 0.968232 | norm = 0.997969
  Step 8100/10000 | R_avg = 0.968177 | norm = 0.997944
  Step 8200/10000 | R_avg = 0.968135 | norm = 0.997919
  Step 8300/10000 | R_avg = 0.968144 | norm = 0.997894
  Step 8400/10000 | R_avg = 0.968082 | norm = 0.99787
  Step 8500/10000 | R_avg = 0.968149 | norm = 0.997846
  Step 8600/10000 | R_avg = 0.968202 | norm = 0.997822
  Step 8700/10000 | R_avg = 0.968156 | norm = 0.997797
  Step 8800/10000 | R_avg = 0.968146 | norm = 0.997773
  Step 8900/10000 | R_avg = 0.968241 | norm = 0.997748
  Step 9000/10000 | R_avg = 0.968096 | norm = 0.997724
  Step 9100/10000 | R_avg = 0.968176 | norm = 0.9977
  Step 9200/10000 | R_avg = 0.968195 | norm = 0.997676
  Step 9300/10000 | R_avg = 0.968109 | norm = 0.997652
  Step 9400/10000 | R_avg = 0.968182 | norm = 0.997628
  Step 9500/10000 | R_avg = 0.968189 | norm = 0.997605
  Step 9600/10000 | R_avg = 0.968239 | norm = 0.997581
  Step 9700/10000 | R_avg = 0.968165 | norm = 0.997557
  Step 9800/10000 | R_avg = 0.968129 | norm = 0.997533
  Step 9900/10000 | R_avg = 0.968149 | norm = 0.997509

===== Global Validation =====
✗ Global validation FAILED:
  ✗ Probability Conservation: ||ψ||² = 0.997485 (drift: 0.25145% from initial 1) ✗ FAIL (exceeds tolerance 0.01%)
  ✗ Energy Conservation: E_total = 1.20463 (drift: 1.94879% from initial 1.22857) ✗ FAIL (exceeds tolerance 1%)
  ✓ Order Parameter Bounds: R ∈ [0, 1] ✓ PASS (within [0,1])
  ✓ Causality: v = |p|/E = 0.0359923 (c = 1) ✓ PASS (v ≤ c)
  ✓ Numerical Stability: All fields finite ✓ PASS

===== Scenario 2.1: Defect Localization Validation =====
✓ Scenario validation PASSED
  ✓ 1. θ(x,y,t=0) shows vortex structure (W = ±1): Winding number W = 1 ✓ PASS (|W| ≈ 1)
  ✓ 3. R(x,y,t=0) shows core (R_min < 0.5): R_min = 0 ✓ PASS (< 0.5)
  Norm validation: max_error = 0.0025147 ✗ FAIL
  Energy validation: max_drift = 0.0490617 ✗ FAIL
  Saved observables to /home/persist/neotec/0rigin/output/20251229_105728_defect_localization/N_10/observables.csv
Test failed for N=10

--- Testing with N=100 ---
  Vortex initialization (grid-independent):
    Domain size: 100 ℓ_P
    Grid spacing: 1.5625 ℓ_P
    Core radius: 3 ℓ_P (1.92 grid points)
    Center: (50, 50) ℓ_P
    Winding number: W = 1
[SMFTEngine] R-field initialized with custom values
  R_min = 0
  R_max = 1
  Vortex R-field initialized: R(r) = tanh(r/ξ) profile
    Core center: (50, 50) ℓ_P
    Core radius: 3 ℓ_P
  Dirac initialization (grid-independent):
    Position: (60, 50) ℓ_P
    Width: 3 ℓ_P
    Grid coordinates: (38.4, 32) grid units
    Grid width: 1.92 grid units
  Using Dirac solver (spinor field)
[DiracEvolution] Initialized Gaussian wavepacket at (38.4, 32) with σ=1.92
[SMFTEngine] Dirac field initialized: center=(38.4,32), sigma=1.92, norm=1
[DiracEvolution] Initialized 64x64 4-component spinor field (particle, β=1)
[DiracEvolution] Initialized Gaussian wavepacket at (38.4, 32) with σ=1.92
  Initial energy E0 = 1.23192
  Initial norm = 1
  Saved spatial snapshot at t = 0 (step 0)
  Actual initial energy E0 = 1.22857 (from first observation including EM)
  Step 0/10000 | R_avg = 0.96813 | norm = 1
  Step 100/10000 | R_avg = 0.968195 | norm = 0.999976
  Step 200/10000 | R_avg = 0.968168 | norm = 0.999951
  Step 300/10000 | R_avg = 0.968079 | norm = 0.999924
  Step 400/10000 | R_avg = 0.968174 | norm = 0.999898
  Step 500/10000 | R_avg = 0.968205 | norm = 0.999871
  Step 600/10000 | R_avg = 0.96816 | norm = 0.999843
  Step 700/10000 | R_avg = 0.968183 | norm = 0.999816
  Step 800/10000 | R_avg = 0.968156 | norm = 0.999789
  Step 900/10000 | R_avg = 0.968138 | norm = 0.999763
  Step 1000/10000 | R_avg = 0.968165 | norm = 0.999736
  Step 1100/10000 | R_avg = 0.968162 | norm = 0.99971
  Step 1200/10000 | R_avg = 0.968194 | norm = 0.999684
  Step 1300/10000 | R_avg = 0.968245 | norm = 0.999658
  Step 1400/10000 | R_avg = 0.968153 | norm = 0.999632
  Step 1500/10000 | R_avg = 0.968187 | norm = 0.999605
  Step 1600/10000 | R_avg = 0.968076 | norm = 0.999579
  Step 1700/10000 | R_avg = 0.968063 | norm = 0.999551
  Step 1800/10000 | R_avg = 0.968211 | norm = 0.999524
  Step 1900/10000 | R_avg = 0.96815 | norm = 0.999497
  Step 2000/10000 | R_avg = 0.968078 | norm = 0.99947
  Step 2100/10000 | R_avg = 0.968138 | norm = 0.999443
  Step 2200/10000 | R_avg = 0.968157 | norm = 0.999416
  Step 2300/10000 | R_avg = 0.968092 | norm = 0.99939
  Step 2400/10000 | R_avg = 0.968206 | norm = 0.999364
  Saved spatial snapshot at t = 25 (step 2500)
  Step 2500/10000 | R_avg = 0.968215 | norm = 0.999338
  Step 2600/10000 | R_avg = 0.968186 | norm = 0.999314
  Step 2700/10000 | R_avg = 0.968096 | norm = 0.999289
  Step 2800/10000 | R_avg = 0.968196 | norm = 0.999265
  Step 2900/10000 | R_avg = 0.968261 | norm = 0.999241
  Step 3000/10000 | R_avg = 0.968211 | norm = 0.999217
  Step 3100/10000 | R_avg = 0.968143 | norm = 0.999194
  Step 3200/10000 | R_avg = 0.968113 | norm = 0.99917
  Step 3300/10000 | R_avg = 0.9681 | norm = 0.999147
  Step 3400/10000 | R_avg = 0.968116 | norm = 0.999123
  Step 3500/10000 | R_avg = 0.968175 | norm = 0.999099
  Step 3600/10000 | R_avg = 0.968062 | norm = 0.999074
  Step 3700/10000 | R_avg = 0.968141 | norm = 0.999049
  Step 3800/10000 | R_avg = 0.968228 | norm = 0.999024
  Step 3900/10000 | R_avg = 0.968209 | norm = 0.998999
  Step 4000/10000 | R_avg = 0.968115 | norm = 0.998975
  Step 4100/10000 | R_avg = 0.968079 | norm = 0.99895
  Step 4200/10000 | R_avg = 0.968196 | norm = 0.998925
  Step 4300/10000 | R_avg = 0.968153 | norm = 0.9989
  Step 4400/10000 | R_avg = 0.968182 | norm = 0.998875
  Step 4500/10000 | R_avg = 0.968125 | norm = 0.99885
  Step 4600/10000 | R_avg = 0.968126 | norm = 0.998825
  Step 4700/10000 | R_avg = 0.968089 | norm = 0.9988
  Step 4800/10000 | R_avg = 0.968186 | norm = 0.998776
  Step 4900/10000 | R_avg = 0.968147 | norm = 0.998751
  Saved spatial snapshot at t = 50 (step 5000)
  Step 5000/10000 | R_avg = 0.968152 | norm = 0.998726
  Step 5100/10000 | R_avg = 0.968188 | norm = 0.998702
  Step 5200/10000 | R_avg = 0.968141 | norm = 0.998677
  Step 5300/10000 | R_avg = 0.968094 | norm = 0.998652
  Step 5400/10000 | R_avg = 0.968163 | norm = 0.998627
  Step 5500/10000 | R_avg = 0.968127 | norm = 0.998601
  Step 5600/10000 | R_avg = 0.968125 | norm = 0.998577
  Step 5700/10000 | R_avg = 0.968043 | norm = 0.998552
  Step 5800/10000 | R_avg = 0.968148 | norm = 0.998527
  Step 5900/10000 | R_avg = 0.968183 | norm = 0.998502
  Step 6000/10000 | R_avg = 0.968012 | norm = 0.998477
  Step 6100/10000 | R_avg = 0.968193 | norm = 0.998451
  Step 6200/10000 | R_avg = 0.968151 | norm = 0.998425
  Step 6300/10000 | R_avg = 0.968194 | norm = 0.9984
  Step 6400/10000 | R_avg = 0.968133 | norm = 0.998374
  Step 6500/10000 | R_avg = 0.968143 | norm = 0.998349
  Step 6600/10000 | R_avg = 0.968179 | norm = 0.998323
  Step 6700/10000 | R_avg = 0.968167 | norm = 0.998298
  Step 6800/10000 | R_avg = 0.968214 | norm = 0.998272
  Step 6900/10000 | R_avg = 0.968153 | norm = 0.998247
  Step 7000/10000 | R_avg = 0.968176 | norm = 0.998221
  Step 7100/10000 | R_avg = 0.96818 | norm = 0.998195
  Step 7200/10000 | R_avg = 0.968207 | norm = 0.99817
  Step 7300/10000 | R_avg = 0.968137 | norm = 0.998145
  Step 7400/10000 | R_avg = 0.968186 | norm = 0.998119
  Saved spatial snapshot at t = 75 (step 7500)
  Step 7500/10000 | R_avg = 0.968163 | norm = 0.998095
  Step 7600/10000 | R_avg = 0.968166 | norm = 0.998069
  Step 7700/10000 | R_avg = 0.968141 | norm = 0.998044
  Step 7800/10000 | R_avg = 0.968122 | norm = 0.998019
  Step 7900/10000 | R_avg = 0.96822 | norm = 0.997994
  Step 8000/10000 | R_avg = 0.968084 | norm = 0.997969
  Step 8100/10000 | R_avg = 0.968155 | norm = 0.997943
  Step 8200/10000 | R_avg = 0.968171 | norm = 0.997918
  Step 8300/10000 | R_avg = 0.968188 | norm = 0.997893
  Step 8400/10000 | R_avg = 0.968064 | norm = 0.997869
  Step 8500/10000 | R_avg = 0.968134 | norm = 0.997845
  Step 8600/10000 | R_avg = 0.968181 | norm = 0.997821
  Step 8700/10000 | R_avg = 0.968258 | norm = 0.997796
  Step 8800/10000 | R_avg = 0.968251 | norm = 0.997772
  Step 8900/10000 | R_avg = 0.968136 | norm = 0.997747
  Step 9000/10000 | R_avg = 0.968126 | norm = 0.997723
  Step 9100/10000 | R_avg = 0.968091 | norm = 0.997699
  Step 9200/10000 | R_avg = 0.968096 | norm = 0.997675
  Step 9300/10000 | R_avg = 0.968175 | norm = 0.997651
  Step 9400/10000 | R_avg = 0.968062 | norm = 0.997627
  Step 9500/10000 | R_avg = 0.968107 | norm = 0.997604
  Step 9600/10000 | R_avg = 0.968028 | norm = 0.99758
  Step 9700/10000 | R_avg = 0.968167 | norm = 0.997557
  Step 9800/10000 | R_avg = 0.968234 | norm = 0.997533
  Step 9900/10000 | R_avg = 0.968106 | norm = 0.997509

===== Global Validation =====
✗ Global validation FAILED:
  ✗ Probability Conservation: ||ψ||² = 0.997486 (drift: 0.25142% from initial 1) ✗ FAIL (exceeds tolerance 0.01%)
  ✗ Energy Conservation: E_total = 1.2046 (drift: 1.95081% from initial 1.22857) ✗ FAIL (exceeds tolerance 1%)
  ✓ Order Parameter Bounds: R ∈ [0, 1] ✓ PASS (within [0,1])
  ✓ Causality: v = |p|/E = 0.035804 (c = 1) ✓ PASS (v ≤ c)
  ✓ Numerical Stability: All fields finite ✓ PASS

===== Scenario 2.1: Defect Localization Validation =====
✓ Scenario validation PASSED
  ✓ 1. θ(x,y,t=0) shows vortex structure (W = ±1): Winding number W = 1 ✓ PASS (|W| ≈ 1)
  ✓ 3. R(x,y,t=0) shows core (R_min < 0.5): R_min = 0 ✓ PASS (< 0.5)
  Norm validation: max_error = 0.0025144 ✗ FAIL
  Energy validation: max_drift = 0.0491799 ✗ FAIL
  Saved observables to /home/persist/neotec/0rigin/output/20251229_105728_defect_localization/N_100/observables.csv
Test failed for N=100

--- Validating Convergence ---
✓ Convergence validation PASSED
Tests failed for grid size 64

===== Tests Complete ====

[3/3] Generating report...

✓ Report saved to /home/persist/neotec/0rigin/output/20251229_105728_defect_localization/test_report.txt

===== Test Summary =====
✗ TESTS FAILED

Some validation criteria not met.
Check test report for details.
