[Logging] Console output for 64x64 writing to: /home/persist/neotec/0rigin/output/20251230_193438_pure_magnetic_field/console.log
  Dirac initialization (DEPRECATED grid units):
    Position: (32, 32) grid units
    ⚠️  WARNING: Using grid-dependent coordinates (not recommended)
  Using Dirac solver (spinor field)
[DiracEvolution] Initialized 64x64 4-component spinor field (particle, β=1)
[DiracEvolution] Initialized Gaussian wavepacket at (32, 32) with σ=3
[SMFTEngine] Dirac field initialized: center=(32,32), sigma=3, norm=1
[DiracEvolution] Initialized 64x64 4-component spinor field (particle, β=1)
[DiracEvolution] Initialized Gaussian wavepacket at (32, 32) with σ=3
  Initial energy E0 = 0.105161
  Initial norm = 1
[stepWithDirac] Strang splitting enabled:
  substep_ratio=1
  substep_dt=0.001
  half_substeps=0
  remaining_substeps=1
  [Kuramoto Energy] grad_R: 0.0295738, potential: -4093.92, total: -4093.9 (κ=1)
  Actual initial energy E0 = -4093.49 (from first observation including EM)
  Step 0/5000 | R_avg = 0.999741 | norm = 1
  Step 500/5000 | R_avg = 0.99974 | norm = 0.999854
  Step 1000/5000 | R_avg = 0.999792 | norm = 0.999707
  Step 1500/5000 | R_avg = 0.999904 | norm = 0.999557
  Step 2000/5000 | R_avg = 0.999754 | norm = 0.999399
  Step 2500/5000 | R_avg = 0.999753 | norm = 0.999236
  Step 3000/5000 | R_avg = 0.999938 | norm = 0.99907
  Step 3500/5000 | R_avg = 0.999786 | norm = 0.998902
  Step 4000/5000 | R_avg = 0.99951 | norm = 0.998734
  Step 4500/5000 | R_avg = 0.999767 | norm = 0.998564
  [Kuramoto Energy] grad_R: 0.0312469, potential: -4093.88, total: -4093.85 (κ=1)

===== Global Validation =====
✓ Global validation PASSED
  ✓ Probability Conservation: ||ψ||² = 0.998395 (drift: 0.160563% from initial 1) ✓ PASS
  ✓ Energy Conservation: E_total = -4093.45 (drift: 0.00107969% from initial -4093.49) ✓ PASS
  ✓ Order Parameter Bounds: R ∈ [0, 0] ✓ PASS (within [0,1])
  ✓ Causality: v = |p|/E = 6.89823e-08 (c = 1) ✓ PASS (v ≤ c)
  ✓ Numerical Stability: All fields finite ✓ PASS
  Norm validation: max_error = 0.00160517 ✓ PASS
  Energy validation: max_drift = 0.00045493 ✓ PASS
Failed to open /home/persist/neotec/0rigin/output/20251230_193438_pure_magnetic_field/N_1/observables.csv for writing
  Saved observables to /home/persist/neotec/0rigin/output/20251230_193438_pure_magnetic_field/N_1/observables.csv

[3/3] Generating report...

✓ Report saved to /home/persist/neotec/0rigin/output/20251230_193438_pure_magnetic_field/test_report.txt

===== Test Summary =====
✓ ALL TESTS PASSED

Validation criteria met:
  ✓ Norm conservation ||Ψ||² - 1 < 10⁻⁴
  ✓ Energy conservation |ΔE/E₀| < 1%
  ✓ Convergence between N ratios < 5%
