[Logging] Console output for 128x128 writing to: /home/persist/neotec/0rigin/output/20251224_185458_vacuum_energy/console.log

--- Testing with N=1 ---
  Dirac initialization (grid-independent):
    Position: (50, 50) ℓ_P
    Width: 1 ℓ_P
    Grid coordinates: (64, 64) grid units
    Grid width: 1.28 grid units
  Using Dirac solver (spinor field)
[DiracEvolution] Initialized 128x128 4-component spinor field (particle, β=1)
[DiracEvolution] Initialized Gaussian wavepacket at (64, 64) with σ=1.28
[SMFTEngine] Dirac field initialized: center=(64,64), sigma=1.28, norm=1
[DiracEvolution] Initialized 128x128 4-component spinor field (particle, β=1)
[DiracEvolution] Initialized Gaussian wavepacket at (64, 64) with σ=1.28
  Initial energy E0 = 0.456841
  Initial norm = 1
  Step 0/5000 | R_avg = 0.999823 | norm = 1
  Step 500/5000 | R_avg = 0.999829 | norm = 0.999873
  Step 1000/5000 | R_avg = 0.999835 | norm = 0.999714
  Step 1500/5000 | R_avg = 0.999823 | norm = 0.999547
  Step 2000/5000 | R_avg = 0.999829 | norm = 0.999383
  Step 2500/5000 | R_avg = 0.999835 | norm = 0.999213
  Step 3000/5000 | R_avg = 0.999823 | norm = 0.999045
  Step 3500/5000 | R_avg = 0.999829 | norm = 0.998889
  Step 4000/5000 | R_avg = 0.999835 | norm = 0.998728
  Step 4500/5000 | R_avg = 0.999823 | norm = 0.998563

===== Global Validation =====
✗ Global validation FAILED:
  ✗ Probability Conservation: ||ψ||² = 0.998398 (drift: 0.160246% from initial 1) ✗ FAIL (exceeds tolerance 0.1%)
  ✓ Energy Conservation: E_total = 1.45396 (drift: 0.470792% from initial 1.44715) ✓ PASS
  ✓ Order Parameter Bounds: R ∈ [0, 0] ✓ PASS (within [0,1])
  ✓ Causality: v = |p|/E = 0.00160515 (c = 1) ✓ PASS (v ≤ c)
  ✓ Numerical Stability: All fields finite ✓ PASS
  Norm validation: max_error = 0.00160174 ✗ FAIL
  Energy validation: max_drift = 0.00661146 ✓ PASS
  Saved observables to /home/persist/neotec/0rigin/output/20251224_185458_vacuum_energy/N_1/observables.csv
Test failed for N=1

--- Testing with N=10 ---
  Dirac initialization (grid-independent):
    Position: (50, 50) ℓ_P
    Width: 1 ℓ_P
    Grid coordinates: (64, 64) grid units
    Grid width: 1.28 grid units
  Using Dirac solver (spinor field)
[DiracEvolution] Initialized Gaussian wavepacket at (64, 64) with σ=1.28
[SMFTEngine] Dirac field initialized: center=(64,64), sigma=1.28, norm=1
[DiracEvolution] Initialized 128x128 4-component spinor field (particle, β=1)
[DiracEvolution] Initialized Gaussian wavepacket at (64, 64) with σ=1.28
  Initial energy E0 = 1.45003
  Initial norm = 1
  Step 0/5000 | R_avg = 0.999829 | norm = 1
  Step 500/5000 | R_avg = 0.999828 | norm = 0.999872
  Step 1000/5000 | R_avg = 0.999828 | norm = 0.999713
  Step 1500/5000 | R_avg = 0.999835 | norm = 0.999547
  Step 2000/5000 | R_avg = 0.999828 | norm = 0.999382
  Step 2500/5000 | R_avg = 0.999827 | norm = 0.999213
  Step 3000/5000 | R_avg = 0.999823 | norm = 0.999045
  Step 3500/5000 | R_avg = 0.999831 | norm = 0.998889
  Step 4000/5000 | R_avg = 0.999825 | norm = 0.998729
  Step 4500/5000 | R_avg = 0.999829 | norm = 0.998563

===== Global Validation =====
✗ Global validation FAILED:
  ✗ Probability Conservation: ||ψ||² = 0.998398 (drift: 0.16024% from initial 1) ✗ FAIL (exceeds tolerance 0.1%)
  ✓ Energy Conservation: E_total = 1.45416 (drift: 0.150291% from initial 1.45635) ✓ PASS
  ✓ Order Parameter Bounds: R ∈ [0.953517, 1] ✓ PASS (within [0,1])
  ✓ Causality: v = |p|/E = 0.00191797 (c = 1) ✓ PASS (v ≤ c)
  ✓ Numerical Stability: All fields finite ✓ PASS
  Norm validation: max_error = 0.00160173 ✗ FAIL
  Energy validation: max_drift = 0.00434915 ✓ PASS
  Saved observables to /home/persist/neotec/0rigin/output/20251224_185458_vacuum_energy/N_10/observables.csv
Test failed for N=10

--- Validating Convergence ---
✓ Convergence validation PASSED
Tests failed for grid size 128

===== Tests Complete ====

[3/3] Generating report...

✓ Report saved to /home/persist/neotec/0rigin/output/20251224_185458_vacuum_energy/test_report.txt

===== Test Summary =====
✗ TESTS FAILED

Some validation criteria not met.
Check test report for details.
