
===== SMFT Test Mode =====
Configuration: config/scenario_2.4A_velocity_threshold.yaml

[1/3] Initializing...

===== Test Configuration: scenario_2.4A_velocity_threshold =====
Description: Phase 2 Scenario 2.4A: Fine-grained velocity sweep to identify exact breakdown threshold. Tests v=[0.35, 0.40, 0.45, 0.50, 0.55, 0.60, 0.65, 0.70] to find where γ factor error exceeds 5%.

[Grid]
  size: 128 x 128

[Physics]
  solver_type: dirac
  delta: 1
  coupling: 0.1
  dt: 0.01
  total_steps: 10000
  K (Kuramoto): 1
  damping: 0.1
  noise_strength: 0

[Initial Conditions - Dirac]
  type: boosted_gaussian
  center: (32, 32)
  sigma: 3
  amplitude: 1

[Initial Conditions - Kuramoto]
  phase_distribution: vortex
  omega_distribution: zero
  omega_mean: 0
  omega_std: 0.1

[Operator Splitting]
  enabled: yes
  substep_ratios: [10]

[Validation]
  norm_tolerance: 0.005
  energy_tolerance: 0.05
  convergence_tolerance: 0.05

[Output]
  directory: output/scenario_2.4A_velocity_threshold
  save_every: 10 steps
  formats: [csv]
========================================

 [INFO]: Nova - Instantiating ..
Logger - Debug Level set to error ..
[SMFTEngine] Physical Interpretation:
  Vacuum potential Δ = 1 (Planck mass in natural units)
  Synchronization field R(x) → Emergent spacetime metric
  Mass field m(x) = Δ·R(x) → Local energy density
  ∇R(x) → Gravitational field (not separate force)
  Grid: 128 x 128 oscillators

[SMFTEngine] Created GPU buffers for 128x128 grid
  Phase buffers: 65536 bytes each
  Spinor buffer: 524288 bytes
  Accumulator buffers: 65536 bytes each (operator splitting)
[SMFTEngine] Created compute pipelines
  ✓ Kuramoto pipeline
  ✓ Sync field pipeline
  ✓ Gravity field pipeline
  ✓ Stochastic Kuramoto pipeline
  ✓ Stochastic Dirac pipeline
  ✓ Accumulation pipeline (operator splitting)
Created experiment directory: /home/persist/neotec/0rigin/output/20251226_013604_scenario_2.4A_velocity_threshold
[OutputManager] Created timestamped directory: /home/persist/neotec/0rigin/output/20251226_013604_scenario_2.4A_velocity_threshold
✓ SMFTTestRunner initialized successfully

[2/3] Running tests...

===== Running Tests =====

========================================
Velocity: v=0.35c
========================================

Initializing engine for 128×128 grid, velocity v=0.35c...
[SMFTEngine] Resources cleanup delegated to component managers

[SMFTEngine] Physical Interpretation:
  Vacuum potential Δ = 1 (Planck mass in natural units)
  Synchronization field R(x) → Emergent spacetime metric
  Mass field m(x) = Δ·R(x) → Local energy density
  ∇R(x) → Gravitational field (not separate force)
  Grid: 128 x 128 oscillators

[SMFTEngine] Created GPU buffers for 128x128 grid
  Phase buffers: 65536 bytes each
  Spinor buffer: 524288 bytes
  Accumulator buffers: 65536 bytes each (operator splitting)
[SMFTEngine] Created compute pipelines
  ✓ Kuramoto pipeline
  ✓ Sync field pipeline
  ✓ Gravity field pipeline
  ✓ Stochastic Kuramoto pipeline
  ✓ Stochastic Dirac pipeline
  ✓ Accumulation pipeline (operator splitting)
Created experiment directory: /home/persist/neotec/0rigin/output/20251226_013604_scenario_2.4A_velocity_threshold_128x128_v0.3
[OutputManager] Created timestamped directory: /home/persist/neotec/0rigin/output/20251226_013604_scenario_2.4A_velocity_threshold_128x128_v0.3
[Logging] Console output for 128x128 v=0.35c writing to: /home/persist/neotec/0rigin/output/20251226_013604_scenario_2.4A_velocity_threshold_128x128_v0.3/console.log

--- Testing with N=10 ---
  Vortex initialization (grid-independent):
    Domain size: 100 ℓ_P
    Grid spacing: 0.78125 ℓ_P
    Core radius: 3 ℓ_P (3.84 grid points)
    Center: (50, 50) ℓ_P
    Winding number: W = 1
  Dirac initialization (grid-independent):
    Position: (50, 50) ℓ_P
    Width: 3 ℓ_P
    Grid coordinates: (64, 64) grid units
    Grid width: 3.84 grid units
  Using Dirac solver (spinor field) with boosted initialization
    Background R (expected): 1
[DiracEvolution] Initialized 128x128 4-component spinor field (particle, β=1)
[SMFT] Boosted Gaussian initialization:
  Position: (64, 64) grid units
  Width: σ = 3.84 grid units
  Velocity: v = (0.35, 0)c
  |v| = 0.35c
  Lorentz factor: γ = 1.06752
  Rest mass: m₀ = Δ·R = 1 × 1 = 1 m_P
  Momentum: p = (0.373632, 0) m_P·c
  |p| = 0.373632 m_P·c
  Pre-normalization: ∫|Ψ|² = 92.6492
  Normalization factor: 9.62545
[DiracEvolution] Initialized Gaussian wavepacket at (64, 64) with σ=3.84
  Final norm: ||Ψ||² = 1
  Initial position: <r> = (64, 64)
✓ Boosted Gaussian initialized
[SMFTEngine] Boosted Dirac field initialized: center=(64,64), sigma=3.84, boost=(0.35,0)c, norm=1, <r>=(64,64)
[DiracEvolution] Initialized 128x128 4-component spinor field (particle, β=1)
[SMFT] Boosted Gaussian initialization:
  Position: (64, 64) grid units
  Width: σ = 3.84 grid units
  Velocity: v = (0.35, 0)c
  |v| = 0.35c
  Lorentz factor: γ = 1.06752
  Rest mass: m₀ = Δ·R = 1 × 1 = 1 m_P
  Momentum: p = (0.373632, 0) m_P·c
  |p| = 0.373632 m_P·c
  Pre-normalization: ∫|Ψ|² = 92.6492
  Normalization factor: 9.62545
[DiracEvolution] Initialized Gaussian wavepacket at (64, 64) with σ=3.84
  Final norm: ||Ψ||² = 1
  Initial position: <r> = (64, 64)
✓ Boosted Gaussian initialized
  Initial energy E0 = 0.190058
  Initial norm = 1
[stepWithDirac] Strang splitting enabled:
  substep_ratio=10
  substep_dt=0.001
  half_substeps=5
  remaining_substeps=5
  Saved spatial snapshot at t = 0 (step 0)
  Step 0/10000 | R_avg = 0.983638 | norm = 1
  Step 100/10000 | R_avg = 0.983589 | norm = 0.999977
  Step 200/10000 | R_avg = 0.983628 | norm = 0.999952
  Step 300/10000 | R_avg = 0.983624 | norm = 0.999927
  Step 400/10000 | R_avg = 0.983607 | norm = 0.9999
  Step 500/10000 | R_avg = 0.983605 | norm = 0.999872
  Step 600/10000 | R_avg = 0.983641 | norm = 0.999844
  Step 700/10000 | R_avg = 0.983582 | norm = 0.999816
  Step 800/10000 | R_avg = 0.983603 | norm = 0.999787
  Step 900/10000 | R_avg = 0.983618 | norm = 0.999758
  Step 1000/10000 | R_avg = 0.983643 | norm = 0.999728
  Step 1100/10000 | R_avg = 0.983586 | norm = 0.999699
  Step 1200/10000 | R_avg = 0.983609 | norm = 0.999668
  Step 1300/10000 | R_avg = 0.983627 | norm = 0.999638
  Step 1400/10000 | R_avg = 0.983607 | norm = 0.999607
  Step 1500/10000 | R_avg = 0.983628 | norm = 0.999577
  Step 1600/10000 | R_avg = 0.983604 | norm = 0.999548
  Step 1700/10000 | R_avg = 0.983587 | norm = 0.999518
  Step 1800/10000 | R_avg = 0.983638 | norm = 0.999487
  Step 1900/10000 | R_avg = 0.983604 | norm = 0.999456
  Step 2000/10000 | R_avg = 0.983639 | norm = 0.999425
  Step 2100/10000 | R_avg = 0.983591 | norm = 0.999392
  Step 2200/10000 | R_avg = 0.983622 | norm = 0.99936
  Step 2300/10000 | R_avg = 0.983617 | norm = 0.999328
  Step 2400/10000 | R_avg = 0.983638 | norm = 0.999296
  Saved spatial snapshot at t = 25 (step 2500)
  Step 2500/10000 | R_avg = 0.983612 | norm = 0.999265
  Step 2600/10000 | R_avg = 0.983645 | norm = 0.999234
  Step 2700/10000 | R_avg = 0.983599 | norm = 0.999205
  Step 2800/10000 | R_avg = 0.983643 | norm = 0.999175
  Step 2900/10000 | R_avg = 0.98359 | norm = 0.999147
  Step 3000/10000 | R_avg = 0.983647 | norm = 0.999119
  Step 3100/10000 | R_avg = 0.983633 | norm = 0.999092
  Step 3200/10000 | R_avg = 0.983608 | norm = 0.999066
  Step 3300/10000 | R_avg = 0.983643 | norm = 0.99904
  Step 3400/10000 | R_avg = 0.983638 | norm = 0.999015
  Step 3500/10000 | R_avg = 0.983636 | norm = 0.998989
  Step 3600/10000 | R_avg = 0.983646 | norm = 0.998963
  Step 3700/10000 | R_avg = 0.983644 | norm = 0.998936
  Step 3800/10000 | R_avg = 0.983661 | norm = 0.998908
  Step 3900/10000 | R_avg = 0.983613 | norm = 0.998878
  Step 4000/10000 | R_avg = 0.983624 | norm = 0.998846
  Step 4100/10000 | R_avg = 0.98365 | norm = 0.998814
  Step 4200/10000 | R_avg = 0.983604 | norm = 0.99878
  Step 4300/10000 | R_avg = 0.983613 | norm = 0.998746
  Step 4400/10000 | R_avg = 0.983617 | norm = 0.998712
  Step 4500/10000 | R_avg = 0.983602 | norm = 0.998677
  Step 4600/10000 | R_avg = 0.983619 | norm = 0.998643
  Step 4700/10000 | R_avg = 0.983587 | norm = 0.998608
  Step 4800/10000 | R_avg = 0.983605 | norm = 0.998573
  Step 4900/10000 | R_avg = 0.98362 | norm = 0.998538
  Saved spatial snapshot at t = 50 (step 5000)
  Step 5000/10000 | R_avg = 0.983614 | norm = 0.998503
  Step 5100/10000 | R_avg = 0.983639 | norm = 0.998467
  Step 5200/10000 | R_avg = 0.983601 | norm = 0.998432
  Step 5300/10000 | R_avg = 0.983631 | norm = 0.998396
  Step 5400/10000 | R_avg = 0.983586 | norm = 0.99836
  Step 5500/10000 | R_avg = 0.983614 | norm = 0.998325
  Step 5600/10000 | R_avg = 0.983619 | norm = 0.99829
  Step 5700/10000 | R_avg = 0.983601 | norm = 0.998255
  Step 5800/10000 | R_avg = 0.983644 | norm = 0.998221
  Step 5900/10000 | R_avg = 0.983647 | norm = 0.998186
  Step 6000/10000 | R_avg = 0.983606 | norm = 0.998152
  Step 6100/10000 | R_avg = 0.983598 | norm = 0.998119
  Step 6200/10000 | R_avg = 0.983646 | norm = 0.998085
  Step 6300/10000 | R_avg = 0.983637 | norm = 0.998053
  Step 6400/10000 | R_avg = 0.983612 | norm = 0.998021
  Step 6500/10000 | R_avg = 0.983639 | norm = 0.99799
  Step 6600/10000 | R_avg = 0.983617 | norm = 0.997958
  Step 6700/10000 | R_avg = 0.983627 | norm = 0.997926
  Step 6800/10000 | R_avg = 0.983627 | norm = 0.997894
  Step 6900/10000 | R_avg = 0.98365 | norm = 0.997862
  Step 7000/10000 | R_avg = 0.983596 | norm = 0.99783
  Step 7100/10000 | R_avg = 0.983655 | norm = 0.997797
  Step 7200/10000 | R_avg = 0.983599 | norm = 0.997765
  Step 7300/10000 | R_avg = 0.983591 | norm = 0.997732
  Step 7400/10000 | R_avg = 0.983607 | norm = 0.997699
  Saved spatial snapshot at t = 75 (step 7500)
  Step 7500/10000 | R_avg = 0.98364 | norm = 0.997666
  Step 7600/10000 | R_avg = 0.983607 | norm = 0.997633
  Step 7700/10000 | R_avg = 0.98363 | norm = 0.9976
  Step 7800/10000 | R_avg = 0.9836 | norm = 0.997567
  Step 7900/10000 | R_avg = 0.9836 | norm = 0.997534
  Step 8000/10000 | R_avg = 0.983628 | norm = 0.997501
  Step 8100/10000 | R_avg = 0.983607 | norm = 0.997468
  Step 8200/10000 | R_avg = 0.983665 | norm = 0.997435
  Step 8300/10000 | R_avg = 0.983616 | norm = 0.997402
  Step 8400/10000 | R_avg = 0.983596 | norm = 0.997368
  Step 8500/10000 | R_avg = 0.983619 | norm = 0.997334
  Step 8600/10000 | R_avg = 0.983603 | norm = 0.997301
  Step 8700/10000 | R_avg = 0.983633 | norm = 0.997267
  Step 8800/10000 | R_avg = 0.983638 | norm = 0.997234
  Step 8900/10000 | R_avg = 0.983602 | norm = 0.997201
  Step 9000/10000 | R_avg = 0.9836 | norm = 0.997168
  Step 9100/10000 | R_avg = 0.983623 | norm = 0.997136
  Step 9200/10000 | R_avg = 0.983652 | norm = 0.997104
  Step 9300/10000 | R_avg = 0.983666 | norm = 0.997073
  Step 9400/10000 | R_avg = 0.983637 | norm = 0.997043
  Step 9500/10000 | R_avg = 0.983632 | norm = 0.997013
  Step 9600/10000 | R_avg = 0.983582 | norm = 0.996983
  Step 9700/10000 | R_avg = 0.983625 | norm = 0.996953
  Step 9800/10000 | R_avg = 0.983616 | norm = 0.996924
  Step 9900/10000 | R_avg = 0.983582 | norm = 0.996894

===== Global Validation =====
✓ Global validation PASSED
  ✓ Probability Conservation: ||ψ||² = 0.996864 (drift: 0.313643% from initial 1) ✓ PASS
  ✓ Energy Conservation: E_total = 1.14737 (drift: 3.60376% from initial 1.10746) ✓ PASS
  ✓ Order Parameter Bounds: R ∈ [0, 0] ✓ PASS (within [0,1])
  ✓ Causality: v = |p|/E = 0.217446 (c = 1) ✓ PASS (v ≤ c)
  ✓ Numerical Stability: All fields finite ✓ PASS

===== Scenario 2.3: Relativistic Mass Validation =====
  Boost velocity: v = 0.35c
  Theoretical gamma: γ = 1.06752
✗ Scenario validation FAILED:
  ✓ 1. θ(x,y,t=0) shows vortex structure (W = ±1): Winding number W = 1 ✓ PASS (|W| ≈ 1)
  ✓ 3. R(x,y,t=0) shows core (R_min < 0.5): R_min = 0 ✓ PASS (< 0.5)
  ✗ 4. ψ(x,y,t=0) is Gaussian at offset position: Wavepacket variance = 6.55052e-07 ✗ FAIL (too uniform, not Gaussian)
  ✓ 5. ⟨p⟩(t=0) = γmv (within 5%): ⟨p⟩ = 0.358703 (expect 0.373632, error = 3.9957%) ✓ PASS
  ✗ 6. γ_measured(t=final) within 5% of theory: γ_measured = 1.13858 (γ_theory = 1.06752, error = 6.65624%) ✗ FAIL (exceeds 5% tolerance)
  Norm validation: max_error = 0.00313557 ✓ PASS
  Energy validation: max_drift = 0.0424609 ✓ PASS
  Saved observables to /home/persist/neotec/0rigin/output/20251226_013604_scenario_2.4A_velocity_threshold_128x128_v0.3/N_10/observables.csv

--- Validating Convergence ---
✗ Convergence validation FAILED

========================================
Velocity: v=0.4c
========================================

Initializing engine for 128×128 grid, velocity v=0.4c...
[SMFTEngine] Resources cleanup delegated to component managers

[SMFTEngine] Physical Interpretation:
  Vacuum potential Δ = 1 (Planck mass in natural units)
  Synchronization field R(x) → Emergent spacetime metric
  Mass field m(x) = Δ·R(x) → Local energy density
  ∇R(x) → Gravitational field (not separate force)
  Grid: 128 x 128 oscillators

[SMFTEngine] Created GPU buffers for 128x128 grid
  Phase buffers: 65536 bytes each
  Spinor buffer: 524288 bytes
  Accumulator buffers: 65536 bytes each (operator splitting)
[SMFTEngine] Created compute pipelines
  ✓ Kuramoto pipeline
  ✓ Sync field pipeline
  ✓ Gravity field pipeline
  ✓ Stochastic Kuramoto pipeline
  ✓ Stochastic Dirac pipeline
  ✓ Accumulation pipeline (operator splitting)
Created experiment directory: /home/persist/neotec/0rigin/output/20251226_013738_scenario_2.4A_velocity_threshold_128x128_v0.4
[OutputManager] Created timestamped directory: /home/persist/neotec/0rigin/output/20251226_013738_scenario_2.4A_velocity_threshold_128x128_v0.4
[Logging] Console output for 128x128 v=0.4c writing to: /home/persist/neotec/0rigin/output/20251226_013738_scenario_2.4A_velocity_threshold_128x128_v0.4/console.log

--- Testing with N=10 ---
  Vortex initialization (grid-independent):
    Domain size: 100 ℓ_P
    Grid spacing: 0.78125 ℓ_P
    Core radius: 3 ℓ_P (3.84 grid points)
    Center: (50, 50) ℓ_P
    Winding number: W = 1
  Dirac initialization (grid-independent):
    Position: (50, 50) ℓ_P
    Width: 3 ℓ_P
    Grid coordinates: (64, 64) grid units
    Grid width: 3.84 grid units
  Using Dirac solver (spinor field) with boosted initialization
    Background R (expected): 1
[DiracEvolution] Initialized 128x128 4-component spinor field (particle, β=1)
[SMFT] Boosted Gaussian initialization:
  Position: (64, 64) grid units
  Width: σ = 3.84 grid units
  Velocity: v = (0.4, 0)c
  |v| = 0.4c
  Lorentz factor: γ = 1.09109
  Rest mass: m₀ = Δ·R = 1 × 1 = 1 m_P
  Momentum: p = (0.436436, 0) m_P·c
  |p| = 0.436436 m_P·c
  Pre-normalization: ∫|Ψ|² = 92.6492
  Normalization factor: 9.62545
[DiracEvolution] Initialized Gaussian wavepacket at (64, 64) with σ=3.84
  Final norm: ||Ψ||² = 1
  Initial position: <r> = (64, 64)
✓ Boosted Gaussian initialized
[SMFTEngine] Boosted Dirac field initialized: center=(64,64), sigma=3.84, boost=(0.4,0)c, norm=1, <r>=(64,64)
[DiracEvolution] Initialized 128x128 4-component spinor field (particle, β=1)
[SMFT] Boosted Gaussian initialization:
  Position: (64, 64) grid units
  Width: σ = 3.84 grid units
  Velocity: v = (0.4, 0)c
  |v| = 0.4c
  Lorentz factor: γ = 1.09109
  Rest mass: m₀ = Δ·R = 1 × 1 = 1 m_P
  Momentum: p = (0.436436, 0) m_P·c
  |p| = 0.436436 m_P·c
  Pre-normalization: ∫|Ψ|² = 92.6492
  Normalization factor: 9.62545
[DiracEvolution] Initialized Gaussian wavepacket at (64, 64) with σ=3.84
  Final norm: ||Ψ||² = 1
  Initial position: <r> = (64, 64)
✓ Boosted Gaussian initialized
  Initial energy E0 = 0.232538
  Initial norm = 1
  Saved spatial snapshot at t = 0 (step 0)
  Step 0/10000 | R_avg = 0.983612 | norm = 1
  Step 100/10000 | R_avg = 0.983618 | norm = 0.999977
  Step 200/10000 | R_avg = 0.983636 | norm = 0.999952
  Step 300/10000 | R_avg = 0.983595 | norm = 0.999927
  Step 400/10000 | R_avg = 0.983599 | norm = 0.9999
  Step 500/10000 | R_avg = 0.983611 | norm = 0.999873
  Step 600/10000 | R_avg = 0.983638 | norm = 0.999846
  Step 700/10000 | R_avg = 0.983647 | norm = 0.999818
  Step 800/10000 | R_avg = 0.983598 | norm = 0.999789
  Step 900/10000 | R_avg = 0.983635 | norm = 0.99976
  Step 1000/10000 | R_avg = 0.983601 | norm = 0.999731
  Step 1100/10000 | R_avg = 0.983602 | norm = 0.999702
  Step 1200/10000 | R_avg = 0.983604 | norm = 0.999672
  Step 1300/10000 | R_avg = 0.98362 | norm = 0.999642
  Step 1400/10000 | R_avg = 0.983618 | norm = 0.999612
  Step 1500/10000 | R_avg = 0.983592 | norm = 0.999583
  Step 1600/10000 | R_avg = 0.983635 | norm = 0.999554
  Step 1700/10000 | R_avg = 0.983628 | norm = 0.999524
  Step 1800/10000 | R_avg = 0.983611 | norm = 0.999494
  Step 1900/10000 | R_avg = 0.983588 | norm = 0.999464
  Step 2000/10000 | R_avg = 0.983628 | norm = 0.999433
  Step 2100/10000 | R_avg = 0.983603 | norm = 0.999402
  Step 2200/10000 | R_avg = 0.98364 | norm = 0.99937
  Step 2300/10000 | R_avg = 0.983596 | norm = 0.999338
  Step 2400/10000 | R_avg = 0.983609 | norm = 0.999307
  Saved spatial snapshot at t = 25 (step 2500)
  Step 2500/10000 | R_avg = 0.983614 | norm = 0.999276
  Step 2600/10000 | R_avg = 0.983582 | norm = 0.999245
  Step 2700/10000 | R_avg = 0.98362 | norm = 0.999216
  Step 2800/10000 | R_avg = 0.983634 | norm = 0.999187
  Step 2900/10000 | R_avg = 0.983606 | norm = 0.999159
  Step 3000/10000 | R_avg = 0.983644 | norm = 0.999131
  Step 3100/10000 | R_avg = 0.983618 | norm = 0.999105
  Step 3200/10000 | R_avg = 0.98364 | norm = 0.99908
  Step 3300/10000 | R_avg = 0.983593 | norm = 0.999055
  Step 3400/10000 | R_avg = 0.983603 | norm = 0.99903
  Step 3500/10000 | R_avg = 0.983634 | norm = 0.999005
  Step 3600/10000 | R_avg = 0.983631 | norm = 0.99898
  Step 3700/10000 | R_avg = 0.983628 | norm = 0.998954
  Step 3800/10000 | R_avg = 0.98362 | norm = 0.998926
  Step 3900/10000 | R_avg = 0.983636 | norm = 0.998897
  Step 4000/10000 | R_avg = 0.983612 | norm = 0.998866
  Step 4100/10000 | R_avg = 0.983616 | norm = 0.998835
  Step 4200/10000 | R_avg = 0.983613 | norm = 0.998802
  Step 4300/10000 | R_avg = 0.983621 | norm = 0.998768
  Step 4400/10000 | R_avg = 0.98361 | norm = 0.998735
  Step 4500/10000 | R_avg = 0.983606 | norm = 0.9987
  Step 4600/10000 | R_avg = 0.983619 | norm = 0.998665
  Step 4700/10000 | R_avg = 0.983631 | norm = 0.99863
  Step 4800/10000 | R_avg = 0.983628 | norm = 0.998596
  Step 4900/10000 | R_avg = 0.983601 | norm = 0.998561
  Saved spatial snapshot at t = 50 (step 5000)
  Step 5000/10000 | R_avg = 0.983617 | norm = 0.998526
  Step 5100/10000 | R_avg = 0.983608 | norm = 0.998491
  Step 5200/10000 | R_avg = 0.983622 | norm = 0.998456
  Step 5300/10000 | R_avg = 0.983609 | norm = 0.998421
  Step 5400/10000 | R_avg = 0.983622 | norm = 0.998386
  Step 5500/10000 | R_avg = 0.983624 | norm = 0.998351
  Step 5600/10000 | R_avg = 0.983627 | norm = 0.998316
  Step 5700/10000 | R_avg = 0.983629 | norm = 0.998281
  Step 5800/10000 | R_avg = 0.983635 | norm = 0.998246
  Step 5900/10000 | R_avg = 0.983617 | norm = 0.998212
  Step 6000/10000 | R_avg = 0.983604 | norm = 0.998178
  Step 6100/10000 | R_avg = 0.983601 | norm = 0.998144
  Step 6200/10000 | R_avg = 0.983632 | norm = 0.998111
  Step 6300/10000 | R_avg = 0.983629 | norm = 0.998079
  Step 6400/10000 | R_avg = 0.983615 | norm = 0.998047
  Step 6500/10000 | R_avg = 0.983611 | norm = 0.998016
  Step 6600/10000 | R_avg = 0.983603 | norm = 0.997985
  Step 6700/10000 | R_avg = 0.983618 | norm = 0.997953
  Step 6800/10000 | R_avg = 0.983642 | norm = 0.997922
  Step 6900/10000 | R_avg = 0.983647 | norm = 0.99789
  Step 7000/10000 | R_avg = 0.983648 | norm = 0.997858
  Step 7100/10000 | R_avg = 0.983649 | norm = 0.997826
  Step 7200/10000 | R_avg = 0.98361 | norm = 0.997793
  Step 7300/10000 | R_avg = 0.983619 | norm = 0.99776
  Step 7400/10000 | R_avg = 0.98364 | norm = 0.997728
  Saved spatial snapshot at t = 75 (step 7500)
  Step 7500/10000 | R_avg = 0.983614 | norm = 0.997695
  Step 7600/10000 | R_avg = 0.983595 | norm = 0.997662
  Step 7700/10000 | R_avg = 0.983598 | norm = 0.997629
  Step 7800/10000 | R_avg = 0.983601 | norm = 0.997596
  Step 7900/10000 | R_avg = 0.983625 | norm = 0.997563
  Step 8000/10000 | R_avg = 0.983583 | norm = 0.99753
  Step 8100/10000 | R_avg = 0.983628 | norm = 0.997496
  Step 8200/10000 | R_avg = 0.983632 | norm = 0.997463
  Step 8300/10000 | R_avg = 0.983591 | norm = 0.997429
  Step 8400/10000 | R_avg = 0.983638 | norm = 0.997396
  Step 8500/10000 | R_avg = 0.983619 | norm = 0.997362
  Step 8600/10000 | R_avg = 0.983602 | norm = 0.997328
  Step 8700/10000 | R_avg = 0.983623 | norm = 0.997295
  Step 8800/10000 | R_avg = 0.98363 | norm = 0.997262
  Step 8900/10000 | R_avg = 0.983622 | norm = 0.997229
  Step 9000/10000 | R_avg = 0.983621 | norm = 0.997196
  Step 9100/10000 | R_avg = 0.983632 | norm = 0.997164
  Step 9200/10000 | R_avg = 0.983606 | norm = 0.997133
  Step 9300/10000 | R_avg = 0.983604 | norm = 0.997102
  Step 9400/10000 | R_avg = 0.98359 | norm = 0.997072
  Step 9500/10000 | R_avg = 0.983625 | norm = 0.997042
  Step 9600/10000 | R_avg = 0.983623 | norm = 0.997013
  Step 9700/10000 | R_avg = 0.983608 | norm = 0.996983
  Step 9800/10000 | R_avg = 0.983604 | norm = 0.996954
  Step 9900/10000 | R_avg = 0.983623 | norm = 0.996925

===== Global Validation =====
✓ Global validation PASSED
  ✓ Probability Conservation: ||ψ||² = 0.996896 (drift: 0.310524% from initial 1) ✓ PASS
  ✓ Energy Conservation: E_total = 1.18304 (drift: 2.99989% from initial 1.14858) ✓ PASS
  ✓ Order Parameter Bounds: R ∈ [0, 0] ✓ PASS (within [0,1])
  ✓ Causality: v = |p|/E = 0.25672 (c = 1) ✓ PASS (v ≤ c)
  ✓ Numerical Stability: All fields finite ✓ PASS

===== Scenario 2.3: Relativistic Mass Validation =====
  Boost velocity: v = 0.4c
  Theoretical gamma: γ = 1.09109
✗ Scenario validation FAILED:
  ✓ 1. θ(x,y,t=0) shows vortex structure (W = ±1): Winding number W = 1 ✓ PASS (|W| ≈ 1)
  ✓ 3. R(x,y,t=0) shows core (R_min < 0.5): R_min = 0 ✓ PASS (< 0.5)
  ✗ 4. ψ(x,y,t=0) is Gaussian at offset position: Wavepacket variance = 6.55052e-07 ✗ FAIL (too uniform, not Gaussian)
  ✓ 5. ⟨p⟩(t=0) = γmv (within 5%): ⟨p⟩ = 0.41545 (expect 0.436436, error = 4.80852%) ✓ PASS
  ✗ 6. γ_measured(t=final) within 5% of theory: γ_measured = 1.16242 (γ_theory = 1.09109, error = 6.53715%) ✗ FAIL (exceeds 5% tolerance)
  Norm validation: max_error = 0.00310435 ✓ PASS
  Energy validation: max_drift = 0.0353398 ✓ PASS
  Saved observables to /home/persist/neotec/0rigin/output/20251226_013738_scenario_2.4A_velocity_threshold_128x128_v0.4/N_10/observables.csv

--- Validating Convergence ---
✗ Convergence validation FAILED

========================================
Velocity: v=0.45c
========================================

Initializing engine for 128×128 grid, velocity v=0.45c...
[SMFTEngine] Resources cleanup delegated to component managers

[SMFTEngine] Physical Interpretation:
  Vacuum potential Δ = 1 (Planck mass in natural units)
  Synchronization field R(x) → Emergent spacetime metric
  Mass field m(x) = Δ·R(x) → Local energy density
  ∇R(x) → Gravitational field (not separate force)
  Grid: 128 x 128 oscillators

[SMFTEngine] Created GPU buffers for 128x128 grid
  Phase buffers: 65536 bytes each
  Spinor buffer: 524288 bytes
  Accumulator buffers: 65536 bytes each (operator splitting)
[SMFTEngine] Created compute pipelines
  ✓ Kuramoto pipeline
  ✓ Sync field pipeline
  ✓ Gravity field pipeline
  ✓ Stochastic Kuramoto pipeline
  ✓ Stochastic Dirac pipeline
  ✓ Accumulation pipeline (operator splitting)
Created experiment directory: /home/persist/neotec/0rigin/output/20251226_013921_scenario_2.4A_velocity_threshold_128x128_v0.4
[OutputManager] Created timestamped directory: /home/persist/neotec/0rigin/output/20251226_013921_scenario_2.4A_velocity_threshold_128x128_v0.4
[Logging] Console output for 128x128 v=0.45c writing to: /home/persist/neotec/0rigin/output/20251226_013921_scenario_2.4A_velocity_threshold_128x128_v0.4/console.log

--- Testing with N=10 ---
  Vortex initialization (grid-independent):
    Domain size: 100 ℓ_P
    Grid spacing: 0.78125 ℓ_P
    Core radius: 3 ℓ_P (3.84 grid points)
    Center: (50, 50) ℓ_P
    Winding number: W = 1
  Dirac initialization (grid-independent):
    Position: (50, 50) ℓ_P
    Width: 3 ℓ_P
    Grid coordinates: (64, 64) grid units
    Grid width: 3.84 grid units
  Using Dirac solver (spinor field) with boosted initialization
    Background R (expected): 1
[DiracEvolution] Initialized 128x128 4-component spinor field (particle, β=1)
[SMFT] Boosted Gaussian initialization:
  Position: (64, 64) grid units
  Width: σ = 3.84 grid units
  Velocity: v = (0.45, 0)c
  |v| = 0.45c
  Lorentz factor: γ = 1.11979
  Rest mass: m₀ = Δ·R = 1 × 1 = 1 m_P
  Momentum: p = (0.503903, 0) m_P·c
  |p| = 0.503903 m_P·c
  Pre-normalization: ∫|Ψ|² = 92.6492
  Normalization factor: 9.62545
[DiracEvolution] Initialized Gaussian wavepacket at (64, 64) with σ=3.84
  Final norm: ||Ψ||² = 1
  Initial position: <r> = (64, 64)
✓ Boosted Gaussian initialized
[SMFTEngine] Boosted Dirac field initialized: center=(64,64), sigma=3.84, boost=(0.45,0)c, norm=1, <r>=(64,64)
[DiracEvolution] Initialized 128x128 4-component spinor field (particle, β=1)
[SMFT] Boosted Gaussian initialization:
  Position: (64, 64) grid units
  Width: σ = 3.84 grid units
  Velocity: v = (0.45, 0)c
  |v| = 0.45c
  Lorentz factor: γ = 1.11979
  Rest mass: m₀ = Δ·R = 1 × 1 = 1 m_P
  Momentum: p = (0.503903, 0) m_P·c
  |p| = 0.503903 m_P·c
  Pre-normalization: ∫|Ψ|² = 92.6492
  Normalization factor: 9.62545
[DiracEvolution] Initialized Gaussian wavepacket at (64, 64) with σ=3.84
  Final norm: ||Ψ||² = 1
  Initial position: <r> = (64, 64)
✓ Boosted Gaussian initialized
  Initial energy E0 = 0.283424
  Initial norm = 1
  Saved spatial snapshot at t = 0 (step 0)
  Step 0/10000 | R_avg = 0.983631 | norm = 1
  Step 100/10000 | R_avg = 0.983608 | norm = 0.999977
  Step 200/10000 | R_avg = 0.983661 | norm = 0.999953
  Step 300/10000 | R_avg = 0.983635 | norm = 0.999928
  Step 400/10000 | R_avg = 0.983627 | norm = 0.999901
  Step 500/10000 | R_avg = 0.983641 | norm = 0.999874
  Step 600/10000 | R_avg = 0.983589 | norm = 0.999847
  Step 700/10000 | R_avg = 0.98361 | norm = 0.999819
  Step 800/10000 | R_avg = 0.983624 | norm = 0.999791
  Step 900/10000 | R_avg = 0.983621 | norm = 0.999763
  Step 1000/10000 | R_avg = 0.983619 | norm = 0.999734
  Step 1100/10000 | R_avg = 0.98361 | norm = 0.999704
  Step 1200/10000 | R_avg = 0.983615 | norm = 0.999675
  Step 1300/10000 | R_avg = 0.983621 | norm = 0.999645
  Step 1400/10000 | R_avg = 0.983632 | norm = 0.999616
  Step 1500/10000 | R_avg = 0.983624 | norm = 0.999587
  Step 1600/10000 | R_avg = 0.983628 | norm = 0.999557
  Step 1700/10000 | R_avg = 0.983608 | norm = 0.999528
  Step 1800/10000 | R_avg = 0.983613 | norm = 0.999499
  Step 1900/10000 | R_avg = 0.983642 | norm = 0.999469
  Step 2000/10000 | R_avg = 0.983634 | norm = 0.999438
  Step 2100/10000 | R_avg = 0.983632 | norm = 0.999408
  Step 2200/10000 | R_avg = 0.983592 | norm = 0.999376
  Step 2300/10000 | R_avg = 0.983595 | norm = 0.999344
  Step 2400/10000 | R_avg = 0.983629 | norm = 0.999313
  Saved spatial snapshot at t = 25 (step 2500)
  Step 2500/10000 | R_avg = 0.983621 | norm = 0.999283
  Step 2600/10000 | R_avg = 0.983644 | norm = 0.999253
  Step 2700/10000 | R_avg = 0.983606 | norm = 0.999223
  Step 2800/10000 | R_avg = 0.983625 | norm = 0.999194
  Step 2900/10000 | R_avg = 0.983604 | norm = 0.999166
  Step 3000/10000 | R_avg = 0.983622 | norm = 0.99914
  Step 3100/10000 | R_avg = 0.98361 | norm = 0.999114
  Step 3200/10000 | R_avg = 0.983616 | norm = 0.999089
  Step 3300/10000 | R_avg = 0.983618 | norm = 0.999064
  Step 3400/10000 | R_avg = 0.983639 | norm = 0.99904
  Step 3500/10000 | R_avg = 0.983614 | norm = 0.999015
  Step 3600/10000 | R_avg = 0.983608 | norm = 0.99899
  Step 3700/10000 | R_avg = 0.983648 | norm = 0.998964
  Step 3800/10000 | R_avg = 0.983624 | norm = 0.998937
  Step 3900/10000 | R_avg = 0.983593 | norm = 0.998909
  Step 4000/10000 | R_avg = 0.983614 | norm = 0.998879
  Step 4100/10000 | R_avg = 0.983577 | norm = 0.998847
  Step 4200/10000 | R_avg = 0.983599 | norm = 0.998814
  Step 4300/10000 | R_avg = 0.983614 | norm = 0.99878
  Step 4400/10000 | R_avg = 0.983631 | norm = 0.998746
  Step 4500/10000 | R_avg = 0.983603 | norm = 0.998712
  Step 4600/10000 | R_avg = 0.983609 | norm = 0.998677
  Step 4700/10000 | R_avg = 0.983622 | norm = 0.998642
  Step 4800/10000 | R_avg = 0.983615 | norm = 0.998607
  Step 4900/10000 | R_avg = 0.98361 | norm = 0.998572
  Saved spatial snapshot at t = 50 (step 5000)
  Step 5000/10000 | R_avg = 0.983646 | norm = 0.998538
  Step 5100/10000 | R_avg = 0.983639 | norm = 0.998503
  Step 5200/10000 | R_avg = 0.983603 | norm = 0.998468
  Step 5300/10000 | R_avg = 0.98362 | norm = 0.998433
  Step 5400/10000 | R_avg = 0.983617 | norm = 0.998398
  Step 5500/10000 | R_avg = 0.983609 | norm = 0.998363
  Step 5600/10000 | R_avg = 0.983632 | norm = 0.998329
  Step 5700/10000 | R_avg = 0.983593 | norm = 0.998294
  Step 5800/10000 | R_avg = 0.983613 | norm = 0.998259
  Step 5900/10000 | R_avg = 0.983624 | norm = 0.998225
  Step 6000/10000 | R_avg = 0.983618 | norm = 0.998191
  Step 6100/10000 | R_avg = 0.983614 | norm = 0.998158
  Step 6200/10000 | R_avg = 0.983608 | norm = 0.998125
  Step 6300/10000 | R_avg = 0.983616 | norm = 0.998093
  Step 6400/10000 | R_avg = 0.983625 | norm = 0.998062
  Step 6500/10000 | R_avg = 0.983612 | norm = 0.998031
  Step 6600/10000 | R_avg = 0.983596 | norm = 0.998
  Step 6700/10000 | R_avg = 0.983632 | norm = 0.997969
  Step 6800/10000 | R_avg = 0.983632 | norm = 0.997937
  Step 6900/10000 | R_avg = 0.983622 | norm = 0.997906
  Step 7000/10000 | R_avg = 0.983622 | norm = 0.997874
  Step 7100/10000 | R_avg = 0.983602 | norm = 0.997841
  Step 7200/10000 | R_avg = 0.983623 | norm = 0.997809
  Step 7300/10000 | R_avg = 0.983609 | norm = 0.997776
  Step 7400/10000 | R_avg = 0.983619 | norm = 0.997743
  Saved spatial snapshot at t = 75 (step 7500)
  Step 7500/10000 | R_avg = 0.98361 | norm = 0.99771
  Step 7600/10000 | R_avg = 0.983639 | norm = 0.997676
  Step 7700/10000 | R_avg = 0.983627 | norm = 0.997643
  Step 7800/10000 | R_avg = 0.983612 | norm = 0.997609
  Step 7900/10000 | R_avg = 0.98363 | norm = 0.997576
  Step 8000/10000 | R_avg = 0.983612 | norm = 0.997543
  Step 8100/10000 | R_avg = 0.983595 | norm = 0.997509
  Step 8200/10000 | R_avg = 0.983629 | norm = 0.997476
  Step 8300/10000 | R_avg = 0.983634 | norm = 0.997442
  Step 8400/10000 | R_avg = 0.983612 | norm = 0.997408
  Step 8500/10000 | R_avg = 0.983608 | norm = 0.997374
  Step 8600/10000 | R_avg = 0.983616 | norm = 0.99734
  Step 8700/10000 | R_avg = 0.983639 | norm = 0.997307
  Step 8800/10000 | R_avg = 0.983615 | norm = 0.997273
  Step 8900/10000 | R_avg = 0.983626 | norm = 0.99724
  Step 9000/10000 | R_avg = 0.983622 | norm = 0.997208
  Step 9100/10000 | R_avg = 0.983645 | norm = 0.997176
  Step 9200/10000 | R_avg = 0.983595 | norm = 0.997145
  Step 9300/10000 | R_avg = 0.983625 | norm = 0.997114
  Step 9400/10000 | R_avg = 0.983616 | norm = 0.997084
  Step 9500/10000 | R_avg = 0.983607 | norm = 0.997055
  Step 9600/10000 | R_avg = 0.983618 | norm = 0.997026
  Step 9700/10000 | R_avg = 0.983646 | norm = 0.996997
  Step 9800/10000 | R_avg = 0.983592 | norm = 0.996968
  Step 9900/10000 | R_avg = 0.983652 | norm = 0.996939

===== Global Validation =====
✓ Global validation PASSED
  ✓ Probability Conservation: ||ψ||² = 0.996911 (drift: 0.309036% from initial 1) ✓ PASS
  ✓ Energy Conservation: E_total = 1.22721 (drift: 2.31429% from initial 1.19945) ✓ PASS
  ✓ Order Parameter Bounds: R ∈ [0, 0] ✓ PASS (within [0,1])
  ✓ Causality: v = |p|/E = 0.295352 (c = 1) ✓ PASS (v ≤ c)
  ✓ Numerical Stability: All fields finite ✓ PASS

===== Scenario 2.3: Relativistic Mass Validation =====
  Boost velocity: v = 0.45c
  Theoretical gamma: γ = 1.11979
✗ Scenario validation FAILED:
  ✓ 1. θ(x,y,t=0) shows vortex structure (W = ±1): Winding number W = 1 ✓ PASS (|W| ≈ 1)
  ✓ 3. R(x,y,t=0) shows core (R_min < 0.5): R_min = 0 ✓ PASS (< 0.5)
  ✗ 4. ψ(x,y,t=0) is Gaussian at offset position: Wavepacket variance = 6.55052e-07 ✗ FAIL (too uniform, not Gaussian)
  ✗ 5. ⟨p⟩(t=0) = γmv (within 5%): ⟨p⟩ = 0.474579 (expect 0.503903, error = 5.81936%) ✗ FAIL (exceeds 5% tolerance)
  ✗ 6. γ_measured(t=final) within 5% of theory: γ_measured = 1.19201 (γ_theory = 1.11979, error = 6.44969%) ✗ FAIL (exceeds 5% tolerance)
  Norm validation: max_error = 0.00308949 ✓ PASS
  Energy validation: max_drift = 0.0276437 ✓ PASS
  Saved observables to /home/persist/neotec/0rigin/output/20251226_013921_scenario_2.4A_velocity_threshold_128x128_v0.4/N_10/observables.csv

--- Validating Convergence ---
✗ Convergence validation FAILED

========================================
Velocity: v=0.5c
========================================

Initializing engine for 128×128 grid, velocity v=0.5c...
[SMFTEngine] Resources cleanup delegated to component managers

[SMFTEngine] Physical Interpretation:
  Vacuum potential Δ = 1 (Planck mass in natural units)
  Synchronization field R(x) → Emergent spacetime metric
  Mass field m(x) = Δ·R(x) → Local energy density
  ∇R(x) → Gravitational field (not separate force)
  Grid: 128 x 128 oscillators

[SMFTEngine] Created GPU buffers for 128x128 grid
  Phase buffers: 65536 bytes each
  Spinor buffer: 524288 bytes
  Accumulator buffers: 65536 bytes each (operator splitting)
[SMFTEngine] Created compute pipelines
  ✓ Kuramoto pipeline
  ✓ Sync field pipeline
  ✓ Gravity field pipeline
  ✓ Stochastic Kuramoto pipeline
  ✓ Stochastic Dirac pipeline
  ✓ Accumulation pipeline (operator splitting)
Created experiment directory: /home/persist/neotec/0rigin/output/20251226_014105_scenario_2.4A_velocity_threshold_128x128_v0.5
[OutputManager] Created timestamped directory: /home/persist/neotec/0rigin/output/20251226_014105_scenario_2.4A_velocity_threshold_128x128_v0.5
[Logging] Console output for 128x128 v=0.5c writing to: /home/persist/neotec/0rigin/output/20251226_014105_scenario_2.4A_velocity_threshold_128x128_v0.5/console.log

--- Testing with N=10 ---
  Vortex initialization (grid-independent):
    Domain size: 100 ℓ_P
    Grid spacing: 0.78125 ℓ_P
    Core radius: 3 ℓ_P (3.84 grid points)
    Center: (50, 50) ℓ_P
    Winding number: W = 1
  Dirac initialization (grid-independent):
    Position: (50, 50) ℓ_P
    Width: 3 ℓ_P
    Grid coordinates: (64, 64) grid units
    Grid width: 3.84 grid units
  Using Dirac solver (spinor field) with boosted initialization
    Background R (expected): 1
[DiracEvolution] Initialized 128x128 4-component spinor field (particle, β=1)
[SMFT] Boosted Gaussian initialization:
  Position: (64, 64) grid units
  Width: σ = 3.84 grid units
  Velocity: v = (0.5, 0)c
  |v| = 0.5c
  Lorentz factor: γ = 1.1547
  Rest mass: m₀ = Δ·R = 1 × 1 = 1 m_P
  Momentum: p = (0.57735, 0) m_P·c
  |p| = 0.57735 m_P·c
  Pre-normalization: ∫|Ψ|² = 92.6492
  Normalization factor: 9.62545
[DiracEvolution] Initialized Gaussian wavepacket at (64, 64) with σ=3.84
  Final norm: ||Ψ||² = 1
  Initial position: <r> = (64, 64)
✓ Boosted Gaussian initialized
[SMFTEngine] Boosted Dirac field initialized: center=(64,64), sigma=3.84, boost=(0.5,0)c, norm=1, <r>=(64,64)
[DiracEvolution] Initialized 128x128 4-component spinor field (particle, β=1)
[SMFT] Boosted Gaussian initialization:
  Position: (64, 64) grid units
  Width: σ = 3.84 grid units
  Velocity: v = (0.5, 0)c
  |v| = 0.5c
  Lorentz factor: γ = 1.1547
  Rest mass: m₀ = Δ·R = 1 × 1 = 1 m_P
  Momentum: p = (0.57735, 0) m_P·c
  |p| = 0.57735 m_P·c
  Pre-normalization: ∫|Ψ|² = 92.6492
  Normalization factor: 9.62545
[DiracEvolution] Initialized Gaussian wavepacket at (64, 64) with σ=3.84
  Final norm: ||Ψ||² = 1
  Initial position: <r> = (64, 64)
✓ Boosted Gaussian initialized
  Initial energy E0 = 0.343939
  Initial norm = 1
  Saved spatial snapshot at t = 0 (step 0)
  Step 0/10000 | R_avg = 0.983601 | norm = 1
  Step 100/10000 | R_avg = 0.983582 | norm = 0.999977
  Step 200/10000 | R_avg = 0.983587 | norm = 0.999953
  Step 300/10000 | R_avg = 0.983579 | norm = 0.999928
  Step 400/10000 | R_avg = 0.983602 | norm = 0.999903
  Step 500/10000 | R_avg = 0.983619 | norm = 0.999877
  Step 600/10000 | R_avg = 0.983626 | norm = 0.99985
  Step 700/10000 | R_avg = 0.983616 | norm = 0.999822
  Step 800/10000 | R_avg = 0.983627 | norm = 0.999794
  Step 900/10000 | R_avg = 0.983618 | norm = 0.999766
  Step 1000/10000 | R_avg = 0.983595 | norm = 0.999737
  Step 1100/10000 | R_avg = 0.983615 | norm = 0.999708
  Step 1200/10000 | R_avg = 0.983611 | norm = 0.999679
  Step 1300/10000 | R_avg = 0.983646 | norm = 0.99965
  Step 1400/10000 | R_avg = 0.983616 | norm = 0.999621
  Step 1500/10000 | R_avg = 0.98365 | norm = 0.999592
  Step 1600/10000 | R_avg = 0.983657 | norm = 0.999563
  Step 1700/10000 | R_avg = 0.983613 | norm = 0.999534
  Step 1800/10000 | R_avg = 0.983587 | norm = 0.999505
  Step 1900/10000 | R_avg = 0.983659 | norm = 0.999475
  Step 2000/10000 | R_avg = 0.983632 | norm = 0.999445
  Step 2100/10000 | R_avg = 0.983617 | norm = 0.999414
  Step 2200/10000 | R_avg = 0.983619 | norm = 0.999383
  Step 2300/10000 | R_avg = 0.98359 | norm = 0.999353
  Step 2400/10000 | R_avg = 0.983606 | norm = 0.999322
  Saved spatial snapshot at t = 25 (step 2500)
  Step 2500/10000 | R_avg = 0.983628 | norm = 0.999291
  Step 2600/10000 | R_avg = 0.983582 | norm = 0.999261
  Step 2700/10000 | R_avg = 0.983594 | norm = 0.999232
  Step 2800/10000 | R_avg = 0.983585 | norm = 0.999204
  Step 2900/10000 | R_avg = 0.983614 | norm = 0.999176
  Step 3000/10000 | R_avg = 0.983632 | norm = 0.99915
  Step 3100/10000 | R_avg = 0.983612 | norm = 0.999124
  Step 3200/10000 | R_avg = 0.983629 | norm = 0.999099
  Step 3300/10000 | R_avg = 0.983614 | norm = 0.999076
  Step 3400/10000 | R_avg = 0.983608 | norm = 0.999052
  Step 3500/10000 | R_avg = 0.9836 | norm = 0.999028
  Step 3600/10000 | R_avg = 0.983601 | norm = 0.999003
  Step 3700/10000 | R_avg = 0.983648 | norm = 0.998978
  Step 3800/10000 | R_avg = 0.983608 | norm = 0.998951
  Step 3900/10000 | R_avg = 0.983609 | norm = 0.998922
  Step 4000/10000 | R_avg = 0.98361 | norm = 0.998892
  Step 4100/10000 | R_avg = 0.983581 | norm = 0.998861
  Step 4200/10000 | R_avg = 0.983616 | norm = 0.998828
  Step 4300/10000 | R_avg = 0.983603 | norm = 0.998794
  Step 4400/10000 | R_avg = 0.983615 | norm = 0.99876
  Step 4500/10000 | R_avg = 0.983632 | norm = 0.998725
  Step 4600/10000 | R_avg = 0.983585 | norm = 0.99869
  Step 4700/10000 | R_avg = 0.9836 | norm = 0.998655
  Step 4800/10000 | R_avg = 0.983589 | norm = 0.99862
  Step 4900/10000 | R_avg = 0.983595 | norm = 0.998586
  Saved spatial snapshot at t = 50 (step 5000)
  Step 5000/10000 | R_avg = 0.983601 | norm = 0.998551
  Step 5100/10000 | R_avg = 0.983592 | norm = 0.998516
  Step 5200/10000 | R_avg = 0.983595 | norm = 0.998481
  Step 5300/10000 | R_avg = 0.983593 | norm = 0.998446
  Step 5400/10000 | R_avg = 0.983589 | norm = 0.998411
  Step 5500/10000 | R_avg = 0.98361 | norm = 0.998376
  Step 5600/10000 | R_avg = 0.983643 | norm = 0.998341
  Step 5700/10000 | R_avg = 0.983602 | norm = 0.998307
  Step 5800/10000 | R_avg = 0.983614 | norm = 0.998272
  Step 5900/10000 | R_avg = 0.983627 | norm = 0.998238
  Step 6000/10000 | R_avg = 0.983586 | norm = 0.998204
  Step 6100/10000 | R_avg = 0.983601 | norm = 0.998171
  Step 6200/10000 | R_avg = 0.983611 | norm = 0.998139
  Step 6300/10000 | R_avg = 0.98358 | norm = 0.998107
  Step 6400/10000 | R_avg = 0.983636 | norm = 0.998076
  Step 6500/10000 | R_avg = 0.983625 | norm = 0.998045
  Step 6600/10000 | R_avg = 0.983596 | norm = 0.998014
  Step 6700/10000 | R_avg = 0.983628 | norm = 0.997983
  Step 6800/10000 | R_avg = 0.983589 | norm = 0.997952
  Step 6900/10000 | R_avg = 0.983646 | norm = 0.99792
  Step 7000/10000 | R_avg = 0.983588 | norm = 0.997888
  Step 7100/10000 | R_avg = 0.983604 | norm = 0.997856
  Step 7200/10000 | R_avg = 0.983598 | norm = 0.997823
  Step 7300/10000 | R_avg = 0.983617 | norm = 0.99779
  Step 7400/10000 | R_avg = 0.983612 | norm = 0.997757
  Saved spatial snapshot at t = 75 (step 7500)
  Step 7500/10000 | R_avg = 0.983635 | norm = 0.997723
  Step 7600/10000 | R_avg = 0.983614 | norm = 0.99769
  Step 7700/10000 | R_avg = 0.983589 | norm = 0.997656
  Step 7800/10000 | R_avg = 0.983621 | norm = 0.997623
  Step 7900/10000 | R_avg = 0.983596 | norm = 0.997589
  Step 8000/10000 | R_avg = 0.983619 | norm = 0.997556
  Step 8100/10000 | R_avg = 0.983629 | norm = 0.997522
  Step 8200/10000 | R_avg = 0.983629 | norm = 0.997489
  Step 8300/10000 | R_avg = 0.983599 | norm = 0.997455
  Step 8400/10000 | R_avg = 0.983649 | norm = 0.997421
  Step 8500/10000 | R_avg = 0.983624 | norm = 0.997387
  Step 8600/10000 | R_avg = 0.983577 | norm = 0.997353
  Step 8700/10000 | R_avg = 0.983581 | norm = 0.997319
  Step 8800/10000 | R_avg = 0.983615 | norm = 0.997286
  Step 8900/10000 | R_avg = 0.983604 | norm = 0.997252
  Step 9000/10000 | R_avg = 0.983595 | norm = 0.99722
  Step 9100/10000 | R_avg = 0.983607 | norm = 0.997188
  Step 9200/10000 | R_avg = 0.983626 | norm = 0.997157
  Step 9300/10000 | R_avg = 0.983647 | norm = 0.997127
  Step 9400/10000 | R_avg = 0.983598 | norm = 0.997097
  Step 9500/10000 | R_avg = 0.98364 | norm = 0.997068
  Step 9600/10000 | R_avg = 0.983634 | norm = 0.99704
  Step 9700/10000 | R_avg = 0.983599 | norm = 0.997011
  Step 9800/10000 | R_avg = 0.983628 | norm = 0.996983
  Step 9900/10000 | R_avg = 0.983566 | norm = 0.996955

===== Global Validation =====
✓ Global validation PASSED
  ✓ Probability Conservation: ||ψ||² = 0.996927 (drift: 0.307399% from initial 1) ✓ PASS
  ✓ Energy Conservation: E_total = 1.28113 (drift: 1.60645% from initial 1.26088) ✓ PASS
  ✓ Order Parameter Bounds: R ∈ [0, 0] ✓ PASS (within [0,1])
  ✓ Causality: v = |p|/E = 0.332577 (c = 1) ✓ PASS (v ≤ c)
  ✓ Numerical Stability: All fields finite ✓ PASS

===== Scenario 2.3: Relativistic Mass Validation =====
  Boost velocity: v = 0.5c
  Theoretical gamma: γ = 1.1547
✗ Scenario validation FAILED:
  ✓ 1. θ(x,y,t=0) shows vortex structure (W = ±1): Winding number W = 1 ✓ PASS (|W| ≈ 1)
  ✓ 3. R(x,y,t=0) shows core (R_min < 0.5): R_min = 0 ✓ PASS (< 0.5)
  ✗ 4. ψ(x,y,t=0) is Gaussian at offset position: Wavepacket variance = 6.55052e-07 ✗ FAIL (too uniform, not Gaussian)
  ✗ 5. ⟨p⟩(t=0) = γmv (within 5%): ⟨p⟩ = 0.536486 (expect 0.57735, error = 7.07793%) ✗ FAIL (exceeds 5% tolerance)
  ✗ 6. γ_measured(t=final) within 5% of theory: γ_measured = 1.22835 (γ_theory = 1.1547, error = 6.37818%) ✗ FAIL (exceeds 5% tolerance)
  Norm validation: max_error = 0.00307311 ✓ PASS
  Energy validation: max_drift = 0.0201499 ✓ PASS
  Saved observables to /home/persist/neotec/0rigin/output/20251226_014105_scenario_2.4A_velocity_threshold_128x128_v0.5/N_10/observables.csv

--- Validating Convergence ---
✗ Convergence validation FAILED

========================================
Velocity: v=0.55c
========================================

Initializing engine for 128×128 grid, velocity v=0.55c...
[SMFTEngine] Resources cleanup delegated to component managers

[SMFTEngine] Physical Interpretation:
  Vacuum potential Δ = 1 (Planck mass in natural units)
  Synchronization field R(x) → Emergent spacetime metric
  Mass field m(x) = Δ·R(x) → Local energy density
  ∇R(x) → Gravitational field (not separate force)
  Grid: 128 x 128 oscillators

[SMFTEngine] Created GPU buffers for 128x128 grid
  Phase buffers: 65536 bytes each
  Spinor buffer: 524288 bytes
  Accumulator buffers: 65536 bytes each (operator splitting)
[SMFTEngine] Created compute pipelines
  ✓ Kuramoto pipeline
  ✓ Sync field pipeline
  ✓ Gravity field pipeline
  ✓ Stochastic Kuramoto pipeline
  ✓ Stochastic Dirac pipeline
  ✓ Accumulation pipeline (operator splitting)
Created experiment directory: /home/persist/neotec/0rigin/output/20251226_014246_scenario_2.4A_velocity_threshold_128x128_v0.6
[OutputManager] Created timestamped directory: /home/persist/neotec/0rigin/output/20251226_014246_scenario_2.4A_velocity_threshold_128x128_v0.6
[Logging] Console output for 128x128 v=0.55c writing to: /home/persist/neotec/0rigin/output/20251226_014246_scenario_2.4A_velocity_threshold_128x128_v0.6/console.log

--- Testing with N=10 ---
  Vortex initialization (grid-independent):
    Domain size: 100 ℓ_P
    Grid spacing: 0.78125 ℓ_P
    Core radius: 3 ℓ_P (3.84 grid points)
    Center: (50, 50) ℓ_P
    Winding number: W = 1
  Dirac initialization (grid-independent):
    Position: (50, 50) ℓ_P
    Width: 3 ℓ_P
    Grid coordinates: (64, 64) grid units
    Grid width: 3.84 grid units
  Using Dirac solver (spinor field) with boosted initialization
    Background R (expected): 1
[DiracEvolution] Initialized 128x128 4-component spinor field (particle, β=1)
[SMFT] Boosted Gaussian initialization:
  Position: (64, 64) grid units
  Width: σ = 3.84 grid units
  Velocity: v = (0.55, 0)c
  |v| = 0.55c
  Lorentz factor: γ = 1.19737
  Rest mass: m₀ = Δ·R = 1 × 1 = 1 m_P
  Momentum: p = (0.658553, 0) m_P·c
  |p| = 0.658553 m_P·c
  Pre-normalization: ∫|Ψ|² = 92.6492
  Normalization factor: 9.62545
[DiracEvolution] Initialized Gaussian wavepacket at (64, 64) with σ=3.84
  Final norm: ||Ψ||² = 1
  Initial position: <r> = (64, 64)
✓ Boosted Gaussian initialized
[SMFTEngine] Boosted Dirac field initialized: center=(64,64), sigma=3.84, boost=(0.55,0)c, norm=1, <r>=(64,64)
[DiracEvolution] Initialized 128x128 4-component spinor field (particle, β=1)
[SMFT] Boosted Gaussian initialization:
  Position: (64, 64) grid units
  Width: σ = 3.84 grid units
  Velocity: v = (0.55, 0)c
  |v| = 0.55c
  Lorentz factor: γ = 1.19737
  Rest mass: m₀ = Δ·R = 1 × 1 = 1 m_P
  Momentum: p = (0.658553, 0) m_P·c
  |p| = 0.658553 m_P·c
  Pre-normalization: ∫|Ψ|² = 92.6492
  Normalization factor: 9.62545
[DiracEvolution] Initialized Gaussian wavepacket at (64, 64) with σ=3.84
  Final norm: ||Ψ||² = 1
  Initial position: <r> = (64, 64)
✓ Boosted Gaussian initialized
  Initial energy E0 = 0.415524
  Initial norm = 1
  Saved spatial snapshot at t = 0 (step 0)
  Step 0/10000 | R_avg = 0.983615 | norm = 1
  Step 100/10000 | R_avg = 0.983604 | norm = 0.999978
  Step 200/10000 | R_avg = 0.983604 | norm = 0.999954
  Step 300/10000 | R_avg = 0.983657 | norm = 0.999929
  Step 400/10000 | R_avg = 0.98363 | norm = 0.999904
  Step 500/10000 | R_avg = 0.983605 | norm = 0.999878
  Step 600/10000 | R_avg = 0.983632 | norm = 0.999851
  Step 700/10000 | R_avg = 0.983603 | norm = 0.999824
  Step 800/10000 | R_avg = 0.983595 | norm = 0.999796
  Step 900/10000 | R_avg = 0.983576 | norm = 0.999768
  Step 1000/10000 | R_avg = 0.98363 | norm = 0.99974
  Step 1100/10000 | R_avg = 0.983627 | norm = 0.999711
  Step 1200/10000 | R_avg = 0.983594 | norm = 0.999683
  Step 1300/10000 | R_avg = 0.983624 | norm = 0.999654
  Step 1400/10000 | R_avg = 0.983586 | norm = 0.999625
  Step 1500/10000 | R_avg = 0.983598 | norm = 0.999596
  Step 1600/10000 | R_avg = 0.98358 | norm = 0.999568
  Step 1700/10000 | R_avg = 0.983613 | norm = 0.999539
  Step 1800/10000 | R_avg = 0.983621 | norm = 0.99951
  Step 1900/10000 | R_avg = 0.983623 | norm = 0.999481
  Step 2000/10000 | R_avg = 0.98358 | norm = 0.999451
  Step 2100/10000 | R_avg = 0.983608 | norm = 0.999421
  Step 2200/10000 | R_avg = 0.983613 | norm = 0.99939
  Step 2300/10000 | R_avg = 0.983654 | norm = 0.99936
  Step 2400/10000 | R_avg = 0.983556 | norm = 0.999329
  Saved spatial snapshot at t = 25 (step 2500)
  Step 2500/10000 | R_avg = 0.983358 | norm = 0.999298
  Step 2600/10000 | R_avg = 0.983605 | norm = 0.999269
  Step 2700/10000 | R_avg = 0.983642 | norm = 0.99924
  Step 2800/10000 | R_avg = 0.983641 | norm = 0.999212
  Step 2900/10000 | R_avg = 0.983607 | norm = 0.999185
  Step 3000/10000 | R_avg = 0.983629 | norm = 0.999159
  Step 3100/10000 | R_avg = 0.983633 | norm = 0.999134
  Step 3200/10000 | R_avg = 0.983638 | norm = 0.99911
  Step 3300/10000 | R_avg = 0.983629 | norm = 0.999086
  Step 3400/10000 | R_avg = 0.983594 | norm = 0.999062
  Step 3500/10000 | R_avg = 0.98361 | norm = 0.999038
  Step 3600/10000 | R_avg = 0.983626 | norm = 0.999014
  Step 3700/10000 | R_avg = 0.983617 | norm = 0.998989
  Step 3800/10000 | R_avg = 0.983571 | norm = 0.998962
  Step 3900/10000 | R_avg = 0.983586 | norm = 0.998934
  Step 4000/10000 | R_avg = 0.98364 | norm = 0.998904
  Step 4100/10000 | R_avg = 0.983571 | norm = 0.998873
  Step 4200/10000 | R_avg = 0.983624 | norm = 0.99884
  Step 4300/10000 | R_avg = 0.983604 | norm = 0.998807
  Step 4400/10000 | R_avg = 0.983647 | norm = 0.998772
  Step 4500/10000 | R_avg = 0.983629 | norm = 0.998737
  Step 4600/10000 | R_avg = 0.983593 | norm = 0.998702
  Step 4700/10000 | R_avg = 0.983626 | norm = 0.998668
  Step 4800/10000 | R_avg = 0.983585 | norm = 0.998633
  Step 4900/10000 | R_avg = 0.983607 | norm = 0.998598
  Saved spatial snapshot at t = 50 (step 5000)
  Step 5000/10000 | R_avg = 0.983603 | norm = 0.998564
  Step 5100/10000 | R_avg = 0.983648 | norm = 0.998529
  Step 5200/10000 | R_avg = 0.983606 | norm = 0.998494
  Step 5300/10000 | R_avg = 0.983607 | norm = 0.998459
  Step 5400/10000 | R_avg = 0.983644 | norm = 0.998425
  Step 5500/10000 | R_avg = 0.983594 | norm = 0.99839
  Step 5600/10000 | R_avg = 0.983608 | norm = 0.998355
  Step 5700/10000 | R_avg = 0.983606 | norm = 0.998321
  Step 5800/10000 | R_avg = 0.983613 | norm = 0.998287
  Step 5900/10000 | R_avg = 0.9836 | norm = 0.998253
  Step 6000/10000 | R_avg = 0.983644 | norm = 0.998219
  Step 6100/10000 | R_avg = 0.983604 | norm = 0.998186
  Step 6200/10000 | R_avg = 0.983613 | norm = 0.998154
  Step 6300/10000 | R_avg = 0.983605 | norm = 0.998123
  Step 6400/10000 | R_avg = 0.983637 | norm = 0.998092
  Step 6500/10000 | R_avg = 0.983614 | norm = 0.998061
  Step 6600/10000 | R_avg = 0.983602 | norm = 0.998031
  Step 6700/10000 | R_avg = 0.983626 | norm = 0.998
  Step 6800/10000 | R_avg = 0.983614 | norm = 0.997969
  Step 6900/10000 | R_avg = 0.98359 | norm = 0.997937
  Step 7000/10000 | R_avg = 0.983624 | norm = 0.997905
  Step 7100/10000 | R_avg = 0.983642 | norm = 0.997872
  Step 7200/10000 | R_avg = 0.983595 | norm = 0.99784
  Step 7300/10000 | R_avg = 0.983634 | norm = 0.997807
  Step 7400/10000 | R_avg = 0.983621 | norm = 0.997773
  Saved spatial snapshot at t = 75 (step 7500)
  Step 7500/10000 | R_avg = 0.983607 | norm = 0.997739
  Step 7600/10000 | R_avg = 0.983621 | norm = 0.997706
  Step 7700/10000 | R_avg = 0.98364 | norm = 0.997672
  Step 7800/10000 | R_avg = 0.98359 | norm = 0.997638
  Step 7900/10000 | R_avg = 0.983606 | norm = 0.997605
  Step 8000/10000 | R_avg = 0.983618 | norm = 0.997571
  Step 8100/10000 | R_avg = 0.983597 | norm = 0.997538
  Step 8200/10000 | R_avg = 0.983642 | norm = 0.997504
  Step 8300/10000 | R_avg = 0.98333 | norm = 0.99747
  Step 8400/10000 | R_avg = 0.983643 | norm = 0.997436
  Step 8500/10000 | R_avg = 0.983608 | norm = 0.997402
  Step 8600/10000 | R_avg = 0.983595 | norm = 0.997368
  Step 8700/10000 | R_avg = 0.983623 | norm = 0.997334
  Step 8800/10000 | R_avg = 0.983634 | norm = 0.997301
  Step 8900/10000 | R_avg = 0.983616 | norm = 0.997268
  Step 9000/10000 | R_avg = 0.983602 | norm = 0.997236
  Step 9100/10000 | R_avg = 0.983603 | norm = 0.997205
  Step 9200/10000 | R_avg = 0.983623 | norm = 0.997174
  Step 9300/10000 | R_avg = 0.983585 | norm = 0.997144
  Step 9400/10000 | R_avg = 0.983644 | norm = 0.997115
  Step 9500/10000 | R_avg = 0.983589 | norm = 0.997087
  Step 9600/10000 | R_avg = 0.983617 | norm = 0.997059
  Step 9700/10000 | R_avg = 0.983609 | norm = 0.997032
  Step 9800/10000 | R_avg = 0.983626 | norm = 0.997005
  Step 9900/10000 | R_avg = 0.98358 | norm = 0.996977

===== Global Validation =====
✓ Global validation PASSED
  ✓ Probability Conservation: ||ψ||² = 0.996949 (drift: 0.30515% from initial 1) ✓ PASS
  ✓ Energy Conservation: E_total = 1.34686 (drift: 1.15097% from initial 1.33153) ✓ PASS
  ✓ Order Parameter Bounds: R ∈ [0, 0] ✓ PASS (within [0,1])
  ✓ Causality: v = |p|/E = 0.367342 (c = 1) ✓ PASS (v ≤ c)
  ✓ Numerical Stability: All fields finite ✓ PASS

===== Scenario 2.3: Relativistic Mass Validation =====
  Boost velocity: v = 0.55c
  Theoretical gamma: γ = 1.19737
✗ Scenario validation FAILED:
  ✓ 1. θ(x,y,t=0) shows vortex structure (W = ±1): Winding number W = 1 ✓ PASS (|W| ≈ 1)
  ✓ 3. R(x,y,t=0) shows core (R_min < 0.5): R_min = 0 ✓ PASS (< 0.5)
  ✗ 4. ψ(x,y,t=0) is Gaussian at offset position: Wavepacket variance = 6.55052e-07 ✗ FAIL (too uniform, not Gaussian)
  ✗ 5. ⟨p⟩(t=0) = γmv (within 5%): ⟨p⟩ = 0.601549 (expect 0.658553, error = 8.6559%) ✗ FAIL (exceeds 5% tolerance)
  ✗ 6. γ_measured(t=final) within 5% of theory: γ_measured = 1.2736 (γ_theory = 1.19737, error = 6.36678%) ✗ FAIL (exceeds 5% tolerance)
  Norm validation: max_error = 0.00305058 ✓ PASS
  Energy validation: max_drift = 0.015416 ✓ PASS
  Saved observables to /home/persist/neotec/0rigin/output/20251226_014246_scenario_2.4A_velocity_threshold_128x128_v0.6/N_10/observables.csv

--- Validating Convergence ---
✗ Convergence validation FAILED

========================================
Velocity: v=0.6c
========================================

Initializing engine for 128×128 grid, velocity v=0.6c...
[SMFTEngine] Resources cleanup delegated to component managers

[SMFTEngine] Physical Interpretation:
  Vacuum potential Δ = 1 (Planck mass in natural units)
  Synchronization field R(x) → Emergent spacetime metric
  Mass field m(x) = Δ·R(x) → Local energy density
  ∇R(x) → Gravitational field (not separate force)
  Grid: 128 x 128 oscillators

[SMFTEngine] Created GPU buffers for 128x128 grid
  Phase buffers: 65536 bytes each
  Spinor buffer: 524288 bytes
  Accumulator buffers: 65536 bytes each (operator splitting)
[SMFTEngine] Created compute pipelines
  ✓ Kuramoto pipeline
  ✓ Sync field pipeline
  ✓ Gravity field pipeline
  ✓ Stochastic Kuramoto pipeline
  ✓ Stochastic Dirac pipeline
  ✓ Accumulation pipeline (operator splitting)
Created experiment directory: /home/persist/neotec/0rigin/output/20251226_014427_scenario_2.4A_velocity_threshold_128x128_v0.6
[OutputManager] Created timestamped directory: /home/persist/neotec/0rigin/output/20251226_014427_scenario_2.4A_velocity_threshold_128x128_v0.6
[Logging] Console output for 128x128 v=0.6c writing to: /home/persist/neotec/0rigin/output/20251226_014427_scenario_2.4A_velocity_threshold_128x128_v0.6/console.log

--- Testing with N=10 ---
  Vortex initialization (grid-independent):
    Domain size: 100 ℓ_P
    Grid spacing: 0.78125 ℓ_P
    Core radius: 3 ℓ_P (3.84 grid points)
    Center: (50, 50) ℓ_P
    Winding number: W = 1
  Dirac initialization (grid-independent):
    Position: (50, 50) ℓ_P
    Width: 3 ℓ_P
    Grid coordinates: (64, 64) grid units
    Grid width: 3.84 grid units
  Using Dirac solver (spinor field) with boosted initialization
    Background R (expected): 1
[DiracEvolution] Initialized 128x128 4-component spinor field (particle, β=1)
[SMFT] Boosted Gaussian initialization:
  Position: (64, 64) grid units
  Width: σ = 3.84 grid units
  Velocity: v = (0.6, 0)c
  |v| = 0.6c
  Lorentz factor: γ = 1.25
  Rest mass: m₀ = Δ·R = 1 × 1 = 1 m_P
  Momentum: p = (0.75, 0) m_P·c
  |p| = 0.75 m_P·c
  Pre-normalization: ∫|Ψ|² = 92.6492
  Normalization factor: 9.62545
[DiracEvolution] Initialized Gaussian wavepacket at (64, 64) with σ=3.84
  Final norm: ||Ψ||² = 1
  Initial position: <r> = (64, 64)
✓ Boosted Gaussian initialized
[SMFTEngine] Boosted Dirac field initialized: center=(64,64), sigma=3.84, boost=(0.6,0)c, norm=1, <r>=(64,64)
[DiracEvolution] Initialized 128x128 4-component spinor field (particle, β=1)
[SMFT] Boosted Gaussian initialization:
  Position: (64, 64) grid units
  Width: σ = 3.84 grid units
  Velocity: v = (0.6, 0)c
  |v| = 0.6c
  Lorentz factor: γ = 1.25
  Rest mass: m₀ = Δ·R = 1 × 1 = 1 m_P
  Momentum: p = (0.75, 0) m_P·c
  |p| = 0.75 m_P·c
  Pre-normalization: ∫|Ψ|² = 92.6492
  Normalization factor: 9.62545
[DiracEvolution] Initialized Gaussian wavepacket at (64, 64) with σ=3.84
  Final norm: ||Ψ||² = 1
  Initial position: <r> = (64, 64)
✓ Boosted Gaussian initialized
  Initial energy E0 = 0.499735
  Initial norm = 1
  Saved spatial snapshot at t = 0 (step 0)
  Step 0/10000 | R_avg = 0.983642 | norm = 1
  Step 100/10000 | R_avg = 0.98362 | norm = 0.999978
  Step 200/10000 | R_avg = 0.983645 | norm = 0.999954
  Step 300/10000 | R_avg = 0.983628 | norm = 0.999929
  Step 400/10000 | R_avg = 0.983598 | norm = 0.999905
  Step 500/10000 | R_avg = 0.983597 | norm = 0.999879
  Step 600/10000 | R_avg = 0.983622 | norm = 0.999853
  Step 700/10000 | R_avg = 0.983596 | norm = 0.999826
  Step 800/10000 | R_avg = 0.983606 | norm = 0.999798
  Step 900/10000 | R_avg = 0.983593 | norm = 0.99977
  Step 1000/10000 | R_avg = 0.983609 | norm = 0.999742
  Step 1100/10000 | R_avg = 0.983593 | norm = 0.999714
  Step 1200/10000 | R_avg = 0.983631 | norm = 0.999685
  Step 1300/10000 | R_avg = 0.983639 | norm = 0.999657
  Step 1400/10000 | R_avg = 0.983588 | norm = 0.999628
  Step 1500/10000 | R_avg = 0.983613 | norm = 0.9996
  Step 1600/10000 | R_avg = 0.983619 | norm = 0.999572
  Step 1700/10000 | R_avg = 0.983625 | norm = 0.999544
  Step 1800/10000 | R_avg = 0.983604 | norm = 0.999516
  Step 1900/10000 | R_avg = 0.983638 | norm = 0.999487
  Step 2000/10000 | R_avg = 0.9836 | norm = 0.999457
  Step 2100/10000 | R_avg = 0.983638 | norm = 0.999428
  Step 2200/10000 | R_avg = 0.983611 | norm = 0.999397
  Step 2300/10000 | R_avg = 0.983593 | norm = 0.999367
  Step 2400/10000 | R_avg = 0.983649 | norm = 0.999336
  Saved spatial snapshot at t = 25 (step 2500)
  Step 2500/10000 | R_avg = 0.983603 | norm = 0.999306
  Step 2600/10000 | R_avg = 0.983612 | norm = 0.999277
  Step 2700/10000 | R_avg = 0.983635 | norm = 0.999249
  Step 2800/10000 | R_avg = 0.983613 | norm = 0.999221
  Step 2900/10000 | R_avg = 0.983572 | norm = 0.999194
  Step 3000/10000 | R_avg = 0.983625 | norm = 0.999169
  Step 3100/10000 | R_avg = 0.983609 | norm = 0.999145
  Step 3200/10000 | R_avg = 0.983635 | norm = 0.999121
  Step 3300/10000 | R_avg = 0.983656 | norm = 0.999098
  Step 3400/10000 | R_avg = 0.983582 | norm = 0.999075
  Step 3500/10000 | R_avg = 0.983631 | norm = 0.999052
  Step 3600/10000 | R_avg = 0.983622 | norm = 0.999028
  Step 3700/10000 | R_avg = 0.983596 | norm = 0.999003
  Step 3800/10000 | R_avg = 0.983652 | norm = 0.998977
  Step 3900/10000 | R_avg = 0.983597 | norm = 0.998949
  Step 4000/10000 | R_avg = 0.983607 | norm = 0.99892
  Step 4100/10000 | R_avg = 0.983614 | norm = 0.998889
  Step 4200/10000 | R_avg = 0.983645 | norm = 0.998856
  Step 4300/10000 | R_avg = 0.983635 | norm = 0.998823
  Step 4400/10000 | R_avg = 0.983563 | norm = 0.998788
  Step 4500/10000 | R_avg = 0.983631 | norm = 0.998754
  Step 4600/10000 | R_avg = 0.983609 | norm = 0.998719
  Step 4700/10000 | R_avg = 0.983617 | norm = 0.998684
  Step 4800/10000 | R_avg = 0.983642 | norm = 0.99865
  Step 4900/10000 | R_avg = 0.983594 | norm = 0.998616
  Saved spatial snapshot at t = 50 (step 5000)
  Step 5000/10000 | R_avg = 0.983646 | norm = 0.998582
  Step 5100/10000 | R_avg = 0.983573 | norm = 0.998547
  Step 5200/10000 | R_avg = 0.983594 | norm = 0.998512
  Step 5300/10000 | R_avg = 0.983612 | norm = 0.998478
  Step 5400/10000 | R_avg = 0.98366 | norm = 0.998443
  Step 5500/10000 | R_avg = 0.983618 | norm = 0.998409
  Step 5600/10000 | R_avg = 0.983636 | norm = 0.998374
  Step 5700/10000 | R_avg = 0.983655 | norm = 0.99834
  Step 5800/10000 | R_avg = 0.98363 | norm = 0.998306
  Step 5900/10000 | R_avg = 0.983626 | norm = 0.998272
  Step 6000/10000 | R_avg = 0.983587 | norm = 0.998239
  Step 6100/10000 | R_avg = 0.983604 | norm = 0.998207
  Step 6200/10000 | R_avg = 0.983613 | norm = 0.998175
  Step 6300/10000 | R_avg = 0.983633 | norm = 0.998144
  Step 6400/10000 | R_avg = 0.983614 | norm = 0.998113
  Step 6500/10000 | R_avg = 0.983645 | norm = 0.998083
  Step 6600/10000 | R_avg = 0.983619 | norm = 0.998053
  Step 6700/10000 | R_avg = 0.983612 | norm = 0.998022
  Step 6800/10000 | R_avg = 0.983623 | norm = 0.997991
  Step 6900/10000 | R_avg = 0.983623 | norm = 0.997959
  Step 7000/10000 | R_avg = 0.983647 | norm = 0.997927
  Step 7100/10000 | R_avg = 0.98361 | norm = 0.997894
  Step 7200/10000 | R_avg = 0.983606 | norm = 0.997861
  Step 7300/10000 | R_avg = 0.983664 | norm = 0.997828
  Step 7400/10000 | R_avg = 0.983599 | norm = 0.997794
  Saved spatial snapshot at t = 75 (step 7500)
  Step 7500/10000 | R_avg = 0.983591 | norm = 0.997761
  Step 7600/10000 | R_avg = 0.983645 | norm = 0.997727
  Step 7700/10000 | R_avg = 0.983621 | norm = 0.997693
  Step 7800/10000 | R_avg = 0.98364 | norm = 0.997659
  Step 7900/10000 | R_avg = 0.9836 | norm = 0.997625
  Step 8000/10000 | R_avg = 0.983606 | norm = 0.997592
  Step 8100/10000 | R_avg = 0.983594 | norm = 0.997558
  Step 8200/10000 | R_avg = 0.983602 | norm = 0.997525
  Step 8300/10000 | R_avg = 0.983609 | norm = 0.997491
  Step 8400/10000 | R_avg = 0.983596 | norm = 0.997457
  Step 8500/10000 | R_avg = 0.983638 | norm = 0.997423
  Step 8600/10000 | R_avg = 0.98363 | norm = 0.997389
  Step 8700/10000 | R_avg = 0.983591 | norm = 0.997355
  Step 8800/10000 | R_avg = 0.983632 | norm = 0.997321
  Step 8900/10000 | R_avg = 0.983645 | norm = 0.997289
  Step 9000/10000 | R_avg = 0.98359 | norm = 0.997256
  Step 9100/10000 | R_avg = 0.983602 | norm = 0.997225
  Step 9200/10000 | R_avg = 0.983604 | norm = 0.997195
  Step 9300/10000 | R_avg = 0.983591 | norm = 0.997166
  Step 9400/10000 | R_avg = 0.98358 | norm = 0.997137
  Step 9500/10000 | R_avg = 0.983659 | norm = 0.997109
  Step 9600/10000 | R_avg = 0.983621 | norm = 0.997082
  Step 9700/10000 | R_avg = 0.983667 | norm = 0.997055
  Step 9800/10000 | R_avg = 0.983599 | norm = 0.997029
  Step 9900/10000 | R_avg = 0.983642 | norm = 0.997002

===== Global Validation =====
✓ Global validation PASSED
  ✓ Probability Conservation: ||ψ||² = 0.996975 (drift: 0.30262% from initial 1) ✓ PASS
  ✓ Energy Conservation: E_total = 1.42675 (drift: 0.68137% from initial 1.41709) ✓ PASS
  ✓ Order Parameter Bounds: R ∈ [0, 0] ✓ PASS (within [0,1])
  ✓ Causality: v = |p|/E = 0.398347 (c = 1) ✓ PASS (v ≤ c)
  ✓ Numerical Stability: All fields finite ✓ PASS

===== Scenario 2.3: Relativistic Mass Validation =====
  Boost velocity: v = 0.6c
  Theoretical gamma: γ = 1.25
✗ Scenario validation FAILED:
  ✓ 1. θ(x,y,t=0) shows vortex structure (W = ±1): Winding number W = 1 ✓ PASS (|W| ≈ 1)
  ✓ 3. R(x,y,t=0) shows core (R_min < 0.5): R_min = 0 ✓ PASS (< 0.5)
  ✗ 4. ψ(x,y,t=0) is Gaussian at offset position: Wavepacket variance = 6.55052e-07 ✗ FAIL (too uniform, not Gaussian)
  ✗ 5. ⟨p⟩(t=0) = γmv (within 5%): ⟨p⟩ = 0.670054 (expect 0.75, error = 10.6595%) ✗ FAIL (exceeds 5% tolerance)
  ✗ 6. γ_measured(t=final) within 5% of theory: γ_measured = 1.33047 (γ_theory = 1.25, error = 6.43769%) ✗ FAIL (exceeds 5% tolerance)
  Norm validation: max_error = 0.00302524 ✓ PASS
  Energy validation: max_drift = 0.0101936 ✓ PASS
  Saved observables to /home/persist/neotec/0rigin/output/20251226_014427_scenario_2.4A_velocity_threshold_128x128_v0.6/N_10/observables.csv

--- Validating Convergence ---
✗ Convergence validation FAILED

========================================
Velocity: v=0.65c
========================================

Initializing engine for 128×128 grid, velocity v=0.65c...
[SMFTEngine] Resources cleanup delegated to component managers

[SMFTEngine] Physical Interpretation:
  Vacuum potential Δ = 1 (Planck mass in natural units)
  Synchronization field R(x) → Emergent spacetime metric
  Mass field m(x) = Δ·R(x) → Local energy density
  ∇R(x) → Gravitational field (not separate force)
  Grid: 128 x 128 oscillators

[SMFTEngine] Created GPU buffers for 128x128 grid
  Phase buffers: 65536 bytes each
  Spinor buffer: 524288 bytes
  Accumulator buffers: 65536 bytes each (operator splitting)
[SMFTEngine] Created compute pipelines
  ✓ Kuramoto pipeline
  ✓ Sync field pipeline
  ✓ Gravity field pipeline
  ✓ Stochastic Kuramoto pipeline
  ✓ Stochastic Dirac pipeline
  ✓ Accumulation pipeline (operator splitting)
Created experiment directory: /home/persist/neotec/0rigin/output/20251226_014609_scenario_2.4A_velocity_threshold_128x128_v0.6
[OutputManager] Created timestamped directory: /home/persist/neotec/0rigin/output/20251226_014609_scenario_2.4A_velocity_threshold_128x128_v0.6
[Logging] Console output for 128x128 v=0.65c writing to: /home/persist/neotec/0rigin/output/20251226_014609_scenario_2.4A_velocity_threshold_128x128_v0.6/console.log

--- Testing with N=10 ---
  Vortex initialization (grid-independent):
    Domain size: 100 ℓ_P
    Grid spacing: 0.78125 ℓ_P
    Core radius: 3 ℓ_P (3.84 grid points)
    Center: (50, 50) ℓ_P
    Winding number: W = 1
  Dirac initialization (grid-independent):
    Position: (50, 50) ℓ_P
    Width: 3 ℓ_P
    Grid coordinates: (64, 64) grid units
    Grid width: 3.84 grid units
  Using Dirac solver (spinor field) with boosted initialization
    Background R (expected): 1
[DiracEvolution] Initialized 128x128 4-component spinor field (particle, β=1)
[SMFT] Boosted Gaussian initialization:
  Position: (64, 64) grid units
  Width: σ = 3.84 grid units
  Velocity: v = (0.65, 0)c
  |v| = 0.65c
  Lorentz factor: γ = 1.3159
  Rest mass: m₀ = Δ·R = 1 × 1 = 1 m_P
  Momentum: p = (0.855337, 0) m_P·c
  |p| = 0.855337 m_P·c
  Pre-normalization: ∫|Ψ|² = 92.6492
  Normalization factor: 9.62545
[DiracEvolution] Initialized Gaussian wavepacket at (64, 64) with σ=3.84
  Final norm: ||Ψ||² = 1
  Initial position: <r> = (64, 64)
✓ Boosted Gaussian initialized
[SMFTEngine] Boosted Dirac field initialized: center=(64,64), sigma=3.84, boost=(0.65,0)c, norm=1, <r>=(64,64)
[DiracEvolution] Initialized 128x128 4-component spinor field (particle, β=1)
[SMFT] Boosted Gaussian initialization:
  Position: (64, 64) grid units
  Width: σ = 3.84 grid units
  Velocity: v = (0.65, 0)c
  |v| = 0.65c
  Lorentz factor: γ = 1.3159
  Rest mass: m₀ = Δ·R = 1 × 1 = 1 m_P
  Momentum: p = (0.855337, 0) m_P·c
  |p| = 0.855337 m_P·c
  Pre-normalization: ∫|Ψ|² = 92.6492
  Normalization factor: 9.62545
[DiracEvolution] Initialized Gaussian wavepacket at (64, 64) with σ=3.84
  Final norm: ||Ψ||² = 1
  Initial position: <r> = (64, 64)
✓ Boosted Gaussian initialized
  Initial energy E0 = 0.597925
  Initial norm = 1
  Saved spatial snapshot at t = 0 (step 0)
  Step 0/10000 | R_avg = 0.98363 | norm = 1
  Step 100/10000 | R_avg = 0.983634 | norm = 0.999978
  Step 200/10000 | R_avg = 0.983615 | norm = 0.999954
  Step 300/10000 | R_avg = 0.98361 | norm = 0.99993
  Step 400/10000 | R_avg = 0.983594 | norm = 0.999905
  Step 500/10000 | R_avg = 0.983631 | norm = 0.999879
  Step 600/10000 | R_avg = 0.983615 | norm = 0.999853
  Step 700/10000 | R_avg = 0.983625 | norm = 0.999826
  Step 800/10000 | R_avg = 0.983619 | norm = 0.999799
  Step 900/10000 | R_avg = 0.983618 | norm = 0.999771
  Step 1000/10000 | R_avg = 0.983597 | norm = 0.999743
  Step 1100/10000 | R_avg = 0.983664 | norm = 0.999714
  Step 1200/10000 | R_avg = 0.983627 | norm = 0.999686
  Step 1300/10000 | R_avg = 0.983628 | norm = 0.999657
  Step 1400/10000 | R_avg = 0.983655 | norm = 0.999629
  Step 1500/10000 | R_avg = 0.983566 | norm = 0.999601
  Step 1600/10000 | R_avg = 0.983627 | norm = 0.999574
  Step 1700/10000 | R_avg = 0.983639 | norm = 0.999546
  Step 1800/10000 | R_avg = 0.983635 | norm = 0.999518
  Step 1900/10000 | R_avg = 0.983605 | norm = 0.99949
  Step 2000/10000 | R_avg = 0.983628 | norm = 0.999461
  Step 2100/10000 | R_avg = 0.983651 | norm = 0.999431
  Step 2200/10000 | R_avg = 0.983601 | norm = 0.999401
  Step 2300/10000 | R_avg = 0.983622 | norm = 0.99937
  Step 2400/10000 | R_avg = 0.983606 | norm = 0.999341
  Saved spatial snapshot at t = 25 (step 2500)
  Step 2500/10000 | R_avg = 0.983588 | norm = 0.999311
  Step 2600/10000 | R_avg = 0.983587 | norm = 0.999282
  Step 2700/10000 | R_avg = 0.983591 | norm = 0.999253
  Step 2800/10000 | R_avg = 0.983645 | norm = 0.999226
  Step 2900/10000 | R_avg = 0.983613 | norm = 0.9992
  Step 3000/10000 | R_avg = 0.983641 | norm = 0.999175
  Step 3100/10000 | R_avg = 0.983611 | norm = 0.999151
  Step 3200/10000 | R_avg = 0.983616 | norm = 0.999128
  Step 3300/10000 | R_avg = 0.983609 | norm = 0.999106
  Step 3400/10000 | R_avg = 0.983617 | norm = 0.999083
  Step 3500/10000 | R_avg = 0.983631 | norm = 0.99906
  Step 3600/10000 | R_avg = 0.983636 | norm = 0.999037
  Step 3700/10000 | R_avg = 0.983606 | norm = 0.999012
  Step 3800/10000 | R_avg = 0.983621 | norm = 0.998986
  Step 3900/10000 | R_avg = 0.983623 | norm = 0.998958
  Step 4000/10000 | R_avg = 0.983623 | norm = 0.998929
  Step 4100/10000 | R_avg = 0.983637 | norm = 0.998897
  Step 4200/10000 | R_avg = 0.983663 | norm = 0.998865
  Step 4300/10000 | R_avg = 0.983592 | norm = 0.998831
  Step 4400/10000 | R_avg = 0.983616 | norm = 0.998797
  Step 4500/10000 | R_avg = 0.983615 | norm = 0.998763
  Step 4600/10000 | R_avg = 0.983654 | norm = 0.998728
  Step 4700/10000 | R_avg = 0.983613 | norm = 0.998694
  Step 4800/10000 | R_avg = 0.983624 | norm = 0.998659
  Step 4900/10000 | R_avg = 0.983621 | norm = 0.998626
  Saved spatial snapshot at t = 50 (step 5000)
  Step 5000/10000 | R_avg = 0.983585 | norm = 0.998591
  Step 5100/10000 | R_avg = 0.983638 | norm = 0.998557
  Step 5200/10000 | R_avg = 0.983618 | norm = 0.998523
  Step 5300/10000 | R_avg = 0.983616 | norm = 0.998488
  Step 5400/10000 | R_avg = 0.983621 | norm = 0.998454
  Step 5500/10000 | R_avg = 0.983596 | norm = 0.99842
  Step 5600/10000 | R_avg = 0.983588 | norm = 0.998385
  Step 5700/10000 | R_avg = 0.983612 | norm = 0.998351
  Step 5800/10000 | R_avg = 0.983591 | norm = 0.998317
  Step 5900/10000 | R_avg = 0.983636 | norm = 0.998283
  Step 6000/10000 | R_avg = 0.983641 | norm = 0.99825
  Step 6100/10000 | R_avg = 0.983619 | norm = 0.998218
  Step 6200/10000 | R_avg = 0.983565 | norm = 0.998186
  Step 6300/10000 | R_avg = 0.983641 | norm = 0.998156
  Step 6400/10000 | R_avg = 0.983625 | norm = 0.998125
  Step 6500/10000 | R_avg = 0.983624 | norm = 0.998095
  Step 6600/10000 | R_avg = 0.983349 | norm = 0.998065
  Step 6700/10000 | R_avg = 0.983583 | norm = 0.998034
  Step 6800/10000 | R_avg = 0.983612 | norm = 0.998003
  Step 6900/10000 | R_avg = 0.983607 | norm = 0.997971
  Step 7000/10000 | R_avg = 0.983601 | norm = 0.997938
  Step 7100/10000 | R_avg = 0.983618 | norm = 0.997905
  Step 7200/10000 | R_avg = 0.983602 | norm = 0.997872
  Step 7300/10000 | R_avg = 0.983649 | norm = 0.997839
  Step 7400/10000 | R_avg = 0.98362 | norm = 0.997805
  Saved spatial snapshot at t = 75 (step 7500)
  Step 7500/10000 | R_avg = 0.983624 | norm = 0.997771
  Step 7600/10000 | R_avg = 0.98363 | norm = 0.997737
  Step 7700/10000 | R_avg = 0.983607 | norm = 0.997703
  Step 7800/10000 | R_avg = 0.983613 | norm = 0.997669
  Step 7900/10000 | R_avg = 0.983579 | norm = 0.997636
  Step 8000/10000 | R_avg = 0.983632 | norm = 0.997602
  Step 8100/10000 | R_avg = 0.983658 | norm = 0.997568
  Step 8200/10000 | R_avg = 0.983609 | norm = 0.997535
  Step 8300/10000 | R_avg = 0.983599 | norm = 0.9975
  Step 8400/10000 | R_avg = 0.983614 | norm = 0.997466
  Step 8500/10000 | R_avg = 0.983612 | norm = 0.997432
  Step 8600/10000 | R_avg = 0.983633 | norm = 0.997398
  Step 8700/10000 | R_avg = 0.983616 | norm = 0.997364
  Step 8800/10000 | R_avg = 0.983625 | norm = 0.997331
  Step 8900/10000 | R_avg = 0.983616 | norm = 0.997298
  Step 9000/10000 | R_avg = 0.983596 | norm = 0.997266
  Step 9100/10000 | R_avg = 0.983622 | norm = 0.997236
  Step 9200/10000 | R_avg = 0.983608 | norm = 0.997206
  Step 9300/10000 | R_avg = 0.983606 | norm = 0.997177
  Step 9400/10000 | R_avg = 0.983575 | norm = 0.997149
  Step 9500/10000 | R_avg = 0.983593 | norm = 0.997122
  Step 9600/10000 | R_avg = 0.983669 | norm = 0.997096
  Step 9700/10000 | R_avg = 0.983592 | norm = 0.99707
  Step 9800/10000 | R_avg = 0.983613 | norm = 0.997044
  Step 9900/10000 | R_avg = 0.983604 | norm = 0.997017

===== Global Validation =====
✓ Global validation PASSED
  ✓ Probability Conservation: ||ψ||² = 0.996991 (drift: 0.300993% from initial 1) ✓ PASS
  ✓ Energy Conservation: E_total = 1.5228 (drift: 0.496165% from initial 1.51528) ✓ PASS
  ✓ Order Parameter Bounds: R ∈ [0, 0] ✓ PASS (within [0,1])
  ✓ Causality: v = |p|/E = 0.424596 (c = 1) ✓ PASS (v ≤ c)
  ✓ Numerical Stability: All fields finite ✓ PASS

===== Scenario 2.3: Relativistic Mass Validation =====
  Boost velocity: v = 0.65c
  Theoretical gamma: γ = 1.3159
✗ Scenario validation FAILED:
  ✓ 1. θ(x,y,t=0) shows vortex structure (W = ±1): Winding number W = 1 ✓ PASS (|W| ≈ 1)
  ✓ 3. R(x,y,t=0) shows core (R_min < 0.5): R_min = 0 ✓ PASS (< 0.5)
  ✗ 4. ψ(x,y,t=0) is Gaussian at offset position: Wavepacket variance = 6.55052e-07 ✗ FAIL (too uniform, not Gaussian)
  ✗ 5. ⟨p⟩(t=0) = γmv (within 5%): ⟨p⟩ = 0.74199 (expect 0.855337, error = 13.2517%) ✗ FAIL (exceeds 5% tolerance)
  ✗ 6. γ_measured(t=final) within 5% of theory: γ_measured = 1.40166 (γ_theory = 1.3159, error = 6.517%) ✗ FAIL (exceeds 5% tolerance)
  Norm validation: max_error = 0.00300905 ✓ PASS
  Energy validation: max_drift = 0.0131858 ✓ PASS
  Saved observables to /home/persist/neotec/0rigin/output/20251226_014609_scenario_2.4A_velocity_threshold_128x128_v0.6/N_10/observables.csv

--- Validating Convergence ---
✗ Convergence validation FAILED

========================================
Velocity: v=0.7c
========================================

Initializing engine for 128×128 grid, velocity v=0.7c...
[SMFTEngine] Resources cleanup delegated to component managers

[SMFTEngine] Physical Interpretation:
  Vacuum potential Δ = 1 (Planck mass in natural units)
  Synchronization field R(x) → Emergent spacetime metric
  Mass field m(x) = Δ·R(x) → Local energy density
  ∇R(x) → Gravitational field (not separate force)
  Grid: 128 x 128 oscillators

[SMFTEngine] Created GPU buffers for 128x128 grid
  Phase buffers: 65536 bytes each
  Spinor buffer: 524288 bytes
  Accumulator buffers: 65536 bytes each (operator splitting)
[SMFTEngine] Created compute pipelines
  ✓ Kuramoto pipeline
  ✓ Sync field pipeline
  ✓ Gravity field pipeline
  ✓ Stochastic Kuramoto pipeline
  ✓ Stochastic Dirac pipeline
  ✓ Accumulation pipeline (operator splitting)
Created experiment directory: /home/persist/neotec/0rigin/output/20251226_014752_scenario_2.4A_velocity_threshold_128x128_v0.7
[OutputManager] Created timestamped directory: /home/persist/neotec/0rigin/output/20251226_014752_scenario_2.4A_velocity_threshold_128x128_v0.7
[Logging] Console output for 128x128 v=0.7c writing to: /home/persist/neotec/0rigin/output/20251226_014752_scenario_2.4A_velocity_threshold_128x128_v0.7/console.log

--- Testing with N=10 ---
  Vortex initialization (grid-independent):
    Domain size: 100 ℓ_P
    Grid spacing: 0.78125 ℓ_P
    Core radius: 3 ℓ_P (3.84 grid points)
    Center: (50, 50) ℓ_P
    Winding number: W = 1
  Dirac initialization (grid-independent):
    Position: (50, 50) ℓ_P
    Width: 3 ℓ_P
    Grid coordinates: (64, 64) grid units
    Grid width: 3.84 grid units
  Using Dirac solver (spinor field) with boosted initialization
    Background R (expected): 1
[DiracEvolution] Initialized 128x128 4-component spinor field (particle, β=1)
[SMFT] Boosted Gaussian initialization:
  Position: (64, 64) grid units
  Width: σ = 3.84 grid units
  Velocity: v = (0.7, 0)c
  |v| = 0.7c
  Lorentz factor: γ = 1.40028
  Rest mass: m₀ = Δ·R = 1 × 1 = 1 m_P
  Momentum: p = (0.980196, 0) m_P·c
  |p| = 0.980196 m_P·c
  Pre-normalization: ∫|Ψ|² = 92.6492
  Normalization factor: 9.62545
[DiracEvolution] Initialized Gaussian wavepacket at (64, 64) with σ=3.84
  Final norm: ||Ψ||² = 1
  Initial position: <r> = (64, 64)
✓ Boosted Gaussian initialized
[SMFTEngine] Boosted Dirac field initialized: center=(64,64), sigma=3.84, boost=(0.7,0)c, norm=1, <r>=(64,64)
[DiracEvolution] Initialized 128x128 4-component spinor field (particle, β=1)
[SMFT] Boosted Gaussian initialization:
  Position: (64, 64) grid units
  Width: σ = 3.84 grid units
  Velocity: v = (0.7, 0)c
  |v| = 0.7c
  Lorentz factor: γ = 1.40028
  Rest mass: m₀ = Δ·R = 1 × 1 = 1 m_P
  Momentum: p = (0.980196, 0) m_P·c
  |p| = 0.980196 m_P·c
  Pre-normalization: ∫|Ψ|² = 92.6492
  Normalization factor: 9.62545
[DiracEvolution] Initialized Gaussian wavepacket at (64, 64) with σ=3.84
  Final norm: ||Ψ||² = 1
  Initial position: <r> = (64, 64)
✓ Boosted Gaussian initialized
  Initial energy E0 = 0.71024
  Initial norm = 1
  Saved spatial snapshot at t = 0 (step 0)
  Step 0/10000 | R_avg = 0.983604 | norm = 1
  Step 100/10000 | R_avg = 0.9836 | norm = 0.999978
  Step 200/10000 | R_avg = 0.98362 | norm = 0.999954
  Step 300/10000 | R_avg = 0.98365 | norm = 0.99993
  Step 400/10000 | R_avg = 0.983598 | norm = 0.999905
  Step 500/10000 | R_avg = 0.983636 | norm = 0.999879
  Step 600/10000 | R_avg = 0.983583 | norm = 0.999853
  Step 700/10000 | R_avg = 0.983637 | norm = 0.999826
  Step 800/10000 | R_avg = 0.983627 | norm = 0.999798
  Step 900/10000 | R_avg = 0.983638 | norm = 0.99977
  Step 1000/10000 | R_avg = 0.983617 | norm = 0.999742
  Step 1100/10000 | R_avg = 0.983592 | norm = 0.999714
  Step 1200/10000 | R_avg = 0.983611 | norm = 0.999686
  Step 1300/10000 | R_avg = 0.983622 | norm = 0.999657
  Step 1400/10000 | R_avg = 0.983609 | norm = 0.99963
  Step 1500/10000 | R_avg = 0.983624 | norm = 0.999602
  Step 1600/10000 | R_avg = 0.98363 | norm = 0.999574
  Step 1700/10000 | R_avg = 0.983623 | norm = 0.999546
  Step 1800/10000 | R_avg = 0.983614 | norm = 0.999518
  Step 1900/10000 | R_avg = 0.98364 | norm = 0.99949
  Step 2000/10000 | R_avg = 0.983614 | norm = 0.999461
  Step 2100/10000 | R_avg = 0.983632 | norm = 0.999432
  Step 2200/10000 | R_avg = 0.983629 | norm = 0.999402
  Step 2300/10000 | R_avg = 0.983636 | norm = 0.999372
  Step 2400/10000 | R_avg = 0.983615 | norm = 0.999342
  Saved spatial snapshot at t = 25 (step 2500)
  Step 2500/10000 | R_avg = 0.983629 | norm = 0.999312
  Step 2600/10000 | R_avg = 0.983603 | norm = 0.999284
  Step 2700/10000 | R_avg = 0.98358 | norm = 0.999255
  Step 2800/10000 | R_avg = 0.983619 | norm = 0.999228
  Step 2900/10000 | R_avg = 0.983641 | norm = 0.999202
  Step 3000/10000 | R_avg = 0.983645 | norm = 0.999177
  Step 3100/10000 | R_avg = 0.983637 | norm = 0.999154
  Step 3200/10000 | R_avg = 0.983612 | norm = 0.999131
  Step 3300/10000 | R_avg = 0.983616 | norm = 0.999109
  Step 3400/10000 | R_avg = 0.983624 | norm = 0.999087
  Step 3500/10000 | R_avg = 0.983602 | norm = 0.999064
  Step 3600/10000 | R_avg = 0.983602 | norm = 0.999041
  Step 3700/10000 | R_avg = 0.983602 | norm = 0.999016
  Step 3800/10000 | R_avg = 0.983621 | norm = 0.99899
  Step 3900/10000 | R_avg = 0.983641 | norm = 0.998962
  Step 4000/10000 | R_avg = 0.983633 | norm = 0.998932
  Step 4100/10000 | R_avg = 0.983605 | norm = 0.998901
  Step 4200/10000 | R_avg = 0.98362 | norm = 0.998869
  Step 4300/10000 | R_avg = 0.983619 | norm = 0.998835
  Step 4400/10000 | R_avg = 0.983623 | norm = 0.998801
  Step 4500/10000 | R_avg = 0.983643 | norm = 0.998767
  Step 4600/10000 | R_avg = 0.983613 | norm = 0.998732
  Step 4700/10000 | R_avg = 0.983631 | norm = 0.998698
  Step 4800/10000 | R_avg = 0.98361 | norm = 0.998664
  Step 4900/10000 | R_avg = 0.983632 | norm = 0.99863
  Saved spatial snapshot at t = 50 (step 5000)
  Step 5000/10000 | R_avg = 0.983589 | norm = 0.998596
  Step 5100/10000 | R_avg = 0.983609 | norm = 0.998562
  Step 5200/10000 | R_avg = 0.983639 | norm = 0.998527
  Step 5300/10000 | R_avg = 0.983598 | norm = 0.998493
  Step 5400/10000 | R_avg = 0.983647 | norm = 0.998458
  Step 5500/10000 | R_avg = 0.983663 | norm = 0.998424
  Step 5600/10000 | R_avg = 0.98364 | norm = 0.998389
  Step 5700/10000 | R_avg = 0.983653 | norm = 0.998355
  Step 5800/10000 | R_avg = 0.983625 | norm = 0.998321
  Step 5900/10000 | R_avg = 0.98365 | norm = 0.998288
  Step 6000/10000 | R_avg = 0.983617 | norm = 0.998255
  Step 6100/10000 | R_avg = 0.983602 | norm = 0.998223
  Step 6200/10000 | R_avg = 0.983269 | norm = 0.998192
  Step 6300/10000 | R_avg = 0.983612 | norm = 0.998161
  Step 6400/10000 | R_avg = 0.983616 | norm = 0.998131
  Step 6500/10000 | R_avg = 0.983616 | norm = 0.998101
  Step 6600/10000 | R_avg = 0.983621 | norm = 0.998071
  Step 6700/10000 | R_avg = 0.983618 | norm = 0.99804
  Step 6800/10000 | R_avg = 0.983627 | norm = 0.998009
  Step 6900/10000 | R_avg = 0.983637 | norm = 0.997976
  Step 7000/10000 | R_avg = 0.983602 | norm = 0.997944
  Step 7100/10000 | R_avg = 0.983656 | norm = 0.99791
  Step 7200/10000 | R_avg = 0.983597 | norm = 0.997877
  Step 7300/10000 | R_avg = 0.983632 | norm = 0.997843
  Step 7400/10000 | R_avg = 0.983601 | norm = 0.997809
  Saved spatial snapshot at t = 75 (step 7500)
  Step 7500/10000 | R_avg = 0.983634 | norm = 0.997775
  Step 7600/10000 | R_avg = 0.983627 | norm = 0.997741
  Step 7700/10000 | R_avg = 0.983638 | norm = 0.997706
  Step 7800/10000 | R_avg = 0.983611 | norm = 0.997672
  Step 7900/10000 | R_avg = 0.983591 | norm = 0.997638
  Step 8000/10000 | R_avg = 0.983621 | norm = 0.997604
  Step 8100/10000 | R_avg = 0.983615 | norm = 0.99757
  Step 8200/10000 | R_avg = 0.983635 | norm = 0.997536
  Step 8300/10000 | R_avg = 0.983608 | norm = 0.997502
  Step 8400/10000 | R_avg = 0.983608 | norm = 0.997467
  Step 8500/10000 | R_avg = 0.983619 | norm = 0.997432
  Step 8600/10000 | R_avg = 0.983618 | norm = 0.997397
  Step 8700/10000 | R_avg = 0.98364 | norm = 0.997363
  Step 8800/10000 | R_avg = 0.983626 | norm = 0.99733
  Step 8900/10000 | R_avg = 0.98362 | norm = 0.997297
  Step 9000/10000 | R_avg = 0.983594 | norm = 0.997266
  Step 9100/10000 | R_avg = 0.98361 | norm = 0.997235
  Step 9200/10000 | R_avg = 0.983645 | norm = 0.997206
  Step 9300/10000 | R_avg = 0.983618 | norm = 0.997177
  Step 9400/10000 | R_avg = 0.983611 | norm = 0.99715
  Step 9500/10000 | R_avg = 0.983628 | norm = 0.997123
  Step 9600/10000 | R_avg = 0.983597 | norm = 0.997097
  Step 9700/10000 | R_avg = 0.983637 | norm = 0.997071
  Step 9800/10000 | R_avg = 0.983595 | norm = 0.997046
  Step 9900/10000 | R_avg = 0.983584 | norm = 0.997019

===== Global Validation =====
✓ Global validation PASSED
  ✓ Probability Conservation: ||ψ||² = 0.996993 (drift: 0.300818% from initial 1) ✓ PASS
  ✓ Energy Conservation: E_total = 1.63739 (drift: 0.638695% from initial 1.627) ✓ PASS
  ✓ Order Parameter Bounds: R ∈ [0, 0] ✓ PASS (within [0,1])
  ✓ Causality: v = |p|/E = 0.445643 (c = 1) ✓ PASS (v ≤ c)
  ✓ Numerical Stability: All fields finite ✓ PASS

===== Scenario 2.3: Relativistic Mass Validation =====
  Boost velocity: v = 0.7c
  Theoretical gamma: γ = 1.40028
✗ Scenario validation FAILED:
  ✓ 1. θ(x,y,t=0) shows vortex structure (W = ±1): Winding number W = 1 ✓ PASS (|W| ≈ 1)
  ✓ 3. R(x,y,t=0) shows core (R_min < 0.5): R_min = 0 ✓ PASS (< 0.5)
  ✗ 4. ψ(x,y,t=0) is Gaussian at offset position: Wavepacket variance = 6.55052e-07 ✗ FAIL (too uniform, not Gaussian)
  ✗ 5. ⟨p⟩(t=0) = γmv (within 5%): ⟨p⟩ = 0.816547 (expect 0.980196, error = 16.6955%) ✗ FAIL (exceeds 5% tolerance)
  ✗ 6. γ_measured(t=final) within 5% of theory: γ_measured = 1.49021 (γ_theory = 1.40028, error = 6.42236%) ✗ FAIL (exceeds 5% tolerance)
  Norm validation: max_error = 0.00300724 ✓ PASS
  Energy validation: max_drift = 0.0212676 ✓ PASS
  Saved observables to /home/persist/neotec/0rigin/output/20251226_014752_scenario_2.4A_velocity_threshold_128x128_v0.7/N_10/observables.csv

--- Validating Convergence ---
✗ Convergence validation FAILED

===== Velocity Sweep Aggregate Analysis =====

Analyzing velocity sweep results...
Grid size: 128×128
Velocities tested: 8

=== Relativistic Gamma Comparison ===
Velocity | γ_theory | γ_measured | Error (%) | Status
---------|----------|------------|-----------|-------
0.35c    | 1.0675   | 1.0675     |  0.00%    | PASS
0.40c    | 1.0911   | 1.1386     |  4.35%    | PASS
0.45c    | 1.1198   | 1.1624     |  3.81%    | PASS
0.50c    | 1.1547   | 1.1920     |  3.23%    | PASS
0.55c    | 1.1974   | 1.2283     |  2.59%    | PASS
0.60c    | 1.2500   | 1.2736     |  1.89%    | PASS
0.65c    | 1.3159   | 1.3305     |  1.11%    | PASS
0.70c    | 1.4003   | 1.4017     |  0.10%    | PASS

=== Critical Velocity Analysis ===
v_critical ≈ 0.700c (interpolated threshold where γ error exceeds 5%)
✓ Critical velocity is within expected range (0.3c - 0.7c)

✓ Velocity sweep report saved to: /home/persist/neotec/0rigin/output/20251226_014752_scenario_2.4A_velocity_threshold_128x128_AGGREGATE/velocity_sweep_analysis.txt

[3/3] Generating report...

✓ Report saved to /home/persist/neotec/0rigin/output/20251226_014752_scenario_2.4A_velocity_threshold_128x128_v0.7/test_report.txt

===== Test Summary =====
✗ TESTS FAILED

Some validation criteria not met.
Check test report for details.
[SMFTEngine] Resources cleanup delegated to component managers
[DEBUG NovaCore destructor] Entry - using ResourceRegistry for cleanup
[DEBUG NovaCore destructor] Flushing legacy deletion queue
[DEBUG NovaCore destructor] Cleaning up 3 registered resources
[DEBUG NovaCore destructor] Blanking context
[DEBUG NovaCore destructor] Complete
