
===== SMFT Test Mode =====
Configuration: config/scenario_2.5A_klein_gordon_comparison.yaml

[1/3] Initializing...

===== Test Configuration: scenario_2.5A_klein_gordon_comparison =====
Description: Klein-Gordon vs Dirac comparison at high velocities (Phase 2.5A)

[Grid]
  size: 128 x 128

[Physics]
  solver_type: klein_gordon
  delta: 1
  coupling: 0.1
  dt: 0.01
  total_steps: 5000
  K (Kuramoto): 1
  damping: 0.1
  noise_strength: 0

[Initial Conditions - Dirac]
  type: boosted_gaussian
  center: (32, 32)
  sigma: 3
  amplitude: 1

[Initial Conditions - Kuramoto]
  phase_distribution: uniform
  omega_distribution: zero
  omega_mean: 0
  omega_std: 0.1

[Operator Splitting]
  enabled: yes
  substep_ratios: [10]

[Validation]
  norm_tolerance: 0.005
  energy_tolerance: 0.01
  convergence_tolerance: 0.05

[Output]
  directory: output/scenario_2.5A_klein_gordon
  save_every: 50 steps
  formats: [csv]
========================================

 [INFO]: Nova - Instantiating ..
Logger - Debug Level set to error ..
[SMFTEngine] Physical Interpretation:
  Vacuum potential Δ = 1 (Planck mass in natural units)
  Synchronization field R(x) → Emergent spacetime metric
  Mass field m(x) = Δ·R(x) → Local energy density
  ∇R(x) → Gravitational field (not separate force)
  Grid: 128 x 128 oscillators

[SMFTEngine] Created GPU buffers for 128x128 grid
  Phase buffers: 65536 bytes each
  Spinor buffer: 524288 bytes
  Accumulator buffers: 65536 bytes each (operator splitting)
[SMFTEngine] Created compute pipelines
  ✓ Kuramoto pipeline
  ✓ Sync field pipeline
  ✓ Gravity field pipeline
  ✓ Stochastic Kuramoto pipeline
  ✓ Stochastic Dirac pipeline
  ✓ Accumulation pipeline (operator splitting)
Created experiment directory: /home/persist/neotec/0rigin/output/20251226_013346_scenario_2.5A_klein_gordon_comparison_v0.7
[OutputManager] Created timestamped directory: /home/persist/neotec/0rigin/output/20251226_013346_scenario_2.5A_klein_gordon_comparison_v0.7
✓ SMFTTestRunner initialized successfully

[2/3] Running tests...

===== Running Tests =====

Initializing engine for 128×128 grid...
[SMFTEngine] Resources cleanup delegated to component managers

[SMFTEngine] Physical Interpretation:
  Vacuum potential Δ = 1 (Planck mass in natural units)
  Synchronization field R(x) → Emergent spacetime metric
  Mass field m(x) = Δ·R(x) → Local energy density
  ∇R(x) → Gravitational field (not separate force)
  Grid: 128 x 128 oscillators

[SMFTEngine] Created GPU buffers for 128x128 grid
  Phase buffers: 65536 bytes each
  Spinor buffer: 524288 bytes
  Accumulator buffers: 65536 bytes each (operator splitting)
[SMFTEngine] Created compute pipelines
  ✓ Kuramoto pipeline
  ✓ Sync field pipeline
  ✓ Gravity field pipeline
  ✓ Stochastic Kuramoto pipeline
  ✓ Stochastic Dirac pipeline
  ✓ Accumulation pipeline (operator splitting)
[Logging] Console output for 128x128 writing to: /home/persist/neotec/0rigin/output/20251226_013346_scenario_2.5A_klein_gordon_comparison_v0.7/console.log

--- Testing with N=10 ---
  Dirac initialization (grid-independent):
    Position: (50, 50) ℓ_P
    Width: 3 ℓ_P
    Grid coordinates: (64, 64) grid units
    Grid width: 3.84 grid units
  Using Klein-Gordon solver (scalar field) with boosted initialization
    Background R (expected): 1
[KleinGordonEvolution] Initialized 128x128 scalar field
[SMFT] Boosted Gaussian initialization (Klein-Gordon):
  Position: (64, 64) grid units
  Width: σ = 3.84 grid units
  Velocity: v = (0.7, 0)c
  |v| = 0.7c
  Lorentz factor: γ = 1.40028
  Rest mass: m₀ = Δ·R = 1 × 1 = 1 m_P
  Momentum: p = (0.980196, 0) m_P·c
  |p| = 0.980196 m_P·c
  Energy: ω = 1.40028 m_P·c²
[KleinGordonEvolution] Initialized Gaussian wavepacket at (64, 64) with σ=3.84
  Final norm: ||φ||² = 1
  Initial position: <r> = (64, 64)
✓ Boosted Gaussian initialized (Klein-Gordon)
[SMFTEngine] Boosted Klein-Gordon field initialized: center=(64,64), sigma=3.84, boost=(0.7,0)c, norm=1, <r>=(64,64)
[DiracEvolution] Initialized 128x128 4-component spinor field (particle, β=1)
  Initial energy E0 = 2.67103
  Initial norm = 1
[stepWithDirac] Strang splitting enabled:
  substep_ratio=10
  substep_dt=0.001
  half_substeps=5
  remaining_substeps=5
  Saved spatial snapshot at t = 0 (step 0)
  Step 0/5000 | R_avg = 0.999759 | norm = 1.00038
  Step 500/5000 | R_avg = 0.999767 | norm = 1.38599
  Saved spatial snapshot at t = 10 (step 1000)
  Step 1000/5000 | R_avg = 0.999762 | norm = 1.49804
  Step 1500/5000 | R_avg = 0.999751 | norm = 1.49873
  Step 2000/5000 | R_avg = 0.999761 | norm = 1.4985
  Saved spatial snapshot at t = 25 (step 2500)
  Step 2500/5000 | R_avg = 0.999773 | norm = 1.49825
  Step 3000/5000 | R_avg = 0.99977 | norm = 1.49799
  Step 3500/5000 | R_avg = 0.999779 | norm = 1.49786
  Step 4000/5000 | R_avg = 0.999756 | norm = 1.49753
  Step 4500/5000 | R_avg = 0.99977 | norm = 1.49735

===== Global Validation =====
✗ Global validation FAILED:
  ✗ Probability Conservation: ||ψ||² = 1.49633 (drift: 49.5954% from initial 1.00038) ✗ FAIL (exceeds tolerance 0.5%)
  ✗ Energy Conservation: E_total = 4.01218 (drift: 9.34378% from initial 3.66933) ✗ FAIL (exceeds tolerance 1%)
  ✓ Order Parameter Bounds: R ∈ [0, 0] ✓ PASS (within [0,1])
  ✓ Causality: v = |p|/E = 0.299594 (c = 1) ✓ PASS (v ≤ c)
  ✓ Numerical Stability: All fields finite ✓ PASS

[INFO] Skipping scenario validation for Klein-Gordon test (validator requires Dirac field)
  Norm validation: max_error = 0.835502 ✗ FAIL
  Energy validation: max_drift = 0.160135 ✗ FAIL
  Saved observables to /home/persist/neotec/0rigin/output/20251226_013346_scenario_2.5A_klein_gordon_comparison_v0.7/N_10/observables.csv
Test failed for N=10

--- Validating Convergence ---
✗ Convergence validation FAILED

[3/3] Generating report...

✓ Report saved to /home/persist/neotec/0rigin/output/20251226_013346_scenario_2.5A_klein_gordon_comparison_v0.7/test_report.txt

===== Test Summary =====
✗ TESTS FAILED

Some validation criteria not met.
Check test report for details.
[SMFTEngine] Resources cleanup delegated to component managers
[DEBUG NovaCore destructor] Entry - using ResourceRegistry for cleanup
[DEBUG NovaCore destructor] Flushing legacy deletion queue
[DEBUG NovaCore destructor] Cleaning up 3 registered resources
[DEBUG NovaCore destructor] Blanking context
[DEBUG NovaCore destructor] Complete
