[Logging] Console output for 64x64 v=0.3c writing to: /home/persist/neotec/0rigin/output/20251228_155413_em_coupling_uniform_field_64x64_v0.3/console.log

--- Testing with N=1 ---
  Dirac initialization (grid-independent):
    Position: (50, 50) ℓ_P
    Width: 3 ℓ_P
    Grid coordinates: (32, 32) grid units
    Grid width: 1.92 grid units
  Using Dirac solver (spinor field) with boosted initialization
    Background R (expected): 1
[DiracEvolution] Initialized 64x64 4-component spinor field (particle, β=1)
[SMFT] Boosted Gaussian initialization:
  Position: (32, 32) grid units
  Width: σ = 1.92 grid units
  Velocity: v = (0.3, 0)c
  |v| = 0.3c
  Lorentz factor: γ = 1.04828
  Rest mass: m₀ = Δ·R = 1 × 1 = 1 m_P
  Momentum: p = (0.314485, 0) m_P·c
  |p| = 0.314485 m_P·c
  Pre-normalization: ∫|Ψ|² = 23.1623
  Normalization factor: 4.81273
[DiracEvolution] Initialized Gaussian wavepacket at (32, 32) with σ=1.92
  Final norm: ||Ψ||² = 1
  Initial position: <r> = (32, 32)
✓ Boosted Gaussian initialized
[SMFTEngine] Boosted Dirac field initialized: center=(32,32), sigma=1.92, boost=(0.3,0)c, norm=1, <r>=(32,32)
[DiracEvolution] Initialized 64x64 4-component spinor field (particle, β=1)
[SMFT] Boosted Gaussian initialization:
  Position: (32, 32) grid units
  Width: σ = 1.92 grid units
  Velocity: v = (0.3, 0)c
  |v| = 0.3c
  Lorentz factor: γ = 1.04828
  Rest mass: m₀ = Δ·R = 1 × 1 = 1 m_P
  Momentum: p = (0.314485, 0) m_P·c
  |p| = 0.314485 m_P·c
  Pre-normalization: ∫|Ψ|² = 23.1623
  Normalization factor: 4.81273
[DiracEvolution] Initialized Gaussian wavepacket at (32, 32) with σ=1.92
  Final norm: ||Ψ||² = 1
  Initial position: <r> = (32, 32)
✓ Boosted Gaussian initialized
  Initial energy E0 = 1.31054
  Initial norm = 1
[stepWithDirac] Strang splitting enabled:
  substep_ratio=1
  substep_dt=0.01
  half_substeps=0
  remaining_substeps=1
  Saved spatial snapshot at t = 0 (step 0)
  Actual initial energy E0 = 1.31638 (from first observation including EM)
  Step 0/2000 | R_avg = 0.999732 | norm = 1
  Step 100/2000 | R_avg = 0.999756 | norm = 0.999978
  Step 200/2000 | R_avg = 0.999285 | norm = 0.999952
  Step 300/2000 | R_avg = 0.999722 | norm = 0.999924
  Step 400/2000 | R_avg = 0.999317 | norm = 0.999896
  Step 500/2000 | R_avg = 0.999752 | norm = 0.999867
  Step 600/2000 | R_avg = 0.999713 | norm = 0.999838
  Step 700/2000 | R_avg = 0.999744 | norm = 0.999808
  Step 800/2000 | R_avg = 0.999744 | norm = 0.999778
  Step 900/2000 | R_avg = 0.999299 | norm = 0.999748
  Step 1000/2000 | R_avg = 0.999731 | norm = 0.999718
  Step 1100/2000 | R_avg = 0.999283 | norm = 0.999688
  Step 1200/2000 | R_avg = 0.999738 | norm = 0.999657
  Step 1300/2000 | R_avg = 0.999756 | norm = 0.999627
  Step 1400/2000 | R_avg = 0.999065 | norm = 0.999597
  Step 1500/2000 | R_avg = 0.999722 | norm = 0.999568
  Step 1600/2000 | R_avg = 0.999733 | norm = 0.99954
  Step 1700/2000 | R_avg = 0.999058 | norm = 0.999512
  Step 1800/2000 | R_avg = 0.999733 | norm = 0.999483
  Step 1900/2000 | R_avg = 0.999074 | norm = 0.999454

===== Global Validation =====
✓ Global validation PASSED
  ✓ Probability Conservation: ||ψ||² = 0.999425 (drift: 0.0574898% from initial 1) ✓ PASS
  ✓ Energy Conservation: E_total = 1.31399 (drift: 0.181099% from initial 1.31638) ✓ PASS
  ✓ Order Parameter Bounds: R ∈ [1, 1] ✓ PASS (within [0,1])
  ✓ Causality: v = |p|/E = 0.21119 (c = 1) ✓ PASS (v ≤ c)
  ✓ Numerical Stability: All fields finite ✓ PASS
  Norm validation: max_error = 0.00057499 ✓ PASS
  Energy validation: max_drift = 0.0123629 ✗ FAIL
  Saved observables to /home/persist/neotec/0rigin/output/20251228_155413_em_coupling_uniform_field_64x64_v0.3/N_1/observables.csv
  Saved EM observables to /home/persist/neotec/0rigin/output/20251228_155413_em_coupling_uniform_field_64x64_v0.3/N_1/em_observables.csv
Test failed for N=1

--- Testing with N=10 ---
  Dirac initialization (grid-independent):
    Position: (50, 50) ℓ_P
    Width: 3 ℓ_P
    Grid coordinates: (32, 32) grid units
    Grid width: 1.92 grid units
  Using Dirac solver (spinor field) with boosted initialization
    Background R (expected): 1
[SMFT] Boosted Gaussian initialization:
  Position: (32, 32) grid units
  Width: σ = 1.92 grid units
  Velocity: v = (0.3, 0)c
  |v| = 0.3c
  Lorentz factor: γ = 1.04828
  Rest mass: m₀ = Δ·R = 1 × 1 = 1 m_P
  Momentum: p = (0.314485, 0) m_P·c
  |p| = 0.314485 m_P·c
  Pre-normalization: ∫|Ψ|² = 23.1623
  Normalization factor: 4.81273
[DiracEvolution] Initialized Gaussian wavepacket at (32, 32) with σ=1.92
  Final norm: ||Ψ||² = 1
  Initial position: <r> = (32, 32)
✓ Boosted Gaussian initialized
[SMFTEngine] Boosted Dirac field initialized: center=(32,32), sigma=1.92, boost=(0.3,0)c, norm=1, <r>=(32,32)
[DiracEvolution] Initialized 64x64 4-component spinor field (particle, β=1)
[SMFT] Boosted Gaussian initialization:
  Position: (32, 32) grid units
  Width: σ = 1.92 grid units
  Velocity: v = (0.3, 0)c
  |v| = 0.3c
  Lorentz factor: γ = 1.04828
  Rest mass: m₀ = Δ·R = 1 × 1 = 1 m_P
  Momentum: p = (0.314485, 0) m_P·c
  |p| = 0.314485 m_P·c
  Pre-normalization: ∫|Ψ|² = 23.1623
  Normalization factor: 4.81273
[DiracEvolution] Initialized Gaussian wavepacket at (32, 32) with σ=1.92
  Final norm: ||Ψ||² = 1
  Initial position: <r> = (32, 32)
✓ Boosted Gaussian initialized
  Initial energy E0 = 1.31054
  Initial norm = 1
  Saved spatial snapshot at t = 0 (step 0)
  Actual initial energy E0 = 1.3043 (from first observation including EM)
  Step 0/2000 | R_avg = 0.999547 | norm = 1
  Step 100/2000 | R_avg = 0.99972 | norm = 0.999978
  Step 200/2000 | R_avg = 0.99951 | norm = 0.999952
  Step 300/2000 | R_avg = 0.99931 | norm = 0.999923
  Step 400/2000 | R_avg = 0.999648 | norm = 0.999895
  Step 500/2000 | R_avg = 0.999313 | norm = 0.999867
  Step 600/2000 | R_avg = 0.999502 | norm = 0.999838
  Step 700/2000 | R_avg = 0.999748 | norm = 0.999808
  Step 800/2000 | R_avg = 0.999501 | norm = 0.999778
  Step 900/2000 | R_avg = 0.999273 | norm = 0.999748
  Step 1000/2000 | R_avg = 0.999528 | norm = 0.999718
  Step 1100/2000 | R_avg = 0.999073 | norm = 0.999688
  Step 1200/2000 | R_avg = 0.998861 | norm = 0.999657
  Step 1300/2000 | R_avg = 0.999778 | norm = 0.999627
  Step 1400/2000 | R_avg = 0.999729 | norm = 0.999597
  Step 1500/2000 | R_avg = 0.999725 | norm = 0.999567
  Step 1600/2000 | R_avg = 0.999732 | norm = 0.99954
  Step 1700/2000 | R_avg = 0.999747 | norm = 0.999512
  Step 1800/2000 | R_avg = 0.99925 | norm = 0.999483
  Step 1900/2000 | R_avg = 0.999755 | norm = 0.999454

===== Global Validation =====
✓ Global validation PASSED
  ✓ Probability Conservation: ||ψ||² = 0.999425 (drift: 0.0574977% from initial 1) ✓ PASS
  ✓ Energy Conservation: E_total = 1.30692 (drift: 0.20095% from initial 1.3043) ✓ PASS
  ✓ Order Parameter Bounds: R ∈ [1, 1] ✓ PASS (within [0,1])
  ✓ Causality: v = |p|/E = 0.218264 (c = 1) ✓ PASS (v ≤ c)
  ✓ Numerical Stability: All fields finite ✓ PASS
  Norm validation: max_error = 0.000575113 ✓ PASS
  Energy validation: max_drift = 0.00531171 ✓ PASS
  Saved observables to /home/persist/neotec/0rigin/output/20251228_155413_em_coupling_uniform_field_64x64_v0.3/N_10/observables.csv
  Saved EM observables to /home/persist/neotec/0rigin/output/20251228_155413_em_coupling_uniform_field_64x64_v0.3/N_10/em_observables.csv

--- Testing with N=100 ---
  Dirac initialization (grid-independent):
    Position: (50, 50) ℓ_P
    Width: 3 ℓ_P
    Grid coordinates: (32, 32) grid units
    Grid width: 1.92 grid units
  Using Dirac solver (spinor field) with boosted initialization
    Background R (expected): 1
[SMFT] Boosted Gaussian initialization:
  Position: (32, 32) grid units
  Width: σ = 1.92 grid units
  Velocity: v = (0.3, 0)c
  |v| = 0.3c
  Lorentz factor: γ = 1.04828
  Rest mass: m₀ = Δ·R = 1 × 1 = 1 m_P
  Momentum: p = (0.314485, 0) m_P·c
  |p| = 0.314485 m_P·c
  Pre-normalization: ∫|Ψ|² = 23.1623
  Normalization factor: 4.81273
[DiracEvolution] Initialized Gaussian wavepacket at (32, 32) with σ=1.92
  Final norm: ||Ψ||² = 1
  Initial position: <r> = (32, 32)
✓ Boosted Gaussian initialized
[SMFTEngine] Boosted Dirac field initialized: center=(32,32), sigma=1.92, boost=(0.3,0)c, norm=1, <r>=(32,32)
[DiracEvolution] Initialized 64x64 4-component spinor field (particle, β=1)
[SMFT] Boosted Gaussian initialization:
  Position: (32, 32) grid units
  Width: σ = 1.92 grid units
  Velocity: v = (0.3, 0)c
  |v| = 0.3c
  Lorentz factor: γ = 1.04828
  Rest mass: m₀ = Δ·R = 1 × 1 = 1 m_P
  Momentum: p = (0.314485, 0) m_P·c
  |p| = 0.314485 m_P·c
  Pre-normalization: ∫|Ψ|² = 23.1623
  Normalization factor: 4.81273
[DiracEvolution] Initialized Gaussian wavepacket at (32, 32) with σ=1.92
  Final norm: ||Ψ||² = 1
  Initial position: <r> = (32, 32)
✓ Boosted Gaussian initialized
  Initial energy E0 = 1.31054
  Initial norm = 1
  Saved spatial snapshot at t = 0 (step 0)
  Actual initial energy E0 = 1.3043 (from first observation including EM)
  Step 0/2000 | R_avg = 0.999495 | norm = 1
  Step 100/2000 | R_avg = 0.999736 | norm = 0.999978
  Step 200/2000 | R_avg = 0.999271 | norm = 0.999952
  Step 300/2000 | R_avg = 0.998861 | norm = 0.999924
  Step 400/2000 | R_avg = 0.999744 | norm = 0.999896
  Step 500/2000 | R_avg = 0.99976 | norm = 0.999867
  Step 600/2000 | R_avg = 0.999236 | norm = 0.999838
  Step 700/2000 | R_avg = 0.999768 | norm = 0.999808
  Step 800/2000 | R_avg = 0.999743 | norm = 0.999778
  Step 900/2000 | R_avg = 0.999784 | norm = 0.999748
  Step 1000/2000 | R_avg = 0.999315 | norm = 0.999718
  Step 1100/2000 | R_avg = 0.999511 | norm = 0.999688
  Step 1200/2000 | R_avg = 0.999733 | norm = 0.999657
  Step 1300/2000 | R_avg = 0.999773 | norm = 0.999627
  Step 1400/2000 | R_avg = 0.999747 | norm = 0.999597
  Step 1500/2000 | R_avg = 0.999492 | norm = 0.999567
  Step 1600/2000 | R_avg = 0.999506 | norm = 0.99954
  Step 1700/2000 | R_avg = 0.999545 | norm = 0.999512
  Step 1800/2000 | R_avg = 0.999766 | norm = 0.999482
  Step 1900/2000 | R_avg = 0.999752 | norm = 0.999453

===== Global Validation =====
✓ Global validation PASSED
  ✓ Probability Conservation: ||ψ||² = 0.999424 (drift: 0.0575431% from initial 1) ✓ PASS
  ✓ Energy Conservation: E_total = 1.3067 (drift: 0.184235% from initial 1.3043) ✓ PASS
  ✓ Order Parameter Bounds: R ∈ [1, 1] ✓ PASS (within [0,1])
  ✓ Causality: v = |p|/E = 0.217905 (c = 1) ✓ PASS (v ≤ c)
  ✓ Numerical Stability: All fields finite ✓ PASS
  Norm validation: max_error = 0.000575552 ✓ PASS
  Energy validation: max_drift = 0.023864 ✗ FAIL
  Saved observables to /home/persist/neotec/0rigin/output/20251228_155413_em_coupling_uniform_field_64x64_v0.3/N_100/observables.csv
  Saved EM observables to /home/persist/neotec/0rigin/output/20251228_155413_em_coupling_uniform_field_64x64_v0.3/N_100/em_observables.csv
Test failed for N=100

--- Validating Convergence ---
✓ Convergence validation PASSED
Tests failed for velocity 0.3

========================================
Velocity: v=0.5c
========================================

Initializing engine for 64×64 grid, velocity v=0.5c...
[SMFTEngine] Resources cleanup delegated to component managers

[SMFTEngine] Physical Interpretation:
  Vacuum potential Δ = 1 (Planck mass in natural units)
  Synchronization field R(x) → Emergent spacetime metric
  Mass field m(x) = Δ·R(x) → Local energy density
  ∇R(x) → Gravitational field (not separate force)
  Grid: 64 x 64 oscillators

[SMFTEngine] Created GPU buffers for 64x64 grid
  Phase buffers: 16384 bytes each
  Spinor buffer: 131072 bytes
  Accumulator buffers: 16384 bytes each (operator splitting)
[SMFTEngine] Created compute pipelines
  ✓ Kuramoto pipeline
  ✓ Sync field pipeline
  ✓ Gravity field pipeline
  ✓ Stochastic Kuramoto pipeline
  ✓ Stochastic Dirac pipeline
  ✓ Accumulation pipeline (operator splitting)
Created experiment directory: /home/persist/neotec/0rigin/output/20251228_155528_em_coupling_uniform_field_64x64_v0.5
[OutputManager] Created timestamped directory: /home/persist/neotec/0rigin/output/20251228_155528_em_coupling_uniform_field_64x64_v0.5
