[Logging] Console output for 128x128 v=0.7c writing to: /home/persist/neotec/0rigin/output/20251224_025922_scenario_2.4A_velocity_threshold/console.log

--- Testing with N=10 ---
  Vortex initialization (grid-independent):
    Domain size: 100 ℓ_P
    Grid spacing: 0.78125 ℓ_P
    Core radius: 3 ℓ_P (3.84 grid points)
    Center: (50, 50) ℓ_P
    Winding number: W = 1
  Dirac initialization (grid-independent):
    Position: (50, 50) ℓ_P
    Width: 3 ℓ_P
    Grid coordinates: (64, 64) grid units
    Grid width: 3.84 grid units
  Using Dirac solver (spinor field) with boosted initialization
    Background R (expected): 1
[DiracEvolution] Initialized 128x128 4-component spinor field
[SMFT] Boosted Gaussian initialization:
  Position: (64, 64) grid units
  Width: σ = 3.84 grid units
  Velocity: v = (0.7, 0)c
  |v| = 0.7c
  Lorentz factor: γ = 1.40028
  Rest mass: m₀ = Δ·R = 1 × 1 = 1 m_P
  Momentum: p = (0.980196, 0) m_P·c
  |p| = 0.980196 m_P·c
  Pre-normalization: ∫|Ψ|² = 92.6492
  Normalization factor: 9.62545
[DiracEvolution] Initialized Gaussian wavepacket at (64, 64) with σ=3.84
  Final norm: ||Ψ||² = 1
  Initial position: <r> = (64, 64)
✓ Boosted Gaussian initialized
[SMFTEngine] Boosted Dirac field initialized: center=(64,64), sigma=3.84, boost=(0.7,0)c, norm=1, <r>=(64,64)
[DiracEvolution] Initialized 128x128 4-component spinor field
[SMFT] Boosted Gaussian initialization:
  Position: (64, 64) grid units
  Width: σ = 3.84 grid units
  Velocity: v = (0.7, 0)c
  |v| = 0.7c
  Lorentz factor: γ = 1.40028
  Rest mass: m₀ = Δ·R = 1 × 1 = 1 m_P
  Momentum: p = (0.980196, 0) m_P·c
  |p| = 0.980196 m_P·c
  Pre-normalization: ∫|Ψ|² = 92.6492
  Normalization factor: 9.62545
[DiracEvolution] Initialized Gaussian wavepacket at (64, 64) with σ=3.84
  Final norm: ||Ψ||² = 1
  Initial position: <r> = (64, 64)
✓ Boosted Gaussian initialized
  Initial energy E0 = 0.71024
  Initial norm = 1
  Saved spatial snapshot at t = 0 (step 0)
  Step 0/100 | R_avg = 0.98348 | norm = 1

===== Global Validation =====
✓ Global validation PASSED
  ✓ Probability Conservation: ||ψ||² = 0.999978 (drift: 0.00230448% from initial 1) ✓ PASS
  ✓ Energy Conservation: E_total = 1.63485 (drift: 0.490846% from initial 1.62686) ✓ PASS
  ✓ Order Parameter Bounds: R ∈ [0, 0] ✓ PASS (within [0,1])
  ✓ Causality: v = |p|/E = 0.491945 (c = 1) ✓ PASS (v ≤ c)
  ✓ Numerical Stability: All fields finite ✓ PASS

===== Scenario 2.3: Relativistic Mass Validation =====
  Boost velocity: v = 0.7c
  Theoretical gamma: γ = 1.40028
✗ Scenario validation FAILED:
  ✓ 1. θ(x,y,t=0) shows vortex structure (W = ±1): Winding number W = 1 ✓ PASS (|W| ≈ 1)
  ✓ 3. R(x,y,t=0) shows core (R_min < 0.5): R_min = 0 ✓ PASS (< 0.5)
  ✗ 4. ψ(x,y,t=0) is Gaussian at offset position: Wavepacket variance = 6.55052e-07 ✗ FAIL (too uniform, not Gaussian)
  ✗ 5. ⟨p⟩(t=0) = γmv (within 5%): ⟨p⟩ = 0.816547 (expect 0.980196, error = 16.6955%) ✗ FAIL (exceeds 5% tolerance)
  ✓ 6. γ_measured(t=final) within 5% of theory: γ_measured = 1.44729 (γ_theory = 1.40028, error = 3.3569%) ✓ PASS
  Norm validation: max_error = 2.20978e-05 ✓ PASS
  Energy validation: max_drift = 0.00501906 ✓ PASS
  Saved observables to /home/persist/neotec/0rigin/output/20251224_025922_scenario_2.4A_velocity_threshold/N_10/observables.csv

--- Validating Convergence ---
✗ Convergence validation FAILED

===== Velocity Sweep Aggregate Analysis =====

Analyzing velocity sweep results...
Grid size: 128×128
Velocities tested: 8

=== Relativistic Gamma Comparison ===
Velocity | γ_theory | γ_measured | Error (%) | Status
---------|----------|------------|-----------|-------

=== Critical Velocity Analysis ===
✓ Critical velocity is within expected range (0.3c - 0.7c)

✓ Velocity sweep report saved to: /home/persist/neotec/0rigin/output/20251224_025922_scenario_2.4A_AGGREGATE/velocity_sweep_analysis.txt

[3/3] Generating report...

✓ Report saved to /home/persist/neotec/0rigin/output/20251224_025922_scenario_2.4A_velocity_threshold/test_report.txt

===== Test Summary =====
✗ TESTS FAILED

Some validation criteria not met.
Check test report for details.
