[Logging] Console output for 64x64 v=0.5c writing to: /home/persist/neotec/0rigin/output/20251228_054636_em_coupling_disabled_regression_64x64_v0.5/console.log

--- Testing with N=1 ---
  Vortex initialization (grid-independent):
    Domain size: 100 ℓ_P
    Grid spacing: 1.5625 ℓ_P
    Core radius: 3 ℓ_P (1.92 grid points)
    Center: (50, 50) ℓ_P
    Winding number: W = 1
  Dirac initialization (grid-independent):
    Position: (60, 50) ℓ_P
    Width: 3 ℓ_P
    Grid coordinates: (38.4, 32) grid units
    Grid width: 1.92 grid units
  Using Dirac solver (spinor field) with boosted initialization
    Background R (expected): 1
[DiracEvolution] Initialized 64x64 4-component spinor field (particle, β=1)
[SMFT] Boosted Gaussian initialization:
  Position: (38.4, 32) grid units
  Width: σ = 1.92 grid units
  Velocity: v = (0.5, 0)c
  |v| = 0.5c
  Lorentz factor: γ = 1.1547
  Rest mass: m₀ = Δ·R = 1 × 1 = 1 m_P
  Momentum: p = (0.57735, 0) m_P·c
  |p| = 0.57735 m_P·c
  Pre-normalization: ∫|Ψ|² = 23.1623
  Normalization factor: 4.81273
[DiracEvolution] Initialized Gaussian wavepacket at (38.4, 32) with σ=1.92
  Final norm: ||Ψ||² = 1
  Initial position: <r> = (38.4, 32)
✓ Boosted Gaussian initialized
[SMFTEngine] Boosted Dirac field initialized: center=(38.4,32), sigma=1.92, boost=(0.5,0)c, norm=1, <r>=(38.4,32)
[DiracEvolution] Initialized 64x64 4-component spinor field (particle, β=1)
[SMFT] Boosted Gaussian initialization:
  Position: (38.4, 32) grid units
  Width: σ = 1.92 grid units
  Velocity: v = (0.5, 0)c
  |v| = 0.5c
  Lorentz factor: γ = 1.1547
  Rest mass: m₀ = Δ·R = 1 × 1 = 1 m_P
  Momentum: p = (0.57735, 0) m_P·c
  |p| = 0.57735 m_P·c
  Pre-normalization: ∫|Ψ|² = 23.1623
  Normalization factor: 4.81273
[DiracEvolution] Initialized Gaussian wavepacket at (38.4, 32) with σ=1.92
  Final norm: ||Ψ||² = 1
  Initial position: <r> = (38.4, 32)
✓ Boosted Gaussian initialized
  Initial energy E0 = 1.46471
  Initial norm = 1
  Saved spatial snapshot at t = 0 (step 0)
  Actual initial energy E0 = 1.4557 (from first observation including EM)
  Step 0/2000 | R_avg = 0.968177 | norm = 1
  Step 100/2000 | R_avg = 0.968075 | norm = 0.999973
  Step 200/2000 | R_avg = 0.968199 | norm = 0.999946
  Step 300/2000 | R_avg = 0.968189 | norm = 0.999919
  Step 400/2000 | R_avg = 0.968044 | norm = 0.999892
  Step 500/2000 | R_avg = 0.968124 | norm = 0.999864
  Step 600/2000 | R_avg = 0.968222 | norm = 0.999835
  Step 700/2000 | R_avg = 0.968175 | norm = 0.999806
  Step 800/2000 | R_avg = 0.968115 | norm = 0.999778
  Step 900/2000 | R_avg = 0.968166 | norm = 0.999751
  Step 1000/2000 | R_avg = 0.968199 | norm = 0.999723
  Step 1100/2000 | R_avg = 0.96821 | norm = 0.999697
  Step 1200/2000 | R_avg = 0.968142 | norm = 0.99967
  Step 1300/2000 | R_avg = 0.968173 | norm = 0.999643
  Step 1400/2000 | R_avg = 0.968199 | norm = 0.999614
  Step 1500/2000 | R_avg = 0.968201 | norm = 0.999585
  Step 1600/2000 | R_avg = 0.968149 | norm = 0.999555
  Step 1700/2000 | R_avg = 0.96818 | norm = 0.999525
  Step 1800/2000 | R_avg = 0.968208 | norm = 0.999495
  Step 1900/2000 | R_avg = 0.9681 | norm = 0.999465

===== Global Validation =====
✓ Global validation PASSED
  ✓ Probability Conservation: ||ψ||² = 0.999435 (drift: 0.0564596% from initial 1) ✓ PASS
  ✓ Energy Conservation: E_total = 1.45689 (drift: 0.0820412% from initial 1.4557) ✓ PASS
  ✓ Order Parameter Bounds: R ∈ [1, 1] ✓ PASS (within [0,1])
  ✓ Causality: v = |p|/E = 0.34401 (c = 1) ✓ PASS (v ≤ c)
  ✓ Numerical Stability: All fields finite ✓ PASS

===== Scenario 2.3: Relativistic Mass Validation =====
  Boost velocity: v = 0.5c
  Theoretical gamma: γ = 1.1547
✗ Scenario validation FAILED:
  ✓ 1. θ(x,y,t=0) shows vortex structure (W = ±1): Winding number W = 1 ✓ PASS (|W| ≈ 1)
  ✗ 3. R(x,y,t=0) shows core (R_min < 0.5): R_min = 1 ✗ FAIL (expect R_min < 0.5)
  ✓ 4. ψ(x,y,t=0) is Gaussian at offset position: Wavepacket variance = 1.04808e-05 ✓ PASS (localized)
  ✗ 5. ⟨p⟩(t=0) = γmv (within 5%): ⟨p⟩ = 0.510018 (expect 0.57735, error = 11.6623%) ✗ FAIL (exceeds 5% tolerance)
  ✗ 6. γ_measured(t=final) within 5% of theory: γ_measured = 1.4129 (γ_theory = 1.1547, error = 22.3611%) ✗ FAIL (exceeds 5% tolerance)
  Norm validation: max_error = 0.00056486 ✓ PASS
  Energy validation: max_drift = 0.000857916 ✓ PASS
  Saved observables to /home/persist/neotec/0rigin/output/20251228_054636_em_coupling_disabled_regression_64x64_v0.5/N_1/observables.csv

--- Testing with N=10 ---
  Vortex initialization (grid-independent):
    Domain size: 100 ℓ_P
    Grid spacing: 1.5625 ℓ_P
    Core radius: 3 ℓ_P (1.92 grid points)
    Center: (50, 50) ℓ_P
    Winding number: W = 1
  Dirac initialization (grid-independent):
    Position: (60, 50) ℓ_P
    Width: 3 ℓ_P
    Grid coordinates: (38.4, 32) grid units
    Grid width: 1.92 grid units
  Using Dirac solver (spinor field) with boosted initialization
    Background R (expected): 1
[SMFT] Boosted Gaussian initialization:
  Position: (38.4, 32) grid units
  Width: σ = 1.92 grid units
  Velocity: v = (0.5, 0)c
  |v| = 0.5c
  Lorentz factor: γ = 1.1547
  Rest mass: m₀ = Δ·R = 1 × 1 = 1 m_P
  Momentum: p = (0.57735, 0) m_P·c
  |p| = 0.57735 m_P·c
  Pre-normalization: ∫|Ψ|² = 23.1623
  Normalization factor: 4.81273
[DiracEvolution] Initialized Gaussian wavepacket at (38.4, 32) with σ=1.92
  Final norm: ||Ψ||² = 1
  Initial position: <r> = (38.4, 32)
✓ Boosted Gaussian initialized
[SMFTEngine] Boosted Dirac field initialized: center=(38.4,32), sigma=1.92, boost=(0.5,0)c, norm=1, <r>=(38.4,32)
[DiracEvolution] Initialized 64x64 4-component spinor field (particle, β=1)
[SMFT] Boosted Gaussian initialization:
  Position: (38.4, 32) grid units
  Width: σ = 1.92 grid units
  Velocity: v = (0.5, 0)c
  |v| = 0.5c
  Lorentz factor: γ = 1.1547
  Rest mass: m₀ = Δ·R = 1 × 1 = 1 m_P
  Momentum: p = (0.57735, 0) m_P·c
  |p| = 0.57735 m_P·c
  Pre-normalization: ∫|Ψ|² = 23.1623
  Normalization factor: 4.81273
[DiracEvolution] Initialized Gaussian wavepacket at (38.4, 32) with σ=1.92
  Final norm: ||Ψ||² = 1
  Initial position: <r> = (38.4, 32)
✓ Boosted Gaussian initialized
  Initial energy E0 = 1.46471
  Initial norm = 1
  Saved spatial snapshot at t = 0 (step 0)
  Actual initial energy E0 = 1.45567 (from first observation including EM)
  Step 0/2000 | R_avg = 0.96822 | norm = 1
  Step 100/2000 | R_avg = 0.968225 | norm = 0.999974
  Step 200/2000 | R_avg = 0.968144 | norm = 0.999946
  Step 300/2000 | R_avg = 0.968294 | norm = 0.999918
  Step 400/2000 | R_avg = 0.968196 | norm = 0.99989
  Step 500/2000 | R_avg = 0.968265 | norm = 0.999862
  Step 600/2000 | R_avg = 0.968236 | norm = 0.999833
  Step 700/2000 | R_avg = 0.968144 | norm = 0.999804
  Step 800/2000 | R_avg = 0.968104 | norm = 0.999776
  Step 900/2000 | R_avg = 0.968183 | norm = 0.999749
  Step 1000/2000 | R_avg = 0.96827 | norm = 0.999722
  Step 1100/2000 | R_avg = 0.9681 | norm = 0.999696
  Step 1200/2000 | R_avg = 0.968155 | norm = 0.999669
  Step 1300/2000 | R_avg = 0.968225 | norm = 0.999642
  Step 1400/2000 | R_avg = 0.968117 | norm = 0.999613
  Step 1500/2000 | R_avg = 0.968196 | norm = 0.999584
  Step 1600/2000 | R_avg = 0.968153 | norm = 0.999554
  Step 1700/2000 | R_avg = 0.968127 | norm = 0.999523
  Step 1800/2000 | R_avg = 0.968154 | norm = 0.999493
  Step 1900/2000 | R_avg = 0.968203 | norm = 0.999463

===== Global Validation =====
✓ Global validation PASSED
  ✓ Probability Conservation: ||ψ||² = 0.999433 (drift: 0.0566452% from initial 1) ✓ PASS
  ✓ Energy Conservation: E_total = 1.45697 (drift: 0.0890793% from initial 1.45567) ✓ PASS
  ✓ Order Parameter Bounds: R ∈ [1, 1] ✓ PASS (within [0,1])
  ✓ Causality: v = |p|/E = 0.344008 (c = 1) ✓ PASS (v ≤ c)
  ✓ Numerical Stability: All fields finite ✓ PASS

===== Scenario 2.3: Relativistic Mass Validation =====
  Boost velocity: v = 0.5c
  Theoretical gamma: γ = 1.1547
✗ Scenario validation FAILED:
  ✓ 1. θ(x,y,t=0) shows vortex structure (W = ±1): Winding number W = 1 ✓ PASS (|W| ≈ 1)
  ✗ 3. R(x,y,t=0) shows core (R_min < 0.5): R_min = 1 ✗ FAIL (expect R_min < 0.5)
  ✓ 4. ψ(x,y,t=0) is Gaussian at offset position: Wavepacket variance = 1.04808e-05 ✓ PASS (localized)
  ✗ 5. ⟨p⟩(t=0) = γmv (within 5%): ⟨p⟩ = 0.509994 (expect 0.57735, error = 11.6664%) ✗ FAIL (exceeds 5% tolerance)
  ✗ 6. γ_measured(t=final) within 5% of theory: γ_measured = 1.41319 (γ_theory = 1.1547, error = 22.3861%) ✗ FAIL (exceeds 5% tolerance)
  Norm validation: max_error = 0.000566703 ✓ PASS
  Energy validation: max_drift = 0.000909168 ✓ PASS
  Saved observables to /home/persist/neotec/0rigin/output/20251228_054636_em_coupling_disabled_regression_64x64_v0.5/N_10/observables.csv

--- Testing with N=100 ---
  Vortex initialization (grid-independent):
    Domain size: 100 ℓ_P
    Grid spacing: 1.5625 ℓ_P
    Core radius: 3 ℓ_P (1.92 grid points)
    Center: (50, 50) ℓ_P
    Winding number: W = 1
  Dirac initialization (grid-independent):
    Position: (60, 50) ℓ_P
    Width: 3 ℓ_P
    Grid coordinates: (38.4, 32) grid units
    Grid width: 1.92 grid units
  Using Dirac solver (spinor field) with boosted initialization
    Background R (expected): 1
[SMFT] Boosted Gaussian initialization:
  Position: (38.4, 32) grid units
  Width: σ = 1.92 grid units
  Velocity: v = (0.5, 0)c
  |v| = 0.5c
  Lorentz factor: γ = 1.1547
  Rest mass: m₀ = Δ·R = 1 × 1 = 1 m_P
  Momentum: p = (0.57735, 0) m_P·c
  |p| = 0.57735 m_P·c
  Pre-normalization: ∫|Ψ|² = 23.1623
  Normalization factor: 4.81273
[DiracEvolution] Initialized Gaussian wavepacket at (38.4, 32) with σ=1.92
  Final norm: ||Ψ||² = 1
  Initial position: <r> = (38.4, 32)
✓ Boosted Gaussian initialized
[SMFTEngine] Boosted Dirac field initialized: center=(38.4,32), sigma=1.92, boost=(0.5,0)c, norm=1, <r>=(38.4,32)
[DiracEvolution] Initialized 64x64 4-component spinor field (particle, β=1)
[SMFT] Boosted Gaussian initialization:
  Position: (38.4, 32) grid units
  Width: σ = 1.92 grid units
  Velocity: v = (0.5, 0)c
  |v| = 0.5c
  Lorentz factor: γ = 1.1547
  Rest mass: m₀ = Δ·R = 1 × 1 = 1 m_P
  Momentum: p = (0.57735, 0) m_P·c
  |p| = 0.57735 m_P·c
  Pre-normalization: ∫|Ψ|² = 23.1623
  Normalization factor: 4.81273
[DiracEvolution] Initialized Gaussian wavepacket at (38.4, 32) with σ=1.92
  Final norm: ||Ψ||² = 1
  Initial position: <r> = (38.4, 32)
✓ Boosted Gaussian initialized
  Initial energy E0 = 1.46471
  Initial norm = 1
  Saved spatial snapshot at t = 0 (step 0)
  Actual initial energy E0 = 1.45567 (from first observation including EM)
  Step 0/2000 | R_avg = 0.968162 | norm = 1
  Step 100/2000 | R_avg = 0.968224 | norm = 0.999974
  Step 200/2000 | R_avg = 0.96817 | norm = 0.999947
  Step 300/2000 | R_avg = 0.968222 | norm = 0.999919
  Step 400/2000 | R_avg = 0.968242 | norm = 0.99989
  Step 500/2000 | R_avg = 0.968158 | norm = 0.999863
  Step 600/2000 | R_avg = 0.96817 | norm = 0.999834
  Step 700/2000 | R_avg = 0.968193 | norm = 0.999805
  Step 800/2000 | R_avg = 0.968127 | norm = 0.999777
  Step 900/2000 | R_avg = 0.96824 | norm = 0.99975
  Step 1000/2000 | R_avg = 0.968211 | norm = 0.999723
  Step 1100/2000 | R_avg = 0.968147 | norm = 0.999696
  Step 1200/2000 | R_avg = 0.968096 | norm = 0.999669
  Step 1300/2000 | R_avg = 0.968133 | norm = 0.999642
  Step 1400/2000 | R_avg = 0.968184 | norm = 0.999613
  Step 1500/2000 | R_avg = 0.968127 | norm = 0.999584
  Step 1600/2000 | R_avg = 0.968217 | norm = 0.999554
  Step 1700/2000 | R_avg = 0.96811 | norm = 0.999523
  Step 1800/2000 | R_avg = 0.968147 | norm = 0.999493
  Step 1900/2000 | R_avg = 0.968078 | norm = 0.999463

===== Global Validation =====
✓ Global validation PASSED
  ✓ Probability Conservation: ||ψ||² = 0.999434 (drift: 0.0565935% from initial 1) ✓ PASS
  ✓ Energy Conservation: E_total = 1.45705 (drift: 0.0946547% from initial 1.45567) ✓ PASS
  ✓ Order Parameter Bounds: R ∈ [1, 1] ✓ PASS (within [0,1])
  ✓ Causality: v = |p|/E = 0.344035 (c = 1) ✓ PASS (v ≤ c)
  ✓ Numerical Stability: All fields finite ✓ PASS

===== Scenario 2.3: Relativistic Mass Validation =====
  Boost velocity: v = 0.5c
  Theoretical gamma: γ = 1.1547
✗ Scenario validation FAILED:
  ✓ 1. θ(x,y,t=0) shows vortex structure (W = ±1): Winding number W = 1 ✓ PASS (|W| ≈ 1)
  ✗ 3. R(x,y,t=0) shows core (R_min < 0.5): R_min = 1 ✗ FAIL (expect R_min < 0.5)
  ✓ 4. ψ(x,y,t=0) is Gaussian at offset position: Wavepacket variance = 1.04808e-05 ✓ PASS (localized)
  ✗ 5. ⟨p⟩(t=0) = γmv (within 5%): ⟨p⟩ = 0.509994 (expect 0.57735, error = 11.6664%) ✗ FAIL (exceeds 5% tolerance)
  ✗ 6. γ_measured(t=final) within 5% of theory: γ_measured = 1.41321 (γ_theory = 1.1547, error = 22.3872%) ✗ FAIL (exceeds 5% tolerance)
  Norm validation: max_error = 0.000566186 ✓ PASS
  Energy validation: max_drift = 0.000946547 ✓ PASS
  Saved observables to /home/persist/neotec/0rigin/output/20251228_054636_em_coupling_disabled_regression_64x64_v0.5/N_100/observables.csv

--- Validating Convergence ---
✓ Convergence validation PASSED

===== Velocity Sweep Aggregate Analysis =====

Analyzing velocity sweep results...
Grid size: 64×64
Velocities tested: 3

=== Relativistic Gamma Comparison ===
Velocity | γ_theory | γ_measured | Error (%) | Status
---------|----------|------------|-----------|-------

=== Critical Velocity Analysis ===
✓ Critical velocity is within expected range (0.3c - 0.7c)

✓ Velocity sweep report saved to: /home/persist/neotec/0rigin/output/20251228_054636_em_coupling_disabled_regression_64x64_AGGREGATE/velocity_sweep_analysis.txt

[3/3] Generating report...

✓ Report saved to /home/persist/neotec/0rigin/output/20251228_054636_em_coupling_disabled_regression_64x64_v0.5/test_report.txt

===== Test Summary =====
✓ ALL TESTS PASSED

Validation criteria met:
  ✓ Norm conservation ||Ψ||² - 1 < 10⁻⁴
  ✓ Energy conservation |ΔE/E₀| < 1%
  ✓ Convergence between N ratios < 5%
