[Logging] Console output for 128x128 v=0.55c writing to: /home/persist/neotec/0rigin/output/20251226_120635_scenario_2.4A_velocity_threshold_128x128_v0.6/console.log

--- Testing with N=10 ---
  Vortex initialization (grid-independent):
    Domain size: 100 ℓ_P
    Grid spacing: 0.78125 ℓ_P
    Core radius: 3 ℓ_P (3.84 grid points)
    Center: (50, 50) ℓ_P
    Winding number: W = 1
  Dirac initialization (grid-independent):
    Position: (50, 50) ℓ_P
    Width: 3 ℓ_P
    Grid coordinates: (64, 64) grid units
    Grid width: 3.84 grid units
  Using Dirac solver (spinor field) with boosted initialization
    Background R (expected): 1
[DiracEvolution] Initialized 128x128 4-component spinor field (particle, β=1)
[SMFT] Boosted Gaussian initialization:
  Position: (64, 64) grid units
  Width: σ = 3.84 grid units
  Velocity: v = (0.55, 0)c
  |v| = 0.55c
  Lorentz factor: γ = 1.19737
  Rest mass: m₀ = Δ·R = 1 × 1 = 1 m_P
  Momentum: p = (0.658553, 0) m_P·c
  |p| = 0.658553 m_P·c
  Pre-normalization: ∫|Ψ|² = 92.6492
  Normalization factor: 9.62545
[DiracEvolution] Initialized Gaussian wavepacket at (64, 64) with σ=3.84
  Final norm: ||Ψ||² = 1
  Initial position: <r> = (64, 64)
✓ Boosted Gaussian initialized
[SMFTEngine] Boosted Dirac field initialized: center=(64,64), sigma=3.84, boost=(0.55,0)c, norm=1, <r>=(64,64)
[DiracEvolution] Initialized 128x128 4-component spinor field (particle, β=1)
[SMFT] Boosted Gaussian initialization:
  Position: (64, 64) grid units
  Width: σ = 3.84 grid units
  Velocity: v = (0.55, 0)c
  |v| = 0.55c
  Lorentz factor: γ = 1.19737
  Rest mass: m₀ = Δ·R = 1 × 1 = 1 m_P
  Momentum: p = (0.658553, 0) m_P·c
  |p| = 0.658553 m_P·c
  Pre-normalization: ∫|Ψ|² = 92.6492
  Normalization factor: 9.62545
[DiracEvolution] Initialized Gaussian wavepacket at (64, 64) with σ=3.84
  Final norm: ||Ψ||² = 1
  Initial position: <r> = (64, 64)
✓ Boosted Gaussian initialized
  Initial energy E0 = 1.41552
  Initial norm = 1
  Saved spatial snapshot at t = 0 (step 0)
  Step 0/10000 | R_avg = 0.983598 | norm = 1
  Step 100/10000 | R_avg = 0.983633 | norm = 0.999977
  Step 200/10000 | R_avg = 0.983657 | norm = 0.999953
  Step 300/10000 | R_avg = 0.983636 | norm = 0.999929
  Step 400/10000 | R_avg = 0.983582 | norm = 0.999904
  Step 500/10000 | R_avg = 0.98365 | norm = 0.999878
  Step 600/10000 | R_avg = 0.983615 | norm = 0.999851
  Step 700/10000 | R_avg = 0.983673 | norm = 0.999824
  Step 800/10000 | R_avg = 0.983636 | norm = 0.999795
  Step 900/10000 | R_avg = 0.983598 | norm = 0.999767
  Step 1000/10000 | R_avg = 0.983632 | norm = 0.999739
  Step 1100/10000 | R_avg = 0.983634 | norm = 0.99971
  Step 1200/10000 | R_avg = 0.983653 | norm = 0.999681
  Step 1300/10000 | R_avg = 0.98361 | norm = 0.999652
  Step 1400/10000 | R_avg = 0.983611 | norm = 0.999623
  Step 1500/10000 | R_avg = 0.983598 | norm = 0.999595
  Step 1600/10000 | R_avg = 0.98368 | norm = 0.999566
  Step 1700/10000 | R_avg = 0.983665 | norm = 0.999538
  Step 1800/10000 | R_avg = 0.983602 | norm = 0.999509
  Step 1900/10000 | R_avg = 0.983614 | norm = 0.99948
  Step 2000/10000 | R_avg = 0.983619 | norm = 0.99945
  Step 2100/10000 | R_avg = 0.983618 | norm = 0.999419
  Step 2200/10000 | R_avg = 0.983624 | norm = 0.999389
  Step 2300/10000 | R_avg = 0.983628 | norm = 0.999358
  Step 2400/10000 | R_avg = 0.983634 | norm = 0.999327
  Saved spatial snapshot at t = 25 (step 2500)
  Step 2500/10000 | R_avg = 0.983656 | norm = 0.999297
  Step 2600/10000 | R_avg = 0.983659 | norm = 0.999267
  Step 2700/10000 | R_avg = 0.983634 | norm = 0.999238
  Step 2800/10000 | R_avg = 0.983688 | norm = 0.99921
  Step 2900/10000 | R_avg = 0.983627 | norm = 0.999183
  Step 3000/10000 | R_avg = 0.983642 | norm = 0.999157
  Step 3100/10000 | R_avg = 0.983649 | norm = 0.999132
  Step 3200/10000 | R_avg = 0.983619 | norm = 0.999108
  Step 3300/10000 | R_avg = 0.983639 | norm = 0.999085
  Step 3400/10000 | R_avg = 0.983616 | norm = 0.999061
  Step 3500/10000 | R_avg = 0.983647 | norm = 0.999037
  Step 3600/10000 | R_avg = 0.98361 | norm = 0.999013
  Step 3700/10000 | R_avg = 0.983614 | norm = 0.998988
  Step 3800/10000 | R_avg = 0.98361 | norm = 0.998961
  Step 3900/10000 | R_avg = 0.983646 | norm = 0.998933
  Step 4000/10000 | R_avg = 0.983644 | norm = 0.998903
  Step 4100/10000 | R_avg = 0.983618 | norm = 0.998872
  Step 4200/10000 | R_avg = 0.983624 | norm = 0.998839
  Step 4300/10000 | R_avg = 0.983613 | norm = 0.998805
  Step 4400/10000 | R_avg = 0.983579 | norm = 0.998771
  Step 4500/10000 | R_avg = 0.983611 | norm = 0.998736
  Step 4600/10000 | R_avg = 0.983612 | norm = 0.998701
  Step 4700/10000 | R_avg = 0.98364 | norm = 0.998667
  Step 4800/10000 | R_avg = 0.983654 | norm = 0.998632
  Step 4900/10000 | R_avg = 0.983615 | norm = 0.998597
  Saved spatial snapshot at t = 50 (step 5000)
  Step 5000/10000 | R_avg = 0.983627 | norm = 0.998562
  Step 5100/10000 | R_avg = 0.983631 | norm = 0.998528
  Step 5200/10000 | R_avg = 0.983608 | norm = 0.998493
  Step 5300/10000 | R_avg = 0.983615 | norm = 0.998458
  Step 5400/10000 | R_avg = 0.983631 | norm = 0.998423
  Step 5500/10000 | R_avg = 0.983596 | norm = 0.998388
  Step 5600/10000 | R_avg = 0.983644 | norm = 0.998354
  Step 5700/10000 | R_avg = 0.983628 | norm = 0.998319
  Step 5800/10000 | R_avg = 0.983629 | norm = 0.998285
  Step 5900/10000 | R_avg = 0.983662 | norm = 0.998251
  Step 6000/10000 | R_avg = 0.983666 | norm = 0.998217
  Step 6100/10000 | R_avg = 0.983602 | norm = 0.998184
  Step 6200/10000 | R_avg = 0.983619 | norm = 0.998152
  Step 6300/10000 | R_avg = 0.983618 | norm = 0.998121
  Step 6400/10000 | R_avg = 0.983612 | norm = 0.99809
  Step 6500/10000 | R_avg = 0.983612 | norm = 0.998059
  Step 6600/10000 | R_avg = 0.983605 | norm = 0.998029
  Step 6700/10000 | R_avg = 0.983621 | norm = 0.997998
  Step 6800/10000 | R_avg = 0.983637 | norm = 0.997967
  Step 6900/10000 | R_avg = 0.983623 | norm = 0.997935
  Step 7000/10000 | R_avg = 0.983656 | norm = 0.997903
  Step 7100/10000 | R_avg = 0.983602 | norm = 0.997871
  Step 7200/10000 | R_avg = 0.983629 | norm = 0.997838
  Step 7300/10000 | R_avg = 0.983634 | norm = 0.997805
  Step 7400/10000 | R_avg = 0.983635 | norm = 0.997771
  Saved spatial snapshot at t = 75 (step 7500)
  Step 7500/10000 | R_avg = 0.983618 | norm = 0.997738
  Step 7600/10000 | R_avg = 0.983622 | norm = 0.997704
  Step 7700/10000 | R_avg = 0.983631 | norm = 0.99767
  Step 7800/10000 | R_avg = 0.983625 | norm = 0.997637
  Step 7900/10000 | R_avg = 0.983625 | norm = 0.997604
  Step 8000/10000 | R_avg = 0.983654 | norm = 0.99757
  Step 8100/10000 | R_avg = 0.983624 | norm = 0.997537
  Step 8200/10000 | R_avg = 0.983625 | norm = 0.997503
  Step 8300/10000 | R_avg = 0.983593 | norm = 0.997469
  Step 8400/10000 | R_avg = 0.983661 | norm = 0.997435
  Step 8500/10000 | R_avg = 0.98361 | norm = 0.997401
  Step 8600/10000 | R_avg = 0.983648 | norm = 0.997367
  Step 8700/10000 | R_avg = 0.983622 | norm = 0.997333
  Step 8800/10000 | R_avg = 0.983593 | norm = 0.9973
  Step 8900/10000 | R_avg = 0.983626 | norm = 0.997267
  Step 9000/10000 | R_avg = 0.983641 | norm = 0.997235
  Step 9100/10000 | R_avg = 0.983625 | norm = 0.997204
  Step 9200/10000 | R_avg = 0.983639 | norm = 0.997173
  Step 9300/10000 | R_avg = 0.983618 | norm = 0.997144
  Step 9400/10000 | R_avg = 0.983634 | norm = 0.997115
  Step 9500/10000 | R_avg = 0.983608 | norm = 0.997086
  Step 9600/10000 | R_avg = 0.983604 | norm = 0.997059
  Step 9700/10000 | R_avg = 0.98364 | norm = 0.997031
  Step 9800/10000 | R_avg = 0.983615 | norm = 0.997004
  Step 9900/10000 | R_avg = 0.983597 | norm = 0.996976

===== Global Validation =====
✓ Global validation PASSED
  ✓ Probability Conservation: ||ψ||² = 0.996948 (drift: 0.305263% from initial 1) ✓ PASS
  ✓ Energy Conservation: E_total = 1.34682 (drift: 1.14809% from initial 1.33153) ✓ PASS
  ✓ Order Parameter Bounds: R ∈ [1, 1] ✓ PASS (within [0,1])
  ✓ Causality: v = |p|/E = 0.367107 (c = 1) ✓ PASS (v ≤ c)
  ✓ Numerical Stability: All fields finite ✓ PASS

===== Scenario 2.3: Relativistic Mass Validation =====
  Boost velocity: v = 0.55c
  Theoretical gamma: γ = 1.19737
✗ Scenario validation FAILED:
  ✓ 1. θ(x,y,t=0) shows vortex structure (W = ±1): Winding number W = 1 ✓ PASS (|W| ≈ 1)
  ✗ 3. R(x,y,t=0) shows core (R_min < 0.5): R_min = 1 ✗ FAIL (expect R_min < 0.5)
  ✗ 4. ψ(x,y,t=0) is Gaussian at offset position: Wavepacket variance = 6.55052e-07 ✗ FAIL (too uniform, not Gaussian)
  ✗ 5. ⟨p⟩(t=0) = γmv (within 5%): ⟨p⟩ = 0.601549 (expect 0.658553, error = 8.65594%) ✗ FAIL (exceeds 5% tolerance)
  ✗ 6. γ_measured(t=final) within 5% of theory: γ_measured = 1.27367 (γ_theory = 1.19737, error = 6.37227%) ✗ FAIL (exceeds 5% tolerance)
  Norm validation: max_error = 0.00305173 ✓ PASS
  Energy validation: max_drift = 0.0151946 ✓ PASS
  Saved observables to /home/persist/neotec/0rigin/output/20251226_120635_scenario_2.4A_velocity_threshold_128x128_v0.6/N_10/observables.csv

--- Validating Convergence ---
✗ Convergence validation FAILED

========================================
Velocity: v=0.6c
========================================

Initializing engine for 128×128 grid, velocity v=0.6c...
[SMFTEngine] Resources cleanup delegated to component managers

[SMFTEngine] Physical Interpretation:
  Vacuum potential Δ = 1 (Planck mass in natural units)
  Synchronization field R(x) → Emergent spacetime metric
  Mass field m(x) = Δ·R(x) → Local energy density
  ∇R(x) → Gravitational field (not separate force)
  Grid: 128 x 128 oscillators

[SMFTEngine] Created GPU buffers for 128x128 grid
  Phase buffers: 65536 bytes each
  Spinor buffer: 524288 bytes
  Accumulator buffers: 65536 bytes each (operator splitting)
[SMFTEngine] Created compute pipelines
  ✓ Kuramoto pipeline
  ✓ Sync field pipeline
  ✓ Gravity field pipeline
  ✓ Stochastic Kuramoto pipeline
  ✓ Stochastic Dirac pipeline
  ✓ Accumulation pipeline (operator splitting)
Created experiment directory: /home/persist/neotec/0rigin/output/20251226_120807_scenario_2.4A_velocity_threshold_128x128_v0.6
[OutputManager] Created timestamped directory: /home/persist/neotec/0rigin/output/20251226_120807_scenario_2.4A_velocity_threshold_128x128_v0.6
