[Logging] Console output for 128x128 v=0.65c writing to: /home/persist/neotec/0rigin/output/20251226_120939_scenario_2.4A_velocity_threshold_128x128_v0.6/console.log

--- Testing with N=10 ---
  Vortex initialization (grid-independent):
    Domain size: 100 ℓ_P
    Grid spacing: 0.78125 ℓ_P
    Core radius: 3 ℓ_P (3.84 grid points)
    Center: (50, 50) ℓ_P
    Winding number: W = 1
  Dirac initialization (grid-independent):
    Position: (50, 50) ℓ_P
    Width: 3 ℓ_P
    Grid coordinates: (64, 64) grid units
    Grid width: 3.84 grid units
  Using Dirac solver (spinor field) with boosted initialization
    Background R (expected): 1
[DiracEvolution] Initialized 128x128 4-component spinor field (particle, β=1)
[SMFT] Boosted Gaussian initialization:
  Position: (64, 64) grid units
  Width: σ = 3.84 grid units
  Velocity: v = (0.65, 0)c
  |v| = 0.65c
  Lorentz factor: γ = 1.3159
  Rest mass: m₀ = Δ·R = 1 × 1 = 1 m_P
  Momentum: p = (0.855337, 0) m_P·c
  |p| = 0.855337 m_P·c
  Pre-normalization: ∫|Ψ|² = 92.6492
  Normalization factor: 9.62545
[DiracEvolution] Initialized Gaussian wavepacket at (64, 64) with σ=3.84
  Final norm: ||Ψ||² = 1
  Initial position: <r> = (64, 64)
✓ Boosted Gaussian initialized
[SMFTEngine] Boosted Dirac field initialized: center=(64,64), sigma=3.84, boost=(0.65,0)c, norm=1, <r>=(64,64)
[DiracEvolution] Initialized 128x128 4-component spinor field (particle, β=1)
[SMFT] Boosted Gaussian initialization:
  Position: (64, 64) grid units
  Width: σ = 3.84 grid units
  Velocity: v = (0.65, 0)c
  |v| = 0.65c
  Lorentz factor: γ = 1.3159
  Rest mass: m₀ = Δ·R = 1 × 1 = 1 m_P
  Momentum: p = (0.855337, 0) m_P·c
  |p| = 0.855337 m_P·c
  Pre-normalization: ∫|Ψ|² = 92.6492
  Normalization factor: 9.62545
[DiracEvolution] Initialized Gaussian wavepacket at (64, 64) with σ=3.84
  Final norm: ||Ψ||² = 1
  Initial position: <r> = (64, 64)
✓ Boosted Gaussian initialized
  Initial energy E0 = 1.59793
  Initial norm = 1
  Saved spatial snapshot at t = 0 (step 0)
  Step 0/10000 | R_avg = 0.983611 | norm = 1
  Step 100/10000 | R_avg = 0.983586 | norm = 0.999978
  Step 200/10000 | R_avg = 0.983639 | norm = 0.999954
  Step 300/10000 | R_avg = 0.983597 | norm = 0.99993
  Step 400/10000 | R_avg = 0.983594 | norm = 0.999905
  Step 500/10000 | R_avg = 0.983577 | norm = 0.99988
  Step 600/10000 | R_avg = 0.983586 | norm = 0.999853
  Step 700/10000 | R_avg = 0.983635 | norm = 0.999827
  Step 800/10000 | R_avg = 0.983643 | norm = 0.999799
  Step 900/10000 | R_avg = 0.98364 | norm = 0.999771
  Step 1000/10000 | R_avg = 0.983616 | norm = 0.999744
  Step 1100/10000 | R_avg = 0.983604 | norm = 0.999715
  Step 1200/10000 | R_avg = 0.983635 | norm = 0.999687
  Step 1300/10000 | R_avg = 0.983644 | norm = 0.999659
  Step 1400/10000 | R_avg = 0.983617 | norm = 0.999631
  Step 1500/10000 | R_avg = 0.983586 | norm = 0.999603
  Step 1600/10000 | R_avg = 0.983618 | norm = 0.999575
  Step 1700/10000 | R_avg = 0.983628 | norm = 0.999548
  Step 1800/10000 | R_avg = 0.983635 | norm = 0.99952
  Step 1900/10000 | R_avg = 0.983633 | norm = 0.999492
  Step 2000/10000 | R_avg = 0.983618 | norm = 0.999463
  Step 2100/10000 | R_avg = 0.98358 | norm = 0.999433
  Step 2200/10000 | R_avg = 0.983621 | norm = 0.999403
  Step 2300/10000 | R_avg = 0.98365 | norm = 0.999373
  Step 2400/10000 | R_avg = 0.983618 | norm = 0.999343
  Saved spatial snapshot at t = 25 (step 2500)
  Step 2500/10000 | R_avg = 0.983587 | norm = 0.999313
  Step 2600/10000 | R_avg = 0.983668 | norm = 0.999284
  Step 2700/10000 | R_avg = 0.983602 | norm = 0.999256
  Step 2800/10000 | R_avg = 0.98363 | norm = 0.999228
  Step 2900/10000 | R_avg = 0.983611 | norm = 0.999202
  Step 3000/10000 | R_avg = 0.98359 | norm = 0.999177
  Step 3100/10000 | R_avg = 0.983627 | norm = 0.999153
  Step 3200/10000 | R_avg = 0.983663 | norm = 0.99913
  Step 3300/10000 | R_avg = 0.983621 | norm = 0.999107
  Step 3400/10000 | R_avg = 0.983563 | norm = 0.999085
  Step 3500/10000 | R_avg = 0.983627 | norm = 0.999062
  Step 3600/10000 | R_avg = 0.983602 | norm = 0.999038
  Step 3700/10000 | R_avg = 0.983604 | norm = 0.999014
  Step 3800/10000 | R_avg = 0.983643 | norm = 0.998988
  Step 3900/10000 | R_avg = 0.98363 | norm = 0.99896
  Step 4000/10000 | R_avg = 0.983635 | norm = 0.99893
  Step 4100/10000 | R_avg = 0.983599 | norm = 0.998899
  Step 4200/10000 | R_avg = 0.983603 | norm = 0.998867
  Step 4300/10000 | R_avg = 0.983613 | norm = 0.998833
  Step 4400/10000 | R_avg = 0.983635 | norm = 0.998799
  Step 4500/10000 | R_avg = 0.983615 | norm = 0.998764
  Step 4600/10000 | R_avg = 0.983592 | norm = 0.99873
  Step 4700/10000 | R_avg = 0.983605 | norm = 0.998695
  Step 4800/10000 | R_avg = 0.983586 | norm = 0.998661
  Step 4900/10000 | R_avg = 0.98361 | norm = 0.998627
  Saved spatial snapshot at t = 50 (step 5000)
  Step 5000/10000 | R_avg = 0.983643 | norm = 0.998593
  Step 5100/10000 | R_avg = 0.983631 | norm = 0.998558
  Step 5200/10000 | R_avg = 0.983587 | norm = 0.998524
  Step 5300/10000 | R_avg = 0.983598 | norm = 0.998489
  Step 5400/10000 | R_avg = 0.983659 | norm = 0.998455
  Step 5500/10000 | R_avg = 0.98361 | norm = 0.99842
  Step 5600/10000 | R_avg = 0.983599 | norm = 0.998386
  Step 5700/10000 | R_avg = 0.983619 | norm = 0.998352
  Step 5800/10000 | R_avg = 0.983594 | norm = 0.998318
  Step 5900/10000 | R_avg = 0.983644 | norm = 0.998284
  Step 6000/10000 | R_avg = 0.983626 | norm = 0.998251
  Step 6100/10000 | R_avg = 0.983595 | norm = 0.998219
  Step 6200/10000 | R_avg = 0.983606 | norm = 0.998187
  Step 6300/10000 | R_avg = 0.983629 | norm = 0.998156
  Step 6400/10000 | R_avg = 0.983629 | norm = 0.998126
  Step 6500/10000 | R_avg = 0.983594 | norm = 0.998096
  Step 6600/10000 | R_avg = 0.983613 | norm = 0.998066
  Step 6700/10000 | R_avg = 0.983583 | norm = 0.998035
  Step 6800/10000 | R_avg = 0.983646 | norm = 0.998003
  Step 6900/10000 | R_avg = 0.983619 | norm = 0.997971
  Step 7000/10000 | R_avg = 0.983636 | norm = 0.997939
  Step 7100/10000 | R_avg = 0.983588 | norm = 0.997906
  Step 7200/10000 | R_avg = 0.983607 | norm = 0.997872
  Step 7300/10000 | R_avg = 0.983671 | norm = 0.997839
  Step 7400/10000 | R_avg = 0.983623 | norm = 0.997805
  Saved spatial snapshot at t = 75 (step 7500)
  Step 7500/10000 | R_avg = 0.983624 | norm = 0.997771
  Step 7600/10000 | R_avg = 0.983658 | norm = 0.997737
  Step 7700/10000 | R_avg = 0.983566 | norm = 0.997704
  Step 7800/10000 | R_avg = 0.983641 | norm = 0.99767
  Step 7900/10000 | R_avg = 0.983625 | norm = 0.997636
  Step 8000/10000 | R_avg = 0.983595 | norm = 0.997603
  Step 8100/10000 | R_avg = 0.983642 | norm = 0.997569
  Step 8200/10000 | R_avg = 0.983619 | norm = 0.997535
  Step 8300/10000 | R_avg = 0.98363 | norm = 0.997501
  Step 8400/10000 | R_avg = 0.983609 | norm = 0.997467
  Step 8500/10000 | R_avg = 0.9836 | norm = 0.997432
  Step 8600/10000 | R_avg = 0.983612 | norm = 0.997398
  Step 8700/10000 | R_avg = 0.983602 | norm = 0.997364
  Step 8800/10000 | R_avg = 0.98363 | norm = 0.997331
  Step 8900/10000 | R_avg = 0.983602 | norm = 0.997298
  Step 9000/10000 | R_avg = 0.983611 | norm = 0.997266
  Step 9100/10000 | R_avg = 0.983641 | norm = 0.997236
  Step 9200/10000 | R_avg = 0.983652 | norm = 0.997206
  Step 9300/10000 | R_avg = 0.983585 | norm = 0.997177
  Step 9400/10000 | R_avg = 0.983584 | norm = 0.997149
  Step 9500/10000 | R_avg = 0.983633 | norm = 0.997122
  Step 9600/10000 | R_avg = 0.98358 | norm = 0.997096
  Step 9700/10000 | R_avg = 0.983607 | norm = 0.99707
  Step 9800/10000 | R_avg = 0.983588 | norm = 0.997044
  Step 9900/10000 | R_avg = 0.98359 | norm = 0.997017

===== Global Validation =====
✓ Global validation PASSED
  ✓ Probability Conservation: ||ψ||² = 0.996991 (drift: 0.301024% from initial 1) ✓ PASS
  ✓ Energy Conservation: E_total = 1.52254 (drift: 0.479238% from initial 1.51527) ✓ PASS
  ✓ Order Parameter Bounds: R ∈ [1, 1] ✓ PASS (within [0,1])
  ✓ Causality: v = |p|/E = 0.424716 (c = 1) ✓ PASS (v ≤ c)
  ✓ Numerical Stability: All fields finite ✓ PASS

===== Scenario 2.3: Relativistic Mass Validation =====
  Boost velocity: v = 0.65c
  Theoretical gamma: γ = 1.3159
✗ Scenario validation FAILED:
  ✓ 1. θ(x,y,t=0) shows vortex structure (W = ±1): Winding number W = 1 ✓ PASS (|W| ≈ 1)
  ✗ 3. R(x,y,t=0) shows core (R_min < 0.5): R_min = 1 ✗ FAIL (expect R_min < 0.5)
  ✗ 4. ψ(x,y,t=0) is Gaussian at offset position: Wavepacket variance = 6.55052e-07 ✗ FAIL (too uniform, not Gaussian)
  ✗ 5. ⟨p⟩(t=0) = γmv (within 5%): ⟨p⟩ = 0.74199 (expect 0.855337, error = 13.2517%) ✗ FAIL (exceeds 5% tolerance)
  ✗ 6. γ_measured(t=final) within 5% of theory: γ_measured = 1.4014 (γ_theory = 1.3159, error = 6.49687%) ✗ FAIL (exceeds 5% tolerance)
  Norm validation: max_error = 0.00300941 ✓ PASS
  Energy validation: max_drift = 0.0131542 ✓ PASS
  Saved observables to /home/persist/neotec/0rigin/output/20251226_120939_scenario_2.4A_velocity_threshold_128x128_v0.6/N_10/observables.csv

--- Validating Convergence ---
✗ Convergence validation FAILED

========================================
Velocity: v=0.7c
========================================

Initializing engine for 128×128 grid, velocity v=0.7c...
[SMFTEngine] Resources cleanup delegated to component managers

[SMFTEngine] Physical Interpretation:
  Vacuum potential Δ = 1 (Planck mass in natural units)
  Synchronization field R(x) → Emergent spacetime metric
  Mass field m(x) = Δ·R(x) → Local energy density
  ∇R(x) → Gravitational field (not separate force)
  Grid: 128 x 128 oscillators

[SMFTEngine] Created GPU buffers for 128x128 grid
  Phase buffers: 65536 bytes each
  Spinor buffer: 524288 bytes
  Accumulator buffers: 65536 bytes each (operator splitting)
[SMFTEngine] Created compute pipelines
  ✓ Kuramoto pipeline
  ✓ Sync field pipeline
  ✓ Gravity field pipeline
  ✓ Stochastic Kuramoto pipeline
  ✓ Stochastic Dirac pipeline
  ✓ Accumulation pipeline (operator splitting)
Created experiment directory: /home/persist/neotec/0rigin/output/20251226_121110_scenario_2.4A_velocity_threshold_128x128_v0.7
[OutputManager] Created timestamped directory: /home/persist/neotec/0rigin/output/20251226_121110_scenario_2.4A_velocity_threshold_128x128_v0.7
