[Logging] Console output for 128x128 writing to: /home/persist/neotec/0rigin/output/20251226_014704_scenario_2.5A_klein_gordon_comparison_v0.7/console.log

--- Testing with N=10 ---
[DEBUG] solver_type = 'klein_gordon', use_klein_gordon = 1
  Dirac initialization (grid-independent):
    Position: (50, 50) ℓ_P
    Width: 3 ℓ_P
    Grid coordinates: (64, 64) grid units
    Grid width: 3.84 grid units
  Using Klein-Gordon solver (scalar field) with boosted initialization
    Background R (expected): 1
[KleinGordonEvolution] Initialized 128x128 scalar field
[SMFT] Boosted Gaussian initialization (Klein-Gordon):
  Position: (64, 64) grid units
  Width: σ = 3.84 grid units
  Velocity: v = (0.7, 0)c
  |v| = 0.7c
  Lorentz factor: γ = 1.40028
  Rest mass: m₀ = Δ·R = 1 × 1 = 1 m_P
  Momentum: p = (0.980196, 0) m_P·c
  |p| = 0.980196 m_P·c
  Energy: ω = 1.40028 m_P·c²
[KleinGordonEvolution] Initialized Gaussian wavepacket at (64, 64) with σ=3.84
  Final norm: ||φ||² = 1
  Initial position: <r> = (64, 64)
✓ Boosted Gaussian initialized (Klein-Gordon)
[SMFTEngine] Boosted Klein-Gordon field initialized: center=(64,64), sigma=3.84, boost=(0.7,0)c, norm=1, <r>=(64,64)
[DiracEvolution] Initialized 128x128 4-component spinor field (particle, β=1)
[DEBUG] Computing Klein-Gordon initial observables...
[DEBUG KE_KG] Nx=128, Ny=128, dx=1, T=1.96079, sample phi_dot[0]=(0,0)
[DEBUG PE_KG] Starting computation: Nx=128, Ny=128, sample phi[0]=(0,0)
[DEBUG] Klein-Gordon E0 = 2.67103, norm = 1
  Initial energy E0 = 2.67103
  Initial norm = 1
[stepWithDirac] Strang splitting enabled:
  substep_ratio=10
  substep_dt=0.001
  half_substeps=5
  remaining_substeps=5
  Saved spatial snapshot at t = 0 (step 0)
[DEBUG KE_KG] Nx=128, Ny=128, dx=1, T=1.96042, sample phi_dot[0]=(1.03917e-10,-4.94074e-09)
[DEBUG PE_KG] Starting computation: Nx=128, Ny=128, sample phi[0]=(-1.62737e-09,9.68048e-09)
  Step 0/5000 | R_avg = 0.999748 | norm = 1.00038
[DEBUG KE_KG] Nx=128, Ny=128, dx=1, T=1.28887, sample phi_dot[0]=(7.07132e-11,-9.19199e-08)
[DEBUG PE_KG] Starting computation: Nx=128, Ny=128, sample phi[0]=(-1.2185e-09,4.89291e-07)
[DEBUG KE_KG] Nx=128, Ny=128, dx=1, T=1.18746, sample phi_dot[0]=(-6.77073e-09,-4.82068e-07)
[DEBUG PE_KG] Starting computation: Nx=128, Ny=128, sample phi[0]=(6.4431e-08,9.24174e-07)
[DEBUG KE_KG] Nx=128, Ny=128, dx=1, T=1.87802, sample phi_dot[0]=(-7.31101e-08,-9.98666e-07)
[DEBUG PE_KG] Starting computation: Nx=128, Ny=128, sample phi[0]=(3.76878e-07,8.62835e-07)
[DEBUG KE_KG] Nx=128, Ny=128, dx=1, T=1.46738, sample phi_dot[0]=(-3.58809e-07,-1.20036e-06)
[DEBUG PE_KG] Starting computation: Nx=128, Ny=128, sample phi[0]=(8.02177e-07,-1.25427e-08)
[DEBUG KE_KG] Nx=128, Ny=128, dx=1, T=1.18958, sample phi_dot[0]=(-8.01574e-07,-8.29428e-07)
[DEBUG PE_KG] Starting computation: Nx=128, Ny=128, sample phi[0]=(8.96403e-07,-1.59069e-06)
[DEBUG KE_KG] Nx=128, Ny=128, dx=1, T=1.69054, sample phi_dot[0]=(-1.17092e-06,3.34968e-07)
[DEBUG PE_KG] Starting computation: Nx=128, Ny=128, sample phi[0]=(2.55735e-07,-3.01339e-06)
[DEBUG KE_KG] Nx=128, Ny=128, dx=1, T=1.57267, sample phi_dot[0]=(-1.03058e-06,1.92744e-06)
[DEBUG PE_KG] Starting computation: Nx=128, Ny=128, sample phi[0]=(-1.01919e-06,-3.19327e-06)
[DEBUG KE_KG] Nx=128, Ny=128, dx=1, T=1.30187, sample phi_dot[0]=(-1.87068e-07,3.18738e-06)
[DEBUG PE_KG] Starting computation: Nx=128, Ny=128, sample phi[0]=(-2.22143e-06,-1.5839e-06)
[DEBUG KE_KG] Nx=128, Ny=128, dx=1, T=1.53304, sample phi_dot[0]=(1.03784e-06,3.32972e-06)
[DEBUG PE_KG] Starting computation: Nx=128, Ny=128, sample phi[0]=(-2.4676e-06,1.47083e-06)
[DEBUG KE_KG] Nx=128, Ny=128, dx=1, T=1.57222, sample phi_dot[0]=(2.06933e-06,1.84719e-06)
[DEBUG PE_KG] Starting computation: Nx=128, Ny=128, sample phi[0]=(-1.43593e-06,4.44316e-06)
  Step 500/5000 | R_avg = 0.999742 | norm = 1.38597
[DEBUG KE_KG] Nx=128, Ny=128, dx=1, T=1.42046, sample phi_dot[0]=(2.40042e-06,-8.33311e-07)
[DEBUG PE_KG] Starting computation: Nx=128, Ny=128, sample phi[0]=(5.58344e-07,5.69317e-06)
[DEBUG KE_KG] Nx=128, Ny=128, dx=1, T=1.47049, sample phi_dot[0]=(1.56581e-06,-3.58459e-06)
[DEBUG PE_KG] Starting computation: Nx=128, Ny=128, sample phi[0]=(2.52873e-06,4.26741e-06)
[DEBUG KE_KG] Nx=128, Ny=128, dx=1, T=1.52564, sample phi_dot[0]=(-7.80628e-08,-4.77847e-06)
[DEBUG PE_KG] Starting computation: Nx=128, Ny=128, sample phi[0]=(3.3595e-06,7.38279e-07)
[DEBUG KE_KG] Nx=128, Ny=128, dx=1, T=1.48023, sample phi_dot[0]=(-1.63032e-06,-3.97661e-06)
[DEBUG PE_KG] Starting computation: Nx=128, Ny=128, sample phi[0]=(2.73229e-06,-3.03393e-06)
[DEBUG KE_KG] Nx=128, Ny=128, dx=1, T=1.47132, sample phi_dot[0]=(-2.44751e-06,-1.85783e-06)
[DEBUG PE_KG] Starting computation: Nx=128, Ny=128, sample phi[0]=(1.01219e-06,-5.55286e-06)
[DEBUG KE_KG] Nx=128, Ny=128, dx=1, T=1.49321, sample phi_dot[0]=(-2.41016e-06,1.08154e-06)
[DEBUG PE_KG] Starting computation: Nx=128, Ny=128, sample phi[0]=(-9.94977e-07,-5.83904e-06)
[DEBUG KE_KG] Nx=128, Ny=128, dx=1, T=1.49103, sample phi_dot[0]=(-1.5638e-06,3.33706e-06)
[DEBUG PE_KG] Starting computation: Nx=128, Ny=128, sample phi[0]=(-2.6009e-06,-3.79428e-06)
[DEBUG KE_KG] Nx=128, Ny=128, dx=1, T=1.48318, sample phi_dot[0]=(-1.60492e-07,4.40817e-06)
[DEBUG PE_KG] Starting computation: Nx=128, Ny=128, sample phi[0]=(-3.16024e-06,-4.72243e-07)
[DEBUG KE_KG] Nx=128, Ny=128, dx=1, T=1.48519, sample phi_dot[0]=(1.23208e-06,4.00259e-06)
[DEBUG PE_KG] Starting computation: Nx=128, Ny=128, sample phi[0]=(-2.52055e-06,3.07992e-06)
  Saved spatial snapshot at t = 10 (step 1000)
[DEBUG KE_KG] Nx=128, Ny=128, dx=1, T=1.48763, sample phi_dot[0]=(2.21421e-06,1.81077e-06)
[DEBUG PE_KG] Starting computation: Nx=128, Ny=128, sample phi[0]=(-8.82138e-07,5.17167e-06)
  Step 1000/5000 | R_avg = 0.99977 | norm = 1.49805
[DEBUG KE_KG] Nx=128, Ny=128, dx=1, T=1.48687, sample phi_dot[0]=(2.28143e-06,-6.65931e-07)
[DEBUG PE_KG] Starting computation: Nx=128, Ny=128, sample phi[0]=(1.0987e-06,4.93399e-06)
[DEBUG KE_KG] Nx=128, Ny=128, dx=1, T=1.486, sample phi_dot[0]=(1.31973e-06,-2.74339e-06)
[DEBUG PE_KG] Starting computation: Nx=128, Ny=128, sample phi[0]=(2.42007e-06,2.7268e-06)
[DEBUG KE_KG] Nx=128, Ny=128, dx=1, T=1.48614, sample phi_dot[0]=(2.14656e-08,-3.65121e-06)
[DEBUG PE_KG] Starting computation: Nx=128, Ny=128, sample phi[0]=(2.46989e-06,-5.13456e-07)
[DEBUG KE_KG] Nx=128, Ny=128, dx=1, T=1.48644, sample phi_dot[0]=(-1.09471e-06,-2.65796e-06)
[DEBUG PE_KG] Starting computation: Nx=128, Ny=128, sample phi[0]=(1.36896e-06,-3.09076e-06)
[DEBUG KE_KG] Nx=128, Ny=128, dx=1, T=1.48642, sample phi_dot[0]=(-1.4624e-06,-5.85687e-07)
[DEBUG PE_KG] Starting computation: Nx=128, Ny=128, sample phi[0]=(-1.67314e-07,-3.61682e-06)
[DEBUG KE_KG] Nx=128, Ny=128, dx=1, T=1.48629, sample phi_dot[0]=(-1.05323e-06,1.16073e-06)
[DEBUG PE_KG] Starting computation: Nx=128, Ny=128, sample phi[0]=(-1.26021e-06,-2.14319e-06)
[DEBUG KE_KG] Nx=128, Ny=128, dx=1, T=1.48619, sample phi_dot[0]=(-1.17683e-07,1.69287e-06)
[DEBUG PE_KG] Starting computation: Nx=128, Ny=128, sample phi[0]=(-1.29136e-06,1.81813e-07)
[DEBUG KE_KG] Nx=128, Ny=128, dx=1, T=1.48633, sample phi_dot[0]=(4.90386e-07,7.64432e-07)
[DEBUG PE_KG] Starting computation: Nx=128, Ny=128, sample phi[0]=(-4.7057e-07,1.62868e-06)
[DEBUG KE_KG] Nx=128, Ny=128, dx=1, T=1.48626, sample phi_dot[0]=(3.64975e-07,-3.18764e-07)
[DEBUG PE_KG] Starting computation: Nx=128, Ny=128, sample phi[0]=(4.17947e-07,1.51244e-06)
[DEBUG KE_KG] Nx=128, Ny=128, dx=1, T=1.48607, sample phi_dot[0]=(-2.28639e-07,-8.17583e-07)
[DEBUG PE_KG] Starting computation: Nx=128, Ny=128, sample phi[0]=(7.01673e-07,3.96235e-07)
  Step 1500/5000 | R_avg = 0.999753 | norm = 1.49879
[DEBUG KE_KG] Nx=128, Ny=128, dx=1, T=1.48625, sample phi_dot[0]=(-6.02553e-07,-5.53188e-07)
[DEBUG PE_KG] Starting computation: Nx=128, Ny=128, sample phi[0]=(3.6905e-07,-9.0803e-07)
[DEBUG KE_KG] Nx=128, Ny=128, dx=1, T=1.48624, sample phi_dot[0]=(-6.09929e-07,5.00423e-07)
[DEBUG PE_KG] Starting computation: Nx=128, Ny=128, sample phi[0]=(-2.01484e-07,-1.64526e-06)
[DEBUG KE_KG] Nx=128, Ny=128, dx=1, T=1.48594, sample phi_dot[0]=(-2.18912e-07,1.55228e-06)
[DEBUG PE_KG] Starting computation: Nx=128, Ny=128, sample phi[0]=(-7.10404e-07,-1.3722e-06)
[DEBUG KE_KG] Nx=128, Ny=128, dx=1, T=1.48606, sample phi_dot[0]=(3.64193e-07,1.86015e-06)
[DEBUG PE_KG] Starting computation: Nx=128, Ny=128, sample phi[0]=(-1.07224e-06,-4.56214e-07)
[DEBUG KE_KG] Nx=128, Ny=128, dx=1, T=1.48624, sample phi_dot[0]=(1.08129e-06,1.46222e-06)
[DEBUG PE_KG] Starting computation: Nx=128, Ny=128, sample phi[0]=(-1.03497e-06,8.84311e-07)
[DEBUG KE_KG] Nx=128, Ny=128, dx=1, T=1.48609, sample phi_dot[0]=(1.42236e-06,3.04436e-07)
[DEBUG PE_KG] Starting computation: Nx=128, Ny=128, sample phi[0]=(-5.01456e-07,2.11482e-06)
[DEBUG KE_KG] Nx=128, Ny=128, dx=1, T=1.48598, sample phi_dot[0]=(1.28268e-06,-1.05226e-06)
[DEBUG PE_KG] Starting computation: Nx=128, Ny=128, sample phi[0]=(4.60634e-07,2.70662e-06)
[DEBUG KE_KG] Nx=128, Ny=128, dx=1, T=1.4861, sample phi_dot[0]=(4.83141e-07,-2.19356e-06)
[DEBUG PE_KG] Starting computation: Nx=128, Ny=128, sample phi[0]=(1.37846e-06,2.27362e-06)
[DEBUG KE_KG] Nx=128, Ny=128, dx=1, T=1.48604, sample phi_dot[0]=(-5.38343e-07,-2.45306e-06)
[DEBUG PE_KG] Starting computation: Nx=128, Ny=128, sample phi[0]=(1.7911e-06,9.22968e-07)
[DEBUG KE_KG] Nx=128, Ny=128, dx=1, T=1.48592, sample phi_dot[0]=(-1.2684e-06,-1.89114e-06)
[DEBUG PE_KG] Starting computation: Nx=128, Ny=128, sample phi[0]=(1.41632e-06,-7.77436e-07)
  Step 2000/5000 | R_avg = 0.999755 | norm = 1.49854
[DEBUG KE_KG] Nx=128, Ny=128, dx=1, T=1.486, sample phi_dot[0]=(-1.1849e-06,-8.41891e-07)
[DEBUG PE_KG] Starting computation: Nx=128, Ny=128, sample phi[0]=(7.09434e-07,-2.08439e-06)
[DEBUG KE_KG] Nx=128, Ny=128, dx=1, T=1.48601, sample phi_dot[0]=(-7.46548e-07,-3.60614e-07)
[DEBUG PE_KG] Starting computation: Nx=128, Ny=128, sample phi[0]=(2.00206e-07,-2.98593e-06)
[DEBUG KE_KG] Nx=128, Ny=128, dx=1, T=1.48592, sample phi_dot[0]=(-8.4227e-07,1.04767e-08)
[DEBUG PE_KG] Starting computation: Nx=128, Ny=128, sample phi[0]=(-1.86499e-07,-3.78043e-06)
[DEBUG KE_KG] Nx=128, Ny=128, dx=1, T=1.48587, sample phi_dot[0]=(-1.38673e-06,1.28611e-06)
[DEBUG PE_KG] Starting computation: Nx=128, Ny=128, sample phi[0]=(-1.18128e-06,-4.03191e-06)
[DEBUG KE_KG] Nx=128, Ny=128, dx=1, T=1.4859, sample phi_dot[0]=(-1.37848e-06,3.73026e-06)
[DEBUG PE_KG] Starting computation: Nx=128, Ny=128, sample phi[0]=(-2.70531e-06,-2.45834e-06)
[DEBUG KE_KG] Nx=128, Ny=128, dx=1, T=1.48589, sample phi_dot[0]=(-3.73782e-08,5.86749e-06)
[DEBUG PE_KG] Starting computation: Nx=128, Ny=128, sample phi[0]=(-3.95986e-06,1.60615e-06)
[DEBUG KE_KG] Nx=128, Ny=128, dx=1, T=1.48581, sample phi_dot[0]=(2.69044e-06,5.28539e-06)
[DEBUG PE_KG] Starting computation: Nx=128, Ny=128, sample phi[0]=(-3.3143e-06,7.08494e-06)
[DEBUG KE_KG] Nx=128, Ny=128, dx=1, T=1.48581, sample phi_dot[0]=(5.39193e-06,4.26137e-07)
[DEBUG PE_KG] Starting computation: Nx=128, Ny=128, sample phi[0]=(1.41512e-07,1.03164e-05)
[DEBUG KE_KG] Nx=128, Ny=128, dx=1, T=1.48582, sample phi_dot[0]=(4.84726e-06,-6.7928e-06)
[DEBUG PE_KG] Starting computation: Nx=128, Ny=128, sample phi[0]=(5.15878e-06,7.80876e-06)
  Saved spatial snapshot at t = 25 (step 2500)
[DEBUG KE_KG] Nx=128, Ny=128, dx=1, T=1.48577, sample phi_dot[0]=(4.84185e-07,-1.13225e-05)
[DEBUG PE_KG] Starting computation: Nx=128, Ny=128, sample phi[0]=(7.87393e-06,-8.36011e-07)
  Step 2500/5000 | R_avg = 0.999759 | norm = 1.49821
[DEBUG KE_KG] Nx=128, Ny=128, dx=1, T=1.48574, sample phi_dot[0]=(-5.40333e-06,-8.51924e-06)
[DEBUG PE_KG] Starting computation: Nx=128, Ny=128, sample phi[0]=(5.56353e-06,-1.0483e-05)
[DEBUG KE_KG] Nx=128, Ny=128, dx=1, T=1.48573, sample phi_dot[0]=(-7.95347e-06,9.46879e-07)
[DEBUG PE_KG] Starting computation: Nx=128, Ny=128, sample phi[0]=(-1.22205e-06,-1.39224e-05)
[DEBUG KE_KG] Nx=128, Ny=128, dx=1, T=1.4857, sample phi_dot[0]=(-4.84745e-06,1.01798e-05)
[DEBUG PE_KG] Starting computation: Nx=128, Ny=128, sample phi[0]=(-7.59884e-06,-7.45704e-06)
[DEBUG KE_KG] Nx=128, Ny=128, dx=1, T=1.48568, sample phi_dot[0]=(2.42701e-06,1.16798e-05)
[DEBUG PE_KG] Starting computation: Nx=128, Ny=128, sample phi[0]=(-8.38462e-06,4.40919e-06)
[DEBUG KE_KG] Nx=128, Ny=128, dx=1, T=1.48566, sample phi_dot[0]=(7.32624e-06,3.77947e-06)
[DEBUG PE_KG] Starting computation: Nx=128, Ny=128, sample phi[0]=(-2.49702e-06,1.24859e-05)
[DEBUG KE_KG] Nx=128, Ny=128, dx=1, T=1.48562, sample phi_dot[0]=(5.88804e-06,-6.68976e-06)
[DEBUG PE_KG] Starting computation: Nx=128, Ny=128, sample phi[0]=(5.10277e-06,9.97638e-06)
[DEBUG KE_KG] Nx=128, Ny=128, dx=1, T=1.48564, sample phi_dot[0]=(-1.19194e-06,-1.03355e-05)
[DEBUG PE_KG] Starting computation: Nx=128, Ny=128, sample phi[0]=(7.74251e-06,-4.53227e-07)
[DEBUG KE_KG] Nx=128, Ny=128, dx=1, T=1.48562, sample phi_dot[0]=(-6.4776e-06,-3.97364e-06)
[DEBUG PE_KG] Starting computation: Nx=128, Ny=128, sample phi[0]=(3.14246e-06,-9.43356e-06)
[DEBUG KE_KG] Nx=128, Ny=128, dx=1, T=1.48556, sample phi_dot[0]=(-5.54607e-06,5.8283e-06)
[DEBUG PE_KG] Starting computation: Nx=128, Ny=128, sample phi[0]=(-4.13303e-06,-8.98612e-06)
[DEBUG KE_KG] Nx=128, Ny=128, dx=1, T=1.48557, sample phi_dot[0]=(1.56137e-06,9.64514e-06)
[DEBUG PE_KG] Starting computation: Nx=128, Ny=128, sample phi[0]=(-7.08084e-06,-5.71885e-07)
  Step 3000/5000 | R_avg = 0.999762 | norm = 1.49797
[DEBUG KE_KG] Nx=128, Ny=128, dx=1, T=1.48552, sample phi_dot[0]=(6.78538e-06,4.05825e-06)
[DEBUG PE_KG] Starting computation: Nx=128, Ny=128, sample phi[0]=(-3.00276e-06,7.47724e-06)
[DEBUG KE_KG] Nx=128, Ny=128, dx=1, T=1.48546, sample phi_dot[0]=(5.53502e-06,-4.77149e-06)
[DEBUG PE_KG] Starting computation: Nx=128, Ny=128, sample phi[0]=(3.52882e-06,7.69489e-06)
[DEBUG KE_KG] Nx=128, Ny=128, dx=1, T=1.48547, sample phi_dot[0]=(-1.11906e-06,-8.40596e-06)
[DEBUG PE_KG] Starting computation: Nx=128, Ny=128, sample phi[0]=(5.84039e-06,1.29438e-06)
[DEBUG KE_KG] Nx=128, Ny=128, dx=1, T=1.48552, sample phi_dot[0]=(-5.28082e-06,-3.59541e-06)
[DEBUG PE_KG] Starting computation: Nx=128, Ny=128, sample phi[0]=(2.41689e-06,-4.48452e-06)
[DEBUG KE_KG] Nx=128, Ny=128, dx=1, T=1.48544, sample phi_dot[0]=(-3.94186e-06,3.04913e-06)
[DEBUG PE_KG] Starting computation: Nx=128, Ny=128, sample phi[0]=(-2.39908e-06,-3.8036e-06)
[DEBUG KE_KG] Nx=128, Ny=128, dx=1, T=1.48539, sample phi_dot[0]=(1.54161e-06,4.31659e-06)
[DEBUG PE_KG] Starting computation: Nx=128, Ny=128, sample phi[0]=(-3.02629e-06,9.23442e-07)
[DEBUG KE_KG] Nx=128, Ny=128, dx=1, T=1.4855, sample phi_dot[0]=(3.40084e-06,-8.59315e-07)
[DEBUG PE_KG] Starting computation: Nx=128, Ny=128, sample phi[0]=(4.75879e-07,2.98032e-06)
[DEBUG KE_KG] Nx=128, Ny=128, dx=1, T=1.48536, sample phi_dot[0]=(6.18487e-07,-4.58691e-06)
[DEBUG PE_KG] Starting computation: Nx=128, Ny=128, sample phi[0]=(3.50032e-06,-7.46682e-07)
[DEBUG KE_KG] Nx=128, Ny=128, dx=1, T=1.48535, sample phi_dot[0]=(-4.08951e-06,-2.56466e-06)
[DEBUG PE_KG] Starting computation: Nx=128, Ny=128, sample phi[0]=(1.79531e-06,-5.82445e-06)
[DEBUG KE_KG] Nx=128, Ny=128, dx=1, T=1.48534, sample phi_dot[0]=(-4.05936e-06,4.03831e-06)
[DEBUG PE_KG] Starting computation: Nx=128, Ny=128, sample phi[0]=(-2.80735e-06,-6.33575e-06)
  Step 3500/5000 | R_avg = 0.999748 | norm = 1.49777
[DEBUG KE_KG] Nx=128, Ny=128, dx=1, T=1.48529, sample phi_dot[0]=(3.78304e-08,7.65272e-06)
[DEBUG PE_KG] Starting computation: Nx=128, Ny=128, sample phi[0]=(-5.71077e-06,-8.75005e-07)
[DEBUG KE_KG] Nx=128, Ny=128, dx=1, T=1.48532, sample phi_dot[0]=(4.62359e-06,5.62395e-06)
[DEBUG PE_KG] Starting computation: Nx=128, Ny=128, sample phi[0]=(-3.68851e-06,5.87729e-06)
[DEBUG KE_KG] Nx=128, Ny=128, dx=1, T=1.48528, sample phi_dot[0]=(4.80669e-06,-7.67608e-07)
[DEBUG PE_KG] Starting computation: Nx=128, Ny=128, sample phi[0]=(6.1334e-07,8.54901e-06)
[DEBUG KE_KG] Nx=128, Ny=128, dx=1, T=1.48522, sample phi_dot[0]=(2.25028e-06,-5.01683e-06)
[DEBUG PE_KG] Starting computation: Nx=128, Ny=128, sample phi[0]=(4.02683e-06,5.86885e-06)
[DEBUG KE_KG] Nx=128, Ny=128, dx=1, T=1.48522, sample phi_dot[0]=(-1.06552e-06,-5.90741e-06)
[DEBUG PE_KG] Starting computation: Nx=128, Ny=128, sample phi[0]=(4.14158e-06,8.83223e-07)
[DEBUG KE_KG] Nx=128, Ny=128, dx=1, T=1.48522, sample phi_dot[0]=(-2.0636e-06,-3.43919e-06)
[DEBUG PE_KG] Starting computation: Nx=128, Ny=128, sample phi[0]=(2.62208e-06,-3.00386e-06)
[DEBUG KE_KG] Nx=128, Ny=128, dx=1, T=1.48519, sample phi_dot[0]=(-1.74939e-06,-1.74462e-06)
[DEBUG PE_KG] Starting computation: Nx=128, Ny=128, sample phi[0]=(7.48419e-07,-4.71713e-06)
[DEBUG KE_KG] Nx=128, Ny=128, dx=1, T=1.48519, sample phi_dot[0]=(-1.52327e-06,8.44278e-08)
[DEBUG PE_KG] Starting computation: Nx=128, Ny=128, sample phi[0]=(-8.14973e-08,-4.89154e-06)
[DEBUG KE_KG] Nx=128, Ny=128, dx=1, T=1.48514, sample phi_dot[0]=(-1.87623e-06,9.65887e-07)
[DEBUG PE_KG] Starting computation: Nx=128, Ny=128, sample phi[0]=(-1.41243e-06,-4.29714e-06)
[DEBUG KE_KG] Nx=128, Ny=128, dx=1, T=1.48512, sample phi_dot[0]=(-1.66299e-06,3.67106e-06)
[DEBUG PE_KG] Starting computation: Nx=128, Ny=128, sample phi[0]=(-2.48103e-06,-2.28082e-06)
  Step 4000/5000 | R_avg = 0.999752 | norm = 1.49755
[DEBUG KE_KG] Nx=128, Ny=128, dx=1, T=1.48517, sample phi_dot[0]=(4.3924e-08,4.37182e-06)
[DEBUG PE_KG] Starting computation: Nx=128, Ny=128, sample phi[0]=(-3.31605e-06,1.18954e-06)
[DEBUG KE_KG] Nx=128, Ny=128, dx=1, T=1.48504, sample phi_dot[0]=(1.73751e-06,3.33905e-06)
[DEBUG PE_KG] Starting computation: Nx=128, Ny=128, sample phi[0]=(-2.03182e-06,4.40543e-06)
[DEBUG KE_KG] Nx=128, Ny=128, dx=1, T=1.48507, sample phi_dot[0]=(2.85264e-06,1.2575e-07)
[DEBUG PE_KG] Starting computation: Nx=128, Ny=128, sample phi[0]=(-1.24046e-07,5.1299e-06)
[DEBUG KE_KG] Nx=128, Ny=128, dx=1, T=1.48506, sample phi_dot[0]=(1.75807e-06,-1.77436e-06)
[DEBUG PE_KG] Starting computation: Nx=128, Ny=128, sample phi[0]=(2.14035e-06,3.6372e-06)
[DEBUG KE_KG] Nx=128, Ny=128, dx=1, T=1.48493, sample phi_dot[0]=(8.97424e-07,-3.50353e-06)
[DEBUG PE_KG] Starting computation: Nx=128, Ny=128, sample phi[0]=(2.55372e-06,3.73837e-07)
[DEBUG KE_KG] Nx=128, Ny=128, dx=1, T=1.48499, sample phi_dot[0]=(-8.13645e-07,-2.40057e-06)
[DEBUG PE_KG] Starting computation: Nx=128, Ny=128, sample phi[0]=(2.24659e-06,-2.408e-06)
[DEBUG KE_KG] Nx=128, Ny=128, dx=1, T=1.48501, sample phi_dot[0]=(-1.0949e-06,-1.36926e-06)
[DEBUG PE_KG] Starting computation: Nx=128, Ny=128, sample phi[0]=(4.63886e-07,-3.81159e-06)
[DEBUG KE_KG] Nx=128, Ny=128, dx=1, T=1.48496, sample phi_dot[0]=(-1.90216e-06,9.14399e-07)
[DEBUG PE_KG] Starting computation: Nx=128, Ny=128, sample phi[0]=(-1.0129e-06,-2.84959e-06)
[DEBUG KE_KG] Nx=128, Ny=128, dx=1, T=1.48497, sample phi_dot[0]=(-1.04526e-07,2.06906e-06)
[DEBUG PE_KG] Starting computation: Nx=128, Ny=128, sample phi[0]=(-2.15392e-06,-3.94175e-07)
[DEBUG KE_KG] Nx=128, Ny=128, dx=1, T=1.48491, sample phi_dot[0]=(1.96746e-07,1.9334e-06)
[DEBUG PE_KG] Starting computation: Nx=128, Ny=128, sample phi[0]=(-1.28012e-06,2.87981e-06)
  Step 4500/5000 | R_avg = 0.999762 | norm = 1.49728
[DEBUG KE_KG] Nx=128, Ny=128, dx=1, T=1.48482, sample phi_dot[0]=(2.03136e-06,-7.45786e-07)
[DEBUG PE_KG] Starting computation: Nx=128, Ny=128, sample phi[0]=(3.73686e-07,3.59141e-06)
[DEBUG KE_KG] Nx=128, Ny=128, dx=1, T=1.48486, sample phi_dot[0]=(-2.41242e-07,-2.57161e-06)
[DEBUG PE_KG] Starting computation: Nx=128, Ny=128, sample phi[0]=(2.30255e-06,1.87757e-06)
[DEBUG KE_KG] Nx=128, Ny=128, dx=1, T=1.48486, sample phi_dot[0]=(-4.93339e-07,-2.99822e-06)
[DEBUG PE_KG] Starting computation: Nx=128, Ny=128, sample phi[0]=(2.09335e-06,-2.0921e-06)
[DEBUG KE_KG] Nx=128, Ny=128, dx=1, T=1.48469, sample phi_dot[0]=(-3.05579e-06,-3.48678e-07)
[DEBUG PE_KG] Starting computation: Nx=128, Ny=128, sample phi[0]=(5.67336e-07,-4.44759e-06)
[DEBUG KE_KG] Nx=128, Ny=128, dx=1, T=1.48486, sample phi_dot[0]=(-9.16974e-07,2.59222e-06)
[DEBUG PE_KG] Starting computation: Nx=128, Ny=128, sample phi[0]=(-1.87877e-06,-4.39148e-06)
[DEBUG KE_KG] Nx=128, Ny=128, dx=1, T=1.48462, sample phi_dot[0]=(-9.50415e-07,3.92203e-06)
[DEBUG PE_KG] Starting computation: Nx=128, Ny=128, sample phi[0]=(-3.03393e-06,-1.25403e-06)
[DEBUG KE_KG] Nx=128, Ny=128, dx=1, T=1.4847, sample phi_dot[0]=(2.82645e-06,3.69211e-06)
[DEBUG PE_KG] Starting computation: Nx=128, Ny=128, sample phi[0]=(-2.60671e-06,1.81585e-06)
[DEBUG KE_KG] Nx=128, Ny=128, dx=1, T=1.48503, sample phi_dot[0]=(1.59995e-06,1.1893e-06)
[DEBUG PE_KG] Starting computation: Nx=128, Ny=128, sample phi[0]=(-7.74278e-07,4.65335e-06)
[DEBUG KE_KG] Nx=128, Ny=128, dx=1, T=1.48387, sample phi_dot[0]=(3.45125e-06,-1.54927e-06)
[DEBUG PE_KG] Starting computation: Nx=128, Ny=128, sample phi[0]=(1.29679e-06,4.1395e-06)
[DEBUG KE_KG] Nx=128, Ny=128, dx=1, T=1.48547, sample phi_dot[0]=(-8.42148e-07,-3.12785e-06)
[DEBUG PE_KG] Starting computation: Nx=128, Ny=128, sample phi[0]=(2.17673e-06,2.75904e-06)

===== Global Validation =====
✗ Global validation FAILED:
  ✗ Probability Conservation: ||ψ||² = 1.49633 (drift: 49.5945% from initial 1.00038) ✗ FAIL (exceeds tolerance 0.5%)
  ✗ Energy Conservation: E_total = 4.01206 (drift: 9.38046% from initial 3.66798) ✗ FAIL (exceeds tolerance 1%)
  ✓ Order Parameter Bounds: R ∈ [0, 0] ✓ PASS (within [0,1])
  ✓ Causality: v = |p|/E = 0.299603 (c = 1) ✓ PASS (v ≤ c)
  ✓ Numerical Stability: All fields finite ✓ PASS

[INFO] Skipping scenario validation for Klein-Gordon test (validator requires Dirac field)
  Norm validation: max_error = 0.835494 ✗ FAIL
  Energy validation: max_drift = 0.160971 ✗ FAIL
  Saved observables to /home/persist/neotec/0rigin/output/20251226_014704_scenario_2.5A_klein_gordon_comparison_v0.7/N_10/observables.csv
Test failed for N=10

--- Validating Convergence ---
✗ Convergence validation FAILED

[3/3] Generating report...

✓ Report saved to /home/persist/neotec/0rigin/output/20251226_014704_scenario_2.5A_klein_gordon_comparison_v0.7/test_report.txt

===== Test Summary =====
✗ TESTS FAILED

Some validation criteria not met.
Check test report for details.
