[Logging] Console output for 64x64 writing to: /home/persist/neotec/0rigin/output/20251230_190951_lorentz_force_cpu/console.log
  Dirac initialization (DEPRECATED grid units):
    Position: (32, 32) grid units
    ⚠️  WARNING: Using grid-dependent coordinates (not recommended)
  Using Dirac solver (spinor field)
[DiracEvolution] Initialized 64x64 4-component spinor field (particle, β=1)
[DiracEvolution] Initialized Gaussian wavepacket at (32, 32) with σ=3
[SMFTEngine] Dirac field initialized: center=(32,32), sigma=3, norm=1
[DiracEvolution] Initialized 64x64 4-component spinor field (particle, β=1)
[DiracEvolution] Initialized Gaussian wavepacket at (32, 32) with σ=3
  Initial energy E0 = 0.105161
  Initial norm = 1

--- Initializing Test Particle for Lorentz Force ---
  Particle initialized at (55, 50) ℓ_P
  Initial velocity: (0, 0.01) c
  Charge: -1, Mass: 0.1 (natural units)
  Verified state: pos=(55,50), vel=(0,0.01)
[stepWithDirac] Strang splitting enabled:
  substep_ratio=1
  substep_dt=0.01
  half_substeps=0
  remaining_substeps=1
[GPU EM Compute] 1 calls | Last: 223 μs | Avg: 223 μs | Grid: 64×64
  [Kuramoto Energy] grad_R: 0.0292339, potential: -4094.1, total: -4094.07 (κ=1)
  Actual initial energy E0 = -4093.67 (from first observation including EM)
  Using uniform B field: B_z = 0.1 everywhere
  Step 0/10000 | R_avg = 0.999763 | norm = 1
[GPU EM Compute] 50 calls | Last: 100 μs | Avg: 104 μs | Grid: 64×64
[ERROR] Invalid theta fields detected (NaN/Inf), returning zero EM observables
[ERROR] Invalid theta fields detected (NaN/Inf), returning zero EM observables
[GPU EM Compute] 100 calls | Last: 100 μs | Avg: 103 μs | Grid: 64×64
[ERROR] Invalid theta fields detected (NaN/Inf), returning zero EM observables
[ERROR] Invalid theta fields detected (NaN/Inf), returning zero EM observables
  Particle at step 100: pos=(55,50.0002), vel=(-0.000359966,0.0099964)
[GPU EM Compute] 150 calls | Last: 105 μs | Avg: 102 μs | Grid: 64×64
[GPU EM Compute] 200 calls | Last: 101 μs | Avg: 102 μs | Grid: 64×64
  Particle at step 200: pos=(55,50.0004), vel=(-0.000719768,0.0099856)
[GPU EM Compute] 250 calls | Last: 105 μs | Avg: 101 μs | Grid: 64×64
[ERROR] Invalid theta fields detected (NaN/Inf), returning zero EM observables
[ERROR] Invalid theta fields detected (NaN/Inf), returning zero EM observables
[GPU EM Compute] 300 calls | Last: 102 μs | Avg: 101 μs | Grid: 64×64
[ERROR] Invalid theta fields detected (NaN/Inf), returning zero EM observables
[ERROR] Invalid theta fields detected (NaN/Inf), returning zero EM observables
  Particle at step 300: pos=(55,50.0006), vel=(-0.00107926,0.00996761)
[GPU EM Compute] 350 calls | Last: 100 μs | Avg: 101 μs | Grid: 64×64
[ERROR] Invalid theta fields detected (NaN/Inf), returning zero EM observables
[ERROR] Invalid theta fields detected (NaN/Inf), returning zero EM observables
[GPU EM Compute] 400 calls | Last: 103 μs | Avg: 101 μs | Grid: 64×64
  Particle at step 400: pos=(54.9999,50.0008), vel=(-0.00143831,0.00994243)
[GPU EM Compute] 450 calls | Last: 93 μs | Avg: 101 μs | Grid: 64×64
[ERROR] Invalid theta fields detected (NaN/Inf), returning zero EM observables
[ERROR] Invalid theta fields detected (NaN/Inf), returning zero EM observables
[GPU EM Compute] 500 calls | Last: 99 μs | Avg: 101 μs | Grid: 64×64
[ERROR] Invalid theta fields detected (NaN/Inf), returning zero EM observables
[ERROR] Invalid theta fields detected (NaN/Inf), returning zero EM observables
  Particle at step 500: pos=(54.9999,50.001), vel=(-0.00179677,0.00991008)
  Step 500/10000 | R_avg = 0.999835 | norm = 0.99992
[GPU EM Compute] 550 calls | Last: 107 μs | Avg: 101 μs | Grid: 64×64
[ERROR] Invalid theta fields detected (NaN/Inf), returning zero EM observables
[ERROR] Invalid theta fields detected (NaN/Inf), returning zero EM observables
[GPU EM Compute] 600 calls | Last: 99 μs | Avg: 101 μs | Grid: 64×64
[ERROR] Invalid theta fields detected (NaN/Inf), returning zero EM observables
[ERROR] Invalid theta fields detected (NaN/Inf), returning zero EM observables
  Particle at step 600: pos=(54.9999,50.0012), vel=(-0.00215449,0.00987057)
[GPU EM Compute] 650 calls | Last: 100 μs | Avg: 101 μs | Grid: 64×64
[GPU EM Compute] 700 calls | Last: 102 μs | Avg: 101 μs | Grid: 64×64
  Particle at step 700: pos=(54.9998,50.0014), vel=(-0.00251133,0.00982391)
[GPU EM Compute] 750 calls | Last: 98 μs | Avg: 101 μs | Grid: 64×64
[GPU EM Compute] 800 calls | Last: 99 μs | Avg: 101 μs | Grid: 64×64
  Particle at step 800: pos=(54.9998,50.0016), vel=(-0.00286715,0.00977012)
[GPU EM Compute] 850 calls | Last: 99 μs | Avg: 101 μs | Grid: 64×64
[GPU EM Compute] 900 calls | Last: 98 μs | Avg: 100 μs | Grid: 64×64
  Particle at step 900: pos=(54.9997,50.0018), vel=(-0.00322182,0.00970923)
[GPU EM Compute] 950 calls | Last: 97 μs | Avg: 100 μs | Grid: 64×64
[GPU EM Compute] 1000 calls | Last: 99 μs | Avg: 100 μs | Grid: 64×64
  Particle at step 1000: pos=(54.9996,50.002), vel=(-0.00357519,0.00964126)
  Step 1000/10000 | R_avg = 0.999803 | norm = 0.999832
[GPU EM Compute] 1050 calls | Last: 103 μs | Avg: 100 μs | Grid: 64×64
[GPU EM Compute] 1100 calls | Last: 99 μs | Avg: 100 μs | Grid: 64×64
  Particle at step 1100: pos=(54.9996,50.0022), vel=(-0.00392711,0.00956623)
[GPU EM Compute] 1150 calls | Last: 106 μs | Avg: 100 μs | Grid: 64×64
[GPU EM Compute] 1200 calls | Last: 105 μs | Avg: 100 μs | Grid: 64×64
  Particle at step 1200: pos=(54.9995,50.0024), vel=(-0.00427746,0.00948418)
[GPU EM Compute] 1250 calls | Last: 98 μs | Avg: 100 μs | Grid: 64×64
[GPU EM Compute] 1300 calls | Last: 101 μs | Avg: 100 μs | Grid: 64×64
  Particle at step 1300: pos=(54.9994,50.0025), vel=(-0.00462608,0.00939515)
[GPU EM Compute] 1350 calls | Last: 103 μs | Avg: 100 μs | Grid: 64×64
[GPU EM Compute] 1400 calls | Last: 99 μs | Avg: 100 μs | Grid: 64×64
  Particle at step 1400: pos=(54.9993,50.0027), vel=(-0.00497285,0.00929915)
[GPU EM Compute] 1450 calls | Last: 101 μs | Avg: 100 μs | Grid: 64×64
[GPU EM Compute] 1500 calls | Last: 99 μs | Avg: 100 μs | Grid: 64×64
  Particle at step 1500: pos=(54.9992,50.0029), vel=(-0.00531762,0.00919625)
  Step 1500/10000 | R_avg = 0.999827 | norm = 0.999744
[GPU EM Compute] 1550 calls | Last: 104 μs | Avg: 100 μs | Grid: 64×64
[GPU EM Compute] 1600 calls | Last: 103 μs | Avg: 100 μs | Grid: 64×64
  Particle at step 1600: pos=(54.9991,50.0031), vel=(-0.00566026,0.00908646)
[GPU EM Compute] 1650 calls | Last: 101 μs | Avg: 100 μs | Grid: 64×64
[GPU EM Compute] 1700 calls | Last: 103 μs | Avg: 100 μs | Grid: 64×64
  Particle at step 1700: pos=(54.999,50.0033), vel=(-0.00600063,0.00896985)
[GPU EM Compute] 1750 calls | Last: 51 μs | Avg: 100 μs | Grid: 64×64
[GPU EM Compute] 1800 calls | Last: 98 μs | Avg: 100 μs | Grid: 64×64
  Particle at step 1800: pos=(54.9988,50.0035), vel=(-0.0063386,0.00884645)
[GPU EM Compute] 1850 calls | Last: 58 μs | Avg: 100 μs | Grid: 64×64
[GPU EM Compute] 1900 calls | Last: 97 μs | Avg: 100 μs | Grid: 64×64
  Particle at step 1900: pos=(54.9987,50.0036), vel=(-0.00667403,0.00871632)
[GPU EM Compute] 1950 calls | Last: 99 μs | Avg: 100 μs | Grid: 64×64
[GPU EM Compute] 2000 calls | Last: 99 μs | Avg: 100 μs | Grid: 64×64
  Particle at step 2000: pos=(54.9986,50.0038), vel=(-0.00700679,0.00857951)
  Step 2000/10000 | R_avg = 0.999849 | norm = 0.999658
[GPU EM Compute] 2050 calls | Last: 98 μs | Avg: 100 μs | Grid: 64×64
[GPU EM Compute] 2100 calls | Last: 99 μs | Avg: 100 μs | Grid: 64×64
  Particle at step 2100: pos=(54.9984,50.004), vel=(-0.00733675,0.00843607)
[GPU EM Compute] 2150 calls | Last: 100 μs | Avg: 100 μs | Grid: 64×64
[GPU EM Compute] 2200 calls | Last: 47 μs | Avg: 100 μs | Grid: 64×64
  Particle at step 2200: pos=(54.9983,50.0041), vel=(-0.00766378,0.00828606)
[GPU EM Compute] 2250 calls | Last: 101 μs | Avg: 100 μs | Grid: 64×64
[GPU EM Compute] 2300 calls | Last: 101 μs | Avg: 100 μs | Grid: 64×64
  Particle at step 2300: pos=(54.9981,50.0043), vel=(-0.00798774,0.00812954)
[GPU EM Compute] 2350 calls | Last: 98 μs | Avg: 100 μs | Grid: 64×64
[GPU EM Compute] 2400 calls | Last: 103 μs | Avg: 100 μs | Grid: 64×64
  Particle at step 2400: pos=(54.998,50.0045), vel=(-0.00830851,0.00796657)
[GPU EM Compute] 2450 calls | Last: 103 μs | Avg: 100 μs | Grid: 64×64
[GPU EM Compute] 2500 calls | Last: 99 μs | Avg: 100 μs | Grid: 64×64
  Particle at step 2500: pos=(54.9978,50.0046), vel=(-0.00862596,0.00779722)
  Step 2500/10000 | R_avg = 0.999797 | norm = 0.999566
[GPU EM Compute] 2550 calls | Last: 98 μs | Avg: 100 μs | Grid: 64×64
[GPU EM Compute] 2600 calls | Last: 98 μs | Avg: 100 μs | Grid: 64×64
  Particle at step 2600: pos=(54.9976,50.0048), vel=(-0.00893997,0.00762156)
[GPU EM Compute] 2650 calls | Last: 99 μs | Avg: 100 μs | Grid: 64×64
[GPU EM Compute] 2700 calls | Last: 98 μs | Avg: 100 μs | Grid: 64×64
  Particle at step 2700: pos=(54.9974,50.0049), vel=(-0.00925041,0.00743965)
[GPU EM Compute] 2750 calls | Last: 98 μs | Avg: 100 μs | Grid: 64×64
[GPU EM Compute] 2800 calls | Last: 108 μs | Avg: 100 μs | Grid: 64×64
  Particle at step 2800: pos=(54.9973,50.0051), vel=(-0.00955716,0.00725156)
[GPU EM Compute] 2850 calls | Last: 100 μs | Avg: 100 μs | Grid: 64×64
[GPU EM Compute] 2900 calls | Last: 99 μs | Avg: 99 μs | Grid: 64×64
  Particle at step 2900: pos=(54.9971,50.0052), vel=(-0.00986009,0.00705739)
[GPU EM Compute] 2950 calls | Last: 105 μs | Avg: 99 μs | Grid: 64×64
[GPU EM Compute] 3000 calls | Last: 98 μs | Avg: 99 μs | Grid: 64×64
  Particle at step 3000: pos=(54.9969,50.0054), vel=(-0.0101591,0.00685719)
  Step 3000/10000 | R_avg = 0.999758 | norm = 0.999477
[GPU EM Compute] 3050 calls | Last: 100 μs | Avg: 99 μs | Grid: 64×64
[GPU EM Compute] 3100 calls | Last: 100 μs | Avg: 99 μs | Grid: 64×64
  Particle at step 3100: pos=(54.9967,50.0055), vel=(-0.010454,0.00665105)
[GPU EM Compute] 3150 calls | Last: 99 μs | Avg: 99 μs | Grid: 64×64
[GPU EM Compute] 3200 calls | Last: 99 μs | Avg: 99 μs | Grid: 64×64
  Particle at step 3200: pos=(54.9964,50.0056), vel=(-0.0107448,0.00643905)
[GPU EM Compute] 3250 calls | Last: 100 μs | Avg: 99 μs | Grid: 64×64
[GPU EM Compute] 3300 calls | Last: 98 μs | Avg: 99 μs | Grid: 64×64
  Particle at step 3300: pos=(54.9962,50.0058), vel=(-0.0110313,0.00622128)
[GPU EM Compute] 3350 calls | Last: 98 μs | Avg: 99 μs | Grid: 64×64
[GPU EM Compute] 3400 calls | Last: 99 μs | Avg: 99 μs | Grid: 64×64
  Particle at step 3400: pos=(54.996,50.0059), vel=(-0.0113134,0.00599783)
[GPU EM Compute] 3450 calls | Last: 101 μs | Avg: 99 μs | Grid: 64×64
[GPU EM Compute] 3500 calls | Last: 99 μs | Avg: 99 μs | Grid: 64×64
  Particle at step 3500: pos=(54.9958,50.006), vel=(-0.011591,0.00576878)
  Step 3500/10000 | R_avg = 0.999823 | norm = 0.999389
[GPU EM Compute] 3550 calls | Last: 117 μs | Avg: 99 μs | Grid: 64×64
[GPU EM Compute] 3600 calls | Last: 103 μs | Avg: 99 μs | Grid: 64×64
  Particle at step 3600: pos=(54.9955,50.0061), vel=(-0.011864,0.00553422)
[GPU EM Compute] 3650 calls | Last: 100 μs | Avg: 99 μs | Grid: 64×64
[GPU EM Compute] 3700 calls | Last: 55 μs | Avg: 99 μs | Grid: 64×64
  Particle at step 3700: pos=(54.9953,50.0062), vel=(-0.0121322,0.00529425)
[GPU EM Compute] 3750 calls | Last: 99 μs | Avg: 99 μs | Grid: 64×64
[GPU EM Compute] 3800 calls | Last: 98 μs | Avg: 99 μs | Grid: 64×64
  Particle at step 3800: pos=(54.995,50.0063), vel=(-0.0123957,0.00504896)
[GPU EM Compute] 3850 calls | Last: 98 μs | Avg: 99 μs | Grid: 64×64
[GPU EM Compute] 3900 calls | Last: 98 μs | Avg: 99 μs | Grid: 64×64
  Particle at step 3900: pos=(54.9948,50.0064), vel=(-0.0126541,0.00479846)
[GPU EM Compute] 3950 calls | Last: 98 μs | Avg: 99 μs | Grid: 64×64
[GPU EM Compute] 4000 calls | Last: 99 μs | Avg: 99 μs | Grid: 64×64
  Particle at step 4000: pos=(54.9945,50.0065), vel=(-0.0129076,0.00454283)
  Step 4000/10000 | R_avg = 0.999805 | norm = 0.999301
[GPU EM Compute] 4050 calls | Last: 92 μs | Avg: 99 μs | Grid: 64×64
[GPU EM Compute] 4100 calls | Last: 99 μs | Avg: 99 μs | Grid: 64×64
  Particle at step 4100: pos=(54.9943,50.0066), vel=(-0.0131559,0.00428219)
[GPU EM Compute] 4150 calls | Last: 99 μs | Avg: 99 μs | Grid: 64×64
[GPU EM Compute] 4200 calls | Last: 98 μs | Avg: 99 μs | Grid: 64×64
  Particle at step 4200: pos=(54.994,50.0067), vel=(-0.0133989,0.00401663)
[GPU EM Compute] 4250 calls | Last: 104 μs | Avg: 99 μs | Grid: 64×64
[GPU EM Compute] 4300 calls | Last: 103 μs | Avg: 99 μs | Grid: 64×64
  Particle at step 4300: pos=(54.9937,50.0068), vel=(-0.0136367,0.00374627)
[GPU EM Compute] 4350 calls | Last: 100 μs | Avg: 99 μs | Grid: 64×64
[GPU EM Compute] 4400 calls | Last: 1794 μs | Avg: 101 μs | Grid: 64×64
  Particle at step 4400: pos=(54.9935,50.0068), vel=(-0.013869,0.0034712)
[GPU EM Compute] 4450 calls | Last: 101 μs | Avg: 101 μs | Grid: 64×64
[GPU EM Compute] 4500 calls | Last: 98 μs | Avg: 102 μs | Grid: 64×64
  Particle at step 4500: pos=(54.9932,50.0069), vel=(-0.0140957,0.00319154)
  Step 4500/10000 | R_avg = 0.999801 | norm = 0.999215
[GPU EM Compute] 4550 calls | Last: 100 μs | Avg: 101 μs | Grid: 64×64
[GPU EM Compute] 4600 calls | Last: 112 μs | Avg: 101 μs | Grid: 64×64
  Particle at step 4600: pos=(54.9929,50.007), vel=(-0.0143169,0.00290741)
[GPU EM Compute] 4650 calls | Last: 102 μs | Avg: 102 μs | Grid: 64×64
[GPU EM Compute] 4700 calls | Last: 105 μs | Avg: 102 μs | Grid: 64×64
  Particle at step 4700: pos=(54.9926,50.007), vel=(-0.0145324,0.00261891)
[GPU EM Compute] 4750 calls | Last: 113 μs | Avg: 102 μs | Grid: 64×64
[GPU EM Compute] 4800 calls | Last: 100 μs | Avg: 102 μs | Grid: 64×64
  Particle at step 4800: pos=(54.9923,50.0071), vel=(-0.0147421,0.00232615)
[GPU EM Compute] 4850 calls | Last: 102 μs | Avg: 102 μs | Grid: 64×64
[GPU EM Compute] 4900 calls | Last: 46 μs | Avg: 102 μs | Grid: 64×64
  Particle at step 4900: pos=(54.992,50.0071), vel=(-0.0149459,0.00202926)
[GPU EM Compute] 4950 calls | Last: 100 μs | Avg: 102 μs | Grid: 64×64
[GPU EM Compute] 5000 calls | Last: 101 μs | Avg: 102 μs | Grid: 64×64
  [Kuramoto Energy] grad_R: 0.012939, potential: -4095.04, total: -4095.02 (κ=1)
  Particle at step 5000: pos=(54.9917,50.0071), vel=(-0.0151438,0.00172835)
  Step 5000/10000 | R_avg = 0.99988 | norm = 0.999126
[GPU EM Compute] 5050 calls | Last: 99 μs | Avg: 102 μs | Grid: 64×64
[GPU EM Compute] 5100 calls | Last: 398 μs | Avg: 102 μs | Grid: 64×64
  Particle at step 5100: pos=(54.9914,50.0072), vel=(-0.0153357,0.00142355)
[GPU EM Compute] 5150 calls | Last: 107 μs | Avg: 102 μs | Grid: 64×64
[GPU EM Compute] 5200 calls | Last: 98 μs | Avg: 102 μs | Grid: 64×64
  Particle at step 5200: pos=(54.9911,50.0072), vel=(-0.0155214,0.00111497)
[GPU EM Compute] 5250 calls | Last: 98 μs | Avg: 102 μs | Grid: 64×64
[GPU EM Compute] 5300 calls | Last: 103 μs | Avg: 102 μs | Grid: 64×64
  Particle at step 5300: pos=(54.9908,50.0072), vel=(-0.015701,0.000802733)
[GPU EM Compute] 5350 calls | Last: 101 μs | Avg: 102 μs | Grid: 64×64
[GPU EM Compute] 5400 calls | Last: 99 μs | Avg: 102 μs | Grid: 64×64
  Particle at step 5400: pos=(54.9905,50.0072), vel=(-0.0158744,0.000486969)
[GPU EM Compute] 5450 calls | Last: 98 μs | Avg: 102 μs | Grid: 64×64
[GPU EM Compute] 5500 calls | Last: 99 μs | Avg: 102 μs | Grid: 64×64
  Particle at step 5500: pos=(54.9902,50.0072), vel=(-0.0160414,0.0001678)
  Step 5500/10000 | R_avg = 0.999773 | norm = 0.999041
[GPU EM Compute] 5550 calls | Last: 99 μs | Avg: 102 μs | Grid: 64×64
[GPU EM Compute] 5600 calls | Last: 99 μs | Avg: 102 μs | Grid: 64×64
  Particle at step 5600: pos=(54.9898,50.0072), vel=(-0.0162021,-0.000154646)
[GPU EM Compute] 5650 calls | Last: 103 μs | Avg: 102 μs | Grid: 64×64
[GPU EM Compute] 5700 calls | Last: 110 μs | Avg: 102 μs | Grid: 64×64
  Particle at step 5700: pos=(54.9895,50.0072), vel=(-0.0163563,-0.000480241)
[GPU EM Compute] 5750 calls | Last: 99 μs | Avg: 102 μs | Grid: 64×64
[GPU EM Compute] 5800 calls | Last: 99 μs | Avg: 102 μs | Grid: 64×64
  Particle at step 5800: pos=(54.9892,50.0072), vel=(-0.0165041,-0.000808856)
[GPU EM Compute] 5850 calls | Last: 99 μs | Avg: 102 μs | Grid: 64×64
[GPU EM Compute] 5900 calls | Last: 99 μs | Avg: 102 μs | Grid: 64×64
  Particle at step 5900: pos=(54.9889,50.0072), vel=(-0.0166452,-0.00114036)
[GPU EM Compute] 5950 calls | Last: 100 μs | Avg: 102 μs | Grid: 64×64
[GPU EM Compute] 6000 calls | Last: 109 μs | Avg: 102 μs | Grid: 64×64
  Particle at step 6000: pos=(54.9885,50.0072), vel=(-0.0167798,-0.00147462)
  Step 6000/10000 | R_avg = 0.999805 | norm = 0.998952
[GPU EM Compute] 6050 calls | Last: 99 μs | Avg: 102 μs | Grid: 64×64
[GPU EM Compute] 6100 calls | Last: 100 μs | Avg: 102 μs | Grid: 64×64
  Particle at step 6100: pos=(54.9882,50.0071), vel=(-0.0169077,-0.00181151)
[GPU EM Compute] 6150 calls | Last: 101 μs | Avg: 102 μs | Grid: 64×64
[GPU EM Compute] 6200 calls | Last: 99 μs | Avg: 102 μs | Grid: 64×64
  Particle at step 6200: pos=(54.9878,50.0071), vel=(-0.0170289,-0.00215088)
[GPU EM Compute] 6250 calls | Last: 101 μs | Avg: 102 μs | Grid: 64×64
[GPU EM Compute] 6300 calls | Last: 106 μs | Avg: 102 μs | Grid: 64×64
  Particle at step 6300: pos=(54.9875,50.0071), vel=(-0.0171433,-0.00249262)
[GPU EM Compute] 6350 calls | Last: 99 μs | Avg: 102 μs | Grid: 64×64
[GPU EM Compute] 6400 calls | Last: 100 μs | Avg: 102 μs | Grid: 64×64
  Particle at step 6400: pos=(54.9872,50.007), vel=(-0.0172509,-0.00283657)
[GPU EM Compute] 6450 calls | Last: 100 μs | Avg: 102 μs | Grid: 64×64
[GPU EM Compute] 6500 calls | Last: 104 μs | Avg: 102 μs | Grid: 64×64
  Particle at step 6500: pos=(54.9868,50.0069), vel=(-0.0173516,-0.00318261)
  Step 6500/10000 | R_avg = 0.999807 | norm = 0.998864
[GPU EM Compute] 6550 calls | Last: 106 μs | Avg: 102 μs | Grid: 64×64
[GPU EM Compute] 6600 calls | Last: 111 μs | Avg: 102 μs | Grid: 64×64
  Particle at step 6600: pos=(54.9865,50.0069), vel=(-0.0174455,-0.00353059)
[GPU EM Compute] 6650 calls | Last: 99 μs | Avg: 102 μs | Grid: 64×64
[GPU EM Compute] 6700 calls | Last: 98 μs | Avg: 102 μs | Grid: 64×64
  Particle at step 6700: pos=(54.9861,50.0068), vel=(-0.0175324,-0.00388038)
[GPU EM Compute] 6750 calls | Last: 98 μs | Avg: 102 μs | Grid: 64×64
[GPU EM Compute] 6800 calls | Last: 98 μs | Avg: 102 μs | Grid: 64×64
  Particle at step 6800: pos=(54.9858,50.0067), vel=(-0.0176124,-0.00423184)
[GPU EM Compute] 6850 calls | Last: 109 μs | Avg: 102 μs | Grid: 64×64
[GPU EM Compute] 6900 calls | Last: 108 μs | Avg: 102 μs | Grid: 64×64
  Particle at step 6900: pos=(54.9854,50.0066), vel=(-0.0176854,-0.00458483)
[GPU EM Compute] 6950 calls | Last: 105 μs | Avg: 102 μs | Grid: 64×64
[GPU EM Compute] 7000 calls | Last: 98 μs | Avg: 102 μs | Grid: 64×64
  Particle at step 7000: pos=(54.9851,50.0065), vel=(-0.0177514,-0.00493921)
  Step 7000/10000 | R_avg = 0.999822 | norm = 0.99878
[GPU EM Compute] 7050 calls | Last: 52 μs | Avg: 102 μs | Grid: 64×64
[GPU EM Compute] 7100 calls | Last: 106 μs | Avg: 102 μs | Grid: 64×64
  Particle at step 7100: pos=(54.9847,50.0064), vel=(-0.0178103,-0.00529484)
[GPU EM Compute] 7150 calls | Last: 101 μs | Avg: 102 μs | Grid: 64×64
[GPU EM Compute] 7200 calls | Last: 100 μs | Avg: 101 μs | Grid: 64×64
  Particle at step 7200: pos=(54.9843,50.0063), vel=(-0.0178622,-0.00565157)
[GPU EM Compute] 7250 calls | Last: 98 μs | Avg: 101 μs | Grid: 64×64
[GPU EM Compute] 7300 calls | Last: 103 μs | Avg: 101 μs | Grid: 64×64
  Particle at step 7300: pos=(54.984,50.0062), vel=(-0.0179069,-0.00600928)
[GPU EM Compute] 7350 calls | Last: 102 μs | Avg: 101 μs | Grid: 64×64
[GPU EM Compute] 7400 calls | Last: 97 μs | Avg: 101 μs | Grid: 64×64
  Particle at step 7400: pos=(54.9836,50.0061), vel=(-0.0179446,-0.0063678)
[GPU EM Compute] 7450 calls | Last: 100 μs | Avg: 101 μs | Grid: 64×64
[GPU EM Compute] 7500 calls | Last: 99 μs | Avg: 101 μs | Grid: 64×64
  Particle at step 7500: pos=(54.9833,50.006), vel=(-0.0179751,-0.00672701)
  Step 7500/10000 | R_avg = 0.99987 | norm = 0.998691
[GPU EM Compute] 7550 calls | Last: 108 μs | Avg: 101 μs | Grid: 64×64
[GPU EM Compute] 7600 calls | Last: 98 μs | Avg: 101 μs | Grid: 64×64
  Particle at step 7600: pos=(54.9829,50.0058), vel=(-0.0179985,-0.00708676)
[GPU EM Compute] 7650 calls | Last: 107 μs | Avg: 101 μs | Grid: 64×64
[GPU EM Compute] 7700 calls | Last: 98 μs | Avg: 101 μs | Grid: 64×64
  Particle at step 7700: pos=(54.9826,50.0057), vel=(-0.0180148,-0.00744691)
[GPU EM Compute] 7750 calls | Last: 102 μs | Avg: 101 μs | Grid: 64×64
[GPU EM Compute] 7800 calls | Last: 99 μs | Avg: 101 μs | Grid: 64×64
  Particle at step 7800: pos=(54.9822,50.0055), vel=(-0.018024,-0.00780731)
[GPU EM Compute] 7850 calls | Last: 100 μs | Avg: 101 μs | Grid: 64×64
[GPU EM Compute] 7900 calls | Last: 103 μs | Avg: 101 μs | Grid: 64×64
  Particle at step 7900: pos=(54.9818,50.0054), vel=(-0.0180259,-0.00816782)
[GPU EM Compute] 7950 calls | Last: 98 μs | Avg: 101 μs | Grid: 64×64
[GPU EM Compute] 8000 calls | Last: 110 μs | Avg: 101 μs | Grid: 64×64
  Particle at step 8000: pos=(54.9815,50.0052), vel=(-0.0180208,-0.0085283)
  Step 8000/10000 | R_avg = 0.999877 | norm = 0.998602
[GPU EM Compute] 8050 calls | Last: 101 μs | Avg: 101 μs | Grid: 64×64
[GPU EM Compute] 8100 calls | Last: 100 μs | Avg: 101 μs | Grid: 64×64
  Particle at step 8100: pos=(54.9811,50.005), vel=(-0.0180085,-0.0088886)
[GPU EM Compute] 8150 calls | Last: 97 μs | Avg: 101 μs | Grid: 64×64
[GPU EM Compute] 8200 calls | Last: 106 μs | Avg: 101 μs | Grid: 64×64
  Particle at step 8200: pos=(54.9808,50.0048), vel=(-0.017989,-0.00924859)
[GPU EM Compute] 8250 calls | Last: 98 μs | Avg: 101 μs | Grid: 64×64
[GPU EM Compute] 8300 calls | Last: 105 μs | Avg: 101 μs | Grid: 64×64
  Particle at step 8300: pos=(54.9804,50.0047), vel=(-0.0179625,-0.00960811)
[GPU EM Compute] 8350 calls | Last: 94 μs | Avg: 101 μs | Grid: 64×64
[GPU EM Compute] 8400 calls | Last: 99 μs | Avg: 101 μs | Grid: 64×64
  Particle at step 8400: pos=(54.98,50.0045), vel=(-0.0179288,-0.00996704)
[GPU EM Compute] 8450 calls | Last: 103 μs | Avg: 101 μs | Grid: 64×64
[GPU EM Compute] 8500 calls | Last: 102 μs | Avg: 101 μs | Grid: 64×64
  Particle at step 8500: pos=(54.9797,50.0043), vel=(-0.017888,-0.0103252)
  Step 8500/10000 | R_avg = 0.999849 | norm = 0.998517
[GPU EM Compute] 8550 calls | Last: 100 μs | Avg: 101 μs | Grid: 64×64
[GPU EM Compute] 8600 calls | Last: 102 μs | Avg: 101 μs | Grid: 64×64
  Particle at step 8600: pos=(54.9793,50.004), vel=(-0.0178401,-0.0106825)
[GPU EM Compute] 8650 calls | Last: 102 μs | Avg: 101 μs | Grid: 64×64
[GPU EM Compute] 8700 calls | Last: 100 μs | Avg: 101 μs | Grid: 64×64
  Particle at step 8700: pos=(54.979,50.0038), vel=(-0.0177851,-0.0110388)
[GPU EM Compute] 8750 calls | Last: 100 μs | Avg: 101 μs | Grid: 64×64
[GPU EM Compute] 8800 calls | Last: 98 μs | Avg: 101 μs | Grid: 64×64
  Particle at step 8800: pos=(54.9786,50.0036), vel=(-0.0177231,-0.0113939)
[GPU EM Compute] 8850 calls | Last: 102 μs | Avg: 101 μs | Grid: 64×64
[GPU EM Compute] 8900 calls | Last: 106 μs | Avg: 101 μs | Grid: 64×64
  Particle at step 8900: pos=(54.9783,50.0034), vel=(-0.0176541,-0.0117477)
[GPU EM Compute] 8950 calls | Last: 99 μs | Avg: 101 μs | Grid: 64×64
[GPU EM Compute] 9000 calls | Last: 98 μs | Avg: 101 μs | Grid: 64×64
  Particle at step 9000: pos=(54.9779,50.0031), vel=(-0.0175781,-0.0121)
  Step 9000/10000 | R_avg = 0.999813 | norm = 0.99843
[GPU EM Compute] 9050 calls | Last: 103 μs | Avg: 101 μs | Grid: 64×64
[GPU EM Compute] 9100 calls | Last: 105 μs | Avg: 101 μs | Grid: 64×64
  Particle at step 9100: pos=(54.9775,50.0029), vel=(-0.0174951,-0.0124507)
[GPU EM Compute] 9150 calls | Last: 104 μs | Avg: 101 μs | Grid: 64×64
[GPU EM Compute] 9200 calls | Last: 56 μs | Avg: 101 μs | Grid: 64×64
  Particle at step 9200: pos=(54.9772,50.0026), vel=(-0.0174052,-0.0127997)
[GPU EM Compute] 9250 calls | Last: 121 μs | Avg: 101 μs | Grid: 64×64
[GPU EM Compute] 9300 calls | Last: 99 μs | Avg: 101 μs | Grid: 64×64
  Particle at step 9300: pos=(54.9769,50.0024), vel=(-0.0173084,-0.0131469)
[GPU EM Compute] 9350 calls | Last: 102 μs | Avg: 101 μs | Grid: 64×64
[GPU EM Compute] 9400 calls | Last: 112 μs | Avg: 101 μs | Grid: 64×64
  Particle at step 9400: pos=(54.9765,50.0021), vel=(-0.0172048,-0.013492)
[GPU EM Compute] 9450 calls | Last: 99 μs | Avg: 101 μs | Grid: 64×64
[GPU EM Compute] 9500 calls | Last: 106 μs | Avg: 101 μs | Grid: 64×64
  Particle at step 9500: pos=(54.9762,50.0018), vel=(-0.0170943,-0.013835)
  Step 9500/10000 | R_avg = 0.999877 | norm = 0.99834
[GPU EM Compute] 9550 calls | Last: 104 μs | Avg: 101 μs | Grid: 64×64
[GPU EM Compute] 9600 calls | Last: 100 μs | Avg: 101 μs | Grid: 64×64
  Particle at step 9600: pos=(54.9758,50.0016), vel=(-0.0169771,-0.0141758)
[GPU EM Compute] 9650 calls | Last: 105 μs | Avg: 101 μs | Grid: 64×64
[GPU EM Compute] 9700 calls | Last: 99 μs | Avg: 101 μs | Grid: 64×64
  Particle at step 9700: pos=(54.9755,50.0013), vel=(-0.0168532,-0.0145141)
[GPU EM Compute] 9750 calls | Last: 113 μs | Avg: 101 μs | Grid: 64×64
[GPU EM Compute] 9800 calls | Last: 99 μs | Avg: 101 μs | Grid: 64×64
  Particle at step 9800: pos=(54.9752,50.001), vel=(-0.0167226,-0.0148498)
[GPU EM Compute] 9850 calls | Last: 100 μs | Avg: 101 μs | Grid: 64×64
[GPU EM Compute] 9900 calls | Last: 100 μs | Avg: 101 μs | Grid: 64×64
  Particle at step 9900: pos=(54.9748,50.0007), vel=(-0.0165854,-0.0151829)
[GPU EM Compute] 9950 calls | Last: 100 μs | Avg: 101 μs | Grid: 64×64
[GPU EM Compute] 10000 calls | Last: 100 μs | Avg: 101 μs | Grid: 64×64
  [Kuramoto Energy] grad_R: 0.0204933, potential: -4094.8, total: -4094.78 (κ=1)

===== Lorentz Force Analysis =====
Error: Could not open /home/persist/neotec/0rigin/output/20251230_190951_lorentz_force_cpu/N_1/particle_trajectory.csv for writing
  Particle trajectory saved to: /home/persist/neotec/0rigin/output/20251230_190951_lorentz_force_cpu/N_1/particle_trajectory.csv
  Average magnetic field: B_avg = 0.1

Theoretical predictions:
  Cyclotron frequency: ω_c = 1 rad/τ_P
  Larmor radius: r_L = 0.1 ℓ_P

Measured from trajectory:
  Orbital period: T = 0 τ_P
  Orbital radius: r = 0.00755935 ℓ_P
  Orbital frequency: ω = 0 rad/τ_P

Validation:
  Frequency error: 100%
  Radius error: 92.4406%
  Lorentz force validation: ✗ FAIL

===== Global Validation =====
✓ Global validation PASSED
  ✓ Probability Conservation: ||ψ||² = 0.998257 (drift: 0.174394% from initial 1) ✓ PASS
  ✓ Energy Conservation: E_total = -4094.37 (drift: 0.0170376% from initial -4093.67) ✓ PASS
  ✓ Order Parameter Bounds: R ∈ [0, 0] ✓ PASS (within [0,1])
  ✓ Causality: v = |p|/E = 8.62786e-08 (c = 1) ✓ PASS (v ≤ c)
  ✓ Numerical Stability: All fields finite ✓ PASS
  Norm validation: max_error = 0.00174347 ✓ PASS
  Energy validation: max_drift = 0.000390036 ✓ PASS

===== EM Field Validation =====
Maxwell Equation Residuals:
  Gauss law (∇·E - 4πρ): 0 ✓
  No monopole (∇·B): 0 ✓
  Faraday law (∇×E + ∂B/∂t): 0 ✓
  Ampere law (∇×B - 4πJ - ∂E/∂t): 1.60136e-07 ✓
Overall Maxwell Validation: ✓ PASS
Failed to open /home/persist/neotec/0rigin/output/20251230_190951_lorentz_force_cpu/N_1/observables.csv for writing
  Saved observables to /home/persist/neotec/0rigin/output/20251230_190951_lorentz_force_cpu/N_1/observables.csv
  Saved EM observables to /home/persist/neotec/0rigin/output/20251230_190951_lorentz_force_cpu/N_1/em_observables.csv

[3/3] Generating report...

✓ Report saved to /home/persist/neotec/0rigin/output/20251230_190951_lorentz_force_cpu/test_report.txt

===== Test Summary =====
✓ ALL TESTS PASSED

Validation criteria met:
  ✓ Norm conservation ||Ψ||² - 1 < 10⁻⁴
  ✓ Energy conservation |ΔE/E₀| < 1%
  ✓ Convergence between N ratios < 5%
