[Logging] Console output for 64x64 v=0.5c writing to: /home/persist/neotec/0rigin/output/20251228_044202_em_coupling_uniform_field_64x64_v0.5/console.log

--- Testing with N=1 ---
  Dirac initialization (grid-independent):
    Position: (50, 50) ℓ_P
    Width: 3 ℓ_P
    Grid coordinates: (32, 32) grid units
    Grid width: 1.92 grid units
  Using Dirac solver (spinor field) with boosted initialization
    Background R (expected): 1
[DiracEvolution] Initialized 64x64 4-component spinor field (particle, β=1)
[SMFT] Boosted Gaussian initialization:
  Position: (32, 32) grid units
  Width: σ = 1.92 grid units
  Velocity: v = (0.5, 0)c
  |v| = 0.5c
  Lorentz factor: γ = 1.1547
  Rest mass: m₀ = Δ·R = 1 × 1 = 1 m_P
  Momentum: p = (0.57735, 0) m_P·c
  |p| = 0.57735 m_P·c
  Pre-normalization: ∫|Ψ|² = 23.1623
  Normalization factor: 4.81273
[DiracEvolution] Initialized Gaussian wavepacket at (32, 32) with σ=1.92
  Final norm: ||Ψ||² = 1
  Initial position: <r> = (32, 32)
✓ Boosted Gaussian initialized
[SMFTEngine] Boosted Dirac field initialized: center=(32,32), sigma=1.92, boost=(0.5,0)c, norm=1, <r>=(32,32)
[DiracEvolution] Initialized 64x64 4-component spinor field (particle, β=1)
[SMFT] Boosted Gaussian initialization:
  Position: (32, 32) grid units
  Width: σ = 1.92 grid units
  Velocity: v = (0.5, 0)c
  |v| = 0.5c
  Lorentz factor: γ = 1.1547
  Rest mass: m₀ = Δ·R = 1 × 1 = 1 m_P
  Momentum: p = (0.57735, 0) m_P·c
  |p| = 0.57735 m_P·c
  Pre-normalization: ∫|Ψ|² = 23.1623
  Normalization factor: 4.81273
[DiracEvolution] Initialized Gaussian wavepacket at (32, 32) with σ=1.92
  Final norm: ||Ψ||² = 1
  Initial position: <r> = (32, 32)
✓ Boosted Gaussian initialized
  Initial energy E0 = 1.46471
  Initial norm = 1
  Saved spatial snapshot at t = 0 (step 0)
  Step 0/2000 | R_avg = 0.999795 | norm = 1
  Step 100/2000 | R_avg = 0.999768 | norm = 0.999976
  Step 200/2000 | R_avg = 0.99981 | norm = 0.999949
  Step 300/2000 | R_avg = 0.999769 | norm = 0.999921
  Step 400/2000 | R_avg = 0.999724 | norm = 0.999892
  Step 500/2000 | R_avg = 0.999779 | norm = 0.999863
  Step 600/2000 | R_avg = 0.999799 | norm = 0.999832
  Step 700/2000 | R_avg = 0.999768 | norm = 0.999802
  Step 800/2000 | R_avg = 0.999771 | norm = 0.999771
  Step 900/2000 | R_avg = 0.999553 | norm = 0.99974
  Step 1000/2000 | R_avg = 0.99918 | norm = 0.999709
  Step 1100/2000 | R_avg = 0.999719 | norm = 0.999677
  Step 1200/2000 | R_avg = 0.999823 | norm = 0.999646
  Step 1300/2000 | R_avg = 0.999745 | norm = 0.999615
  Step 1400/2000 | R_avg = 0.999529 | norm = 0.999584
  Step 1500/2000 | R_avg = 0.999762 | norm = 0.999554
  Step 1600/2000 | R_avg = 0.999784 | norm = 0.999525
  Step 1700/2000 | R_avg = 0.999562 | norm = 0.999496
  Step 1800/2000 | R_avg = 0.999768 | norm = 0.999466
  Step 1900/2000 | R_avg = 0.999524 | norm = 0.999436

===== Global Validation =====
✓ Global validation PASSED
  ✓ Probability Conservation: ||ψ||² = 0.999407 (drift: 0.0593086% from initial 1) ✓ PASS
  ✓ Energy Conservation: E_total = 1.46033 (drift: 0.0252564% from initial 1.4607) ✓ PASS
  ✓ Order Parameter Bounds: R ∈ [1, 1] ✓ PASS (within [0,1])
  ✓ Causality: v = |p|/E = 0.347108 (c = 1) ✓ PASS (v ≤ c)
  ✓ Numerical Stability: All fields finite ✓ PASS
  Norm validation: max_error = 0.00059315 ✓ PASS
  Energy validation: max_drift = 0.0020126 ✓ PASS
  Saved observables to /home/persist/neotec/0rigin/output/20251228_044202_em_coupling_uniform_field_64x64_v0.5/N_1/observables.csv

--- Testing with N=10 ---
  Dirac initialization (grid-independent):
    Position: (50, 50) ℓ_P
    Width: 3 ℓ_P
    Grid coordinates: (32, 32) grid units
    Grid width: 1.92 grid units
  Using Dirac solver (spinor field) with boosted initialization
    Background R (expected): 1
[SMFT] Boosted Gaussian initialization:
  Position: (32, 32) grid units
  Width: σ = 1.92 grid units
  Velocity: v = (0.5, 0)c
  |v| = 0.5c
  Lorentz factor: γ = 1.1547
  Rest mass: m₀ = Δ·R = 1 × 1 = 1 m_P
  Momentum: p = (0.57735, 0) m_P·c
  |p| = 0.57735 m_P·c
  Pre-normalization: ∫|Ψ|² = 23.1623
  Normalization factor: 4.81273
[DiracEvolution] Initialized Gaussian wavepacket at (32, 32) with σ=1.92
  Final norm: ||Ψ||² = 1
  Initial position: <r> = (32, 32)
✓ Boosted Gaussian initialized
[SMFTEngine] Boosted Dirac field initialized: center=(32,32), sigma=1.92, boost=(0.5,0)c, norm=1, <r>=(32,32)
[DiracEvolution] Initialized 64x64 4-component spinor field (particle, β=1)
[SMFT] Boosted Gaussian initialization:
  Position: (32, 32) grid units
  Width: σ = 1.92 grid units
  Velocity: v = (0.5, 0)c
  |v| = 0.5c
  Lorentz factor: γ = 1.1547
  Rest mass: m₀ = Δ·R = 1 × 1 = 1 m_P
  Momentum: p = (0.57735, 0) m_P·c
  |p| = 0.57735 m_P·c
  Pre-normalization: ∫|Ψ|² = 23.1623
  Normalization factor: 4.81273
[DiracEvolution] Initialized Gaussian wavepacket at (32, 32) with σ=1.92
  Final norm: ||Ψ||² = 1
  Initial position: <r> = (32, 32)
✓ Boosted Gaussian initialized
  Initial energy E0 = 1.46471
  Initial norm = 1
  Saved spatial snapshot at t = 0 (step 0)
  Step 0/2000 | R_avg = 0.999756 | norm = 1
  Step 100/2000 | R_avg = 0.999806 | norm = 0.999977
  Step 200/2000 | R_avg = 0.999544 | norm = 0.99995
  Step 300/2000 | R_avg = 0.999761 | norm = 0.999922
  Step 400/2000 | R_avg = 0.999737 | norm = 0.999893
  Step 500/2000 | R_avg = 0.99918 | norm = 0.999863
  Step 600/2000 | R_avg = 0.999756 | norm = 0.999833
  Step 700/2000 | R_avg = 0.999789 | norm = 0.999802
  Step 800/2000 | R_avg = 0.999792 | norm = 0.999772
  Step 900/2000 | R_avg = 0.999565 | norm = 0.99974
  Step 1000/2000 | R_avg = 0.999535 | norm = 0.999709
  Step 1100/2000 | R_avg = 0.999732 | norm = 0.999677
  Step 1200/2000 | R_avg = 0.999777 | norm = 0.999646
  Step 1300/2000 | R_avg = 0.99977 | norm = 0.999615
  Step 1400/2000 | R_avg = 0.999831 | norm = 0.999584
  Step 1500/2000 | R_avg = 0.999736 | norm = 0.999554
  Step 1600/2000 | R_avg = 0.999792 | norm = 0.999525
  Step 1700/2000 | R_avg = 0.999884 | norm = 0.999496
  Step 1800/2000 | R_avg = 0.999548 | norm = 0.999466
  Step 1900/2000 | R_avg = 0.99989 | norm = 0.999436

===== Global Validation =====
✓ Global validation PASSED
  ✓ Probability Conservation: ||ψ||² = 0.999406 (drift: 0.0593453% from initial 1) ✓ PASS
  ✓ Energy Conservation: E_total = 1.45973 (drift: 0.0660648% from initial 1.4607) ✓ PASS
  ✓ Order Parameter Bounds: R ∈ [1, 1] ✓ PASS (within [0,1])
  ✓ Causality: v = |p|/E = 0.346714 (c = 1) ✓ PASS (v ≤ c)
  ✓ Numerical Stability: All fields finite ✓ PASS
  Norm validation: max_error = 0.000593509 ✓ PASS
  Energy validation: max_drift = 0.0053199 ✓ PASS
  Saved observables to /home/persist/neotec/0rigin/output/20251228_044202_em_coupling_uniform_field_64x64_v0.5/N_10/observables.csv

--- Testing with N=100 ---
  Dirac initialization (grid-independent):
    Position: (50, 50) ℓ_P
    Width: 3 ℓ_P
    Grid coordinates: (32, 32) grid units
    Grid width: 1.92 grid units
  Using Dirac solver (spinor field) with boosted initialization
    Background R (expected): 1
[SMFT] Boosted Gaussian initialization:
  Position: (32, 32) grid units
  Width: σ = 1.92 grid units
  Velocity: v = (0.5, 0)c
  |v| = 0.5c
  Lorentz factor: γ = 1.1547
  Rest mass: m₀ = Δ·R = 1 × 1 = 1 m_P
  Momentum: p = (0.57735, 0) m_P·c
  |p| = 0.57735 m_P·c
  Pre-normalization: ∫|Ψ|² = 23.1623
  Normalization factor: 4.81273
[DiracEvolution] Initialized Gaussian wavepacket at (32, 32) with σ=1.92
  Final norm: ||Ψ||² = 1
  Initial position: <r> = (32, 32)
✓ Boosted Gaussian initialized
[SMFTEngine] Boosted Dirac field initialized: center=(32,32), sigma=1.92, boost=(0.5,0)c, norm=1, <r>=(32,32)
[DiracEvolution] Initialized 64x64 4-component spinor field (particle, β=1)
[SMFT] Boosted Gaussian initialization:
  Position: (32, 32) grid units
  Width: σ = 1.92 grid units
  Velocity: v = (0.5, 0)c
  |v| = 0.5c
  Lorentz factor: γ = 1.1547
  Rest mass: m₀ = Δ·R = 1 × 1 = 1 m_P
  Momentum: p = (0.57735, 0) m_P·c
  |p| = 0.57735 m_P·c
  Pre-normalization: ∫|Ψ|² = 23.1623
  Normalization factor: 4.81273
[DiracEvolution] Initialized Gaussian wavepacket at (32, 32) with σ=1.92
  Final norm: ||Ψ||² = 1
  Initial position: <r> = (32, 32)
✓ Boosted Gaussian initialized
  Initial energy E0 = 1.46471
  Initial norm = 1
  Saved spatial snapshot at t = 0 (step 0)
  Step 0/2000 | R_avg = 0.999752 | norm = 1
  Step 100/2000 | R_avg = 0.999747 | norm = 0.999976
  Step 200/2000 | R_avg = 0.999724 | norm = 0.999949
  Step 300/2000 | R_avg = 0.999791 | norm = 0.999921
  Step 400/2000 | R_avg = 0.999874 | norm = 0.999892
  Step 500/2000 | R_avg = 0.999789 | norm = 0.999862
  Step 600/2000 | R_avg = 0.999786 | norm = 0.999831
  Step 700/2000 | R_avg = 0.999767 | norm = 0.999801
  Step 800/2000 | R_avg = 0.999822 | norm = 0.99977
  Step 900/2000 | R_avg = 0.999583 | norm = 0.999739
  Step 1000/2000 | R_avg = 0.999752 | norm = 0.999708
  Step 1100/2000 | R_avg = 0.999789 | norm = 0.999676
  Step 1200/2000 | R_avg = 0.999762 | norm = 0.999645
  Step 1300/2000 | R_avg = 0.999782 | norm = 0.999614
  Step 1400/2000 | R_avg = 0.999794 | norm = 0.999583
  Step 1500/2000 | R_avg = 0.999747 | norm = 0.999553
  Step 1600/2000 | R_avg = 0.999797 | norm = 0.999524
  Step 1700/2000 | R_avg = 0.99978 | norm = 0.999495
  Step 1800/2000 | R_avg = 0.999814 | norm = 0.999465
  Step 1900/2000 | R_avg = 0.99918 | norm = 0.999435

===== Global Validation =====
✓ Global validation PASSED
  ✓ Probability Conservation: ||ψ||² = 0.999406 (drift: 0.0594017% from initial 1) ✓ PASS
  ✓ Energy Conservation: E_total = 1.46048 (drift: 0.0146963% from initial 1.4607) ✓ PASS
  ✓ Order Parameter Bounds: R ∈ [1, 1] ✓ PASS (within [0,1])
  ✓ Causality: v = |p|/E = 0.346888 (c = 1) ✓ PASS (v ≤ c)
  ✓ Numerical Stability: All fields finite ✓ PASS
  Norm validation: max_error = 0.000594105 ✓ PASS
  Energy validation: max_drift = 0.00518668 ✓ PASS
  Saved observables to /home/persist/neotec/0rigin/output/20251228_044202_em_coupling_uniform_field_64x64_v0.5/N_100/observables.csv

--- Validating Convergence ---
✓ Convergence validation PASSED

===== Velocity Sweep Aggregate Analysis =====

Analyzing velocity sweep results...
Grid size: 64×64
Velocities tested: 2

=== Relativistic Gamma Comparison ===
Velocity | γ_theory | γ_measured | Error (%) | Status
---------|----------|------------|-----------|-------

=== Critical Velocity Analysis ===
✓ Critical velocity is within expected range (0.3c - 0.7c)

✓ Velocity sweep report saved to: /home/persist/neotec/0rigin/output/20251228_044202_em_coupling_uniform_field_64x64_AGGREGATE/velocity_sweep_analysis.txt

[3/3] Generating report...

✓ Report saved to /home/persist/neotec/0rigin/output/20251228_044202_em_coupling_uniform_field_64x64_v0.5/test_report.txt

===== Test Summary =====
✓ ALL TESTS PASSED

Validation criteria met:
  ✓ Norm conservation ||Ψ||² - 1 < 10⁻⁴
  ✓ Energy conservation |ΔE/E₀| < 1%
  ✓ Convergence between N ratios < 5%
