[Logging] Console output for 128x128 writing to: /home/persist/neotec/0rigin/output/20251230_185717_lorentz_force_boosted/console.log
  Dirac initialization (grid-independent):
    Position: (30, 50) ℓ_P
    Width: 3 ℓ_P
    Grid coordinates: (38.4, 64) grid units
    Grid width: 3.84 grid units
  Using Dirac solver (spinor field)
[DiracEvolution] Initialized 128x128 4-component spinor field (particle, β=1)
[DiracEvolution] Initialized Gaussian wavepacket at (38.4, 64) with σ=3.84
[SMFTEngine] Dirac field initialized: center=(38.4,64), sigma=3.84, norm=0.999999
[DiracEvolution] Initialized 128x128 4-component spinor field (particle, β=1)
[DiracEvolution] Initialized Gaussian wavepacket at (38.4, 64) with σ=3.84
  Initial energy E0 = 0.0655685
  Initial norm = 1

--- Initializing Test Particle for Lorentz Force ---
  Particle initialized at (70, 50) ℓ_P
  Initial velocity: (-0.1, 0) c
  Charge: -1, Mass: 1 (natural units)
[stepWithDirac] Strang splitting enabled:
  substep_ratio=1
  substep_dt=0.001
  half_substeps=0
  remaining_substeps=1
[GPU EM Compute] 1 calls | Last: 205 μs | Avg: 205 μs | Grid: 128×128
  [Kuramoto Energy] grad_R: 0.525027, potential: -16381.8, total: -16381.3 (κ=1)
  Actual initial energy E0 = -16380.9 (from first observation including EM)
[ERROR] Invalid EM field at (14,78): E=(-0,-0), B=-nan
  Step 0/5000 | R_avg = 0.999901 | norm = 1
[GPU EM Compute] 50 calls | Last: 103 μs | Avg: 106 μs | Grid: 128×128
[ERROR] Invalid theta fields detected (NaN/Inf), returning zero EM observables
[ERROR] Invalid theta fields detected (NaN/Inf), returning zero EM observables
[ERROR] Invalid EM field at (14,30): E=(-0,-0), B=-nan
[GPU EM Compute] 100 calls | Last: 111 μs | Avg: 103 μs | Grid: 128×128
[ERROR] Invalid theta fields detected (NaN/Inf), returning zero EM observables
[ERROR] Invalid theta fields detected (NaN/Inf), returning zero EM observables
[GPU EM Compute] 150 calls | Last: 121 μs | Avg: 105 μs | Grid: 128×128
[ERROR] Invalid theta fields detected (NaN/Inf), returning zero EM observables
[ERROR] Invalid theta fields detected (NaN/Inf), returning zero EM observables
[ERROR] Invalid EM field at (14,0): E=(-0,-0), B=-nan
[GPU EM Compute] 200 calls | Last: 105 μs | Avg: 107 μs | Grid: 128×128
[ERROR] Invalid theta fields detected (NaN/Inf), returning zero EM observables
[ERROR] Invalid theta fields detected (NaN/Inf), returning zero EM observables
[GPU EM Compute] 250 calls | Last: 122 μs | Avg: 106 μs | Grid: 128×128
[GPU EM Compute] 300 calls | Last: 106 μs | Avg: 105 μs | Grid: 128×128
[GPU EM Compute] 350 calls | Last: 107 μs | Avg: 106 μs | Grid: 128×128
[GPU EM Compute] 400 calls | Last: 65 μs | Avg: 106 μs | Grid: 128×128
[GPU EM Compute] 450 calls | Last: 114 μs | Avg: 106 μs | Grid: 128×128
[GPU EM Compute] 500 calls | Last: 109 μs | Avg: 105 μs | Grid: 128×128
  Step 500/5000 | R_avg = 0.9998 | norm = 0.999854
[GPU EM Compute] 550 calls | Last: 106 μs | Avg: 105 μs | Grid: 128×128
[GPU EM Compute] 600 calls | Last: 107 μs | Avg: 105 μs | Grid: 128×128
[GPU EM Compute] 650 calls | Last: 108 μs | Avg: 105 μs | Grid: 128×128
[GPU EM Compute] 700 calls | Last: 66 μs | Avg: 105 μs | Grid: 128×128
[GPU EM Compute] 750 calls | Last: 106 μs | Avg: 106 μs | Grid: 128×128
[GPU EM Compute] 800 calls | Last: 104 μs | Avg: 107 μs | Grid: 128×128
[GPU EM Compute] 850 calls | Last: 117 μs | Avg: 107 μs | Grid: 128×128
[GPU EM Compute] 900 calls | Last: 109 μs | Avg: 107 μs | Grid: 128×128
[GPU EM Compute] 950 calls | Last: 115 μs | Avg: 107 μs | Grid: 128×128
[GPU EM Compute] 1000 calls | Last: 109 μs | Avg: 107 μs | Grid: 128×128
  Step 1000/5000 | R_avg = 0.9999 | norm = 0.999705
[GPU EM Compute] 1050 calls | Last: 108 μs | Avg: 107 μs | Grid: 128×128
[GPU EM Compute] 1100 calls | Last: 109 μs | Avg: 107 μs | Grid: 128×128
[GPU EM Compute] 1150 calls | Last: 108 μs | Avg: 107 μs | Grid: 128×128
[GPU EM Compute] 1200 calls | Last: 102 μs | Avg: 107 μs | Grid: 128×128
[GPU EM Compute] 1250 calls | Last: 110 μs | Avg: 107 μs | Grid: 128×128
[GPU EM Compute] 1300 calls | Last: 109 μs | Avg: 107 μs | Grid: 128×128
[GPU EM Compute] 1350 calls | Last: 131 μs | Avg: 107 μs | Grid: 128×128
[GPU EM Compute] 1400 calls | Last: 105 μs | Avg: 107 μs | Grid: 128×128
[GPU EM Compute] 1450 calls | Last: 104 μs | Avg: 107 μs | Grid: 128×128
[GPU EM Compute] 1500 calls | Last: 104 μs | Avg: 107 μs | Grid: 128×128
  Step 1500/5000 | R_avg = 0.999885 | norm = 0.999551
[GPU EM Compute] 1550 calls | Last: 109 μs | Avg: 107 μs | Grid: 128×128
[GPU EM Compute] 1600 calls | Last: 104 μs | Avg: 107 μs | Grid: 128×128
[GPU EM Compute] 1650 calls | Last: 104 μs | Avg: 107 μs | Grid: 128×128
[GPU EM Compute] 1700 calls | Last: 67 μs | Avg: 107 μs | Grid: 128×128
[GPU EM Compute] 1750 calls | Last: 104 μs | Avg: 107 μs | Grid: 128×128
[GPU EM Compute] 1800 calls | Last: 104 μs | Avg: 107 μs | Grid: 128×128
[GPU EM Compute] 1850 calls | Last: 61 μs | Avg: 107 μs | Grid: 128×128
[GPU EM Compute] 1900 calls | Last: 104 μs | Avg: 107 μs | Grid: 128×128
[GPU EM Compute] 1950 calls | Last: 105 μs | Avg: 107 μs | Grid: 128×128
[GPU EM Compute] 2000 calls | Last: 101 μs | Avg: 107 μs | Grid: 128×128
  Step 2000/5000 | R_avg = 0.999895 | norm = 0.999397
[GPU EM Compute] 2050 calls | Last: 104 μs | Avg: 107 μs | Grid: 128×128
[GPU EM Compute] 2100 calls | Last: 117 μs | Avg: 106 μs | Grid: 128×128
[GPU EM Compute] 2150 calls | Last: 116 μs | Avg: 107 μs | Grid: 128×128
[GPU EM Compute] 2200 calls | Last: 62 μs | Avg: 106 μs | Grid: 128×128
[GPU EM Compute] 2250 calls | Last: 107 μs | Avg: 106 μs | Grid: 128×128
[GPU EM Compute] 2300 calls | Last: 128 μs | Avg: 106 μs | Grid: 128×128
[GPU EM Compute] 2350 calls | Last: 105 μs | Avg: 106 μs | Grid: 128×128
[GPU EM Compute] 2400 calls | Last: 105 μs | Avg: 107 μs | Grid: 128×128
[GPU EM Compute] 2450 calls | Last: 105 μs | Avg: 107 μs | Grid: 128×128
[GPU EM Compute] 2500 calls | Last: 106 μs | Avg: 107 μs | Grid: 128×128
  Step 2500/5000 | R_avg = 0.999899 | norm = 0.999243
[GPU EM Compute] 2550 calls | Last: 106 μs | Avg: 107 μs | Grid: 128×128
[GPU EM Compute] 2600 calls | Last: 115 μs | Avg: 107 μs | Grid: 128×128
[GPU EM Compute] 2650 calls | Last: 108 μs | Avg: 107 μs | Grid: 128×128
[GPU EM Compute] 2700 calls | Last: 107 μs | Avg: 107 μs | Grid: 128×128
[GPU EM Compute] 2750 calls | Last: 106 μs | Avg: 107 μs | Grid: 128×128
[GPU EM Compute] 2800 calls | Last: 105 μs | Avg: 107 μs | Grid: 128×128
[GPU EM Compute] 2850 calls | Last: 107 μs | Avg: 107 μs | Grid: 128×128
[GPU EM Compute] 2900 calls | Last: 106 μs | Avg: 107 μs | Grid: 128×128
[GPU EM Compute] 2950 calls | Last: 104 μs | Avg: 107 μs | Grid: 128×128
[GPU EM Compute] 3000 calls | Last: 106 μs | Avg: 107 μs | Grid: 128×128
  Step 3000/5000 | R_avg = 0.999895 | norm = 0.999088
[GPU EM Compute] 3050 calls | Last: 104 μs | Avg: 107 μs | Grid: 128×128
[GPU EM Compute] 3100 calls | Last: 102 μs | Avg: 107 μs | Grid: 128×128
[GPU EM Compute] 3150 calls | Last: 104 μs | Avg: 107 μs | Grid: 128×128
[GPU EM Compute] 3200 calls | Last: 107 μs | Avg: 107 μs | Grid: 128×128
[GPU EM Compute] 3250 calls | Last: 105 μs | Avg: 107 μs | Grid: 128×128
[GPU EM Compute] 3300 calls | Last: 108 μs | Avg: 107 μs | Grid: 128×128
[GPU EM Compute] 3350 calls | Last: 125 μs | Avg: 107 μs | Grid: 128×128
[GPU EM Compute] 3400 calls | Last: 108 μs | Avg: 107 μs | Grid: 128×128
[GPU EM Compute] 3450 calls | Last: 107 μs | Avg: 107 μs | Grid: 128×128
[GPU EM Compute] 3500 calls | Last: 111 μs | Avg: 107 μs | Grid: 128×128
  Step 3500/5000 | R_avg = 0.999904 | norm = 0.998933
[GPU EM Compute] 3550 calls | Last: 120 μs | Avg: 107 μs | Grid: 128×128
[GPU EM Compute] 3600 calls | Last: 110 μs | Avg: 107 μs | Grid: 128×128
[GPU EM Compute] 3650 calls | Last: 108 μs | Avg: 107 μs | Grid: 128×128
[GPU EM Compute] 3700 calls | Last: 108 μs | Avg: 107 μs | Grid: 128×128
[GPU EM Compute] 3750 calls | Last: 104 μs | Avg: 107 μs | Grid: 128×128
[GPU EM Compute] 3800 calls | Last: 100 μs | Avg: 107 μs | Grid: 128×128
[GPU EM Compute] 3850 calls | Last: 105 μs | Avg: 107 μs | Grid: 128×128
[GPU EM Compute] 3900 calls | Last: 104 μs | Avg: 107 μs | Grid: 128×128
[GPU EM Compute] 3950 calls | Last: 106 μs | Avg: 107 μs | Grid: 128×128
[GPU EM Compute] 4000 calls | Last: 105 μs | Avg: 106 μs | Grid: 128×128
  Step 4000/5000 | R_avg = 0.999897 | norm = 0.998774
[GPU EM Compute] 4050 calls | Last: 106 μs | Avg: 106 μs | Grid: 128×128
[GPU EM Compute] 4100 calls | Last: 106 μs | Avg: 106 μs | Grid: 128×128
[GPU EM Compute] 4150 calls | Last: 121 μs | Avg: 106 μs | Grid: 128×128
[GPU EM Compute] 4200 calls | Last: 104 μs | Avg: 106 μs | Grid: 128×128
[GPU EM Compute] 4250 calls | Last: 105 μs | Avg: 106 μs | Grid: 128×128
[GPU EM Compute] 4300 calls | Last: 109 μs | Avg: 106 μs | Grid: 128×128
[GPU EM Compute] 4350 calls | Last: 105 μs | Avg: 106 μs | Grid: 128×128
[GPU EM Compute] 4400 calls | Last: 107 μs | Avg: 106 μs | Grid: 128×128
[GPU EM Compute] 4450 calls | Last: 107 μs | Avg: 106 μs | Grid: 128×128
[GPU EM Compute] 4500 calls | Last: 128 μs | Avg: 106 μs | Grid: 128×128
  Step 4500/5000 | R_avg = 0.999872 | norm = 0.998614
[GPU EM Compute] 4550 calls | Last: 105 μs | Avg: 106 μs | Grid: 128×128
[GPU EM Compute] 4600 calls | Last: 116 μs | Avg: 106 μs | Grid: 128×128
[GPU EM Compute] 4650 calls | Last: 111 μs | Avg: 106 μs | Grid: 128×128
[GPU EM Compute] 4700 calls | Last: 68 μs | Avg: 106 μs | Grid: 128×128
[GPU EM Compute] 4750 calls | Last: 98 μs | Avg: 106 μs | Grid: 128×128
[GPU EM Compute] 4800 calls | Last: 126 μs | Avg: 106 μs | Grid: 128×128
[GPU EM Compute] 4850 calls | Last: 121 μs | Avg: 106 μs | Grid: 128×128
[GPU EM Compute] 4900 calls | Last: 107 μs | Avg: 106 μs | Grid: 128×128
[GPU EM Compute] 4950 calls | Last: 106 μs | Avg: 106 μs | Grid: 128×128
[GPU EM Compute] 5000 calls | Last: 107 μs | Avg: 106 μs | Grid: 128×128
  [Kuramoto Energy] grad_R: 0.048158, potential: -16380.4, total: -16380.4 (κ=1)

===== Lorentz Force Analysis =====
Error: Could not open /home/persist/neotec/0rigin/output/20251230_185717_lorentz_force_boosted/N_1/particle_trajectory.csv for writing
  Particle trajectory saved to: /home/persist/neotec/0rigin/output/20251230_185717_lorentz_force_boosted/N_1/particle_trajectory.csv
  Average magnetic field: B_avg = 1.28786e-09

Theoretical predictions:
  Cyclotron frequency: ω_c = 1.28786e-09 rad/τ_P
  Larmor radius: r_L = 7.76483e+07 ℓ_P

Measured from trajectory:
  Orbital period: T = 0 τ_P
  Orbital radius: r = 0.126238 ℓ_P
  Orbital frequency: ω = 0 rad/τ_P

Validation:
  Frequency error: 100%
  Radius error: 100%
  Lorentz force validation: ✗ FAIL

===== Global Validation =====
✓ Global validation PASSED
  ✓ Probability Conservation: ||ψ||² = 0.998455 (drift: 0.154614% from initial 1) ✓ PASS
  ✓ Energy Conservation: E_total = -16380 (drift: 0.0054681% from initial -16380.9) ✓ PASS
  ✓ Order Parameter Bounds: R ∈ [0, 0] ✓ PASS (within [0,1])
  ✓ Causality: v = |p|/E = 1.54045e-09 (c = 1) ✓ PASS (v ≤ c)
  ✓ Numerical Stability: All fields finite ✓ PASS
  Norm validation: max_error = 0.00154547 ✓ PASS
  Energy validation: max_drift = 0.000286911 ✓ PASS

===== EM Field Validation =====
Maxwell Equation Residuals:
  Gauss law (∇·E - 4πρ): 0 ✓
  No monopole (∇·B): 0 ✓
  Faraday law (∇×E + ∂B/∂t): 0 ✓
  Ampere law (∇×B - 4πJ - ∂E/∂t): 9.0688e-08 ✓
Overall Maxwell Validation: ✓ PASS
Failed to open /home/persist/neotec/0rigin/output/20251230_185717_lorentz_force_boosted/N_1/observables.csv for writing
  Saved observables to /home/persist/neotec/0rigin/output/20251230_185717_lorentz_force_boosted/N_1/observables.csv
  Saved EM observables to /home/persist/neotec/0rigin/output/20251230_185717_lorentz_force_boosted/N_1/em_observables.csv

[3/3] Generating report...

✓ Report saved to /home/persist/neotec/0rigin/output/20251230_185717_lorentz_force_boosted/test_report.txt

===== Test Summary =====
✓ ALL TESTS PASSED

Validation criteria met:
  ✓ Norm conservation ||Ψ||² - 1 < 10⁻⁴
  ✓ Energy conservation |ΔE/E₀| < 1%
  ✓ Convergence between N ratios < 5%
