[Logging] Console output for 128x128 v=0.6c writing to: /home/persist/neotec/0rigin/output/20251224_164023_scenario_2.6A_energy_momentum_relation_128x128_v0.6/console.log

--- Testing with N=1 ---
  Dirac initialization (grid-independent):
    Position: (50, 50) ℓ_P
    Width: 3 ℓ_P
    Grid coordinates: (64, 64) grid units
    Grid width: 3.84 grid units
  Using Dirac solver (spinor field) with boosted initialization
    Background R (expected): 1
[DiracEvolution] Initialized 128x128 4-component spinor field (particle, β=1)
[SMFT] Boosted Gaussian initialization:
  Position: (64, 64) grid units
  Width: σ = 3.84 grid units
  Velocity: v = (0.6, 0)c
  |v| = 0.6c
  Lorentz factor: γ = 1.25
  Rest mass: m₀ = Δ·R = 1 × 1 = 1 m_P
  Momentum: p = (0.75, 0) m_P·c
  |p| = 0.75 m_P·c
  Pre-normalization: ∫|Ψ|² = 92.6492
  Normalization factor: 9.62545
[DiracEvolution] Initialized Gaussian wavepacket at (64, 64) with σ=3.84
  Final norm: ||Ψ||² = 1
  Initial position: <r> = (64, 64)
✓ Boosted Gaussian initialized
[SMFTEngine] Boosted Dirac field initialized: center=(64,64), sigma=3.84, boost=(0.6,0)c, norm=1, <r>=(64,64)
[DiracEvolution] Initialized 128x128 4-component spinor field (particle, β=1)
[SMFT] Boosted Gaussian initialization:
  Position: (64, 64) grid units
  Width: σ = 3.84 grid units
  Velocity: v = (0.6, 0)c
  |v| = 0.6c
  Lorentz factor: γ = 1.25
  Rest mass: m₀ = Δ·R = 1 × 1 = 1 m_P
  Momentum: p = (0.75, 0) m_P·c
  |p| = 0.75 m_P·c
  Pre-normalization: ∫|Ψ|² = 92.6492
  Normalization factor: 9.62545
[DiracEvolution] Initialized Gaussian wavepacket at (64, 64) with σ=3.84
  Final norm: ||Ψ||² = 1
  Initial position: <r> = (64, 64)
✓ Boosted Gaussian initialized
  Initial energy E0 = 0.499735
  Initial norm = 1
  Step 0/10000 | R_avg = 0.999584 | norm = 1
  Step 100/10000 | R_avg = 0.999855 | norm = 0.999976
  Step 200/10000 | R_avg = 0.999423 | norm = 0.99995
  Step 300/10000 | R_avg = 0.999355 | norm = 0.999924
  Step 400/10000 | R_avg = 0.999287 | norm = 0.999897
  Step 500/10000 | R_avg = 0.99935 | norm = 0.99987
  Step 600/10000 | R_avg = 0.999285 | norm = 0.999841
  Step 700/10000 | R_avg = 0.999324 | norm = 0.999812
  Step 800/10000 | R_avg = 0.999267 | norm = 0.999783
  Step 900/10000 | R_avg = 0.99927 | norm = 0.999753
  Step 1000/10000 | R_avg = 0.999291 | norm = 0.999723
  Step 1100/10000 | R_avg = 0.999293 | norm = 0.999692
  Step 1200/10000 | R_avg = 0.999361 | norm = 0.999663
  Step 1300/10000 | R_avg = 0.999293 | norm = 0.999633
  Step 1400/10000 | R_avg = 0.999359 | norm = 0.999603
  Step 1500/10000 | R_avg = 0.99934 | norm = 0.999573
  Step 1600/10000 | R_avg = 0.999301 | norm = 0.999543
  Step 1700/10000 | R_avg = 0.999283 | norm = 0.999514
  Step 1800/10000 | R_avg = 0.999328 | norm = 0.999484
  Step 1900/10000 | R_avg = 0.999354 | norm = 0.999453
  Step 2000/10000 | R_avg = 0.99925 | norm = 0.999423
  Step 2100/10000 | R_avg = 0.999776 | norm = 0.999392
  Step 2200/10000 | R_avg = 0.999468 | norm = 0.999361
  Step 2300/10000 | R_avg = 0.999295 | norm = 0.99933
  Step 2400/10000 | R_avg = 0.999317 | norm = 0.999299
  Step 2500/10000 | R_avg = 0.999284 | norm = 0.999268
  Step 2600/10000 | R_avg = 0.999336 | norm = 0.999237
  Step 2700/10000 | R_avg = 0.999302 | norm = 0.999206
  Step 2800/10000 | R_avg = 0.999269 | norm = 0.999176
  Step 2900/10000 | R_avg = 0.999473 | norm = 0.999147
  Step 3000/10000 | R_avg = 0.999337 | norm = 0.999118
  Step 3100/10000 | R_avg = 0.9993 | norm = 0.999089
  Step 3200/10000 | R_avg = 0.999349 | norm = 0.999061
  Step 3300/10000 | R_avg = 0.999807 | norm = 0.999033
  Step 3400/10000 | R_avg = 0.999325 | norm = 0.999005
  Step 3500/10000 | R_avg = 0.999285 | norm = 0.998977
  Step 3600/10000 | R_avg = 0.999299 | norm = 0.998948
  Step 3700/10000 | R_avg = 0.999334 | norm = 0.998919
  Step 3800/10000 | R_avg = 0.999147 | norm = 0.998889
  Step 3900/10000 | R_avg = 0.999281 | norm = 0.998858
  Step 4000/10000 | R_avg = 0.999306 | norm = 0.998827
  Step 4100/10000 | R_avg = 0.999788 | norm = 0.998796
  Step 4200/10000 | R_avg = 0.999379 | norm = 0.998764
  Step 4300/10000 | R_avg = 0.999714 | norm = 0.998732
  Step 4400/10000 | R_avg = 0.999645 | norm = 0.9987
  Step 4500/10000 | R_avg = 0.99977 | norm = 0.998669
  Step 4600/10000 | R_avg = 0.999809 | norm = 0.998637
  Step 4700/10000 | R_avg = 0.999618 | norm = 0.998605
  Step 4800/10000 | R_avg = 0.999765 | norm = 0.998574
  Step 4900/10000 | R_avg = 0.999681 | norm = 0.998542
  Step 5000/10000 | R_avg = 0.999717 | norm = 0.998511
  Step 5100/10000 | R_avg = 0.999808 | norm = 0.998479
  Step 5200/10000 | R_avg = 0.999704 | norm = 0.998447
  Step 5300/10000 | R_avg = 0.999818 | norm = 0.998415
  Step 5400/10000 | R_avg = 0.999561 | norm = 0.998383
  Step 5500/10000 | R_avg = 0.999662 | norm = 0.998351
  Step 5600/10000 | R_avg = 0.999612 | norm = 0.998318
  Step 5700/10000 | R_avg = 0.99969 | norm = 0.998286
  Step 5800/10000 | R_avg = 0.999675 | norm = 0.998254
  Step 5900/10000 | R_avg = 0.999845 | norm = 0.998222
  Step 6000/10000 | R_avg = 0.999906 | norm = 0.998191
  Step 6100/10000 | R_avg = 0.999818 | norm = 0.99816
  Step 6200/10000 | R_avg = 0.999706 | norm = 0.998129
  Step 6300/10000 | R_avg = 0.999636 | norm = 0.9981
  Step 6400/10000 | R_avg = 0.999837 | norm = 0.998071
  Step 6500/10000 | R_avg = 0.999621 | norm = 0.998042
  Step 6600/10000 | R_avg = 0.99967 | norm = 0.998013
  Step 6700/10000 | R_avg = 0.99965 | norm = 0.997984
  Step 6800/10000 | R_avg = 0.999875 | norm = 0.997955
  Step 6900/10000 | R_avg = 0.999702 | norm = 0.997925
  Step 7000/10000 | R_avg = 0.999597 | norm = 0.997894
  Step 7100/10000 | R_avg = 0.999689 | norm = 0.997863
  Step 7200/10000 | R_avg = 0.999721 | norm = 0.997832
  Step 7300/10000 | R_avg = 0.999723 | norm = 0.9978
  Step 7400/10000 | R_avg = 0.999745 | norm = 0.997768
  Step 7500/10000 | R_avg = 0.999766 | norm = 0.997736
  Step 7600/10000 | R_avg = 0.999622 | norm = 0.997704
  Step 7700/10000 | R_avg = 0.999784 | norm = 0.997672
  Step 7800/10000 | R_avg = 0.999725 | norm = 0.99764
  Step 7900/10000 | R_avg = 0.999684 | norm = 0.997609
  Step 8000/10000 | R_avg = 0.999751 | norm = 0.997577
  Step 8100/10000 | R_avg = 0.999808 | norm = 0.997545
  Step 8200/10000 | R_avg = 0.999808 | norm = 0.997514
  Step 8300/10000 | R_avg = 0.999656 | norm = 0.997482
  Step 8400/10000 | R_avg = 0.999497 | norm = 0.99745
  Step 8500/10000 | R_avg = 0.999517 | norm = 0.997418
  Step 8600/10000 | R_avg = 0.999488 | norm = 0.997386
  Step 8700/10000 | R_avg = 0.999488 | norm = 0.997354
  Step 8800/10000 | R_avg = 0.999555 | norm = 0.997322
  Step 8900/10000 | R_avg = 0.999586 | norm = 0.99729
  Step 9000/10000 | R_avg = 0.999747 | norm = 0.997258
  Step 9100/10000 | R_avg = 0.999574 | norm = 0.997226
  Step 9200/10000 | R_avg = 0.999764 | norm = 0.997195
  Step 9300/10000 | R_avg = 0.999657 | norm = 0.997164
  Step 9400/10000 | R_avg = 0.999678 | norm = 0.997134
  Step 9500/10000 | R_avg = 0.99988 | norm = 0.997104
  Step 9600/10000 | R_avg = 0.999673 | norm = 0.997075
  Step 9700/10000 | R_avg = 0.999832 | norm = 0.997046
  Step 9800/10000 | R_avg = 0.999683 | norm = 0.997017
  Step 9900/10000 | R_avg = 0.999681 | norm = 0.996988

===== Global Validation =====
✓ Global validation PASSED
  ✓ Probability Conservation: ||ψ||² = 0.996959 (drift: 0.304211% from initial 1) ✓ PASS
  ✓ Energy Conservation: E_total = 1.4925 (drift: 0.426781% from initial 1.49889) ✓ PASS
  ✓ Order Parameter Bounds: R ∈ [0, 0] ✓ PASS (within [0,1])
  ✓ Causality: v = |p|/E = 0.446187 (c = 1) ✓ PASS (v ≤ c)
  ✓ Numerical Stability: All fields finite ✓ PASS
  Norm validation: max_error = 0.00304118 ✓ PASS
  Energy validation: max_drift = 0.00478372 ✓ PASS
  Saved observables to /home/persist/neotec/0rigin/output/20251224_164023_scenario_2.6A_energy_momentum_relation_128x128_v0.6/N_1/observables.csv

--- Testing with N=10 ---
  Dirac initialization (grid-independent):
    Position: (50, 50) ℓ_P
    Width: 3 ℓ_P
    Grid coordinates: (64, 64) grid units
    Grid width: 3.84 grid units
  Using Dirac solver (spinor field) with boosted initialization
    Background R (expected): 1
[SMFT] Boosted Gaussian initialization:
  Position: (64, 64) grid units
  Width: σ = 3.84 grid units
  Velocity: v = (0.6, 0)c
  |v| = 0.6c
  Lorentz factor: γ = 1.25
  Rest mass: m₀ = Δ·R = 1 × 1 = 1 m_P
  Momentum: p = (0.75, 0) m_P·c
  |p| = 0.75 m_P·c
  Pre-normalization: ∫|Ψ|² = 92.6492
  Normalization factor: 9.62545
[DiracEvolution] Initialized Gaussian wavepacket at (64, 64) with σ=3.84
  Final norm: ||Ψ||² = 1
  Initial position: <r> = (64, 64)
✓ Boosted Gaussian initialized
[SMFTEngine] Boosted Dirac field initialized: center=(64,64), sigma=3.84, boost=(0.6,0)c, norm=1, <r>=(64,64)
[DiracEvolution] Initialized 128x128 4-component spinor field (particle, β=1)
[SMFT] Boosted Gaussian initialization:
  Position: (64, 64) grid units
  Width: σ = 3.84 grid units
  Velocity: v = (0.6, 0)c
  |v| = 0.6c
  Lorentz factor: γ = 1.25
  Rest mass: m₀ = Δ·R = 1 × 1 = 1 m_P
  Momentum: p = (0.75, 0) m_P·c
  |p| = 0.75 m_P·c
  Pre-normalization: ∫|Ψ|² = 92.6492
  Normalization factor: 9.62545
[DiracEvolution] Initialized Gaussian wavepacket at (64, 64) with σ=3.84
  Final norm: ||Ψ||² = 1
  Initial position: <r> = (64, 64)
✓ Boosted Gaussian initialized
  Initial energy E0 = 1.49426
  Initial norm = 1
  Step 0/10000 | R_avg = 0.999895 | norm = 1
  Step 100/10000 | R_avg = 0.999772 | norm = 0.999976
  Step 200/10000 | R_avg = 0.999766 | norm = 0.999951
  Step 300/10000 | R_avg = 0.999744 | norm = 0.999924
  Step 400/10000 | R_avg = 0.999546 | norm = 0.999897
  Step 500/10000 | R_avg = 0.999889 | norm = 0.99987
  Step 600/10000 | R_avg = 0.999946 | norm = 0.999842
  Step 700/10000 | R_avg = 0.999794 | norm = 0.999813
  Step 800/10000 | R_avg = 0.999865 | norm = 0.999783
  Step 900/10000 | R_avg = 0.999834 | norm = 0.999754
  Step 1000/10000 | R_avg = 0.999869 | norm = 0.999724
  Step 1100/10000 | R_avg = 0.999926 | norm = 0.999694
  Step 1200/10000 | R_avg = 0.999778 | norm = 0.999664
  Step 1300/10000 | R_avg = 0.999419 | norm = 0.999634
  Step 1400/10000 | R_avg = 0.999439 | norm = 0.999604
  Step 1500/10000 | R_avg = 0.999803 | norm = 0.999574
  Step 1600/10000 | R_avg = 0.999419 | norm = 0.999545
  Step 1700/10000 | R_avg = 0.999909 | norm = 0.999515
  Step 1800/10000 | R_avg = 0.999894 | norm = 0.999485
  Step 1900/10000 | R_avg = 0.999516 | norm = 0.999455
  Step 2000/10000 | R_avg = 0.999725 | norm = 0.999424
  Step 2100/10000 | R_avg = 0.999427 | norm = 0.999393
  Step 2200/10000 | R_avg = 0.999501 | norm = 0.999362
  Step 2300/10000 | R_avg = 0.999779 | norm = 0.999331
  Step 2400/10000 | R_avg = 0.999934 | norm = 0.9993
  Step 2500/10000 | R_avg = 0.999773 | norm = 0.999269
  Step 2600/10000 | R_avg = 0.999927 | norm = 0.999238
  Step 2700/10000 | R_avg = 0.999767 | norm = 0.999207
  Step 2800/10000 | R_avg = 0.999537 | norm = 0.999177
  Step 2900/10000 | R_avg = 0.999576 | norm = 0.999147
  Step 3000/10000 | R_avg = 0.999629 | norm = 0.999118
  Step 3100/10000 | R_avg = 0.999508 | norm = 0.99909
  Step 3200/10000 | R_avg = 0.999837 | norm = 0.999062
  Step 3300/10000 | R_avg = 0.999635 | norm = 0.999034
  Step 3400/10000 | R_avg = 0.999625 | norm = 0.999007
  Step 3500/10000 | R_avg = 0.999461 | norm = 0.998978
  Step 3600/10000 | R_avg = 0.999806 | norm = 0.99895
  Step 3700/10000 | R_avg = 0.999796 | norm = 0.99892
  Step 3800/10000 | R_avg = 0.999795 | norm = 0.99889
  Step 3900/10000 | R_avg = 0.999944 | norm = 0.998859
  Step 4000/10000 | R_avg = 0.999843 | norm = 0.998828
  Step 4100/10000 | R_avg = 0.999579 | norm = 0.998797
  Step 4200/10000 | R_avg = 0.999862 | norm = 0.998765
  Step 4300/10000 | R_avg = 0.999739 | norm = 0.998733
  Step 4400/10000 | R_avg = 0.999803 | norm = 0.998701
  Step 4500/10000 | R_avg = 0.999932 | norm = 0.998669
  Step 4600/10000 | R_avg = 0.999594 | norm = 0.998637
  Step 4700/10000 | R_avg = 0.99965 | norm = 0.998605
  Step 4800/10000 | R_avg = 0.999533 | norm = 0.998574
  Step 4900/10000 | R_avg = 0.99958 | norm = 0.998542
  Step 5000/10000 | R_avg = 0.999727 | norm = 0.998511
  Step 5100/10000 | R_avg = 0.999949 | norm = 0.998479
  Step 5200/10000 | R_avg = 0.999798 | norm = 0.998447
  Step 5300/10000 | R_avg = 0.999796 | norm = 0.998415
  Step 5400/10000 | R_avg = 0.999585 | norm = 0.998383
  Step 5500/10000 | R_avg = 0.999501 | norm = 0.99835
  Step 5600/10000 | R_avg = 0.999483 | norm = 0.998318
  Step 5700/10000 | R_avg = 0.999567 | norm = 0.998286
  Step 5800/10000 | R_avg = 0.999688 | norm = 0.998254
  Step 5900/10000 | R_avg = 0.999686 | norm = 0.998222
  Step 6000/10000 | R_avg = 0.999687 | norm = 0.998191
  Step 6100/10000 | R_avg = 0.999664 | norm = 0.99816
  Step 6200/10000 | R_avg = 0.999452 | norm = 0.99813
  Step 6300/10000 | R_avg = 0.999865 | norm = 0.9981
  Step 6400/10000 | R_avg = 0.99931 | norm = 0.998071
  Step 6500/10000 | R_avg = 0.999267 | norm = 0.998042
  Step 6600/10000 | R_avg = 0.999331 | norm = 0.998013
  Step 6700/10000 | R_avg = 0.999348 | norm = 0.997984
  Step 6800/10000 | R_avg = 0.99932 | norm = 0.997955
  Step 6900/10000 | R_avg = 0.999288 | norm = 0.997925
  Step 7000/10000 | R_avg = 0.999806 | norm = 0.997894
  Step 7100/10000 | R_avg = 0.999787 | norm = 0.997863
  Step 7200/10000 | R_avg = 0.999785 | norm = 0.997832
  Step 7300/10000 | R_avg = 0.999945 | norm = 0.9978
  Step 7400/10000 | R_avg = 0.999788 | norm = 0.997768
  Step 7500/10000 | R_avg = 0.999793 | norm = 0.997736
  Step 7600/10000 | R_avg = 0.999788 | norm = 0.997704
  Step 7700/10000 | R_avg = 0.999788 | norm = 0.997672
  Step 7800/10000 | R_avg = 0.999736 | norm = 0.99764
  Step 7900/10000 | R_avg = 0.999932 | norm = 0.997608
  Step 8000/10000 | R_avg = 0.999782 | norm = 0.997576
  Step 8100/10000 | R_avg = 0.999864 | norm = 0.997545
  Step 8200/10000 | R_avg = 0.999935 | norm = 0.997513
  Step 8300/10000 | R_avg = 0.99982 | norm = 0.997481
  Step 8400/10000 | R_avg = 0.999762 | norm = 0.997449
  Step 8500/10000 | R_avg = 0.999749 | norm = 0.997417
  Step 8600/10000 | R_avg = 0.999651 | norm = 0.997385
  Step 8700/10000 | R_avg = 0.999805 | norm = 0.997353
  Step 8800/10000 | R_avg = 0.999578 | norm = 0.997321
  Step 8900/10000 | R_avg = 0.999631 | norm = 0.997289
  Step 9000/10000 | R_avg = 0.999495 | norm = 0.997257
  Step 9100/10000 | R_avg = 0.99961 | norm = 0.997225
  Step 9200/10000 | R_avg = 0.999548 | norm = 0.997194
  Step 9300/10000 | R_avg = 0.99953 | norm = 0.997163
  Step 9400/10000 | R_avg = 0.999664 | norm = 0.997133
  Step 9500/10000 | R_avg = 0.999554 | norm = 0.997103
  Step 9600/10000 | R_avg = 0.999745 | norm = 0.997074
  Step 9700/10000 | R_avg = 0.999833 | norm = 0.997044
  Step 9800/10000 | R_avg = 0.999698 | norm = 0.997016
  Step 9900/10000 | R_avg = 0.999717 | norm = 0.996987

===== Global Validation =====
✓ Global validation PASSED
  ✓ Probability Conservation: ||ψ||² = 0.996958 (drift: 0.304339% from initial 1) ✓ PASS
  ✓ Energy Conservation: E_total = 1.49347 (drift: 0.406235% from initial 1.49956) ✓ PASS
  ✓ Order Parameter Bounds: R ∈ [0.777848, 1] ✓ PASS (within [0,1])
  ✓ Causality: v = |p|/E = 0.446395 (c = 1) ✓ PASS (v ≤ c)
  ✓ Numerical Stability: All fields finite ✓ PASS
  Norm validation: max_error = 0.00304245 ✓ PASS
  Energy validation: max_drift = 0.00464892 ✓ PASS
  Saved observables to /home/persist/neotec/0rigin/output/20251224_164023_scenario_2.6A_energy_momentum_relation_128x128_v0.6/N_10/observables.csv

--- Testing with N=100 ---
  Dirac initialization (grid-independent):
    Position: (50, 50) ℓ_P
    Width: 3 ℓ_P
    Grid coordinates: (64, 64) grid units
    Grid width: 3.84 grid units
  Using Dirac solver (spinor field) with boosted initialization
    Background R (expected): 1
[SMFT] Boosted Gaussian initialization:
  Position: (64, 64) grid units
  Width: σ = 3.84 grid units
  Velocity: v = (0.6, 0)c
  |v| = 0.6c
  Lorentz factor: γ = 1.25
  Rest mass: m₀ = Δ·R = 1 × 1 = 1 m_P
  Momentum: p = (0.75, 0) m_P·c
  |p| = 0.75 m_P·c
  Pre-normalization: ∫|Ψ|² = 92.6492
  Normalization factor: 9.62545
[DiracEvolution] Initialized Gaussian wavepacket at (64, 64) with σ=3.84
  Final norm: ||Ψ||² = 1
  Initial position: <r> = (64, 64)
✓ Boosted Gaussian initialized
[SMFTEngine] Boosted Dirac field initialized: center=(64,64), sigma=3.84, boost=(0.6,0)c, norm=1, <r>=(64,64)
[DiracEvolution] Initialized 128x128 4-component spinor field (particle, β=1)
[SMFT] Boosted Gaussian initialization:
  Position: (64, 64) grid units
  Width: σ = 3.84 grid units
  Velocity: v = (0.6, 0)c
  |v| = 0.6c
  Lorentz factor: γ = 1.25
  Rest mass: m₀ = Δ·R = 1 × 1 = 1 m_P
  Momentum: p = (0.75, 0) m_P·c
  |p| = 0.75 m_P·c
  Pre-normalization: ∫|Ψ|² = 92.6492
  Normalization factor: 9.62545
[DiracEvolution] Initialized Gaussian wavepacket at (64, 64) with σ=3.84
  Final norm: ||Ψ||² = 1
  Initial position: <r> = (64, 64)
✓ Boosted Gaussian initialized
  Initial energy E0 = 1.49525
  Initial norm = 1
  Step 0/10000 | R_avg = 0.999788 | norm = 1
  Step 100/10000 | R_avg = 0.999757 | norm = 0.999976
  Step 200/10000 | R_avg = 0.999619 | norm = 0.999951
  Step 300/10000 | R_avg = 0.999811 | norm = 0.999926
  Step 400/10000 | R_avg = 0.999837 | norm = 0.999899
  Step 500/10000 | R_avg = 0.999622 | norm = 0.999871
  Step 600/10000 | R_avg = 0.999596 | norm = 0.999843
  Step 700/10000 | R_avg = 0.999661 | norm = 0.999814
  Step 800/10000 | R_avg = 0.999807 | norm = 0.999785
  Step 900/10000 | R_avg = 0.999524 | norm = 0.999755
  Step 1000/10000 | R_avg = 0.999558 | norm = 0.999725
  Step 1100/10000 | R_avg = 0.999545 | norm = 0.999695
  Step 1200/10000 | R_avg = 0.999792 | norm = 0.999665
  Step 1300/10000 | R_avg = 0.99993 | norm = 0.999635
  Step 1400/10000 | R_avg = 0.999507 | norm = 0.999605
  Step 1500/10000 | R_avg = 0.999388 | norm = 0.999575
  Step 1600/10000 | R_avg = 0.999778 | norm = 0.999545
  Step 1700/10000 | R_avg = 0.999717 | norm = 0.999516
  Step 1800/10000 | R_avg = 0.999787 | norm = 0.999486
  Step 1900/10000 | R_avg = 0.999771 | norm = 0.999455
  Step 2000/10000 | R_avg = 0.999784 | norm = 0.999425
  Step 2100/10000 | R_avg = 0.999785 | norm = 0.999394
  Step 2200/10000 | R_avg = 0.999779 | norm = 0.999363
  Step 2300/10000 | R_avg = 0.999776 | norm = 0.999332
  Step 2400/10000 | R_avg = 0.999794 | norm = 0.999301
  Step 2500/10000 | R_avg = 0.999789 | norm = 0.99927
  Step 2600/10000 | R_avg = 0.99979 | norm = 0.999239
  Step 2700/10000 | R_avg = 0.999792 | norm = 0.999208
  Step 2800/10000 | R_avg = 0.999737 | norm = 0.999178
  Step 2900/10000 | R_avg = 0.99979 | norm = 0.999148
  Step 3000/10000 | R_avg = 0.999785 | norm = 0.999119
  Step 3100/10000 | R_avg = 0.999764 | norm = 0.999091
  Step 3200/10000 | R_avg = 0.999781 | norm = 0.999063
  Step 3300/10000 | R_avg = 0.999775 | norm = 0.999035
  Step 3400/10000 | R_avg = 0.999775 | norm = 0.999007
  Step 3500/10000 | R_avg = 0.999774 | norm = 0.998979
  Step 3600/10000 | R_avg = 0.999784 | norm = 0.998949
  Step 3700/10000 | R_avg = 0.999787 | norm = 0.99892
  Step 3800/10000 | R_avg = 0.999796 | norm = 0.99889
  Step 3900/10000 | R_avg = 0.999782 | norm = 0.998859
  Step 4000/10000 | R_avg = 0.999774 | norm = 0.998828
  Step 4100/10000 | R_avg = 0.999786 | norm = 0.998796
  Step 4200/10000 | R_avg = 0.999795 | norm = 0.998765
  Step 4300/10000 | R_avg = 0.999775 | norm = 0.998733
  Step 4400/10000 | R_avg = 0.99978 | norm = 0.998701
  Step 4500/10000 | R_avg = 0.99978 | norm = 0.998669
  Step 4600/10000 | R_avg = 0.999782 | norm = 0.998637
  Step 4700/10000 | R_avg = 0.999788 | norm = 0.998605
  Step 4800/10000 | R_avg = 0.999793 | norm = 0.998573
  Step 4900/10000 | R_avg = 0.999735 | norm = 0.998542
  Step 5000/10000 | R_avg = 0.999787 | norm = 0.99851
  Step 5100/10000 | R_avg = 0.999792 | norm = 0.998478
  Step 5200/10000 | R_avg = 0.999786 | norm = 0.998446
  Step 5300/10000 | R_avg = 0.99979 | norm = 0.998414
  Step 5400/10000 | R_avg = 0.999773 | norm = 0.998382
  Step 5500/10000 | R_avg = 0.999778 | norm = 0.99835
  Step 5600/10000 | R_avg = 0.999796 | norm = 0.998318
  Step 5700/10000 | R_avg = 0.999781 | norm = 0.998286
  Step 5800/10000 | R_avg = 0.999784 | norm = 0.998254
  Step 5900/10000 | R_avg = 0.999775 | norm = 0.998222
  Step 6000/10000 | R_avg = 0.999782 | norm = 0.99819
  Step 6100/10000 | R_avg = 0.99978 | norm = 0.99816
  Step 6200/10000 | R_avg = 0.999805 | norm = 0.998129
  Step 6300/10000 | R_avg = 0.999787 | norm = 0.9981
  Step 6400/10000 | R_avg = 0.999785 | norm = 0.99807
  Step 6500/10000 | R_avg = 0.999782 | norm = 0.998041
  Step 6600/10000 | R_avg = 0.999784 | norm = 0.998013
  Step 6700/10000 | R_avg = 0.999775 | norm = 0.997984
  Step 6800/10000 | R_avg = 0.999774 | norm = 0.997954
  Step 6900/10000 | R_avg = 0.999777 | norm = 0.997924
  Step 7000/10000 | R_avg = 0.999793 | norm = 0.997893
  Step 7100/10000 | R_avg = 0.999784 | norm = 0.997862
  Step 7200/10000 | R_avg = 0.999779 | norm = 0.997831
  Step 7300/10000 | R_avg = 0.999796 | norm = 0.9978
  Step 7400/10000 | R_avg = 0.999789 | norm = 0.997768
  Step 7500/10000 | R_avg = 0.999791 | norm = 0.997736
  Step 7600/10000 | R_avg = 0.999786 | norm = 0.997704
  Step 7700/10000 | R_avg = 0.999787 | norm = 0.997672
  Step 7800/10000 | R_avg = 0.999794 | norm = 0.99764
  Step 7900/10000 | R_avg = 0.999779 | norm = 0.997608
  Step 8000/10000 | R_avg = 0.999781 | norm = 0.997576
  Step 8100/10000 | R_avg = 0.99978 | norm = 0.997544
  Step 8200/10000 | R_avg = 0.999735 | norm = 0.997513
  Step 8300/10000 | R_avg = 0.999783 | norm = 0.997481
  Step 8400/10000 | R_avg = 0.999764 | norm = 0.997449
  Step 8500/10000 | R_avg = 0.999787 | norm = 0.997417
  Step 8600/10000 | R_avg = 0.999773 | norm = 0.997385
  Step 8700/10000 | R_avg = 0.999783 | norm = 0.997353
  Step 8800/10000 | R_avg = 0.999774 | norm = 0.997321
  Step 8900/10000 | R_avg = 0.999787 | norm = 0.997289
  Step 9000/10000 | R_avg = 0.999791 | norm = 0.997257
  Step 9100/10000 | R_avg = 0.999775 | norm = 0.997225
  Step 9200/10000 | R_avg = 0.999787 | norm = 0.997194
  Step 9300/10000 | R_avg = 0.999779 | norm = 0.997163
  Step 9400/10000 | R_avg = 0.999778 | norm = 0.997132
  Step 9500/10000 | R_avg = 0.999776 | norm = 0.997102
  Step 9600/10000 | R_avg = 0.99979 | norm = 0.997073
  Step 9700/10000 | R_avg = 0.999773 | norm = 0.997044
  Step 9800/10000 | R_avg = 0.999786 | norm = 0.997015
  Step 9900/10000 | R_avg = 0.999782 | norm = 0.996986

===== Global Validation =====
✓ Global validation PASSED
  ✓ Probability Conservation: ||ψ||² = 0.996957 (drift: 0.304381% from initial 1) ✓ PASS
  ✓ Energy Conservation: E_total = 1.494 (drift: 0.382697% from initial 1.49973) ✓ PASS
  ✓ Order Parameter Bounds: R ∈ [0.777834, 1] ✓ PASS (within [0,1])
  ✓ Causality: v = |p|/E = 0.446777 (c = 1) ✓ PASS (v ≤ c)
  ✓ Numerical Stability: All fields finite ✓ PASS
  Norm validation: max_error = 0.0030429 ✓ PASS
  Energy validation: max_drift = 0.00382697 ✓ PASS
  Saved observables to /home/persist/neotec/0rigin/output/20251224_164023_scenario_2.6A_energy_momentum_relation_128x128_v0.6/N_100/observables.csv

--- Validating Convergence ---
✓ Convergence validation PASSED

========================================
Grid: 128×128 | Velocity: v=0.7c
========================================

Initializing engine for 128×128 grid, velocity v=0.7c...
[SMFTEngine] Resources cleanup delegated to component managers

[SMFTEngine] Physical Interpretation:
  Vacuum potential Δ = 1 (Planck mass in natural units)
  Synchronization field R(x) → Emergent spacetime metric
  Mass field m(x) = Δ·R(x) → Local energy density
  ∇R(x) → Gravitational field (not separate force)
  Grid: 128 x 128 oscillators

[SMFTEngine] Created GPU buffers for 128x128 grid
  Phase buffers: 65536 bytes each
  Spinor buffer: 524288 bytes
  Accumulator buffers: 65536 bytes each (operator splitting)
[SMFTEngine] Created compute pipelines
  ✓ Kuramoto pipeline
  ✓ Sync field pipeline
  ✓ Gravity field pipeline
  ✓ Stochastic Kuramoto pipeline
  ✓ Stochastic Dirac pipeline
  ✓ Accumulation pipeline (operator splitting)
Created experiment directory: /home/persist/neotec/0rigin/output/20251224_165754_scenario_2.6A_energy_momentum_relation_128x128_v0.7
[OutputManager] Created timestamped directory: /home/persist/neotec/0rigin/output/20251224_165754_scenario_2.6A_energy_momentum_relation_128x128_v0.7
