[Logging] Console output for 256x256 v=0.3c writing to: /home/persist/neotec/0rigin/output/20251227_062516_geodesic_deviation_256x256_v0.3/console.log

--- Testing with N=1 ---
  Vortex initialization (grid-independent):
    Domain size: 100 ℓ_P
    Grid spacing: 0.390625 ℓ_P
    Core radius: 5 ℓ_P (12.8 grid points)
    Center: (50, 50) ℓ_P
    Winding number: W = 1
  Dirac initialization (grid-independent):
    Position: (30, 50) ℓ_P
    Width: 2.5 ℓ_P
    Grid coordinates: (76.8, 128) grid units
    Grid width: 6.4 grid units
  Using Dirac solver (spinor field) with boosted initialization
    Background R (expected): 1
[DiracEvolution] Initialized 256x256 4-component spinor field (particle, β=1)
[SMFT] Boosted Gaussian initialization:
  Position: (76.8, 128) grid units
  Width: σ = 6.4 grid units
  Velocity: v = (0.3, 0)c
  |v| = 0.3c
  Lorentz factor: γ = 1.04828
  Rest mass: m₀ = Δ·R = 1 × 1 = 1 m_P
  Momentum: p = (0.314485, 0) m_P·c
  |p| = 0.314485 m_P·c
  Pre-normalization: ∫|Ψ|² = 257.358
  Normalization factor: 16.0424
[DiracEvolution] Initialized Gaussian wavepacket at (76.8, 128) with σ=6.4
  Final norm: ||Ψ||² = 0.999998
  Initial position: <r> = (76.8, 128)
✓ Boosted Gaussian initialized
[SMFTEngine] Boosted Dirac field initialized: center=(76.8,128), sigma=6.4, boost=(0.3,0)c, norm=0.999998, <r>=(76.8,128)
[DiracEvolution] Initialized 256x256 4-component spinor field (particle, β=1)
[SMFT] Boosted Gaussian initialization:
  Position: (76.8, 128) grid units
  Width: σ = 6.4 grid units
  Velocity: v = (0.3, 0)c
  |v| = 0.3c
  Lorentz factor: γ = 1.04828
  Rest mass: m₀ = Δ·R = 1 × 1 = 1 m_P
  Momentum: p = (0.314485, 0) m_P·c
  |p| = 0.314485 m_P·c
  Pre-normalization: ∫|Ψ|² = 257.358
  Normalization factor: 16.0424
[DiracEvolution] Initialized Gaussian wavepacket at (76.8, 128) with σ=6.4
  Final norm: ||Ψ||² = 0.999998
  Initial position: <r> = (76.8, 128)
✓ Boosted Gaussian initialized
  Initial energy E0 = 1.1175
  Initial norm = 1
  Saved spatial snapshot at t = 0 (step 0)
  Step 0/30000 | R_avg = 0.991025 | norm = 1
  Step 50/30000 | R_avg = 0.991032 | norm = 0.999988
  Step 100/30000 | R_avg = 0.991039 | norm = 0.999974
  Step 150/30000 | R_avg = 0.991033 | norm = 0.99996
  Step 200/30000 | R_avg = 0.991022 | norm = 0.999945
  Step 250/30000 | R_avg = 0.991029 | norm = 0.99993
  Step 300/30000 | R_avg = 0.991029 | norm = 0.999915
  Step 350/30000 | R_avg = 0.991018 | norm = 0.9999
  Step 400/30000 | R_avg = 0.991026 | norm = 0.999884
  Step 450/30000 | R_avg = 0.991025 | norm = 0.999869
  Step 500/30000 | R_avg = 0.991025 | norm = 0.999853
  Step 550/30000 | R_avg = 0.991053 | norm = 0.999837
  Step 600/30000 | R_avg = 0.991037 | norm = 0.999821
  Step 650/30000 | R_avg = 0.991025 | norm = 0.999805
  Step 700/30000 | R_avg = 0.991029 | norm = 0.999788
  Step 750/30000 | R_avg = 0.991029 | norm = 0.999772
  Step 800/30000 | R_avg = 0.991033 | norm = 0.999755
  Step 850/30000 | R_avg = 0.991041 | norm = 0.999738
  Step 900/30000 | R_avg = 0.991029 | norm = 0.999721
  Step 950/30000 | R_avg = 0.991023 | norm = 0.999704
  Step 1000/30000 | R_avg = 0.991048 | norm = 0.999687
  Step 1050/30000 | R_avg = 0.991028 | norm = 0.999669
  Step 1100/30000 | R_avg = 0.991037 | norm = 0.999652
  Step 1150/30000 | R_avg = 0.991036 | norm = 0.999634
  Step 1200/30000 | R_avg = 0.991045 | norm = 0.999617
  Step 1250/30000 | R_avg = 0.991027 | norm = 0.999598
  Step 1300/30000 | R_avg = 0.991041 | norm = 0.99958
  Step 1350/30000 | R_avg = 0.991032 | norm = 0.999562
  Step 1400/30000 | R_avg = 0.991026 | norm = 0.999544
  Step 1450/30000 | R_avg = 0.991036 | norm = 0.999525
  Step 1500/30000 | R_avg = 0.991035 | norm = 0.999506
  Step 1550/30000 | R_avg = 0.991031 | norm = 0.999487
  Step 1600/30000 | R_avg = 0.991028 | norm = 0.999469
  Step 1650/30000 | R_avg = 0.991039 | norm = 0.99945
  Step 1700/30000 | R_avg = 0.991033 | norm = 0.999431
  Step 1750/30000 | R_avg = 0.991035 | norm = 0.999411
  Step 1800/30000 | R_avg = 0.991034 | norm = 0.999392
  Step 1850/30000 | R_avg = 0.991059 | norm = 0.999373
  Step 1900/30000 | R_avg = 0.991046 | norm = 0.999354
  Step 1950/30000 | R_avg = 0.991029 | norm = 0.999334
  Step 2000/30000 | R_avg = 0.991024 | norm = 0.999315
  Step 2050/30000 | R_avg = 0.991044 | norm = 0.999295
  Step 2100/30000 | R_avg = 0.991029 | norm = 0.999276
  Step 2150/30000 | R_avg = 0.991029 | norm = 0.999256
  Step 2200/30000 | R_avg = 0.99104 | norm = 0.999237
  Step 2250/30000 | R_avg = 0.991044 | norm = 0.999216
  Step 2300/30000 | R_avg = 0.991038 | norm = 0.999197
  Step 2350/30000 | R_avg = 0.991034 | norm = 0.999177
  Step 2400/30000 | R_avg = 0.991037 | norm = 0.999157
  Step 2450/30000 | R_avg = 0.991035 | norm = 0.999137
  Step 2500/30000 | R_avg = 0.991024 | norm = 0.999117
  Step 2550/30000 | R_avg = 0.991025 | norm = 0.999097
  Step 2600/30000 | R_avg = 0.991048 | norm = 0.999077
  Step 2650/30000 | R_avg = 0.991026 | norm = 0.999057
  Step 2700/30000 | R_avg = 0.991053 | norm = 0.999038
  Step 2750/30000 | R_avg = 0.991034 | norm = 0.999017
  Step 2800/30000 | R_avg = 0.991047 | norm = 0.998998
  Step 2850/30000 | R_avg = 0.991057 | norm = 0.998978
  Step 2900/30000 | R_avg = 0.991044 | norm = 0.998959
  Step 2950/30000 | R_avg = 0.991035 | norm = 0.998939
  Saved spatial snapshot at t = 15 (step 3000)
  Step 3000/30000 | R_avg = 0.991029 | norm = 0.99892
  Step 3050/30000 | R_avg = 0.991042 | norm = 0.9989
  Step 3100/30000 | R_avg = 0.991026 | norm = 0.998881
  Step 3150/30000 | R_avg = 0.991029 | norm = 0.998861
  Step 3200/30000 | R_avg = 0.991043 | norm = 0.998842
  Step 3250/30000 | R_avg = 0.991042 | norm = 0.998823
  Step 3300/30000 | R_avg = 0.99103 | norm = 0.998804
  Step 3350/30000 | R_avg = 0.991031 | norm = 0.998785
  Step 3400/30000 | R_avg = 0.991038 | norm = 0.998766
  Step 3450/30000 | R_avg = 0.991043 | norm = 0.998747
  Step 3500/30000 | R_avg = 0.991037 | norm = 0.998728
  Step 3550/30000 | R_avg = 0.991036 | norm = 0.998709
  Step 3600/30000 | R_avg = 0.991044 | norm = 0.99869
  Step 3650/30000 | R_avg = 0.991025 | norm = 0.998671
  Step 3700/30000 | R_avg = 0.991023 | norm = 0.998653
  Step 3750/30000 | R_avg = 0.991041 | norm = 0.998634
  Step 3800/30000 | R_avg = 0.991029 | norm = 0.998616
  Step 3850/30000 | R_avg = 0.991033 | norm = 0.998597
  Step 3900/30000 | R_avg = 0.991038 | norm = 0.998579
  Step 3950/30000 | R_avg = 0.991045 | norm = 0.998561
  Step 4000/30000 | R_avg = 0.991058 | norm = 0.998543
  Step 4050/30000 | R_avg = 0.991046 | norm = 0.998525
  Step 4100/30000 | R_avg = 0.991024 | norm = 0.998506
  Step 4150/30000 | R_avg = 0.991039 | norm = 0.998489
  Step 4200/30000 | R_avg = 0.991038 | norm = 0.998471
  Step 4250/30000 | R_avg = 0.991023 | norm = 0.998454
  Step 4300/30000 | R_avg = 0.99104 | norm = 0.998436
  Step 4350/30000 | R_avg = 0.991047 | norm = 0.998418
  Step 4400/30000 | R_avg = 0.991026 | norm = 0.998401
  Step 4450/30000 | R_avg = 0.991032 | norm = 0.998384
  Step 4500/30000 | R_avg = 0.99103 | norm = 0.998366
  Step 4550/30000 | R_avg = 0.99104 | norm = 0.998349
  Step 4600/30000 | R_avg = 0.991037 | norm = 0.998332
  Step 4650/30000 | R_avg = 0.991035 | norm = 0.998315
  Step 4700/30000 | R_avg = 0.991031 | norm = 0.998298
  Step 4750/30000 | R_avg = 0.991034 | norm = 0.998281
  Step 4800/30000 | R_avg = 0.991028 | norm = 0.998264
  Step 4850/30000 | R_avg = 0.991037 | norm = 0.998247
  Step 4900/30000 | R_avg = 0.991031 | norm = 0.99823
  Step 4950/30000 | R_avg = 0.991027 | norm = 0.998214
  Step 5000/30000 | R_avg = 0.991032 | norm = 0.998197
  Step 5050/30000 | R_avg = 0.991042 | norm = 0.998181
  Step 5100/30000 | R_avg = 0.991028 | norm = 0.998164
  Step 5150/30000 | R_avg = 0.991042 | norm = 0.998148
  Step 5200/30000 | R_avg = 0.991025 | norm = 0.998131
  Step 5250/30000 | R_avg = 0.991031 | norm = 0.998115
  Step 5300/30000 | R_avg = 0.991043 | norm = 0.998099
  Step 5350/30000 | R_avg = 0.991035 | norm = 0.998082
  Step 5400/30000 | R_avg = 0.991038 | norm = 0.998066
  Step 5450/30000 | R_avg = 0.99103 | norm = 0.99805
  Step 5500/30000 | R_avg = 0.991042 | norm = 0.998034
  Step 5550/30000 | R_avg = 0.991042 | norm = 0.998018
  Step 5600/30000 | R_avg = 0.991034 | norm = 0.998002
  Step 5650/30000 | R_avg = 0.99104 | norm = 0.997986
  Step 5700/30000 | R_avg = 0.991038 | norm = 0.99797
  Step 5750/30000 | R_avg = 0.991041 | norm = 0.997955
  Step 5800/30000 | R_avg = 0.991037 | norm = 0.997939
  Step 5850/30000 | R_avg = 0.991053 | norm = 0.997923
  Step 5900/30000 | R_avg = 0.991028 | norm = 0.997907
  Step 5950/30000 | R_avg = 0.991031 | norm = 0.997891
  Saved spatial snapshot at t = 30 (step 6000)
  Step 6000/30000 | R_avg = 0.991073 | norm = 0.997875
  Step 6050/30000 | R_avg = 0.991037 | norm = 0.997859
  Step 6100/30000 | R_avg = 0.990972 | norm = 0.997843
  Step 6150/30000 | R_avg = 0.991026 | norm = 0.997828
  Step 6200/30000 | R_avg = 0.991038 | norm = 0.997812
  Step 6250/30000 | R_avg = 0.991013 | norm = 0.997796
  Step 6300/30000 | R_avg = 0.991035 | norm = 0.99778
  Step 6350/30000 | R_avg = 0.991045 | norm = 0.997764
  Step 6400/30000 | R_avg = 0.991043 | norm = 0.997748
  Step 6450/30000 | R_avg = 0.991009 | norm = 0.997733
  Step 6500/30000 | R_avg = 0.991037 | norm = 0.997717
  Step 6550/30000 | R_avg = 0.991038 | norm = 0.997701
  Step 6600/30000 | R_avg = 0.991044 | norm = 0.997685
  Step 6650/30000 | R_avg = 0.991039 | norm = 0.997669
  Step 6700/30000 | R_avg = 0.991024 | norm = 0.997653
  Step 6750/30000 | R_avg = 0.991022 | norm = 0.997637
  Step 6800/30000 | R_avg = 0.991025 | norm = 0.99762
  Step 6850/30000 | R_avg = 0.991039 | norm = 0.997604
  Step 6900/30000 | R_avg = 0.991027 | norm = 0.997588
  Step 6950/30000 | R_avg = 0.991022 | norm = 0.997571
  Step 7000/30000 | R_avg = 0.991029 | norm = 0.997555
  Step 7050/30000 | R_avg = 0.99104 | norm = 0.997538
  Step 7100/30000 | R_avg = 0.991033 | norm = 0.997521
  Step 7150/30000 | R_avg = 0.991037 | norm = 0.997504
  Step 7200/30000 | R_avg = 0.99103 | norm = 0.997487
  Step 7250/30000 | R_avg = 0.991035 | norm = 0.99747
  Step 7300/30000 | R_avg = 0.991026 | norm = 0.997453
  Step 7350/30000 | R_avg = 0.991038 | norm = 0.997436
  Step 7400/30000 | R_avg = 0.991034 | norm = 0.997418
  Step 7450/30000 | R_avg = 0.991031 | norm = 0.997401
  Step 7500/30000 | R_avg = 0.991024 | norm = 0.997383
  Step 7550/30000 | R_avg = 0.991027 | norm = 0.997366
  Step 7600/30000 | R_avg = 0.991053 | norm = 0.997348
  Step 7650/30000 | R_avg = 0.99103 | norm = 0.99733
  Step 7700/30000 | R_avg = 0.991023 | norm = 0.997312
  Step 7750/30000 | R_avg = 0.99103 | norm = 0.997294
  Step 7800/30000 | R_avg = 0.991031 | norm = 0.997276
  Step 7850/30000 | R_avg = 0.991036 | norm = 0.997258
  Step 7900/30000 | R_avg = 0.991031 | norm = 0.99724
  Step 7950/30000 | R_avg = 0.991037 | norm = 0.997221
  Step 8000/30000 | R_avg = 0.991017 | norm = 0.997202
  Step 8050/30000 | R_avg = 0.991021 | norm = 0.997183
  Step 8100/30000 | R_avg = 0.991033 | norm = 0.997164
  Step 8150/30000 | R_avg = 0.991038 | norm = 0.997146
  Step 8200/30000 | R_avg = 0.991001 | norm = 0.997127
  Step 8250/30000 | R_avg = 0.991011 | norm = 0.997108
  Step 8300/30000 | R_avg = 0.991019 | norm = 0.997088
  Step 8350/30000 | R_avg = 0.991027 | norm = 0.997069
  Step 8400/30000 | R_avg = 0.99104 | norm = 0.99705
  Step 8450/30000 | R_avg = 0.991026 | norm = 0.997031
  Step 8500/30000 | R_avg = 0.991024 | norm = 0.997011
  Step 8550/30000 | R_avg = 0.991033 | norm = 0.996992
  Step 8600/30000 | R_avg = 0.991037 | norm = 0.996972
  Step 8650/30000 | R_avg = 0.991023 | norm = 0.996953
  Step 8700/30000 | R_avg = 0.991049 | norm = 0.996933
  Step 8750/30000 | R_avg = 0.991064 | norm = 0.996914
  Step 8800/30000 | R_avg = 0.991035 | norm = 0.996894
  Step 8850/30000 | R_avg = 0.991044 | norm = 0.996874
  Step 8900/30000 | R_avg = 0.99104 | norm = 0.996854
  Step 8950/30000 | R_avg = 0.991041 | norm = 0.996835
  Saved spatial snapshot at t = 45 (step 9000)
  Step 9000/30000 | R_avg = 0.99105 | norm = 0.996815
  Step 9050/30000 | R_avg = 0.99104 | norm = 0.996795
  Step 9100/30000 | R_avg = 0.991042 | norm = 0.996775
  Step 9150/30000 | R_avg = 0.991047 | norm = 0.996756
  Step 9200/30000 | R_avg = 0.991035 | norm = 0.996736
  Step 9250/30000 | R_avg = 0.991031 | norm = 0.996717
  Step 9300/30000 | R_avg = 0.991032 | norm = 0.996697
  Step 9350/30000 | R_avg = 0.991027 | norm = 0.996678
  Step 9400/30000 | R_avg = 0.991058 | norm = 0.996659
  Step 9450/30000 | R_avg = 0.991033 | norm = 0.99664
  Step 9500/30000 | R_avg = 0.991051 | norm = 0.99662
  Step 9550/30000 | R_avg = 0.991056 | norm = 0.996601
  Step 9600/30000 | R_avg = 0.991048 | norm = 0.996582
  Step 9650/30000 | R_avg = 0.99103 | norm = 0.996563
  Step 9700/30000 | R_avg = 0.991036 | norm = 0.996544
  Step 9750/30000 | R_avg = 0.991024 | norm = 0.996525
  Step 9800/30000 | R_avg = 0.99103 | norm = 0.996506
  Step 9850/30000 | R_avg = 0.991036 | norm = 0.996488
  Step 9900/30000 | R_avg = 0.99103 | norm = 0.996469
  Step 9950/30000 | R_avg = 0.991025 | norm = 0.996451
  Step 10000/30000 | R_avg = 0.991018 | norm = 0.996433
  Step 10050/30000 | R_avg = 0.991022 | norm = 0.996414
  Step 10100/30000 | R_avg = 0.991033 | norm = 0.996396
  Step 10150/30000 | R_avg = 0.991032 | norm = 0.996378
  Step 10200/30000 | R_avg = 0.991033 | norm = 0.99636
  Step 10250/30000 | R_avg = 0.991037 | norm = 0.996343
  Step 10300/30000 | R_avg = 0.991029 | norm = 0.996325
  Step 10350/30000 | R_avg = 0.991037 | norm = 0.996307
  Step 10400/30000 | R_avg = 0.991052 | norm = 0.99629
  Step 10450/30000 | R_avg = 0.991028 | norm = 0.996272
  Step 10500/30000 | R_avg = 0.991021 | norm = 0.996256
  Step 10550/30000 | R_avg = 0.991035 | norm = 0.996239
  Step 10600/30000 | R_avg = 0.991014 | norm = 0.996222
  Step 10650/30000 | R_avg = 0.991029 | norm = 0.996205
  Step 10700/30000 | R_avg = 0.990999 | norm = 0.996188
  Step 10750/30000 | R_avg = 0.99104 | norm = 0.996172
  Step 10800/30000 | R_avg = 0.991032 | norm = 0.996156
  Step 10850/30000 | R_avg = 0.991017 | norm = 0.996139
  Step 10900/30000 | R_avg = 0.99103 | norm = 0.996123
  Step 10950/30000 | R_avg = 0.991051 | norm = 0.996107
  Step 11000/30000 | R_avg = 0.991045 | norm = 0.996091
  Step 11050/30000 | R_avg = 0.991035 | norm = 0.996075
  Step 11100/30000 | R_avg = 0.991052 | norm = 0.996059
  Step 11150/30000 | R_avg = 0.991042 | norm = 0.996043
  Step 11200/30000 | R_avg = 0.991039 | norm = 0.996028
  Step 11250/30000 | R_avg = 0.991042 | norm = 0.996012
  Step 11300/30000 | R_avg = 0.991018 | norm = 0.995997
  Step 11350/30000 | R_avg = 0.991038 | norm = 0.995981
  Step 11400/30000 | R_avg = 0.991037 | norm = 0.995966
  Step 11450/30000 | R_avg = 0.991048 | norm = 0.995951
  Step 11500/30000 | R_avg = 0.991024 | norm = 0.995936
  Step 11550/30000 | R_avg = 0.991037 | norm = 0.995921
  Step 11600/30000 | R_avg = 0.991021 | norm = 0.995906
  Step 11650/30000 | R_avg = 0.991029 | norm = 0.995891
  Step 11700/30000 | R_avg = 0.991022 | norm = 0.995877
  Step 11750/30000 | R_avg = 0.991036 | norm = 0.995862
  Step 11800/30000 | R_avg = 0.991025 | norm = 0.995848
  Step 11850/30000 | R_avg = 0.991038 | norm = 0.995833
  Step 11900/30000 | R_avg = 0.991039 | norm = 0.995818
  Step 11950/30000 | R_avg = 0.991039 | norm = 0.995804
  Saved spatial snapshot at t = 60 (step 12000)
  Step 12000/30000 | R_avg = 0.991031 | norm = 0.99579
  Step 12050/30000 | R_avg = 0.991029 | norm = 0.995776
  Step 12100/30000 | R_avg = 0.991035 | norm = 0.995761
  Step 12150/30000 | R_avg = 0.991019 | norm = 0.995747
  Step 12200/30000 | R_avg = 0.991056 | norm = 0.995733
  Step 12250/30000 | R_avg = 0.991028 | norm = 0.995719
  Step 12300/30000 | R_avg = 0.991035 | norm = 0.995705
  Step 12350/30000 | R_avg = 0.991032 | norm = 0.995691
  Step 12400/30000 | R_avg = 0.991046 | norm = 0.995677
  Step 12450/30000 | R_avg = 0.991106 | norm = 0.995662
  Step 12500/30000 | R_avg = 0.991025 | norm = 0.995648
  Step 12550/30000 | R_avg = 0.991025 | norm = 0.995634
  Step 12600/30000 | R_avg = 0.991048 | norm = 0.995621
  Step 12650/30000 | R_avg = 0.991036 | norm = 0.995607
  Step 12700/30000 | R_avg = 0.991024 | norm = 0.995593
  Step 12750/30000 | R_avg = 0.991055 | norm = 0.995579
  Step 12800/30000 | R_avg = 0.991038 | norm = 0.995565
  Step 12850/30000 | R_avg = 0.991027 | norm = 0.995551
  Step 12900/30000 | R_avg = 0.991037 | norm = 0.995537
  Step 12950/30000 | R_avg = 0.991039 | norm = 0.995523
  Step 13000/30000 | R_avg = 0.991027 | norm = 0.995509
  Step 13050/30000 | R_avg = 0.991041 | norm = 0.995495
  Step 13100/30000 | R_avg = 0.991035 | norm = 0.995481
  Step 13150/30000 | R_avg = 0.99104 | norm = 0.995467
  Step 13200/30000 | R_avg = 0.991033 | norm = 0.995453
  Step 13250/30000 | R_avg = 0.991063 | norm = 0.995439
  Step 13300/30000 | R_avg = 0.991049 | norm = 0.995425
  Step 13350/30000 | R_avg = 0.991041 | norm = 0.995411
  Step 13400/30000 | R_avg = 0.991035 | norm = 0.995396
  Step 13450/30000 | R_avg = 0.991033 | norm = 0.995382
  Step 13500/30000 | R_avg = 0.991034 | norm = 0.995368
  Step 13550/30000 | R_avg = 0.99104 | norm = 0.995354
  Step 13600/30000 | R_avg = 0.991041 | norm = 0.995339
  Step 13650/30000 | R_avg = 0.991041 | norm = 0.995325
  Step 13700/30000 | R_avg = 0.991035 | norm = 0.99531
  Step 13750/30000 | R_avg = 0.991038 | norm = 0.995295
  Step 13800/30000 | R_avg = 0.991043 | norm = 0.995281
  Step 13850/30000 | R_avg = 0.991032 | norm = 0.995266
  Step 13900/30000 | R_avg = 0.991051 | norm = 0.995252
  Step 13950/30000 | R_avg = 0.991041 | norm = 0.995237
  Step 14000/30000 | R_avg = 0.991038 | norm = 0.995222
  Step 14050/30000 | R_avg = 0.991023 | norm = 0.995207
  Step 14100/30000 | R_avg = 0.99104 | norm = 0.995192
  Step 14150/30000 | R_avg = 0.991021 | norm = 0.995177
  Step 14200/30000 | R_avg = 0.991041 | norm = 0.995161
  Step 14250/30000 | R_avg = 0.991038 | norm = 0.995146
  Step 14300/30000 | R_avg = 0.99103 | norm = 0.995131
  Step 14350/30000 | R_avg = 0.991067 | norm = 0.995115
  Step 14400/30000 | R_avg = 0.991027 | norm = 0.9951
  Step 14450/30000 | R_avg = 0.99104 | norm = 0.995084
  Step 14500/30000 | R_avg = 0.99103 | norm = 0.995069
  Step 14550/30000 | R_avg = 0.991043 | norm = 0.995053
  Step 14600/30000 | R_avg = 0.991032 | norm = 0.995037
  Step 14650/30000 | R_avg = 0.991073 | norm = 0.995021
  Step 14700/30000 | R_avg = 0.991043 | norm = 0.995005
  Step 14750/30000 | R_avg = 0.991032 | norm = 0.994989
  Step 14800/30000 | R_avg = 0.991035 | norm = 0.994973
  Step 14850/30000 | R_avg = 0.99104 | norm = 0.994956
  Step 14900/30000 | R_avg = 0.99102 | norm = 0.99494
  Step 14950/30000 | R_avg = 0.991038 | norm = 0.994923
  Saved spatial snapshot at t = 75 (step 15000)
  Step 15000/30000 | R_avg = 0.991024 | norm = 0.994907
  Step 15050/30000 | R_avg = 0.991034 | norm = 0.99489
  Step 15100/30000 | R_avg = 0.991029 | norm = 0.994873
  Step 15150/30000 | R_avg = 0.991023 | norm = 0.994856
  Step 15200/30000 | R_avg = 0.991038 | norm = 0.994839
  Step 15250/30000 | R_avg = 0.991029 | norm = 0.994822
  Step 15300/30000 | R_avg = 0.991026 | norm = 0.994805
  Step 15350/30000 | R_avg = 0.99102 | norm = 0.994788
  Step 15400/30000 | R_avg = 0.991027 | norm = 0.994771
  Step 15450/30000 | R_avg = 0.991036 | norm = 0.994753
  Step 15500/30000 | R_avg = 0.991036 | norm = 0.994736
  Step 15550/30000 | R_avg = 0.991026 | norm = 0.994718
  Step 15600/30000 | R_avg = 0.991021 | norm = 0.994701
  Step 15650/30000 | R_avg = 0.991018 | norm = 0.994683
  Step 15700/30000 | R_avg = 0.991027 | norm = 0.994665
  Step 15750/30000 | R_avg = 0.991034 | norm = 0.994647
  Step 15800/30000 | R_avg = 0.99102 | norm = 0.994629
  Step 15850/30000 | R_avg = 0.99102 | norm = 0.994612
  Step 15900/30000 | R_avg = 0.99104 | norm = 0.994594
  Step 15950/30000 | R_avg = 0.991032 | norm = 0.994576
  Step 16000/30000 | R_avg = 0.991012 | norm = 0.994558
  Step 16050/30000 | R_avg = 0.991013 | norm = 0.99454
  Step 16100/30000 | R_avg = 0.99103 | norm = 0.994521
  Step 16150/30000 | R_avg = 0.99103 | norm = 0.994503
  Step 16200/30000 | R_avg = 0.991026 | norm = 0.994485
  Step 16250/30000 | R_avg = 0.99102 | norm = 0.994467
  Step 16300/30000 | R_avg = 0.991019 | norm = 0.994448
  Step 16350/30000 | R_avg = 0.991025 | norm = 0.99443
  Step 16400/30000 | R_avg = 0.991037 | norm = 0.994411
  Step 16450/30000 | R_avg = 0.991025 | norm = 0.994393
  Step 16500/30000 | R_avg = 0.991105 | norm = 0.994374
  Step 16550/30000 | R_avg = 0.99103 | norm = 0.994355
  Step 16600/30000 | R_avg = 0.991019 | norm = 0.994337
  Step 16650/30000 | R_avg = 0.991022 | norm = 0.994318
  Step 16700/30000 | R_avg = 0.991016 | norm = 0.9943
  Step 16750/30000 | R_avg = 0.991035 | norm = 0.994281
  Step 16800/30000 | R_avg = 0.991029 | norm = 0.994262
  Step 16850/30000 | R_avg = 0.991029 | norm = 0.994243
  Step 16900/30000 | R_avg = 0.991027 | norm = 0.994225
  Step 16950/30000 | R_avg = 0.991028 | norm = 0.994206
  Step 17000/30000 | R_avg = 0.991043 | norm = 0.994188
  Step 17050/30000 | R_avg = 0.991019 | norm = 0.994169
  Step 17100/30000 | R_avg = 0.991029 | norm = 0.99415
  Step 17150/30000 | R_avg = 0.991029 | norm = 0.994131
  Step 17200/30000 | R_avg = 0.99102 | norm = 0.994113
  Step 17250/30000 | R_avg = 0.991036 | norm = 0.994094
  Step 17300/30000 | R_avg = 0.991024 | norm = 0.994075
  Step 17350/30000 | R_avg = 0.991022 | norm = 0.994056
  Step 17400/30000 | R_avg = 0.991038 | norm = 0.994037
  Step 17450/30000 | R_avg = 0.991033 | norm = 0.994019
  Step 17500/30000 | R_avg = 0.991034 | norm = 0.994
  Step 17550/30000 | R_avg = 0.991028 | norm = 0.993981
  Step 17600/30000 | R_avg = 0.991042 | norm = 0.993962
  Step 17650/30000 | R_avg = 0.991021 | norm = 0.993943
  Step 17700/30000 | R_avg = 0.991039 | norm = 0.993924
  Step 17750/30000 | R_avg = 0.991038 | norm = 0.993905
  Step 17800/30000 | R_avg = 0.991036 | norm = 0.993886
  Step 17850/30000 | R_avg = 0.991043 | norm = 0.993867
  Step 17900/30000 | R_avg = 0.991049 | norm = 0.993848
  Step 17950/30000 | R_avg = 0.991079 | norm = 0.993829
  Saved spatial snapshot at t = 90 (step 18000)
  Step 18000/30000 | R_avg = 0.991059 | norm = 0.993811
  Step 18050/30000 | R_avg = 0.991052 | norm = 0.993792
  Step 18100/30000 | R_avg = 0.991035 | norm = 0.993773
  Step 18150/30000 | R_avg = 0.991032 | norm = 0.993754
  Step 18200/30000 | R_avg = 0.991033 | norm = 0.993735
  Step 18250/30000 | R_avg = 0.991041 | norm = 0.993716
  Step 18300/30000 | R_avg = 0.991032 | norm = 0.993697
  Step 18350/30000 | R_avg = 0.991039 | norm = 0.993678
  Step 18400/30000 | R_avg = 0.991035 | norm = 0.993659
  Step 18450/30000 | R_avg = 0.991046 | norm = 0.993641
  Step 18500/30000 | R_avg = 0.991034 | norm = 0.993622
  Step 18550/30000 | R_avg = 0.991028 | norm = 0.993603
  Step 18600/30000 | R_avg = 0.99103 | norm = 0.993584
  Step 18650/30000 | R_avg = 0.991039 | norm = 0.993565
  Step 18700/30000 | R_avg = 0.991027 | norm = 0.993547
  Step 18750/30000 | R_avg = 0.991044 | norm = 0.993528
  Step 18800/30000 | R_avg = 0.991028 | norm = 0.993509
  Step 18850/30000 | R_avg = 0.991035 | norm = 0.99349
  Step 18900/30000 | R_avg = 0.991038 | norm = 0.993471
  Step 18950/30000 | R_avg = 0.991044 | norm = 0.993452
  Step 19000/30000 | R_avg = 0.991036 | norm = 0.993433
  Step 19050/30000 | R_avg = 0.991035 | norm = 0.993414
  Step 19100/30000 | R_avg = 0.991037 | norm = 0.993395
  Step 19150/30000 | R_avg = 0.990985 | norm = 0.993376
  Step 19200/30000 | R_avg = 0.990984 | norm = 0.993357
  Step 19250/30000 | R_avg = 0.991028 | norm = 0.993338
  Step 19300/30000 | R_avg = 0.991036 | norm = 0.993319
  Step 19350/30000 | R_avg = 0.991034 | norm = 0.9933
  Step 19400/30000 | R_avg = 0.991027 | norm = 0.993281
  Step 19450/30000 | R_avg = 0.99102 | norm = 0.993262
  Step 19500/30000 | R_avg = 0.991034 | norm = 0.993244
  Step 19550/30000 | R_avg = 0.991038 | norm = 0.993225
  Step 19600/30000 | R_avg = 0.991045 | norm = 0.993206
  Step 19650/30000 | R_avg = 0.991037 | norm = 0.993187
  Step 19700/30000 | R_avg = 0.991033 | norm = 0.993168
  Step 19750/30000 | R_avg = 0.991073 | norm = 0.993149
  Step 19800/30000 | R_avg = 0.991027 | norm = 0.99313
  Step 19850/30000 | R_avg = 0.991031 | norm = 0.993111
  Step 19900/30000 | R_avg = 0.991014 | norm = 0.993092
  Step 19950/30000 | R_avg = 0.991041 | norm = 0.993073
  Step 20000/30000 | R_avg = 0.991032 | norm = 0.993054
  Step 20050/30000 | R_avg = 0.991036 | norm = 0.993035
  Step 20100/30000 | R_avg = 0.991034 | norm = 0.993016
  Step 20150/30000 | R_avg = 0.991032 | norm = 0.992997
  Step 20200/30000 | R_avg = 0.991034 | norm = 0.992978
  Step 20250/30000 | R_avg = 0.991042 | norm = 0.992959
  Step 20300/30000 | R_avg = 0.991027 | norm = 0.99294
  Step 20350/30000 | R_avg = 0.991045 | norm = 0.992921
  Step 20400/30000 | R_avg = 0.99103 | norm = 0.992902
  Step 20450/30000 | R_avg = 0.991026 | norm = 0.992883
  Step 20500/30000 | R_avg = 0.991037 | norm = 0.992864
  Step 20550/30000 | R_avg = 0.991047 | norm = 0.992845
  Step 20600/30000 | R_avg = 0.991051 | norm = 0.992825
  Step 20650/30000 | R_avg = 0.991025 | norm = 0.992806
  Step 20700/30000 | R_avg = 0.991036 | norm = 0.992787
  Step 20750/30000 | R_avg = 0.991034 | norm = 0.992768
  Step 20800/30000 | R_avg = 0.991029 | norm = 0.992749
  Step 20850/30000 | R_avg = 0.991017 | norm = 0.992729
  Step 20900/30000 | R_avg = 0.991031 | norm = 0.99271
  Step 20950/30000 | R_avg = 0.991049 | norm = 0.99269
  Saved spatial snapshot at t = 105 (step 21000)
  Step 21000/30000 | R_avg = 0.991024 | norm = 0.992671
  Step 21050/30000 | R_avg = 0.991042 | norm = 0.992652
  Step 21100/30000 | R_avg = 0.991043 | norm = 0.992633
  Step 21150/30000 | R_avg = 0.991031 | norm = 0.992613
  Step 21200/30000 | R_avg = 0.991042 | norm = 0.992594
  Step 21250/30000 | R_avg = 0.991027 | norm = 0.992575
  Step 21300/30000 | R_avg = 0.991037 | norm = 0.992555
  Step 21350/30000 | R_avg = 0.991031 | norm = 0.992536
  Step 21400/30000 | R_avg = 0.991019 | norm = 0.992516
  Step 21450/30000 | R_avg = 0.99103 | norm = 0.992497
  Step 21500/30000 | R_avg = 0.991038 | norm = 0.992478
  Step 21550/30000 | R_avg = 0.991016 | norm = 0.992458
  Step 21600/30000 | R_avg = 0.99104 | norm = 0.992439
  Step 21650/30000 | R_avg = 0.991036 | norm = 0.992419
  Step 21700/30000 | R_avg = 0.991039 | norm = 0.9924
  Step 21750/30000 | R_avg = 0.991011 | norm = 0.99238
  Step 21800/30000 | R_avg = 0.991039 | norm = 0.992361
  Step 21850/30000 | R_avg = 0.99103 | norm = 0.992341
  Step 21900/30000 | R_avg = 0.991017 | norm = 0.992322
  Step 21950/30000 | R_avg = 0.991015 | norm = 0.992302
  Step 22000/30000 | R_avg = 0.991027 | norm = 0.992282
  Step 22050/30000 | R_avg = 0.991015 | norm = 0.992263
  Step 22100/30000 | R_avg = 0.991024 | norm = 0.992243
  Step 22150/30000 | R_avg = 0.991028 | norm = 0.992224
  Step 22200/30000 | R_avg = 0.991041 | norm = 0.992205
  Step 22250/30000 | R_avg = 0.991039 | norm = 0.992185
  Step 22300/30000 | R_avg = 0.991027 | norm = 0.992166
  Step 22350/30000 | R_avg = 0.991054 | norm = 0.992147
  Step 22400/30000 | R_avg = 0.990999 | norm = 0.992127
  Step 22450/30000 | R_avg = 0.991041 | norm = 0.992108
  Step 22500/30000 | R_avg = 0.991033 | norm = 0.992089
  Step 22550/30000 | R_avg = 0.991046 | norm = 0.992069
  Step 22600/30000 | R_avg = 0.991032 | norm = 0.99205
  Step 22650/30000 | R_avg = 0.991021 | norm = 0.992031
  Step 22700/30000 | R_avg = 0.991028 | norm = 0.992011
  Step 22750/30000 | R_avg = 0.991026 | norm = 0.991992
  Step 22800/30000 | R_avg = 0.991041 | norm = 0.991973
  Step 22850/30000 | R_avg = 0.991016 | norm = 0.991954
  Step 22900/30000 | R_avg = 0.991024 | norm = 0.991935
  Step 22950/30000 | R_avg = 0.991018 | norm = 0.991916
  Step 23000/30000 | R_avg = 0.991037 | norm = 0.991897
  Step 23050/30000 | R_avg = 0.991048 | norm = 0.991878
  Step 23100/30000 | R_avg = 0.991023 | norm = 0.991859
  Step 23150/30000 | R_avg = 0.991045 | norm = 0.99184
  Step 23200/30000 | R_avg = 0.990993 | norm = 0.991822
  Step 23250/30000 | R_avg = 0.991031 | norm = 0.991803
  Step 23300/30000 | R_avg = 0.991035 | norm = 0.991784
  Step 23350/30000 | R_avg = 0.991067 | norm = 0.991765
  Step 23400/30000 | R_avg = 0.991047 | norm = 0.991747
  Step 23450/30000 | R_avg = 0.991034 | norm = 0.991728
  Step 23500/30000 | R_avg = 0.991029 | norm = 0.99171
  Step 23550/30000 | R_avg = 0.991002 | norm = 0.991691
  Step 23600/30000 | R_avg = 0.991029 | norm = 0.991673
  Step 23650/30000 | R_avg = 0.991024 | norm = 0.991654
  Step 23700/30000 | R_avg = 0.991025 | norm = 0.991636
  Step 23750/30000 | R_avg = 0.991008 | norm = 0.991617
  Step 23800/30000 | R_avg = 0.991012 | norm = 0.991599
  Step 23850/30000 | R_avg = 0.991041 | norm = 0.991581
  Step 23900/30000 | R_avg = 0.991027 | norm = 0.991563
  Step 23950/30000 | R_avg = 0.99103 | norm = 0.991544
  Saved spatial snapshot at t = 120 (step 24000)
  Step 24000/30000 | R_avg = 0.991035 | norm = 0.991526
  Step 24050/30000 | R_avg = 0.991027 | norm = 0.991508
  Step 24100/30000 | R_avg = 0.991032 | norm = 0.99149
  Step 24150/30000 | R_avg = 0.99101 | norm = 0.991472
  Step 24200/30000 | R_avg = 0.991035 | norm = 0.991454
  Step 24250/30000 | R_avg = 0.991019 | norm = 0.991436
  Step 24300/30000 | R_avg = 0.991028 | norm = 0.991418
  Step 24350/30000 | R_avg = 0.991016 | norm = 0.9914
  Step 24400/30000 | R_avg = 0.99097 | norm = 0.991382
  Step 24450/30000 | R_avg = 0.991034 | norm = 0.991364
  Step 24500/30000 | R_avg = 0.991005 | norm = 0.991346
  Step 24550/30000 | R_avg = 0.991042 | norm = 0.991329
  Step 24600/30000 | R_avg = 0.99103 | norm = 0.991311
  Step 24650/30000 | R_avg = 0.99102 | norm = 0.991293
  Step 24700/30000 | R_avg = 0.99103 | norm = 0.991275
  Step 24750/30000 | R_avg = 0.991034 | norm = 0.991258
  Step 24800/30000 | R_avg = 0.991035 | norm = 0.99124
  Step 24850/30000 | R_avg = 0.99104 | norm = 0.991222
  Step 24900/30000 | R_avg = 0.991043 | norm = 0.991204
  Step 24950/30000 | R_avg = 0.991036 | norm = 0.991187
  Step 25000/30000 | R_avg = 0.991021 | norm = 0.991169
  Step 25050/30000 | R_avg = 0.991024 | norm = 0.991151
  Step 25100/30000 | R_avg = 0.991026 | norm = 0.991133
  Step 25150/30000 | R_avg = 0.991029 | norm = 0.991115
  Step 25200/30000 | R_avg = 0.991041 | norm = 0.991098
  Step 25250/30000 | R_avg = 0.991018 | norm = 0.99108
  Step 25300/30000 | R_avg = 0.991038 | norm = 0.991062
  Step 25350/30000 | R_avg = 0.991033 | norm = 0.991044
  Step 25400/30000 | R_avg = 0.991038 | norm = 0.991027
  Step 25450/30000 | R_avg = 0.991038 | norm = 0.991009
  Step 25500/30000 | R_avg = 0.991047 | norm = 0.990991
  Step 25550/30000 | R_avg = 0.991025 | norm = 0.990974
  Step 25600/30000 | R_avg = 0.991069 | norm = 0.990956
  Step 25650/30000 | R_avg = 0.99104 | norm = 0.990938
  Step 25700/30000 | R_avg = 0.991031 | norm = 0.99092
  Step 25750/30000 | R_avg = 0.991035 | norm = 0.990902
  Step 25800/30000 | R_avg = 0.991017 | norm = 0.990885
  Step 25850/30000 | R_avg = 0.991035 | norm = 0.990867
  Step 25900/30000 | R_avg = 0.991031 | norm = 0.990849
  Step 25950/30000 | R_avg = 0.991034 | norm = 0.990831
  Step 26000/30000 | R_avg = 0.991037 | norm = 0.990813
  Step 26050/30000 | R_avg = 0.991029 | norm = 0.990795
  Step 26100/30000 | R_avg = 0.991051 | norm = 0.990777
  Step 26150/30000 | R_avg = 0.991018 | norm = 0.990759
  Step 26200/30000 | R_avg = 0.991042 | norm = 0.990741
  Step 26250/30000 | R_avg = 0.991041 | norm = 0.990724
  Step 26300/30000 | R_avg = 0.99103 | norm = 0.990706
  Step 26350/30000 | R_avg = 0.991028 | norm = 0.990688
  Step 26400/30000 | R_avg = 0.991043 | norm = 0.99067
  Step 26450/30000 | R_avg = 0.99103 | norm = 0.990652
  Step 26500/30000 | R_avg = 0.991044 | norm = 0.990634
  Step 26550/30000 | R_avg = 0.991026 | norm = 0.990616
  Step 26600/30000 | R_avg = 0.991027 | norm = 0.990597
  Step 26650/30000 | R_avg = 0.991036 | norm = 0.990579
  Step 26700/30000 | R_avg = 0.991018 | norm = 0.990561
  Step 26750/30000 | R_avg = 0.991023 | norm = 0.990543
  Step 26800/30000 | R_avg = 0.991037 | norm = 0.990525
  Step 26850/30000 | R_avg = 0.99104 | norm = 0.990506
  Step 26900/30000 | R_avg = 0.991022 | norm = 0.990488
  Step 26950/30000 | R_avg = 0.991017 | norm = 0.99047
  Saved spatial snapshot at t = 135 (step 27000)
  Step 27000/30000 | R_avg = 0.991022 | norm = 0.990451
  Step 27050/30000 | R_avg = 0.991035 | norm = 0.990433
  Step 27100/30000 | R_avg = 0.991029 | norm = 0.990414
  Step 27150/30000 | R_avg = 0.991033 | norm = 0.990396
  Step 27200/30000 | R_avg = 0.991028 | norm = 0.990378
  Step 27250/30000 | R_avg = 0.991039 | norm = 0.990359
  Step 27300/30000 | R_avg = 0.991046 | norm = 0.990341
  Step 27350/30000 | R_avg = 0.991038 | norm = 0.990322
  Step 27400/30000 | R_avg = 0.99102 | norm = 0.990303
  Step 27450/30000 | R_avg = 0.991024 | norm = 0.990285
  Step 27500/30000 | R_avg = 0.991036 | norm = 0.990266
  Step 27550/30000 | R_avg = 0.991016 | norm = 0.990247
  Step 27600/30000 | R_avg = 0.99103 | norm = 0.990229
  Step 27650/30000 | R_avg = 0.991013 | norm = 0.99021
  Step 27700/30000 | R_avg = 0.991098 | norm = 0.990192
  Step 27750/30000 | R_avg = 0.991057 | norm = 0.990173
  Step 27800/30000 | R_avg = 0.991044 | norm = 0.990154
  Step 27850/30000 | R_avg = 0.991018 | norm = 0.990135
  Step 27900/30000 | R_avg = 0.991023 | norm = 0.990117
  Step 27950/30000 | R_avg = 0.991029 | norm = 0.990098
  Step 28000/30000 | R_avg = 0.99103 | norm = 0.990079
  Step 28050/30000 | R_avg = 0.991029 | norm = 0.990061
  Step 28100/30000 | R_avg = 0.991081 | norm = 0.990042
  Step 28150/30000 | R_avg = 0.991036 | norm = 0.990023
  Step 28200/30000 | R_avg = 0.991033 | norm = 0.990004
  Step 28250/30000 | R_avg = 0.991042 | norm = 0.989985
  Step 28300/30000 | R_avg = 0.991043 | norm = 0.989966
  Step 28350/30000 | R_avg = 0.991014 | norm = 0.989947
  Step 28400/30000 | R_avg = 0.991033 | norm = 0.989928
  Step 28450/30000 | R_avg = 0.99103 | norm = 0.989909
  Step 28500/30000 | R_avg = 0.991026 | norm = 0.989891
  Step 28550/30000 | R_avg = 0.991035 | norm = 0.989872
  Step 28600/30000 | R_avg = 0.991046 | norm = 0.989853
  Step 28650/30000 | R_avg = 0.991029 | norm = 0.989835
  Step 28700/30000 | R_avg = 0.991032 | norm = 0.989816
  Step 28750/30000 | R_avg = 0.991166 | norm = 0.989797
  Step 28800/30000 | R_avg = 0.991026 | norm = 0.989778
  Step 28850/30000 | R_avg = 0.991035 | norm = 0.98976
  Step 28900/30000 | R_avg = 0.991043 | norm = 0.989741
  Step 28950/30000 | R_avg = 0.991044 | norm = 0.989722
  Step 29000/30000 | R_avg = 0.991046 | norm = 0.989703
  Step 29050/30000 | R_avg = 0.991024 | norm = 0.989685
  Step 29100/30000 | R_avg = 0.991041 | norm = 0.989666
  Step 29150/30000 | R_avg = 0.991051 | norm = 0.989648
  Step 29200/30000 | R_avg = 0.991035 | norm = 0.989629
  Step 29250/30000 | R_avg = 0.991049 | norm = 0.98961
  Step 29300/30000 | R_avg = 0.99102 | norm = 0.989592
  Step 29350/30000 | R_avg = 0.991033 | norm = 0.989573
  Step 29400/30000 | R_avg = 0.991033 | norm = 0.989555
  Step 29450/30000 | R_avg = 0.991032 | norm = 0.989536
  Step 29500/30000 | R_avg = 0.99101 | norm = 0.989518
  Step 29550/30000 | R_avg = 0.991033 | norm = 0.989499
  Step 29600/30000 | R_avg = 0.991033 | norm = 0.989481
  Step 29650/30000 | R_avg = 0.991034 | norm = 0.989463
  Step 29700/30000 | R_avg = 0.991028 | norm = 0.989444
  Step 29750/30000 | R_avg = 0.991031 | norm = 0.989426
  Step 29800/30000 | R_avg = 0.991032 | norm = 0.989408
  Step 29850/30000 | R_avg = 0.991039 | norm = 0.98939
  Step 29900/30000 | R_avg = 0.991034 | norm = 0.989372
  Step 29950/30000 | R_avg = 0.991039 | norm = 0.989353

===== Global Validation =====
✗ Global validation FAILED:
  ✗ Probability Conservation: ||ψ||² = 0.989336 (drift: 1.06673% from initial 1) ✗ FAIL (exceeds tolerance 1%)
  ✓ Energy Conservation: E_total = 1.10344 (drift: 0.771501% from initial 1.11202) ✓ PASS
  ✓ Order Parameter Bounds: R ∈ [1, 1] ✓ PASS (within [0,1])
  ✓ Causality: v = |p|/E = 0.217861 (c = 1) ✓ PASS (v ≤ c)
  ✓ Numerical Stability: All fields finite ✓ PASS

===== Scenario 2.3: Relativistic Mass Validation =====
  Boost velocity: v = 0.3c
  Theoretical gamma: γ = 1.04828
✗ Scenario validation FAILED:
  ✓ 1. θ(x,y,t=0) shows vortex structure (W = ±1): Winding number W = 1 ✓ PASS (|W| ≈ 1)
  ✗ 3. R(x,y,t=0) shows core (R_min < 0.5): R_min = 1 ✗ FAIL (expect R_min < 0.5)
  ✗ 4. ψ(x,y,t=0) is Gaussian at offset position: Wavepacket variance = 5.90574e-08 ✗ FAIL (too uniform, not Gaussian)
  ✓ 5. ⟨p⟩(t=0) = γmv (within 5%): ⟨p⟩ = 0.307446 (expect 0.314485, error = 2.23844%) ✓ PASS
  ✓ 6. γ_measured(t=final) within 5% of theory: γ_measured = 1.08668 (γ_theory = 1.04828, error = 3.66277%) ✓ PASS
  Norm validation: max_error = 0.0106644 ✗ FAIL
  Energy validation: max_drift = 0.00854897 ✓ PASS
  Saved observables to /home/persist/neotec/0rigin/output/20251227_062516_geodesic_deviation_256x256_v0.3/N_1/observables.csv
Test failed for N=1

--- Testing with N=10 ---
  Vortex initialization (grid-independent):
    Domain size: 100 ℓ_P
    Grid spacing: 0.390625 ℓ_P
    Core radius: 5 ℓ_P (12.8 grid points)
    Center: (50, 50) ℓ_P
    Winding number: W = 1
  Dirac initialization (grid-independent):
    Position: (30, 50) ℓ_P
    Width: 2.5 ℓ_P
    Grid coordinates: (76.8, 128) grid units
    Grid width: 6.4 grid units
  Using Dirac solver (spinor field) with boosted initialization
    Background R (expected): 1
[SMFT] Boosted Gaussian initialization:
  Position: (76.8, 128) grid units
  Width: σ = 6.4 grid units
  Velocity: v = (0.3, 0)c
  |v| = 0.3c
  Lorentz factor: γ = 1.04828
  Rest mass: m₀ = Δ·R = 1 × 1 = 1 m_P
  Momentum: p = (0.314485, 0) m_P·c
  |p| = 0.314485 m_P·c
  Pre-normalization: ∫|Ψ|² = 257.358
  Normalization factor: 16.0424
[DiracEvolution] Initialized Gaussian wavepacket at (76.8, 128) with σ=6.4
  Final norm: ||Ψ||² = 0.999998
  Initial position: <r> = (76.8, 128)
✓ Boosted Gaussian initialized
[SMFTEngine] Boosted Dirac field initialized: center=(76.8,128), sigma=6.4, boost=(0.3,0)c, norm=0.999998, <r>=(76.8,128)
[DiracEvolution] Initialized 256x256 4-component spinor field (particle, β=1)
[SMFT] Boosted Gaussian initialization:
  Position: (76.8, 128) grid units
  Width: σ = 6.4 grid units
  Velocity: v = (0.3, 0)c
  |v| = 0.3c
  Lorentz factor: γ = 1.04828
  Rest mass: m₀ = Δ·R = 1 × 1 = 1 m_P
  Momentum: p = (0.314485, 0) m_P·c
  |p| = 0.314485 m_P·c
  Pre-normalization: ∫|Ψ|² = 257.358
  Normalization factor: 16.0424
[DiracEvolution] Initialized Gaussian wavepacket at (76.8, 128) with σ=6.4
  Final norm: ||Ψ||² = 0.999998
  Initial position: <r> = (76.8, 128)
✓ Boosted Gaussian initialized
  Initial energy E0 = 1.1175
  Initial norm = 1
  Saved spatial snapshot at t = 0 (step 0)
  Step 0/30000 | R_avg = 0.991037 | norm = 1
  Step 50/30000 | R_avg = 0.991054 | norm = 0.999988
  Step 100/30000 | R_avg = 0.991021 | norm = 0.999974
  Step 150/30000 | R_avg = 0.991042 | norm = 0.99996
  Step 200/30000 | R_avg = 0.991034 | norm = 0.999945
  Step 250/30000 | R_avg = 0.991027 | norm = 0.99993
  Step 300/30000 | R_avg = 0.991024 | norm = 0.999915
  Step 350/30000 | R_avg = 0.991041 | norm = 0.999899
  Step 400/30000 | R_avg = 0.991044 | norm = 0.999884
  Step 450/30000 | R_avg = 0.991022 | norm = 0.999868
  Step 500/30000 | R_avg = 0.991041 | norm = 0.999852
  Step 550/30000 | R_avg = 0.991029 | norm = 0.999837
  Step 600/30000 | R_avg = 0.991033 | norm = 0.999821
  Step 650/30000 | R_avg = 0.991036 | norm = 0.999804
  Step 700/30000 | R_avg = 0.991006 | norm = 0.999788
  Step 750/30000 | R_avg = 0.991037 | norm = 0.999772
  Step 800/30000 | R_avg = 0.991039 | norm = 0.999755
  Step 850/30000 | R_avg = 0.991038 | norm = 0.999738
  Step 900/30000 | R_avg = 0.991042 | norm = 0.999721
  Step 950/30000 | R_avg = 0.991032 | norm = 0.999704
  Step 1000/30000 | R_avg = 0.991026 | norm = 0.999687
  Step 1050/30000 | R_avg = 0.991041 | norm = 0.999669
  Step 1100/30000 | R_avg = 0.99105 | norm = 0.999652
  Step 1150/30000 | R_avg = 0.99104 | norm = 0.999634
  Step 1200/30000 | R_avg = 0.991034 | norm = 0.999616
  Step 1250/30000 | R_avg = 0.991034 | norm = 0.999598
  Step 1300/30000 | R_avg = 0.991022 | norm = 0.99958
  Step 1350/30000 | R_avg = 0.991032 | norm = 0.999562
  Step 1400/30000 | R_avg = 0.991024 | norm = 0.999543
  Step 1450/30000 | R_avg = 0.991035 | norm = 0.999525
  Step 1500/30000 | R_avg = 0.991032 | norm = 0.999506
  Step 1550/30000 | R_avg = 0.991053 | norm = 0.999487
  Step 1600/30000 | R_avg = 0.991025 | norm = 0.999468
  Step 1650/30000 | R_avg = 0.991026 | norm = 0.999449
  Step 1700/30000 | R_avg = 0.991049 | norm = 0.99943
  Step 1750/30000 | R_avg = 0.991055 | norm = 0.999411
  Step 1800/30000 | R_avg = 0.991022 | norm = 0.999392
  Step 1850/30000 | R_avg = 0.991037 | norm = 0.999373
  Step 1900/30000 | R_avg = 0.991019 | norm = 0.999353
  Step 1950/30000 | R_avg = 0.991047 | norm = 0.999334
  Step 2000/30000 | R_avg = 0.991034 | norm = 0.999314
  Step 2050/30000 | R_avg = 0.99103 | norm = 0.999295
  Step 2100/30000 | R_avg = 0.991028 | norm = 0.999275
  Step 2150/30000 | R_avg = 0.991042 | norm = 0.999255
  Step 2200/30000 | R_avg = 0.991035 | norm = 0.999236
  Step 2250/30000 | R_avg = 0.991012 | norm = 0.999216
  Step 2300/30000 | R_avg = 0.991034 | norm = 0.999196
  Step 2350/30000 | R_avg = 0.991031 | norm = 0.999176
  Step 2400/30000 | R_avg = 0.991056 | norm = 0.999156
  Step 2450/30000 | R_avg = 0.991043 | norm = 0.999136
  Step 2500/30000 | R_avg = 0.991046 | norm = 0.999116
  Step 2550/30000 | R_avg = 0.99104 | norm = 0.999096
  Step 2600/30000 | R_avg = 0.991039 | norm = 0.999076
  Step 2650/30000 | R_avg = 0.991042 | norm = 0.999056
  Step 2700/30000 | R_avg = 0.991035 | norm = 0.999037
  Step 2750/30000 | R_avg = 0.991042 | norm = 0.999017
  Step 2800/30000 | R_avg = 0.991036 | norm = 0.998997
  Step 2850/30000 | R_avg = 0.991042 | norm = 0.998977
  Step 2900/30000 | R_avg = 0.991027 | norm = 0.998958
  Step 2950/30000 | R_avg = 0.991025 | norm = 0.998938
  Saved spatial snapshot at t = 15 (step 3000)
  Step 3000/30000 | R_avg = 0.991041 | norm = 0.998919
  Step 3050/30000 | R_avg = 0.991051 | norm = 0.998899
  Step 3100/30000 | R_avg = 0.991043 | norm = 0.99888
  Step 3150/30000 | R_avg = 0.991036 | norm = 0.99886
  Step 3200/30000 | R_avg = 0.991037 | norm = 0.998841
  Step 3250/30000 | R_avg = 0.991035 | norm = 0.998822
  Step 3300/30000 | R_avg = 0.991034 | norm = 0.998802
  Step 3350/30000 | R_avg = 0.991022 | norm = 0.998783
  Step 3400/30000 | R_avg = 0.991039 | norm = 0.998764
  Step 3450/30000 | R_avg = 0.991035 | norm = 0.998745
  Step 3500/30000 | R_avg = 0.991038 | norm = 0.998727
  Step 3550/30000 | R_avg = 0.991031 | norm = 0.998707
  Step 3600/30000 | R_avg = 0.991021 | norm = 0.998688
  Step 3650/30000 | R_avg = 0.991031 | norm = 0.99867
  Step 3700/30000 | R_avg = 0.991025 | norm = 0.998651
  Step 3750/30000 | R_avg = 0.991036 | norm = 0.998633
  Step 3800/30000 | R_avg = 0.991024 | norm = 0.998614
  Step 3850/30000 | R_avg = 0.991033 | norm = 0.998595
  Step 3900/30000 | R_avg = 0.99103 | norm = 0.998577
  Step 3950/30000 | R_avg = 0.991016 | norm = 0.998559
  Step 4000/30000 | R_avg = 0.9911 | norm = 0.998541
  Step 4050/30000 | R_avg = 0.991035 | norm = 0.998523
  Step 4100/30000 | R_avg = 0.99103 | norm = 0.998505
  Step 4150/30000 | R_avg = 0.991029 | norm = 0.998487
  Step 4200/30000 | R_avg = 0.991017 | norm = 0.998469
  Step 4250/30000 | R_avg = 0.991022 | norm = 0.998452
  Step 4300/30000 | R_avg = 0.990999 | norm = 0.998434
  Step 4350/30000 | R_avg = 0.991008 | norm = 0.998417
  Step 4400/30000 | R_avg = 0.991033 | norm = 0.998399
  Step 4450/30000 | R_avg = 0.991021 | norm = 0.998382
  Step 4500/30000 | R_avg = 0.991035 | norm = 0.998365
  Step 4550/30000 | R_avg = 0.991021 | norm = 0.998348
  Step 4600/30000 | R_avg = 0.991035 | norm = 0.998331
  Step 4650/30000 | R_avg = 0.991033 | norm = 0.998314
  Step 4700/30000 | R_avg = 0.991029 | norm = 0.998296
  Step 4750/30000 | R_avg = 0.991037 | norm = 0.99828
  Step 4800/30000 | R_avg = 0.991022 | norm = 0.998263
  Step 4850/30000 | R_avg = 0.991025 | norm = 0.998246
  Step 4900/30000 | R_avg = 0.991025 | norm = 0.998229
  Step 4950/30000 | R_avg = 0.99104 | norm = 0.998212
  Step 5000/30000 | R_avg = 0.991034 | norm = 0.998196
  Step 5050/30000 | R_avg = 0.991017 | norm = 0.998179
  Step 5100/30000 | R_avg = 0.991046 | norm = 0.998163
  Step 5150/30000 | R_avg = 0.991028 | norm = 0.998146
  Step 5200/30000 | R_avg = 0.991031 | norm = 0.99813
  Step 5250/30000 | R_avg = 0.991024 | norm = 0.998114
  Step 5300/30000 | R_avg = 0.991002 | norm = 0.998098
  Step 5350/30000 | R_avg = 0.99102 | norm = 0.998081
  Step 5400/30000 | R_avg = 0.991033 | norm = 0.998065
  Step 5450/30000 | R_avg = 0.991052 | norm = 0.998049
  Step 5500/30000 | R_avg = 0.991037 | norm = 0.998033
  Step 5550/30000 | R_avg = 0.991034 | norm = 0.998017
  Step 5600/30000 | R_avg = 0.991019 | norm = 0.998001
  Step 5650/30000 | R_avg = 0.991037 | norm = 0.997985
  Step 5700/30000 | R_avg = 0.991044 | norm = 0.997969
  Step 5750/30000 | R_avg = 0.991036 | norm = 0.997953
  Step 5800/30000 | R_avg = 0.991044 | norm = 0.997937
  Step 5850/30000 | R_avg = 0.991027 | norm = 0.997921
  Step 5900/30000 | R_avg = 0.991025 | norm = 0.997905
  Step 5950/30000 | R_avg = 0.991023 | norm = 0.99789
  Saved spatial snapshot at t = 30 (step 6000)
  Step 6000/30000 | R_avg = 0.991021 | norm = 0.997874
  Step 6050/30000 | R_avg = 0.991042 | norm = 0.997858
  Step 6100/30000 | R_avg = 0.991038 | norm = 0.997842
  Step 6150/30000 | R_avg = 0.991032 | norm = 0.997826
  Step 6200/30000 | R_avg = 0.991029 | norm = 0.997811
  Step 6250/30000 | R_avg = 0.991039 | norm = 0.997795
  Step 6300/30000 | R_avg = 0.991032 | norm = 0.997779
  Step 6350/30000 | R_avg = 0.99103 | norm = 0.997763
  Step 6400/30000 | R_avg = 0.991035 | norm = 0.997747
  Step 6450/30000 | R_avg = 0.991033 | norm = 0.997732
  Step 6500/30000 | R_avg = 0.991035 | norm = 0.997716
  Step 6550/30000 | R_avg = 0.991049 | norm = 0.9977
  Step 6600/30000 | R_avg = 0.991029 | norm = 0.997684
  Step 6650/30000 | R_avg = 0.991037 | norm = 0.997668
  Step 6700/30000 | R_avg = 0.991031 | norm = 0.997652
  Step 6750/30000 | R_avg = 0.991044 | norm = 0.997635
  Step 6800/30000 | R_avg = 0.991038 | norm = 0.997619
  Step 6850/30000 | R_avg = 0.991016 | norm = 0.997603
  Step 6900/30000 | R_avg = 0.991024 | norm = 0.997587
  Step 6950/30000 | R_avg = 0.991032 | norm = 0.99757
  Step 7000/30000 | R_avg = 0.991044 | norm = 0.997554
  Step 7050/30000 | R_avg = 0.991012 | norm = 0.997537
  Step 7100/30000 | R_avg = 0.99103 | norm = 0.99752
  Step 7150/30000 | R_avg = 0.991022 | norm = 0.997503
  Step 7200/30000 | R_avg = 0.991035 | norm = 0.997486
  Step 7250/30000 | R_avg = 0.991046 | norm = 0.997469
  Step 7300/30000 | R_avg = 0.990983 | norm = 0.997452
  Step 7350/30000 | R_avg = 0.991043 | norm = 0.997435
  Step 7400/30000 | R_avg = 0.991031 | norm = 0.997417
  Step 7450/30000 | R_avg = 0.991025 | norm = 0.9974
  Step 7500/30000 | R_avg = 0.99102 | norm = 0.997382
  Step 7550/30000 | R_avg = 0.991031 | norm = 0.997364
  Step 7600/30000 | R_avg = 0.991029 | norm = 0.997347
  Step 7650/30000 | R_avg = 0.991037 | norm = 0.997329
  Step 7700/30000 | R_avg = 0.991035 | norm = 0.997311
  Step 7750/30000 | R_avg = 0.991039 | norm = 0.997293
  Step 7800/30000 | R_avg = 0.991027 | norm = 0.997274
  Step 7850/30000 | R_avg = 0.991029 | norm = 0.997256
  Step 7900/30000 | R_avg = 0.991051 | norm = 0.997238
  Step 7950/30000 | R_avg = 0.990976 | norm = 0.997219
  Step 8000/30000 | R_avg = 0.991037 | norm = 0.9972
  Step 8050/30000 | R_avg = 0.991025 | norm = 0.997181
  Step 8100/30000 | R_avg = 0.991034 | norm = 0.997163
  Step 8150/30000 | R_avg = 0.991029 | norm = 0.997144
  Step 8200/30000 | R_avg = 0.991021 | norm = 0.997125
  Step 8250/30000 | R_avg = 0.991037 | norm = 0.997106
  Step 8300/30000 | R_avg = 0.991024 | norm = 0.997087
  Step 8350/30000 | R_avg = 0.991023 | norm = 0.997068
  Step 8400/30000 | R_avg = 0.991024 | norm = 0.997049
  Step 8450/30000 | R_avg = 0.991039 | norm = 0.997029
  Step 8500/30000 | R_avg = 0.991 | norm = 0.99701
  Step 8550/30000 | R_avg = 0.991049 | norm = 0.99699
  Step 8600/30000 | R_avg = 0.991016 | norm = 0.996971
  Step 8650/30000 | R_avg = 0.991036 | norm = 0.996952
  Step 8700/30000 | R_avg = 0.991038 | norm = 0.996932
  Step 8750/30000 | R_avg = 0.991039 | norm = 0.996913
  Step 8800/30000 | R_avg = 0.991036 | norm = 0.996893
  Step 8850/30000 | R_avg = 0.99103 | norm = 0.996874
  Step 8900/30000 | R_avg = 0.991026 | norm = 0.996854
  Step 8950/30000 | R_avg = 0.991032 | norm = 0.996834
  Saved spatial snapshot at t = 45 (step 9000)
  Step 9000/30000 | R_avg = 0.991033 | norm = 0.996815
  Step 9050/30000 | R_avg = 0.991022 | norm = 0.996795
  Step 9100/30000 | R_avg = 0.991039 | norm = 0.996776
  Step 9150/30000 | R_avg = 0.991032 | norm = 0.996756
  Step 9200/30000 | R_avg = 0.991025 | norm = 0.996736
  Step 9250/30000 | R_avg = 0.991044 | norm = 0.996717
  Step 9300/30000 | R_avg = 0.991044 | norm = 0.996698
  Step 9350/30000 | R_avg = 0.991035 | norm = 0.996678
  Step 9400/30000 | R_avg = 0.99103 | norm = 0.996659
  Step 9450/30000 | R_avg = 0.991044 | norm = 0.99664
  Step 9500/30000 | R_avg = 0.99103 | norm = 0.99662
  Step 9550/30000 | R_avg = 0.991042 | norm = 0.996601
  Step 9600/30000 | R_avg = 0.991016 | norm = 0.996582
  Step 9650/30000 | R_avg = 0.991032 | norm = 0.996563
  Step 9700/30000 | R_avg = 0.991032 | norm = 0.996544
  Step 9750/30000 | R_avg = 0.99104 | norm = 0.996525
  Step 9800/30000 | R_avg = 0.991022 | norm = 0.996506
  Step 9850/30000 | R_avg = 0.991013 | norm = 0.996488
  Step 9900/30000 | R_avg = 0.991044 | norm = 0.996469
  Step 9950/30000 | R_avg = 0.991019 | norm = 0.996451
  Step 10000/30000 | R_avg = 0.991033 | norm = 0.996432
  Step 10050/30000 | R_avg = 0.991028 | norm = 0.996414
  Step 10100/30000 | R_avg = 0.991037 | norm = 0.996396
  Step 10150/30000 | R_avg = 0.991029 | norm = 0.996377
  Step 10200/30000 | R_avg = 0.991025 | norm = 0.99636
  Step 10250/30000 | R_avg = 0.991038 | norm = 0.996342
  Step 10300/30000 | R_avg = 0.991035 | norm = 0.996324
  Step 10350/30000 | R_avg = 0.991 | norm = 0.996306
  Step 10400/30000 | R_avg = 0.991042 | norm = 0.996288
  Step 10450/30000 | R_avg = 0.991043 | norm = 0.996271
  Step 10500/30000 | R_avg = 0.991034 | norm = 0.996254
  Step 10550/30000 | R_avg = 0.991044 | norm = 0.996237
  Step 10600/30000 | R_avg = 0.991038 | norm = 0.99622
  Step 10650/30000 | R_avg = 0.991033 | norm = 0.996203
  Step 10700/30000 | R_avg = 0.991034 | norm = 0.996187
  Step 10750/30000 | R_avg = 0.991038 | norm = 0.99617
  Step 10800/30000 | R_avg = 0.991036 | norm = 0.996154
  Step 10850/30000 | R_avg = 0.991036 | norm = 0.996137
  Step 10900/30000 | R_avg = 0.991018 | norm = 0.996121
  Step 10950/30000 | R_avg = 0.991021 | norm = 0.996105
  Step 11000/30000 | R_avg = 0.991036 | norm = 0.996089
  Step 11050/30000 | R_avg = 0.991027 | norm = 0.996074
  Step 11100/30000 | R_avg = 0.990952 | norm = 0.996057
  Step 11150/30000 | R_avg = 0.99099 | norm = 0.996041
  Step 11200/30000 | R_avg = 0.990969 | norm = 0.996026
  Step 11250/30000 | R_avg = 0.990978 | norm = 0.996011
  Step 11300/30000 | R_avg = 0.990977 | norm = 0.995995
  Step 11350/30000 | R_avg = 0.990954 | norm = 0.99598
  Step 11400/30000 | R_avg = 0.990972 | norm = 0.995964
  Step 11450/30000 | R_avg = 0.990963 | norm = 0.995949
  Step 11500/30000 | R_avg = 0.990985 | norm = 0.995934
  Step 11550/30000 | R_avg = 0.99098 | norm = 0.995919
  Step 11600/30000 | R_avg = 0.990975 | norm = 0.995904
  Step 11650/30000 | R_avg = 0.990973 | norm = 0.995889
  Step 11700/30000 | R_avg = 0.990981 | norm = 0.995875
  Step 11750/30000 | R_avg = 0.990987 | norm = 0.99586
  Step 11800/30000 | R_avg = 0.990993 | norm = 0.995845
  Step 11850/30000 | R_avg = 0.990978 | norm = 0.995831
  Step 11900/30000 | R_avg = 0.991003 | norm = 0.995816
  Step 11950/30000 | R_avg = 0.990981 | norm = 0.995802
  Saved spatial snapshot at t = 60 (step 12000)
  Step 12000/30000 | R_avg = 0.990988 | norm = 0.995788
  Step 12050/30000 | R_avg = 0.990974 | norm = 0.995773
  Step 12100/30000 | R_avg = 0.990987 | norm = 0.995759
  Step 12150/30000 | R_avg = 0.990984 | norm = 0.995745
  Step 12200/30000 | R_avg = 0.99099 | norm = 0.99573
  Step 12250/30000 | R_avg = 0.991011 | norm = 0.995716
  Step 12300/30000 | R_avg = 0.990975 | norm = 0.995702
  Step 12350/30000 | R_avg = 0.990992 | norm = 0.995688
  Step 12400/30000 | R_avg = 0.991021 | norm = 0.995674
  Step 12450/30000 | R_avg = 0.991008 | norm = 0.99566
  Step 12500/30000 | R_avg = 0.990976 | norm = 0.995646
  Step 12550/30000 | R_avg = 0.990986 | norm = 0.995632
  Step 12600/30000 | R_avg = 0.990982 | norm = 0.995618
  Step 12650/30000 | R_avg = 0.990991 | norm = 0.995604
  Step 12700/30000 | R_avg = 0.99097 | norm = 0.99559
  Step 12750/30000 | R_avg = 0.990984 | norm = 0.995576
  Step 12800/30000 | R_avg = 0.990965 | norm = 0.995562
  Step 12850/30000 | R_avg = 0.99099 | norm = 0.995548
  Step 12900/30000 | R_avg = 0.990984 | norm = 0.995534
  Step 12950/30000 | R_avg = 0.990976 | norm = 0.99552
  Step 13000/30000 | R_avg = 0.991015 | norm = 0.995506
  Step 13050/30000 | R_avg = 0.99098 | norm = 0.995493
  Step 13100/30000 | R_avg = 0.990995 | norm = 0.995479
  Step 13150/30000 | R_avg = 0.990991 | norm = 0.995465
  Step 13200/30000 | R_avg = 0.990994 | norm = 0.995451
  Step 13250/30000 | R_avg = 0.990952 | norm = 0.995436
  Step 13300/30000 | R_avg = 0.990978 | norm = 0.995422
  Step 13350/30000 | R_avg = 0.991001 | norm = 0.995408
  Step 13400/30000 | R_avg = 0.990974 | norm = 0.995394
  Step 13450/30000 | R_avg = 0.991 | norm = 0.99538
  Step 13500/30000 | R_avg = 0.991013 | norm = 0.995366
  Step 13550/30000 | R_avg = 0.990988 | norm = 0.995351
  Step 13600/30000 | R_avg = 0.990974 | norm = 0.995337
  Step 13650/30000 | R_avg = 0.991019 | norm = 0.995323
  Step 13700/30000 | R_avg = 0.990985 | norm = 0.995308
  Step 13750/30000 | R_avg = 0.990999 | norm = 0.995294
  Step 13800/30000 | R_avg = 0.991 | norm = 0.995279
  Step 13850/30000 | R_avg = 0.990995 | norm = 0.995264
  Step 13900/30000 | R_avg = 0.990994 | norm = 0.99525
  Step 13950/30000 | R_avg = 0.991005 | norm = 0.995235
  Step 14000/30000 | R_avg = 0.991011 | norm = 0.99522
  Step 14050/30000 | R_avg = 0.990979 | norm = 0.995205
  Step 14100/30000 | R_avg = 0.991007 | norm = 0.99519
  Step 14150/30000 | R_avg = 0.990998 | norm = 0.995175
  Step 14200/30000 | R_avg = 0.990986 | norm = 0.995159
  Step 14250/30000 | R_avg = 0.991 | norm = 0.995144
  Step 14300/30000 | R_avg = 0.990994 | norm = 0.995129
  Step 14350/30000 | R_avg = 0.99098 | norm = 0.995114
  Step 14400/30000 | R_avg = 0.990998 | norm = 0.995098
  Step 14450/30000 | R_avg = 0.99099 | norm = 0.995082
  Step 14500/30000 | R_avg = 0.990988 | norm = 0.995067
  Step 14550/30000 | R_avg = 0.991019 | norm = 0.995051
  Step 14600/30000 | R_avg = 0.991003 | norm = 0.995035
  Step 14650/30000 | R_avg = 0.991012 | norm = 0.995019
  Step 14700/30000 | R_avg = 0.991013 | norm = 0.995003
  Step 14750/30000 | R_avg = 0.990992 | norm = 0.994987
  Step 14800/30000 | R_avg = 0.99102 | norm = 0.994971
  Step 14850/30000 | R_avg = 0.990996 | norm = 0.994954
  Step 14900/30000 | R_avg = 0.991007 | norm = 0.994938
  Step 14950/30000 | R_avg = 0.991014 | norm = 0.994922
  Saved spatial snapshot at t = 75 (step 15000)
  Step 15000/30000 | R_avg = 0.991004 | norm = 0.994905
  Step 15050/30000 | R_avg = 0.990991 | norm = 0.994888
  Step 15100/30000 | R_avg = 0.991012 | norm = 0.994872
  Step 15150/30000 | R_avg = 0.991006 | norm = 0.994855
  Step 15200/30000 | R_avg = 0.991007 | norm = 0.994838
  Step 15250/30000 | R_avg = 0.990995 | norm = 0.994821
  Step 15300/30000 | R_avg = 0.991018 | norm = 0.994804
  Step 15350/30000 | R_avg = 0.991032 | norm = 0.994787
  Step 15400/30000 | R_avg = 0.990982 | norm = 0.994769
  Step 15450/30000 | R_avg = 0.991011 | norm = 0.994752
  Step 15500/30000 | R_avg = 0.990995 | norm = 0.994734
  Step 15550/30000 | R_avg = 0.990991 | norm = 0.994717
  Step 15600/30000 | R_avg = 0.990993 | norm = 0.994699
  Step 15650/30000 | R_avg = 0.991004 | norm = 0.994682
  Step 15700/30000 | R_avg = 0.991012 | norm = 0.994664
  Step 15750/30000 | R_avg = 0.990993 | norm = 0.994646
  Step 15800/30000 | R_avg = 0.991032 | norm = 0.994628
  Step 15850/30000 | R_avg = 0.991002 | norm = 0.99461
  Step 15900/30000 | R_avg = 0.990996 | norm = 0.994592
  Step 15950/30000 | R_avg = 0.991013 | norm = 0.994574
  Step 16000/30000 | R_avg = 0.990994 | norm = 0.994556
  Step 16050/30000 | R_avg = 0.991008 | norm = 0.994538
  Step 16100/30000 | R_avg = 0.990996 | norm = 0.99452
  Step 16150/30000 | R_avg = 0.991013 | norm = 0.994502
  Step 16200/30000 | R_avg = 0.990998 | norm = 0.994484
  Step 16250/30000 | R_avg = 0.991 | norm = 0.994465
  Step 16300/30000 | R_avg = 0.99102 | norm = 0.994447
  Step 16350/30000 | R_avg = 0.990988 | norm = 0.994428
  Step 16400/30000 | R_avg = 0.991008 | norm = 0.99441
  Step 16450/30000 | R_avg = 0.990999 | norm = 0.994391
  Step 16500/30000 | R_avg = 0.991 | norm = 0.994373
  Step 16550/30000 | R_avg = 0.990999 | norm = 0.994354
  Step 16600/30000 | R_avg = 0.990989 | norm = 0.994335
  Step 16650/30000 | R_avg = 0.991022 | norm = 0.994317
  Step 16700/30000 | R_avg = 0.991008 | norm = 0.994298
  Step 16750/30000 | R_avg = 0.990989 | norm = 0.99428
  Step 16800/30000 | R_avg = 0.990997 | norm = 0.994261
  Step 16850/30000 | R_avg = 0.990989 | norm = 0.994242
  Step 16900/30000 | R_avg = 0.990997 | norm = 0.994224
  Step 16950/30000 | R_avg = 0.991006 | norm = 0.994205
  Step 17000/30000 | R_avg = 0.991006 | norm = 0.994186
  Step 17050/30000 | R_avg = 0.990995 | norm = 0.994168
  Step 17100/30000 | R_avg = 0.990963 | norm = 0.994149
  Step 17150/30000 | R_avg = 0.991002 | norm = 0.99413
  Step 17200/30000 | R_avg = 0.990999 | norm = 0.994111
  Step 17250/30000 | R_avg = 0.991009 | norm = 0.994093
  Step 17300/30000 | R_avg = 0.99101 | norm = 0.994074
  Step 17350/30000 | R_avg = 0.990995 | norm = 0.994055
  Step 17400/30000 | R_avg = 0.990975 | norm = 0.994036
  Step 17450/30000 | R_avg = 0.990966 | norm = 0.994017
  Step 17500/30000 | R_avg = 0.990999 | norm = 0.993999
  Step 17550/30000 | R_avg = 0.991018 | norm = 0.99398
  Step 17600/30000 | R_avg = 0.990995 | norm = 0.993961
  Step 17650/30000 | R_avg = 0.991001 | norm = 0.993942
  Step 17700/30000 | R_avg = 0.991004 | norm = 0.993923
  Step 17750/30000 | R_avg = 0.990996 | norm = 0.993904
  Step 17800/30000 | R_avg = 0.990996 | norm = 0.993885
  Step 17850/30000 | R_avg = 0.990991 | norm = 0.993866
  Step 17900/30000 | R_avg = 0.990996 | norm = 0.993847
  Step 17950/30000 | R_avg = 0.990959 | norm = 0.993828
  Saved spatial snapshot at t = 90 (step 18000)
  Step 18000/30000 | R_avg = 0.991 | norm = 0.99381
  Step 18050/30000 | R_avg = 0.991002 | norm = 0.993791
  Step 18100/30000 | R_avg = 0.990992 | norm = 0.993772
  Step 18150/30000 | R_avg = 0.991013 | norm = 0.993753
  Step 18200/30000 | R_avg = 0.990986 | norm = 0.993734
  Step 18250/30000 | R_avg = 0.990994 | norm = 0.993715
  Step 18300/30000 | R_avg = 0.991026 | norm = 0.993696
  Step 18350/30000 | R_avg = 0.991019 | norm = 0.993677
  Step 18400/30000 | R_avg = 0.991012 | norm = 0.993658
  Step 18450/30000 | R_avg = 0.990998 | norm = 0.993639
  Step 18500/30000 | R_avg = 0.990987 | norm = 0.993621
  Step 18550/30000 | R_avg = 0.990996 | norm = 0.993602
  Step 18600/30000 | R_avg = 0.991014 | norm = 0.993583
  Step 18650/30000 | R_avg = 0.990988 | norm = 0.993564
  Step 18700/30000 | R_avg = 0.990995 | norm = 0.993545
  Step 18750/30000 | R_avg = 0.990998 | norm = 0.993526
  Step 18800/30000 | R_avg = 0.991013 | norm = 0.993508
  Step 18850/30000 | R_avg = 0.990992 | norm = 0.993489
  Step 18900/30000 | R_avg = 0.991005 | norm = 0.99347
  Step 18950/30000 | R_avg = 0.990989 | norm = 0.993451
  Step 19000/30000 | R_avg = 0.991006 | norm = 0.993432
  Step 19050/30000 | R_avg = 0.991008 | norm = 0.993413
  Step 19100/30000 | R_avg = 0.990976 | norm = 0.993394
  Step 19150/30000 | R_avg = 0.991008 | norm = 0.993375
  Step 19200/30000 | R_avg = 0.991 | norm = 0.993356
  Step 19250/30000 | R_avg = 0.990984 | norm = 0.993337
  Step 19300/30000 | R_avg = 0.991 | norm = 0.993318
  Step 19350/30000 | R_avg = 0.991008 | norm = 0.993299
  Step 19400/30000 | R_avg = 0.990998 | norm = 0.99328
  Step 19450/30000 | R_avg = 0.991009 | norm = 0.993261
  Step 19500/30000 | R_avg = 0.990986 | norm = 0.993242
  Step 19550/30000 | R_avg = 0.991009 | norm = 0.993224
  Step 19600/30000 | R_avg = 0.991 | norm = 0.993205
  Step 19650/30000 | R_avg = 0.991002 | norm = 0.993186
  Step 19700/30000 | R_avg = 0.99098 | norm = 0.993167
  Step 19750/30000 | R_avg = 0.990998 | norm = 0.993148
  Step 19800/30000 | R_avg = 0.991008 | norm = 0.993129
  Step 19850/30000 | R_avg = 0.991 | norm = 0.99311
  Step 19900/30000 | R_avg = 0.991026 | norm = 0.993091
  Step 19950/30000 | R_avg = 0.991026 | norm = 0.993072
  Step 20000/30000 | R_avg = 0.990991 | norm = 0.993053
  Step 20050/30000 | R_avg = 0.990994 | norm = 0.993034
  Step 20100/30000 | R_avg = 0.991 | norm = 0.993015
  Step 20150/30000 | R_avg = 0.990995 | norm = 0.992996
  Step 20200/30000 | R_avg = 0.991005 | norm = 0.992977
  Step 20250/30000 | R_avg = 0.990981 | norm = 0.992958
  Step 20300/30000 | R_avg = 0.990993 | norm = 0.992939
  Step 20350/30000 | R_avg = 0.990997 | norm = 0.99292
  Step 20400/30000 | R_avg = 0.991016 | norm = 0.992901
  Step 20450/30000 | R_avg = 0.990985 | norm = 0.992882
  Step 20500/30000 | R_avg = 0.991 | norm = 0.992863
  Step 20550/30000 | R_avg = 0.990997 | norm = 0.992843
  Step 20600/30000 | R_avg = 0.990998 | norm = 0.992824
  Step 20650/30000 | R_avg = 0.990989 | norm = 0.992805
  Step 20700/30000 | R_avg = 0.990978 | norm = 0.992786
  Step 20750/30000 | R_avg = 0.991002 | norm = 0.992766
  Step 20800/30000 | R_avg = 0.991011 | norm = 0.992748
  Step 20850/30000 | R_avg = 0.990993 | norm = 0.992728
  Step 20900/30000 | R_avg = 0.991009 | norm = 0.992709
  Step 20950/30000 | R_avg = 0.990983 | norm = 0.992689
  Saved spatial snapshot at t = 105 (step 21000)
  Step 21000/30000 | R_avg = 0.990998 | norm = 0.99267
  Step 21050/30000 | R_avg = 0.990993 | norm = 0.992651
  Step 21100/30000 | R_avg = 0.991009 | norm = 0.992631
  Step 21150/30000 | R_avg = 0.99099 | norm = 0.992612
  Step 21200/30000 | R_avg = 0.99101 | norm = 0.992593
  Step 21250/30000 | R_avg = 0.991005 | norm = 0.992573
  Step 21300/30000 | R_avg = 0.99099 | norm = 0.992554
  Step 21350/30000 | R_avg = 0.991022 | norm = 0.992535
  Step 21400/30000 | R_avg = 0.990991 | norm = 0.992515
  Step 21450/30000 | R_avg = 0.991015 | norm = 0.992496
  Step 21500/30000 | R_avg = 0.990993 | norm = 0.992477
  Step 21550/30000 | R_avg = 0.99101 | norm = 0.992457
  Step 21600/30000 | R_avg = 0.990985 | norm = 0.992438
  Step 21650/30000 | R_avg = 0.991005 | norm = 0.992418
  Step 21700/30000 | R_avg = 0.991007 | norm = 0.992398
  Step 21750/30000 | R_avg = 0.990987 | norm = 0.992379
  Step 21800/30000 | R_avg = 0.991004 | norm = 0.99236
  Step 21850/30000 | R_avg = 0.99099 | norm = 0.99234
  Step 21900/30000 | R_avg = 0.990974 | norm = 0.992321
  Step 21950/30000 | R_avg = 0.991007 | norm = 0.992301
  Step 22000/30000 | R_avg = 0.991002 | norm = 0.992281
  Step 22050/30000 | R_avg = 0.991003 | norm = 0.992262
  Step 22100/30000 | R_avg = 0.991006 | norm = 0.992243
  Step 22150/30000 | R_avg = 0.990969 | norm = 0.992223
  Step 22200/30000 | R_avg = 0.990996 | norm = 0.992204
  Step 22250/30000 | R_avg = 0.991007 | norm = 0.992184
  Step 22300/30000 | R_avg = 0.990991 | norm = 0.992165
  Step 22350/30000 | R_avg = 0.991005 | norm = 0.992146
  Step 22400/30000 | R_avg = 0.991 | norm = 0.992126
  Step 22450/30000 | R_avg = 0.990991 | norm = 0.992107
  Step 22500/30000 | R_avg = 0.991005 | norm = 0.992087
  Step 22550/30000 | R_avg = 0.990986 | norm = 0.992068
  Step 22600/30000 | R_avg = 0.991015 | norm = 0.992049
  Step 22650/30000 | R_avg = 0.990996 | norm = 0.99203
  Step 22700/30000 | R_avg = 0.991009 | norm = 0.99201
  Step 22750/30000 | R_avg = 0.991002 | norm = 0.991991
  Step 22800/30000 | R_avg = 0.991007 | norm = 0.991972
  Step 22850/30000 | R_avg = 0.991002 | norm = 0.991953
  Step 22900/30000 | R_avg = 0.99101 | norm = 0.991934
  Step 22950/30000 | R_avg = 0.991018 | norm = 0.991915
  Step 23000/30000 | R_avg = 0.990997 | norm = 0.991896
  Step 23050/30000 | R_avg = 0.991002 | norm = 0.991877
  Step 23100/30000 | R_avg = 0.991016 | norm = 0.991858
  Step 23150/30000 | R_avg = 0.990981 | norm = 0.991839
  Step 23200/30000 | R_avg = 0.991007 | norm = 0.99182
  Step 23250/30000 | R_avg = 0.990998 | norm = 0.991801
  Step 23300/30000 | R_avg = 0.990979 | norm = 0.991783
  Step 23350/30000 | R_avg = 0.990991 | norm = 0.991764
  Step 23400/30000 | R_avg = 0.991008 | norm = 0.991746
  Step 23450/30000 | R_avg = 0.990993 | norm = 0.991727
  Step 23500/30000 | R_avg = 0.991017 | norm = 0.991708
  Step 23550/30000 | R_avg = 0.99098 | norm = 0.99169
  Step 23600/30000 | R_avg = 0.991001 | norm = 0.991671
  Step 23650/30000 | R_avg = 0.991002 | norm = 0.991653
  Step 23700/30000 | R_avg = 0.991015 | norm = 0.991634
  Step 23750/30000 | R_avg = 0.990983 | norm = 0.991616
  Step 23800/30000 | R_avg = 0.991007 | norm = 0.991597
  Step 23850/30000 | R_avg = 0.990998 | norm = 0.991579
  Step 23900/30000 | R_avg = 0.990997 | norm = 0.991561
  Step 23950/30000 | R_avg = 0.991004 | norm = 0.991543
  Saved spatial snapshot at t = 120 (step 24000)
  Step 24000/30000 | R_avg = 0.990999 | norm = 0.991525
  Step 24050/30000 | R_avg = 0.99099 | norm = 0.991507
  Step 24100/30000 | R_avg = 0.990997 | norm = 0.991488
  Step 24150/30000 | R_avg = 0.991003 | norm = 0.99147
  Step 24200/30000 | R_avg = 0.991003 | norm = 0.991452
  Step 24250/30000 | R_avg = 0.991015 | norm = 0.991434
  Step 24300/30000 | R_avg = 0.990995 | norm = 0.991416
  Step 24350/30000 | R_avg = 0.991 | norm = 0.991399
  Step 24400/30000 | R_avg = 0.991009 | norm = 0.991381
  Step 24450/30000 | R_avg = 0.990986 | norm = 0.991363
  Step 24500/30000 | R_avg = 0.990997 | norm = 0.991345
  Step 24550/30000 | R_avg = 0.990989 | norm = 0.991327
  Step 24600/30000 | R_avg = 0.990995 | norm = 0.991309
  Step 24650/30000 | R_avg = 0.990995 | norm = 0.991291
  Step 24700/30000 | R_avg = 0.991011 | norm = 0.991274
  Step 24750/30000 | R_avg = 0.991011 | norm = 0.991256
  Step 24800/30000 | R_avg = 0.991003 | norm = 0.991238
  Step 24850/30000 | R_avg = 0.990987 | norm = 0.99122
  Step 24900/30000 | R_avg = 0.991016 | norm = 0.991203
  Step 24950/30000 | R_avg = 0.990995 | norm = 0.991185
  Step 25000/30000 | R_avg = 0.990997 | norm = 0.991167
  Step 25050/30000 | R_avg = 0.991009 | norm = 0.991149
  Step 25100/30000 | R_avg = 0.991017 | norm = 0.991131
  Step 25150/30000 | R_avg = 0.991002 | norm = 0.991114
  Step 25200/30000 | R_avg = 0.990995 | norm = 0.991096
  Step 25250/30000 | R_avg = 0.991002 | norm = 0.991078
  Step 25300/30000 | R_avg = 0.990994 | norm = 0.99106
  Step 25350/30000 | R_avg = 0.99101 | norm = 0.991043
  Step 25400/30000 | R_avg = 0.990989 | norm = 0.991025
  Step 25450/30000 | R_avg = 0.991018 | norm = 0.991007
  Step 25500/30000 | R_avg = 0.990997 | norm = 0.99099
  Step 25550/30000 | R_avg = 0.990991 | norm = 0.990972
  Step 25600/30000 | R_avg = 0.991004 | norm = 0.990954
  Step 25650/30000 | R_avg = 0.990986 | norm = 0.990936
  Step 25700/30000 | R_avg = 0.991014 | norm = 0.990919
  Step 25750/30000 | R_avg = 0.990999 | norm = 0.990901
  Step 25800/30000 | R_avg = 0.991006 | norm = 0.990883
  Step 25850/30000 | R_avg = 0.990996 | norm = 0.990865
  Step 25900/30000 | R_avg = 0.991 | norm = 0.990847
  Step 25950/30000 | R_avg = 0.990997 | norm = 0.990829
  Step 26000/30000 | R_avg = 0.991001 | norm = 0.990812
  Step 26050/30000 | R_avg = 0.990995 | norm = 0.990794
  Step 26100/30000 | R_avg = 0.991002 | norm = 0.990776
  Step 26150/30000 | R_avg = 0.990989 | norm = 0.990758
  Step 26200/30000 | R_avg = 0.990999 | norm = 0.99074
  Step 26250/30000 | R_avg = 0.99099 | norm = 0.990722
  Step 26300/30000 | R_avg = 0.991004 | norm = 0.990704
  Step 26350/30000 | R_avg = 0.990983 | norm = 0.990686
  Step 26400/30000 | R_avg = 0.990998 | norm = 0.990668
  Step 26450/30000 | R_avg = 0.99099 | norm = 0.99065
  Step 26500/30000 | R_avg = 0.990997 | norm = 0.990632
  Step 26550/30000 | R_avg = 0.990993 | norm = 0.990614
  Step 26600/30000 | R_avg = 0.990982 | norm = 0.990596
  Step 26650/30000 | R_avg = 0.990977 | norm = 0.990577
  Step 26700/30000 | R_avg = 0.990985 | norm = 0.990559
  Step 26750/30000 | R_avg = 0.991017 | norm = 0.990541
  Step 26800/30000 | R_avg = 0.99099 | norm = 0.990523
  Step 26850/30000 | R_avg = 0.990995 | norm = 0.990504
  Step 26900/30000 | R_avg = 0.990991 | norm = 0.990486
  Step 26950/30000 | R_avg = 0.990989 | norm = 0.990468
  Saved spatial snapshot at t = 135 (step 27000)
  Step 27000/30000 | R_avg = 0.990998 | norm = 0.990449
  Step 27050/30000 | R_avg = 0.991018 | norm = 0.990431
  Step 27100/30000 | R_avg = 0.991015 | norm = 0.990413
  Step 27150/30000 | R_avg = 0.991004 | norm = 0.990394
  Step 27200/30000 | R_avg = 0.990994 | norm = 0.990376
  Step 27250/30000 | R_avg = 0.991006 | norm = 0.990357
  Step 27300/30000 | R_avg = 0.991019 | norm = 0.990339
  Step 27350/30000 | R_avg = 0.990987 | norm = 0.99032
  Step 27400/30000 | R_avg = 0.991005 | norm = 0.990301
  Step 27450/30000 | R_avg = 0.990997 | norm = 0.990283
  Step 27500/30000 | R_avg = 0.990994 | norm = 0.990264
  Step 27550/30000 | R_avg = 0.990986 | norm = 0.990246
  Step 27600/30000 | R_avg = 0.990989 | norm = 0.990227
  Step 27650/30000 | R_avg = 0.990997 | norm = 0.990208
  Step 27700/30000 | R_avg = 0.990998 | norm = 0.99019
  Step 27750/30000 | R_avg = 0.991009 | norm = 0.990171
  Step 27800/30000 | R_avg = 0.990989 | norm = 0.990152
  Step 27850/30000 | R_avg = 0.991003 | norm = 0.990134
  Step 27900/30000 | R_avg = 0.990997 | norm = 0.990115
  Step 27950/30000 | R_avg = 0.991002 | norm = 0.990096
  Step 28000/30000 | R_avg = 0.991002 | norm = 0.990078
  Step 28050/30000 | R_avg = 0.990983 | norm = 0.990059
  Step 28100/30000 | R_avg = 0.990989 | norm = 0.99004
  Step 28150/30000 | R_avg = 0.991001 | norm = 0.990021
  Step 28200/30000 | R_avg = 0.991023 | norm = 0.990002
  Step 28250/30000 | R_avg = 0.990978 | norm = 0.989984
  Step 28300/30000 | R_avg = 0.990998 | norm = 0.989965
  Step 28350/30000 | R_avg = 0.991003 | norm = 0.989946
  Step 28400/30000 | R_avg = 0.990995 | norm = 0.989927
  Step 28450/30000 | R_avg = 0.99101 | norm = 0.989908
  Step 28500/30000 | R_avg = 0.990993 | norm = 0.989889
  Step 28550/30000 | R_avg = 0.991027 | norm = 0.98987
  Step 28600/30000 | R_avg = 0.991007 | norm = 0.989852
  Step 28650/30000 | R_avg = 0.990985 | norm = 0.989833
  Step 28700/30000 | R_avg = 0.991003 | norm = 0.989814
  Step 28750/30000 | R_avg = 0.990991 | norm = 0.989795
  Step 28800/30000 | R_avg = 0.991009 | norm = 0.989776
  Step 28850/30000 | R_avg = 0.990992 | norm = 0.989758
  Step 28900/30000 | R_avg = 0.991005 | norm = 0.989739
  Step 28950/30000 | R_avg = 0.990995 | norm = 0.98972
  Step 29000/30000 | R_avg = 0.991004 | norm = 0.989701
  Step 29050/30000 | R_avg = 0.990981 | norm = 0.989683
  Step 29100/30000 | R_avg = 0.990821 | norm = 0.989664
  Step 29150/30000 | R_avg = 0.990977 | norm = 0.989646
  Step 29200/30000 | R_avg = 0.991003 | norm = 0.989627
  Step 29250/30000 | R_avg = 0.991009 | norm = 0.989609
  Step 29300/30000 | R_avg = 0.991002 | norm = 0.98959
  Step 29350/30000 | R_avg = 0.991005 | norm = 0.989572
  Step 29400/30000 | R_avg = 0.990991 | norm = 0.989553
  Step 29450/30000 | R_avg = 0.990999 | norm = 0.989535
  Step 29500/30000 | R_avg = 0.991006 | norm = 0.989516
  Step 29550/30000 | R_avg = 0.991013 | norm = 0.989498
  Step 29600/30000 | R_avg = 0.99099 | norm = 0.98948
  Step 29650/30000 | R_avg = 0.991008 | norm = 0.989461
  Step 29700/30000 | R_avg = 0.990992 | norm = 0.989443
  Step 29750/30000 | R_avg = 0.990996 | norm = 0.989424
  Step 29800/30000 | R_avg = 0.990999 | norm = 0.989406
  Step 29850/30000 | R_avg = 0.991003 | norm = 0.989388
  Step 29900/30000 | R_avg = 0.990994 | norm = 0.98937
  Step 29950/30000 | R_avg = 0.991008 | norm = 0.989351

===== Global Validation =====
✗ Global validation FAILED:
  ✗ Probability Conservation: ||ψ||² = 0.989334 (drift: 1.06691% from initial 1) ✗ FAIL (exceeds tolerance 1%)
  ✓ Energy Conservation: E_total = 1.10339 (drift: 0.766931% from initial 1.11192) ✓ PASS
  ✓ Order Parameter Bounds: R ∈ [1, 1] ✓ PASS (within [0,1])
  ✓ Causality: v = |p|/E = 0.217741 (c = 1) ✓ PASS (v ≤ c)
  ✓ Numerical Stability: All fields finite ✓ PASS

===== Scenario 2.3: Relativistic Mass Validation =====
  Boost velocity: v = 0.3c
  Theoretical gamma: γ = 1.04828
✗ Scenario validation FAILED:
  ✓ 1. θ(x,y,t=0) shows vortex structure (W = ±1): Winding number W = 1 ✓ PASS (|W| ≈ 1)
  ✗ 3. R(x,y,t=0) shows core (R_min < 0.5): R_min = 1 ✗ FAIL (expect R_min < 0.5)
  ✗ 4. ψ(x,y,t=0) is Gaussian at offset position: Wavepacket variance = 5.90574e-08 ✗ FAIL (too uniform, not Gaussian)
  ✓ 5. ⟨p⟩(t=0) = γmv (within 5%): ⟨p⟩ = 0.307449 (expect 0.314485, error = 2.23741%) ✓ PASS
  ✓ 6. γ_measured(t=final) within 5% of theory: γ_measured = 1.08671 (γ_theory = 1.04828, error = 3.66542%) ✓ PASS
  Norm validation: max_error = 0.0106663 ✗ FAIL
  Energy validation: max_drift = 0.00846381 ✓ PASS
  Saved observables to /home/persist/neotec/0rigin/output/20251227_062516_geodesic_deviation_256x256_v0.3/N_10/observables.csv
Test failed for N=10

--- Testing with N=100 ---
  Vortex initialization (grid-independent):
    Domain size: 100 ℓ_P
    Grid spacing: 0.390625 ℓ_P
    Core radius: 5 ℓ_P (12.8 grid points)
    Center: (50, 50) ℓ_P
    Winding number: W = 1
  Dirac initialization (grid-independent):
    Position: (30, 50) ℓ_P
    Width: 2.5 ℓ_P
    Grid coordinates: (76.8, 128) grid units
    Grid width: 6.4 grid units
  Using Dirac solver (spinor field) with boosted initialization
    Background R (expected): 1
[SMFT] Boosted Gaussian initialization:
  Position: (76.8, 128) grid units
  Width: σ = 6.4 grid units
  Velocity: v = (0.3, 0)c
  |v| = 0.3c
  Lorentz factor: γ = 1.04828
  Rest mass: m₀ = Δ·R = 1 × 1 = 1 m_P
  Momentum: p = (0.314485, 0) m_P·c
  |p| = 0.314485 m_P·c
  Pre-normalization: ∫|Ψ|² = 257.358
  Normalization factor: 16.0424
[DiracEvolution] Initialized Gaussian wavepacket at (76.8, 128) with σ=6.4
  Final norm: ||Ψ||² = 0.999998
  Initial position: <r> = (76.8, 128)
✓ Boosted Gaussian initialized
[SMFTEngine] Boosted Dirac field initialized: center=(76.8,128), sigma=6.4, boost=(0.3,0)c, norm=0.999998, <r>=(76.8,128)
[DiracEvolution] Initialized 256x256 4-component spinor field (particle, β=1)
[SMFT] Boosted Gaussian initialization:
  Position: (76.8, 128) grid units
  Width: σ = 6.4 grid units
  Velocity: v = (0.3, 0)c
  |v| = 0.3c
  Lorentz factor: γ = 1.04828
  Rest mass: m₀ = Δ·R = 1 × 1 = 1 m_P
  Momentum: p = (0.314485, 0) m_P·c
  |p| = 0.314485 m_P·c
  Pre-normalization: ∫|Ψ|² = 257.358
  Normalization factor: 16.0424
[DiracEvolution] Initialized Gaussian wavepacket at (76.8, 128) with σ=6.4
  Final norm: ||Ψ||² = 0.999998
  Initial position: <r> = (76.8, 128)
✓ Boosted Gaussian initialized
  Initial energy E0 = 1.1175
  Initial norm = 1
  Saved spatial snapshot at t = 0 (step 0)
  Step 0/30000 | R_avg = 0.990995 | norm = 1
  Step 50/30000 | R_avg = 0.991014 | norm = 0.999988
  Step 100/30000 | R_avg = 0.990994 | norm = 0.999974
  Step 150/30000 | R_avg = 0.991013 | norm = 0.99996
  Step 200/30000 | R_avg = 0.990992 | norm = 0.999945
  Step 250/30000 | R_avg = 0.991016 | norm = 0.99993
  Step 300/30000 | R_avg = 0.991012 | norm = 0.999915
  Step 350/30000 | R_avg = 0.99099 | norm = 0.9999
  Step 400/30000 | R_avg = 0.990987 | norm = 0.999884
  Step 450/30000 | R_avg = 0.990993 | norm = 0.999869
  Step 500/30000 | R_avg = 0.991026 | norm = 0.999853
  Step 550/30000 | R_avg = 0.990998 | norm = 0.999837
  Step 600/30000 | R_avg = 0.990987 | norm = 0.999821
  Step 650/30000 | R_avg = 0.991006 | norm = 0.999805
  Step 700/30000 | R_avg = 0.991007 | norm = 0.999788
  Step 750/30000 | R_avg = 0.991006 | norm = 0.999772
  Step 800/30000 | R_avg = 0.991001 | norm = 0.999755
  Step 850/30000 | R_avg = 0.991002 | norm = 0.999738
  Step 900/30000 | R_avg = 0.991006 | norm = 0.999721
  Step 950/30000 | R_avg = 0.990995 | norm = 0.999704
  Step 1000/30000 | R_avg = 0.991004 | norm = 0.999687
  Step 1050/30000 | R_avg = 0.990992 | norm = 0.999669
  Step 1100/30000 | R_avg = 0.99101 | norm = 0.999652
  Step 1150/30000 | R_avg = 0.990998 | norm = 0.999634
  Step 1200/30000 | R_avg = 0.991006 | norm = 0.999616
  Step 1250/30000 | R_avg = 0.991001 | norm = 0.999598
  Step 1300/30000 | R_avg = 0.991002 | norm = 0.99958
  Step 1350/30000 | R_avg = 0.991006 | norm = 0.999562
  Step 1400/30000 | R_avg = 0.990995 | norm = 0.999544
  Step 1450/30000 | R_avg = 0.991004 | norm = 0.999525
  Step 1500/30000 | R_avg = 0.991003 | norm = 0.999506
  Step 1550/30000 | R_avg = 0.991002 | norm = 0.999488
  Step 1600/30000 | R_avg = 0.990996 | norm = 0.999469
  Step 1650/30000 | R_avg = 0.990997 | norm = 0.99945
  Step 1700/30000 | R_avg = 0.990998 | norm = 0.999431
