[Logging] Console output for 128x128 v=0.4c writing to: /home/persist/neotec/0rigin/output/20251226_120158_scenario_2.4A_velocity_threshold_128x128_v0.4/console.log

--- Testing with N=10 ---
  Vortex initialization (grid-independent):
    Domain size: 100 ℓ_P
    Grid spacing: 0.78125 ℓ_P
    Core radius: 3 ℓ_P (3.84 grid points)
    Center: (50, 50) ℓ_P
    Winding number: W = 1
  Dirac initialization (grid-independent):
    Position: (50, 50) ℓ_P
    Width: 3 ℓ_P
    Grid coordinates: (64, 64) grid units
    Grid width: 3.84 grid units
  Using Dirac solver (spinor field) with boosted initialization
    Background R (expected): 1
[DiracEvolution] Initialized 128x128 4-component spinor field (particle, β=1)
[SMFT] Boosted Gaussian initialization:
  Position: (64, 64) grid units
  Width: σ = 3.84 grid units
  Velocity: v = (0.4, 0)c
  |v| = 0.4c
  Lorentz factor: γ = 1.09109
  Rest mass: m₀ = Δ·R = 1 × 1 = 1 m_P
  Momentum: p = (0.436436, 0) m_P·c
  |p| = 0.436436 m_P·c
  Pre-normalization: ∫|Ψ|² = 92.6492
  Normalization factor: 9.62545
[DiracEvolution] Initialized Gaussian wavepacket at (64, 64) with σ=3.84
  Final norm: ||Ψ||² = 1
  Initial position: <r> = (64, 64)
✓ Boosted Gaussian initialized
[SMFTEngine] Boosted Dirac field initialized: center=(64,64), sigma=3.84, boost=(0.4,0)c, norm=1, <r>=(64,64)
[DiracEvolution] Initialized 128x128 4-component spinor field (particle, β=1)
[SMFT] Boosted Gaussian initialization:
  Position: (64, 64) grid units
  Width: σ = 3.84 grid units
  Velocity: v = (0.4, 0)c
  |v| = 0.4c
  Lorentz factor: γ = 1.09109
  Rest mass: m₀ = Δ·R = 1 × 1 = 1 m_P
  Momentum: p = (0.436436, 0) m_P·c
  |p| = 0.436436 m_P·c
  Pre-normalization: ∫|Ψ|² = 92.6492
  Normalization factor: 9.62545
[DiracEvolution] Initialized Gaussian wavepacket at (64, 64) with σ=3.84
  Final norm: ||Ψ||² = 1
  Initial position: <r> = (64, 64)
✓ Boosted Gaussian initialized
  Initial energy E0 = 1.23254
  Initial norm = 1
  Saved spatial snapshot at t = 0 (step 0)
  Step 0/10000 | R_avg = 0.983619 | norm = 1
  Step 100/10000 | R_avg = 0.983579 | norm = 0.999977
  Step 200/10000 | R_avg = 0.983616 | norm = 0.999953
  Step 300/10000 | R_avg = 0.983635 | norm = 0.999927
  Step 400/10000 | R_avg = 0.983638 | norm = 0.999901
  Step 500/10000 | R_avg = 0.983619 | norm = 0.999874
  Step 600/10000 | R_avg = 0.983604 | norm = 0.999846
  Step 700/10000 | R_avg = 0.983642 | norm = 0.999818
  Step 800/10000 | R_avg = 0.983644 | norm = 0.99979
  Step 900/10000 | R_avg = 0.983586 | norm = 0.999761
  Step 1000/10000 | R_avg = 0.98363 | norm = 0.999732
  Step 1100/10000 | R_avg = 0.983614 | norm = 0.999703
  Step 1200/10000 | R_avg = 0.98362 | norm = 0.999673
  Step 1300/10000 | R_avg = 0.983621 | norm = 0.999643
  Step 1400/10000 | R_avg = 0.983572 | norm = 0.999613
  Step 1500/10000 | R_avg = 0.983612 | norm = 0.999583
  Step 1600/10000 | R_avg = 0.983657 | norm = 0.999553
  Step 1700/10000 | R_avg = 0.983635 | norm = 0.999524
  Step 1800/10000 | R_avg = 0.983598 | norm = 0.999494
  Step 1900/10000 | R_avg = 0.983607 | norm = 0.999463
  Step 2000/10000 | R_avg = 0.983605 | norm = 0.999432
  Step 2100/10000 | R_avg = 0.983634 | norm = 0.999401
  Step 2200/10000 | R_avg = 0.983607 | norm = 0.999369
  Step 2300/10000 | R_avg = 0.983656 | norm = 0.999338
  Step 2400/10000 | R_avg = 0.983632 | norm = 0.999307
  Saved spatial snapshot at t = 25 (step 2500)
  Step 2500/10000 | R_avg = 0.983598 | norm = 0.999276
  Step 2600/10000 | R_avg = 0.983646 | norm = 0.999245
  Step 2700/10000 | R_avg = 0.983653 | norm = 0.999216
  Step 2800/10000 | R_avg = 0.98364 | norm = 0.999187
  Step 2900/10000 | R_avg = 0.983604 | norm = 0.999159
  Step 3000/10000 | R_avg = 0.983625 | norm = 0.999131
  Step 3100/10000 | R_avg = 0.983651 | norm = 0.999105
  Step 3200/10000 | R_avg = 0.983652 | norm = 0.99908
  Step 3300/10000 | R_avg = 0.983606 | norm = 0.999055
  Step 3400/10000 | R_avg = 0.983639 | norm = 0.99903
  Step 3500/10000 | R_avg = 0.983657 | norm = 0.999005
  Step 3600/10000 | R_avg = 0.983659 | norm = 0.998979
  Step 3700/10000 | R_avg = 0.983608 | norm = 0.998953
  Step 3800/10000 | R_avg = 0.983614 | norm = 0.998926
  Step 3900/10000 | R_avg = 0.983626 | norm = 0.998897
  Step 4000/10000 | R_avg = 0.983628 | norm = 0.998866
  Step 4100/10000 | R_avg = 0.983611 | norm = 0.998834
  Step 4200/10000 | R_avg = 0.983603 | norm = 0.998801
  Step 4300/10000 | R_avg = 0.983589 | norm = 0.998767
  Step 4400/10000 | R_avg = 0.983614 | norm = 0.998733
  Step 4500/10000 | R_avg = 0.982994 | norm = 0.998699
  Step 4600/10000 | R_avg = 0.983646 | norm = 0.998664
  Step 4700/10000 | R_avg = 0.983628 | norm = 0.998629
  Step 4800/10000 | R_avg = 0.983621 | norm = 0.998594
  Step 4900/10000 | R_avg = 0.983644 | norm = 0.99856
  Saved spatial snapshot at t = 50 (step 5000)
  Step 5000/10000 | R_avg = 0.98357 | norm = 0.998525
  Step 5100/10000 | R_avg = 0.983641 | norm = 0.99849
  Step 5200/10000 | R_avg = 0.983621 | norm = 0.998455
  Step 5300/10000 | R_avg = 0.98359 | norm = 0.99842
  Step 5400/10000 | R_avg = 0.983623 | norm = 0.998385
  Step 5500/10000 | R_avg = 0.983649 | norm = 0.99835
  Step 5600/10000 | R_avg = 0.983629 | norm = 0.998315
  Step 5700/10000 | R_avg = 0.983633 | norm = 0.99828
  Step 5800/10000 | R_avg = 0.983611 | norm = 0.998245
  Step 5900/10000 | R_avg = 0.983651 | norm = 0.998211
  Step 6000/10000 | R_avg = 0.983638 | norm = 0.998177
  Step 6100/10000 | R_avg = 0.983625 | norm = 0.998143
  Step 6200/10000 | R_avg = 0.983645 | norm = 0.99811
  Step 6300/10000 | R_avg = 0.983639 | norm = 0.998078
  Step 6400/10000 | R_avg = 0.983628 | norm = 0.998046
  Step 6500/10000 | R_avg = 0.983627 | norm = 0.998015
  Step 6600/10000 | R_avg = 0.983618 | norm = 0.997984
  Step 6700/10000 | R_avg = 0.983599 | norm = 0.997952
  Step 6800/10000 | R_avg = 0.983632 | norm = 0.997921
  Step 6900/10000 | R_avg = 0.983602 | norm = 0.997889
  Step 7000/10000 | R_avg = 0.983613 | norm = 0.997857
  Step 7100/10000 | R_avg = 0.983653 | norm = 0.997825
  Step 7200/10000 | R_avg = 0.983654 | norm = 0.997792
  Step 7300/10000 | R_avg = 0.983625 | norm = 0.997759
  Step 7400/10000 | R_avg = 0.98362 | norm = 0.997727
  Saved spatial snapshot at t = 75 (step 7500)
  Step 7500/10000 | R_avg = 0.983623 | norm = 0.997693
  Step 7600/10000 | R_avg = 0.983639 | norm = 0.99766
  Step 7700/10000 | R_avg = 0.98363 | norm = 0.997627
  Step 7800/10000 | R_avg = 0.983597 | norm = 0.997594
  Step 7900/10000 | R_avg = 0.983615 | norm = 0.997561
  Step 8000/10000 | R_avg = 0.983672 | norm = 0.997528
  Step 8100/10000 | R_avg = 0.983632 | norm = 0.997494
  Step 8200/10000 | R_avg = 0.983592 | norm = 0.997461
  Step 8300/10000 | R_avg = 0.983608 | norm = 0.997427
  Step 8400/10000 | R_avg = 0.983635 | norm = 0.997394
  Step 8500/10000 | R_avg = 0.983668 | norm = 0.99736
  Step 8600/10000 | R_avg = 0.983629 | norm = 0.997326
  Step 8700/10000 | R_avg = 0.983629 | norm = 0.997293
  Step 8800/10000 | R_avg = 0.983656 | norm = 0.99726
  Step 8900/10000 | R_avg = 0.983628 | norm = 0.997227
  Step 9000/10000 | R_avg = 0.983625 | norm = 0.997194
  Step 9100/10000 | R_avg = 0.98363 | norm = 0.997162
  Step 9200/10000 | R_avg = 0.98366 | norm = 0.997131
  Step 9300/10000 | R_avg = 0.983616 | norm = 0.9971
  Step 9400/10000 | R_avg = 0.983612 | norm = 0.99707
  Step 9500/10000 | R_avg = 0.983632 | norm = 0.99704
  Step 9600/10000 | R_avg = 0.983638 | norm = 0.997011
  Step 9700/10000 | R_avg = 0.983604 | norm = 0.996981
  Step 9800/10000 | R_avg = 0.983605 | norm = 0.996952
  Step 9900/10000 | R_avg = 0.983587 | norm = 0.996923

===== Global Validation =====
✓ Global validation PASSED
  ✓ Probability Conservation: ||ψ||² = 0.996894 (drift: 0.310722% from initial 1) ✓ PASS
  ✓ Energy Conservation: E_total = 1.18299 (drift: 2.93572% from initial 1.14925) ✓ PASS
  ✓ Order Parameter Bounds: R ∈ [1, 1] ✓ PASS (within [0,1])
  ✓ Causality: v = |p|/E = 0.256999 (c = 1) ✓ PASS (v ≤ c)
  ✓ Numerical Stability: All fields finite ✓ PASS

===== Scenario 2.3: Relativistic Mass Validation =====
  Boost velocity: v = 0.4c
  Theoretical gamma: γ = 1.09109
✗ Scenario validation FAILED:
  ✓ 1. θ(x,y,t=0) shows vortex structure (W = ±1): Winding number W = 1 ✓ PASS (|W| ≈ 1)
  ✗ 3. R(x,y,t=0) shows core (R_min < 0.5): R_min = 1 ✗ FAIL (expect R_min < 0.5)
  ✗ 4. ψ(x,y,t=0) is Gaussian at offset position: Wavepacket variance = 6.55052e-07 ✗ FAIL (too uniform, not Gaussian)
  ✓ 5. ⟨p⟩(t=0) = γmv (within 5%): ⟨p⟩ = 0.41545 (expect 0.436436, error = 4.80852%) ✓ PASS
  ✗ 6. γ_measured(t=final) within 5% of theory: γ_measured = 1.16229 (γ_theory = 1.09109, error = 6.52604%) ✗ FAIL (exceeds 5% tolerance)
  Norm validation: max_error = 0.00310632 ✓ PASS
  Energy validation: max_drift = 0.0348514 ✓ PASS
  Saved observables to /home/persist/neotec/0rigin/output/20251226_120158_scenario_2.4A_velocity_threshold_128x128_v0.4/N_10/observables.csv

--- Validating Convergence ---
✗ Convergence validation FAILED

========================================
Velocity: v=0.45c
========================================

Initializing engine for 128×128 grid, velocity v=0.45c...
[SMFTEngine] Resources cleanup delegated to component managers

[SMFTEngine] Physical Interpretation:
  Vacuum potential Δ = 1 (Planck mass in natural units)
  Synchronization field R(x) → Emergent spacetime metric
  Mass field m(x) = Δ·R(x) → Local energy density
  ∇R(x) → Gravitational field (not separate force)
  Grid: 128 x 128 oscillators

[SMFTEngine] Created GPU buffers for 128x128 grid
  Phase buffers: 65536 bytes each
  Spinor buffer: 524288 bytes
  Accumulator buffers: 65536 bytes each (operator splitting)
[SMFTEngine] Created compute pipelines
  ✓ Kuramoto pipeline
  ✓ Sync field pipeline
  ✓ Gravity field pipeline
  ✓ Stochastic Kuramoto pipeline
  ✓ Stochastic Dirac pipeline
  ✓ Accumulation pipeline (operator splitting)
Created experiment directory: /home/persist/neotec/0rigin/output/20251226_120329_scenario_2.4A_velocity_threshold_128x128_v0.4
[OutputManager] Created timestamped directory: /home/persist/neotec/0rigin/output/20251226_120329_scenario_2.4A_velocity_threshold_128x128_v0.4
