[Logging] Console output for 128x128 v=0.35c writing to: /home/persist/neotec/0rigin/output/20251224_030041_scenario_2.4A_velocity_threshold_128x128_v0.3/console.log

--- Testing with N=10 ---
  Vortex initialization (grid-independent):
    Domain size: 100 ℓ_P
    Grid spacing: 0.78125 ℓ_P
    Core radius: 3 ℓ_P (3.84 grid points)
    Center: (50, 50) ℓ_P
    Winding number: W = 1
  Dirac initialization (grid-independent):
    Position: (50, 50) ℓ_P
    Width: 3 ℓ_P
    Grid coordinates: (64, 64) grid units
    Grid width: 3.84 grid units
  Using Dirac solver (spinor field) with boosted initialization
    Background R (expected): 1
[DiracEvolution] Initialized 128x128 4-component spinor field
[SMFT] Boosted Gaussian initialization:
  Position: (64, 64) grid units
  Width: σ = 3.84 grid units
  Velocity: v = (0.35, 0)c
  |v| = 0.35c
  Lorentz factor: γ = 1.06752
  Rest mass: m₀ = Δ·R = 1 × 1 = 1 m_P
  Momentum: p = (0.373632, 0) m_P·c
  |p| = 0.373632 m_P·c
  Pre-normalization: ∫|Ψ|² = 92.6492
  Normalization factor: 9.62545
[DiracEvolution] Initialized Gaussian wavepacket at (64, 64) with σ=3.84
  Final norm: ||Ψ||² = 1
  Initial position: <r> = (64, 64)
✓ Boosted Gaussian initialized
[SMFTEngine] Boosted Dirac field initialized: center=(64,64), sigma=3.84, boost=(0.35,0)c, norm=1, <r>=(64,64)
[DiracEvolution] Initialized 128x128 4-component spinor field
[SMFT] Boosted Gaussian initialization:
  Position: (64, 64) grid units
  Width: σ = 3.84 grid units
  Velocity: v = (0.35, 0)c
  |v| = 0.35c
  Lorentz factor: γ = 1.06752
  Rest mass: m₀ = Δ·R = 1 × 1 = 1 m_P
  Momentum: p = (0.373632, 0) m_P·c
  |p| = 0.373632 m_P·c
  Pre-normalization: ∫|Ψ|² = 92.6492
  Normalization factor: 9.62545
[DiracEvolution] Initialized Gaussian wavepacket at (64, 64) with σ=3.84
  Final norm: ||Ψ||² = 1
  Initial position: <r> = (64, 64)
✓ Boosted Gaussian initialized
  Initial energy E0 = 0.190058
  Initial norm = 1
[stepWithDirac] Strang splitting enabled:
  substep_ratio=10
  substep_dt=0.001
  half_substeps=5
  remaining_substeps=5
  Saved spatial snapshot at t = 0 (step 0)
  Step 0/100 | R_avg = 0.983568 | norm = 1

===== Global Validation =====
✗ Global validation FAILED:
  ✓ Probability Conservation: ||ψ||² = 0.999977 (drift: 0.0024056% from initial 1) ✓ PASS
  ✗ Energy Conservation: E_total = 1.12421 (drift: 1.60293% from initial 1.10648) ✗ FAIL (exceeds tolerance 1%)
  ✓ Order Parameter Bounds: R ∈ [0, 0] ✓ PASS (within [0,1])
  ✓ Causality: v = |p|/E = 0.303649 (c = 1) ✓ PASS (v ≤ c)
  ✓ Numerical Stability: All fields finite ✓ PASS

===== Scenario 2.3: Relativistic Mass Validation =====
  Boost velocity: v = 0.35c
  Theoretical gamma: γ = 1.06752
✗ Scenario validation FAILED:
  ✓ 1. θ(x,y,t=0) shows vortex structure (W = ±1): Winding number W = 1 ✓ PASS (|W| ≈ 1)
  ✓ 3. R(x,y,t=0) shows core (R_min < 0.5): R_min = 0 ✓ PASS (< 0.5)
  ✗ 4. ψ(x,y,t=0) is Gaussian at offset position: Wavepacket variance = 6.55052e-07 ✗ FAIL (too uniform, not Gaussian)
  ✓ 5. ⟨p⟩(t=0) = γmv (within 5%): ⟨p⟩ = 0.358703 (expect 0.373632, error = 3.9957%) ✓ PASS
  ✓ 6. γ_measured(t=final) within 5% of theory: γ_measured = 1.08905 (γ_theory = 1.06752, error = 2.01637%) ✓ PASS
  Norm validation: max_error = 2.31957e-05 ✓ PASS
  Energy validation: max_drift = 0.0167673 ✗ FAIL
  Saved observables to /home/persist/neotec/0rigin/output/20251224_030041_scenario_2.4A_velocity_threshold_128x128_v0.3/N_10/observables.csv
Test failed for N=10

--- Validating Convergence ---
✗ Convergence validation FAILED
Tests failed for velocity 0.35

========================================
Velocity: v=0.4c
========================================

Initializing engine for 128×128 grid, velocity v=0.4c...
[SMFTEngine] Resources cleanup delegated to component managers

[SMFTEngine] Physical Interpretation:
  Vacuum potential Δ = 1 (Planck mass in natural units)
  Synchronization field R(x) → Emergent spacetime metric
  Mass field m(x) = Δ·R(x) → Local energy density
  ∇R(x) → Gravitational field (not separate force)
  Grid: 128 x 128 oscillators

[SMFTEngine] Created GPU buffers for 128x128 grid
  Phase buffers: 65536 bytes each
  Spinor buffer: 524288 bytes
  Accumulator buffers: 65536 bytes each (operator splitting)
[SMFTEngine] Created compute pipelines
  ✓ Kuramoto pipeline
  ✓ Sync field pipeline
  ✓ Gravity field pipeline
  ✓ Stochastic Kuramoto pipeline
  ✓ Stochastic Dirac pipeline
  ✓ Accumulation pipeline (operator splitting)
Created experiment directory: /home/persist/neotec/0rigin/output/20251224_030042_scenario_2.4A_velocity_threshold_128x128_v0.4
[OutputManager] Created timestamped directory: /home/persist/neotec/0rigin/output/20251224_030042_scenario_2.4A_velocity_threshold_128x128_v0.4
