[Logging] Console output for 128x128 v=0.6c writing to: /home/persist/neotec/0rigin/output/20251226_120807_scenario_2.4A_velocity_threshold_128x128_v0.6/console.log

--- Testing with N=10 ---
  Vortex initialization (grid-independent):
    Domain size: 100 ℓ_P
    Grid spacing: 0.78125 ℓ_P
    Core radius: 3 ℓ_P (3.84 grid points)
    Center: (50, 50) ℓ_P
    Winding number: W = 1
  Dirac initialization (grid-independent):
    Position: (50, 50) ℓ_P
    Width: 3 ℓ_P
    Grid coordinates: (64, 64) grid units
    Grid width: 3.84 grid units
  Using Dirac solver (spinor field) with boosted initialization
    Background R (expected): 1
[DiracEvolution] Initialized 128x128 4-component spinor field (particle, β=1)
[SMFT] Boosted Gaussian initialization:
  Position: (64, 64) grid units
  Width: σ = 3.84 grid units
  Velocity: v = (0.6, 0)c
  |v| = 0.6c
  Lorentz factor: γ = 1.25
  Rest mass: m₀ = Δ·R = 1 × 1 = 1 m_P
  Momentum: p = (0.75, 0) m_P·c
  |p| = 0.75 m_P·c
  Pre-normalization: ∫|Ψ|² = 92.6492
  Normalization factor: 9.62545
[DiracEvolution] Initialized Gaussian wavepacket at (64, 64) with σ=3.84
  Final norm: ||Ψ||² = 1
  Initial position: <r> = (64, 64)
✓ Boosted Gaussian initialized
[SMFTEngine] Boosted Dirac field initialized: center=(64,64), sigma=3.84, boost=(0.6,0)c, norm=1, <r>=(64,64)
[DiracEvolution] Initialized 128x128 4-component spinor field (particle, β=1)
[SMFT] Boosted Gaussian initialization:
  Position: (64, 64) grid units
  Width: σ = 3.84 grid units
  Velocity: v = (0.6, 0)c
  |v| = 0.6c
  Lorentz factor: γ = 1.25
  Rest mass: m₀ = Δ·R = 1 × 1 = 1 m_P
  Momentum: p = (0.75, 0) m_P·c
  |p| = 0.75 m_P·c
  Pre-normalization: ∫|Ψ|² = 92.6492
  Normalization factor: 9.62545
[DiracEvolution] Initialized Gaussian wavepacket at (64, 64) with σ=3.84
  Final norm: ||Ψ||² = 1
  Initial position: <r> = (64, 64)
✓ Boosted Gaussian initialized
  Initial energy E0 = 1.49974
  Initial norm = 1
  Saved spatial snapshot at t = 0 (step 0)
  Step 0/10000 | R_avg = 0.983648 | norm = 1
  Step 100/10000 | R_avg = 0.983629 | norm = 0.999978
  Step 200/10000 | R_avg = 0.98365 | norm = 0.999954
  Step 300/10000 | R_avg = 0.983602 | norm = 0.99993
  Step 400/10000 | R_avg = 0.983642 | norm = 0.999905
  Step 500/10000 | R_avg = 0.983623 | norm = 0.999879
  Step 600/10000 | R_avg = 0.983622 | norm = 0.999853
  Step 700/10000 | R_avg = 0.983665 | norm = 0.999826
  Step 800/10000 | R_avg = 0.983628 | norm = 0.999798
  Step 900/10000 | R_avg = 0.983625 | norm = 0.99977
  Step 1000/10000 | R_avg = 0.983572 | norm = 0.999742
  Step 1100/10000 | R_avg = 0.983587 | norm = 0.999714
  Step 1200/10000 | R_avg = 0.983603 | norm = 0.999686
  Step 1300/10000 | R_avg = 0.983616 | norm = 0.999657
  Step 1400/10000 | R_avg = 0.983639 | norm = 0.999629
  Step 1500/10000 | R_avg = 0.983606 | norm = 0.999601
  Step 1600/10000 | R_avg = 0.983587 | norm = 0.999573
  Step 1700/10000 | R_avg = 0.983626 | norm = 0.999545
  Step 1800/10000 | R_avg = 0.983648 | norm = 0.999516
  Step 1900/10000 | R_avg = 0.983629 | norm = 0.999488
  Step 2000/10000 | R_avg = 0.983608 | norm = 0.999458
  Step 2100/10000 | R_avg = 0.983649 | norm = 0.999428
  Step 2200/10000 | R_avg = 0.983608 | norm = 0.999398
  Step 2300/10000 | R_avg = 0.983619 | norm = 0.999368
  Step 2400/10000 | R_avg = 0.983597 | norm = 0.999337
  Saved spatial snapshot at t = 25 (step 2500)
  Step 2500/10000 | R_avg = 0.983604 | norm = 0.999307
  Step 2600/10000 | R_avg = 0.983642 | norm = 0.999278
  Step 2700/10000 | R_avg = 0.983623 | norm = 0.99925
  Step 2800/10000 | R_avg = 0.983599 | norm = 0.999222
  Step 2900/10000 | R_avg = 0.983633 | norm = 0.999196
  Step 3000/10000 | R_avg = 0.983625 | norm = 0.99917
  Step 3100/10000 | R_avg = 0.983603 | norm = 0.999146
  Step 3200/10000 | R_avg = 0.983615 | norm = 0.999123
  Step 3300/10000 | R_avg = 0.983618 | norm = 0.9991
  Step 3400/10000 | R_avg = 0.983631 | norm = 0.999077
  Step 3500/10000 | R_avg = 0.983606 | norm = 0.999053
  Step 3600/10000 | R_avg = 0.983626 | norm = 0.999029
  Step 3700/10000 | R_avg = 0.983657 | norm = 0.999005
  Step 3800/10000 | R_avg = 0.983637 | norm = 0.998978
  Step 3900/10000 | R_avg = 0.983639 | norm = 0.998951
  Step 4000/10000 | R_avg = 0.983617 | norm = 0.998921
  Step 4100/10000 | R_avg = 0.983626 | norm = 0.998889
  Step 4200/10000 | R_avg = 0.983622 | norm = 0.998857
  Step 4300/10000 | R_avg = 0.983618 | norm = 0.998824
  Step 4400/10000 | R_avg = 0.983649 | norm = 0.998789
  Step 4500/10000 | R_avg = 0.983637 | norm = 0.998755
  Step 4600/10000 | R_avg = 0.983622 | norm = 0.99872
  Step 4700/10000 | R_avg = 0.983641 | norm = 0.998686
  Step 4800/10000 | R_avg = 0.983638 | norm = 0.998651
  Step 4900/10000 | R_avg = 0.983641 | norm = 0.998617
  Saved spatial snapshot at t = 50 (step 5000)
  Step 5000/10000 | R_avg = 0.983615 | norm = 0.998582
  Step 5100/10000 | R_avg = 0.983597 | norm = 0.998548
  Step 5200/10000 | R_avg = 0.983631 | norm = 0.998514
  Step 5300/10000 | R_avg = 0.983596 | norm = 0.998479
  Step 5400/10000 | R_avg = 0.983643 | norm = 0.998444
  Step 5500/10000 | R_avg = 0.983592 | norm = 0.99841
  Step 5600/10000 | R_avg = 0.983586 | norm = 0.998375
  Step 5700/10000 | R_avg = 0.98363 | norm = 0.998341
  Step 5800/10000 | R_avg = 0.983611 | norm = 0.998307
  Step 5900/10000 | R_avg = 0.98359 | norm = 0.998273
  Step 6000/10000 | R_avg = 0.983636 | norm = 0.99824
  Step 6100/10000 | R_avg = 0.983621 | norm = 0.998207
  Step 6200/10000 | R_avg = 0.98364 | norm = 0.998175
  Step 6300/10000 | R_avg = 0.983645 | norm = 0.998144
  Step 6400/10000 | R_avg = 0.983601 | norm = 0.998114
  Step 6500/10000 | R_avg = 0.983571 | norm = 0.998084
  Step 6600/10000 | R_avg = 0.983618 | norm = 0.998053
  Step 6700/10000 | R_avg = 0.983628 | norm = 0.998023
  Step 6800/10000 | R_avg = 0.983661 | norm = 0.997992
  Step 6900/10000 | R_avg = 0.983585 | norm = 0.99796
  Step 7000/10000 | R_avg = 0.983594 | norm = 0.997928
  Step 7100/10000 | R_avg = 0.983636 | norm = 0.997895
  Step 7200/10000 | R_avg = 0.983671 | norm = 0.997862
  Step 7300/10000 | R_avg = 0.983613 | norm = 0.997829
  Step 7400/10000 | R_avg = 0.983609 | norm = 0.997795
  Saved spatial snapshot at t = 75 (step 7500)
  Step 7500/10000 | R_avg = 0.98362 | norm = 0.997762
  Step 7600/10000 | R_avg = 0.983623 | norm = 0.997728
  Step 7700/10000 | R_avg = 0.983637 | norm = 0.997694
  Step 7800/10000 | R_avg = 0.983634 | norm = 0.99766
  Step 7900/10000 | R_avg = 0.983639 | norm = 0.997627
  Step 8000/10000 | R_avg = 0.983618 | norm = 0.997593
  Step 8100/10000 | R_avg = 0.983649 | norm = 0.99756
  Step 8200/10000 | R_avg = 0.983599 | norm = 0.997526
  Step 8300/10000 | R_avg = 0.983634 | norm = 0.997492
  Step 8400/10000 | R_avg = 0.983658 | norm = 0.997458
  Step 8500/10000 | R_avg = 0.98359 | norm = 0.997424
  Step 8600/10000 | R_avg = 0.98364 | norm = 0.99739
  Step 8700/10000 | R_avg = 0.983596 | norm = 0.997356
  Step 8800/10000 | R_avg = 0.983593 | norm = 0.997322
  Step 8900/10000 | R_avg = 0.983623 | norm = 0.99729
  Step 9000/10000 | R_avg = 0.983586 | norm = 0.997258
  Step 9100/10000 | R_avg = 0.983596 | norm = 0.997227
  Step 9200/10000 | R_avg = 0.983651 | norm = 0.997197
  Step 9300/10000 | R_avg = 0.983642 | norm = 0.997167
  Step 9400/10000 | R_avg = 0.983666 | norm = 0.997139
  Step 9500/10000 | R_avg = 0.983615 | norm = 0.997111
  Step 9600/10000 | R_avg = 0.983644 | norm = 0.997084
  Step 9700/10000 | R_avg = 0.983659 | norm = 0.997058
  Step 9800/10000 | R_avg = 0.983612 | norm = 0.997031
  Step 9900/10000 | R_avg = 0.983644 | norm = 0.997004

===== Global Validation =====
✓ Global validation PASSED
  ✓ Probability Conservation: ||ψ||² = 0.996977 (drift: 0.302412% from initial 1) ✓ PASS
  ✓ Energy Conservation: E_total = 1.42666 (drift: 0.727856% from initial 1.41635) ✓ PASS
  ✓ Order Parameter Bounds: R ∈ [1, 1] ✓ PASS (within [0,1])
  ✓ Causality: v = |p|/E = 0.39833 (c = 1) ✓ PASS (v ≤ c)
  ✓ Numerical Stability: All fields finite ✓ PASS

===== Scenario 2.3: Relativistic Mass Validation =====
  Boost velocity: v = 0.6c
  Theoretical gamma: γ = 1.25
✗ Scenario validation FAILED:
  ✓ 1. θ(x,y,t=0) shows vortex structure (W = ±1): Winding number W = 1 ✓ PASS (|W| ≈ 1)
  ✗ 3. R(x,y,t=0) shows core (R_min < 0.5): R_min = 1 ✗ FAIL (expect R_min < 0.5)
  ✗ 4. ψ(x,y,t=0) is Gaussian at offset position: Wavepacket variance = 6.55052e-07 ✗ FAIL (too uniform, not Gaussian)
  ✗ 5. ⟨p⟩(t=0) = γmv (within 5%): ⟨p⟩ = 0.670054 (expect 0.75, error = 10.6595%) ✗ FAIL (exceeds 5% tolerance)
  ✗ 6. γ_measured(t=final) within 5% of theory: γ_measured = 1.33037 (γ_theory = 1.25, error = 6.42958%) ✗ FAIL (exceeds 5% tolerance)
  Norm validation: max_error = 0.00302317 ✓ PASS
  Energy validation: max_drift = 0.0108892 ✓ PASS
  Saved observables to /home/persist/neotec/0rigin/output/20251226_120807_scenario_2.4A_velocity_threshold_128x128_v0.6/N_10/observables.csv

--- Validating Convergence ---
✗ Convergence validation FAILED

========================================
Velocity: v=0.65c
========================================

Initializing engine for 128×128 grid, velocity v=0.65c...
[SMFTEngine] Resources cleanup delegated to component managers

[SMFTEngine] Physical Interpretation:
  Vacuum potential Δ = 1 (Planck mass in natural units)
  Synchronization field R(x) → Emergent spacetime metric
  Mass field m(x) = Δ·R(x) → Local energy density
  ∇R(x) → Gravitational field (not separate force)
  Grid: 128 x 128 oscillators

[SMFTEngine] Created GPU buffers for 128x128 grid
  Phase buffers: 65536 bytes each
  Spinor buffer: 524288 bytes
  Accumulator buffers: 65536 bytes each (operator splitting)
[SMFTEngine] Created compute pipelines
  ✓ Kuramoto pipeline
  ✓ Sync field pipeline
  ✓ Gravity field pipeline
  ✓ Stochastic Kuramoto pipeline
  ✓ Stochastic Dirac pipeline
  ✓ Accumulation pipeline (operator splitting)
Created experiment directory: /home/persist/neotec/0rigin/output/20251226_120939_scenario_2.4A_velocity_threshold_128x128_v0.6
[OutputManager] Created timestamped directory: /home/persist/neotec/0rigin/output/20251226_120939_scenario_2.4A_velocity_threshold_128x128_v0.6
