[Logging] Console output for 128x128 v=0.45c writing to: /home/persist/neotec/0rigin/output/20251226_120329_scenario_2.4A_velocity_threshold_128x128_v0.4/console.log

--- Testing with N=10 ---
  Vortex initialization (grid-independent):
    Domain size: 100 ℓ_P
    Grid spacing: 0.78125 ℓ_P
    Core radius: 3 ℓ_P (3.84 grid points)
    Center: (50, 50) ℓ_P
    Winding number: W = 1
  Dirac initialization (grid-independent):
    Position: (50, 50) ℓ_P
    Width: 3 ℓ_P
    Grid coordinates: (64, 64) grid units
    Grid width: 3.84 grid units
  Using Dirac solver (spinor field) with boosted initialization
    Background R (expected): 1
[DiracEvolution] Initialized 128x128 4-component spinor field (particle, β=1)
[SMFT] Boosted Gaussian initialization:
  Position: (64, 64) grid units
  Width: σ = 3.84 grid units
  Velocity: v = (0.45, 0)c
  |v| = 0.45c
  Lorentz factor: γ = 1.11979
  Rest mass: m₀ = Δ·R = 1 × 1 = 1 m_P
  Momentum: p = (0.503903, 0) m_P·c
  |p| = 0.503903 m_P·c
  Pre-normalization: ∫|Ψ|² = 92.6492
  Normalization factor: 9.62545
[DiracEvolution] Initialized Gaussian wavepacket at (64, 64) with σ=3.84
  Final norm: ||Ψ||² = 1
  Initial position: <r> = (64, 64)
✓ Boosted Gaussian initialized
[SMFTEngine] Boosted Dirac field initialized: center=(64,64), sigma=3.84, boost=(0.45,0)c, norm=1, <r>=(64,64)
[DiracEvolution] Initialized 128x128 4-component spinor field (particle, β=1)
[SMFT] Boosted Gaussian initialization:
  Position: (64, 64) grid units
  Width: σ = 3.84 grid units
  Velocity: v = (0.45, 0)c
  |v| = 0.45c
  Lorentz factor: γ = 1.11979
  Rest mass: m₀ = Δ·R = 1 × 1 = 1 m_P
  Momentum: p = (0.503903, 0) m_P·c
  |p| = 0.503903 m_P·c
  Pre-normalization: ∫|Ψ|² = 92.6492
  Normalization factor: 9.62545
[DiracEvolution] Initialized Gaussian wavepacket at (64, 64) with σ=3.84
  Final norm: ||Ψ||² = 1
  Initial position: <r> = (64, 64)
✓ Boosted Gaussian initialized
  Initial energy E0 = 1.28342
  Initial norm = 1
  Saved spatial snapshot at t = 0 (step 0)
  Step 0/10000 | R_avg = 0.983631 | norm = 1
  Step 100/10000 | R_avg = 0.983603 | norm = 0.999977
  Step 200/10000 | R_avg = 0.983659 | norm = 0.999953
  Step 300/10000 | R_avg = 0.983654 | norm = 0.999927
  Step 400/10000 | R_avg = 0.983577 | norm = 0.999901
  Step 500/10000 | R_avg = 0.983604 | norm = 0.999874
  Step 600/10000 | R_avg = 0.98366 | norm = 0.999847
  Step 700/10000 | R_avg = 0.983654 | norm = 0.999819
  Step 800/10000 | R_avg = 0.983633 | norm = 0.999791
  Step 900/10000 | R_avg = 0.983643 | norm = 0.999763
  Step 1000/10000 | R_avg = 0.98362 | norm = 0.999734
  Step 1100/10000 | R_avg = 0.983653 | norm = 0.999705
  Step 1200/10000 | R_avg = 0.983641 | norm = 0.999675
  Step 1300/10000 | R_avg = 0.98361 | norm = 0.999646
  Step 1400/10000 | R_avg = 0.983622 | norm = 0.999616
  Step 1500/10000 | R_avg = 0.983641 | norm = 0.999587
  Step 1600/10000 | R_avg = 0.983616 | norm = 0.999558
  Step 1700/10000 | R_avg = 0.983613 | norm = 0.999529
  Step 1800/10000 | R_avg = 0.983609 | norm = 0.999499
  Step 1900/10000 | R_avg = 0.983613 | norm = 0.999469
  Step 2000/10000 | R_avg = 0.983628 | norm = 0.999439
  Step 2100/10000 | R_avg = 0.983633 | norm = 0.999408
  Step 2200/10000 | R_avg = 0.983622 | norm = 0.999377
  Step 2300/10000 | R_avg = 0.983619 | norm = 0.999346
  Step 2400/10000 | R_avg = 0.98364 | norm = 0.999315
  Saved spatial snapshot at t = 25 (step 2500)
  Step 2500/10000 | R_avg = 0.983651 | norm = 0.999284
  Step 2600/10000 | R_avg = 0.983621 | norm = 0.999254
  Step 2700/10000 | R_avg = 0.983612 | norm = 0.999224
  Step 2800/10000 | R_avg = 0.9836 | norm = 0.999196
  Step 2900/10000 | R_avg = 0.983662 | norm = 0.999168
  Step 3000/10000 | R_avg = 0.983628 | norm = 0.999141
  Step 3100/10000 | R_avg = 0.98365 | norm = 0.999116
  Step 3200/10000 | R_avg = 0.983648 | norm = 0.999091
  Step 3300/10000 | R_avg = 0.983623 | norm = 0.999066
  Step 3400/10000 | R_avg = 0.983683 | norm = 0.999042
  Step 3500/10000 | R_avg = 0.983608 | norm = 0.999017
  Step 3600/10000 | R_avg = 0.98364 | norm = 0.998992
  Step 3700/10000 | R_avg = 0.983588 | norm = 0.998966
  Step 3800/10000 | R_avg = 0.983642 | norm = 0.998939
  Step 3900/10000 | R_avg = 0.98363 | norm = 0.99891
  Step 4000/10000 | R_avg = 0.983613 | norm = 0.99888
  Step 4100/10000 | R_avg = 0.983634 | norm = 0.998848
  Step 4200/10000 | R_avg = 0.983631 | norm = 0.998816
  Step 4300/10000 | R_avg = 0.983634 | norm = 0.998782
  Step 4400/10000 | R_avg = 0.983592 | norm = 0.998748
  Step 4500/10000 | R_avg = 0.983606 | norm = 0.998714
  Step 4600/10000 | R_avg = 0.983604 | norm = 0.998679
  Step 4700/10000 | R_avg = 0.983602 | norm = 0.998644
  Step 4800/10000 | R_avg = 0.983637 | norm = 0.998609
  Step 4900/10000 | R_avg = 0.983624 | norm = 0.998574
  Saved spatial snapshot at t = 50 (step 5000)
  Step 5000/10000 | R_avg = 0.9836 | norm = 0.99854
  Step 5100/10000 | R_avg = 0.983627 | norm = 0.998505
  Step 5200/10000 | R_avg = 0.983578 | norm = 0.99847
  Step 5300/10000 | R_avg = 0.983641 | norm = 0.998435
  Step 5400/10000 | R_avg = 0.983616 | norm = 0.9984
  Step 5500/10000 | R_avg = 0.983626 | norm = 0.998365
  Step 5600/10000 | R_avg = 0.983639 | norm = 0.998331
  Step 5700/10000 | R_avg = 0.983614 | norm = 0.998296
  Step 5800/10000 | R_avg = 0.983606 | norm = 0.998261
  Step 5900/10000 | R_avg = 0.983611 | norm = 0.998227
  Step 6000/10000 | R_avg = 0.98361 | norm = 0.998193
  Step 6100/10000 | R_avg = 0.983628 | norm = 0.99816
  Step 6200/10000 | R_avg = 0.983598 | norm = 0.998128
  Step 6300/10000 | R_avg = 0.9836 | norm = 0.998096
  Step 6400/10000 | R_avg = 0.98363 | norm = 0.998064
  Step 6500/10000 | R_avg = 0.983631 | norm = 0.998033
  Step 6600/10000 | R_avg = 0.98362 | norm = 0.998002
  Step 6700/10000 | R_avg = 0.983628 | norm = 0.997971
  Step 6800/10000 | R_avg = 0.983625 | norm = 0.99794
  Step 6900/10000 | R_avg = 0.983602 | norm = 0.997908
  Step 7000/10000 | R_avg = 0.98363 | norm = 0.997876
  Step 7100/10000 | R_avg = 0.983621 | norm = 0.997844
  Step 7200/10000 | R_avg = 0.983633 | norm = 0.997811
  Step 7300/10000 | R_avg = 0.98359 | norm = 0.997779
  Step 7400/10000 | R_avg = 0.983628 | norm = 0.997746
  Saved spatial snapshot at t = 75 (step 7500)
  Step 7500/10000 | R_avg = 0.983606 | norm = 0.997712
  Step 7600/10000 | R_avg = 0.983597 | norm = 0.997679
  Step 7700/10000 | R_avg = 0.983639 | norm = 0.997646
  Step 7800/10000 | R_avg = 0.983626 | norm = 0.997612
  Step 7900/10000 | R_avg = 0.983624 | norm = 0.997579
  Step 8000/10000 | R_avg = 0.983639 | norm = 0.997546
  Step 8100/10000 | R_avg = 0.983609 | norm = 0.997512
  Step 8200/10000 | R_avg = 0.983574 | norm = 0.997479
  Step 8300/10000 | R_avg = 0.983671 | norm = 0.997445
  Step 8400/10000 | R_avg = 0.983611 | norm = 0.997411
  Step 8500/10000 | R_avg = 0.983601 | norm = 0.997377
  Step 8600/10000 | R_avg = 0.983632 | norm = 0.997344
  Step 8700/10000 | R_avg = 0.983636 | norm = 0.99731
  Step 8800/10000 | R_avg = 0.983614 | norm = 0.997277
  Step 8900/10000 | R_avg = 0.983611 | norm = 0.997244
  Step 9000/10000 | R_avg = 0.983646 | norm = 0.997212
  Step 9100/10000 | R_avg = 0.983608 | norm = 0.99718
  Step 9200/10000 | R_avg = 0.983649 | norm = 0.997148
  Step 9300/10000 | R_avg = 0.983653 | norm = 0.997117
  Step 9400/10000 | R_avg = 0.983607 | norm = 0.997087
  Step 9500/10000 | R_avg = 0.983633 | norm = 0.997058
  Step 9600/10000 | R_avg = 0.983635 | norm = 0.997029
  Step 9700/10000 | R_avg = 0.983622 | norm = 0.997
  Step 9800/10000 | R_avg = 0.983625 | norm = 0.996971
  Step 9900/10000 | R_avg = 0.983639 | norm = 0.996942

===== Global Validation =====
✓ Global validation PASSED
  ✓ Probability Conservation: ||ψ||² = 0.996914 (drift: 0.308735% from initial 1) ✓ PASS
  ✓ Energy Conservation: E_total = 1.227 (drift: 2.13037% from initial 1.20141) ✓ PASS
  ✓ Order Parameter Bounds: R ∈ [1, 1] ✓ PASS (within [0,1])
  ✓ Causality: v = |p|/E = 0.294984 (c = 1) ✓ PASS (v ≤ c)
  ✓ Numerical Stability: All fields finite ✓ PASS

===== Scenario 2.3: Relativistic Mass Validation =====
  Boost velocity: v = 0.45c
  Theoretical gamma: γ = 1.11979
✗ Scenario validation FAILED:
  ✓ 1. θ(x,y,t=0) shows vortex structure (W = ±1): Winding number W = 1 ✓ PASS (|W| ≈ 1)
  ✗ 3. R(x,y,t=0) shows core (R_min < 0.5): R_min = 1 ✗ FAIL (expect R_min < 0.5)
  ✗ 4. ψ(x,y,t=0) is Gaussian at offset position: Wavepacket variance = 6.55052e-07 ✗ FAIL (too uniform, not Gaussian)
  ✗ 5. ⟨p⟩(t=0) = γmv (within 5%): ⟨p⟩ = 0.474579 (expect 0.503903, error = 5.81936%) ✗ FAIL (exceeds 5% tolerance)
  ✗ 6. γ_measured(t=final) within 5% of theory: γ_measured = 1.19192 (γ_theory = 1.11979, error = 6.44216%) ✗ FAIL (exceeds 5% tolerance)
  Norm validation: max_error = 0.00308648 ✓ PASS
  Energy validation: max_drift = 0.02606 ✓ PASS
  Saved observables to /home/persist/neotec/0rigin/output/20251226_120329_scenario_2.4A_velocity_threshold_128x128_v0.4/N_10/observables.csv

--- Validating Convergence ---
✗ Convergence validation FAILED

========================================
Velocity: v=0.5c
========================================

Initializing engine for 128×128 grid, velocity v=0.5c...
[SMFTEngine] Resources cleanup delegated to component managers

[SMFTEngine] Physical Interpretation:
  Vacuum potential Δ = 1 (Planck mass in natural units)
  Synchronization field R(x) → Emergent spacetime metric
  Mass field m(x) = Δ·R(x) → Local energy density
  ∇R(x) → Gravitational field (not separate force)
  Grid: 128 x 128 oscillators

[SMFTEngine] Created GPU buffers for 128x128 grid
  Phase buffers: 65536 bytes each
  Spinor buffer: 524288 bytes
  Accumulator buffers: 65536 bytes each (operator splitting)
[SMFTEngine] Created compute pipelines
  ✓ Kuramoto pipeline
  ✓ Sync field pipeline
  ✓ Gravity field pipeline
  ✓ Stochastic Kuramoto pipeline
  ✓ Stochastic Dirac pipeline
  ✓ Accumulation pipeline (operator splitting)
Created experiment directory: /home/persist/neotec/0rigin/output/20251226_120502_scenario_2.4A_velocity_threshold_128x128_v0.5
[OutputManager] Created timestamped directory: /home/persist/neotec/0rigin/output/20251226_120502_scenario_2.4A_velocity_threshold_128x128_v0.5
