[Logging] Console output for 64x64 v=0.5c writing to: /home/persist/neotec/0rigin/output/20251228_054247_em_coupling_disabled_regression_64x64_v0.5/console.log

--- Testing with N=1 ---
  Vortex initialization (grid-independent):
    Domain size: 100 ℓ_P
    Grid spacing: 1.5625 ℓ_P
    Core radius: 3 ℓ_P (1.92 grid points)
    Center: (50, 50) ℓ_P
    Winding number: W = 1
  Dirac initialization (grid-independent):
    Position: (60, 50) ℓ_P
    Width: 3 ℓ_P
    Grid coordinates: (38.4, 32) grid units
    Grid width: 1.92 grid units
  Using Dirac solver (spinor field) with boosted initialization
    Background R (expected): 1
[DiracEvolution] Initialized 64x64 4-component spinor field (particle, β=1)
[SMFT] Boosted Gaussian initialization:
  Position: (38.4, 32) grid units
  Width: σ = 1.92 grid units
  Velocity: v = (0.5, 0)c
  |v| = 0.5c
  Lorentz factor: γ = 1.1547
  Rest mass: m₀ = Δ·R = 1 × 1 = 1 m_P
  Momentum: p = (0.57735, 0) m_P·c
  |p| = 0.57735 m_P·c
  Pre-normalization: ∫|Ψ|² = 23.1623
  Normalization factor: 4.81273
[DiracEvolution] Initialized Gaussian wavepacket at (38.4, 32) with σ=1.92
  Final norm: ||Ψ||² = 1
  Initial position: <r> = (38.4, 32)
✓ Boosted Gaussian initialized
[SMFTEngine] Boosted Dirac field initialized: center=(38.4,32), sigma=1.92, boost=(0.5,0)c, norm=1, <r>=(38.4,32)
[DiracEvolution] Initialized 64x64 4-component spinor field (particle, β=1)
[SMFT] Boosted Gaussian initialization:
  Position: (38.4, 32) grid units
  Width: σ = 1.92 grid units
  Velocity: v = (0.5, 0)c
  |v| = 0.5c
  Lorentz factor: γ = 1.1547
  Rest mass: m₀ = Δ·R = 1 × 1 = 1 m_P
  Momentum: p = (0.57735, 0) m_P·c
  |p| = 0.57735 m_P·c
  Pre-normalization: ∫|Ψ|² = 23.1623
  Normalization factor: 4.81273
[DiracEvolution] Initialized Gaussian wavepacket at (38.4, 32) with σ=1.92
  Final norm: ||Ψ||² = 1
  Initial position: <r> = (38.4, 32)
✓ Boosted Gaussian initialized
  Initial energy E0 = 1.46471
  Initial norm = 1
  Saved spatial snapshot at t = 0 (step 0)
  Actual initial energy E0 = 1.4557 (from first observation including EM)
  Step 0/2000 | R_avg = 0.968161 | norm = 1
  Step 100/2000 | R_avg = 0.968121 | norm = 0.999973
  Step 200/2000 | R_avg = 0.968077 | norm = 0.999946
  Step 300/2000 | R_avg = 0.968105 | norm = 0.999919
  Step 400/2000 | R_avg = 0.968115 | norm = 0.999891
  Step 500/2000 | R_avg = 0.968179 | norm = 0.999863
  Step 600/2000 | R_avg = 0.968158 | norm = 0.999835
  Step 700/2000 | R_avg = 0.968144 | norm = 0.999806
  Step 800/2000 | R_avg = 0.968141 | norm = 0.999777
  Step 900/2000 | R_avg = 0.968136 | norm = 0.99975
  Step 1000/2000 | R_avg = 0.968066 | norm = 0.999723
  Step 1100/2000 | R_avg = 0.968127 | norm = 0.999696
  Step 1200/2000 | R_avg = 0.968183 | norm = 0.99967
  Step 1300/2000 | R_avg = 0.968133 | norm = 0.999642
  Step 1400/2000 | R_avg = 0.968037 | norm = 0.999614
  Step 1500/2000 | R_avg = 0.968215 | norm = 0.999585
  Step 1600/2000 | R_avg = 0.968133 | norm = 0.999555
  Step 1700/2000 | R_avg = 0.968126 | norm = 0.999525
  Step 1800/2000 | R_avg = 0.968256 | norm = 0.999494
  Step 1900/2000 | R_avg = 0.968125 | norm = 0.999464

===== Global Validation =====
✓ Global validation PASSED
  ✓ Probability Conservation: ||ψ||² = 0.999435 (drift: 0.0564837% from initial 1) ✓ PASS
  ✓ Energy Conservation: E_total = 1.45699 (drift: 0.0891324% from initial 1.4557) ✓ PASS
  ✓ Order Parameter Bounds: R ∈ [1, 1] ✓ PASS (within [0,1])
  ✓ Causality: v = |p|/E = 0.343973 (c = 1) ✓ PASS (v ≤ c)
  ✓ Numerical Stability: All fields finite ✓ PASS

===== Scenario 2.3: Relativistic Mass Validation =====
  Boost velocity: v = 0.5c
  Theoretical gamma: γ = 1.1547
✗ Scenario validation FAILED:
  ✓ 1. θ(x,y,t=0) shows vortex structure (W = ±1): Winding number W = 1 ✓ PASS (|W| ≈ 1)
  ✗ 3. R(x,y,t=0) shows core (R_min < 0.5): R_min = 1 ✗ FAIL (expect R_min < 0.5)
  ✓ 4. ψ(x,y,t=0) is Gaussian at offset position: Wavepacket variance = 1.04808e-05 ✓ PASS (localized)
  ✗ 5. ⟨p⟩(t=0) = γmv (within 5%): ⟨p⟩ = 0.510018 (expect 0.57735, error = 11.6623%) ✗ FAIL (exceeds 5% tolerance)
  ✗ 6. γ_measured(t=final) within 5% of theory: γ_measured = 1.41307 (γ_theory = 1.1547, error = 22.3757%) ✗ FAIL (exceeds 5% tolerance)
  Norm validation: max_error = 0.000565101 ✓ PASS
  Energy validation: max_drift = 0.000891324 ✓ PASS
  Saved observables to /home/persist/neotec/0rigin/output/20251228_054247_em_coupling_disabled_regression_64x64_v0.5/N_1/observables.csv

--- Testing with N=10 ---
  Vortex initialization (grid-independent):
    Domain size: 100 ℓ_P
    Grid spacing: 1.5625 ℓ_P
    Core radius: 3 ℓ_P (1.92 grid points)
    Center: (50, 50) ℓ_P
    Winding number: W = 1
  Dirac initialization (grid-independent):
    Position: (60, 50) ℓ_P
    Width: 3 ℓ_P
    Grid coordinates: (38.4, 32) grid units
    Grid width: 1.92 grid units
  Using Dirac solver (spinor field) with boosted initialization
    Background R (expected): 1
[SMFT] Boosted Gaussian initialization:
  Position: (38.4, 32) grid units
  Width: σ = 1.92 grid units
  Velocity: v = (0.5, 0)c
  |v| = 0.5c
  Lorentz factor: γ = 1.1547
  Rest mass: m₀ = Δ·R = 1 × 1 = 1 m_P
  Momentum: p = (0.57735, 0) m_P·c
  |p| = 0.57735 m_P·c
  Pre-normalization: ∫|Ψ|² = 23.1623
  Normalization factor: 4.81273
[DiracEvolution] Initialized Gaussian wavepacket at (38.4, 32) with σ=1.92
  Final norm: ||Ψ||² = 1
  Initial position: <r> = (38.4, 32)
✓ Boosted Gaussian initialized
[SMFTEngine] Boosted Dirac field initialized: center=(38.4,32), sigma=1.92, boost=(0.5,0)c, norm=1, <r>=(38.4,32)
[DiracEvolution] Initialized 64x64 4-component spinor field (particle, β=1)
[SMFT] Boosted Gaussian initialization:
  Position: (38.4, 32) grid units
  Width: σ = 1.92 grid units
  Velocity: v = (0.5, 0)c
  |v| = 0.5c
  Lorentz factor: γ = 1.1547
  Rest mass: m₀ = Δ·R = 1 × 1 = 1 m_P
  Momentum: p = (0.57735, 0) m_P·c
  |p| = 0.57735 m_P·c
  Pre-normalization: ∫|Ψ|² = 23.1623
  Normalization factor: 4.81273
[DiracEvolution] Initialized Gaussian wavepacket at (38.4, 32) with σ=1.92
  Final norm: ||Ψ||² = 1
  Initial position: <r> = (38.4, 32)
✓ Boosted Gaussian initialized
  Initial energy E0 = 1.46471
  Initial norm = 1
  Saved spatial snapshot at t = 0 (step 0)
  Actual initial energy E0 = 1.45567 (from first observation including EM)
  Step 0/2000 | R_avg = 0.968115 | norm = 1
  Step 100/2000 | R_avg = 0.968165 | norm = 0.999974
  Step 200/2000 | R_avg = 0.968119 | norm = 0.999946
  Step 300/2000 | R_avg = 0.968175 | norm = 0.999919
  Step 400/2000 | R_avg = 0.968151 | norm = 0.999891
  Step 500/2000 | R_avg = 0.968186 | norm = 0.999863
  Step 600/2000 | R_avg = 0.968147 | norm = 0.999834
  Step 700/2000 | R_avg = 0.968109 | norm = 0.999805
  Step 800/2000 | R_avg = 0.968182 | norm = 0.999777
  Step 900/2000 | R_avg = 0.968162 | norm = 0.99975
  Step 1000/2000 | R_avg = 0.968188 | norm = 0.999723
  Step 1100/2000 | R_avg = 0.968148 | norm = 0.999696
  Step 1200/2000 | R_avg = 0.968039 | norm = 0.99967
  Step 1300/2000 | R_avg = 0.968163 | norm = 0.999642
  Step 1400/2000 | R_avg = 0.96809 | norm = 0.999614
  Step 1500/2000 | R_avg = 0.968111 | norm = 0.999585
  Step 1600/2000 | R_avg = 0.968262 | norm = 0.999555
  Step 1700/2000 | R_avg = 0.968103 | norm = 0.999524
  Step 1800/2000 | R_avg = 0.968149 | norm = 0.999494
  Step 1900/2000 | R_avg = 0.968191 | norm = 0.999464

===== Global Validation =====
✓ Global validation PASSED
  ✓ Probability Conservation: ||ψ||² = 0.999435 (drift: 0.0564734% from initial 1) ✓ PASS
  ✓ Energy Conservation: E_total = 1.45702 (drift: 0.0923703% from initial 1.45567) ✓ PASS
  ✓ Order Parameter Bounds: R ∈ [1, 1] ✓ PASS (within [0,1])
  ✓ Causality: v = |p|/E = 0.344013 (c = 1) ✓ PASS (v ≤ c)
  ✓ Numerical Stability: All fields finite ✓ PASS

===== Scenario 2.3: Relativistic Mass Validation =====
  Boost velocity: v = 0.5c
  Theoretical gamma: γ = 1.1547
✗ Scenario validation FAILED:
  ✓ 1. θ(x,y,t=0) shows vortex structure (W = ±1): Winding number W = 1 ✓ PASS (|W| ≈ 1)
  ✗ 3. R(x,y,t=0) shows core (R_min < 0.5): R_min = 1 ✗ FAIL (expect R_min < 0.5)
  ✓ 4. ψ(x,y,t=0) is Gaussian at offset position: Wavepacket variance = 1.04808e-05 ✓ PASS (localized)
  ✗ 5. ⟨p⟩(t=0) = γmv (within 5%): ⟨p⟩ = 0.509994 (expect 0.57735, error = 11.6664%) ✗ FAIL (exceeds 5% tolerance)
  ✗ 6. γ_measured(t=final) within 5% of theory: γ_measured = 1.413 (γ_theory = 1.1547, error = 22.3692%) ✗ FAIL (exceeds 5% tolerance)
  Norm validation: max_error = 0.000564985 ✓ PASS
  Energy validation: max_drift = 0.000923703 ✓ PASS
  Saved observables to /home/persist/neotec/0rigin/output/20251228_054247_em_coupling_disabled_regression_64x64_v0.5/N_10/observables.csv

--- Testing with N=100 ---
  Vortex initialization (grid-independent):
    Domain size: 100 ℓ_P
    Grid spacing: 1.5625 ℓ_P
    Core radius: 3 ℓ_P (1.92 grid points)
    Center: (50, 50) ℓ_P
    Winding number: W = 1
  Dirac initialization (grid-independent):
    Position: (60, 50) ℓ_P
    Width: 3 ℓ_P
    Grid coordinates: (38.4, 32) grid units
    Grid width: 1.92 grid units
  Using Dirac solver (spinor field) with boosted initialization
    Background R (expected): 1
[SMFT] Boosted Gaussian initialization:
  Position: (38.4, 32) grid units
  Width: σ = 1.92 grid units
  Velocity: v = (0.5, 0)c
  |v| = 0.5c
  Lorentz factor: γ = 1.1547
  Rest mass: m₀ = Δ·R = 1 × 1 = 1 m_P
  Momentum: p = (0.57735, 0) m_P·c
  |p| = 0.57735 m_P·c
  Pre-normalization: ∫|Ψ|² = 23.1623
  Normalization factor: 4.81273
[DiracEvolution] Initialized Gaussian wavepacket at (38.4, 32) with σ=1.92
  Final norm: ||Ψ||² = 1
  Initial position: <r> = (38.4, 32)
✓ Boosted Gaussian initialized
[SMFTEngine] Boosted Dirac field initialized: center=(38.4,32), sigma=1.92, boost=(0.5,0)c, norm=1, <r>=(38.4,32)
[DiracEvolution] Initialized 64x64 4-component spinor field (particle, β=1)
[SMFT] Boosted Gaussian initialization:
  Position: (38.4, 32) grid units
  Width: σ = 1.92 grid units
  Velocity: v = (0.5, 0)c
  |v| = 0.5c
  Lorentz factor: γ = 1.1547
  Rest mass: m₀ = Δ·R = 1 × 1 = 1 m_P
  Momentum: p = (0.57735, 0) m_P·c
  |p| = 0.57735 m_P·c
  Pre-normalization: ∫|Ψ|² = 23.1623
  Normalization factor: 4.81273
[DiracEvolution] Initialized Gaussian wavepacket at (38.4, 32) with σ=1.92
  Final norm: ||Ψ||² = 1
  Initial position: <r> = (38.4, 32)
✓ Boosted Gaussian initialized
  Initial energy E0 = 1.46471
  Initial norm = 1
  Saved spatial snapshot at t = 0 (step 0)
  Actual initial energy E0 = 1.45567 (from first observation including EM)
  Step 0/2000 | R_avg = 0.968067 | norm = 1
  Step 100/2000 | R_avg = 0.968189 | norm = 0.999974
  Step 200/2000 | R_avg = 0.968078 | norm = 0.999947
  Step 300/2000 | R_avg = 0.968047 | norm = 0.999919
  Step 400/2000 | R_avg = 0.968043 | norm = 0.999891
  Step 500/2000 | R_avg = 0.968223 | norm = 0.999863
  Step 600/2000 | R_avg = 0.968122 | norm = 0.999834
  Step 700/2000 | R_avg = 0.968174 | norm = 0.999806
  Step 800/2000 | R_avg = 0.968084 | norm = 0.999778
  Step 900/2000 | R_avg = 0.968125 | norm = 0.999751
  Step 1000/2000 | R_avg = 0.968072 | norm = 0.999723
  Step 1100/2000 | R_avg = 0.96816 | norm = 0.999697
  Step 1200/2000 | R_avg = 0.968241 | norm = 0.99967
  Step 1300/2000 | R_avg = 0.968166 | norm = 0.999642
  Step 1400/2000 | R_avg = 0.968244 | norm = 0.999614
  Step 1500/2000 | R_avg = 0.968133 | norm = 0.999585
  Step 1600/2000 | R_avg = 0.96813 | norm = 0.999554
  Step 1700/2000 | R_avg = 0.968047 | norm = 0.999524
  Step 1800/2000 | R_avg = 0.968174 | norm = 0.999494
  Step 1900/2000 | R_avg = 0.968037 | norm = 0.999464

===== Global Validation =====
✓ Global validation PASSED
  ✓ Probability Conservation: ||ψ||² = 0.999434 (drift: 0.0565364% from initial 1) ✓ PASS
  ✓ Energy Conservation: E_total = 1.45699 (drift: 0.0901134% from initial 1.45567) ✓ PASS
  ✓ Order Parameter Bounds: R ∈ [1, 1] ✓ PASS (within [0,1])
  ✓ Causality: v = |p|/E = 0.343997 (c = 1) ✓ PASS (v ≤ c)
  ✓ Numerical Stability: All fields finite ✓ PASS

===== Scenario 2.3: Relativistic Mass Validation =====
  Boost velocity: v = 0.5c
  Theoretical gamma: γ = 1.1547
✗ Scenario validation FAILED:
  ✓ 1. θ(x,y,t=0) shows vortex structure (W = ±1): Winding number W = 1 ✓ PASS (|W| ≈ 1)
  ✗ 3. R(x,y,t=0) shows core (R_min < 0.5): R_min = 1 ✗ FAIL (expect R_min < 0.5)
  ✓ 4. ψ(x,y,t=0) is Gaussian at offset position: Wavepacket variance = 1.04808e-05 ✓ PASS (localized)
  ✗ 5. ⟨p⟩(t=0) = γmv (within 5%): ⟨p⟩ = 0.509994 (expect 0.57735, error = 11.6664%) ✗ FAIL (exceeds 5% tolerance)
  ✗ 6. γ_measured(t=final) within 5% of theory: γ_measured = 1.41302 (γ_theory = 1.1547, error = 22.3711%) ✗ FAIL (exceeds 5% tolerance)
  Norm validation: max_error = 0.000565622 ✓ PASS
  Energy validation: max_drift = 0.00264694 ✓ PASS
  Saved observables to /home/persist/neotec/0rigin/output/20251228_054247_em_coupling_disabled_regression_64x64_v0.5/N_100/observables.csv

--- Validating Convergence ---
✓ Convergence validation PASSED

===== Velocity Sweep Aggregate Analysis =====

Analyzing velocity sweep results...
Grid size: 64×64
Velocities tested: 3

=== Relativistic Gamma Comparison ===
Velocity | γ_theory | γ_measured | Error (%) | Status
---------|----------|------------|-----------|-------

=== Critical Velocity Analysis ===
✓ Critical velocity is within expected range (0.3c - 0.7c)

✓ Velocity sweep report saved to: /home/persist/neotec/0rigin/output/20251228_054247_em_coupling_disabled_regression_64x64_AGGREGATE/velocity_sweep_analysis.txt

[3/3] Generating report...

✓ Report saved to /home/persist/neotec/0rigin/output/20251228_054247_em_coupling_disabled_regression_64x64_v0.5/test_report.txt

===== Test Summary =====
✓ ALL TESTS PASSED

Validation criteria met:
  ✓ Norm conservation ||Ψ||² - 1 < 10⁻⁴
  ✓ Energy conservation |ΔE/E₀| < 1%
  ✓ Convergence between N ratios < 5%
