[Logging] Console output for 128x128 v=0.8c writing to: /home/persist/neotec/0rigin/output/20251224_171523_scenario_2.6A_energy_momentum_relation_128x128_v0.8/console.log

--- Testing with N=1 ---
  Dirac initialization (grid-independent):
    Position: (50, 50) ℓ_P
    Width: 3 ℓ_P
    Grid coordinates: (64, 64) grid units
    Grid width: 3.84 grid units
  Using Dirac solver (spinor field) with boosted initialization
    Background R (expected): 1
[DiracEvolution] Initialized 128x128 4-component spinor field (particle, β=1)
[SMFT] Boosted Gaussian initialization:
  Position: (64, 64) grid units
  Width: σ = 3.84 grid units
  Velocity: v = (0.8, 0)c
  |v| = 0.8c
  Lorentz factor: γ = 1.66667
  Rest mass: m₀ = Δ·R = 1 × 1 = 1 m_P
  Momentum: p = (1.33333, 0) m_P·c
  |p| = 1.33333 m_P·c
  Pre-normalization: ∫|Ψ|² = 92.6492
  Normalization factor: 9.62545
[DiracEvolution] Initialized Gaussian wavepacket at (64, 64) with σ=3.84
  Final norm: ||Ψ||² = 1
  Initial position: <r> = (64, 64)
✓ Boosted Gaussian initialized
[SMFTEngine] Boosted Dirac field initialized: center=(64,64), sigma=3.84, boost=(0.8,0)c, norm=1, <r>=(64,64)
[DiracEvolution] Initialized 128x128 4-component spinor field (particle, β=1)
[SMFT] Boosted Gaussian initialization:
  Position: (64, 64) grid units
  Width: σ = 3.84 grid units
  Velocity: v = (0.8, 0)c
  |v| = 0.8c
  Lorentz factor: γ = 1.66667
  Rest mass: m₀ = Δ·R = 1 × 1 = 1 m_P
  Momentum: p = (1.33333, 0) m_P·c
  |p| = 1.33333 m_P·c
  Pre-normalization: ∫|Ψ|² = 92.6492
  Normalization factor: 9.62545
[DiracEvolution] Initialized Gaussian wavepacket at (64, 64) with σ=3.84
  Final norm: ||Ψ||² = 1
  Initial position: <r> = (64, 64)
✓ Boosted Gaussian initialized
  Initial energy E0 = 0.948293
  Initial norm = 1
  Step 0/10000 | R_avg = 0.999944 | norm = 1
  Step 100/10000 | R_avg = 0.999758 | norm = 0.999977
  Step 200/10000 | R_avg = 0.999734 | norm = 0.999953
  Step 300/10000 | R_avg = 0.999754 | norm = 0.999929
  Step 400/10000 | R_avg = 0.999931 | norm = 0.999903
  Step 500/10000 | R_avg = 0.99995 | norm = 0.999877
  Step 600/10000 | R_avg = 0.999964 | norm = 0.99985
  Step 700/10000 | R_avg = 0.999943 | norm = 0.999823
  Step 800/10000 | R_avg = 0.999908 | norm = 0.999795
  Step 900/10000 | R_avg = 0.999746 | norm = 0.999767
  Step 1000/10000 | R_avg = 0.9999 | norm = 0.999739
  Step 1100/10000 | R_avg = 0.999912 | norm = 0.999711
  Step 1200/10000 | R_avg = 0.99991 | norm = 0.999683
  Step 1300/10000 | R_avg = 0.999924 | norm = 0.999655
  Step 1400/10000 | R_avg = 0.999915 | norm = 0.999627
  Step 1500/10000 | R_avg = 0.999866 | norm = 0.999599
  Step 1600/10000 | R_avg = 0.999907 | norm = 0.999571
  Step 1700/10000 | R_avg = 0.999756 | norm = 0.999544
  Step 1800/10000 | R_avg = 0.999765 | norm = 0.999516
  Step 1900/10000 | R_avg = 0.999801 | norm = 0.999488
  Step 2000/10000 | R_avg = 0.99991 | norm = 0.999459
  Step 2100/10000 | R_avg = 0.999869 | norm = 0.999431
  Step 2200/10000 | R_avg = 0.999816 | norm = 0.999402
  Step 2300/10000 | R_avg = 0.999763 | norm = 0.999373
  Step 2400/10000 | R_avg = 0.999735 | norm = 0.999344
  Step 2500/10000 | R_avg = 0.999754 | norm = 0.999316
  Step 2600/10000 | R_avg = 0.999904 | norm = 0.999287
  Step 2700/10000 | R_avg = 0.99992 | norm = 0.999259
  Step 2800/10000 | R_avg = 0.999909 | norm = 0.999231
  Step 2900/10000 | R_avg = 0.999759 | norm = 0.999204
  Step 3000/10000 | R_avg = 0.999914 | norm = 0.999178
  Step 3100/10000 | R_avg = 0.999752 | norm = 0.999152
  Step 3200/10000 | R_avg = 0.999771 | norm = 0.999127
  Step 3300/10000 | R_avg = 0.999906 | norm = 0.999102
  Step 3400/10000 | R_avg = 0.99988 | norm = 0.999077
  Step 3500/10000 | R_avg = 0.99991 | norm = 0.999051
  Step 3600/10000 | R_avg = 0.999749 | norm = 0.999023
  Step 3700/10000 | R_avg = 0.999912 | norm = 0.998996
  Step 3800/10000 | R_avg = 0.999922 | norm = 0.998967
  Step 3900/10000 | R_avg = 0.999754 | norm = 0.998938
  Step 4000/10000 | R_avg = 0.999882 | norm = 0.998908
  Step 4100/10000 | R_avg = 0.999756 | norm = 0.998879
  Step 4200/10000 | R_avg = 0.999757 | norm = 0.998849
  Step 4300/10000 | R_avg = 0.999919 | norm = 0.998819
  Step 4400/10000 | R_avg = 0.999747 | norm = 0.99879
  Step 4500/10000 | R_avg = 0.999904 | norm = 0.99876
  Step 4600/10000 | R_avg = 0.99974 | norm = 0.99873
  Step 4700/10000 | R_avg = 0.999747 | norm = 0.9987
  Step 4800/10000 | R_avg = 0.99976 | norm = 0.998671
  Step 4900/10000 | R_avg = 0.999936 | norm = 0.998642
  Step 5000/10000 | R_avg = 0.999954 | norm = 0.998613
  Step 5100/10000 | R_avg = 0.999955 | norm = 0.998583
  Step 5200/10000 | R_avg = 0.999856 | norm = 0.998553
  Step 5300/10000 | R_avg = 0.999767 | norm = 0.998523
  Step 5400/10000 | R_avg = 0.999766 | norm = 0.998493
  Step 5500/10000 | R_avg = 0.999764 | norm = 0.998463
  Step 5600/10000 | R_avg = 0.99976 | norm = 0.998433
  Step 5700/10000 | R_avg = 0.999849 | norm = 0.998403
  Step 5800/10000 | R_avg = 0.999759 | norm = 0.998373
  Step 5900/10000 | R_avg = 0.999801 | norm = 0.998343
  Step 6000/10000 | R_avg = 0.99975 | norm = 0.998314
  Step 6100/10000 | R_avg = 0.999755 | norm = 0.998285
  Step 6200/10000 | R_avg = 0.999801 | norm = 0.998258
  Step 6300/10000 | R_avg = 0.999745 | norm = 0.998231
  Step 6400/10000 | R_avg = 0.999772 | norm = 0.998205
  Step 6500/10000 | R_avg = 0.99977 | norm = 0.998178
  Step 6600/10000 | R_avg = 0.999767 | norm = 0.998152
  Step 6700/10000 | R_avg = 0.99976 | norm = 0.998125
  Step 6800/10000 | R_avg = 0.999757 | norm = 0.998097
  Step 6900/10000 | R_avg = 0.999764 | norm = 0.998069
  Step 7000/10000 | R_avg = 0.999748 | norm = 0.99804
  Step 7100/10000 | R_avg = 0.999751 | norm = 0.99801
  Step 7200/10000 | R_avg = 0.999759 | norm = 0.99798
  Step 7300/10000 | R_avg = 0.999851 | norm = 0.99795
  Step 7400/10000 | R_avg = 0.999754 | norm = 0.997919
  Step 7500/10000 | R_avg = 0.999746 | norm = 0.997889
  Step 7600/10000 | R_avg = 0.999753 | norm = 0.997858
  Step 7700/10000 | R_avg = 0.999753 | norm = 0.997827
  Step 7800/10000 | R_avg = 0.999756 | norm = 0.997796
  Step 7900/10000 | R_avg = 0.999801 | norm = 0.997766
  Step 8000/10000 | R_avg = 0.999836 | norm = 0.997736
  Step 8100/10000 | R_avg = 0.999906 | norm = 0.997706
  Step 8200/10000 | R_avg = 0.99981 | norm = 0.997676
  Step 8300/10000 | R_avg = 0.99986 | norm = 0.997646
  Step 8400/10000 | R_avg = 0.999764 | norm = 0.997615
  Step 8500/10000 | R_avg = 0.999909 | norm = 0.997584
  Step 8600/10000 | R_avg = 0.999851 | norm = 0.997553
  Step 8700/10000 | R_avg = 0.999856 | norm = 0.997522
  Step 8800/10000 | R_avg = 0.999849 | norm = 0.997491
  Step 8900/10000 | R_avg = 0.99993 | norm = 0.997461
  Step 9000/10000 | R_avg = 0.999846 | norm = 0.99743
  Step 9100/10000 | R_avg = 0.999822 | norm = 0.9974
  Step 9200/10000 | R_avg = 0.999758 | norm = 0.99737
  Step 9300/10000 | R_avg = 0.999903 | norm = 0.997341
  Step 9400/10000 | R_avg = 0.999803 | norm = 0.997312
  Step 9500/10000 | R_avg = 0.999853 | norm = 0.997285
  Step 9600/10000 | R_avg = 0.999824 | norm = 0.997258
  Step 9700/10000 | R_avg = 0.999918 | norm = 0.997231
  Step 9800/10000 | R_avg = 0.999924 | norm = 0.997203
  Step 9900/10000 | R_avg = 0.999849 | norm = 0.997176

===== Global Validation =====
✓ Global validation PASSED
  ✓ Probability Conservation: ||ψ||² = 0.997148 (drift: 0.285303% from initial 1) ✓ PASS
  ✓ Energy Conservation: E_total = 1.94187 (drift: 0.320554% from initial 1.94811) ✓ PASS
  ✓ Order Parameter Bounds: R ∈ [0, 0] ✓ PASS (within [0,1])
  ✓ Causality: v = |p|/E = 0.490578 (c = 1) ✓ PASS (v ≤ c)
  ✓ Numerical Stability: All fields finite ✓ PASS
  Norm validation: max_error = 0.00285213 ✓ PASS
  Energy validation: max_drift = 0.00324396 ✓ PASS
  Saved observables to /home/persist/neotec/0rigin/output/20251224_171523_scenario_2.6A_energy_momentum_relation_128x128_v0.8/N_1/observables.csv

--- Testing with N=10 ---
  Dirac initialization (grid-independent):
    Position: (50, 50) ℓ_P
    Width: 3 ℓ_P
    Grid coordinates: (64, 64) grid units
    Grid width: 3.84 grid units
  Using Dirac solver (spinor field) with boosted initialization
    Background R (expected): 1
[SMFT] Boosted Gaussian initialization:
  Position: (64, 64) grid units
  Width: σ = 3.84 grid units
  Velocity: v = (0.8, 0)c
  |v| = 0.8c
  Lorentz factor: γ = 1.66667
  Rest mass: m₀ = Δ·R = 1 × 1 = 1 m_P
  Momentum: p = (1.33333, 0) m_P·c
  |p| = 1.33333 m_P·c
  Pre-normalization: ∫|Ψ|² = 92.6492
  Normalization factor: 9.62545
[DiracEvolution] Initialized Gaussian wavepacket at (64, 64) with σ=3.84
  Final norm: ||Ψ||² = 1
  Initial position: <r> = (64, 64)
✓ Boosted Gaussian initialized
[SMFTEngine] Boosted Dirac field initialized: center=(64,64), sigma=3.84, boost=(0.8,0)c, norm=1, <r>=(64,64)
[DiracEvolution] Initialized 128x128 4-component spinor field (particle, β=1)
[SMFT] Boosted Gaussian initialization:
  Position: (64, 64) grid units
  Width: σ = 3.84 grid units
  Velocity: v = (0.8, 0)c
  |v| = 0.8c
  Lorentz factor: γ = 1.66667
  Rest mass: m₀ = Δ·R = 1 × 1 = 1 m_P
  Momentum: p = (1.33333, 0) m_P·c
  |p| = 1.33333 m_P·c
  Pre-normalization: ∫|Ψ|² = 92.6492
  Normalization factor: 9.62545
[DiracEvolution] Initialized Gaussian wavepacket at (64, 64) with σ=3.84
  Final norm: ||Ψ||² = 1
  Initial position: <r> = (64, 64)
✓ Boosted Gaussian initialized
  Initial energy E0 = 1.94662
  Initial norm = 1
  Step 0/10000 | R_avg = 0.999788 | norm = 1
  Step 100/10000 | R_avg = 0.999754 | norm = 0.999977
  Step 200/10000 | R_avg = 0.999926 | norm = 0.999953
  Step 300/10000 | R_avg = 0.999761 | norm = 0.999928
  Step 400/10000 | R_avg = 0.999905 | norm = 0.999903
  Step 500/10000 | R_avg = 0.999755 | norm = 0.999877
  Step 600/10000 | R_avg = 0.999774 | norm = 0.99985
  Step 700/10000 | R_avg = 0.999758 | norm = 0.999823
  Step 800/10000 | R_avg = 0.999903 | norm = 0.999795
  Step 900/10000 | R_avg = 0.999782 | norm = 0.999767
  Step 1000/10000 | R_avg = 0.999801 | norm = 0.999739
  Step 1100/10000 | R_avg = 0.999803 | norm = 0.999711
  Step 1200/10000 | R_avg = 0.999856 | norm = 0.999683
  Step 1300/10000 | R_avg = 0.999909 | norm = 0.999655
  Step 1400/10000 | R_avg = 0.999904 | norm = 0.999627
  Step 1500/10000 | R_avg = 0.999871 | norm = 0.999599
  Step 1600/10000 | R_avg = 0.999895 | norm = 0.999571
  Step 1700/10000 | R_avg = 0.999934 | norm = 0.999544
  Step 1800/10000 | R_avg = 0.999761 | norm = 0.999516
  Step 1900/10000 | R_avg = 0.999784 | norm = 0.999488
  Step 2000/10000 | R_avg = 0.999751 | norm = 0.99946
  Step 2100/10000 | R_avg = 0.999762 | norm = 0.999431
  Step 2200/10000 | R_avg = 0.999744 | norm = 0.999402
  Step 2300/10000 | R_avg = 0.999789 | norm = 0.999373
  Step 2400/10000 | R_avg = 0.999715 | norm = 0.999345
  Step 2500/10000 | R_avg = 0.999746 | norm = 0.999315
  Step 2600/10000 | R_avg = 0.999751 | norm = 0.999287
  Step 2700/10000 | R_avg = 0.999916 | norm = 0.999259
  Step 2800/10000 | R_avg = 0.999736 | norm = 0.999231
  Step 2900/10000 | R_avg = 0.999785 | norm = 0.999204
  Step 3000/10000 | R_avg = 0.999939 | norm = 0.999178
  Step 3100/10000 | R_avg = 0.999756 | norm = 0.999152
  Step 3200/10000 | R_avg = 0.999918 | norm = 0.999127
  Step 3300/10000 | R_avg = 0.999737 | norm = 0.999102
  Step 3400/10000 | R_avg = 0.999733 | norm = 0.999076
  Step 3500/10000 | R_avg = 0.999724 | norm = 0.99905
  Step 3600/10000 | R_avg = 0.999731 | norm = 0.999023
  Step 3700/10000 | R_avg = 0.999779 | norm = 0.998996
  Step 3800/10000 | R_avg = 0.999783 | norm = 0.998967
  Step 3900/10000 | R_avg = 0.999739 | norm = 0.998938
  Step 4000/10000 | R_avg = 0.999729 | norm = 0.998909
  Step 4100/10000 | R_avg = 0.999782 | norm = 0.998879
  Step 4200/10000 | R_avg = 0.999791 | norm = 0.998849
  Step 4300/10000 | R_avg = 0.999733 | norm = 0.99882
  Step 4400/10000 | R_avg = 0.999895 | norm = 0.99879
  Step 4500/10000 | R_avg = 0.999729 | norm = 0.99876
  Step 4600/10000 | R_avg = 0.999727 | norm = 0.99873
  Step 4700/10000 | R_avg = 0.999846 | norm = 0.998701
  Step 4800/10000 | R_avg = 0.999723 | norm = 0.998672
  Step 4900/10000 | R_avg = 0.999719 | norm = 0.998642
  Step 5000/10000 | R_avg = 0.999742 | norm = 0.998613
  Step 5100/10000 | R_avg = 0.999878 | norm = 0.998584
  Step 5200/10000 | R_avg = 0.999739 | norm = 0.998554
  Step 5300/10000 | R_avg = 0.999722 | norm = 0.998524
  Step 5400/10000 | R_avg = 0.999724 | norm = 0.998494
  Step 5500/10000 | R_avg = 0.999725 | norm = 0.998464
  Step 5600/10000 | R_avg = 0.99972 | norm = 0.998434
  Step 5700/10000 | R_avg = 0.999734 | norm = 0.998403
  Step 5800/10000 | R_avg = 0.999727 | norm = 0.998373
  Step 5900/10000 | R_avg = 0.99989 | norm = 0.998344
  Step 6000/10000 | R_avg = 0.999746 | norm = 0.998315
  Step 6100/10000 | R_avg = 0.999717 | norm = 0.998287
  Step 6200/10000 | R_avg = 0.999732 | norm = 0.998259
  Step 6300/10000 | R_avg = 0.999719 | norm = 0.998232
  Step 6400/10000 | R_avg = 0.999736 | norm = 0.998206
  Step 6500/10000 | R_avg = 0.999716 | norm = 0.99818
  Step 6600/10000 | R_avg = 0.999716 | norm = 0.998153
  Step 6700/10000 | R_avg = 0.999726 | norm = 0.998126
  Step 6800/10000 | R_avg = 0.999745 | norm = 0.998098
  Step 6900/10000 | R_avg = 0.999813 | norm = 0.99807
  Step 7000/10000 | R_avg = 0.99973 | norm = 0.99804
  Step 7100/10000 | R_avg = 0.999714 | norm = 0.998011
  Step 7200/10000 | R_avg = 0.999778 | norm = 0.99798
  Step 7300/10000 | R_avg = 0.999782 | norm = 0.99795
  Step 7400/10000 | R_avg = 0.999712 | norm = 0.997919
  Step 7500/10000 | R_avg = 0.999742 | norm = 0.997889
  Step 7600/10000 | R_avg = 0.999731 | norm = 0.997858
  Step 7700/10000 | R_avg = 0.99973 | norm = 0.997828
  Step 7800/10000 | R_avg = 0.999728 | norm = 0.997797
  Step 7900/10000 | R_avg = 0.999708 | norm = 0.997767
  Step 8000/10000 | R_avg = 0.999726 | norm = 0.997736
  Step 8100/10000 | R_avg = 0.999819 | norm = 0.997706
  Step 8200/10000 | R_avg = 0.99972 | norm = 0.997676
  Step 8300/10000 | R_avg = 0.99974 | norm = 0.997646
  Step 8400/10000 | R_avg = 0.999754 | norm = 0.997616
  Step 8500/10000 | R_avg = 0.999889 | norm = 0.997585
  Step 8600/10000 | R_avg = 0.99988 | norm = 0.997554
  Step 8700/10000 | R_avg = 0.999891 | norm = 0.997523
  Step 8800/10000 | R_avg = 0.999715 | norm = 0.997493
  Step 8900/10000 | R_avg = 0.999862 | norm = 0.997462
  Step 9000/10000 | R_avg = 0.999889 | norm = 0.997432
  Step 9100/10000 | R_avg = 0.99972 | norm = 0.997402
  Step 9200/10000 | R_avg = 0.999804 | norm = 0.997372
  Step 9300/10000 | R_avg = 0.999747 | norm = 0.997343
  Step 9400/10000 | R_avg = 0.999766 | norm = 0.997314
  Step 9500/10000 | R_avg = 0.999899 | norm = 0.997287
  Step 9600/10000 | R_avg = 0.999862 | norm = 0.997259
  Step 9700/10000 | R_avg = 0.999754 | norm = 0.997232
  Step 9800/10000 | R_avg = 0.999724 | norm = 0.997205
  Step 9900/10000 | R_avg = 0.999885 | norm = 0.997177

===== Global Validation =====
✓ Global validation PASSED
  ✓ Probability Conservation: ||ψ||² = 0.997149 (drift: 0.285139% from initial 1) ✓ PASS
  ✓ Energy Conservation: E_total = 1.94178 (drift: 0.266937% from initial 1.94697) ✓ PASS
  ✓ Order Parameter Bounds: R ∈ [0.953517, 1] ✓ PASS (within [0,1])
  ✓ Causality: v = |p|/E = 0.490514 (c = 1) ✓ PASS (v ≤ c)
  ✓ Numerical Stability: All fields finite ✓ PASS
  Norm validation: max_error = 0.00285055 ✓ PASS
  Energy validation: max_drift = 0.0028021 ✓ PASS
  Saved observables to /home/persist/neotec/0rigin/output/20251224_171523_scenario_2.6A_energy_momentum_relation_128x128_v0.8/N_10/observables.csv

--- Testing with N=100 ---
  Dirac initialization (grid-independent):
    Position: (50, 50) ℓ_P
    Width: 3 ℓ_P
    Grid coordinates: (64, 64) grid units
    Grid width: 3.84 grid units
  Using Dirac solver (spinor field) with boosted initialization
    Background R (expected): 1
[SMFT] Boosted Gaussian initialization:
  Position: (64, 64) grid units
  Width: σ = 3.84 grid units
  Velocity: v = (0.8, 0)c
  |v| = 0.8c
  Lorentz factor: γ = 1.66667
  Rest mass: m₀ = Δ·R = 1 × 1 = 1 m_P
  Momentum: p = (1.33333, 0) m_P·c
  |p| = 1.33333 m_P·c
  Pre-normalization: ∫|Ψ|² = 92.6492
  Normalization factor: 9.62545
[DiracEvolution] Initialized Gaussian wavepacket at (64, 64) with σ=3.84
  Final norm: ||Ψ||² = 1
  Initial position: <r> = (64, 64)
✓ Boosted Gaussian initialized
[SMFTEngine] Boosted Dirac field initialized: center=(64,64), sigma=3.84, boost=(0.8,0)c, norm=1, <r>=(64,64)
[DiracEvolution] Initialized 128x128 4-component spinor field (particle, β=1)
[SMFT] Boosted Gaussian initialization:
  Position: (64, 64) grid units
  Width: σ = 3.84 grid units
  Velocity: v = (0.8, 0)c
  |v| = 0.8c
  Lorentz factor: γ = 1.66667
  Rest mass: m₀ = Δ·R = 1 × 1 = 1 m_P
  Momentum: p = (1.33333, 0) m_P·c
  |p| = 1.33333 m_P·c
  Pre-normalization: ∫|Ψ|² = 92.6492
  Normalization factor: 9.62545
[DiracEvolution] Initialized Gaussian wavepacket at (64, 64) with σ=3.84
  Final norm: ||Ψ||² = 1
  Initial position: <r> = (64, 64)
✓ Boosted Gaussian initialized
  Initial energy E0 = 1.9474
  Initial norm = 1
  Step 0/10000 | R_avg = 0.999861 | norm = 1
  Step 100/10000 | R_avg = 0.999946 | norm = 0.999978
  Step 200/10000 | R_avg = 0.999748 | norm = 0.999953
  Step 300/10000 | R_avg = 0.999773 | norm = 0.999929
  Step 400/10000 | R_avg = 0.999782 | norm = 0.999904
  Step 500/10000 | R_avg = 0.999782 | norm = 0.999877
  Step 600/10000 | R_avg = 0.999789 | norm = 0.99985
  Step 700/10000 | R_avg = 0.999783 | norm = 0.999823
  Step 800/10000 | R_avg = 0.999736 | norm = 0.999795
  Step 900/10000 | R_avg = 0.999745 | norm = 0.999767
  Step 1000/10000 | R_avg = 0.999743 | norm = 0.99974
  Step 1100/10000 | R_avg = 0.99978 | norm = 0.999711
  Step 1200/10000 | R_avg = 0.999781 | norm = 0.999683
  Step 1300/10000 | R_avg = 0.999756 | norm = 0.999655
  Step 1400/10000 | R_avg = 0.999767 | norm = 0.999627
  Step 1500/10000 | R_avg = 0.99986 | norm = 0.9996
  Step 1600/10000 | R_avg = 0.999756 | norm = 0.999572
  Step 1700/10000 | R_avg = 0.999749 | norm = 0.999544
  Step 1800/10000 | R_avg = 0.999752 | norm = 0.999516
  Step 1900/10000 | R_avg = 0.999767 | norm = 0.999488
  Step 2000/10000 | R_avg = 0.999743 | norm = 0.99946
  Step 2100/10000 | R_avg = 0.999774 | norm = 0.999431
  Step 2200/10000 | R_avg = 0.999749 | norm = 0.999402
  Step 2300/10000 | R_avg = 0.999751 | norm = 0.999373
  Step 2400/10000 | R_avg = 0.999762 | norm = 0.999345
  Step 2500/10000 | R_avg = 0.999901 | norm = 0.999316
  Step 2600/10000 | R_avg = 0.999746 | norm = 0.999288
  Step 2700/10000 | R_avg = 0.999855 | norm = 0.99926
  Step 2800/10000 | R_avg = 0.999907 | norm = 0.999232
  Step 2900/10000 | R_avg = 0.999791 | norm = 0.999205
  Step 3000/10000 | R_avg = 0.999798 | norm = 0.999178
  Step 3100/10000 | R_avg = 0.999771 | norm = 0.999153
  Step 3200/10000 | R_avg = 0.999754 | norm = 0.999127
  Step 3300/10000 | R_avg = 0.999775 | norm = 0.999102
  Step 3400/10000 | R_avg = 0.999756 | norm = 0.999077
  Step 3500/10000 | R_avg = 0.999778 | norm = 0.999051
  Step 3600/10000 | R_avg = 0.999777 | norm = 0.999024
  Step 3700/10000 | R_avg = 0.999868 | norm = 0.998997
  Step 3800/10000 | R_avg = 0.999778 | norm = 0.998968
  Step 3900/10000 | R_avg = 0.999746 | norm = 0.998939
  Step 4000/10000 | R_avg = 0.999774 | norm = 0.99891
  Step 4100/10000 | R_avg = 0.999765 | norm = 0.998881
  Step 4200/10000 | R_avg = 0.999769 | norm = 0.998851
  Step 4300/10000 | R_avg = 0.999767 | norm = 0.998821
  Step 4400/10000 | R_avg = 0.999776 | norm = 0.998791
  Step 4500/10000 | R_avg = 0.999794 | norm = 0.998761
  Step 4600/10000 | R_avg = 0.999756 | norm = 0.998732
  Step 4700/10000 | R_avg = 0.999783 | norm = 0.998702
  Step 4800/10000 | R_avg = 0.999788 | norm = 0.998673
  Step 4900/10000 | R_avg = 0.999768 | norm = 0.998644
  Step 5000/10000 | R_avg = 0.999758 | norm = 0.998615
  Step 5100/10000 | R_avg = 0.999755 | norm = 0.998585
  Step 5200/10000 | R_avg = 0.999751 | norm = 0.998556
  Step 5300/10000 | R_avg = 0.999723 | norm = 0.998526
  Step 5400/10000 | R_avg = 0.999739 | norm = 0.998495
  Step 5500/10000 | R_avg = 0.999756 | norm = 0.998465
  Step 5600/10000 | R_avg = 0.999755 | norm = 0.998435
  Step 5700/10000 | R_avg = 0.999755 | norm = 0.998405
  Step 5800/10000 | R_avg = 0.99975 | norm = 0.998375
  Step 5900/10000 | R_avg = 0.99975 | norm = 0.998346
  Step 6000/10000 | R_avg = 0.999768 | norm = 0.998317
  Step 6100/10000 | R_avg = 0.999791 | norm = 0.998288
  Step 6200/10000 | R_avg = 0.999769 | norm = 0.998261
  Step 6300/10000 | R_avg = 0.999795 | norm = 0.998234
  Step 6400/10000 | R_avg = 0.999801 | norm = 0.998208
  Step 6500/10000 | R_avg = 0.999741 | norm = 0.998181
  Step 6600/10000 | R_avg = 0.99978 | norm = 0.998155
  Step 6700/10000 | R_avg = 0.999789 | norm = 0.998128
  Step 6800/10000 | R_avg = 0.999783 | norm = 0.9981
  Step 6900/10000 | R_avg = 0.999753 | norm = 0.998072
  Step 7000/10000 | R_avg = 0.999749 | norm = 0.998042
  Step 7100/10000 | R_avg = 0.999791 | norm = 0.998013
  Step 7200/10000 | R_avg = 0.99978 | norm = 0.997983
  Step 7300/10000 | R_avg = 0.99975 | norm = 0.997952
  Step 7400/10000 | R_avg = 0.999743 | norm = 0.997921
  Step 7500/10000 | R_avg = 0.99974 | norm = 0.997891
  Step 7600/10000 | R_avg = 0.999744 | norm = 0.99786
  Step 7700/10000 | R_avg = 0.999755 | norm = 0.99783
  Step 7800/10000 | R_avg = 0.999793 | norm = 0.997799
  Step 7900/10000 | R_avg = 0.999782 | norm = 0.997769
  Step 8000/10000 | R_avg = 0.999751 | norm = 0.997739
  Step 8100/10000 | R_avg = 0.999742 | norm = 0.997709
  Step 8200/10000 | R_avg = 0.999746 | norm = 0.997679
  Step 8300/10000 | R_avg = 0.999736 | norm = 0.997649
  Step 8400/10000 | R_avg = 0.99979 | norm = 0.997618
  Step 8500/10000 | R_avg = 0.99975 | norm = 0.997587
  Step 8600/10000 | R_avg = 0.999761 | norm = 0.997556
  Step 8700/10000 | R_avg = 0.999741 | norm = 0.997525
  Step 8800/10000 | R_avg = 0.999752 | norm = 0.997494
  Step 8900/10000 | R_avg = 0.999707 | norm = 0.997463
  Step 9000/10000 | R_avg = 0.999718 | norm = 0.997433
  Step 9100/10000 | R_avg = 0.999709 | norm = 0.997403
  Step 9200/10000 | R_avg = 0.999745 | norm = 0.997373
  Step 9300/10000 | R_avg = 0.999745 | norm = 0.997344
  Step 9400/10000 | R_avg = 0.999759 | norm = 0.997315
  Step 9500/10000 | R_avg = 0.999736 | norm = 0.997288
  Step 9600/10000 | R_avg = 0.99977 | norm = 0.99726
  Step 9700/10000 | R_avg = 0.999741 | norm = 0.997233
  Step 9800/10000 | R_avg = 0.999752 | norm = 0.997206
  Step 9900/10000 | R_avg = 0.999744 | norm = 0.997179

===== Global Validation =====
✓ Global validation PASSED
  ✓ Probability Conservation: ||ψ||² = 0.997151 (drift: 0.284957% from initial 1) ✓ PASS
  ✓ Energy Conservation: E_total = 1.94153 (drift: 0.281016% from initial 1.94701) ✓ PASS
  ✓ Order Parameter Bounds: R ∈ [0.953517, 1] ✓ PASS (within [0,1])
  ✓ Causality: v = |p|/E = 0.490518 (c = 1) ✓ PASS (v ≤ c)
  ✓ Numerical Stability: All fields finite ✓ PASS
  Norm validation: max_error = 0.00284872 ✓ PASS
  Energy validation: max_drift = 0.00295925 ✓ PASS
  Saved observables to /home/persist/neotec/0rigin/output/20251224_171523_scenario_2.6A_energy_momentum_relation_128x128_v0.8/N_100/observables.csv

--- Validating Convergence ---
✓ Convergence validation PASSED

========================================
Grid: 128×128 | Velocity: v=0.9c
========================================

Initializing engine for 128×128 grid, velocity v=0.9c...
[SMFTEngine] Resources cleanup delegated to component managers

[SMFTEngine] Physical Interpretation:
  Vacuum potential Δ = 1 (Planck mass in natural units)
  Synchronization field R(x) → Emergent spacetime metric
  Mass field m(x) = Δ·R(x) → Local energy density
  ∇R(x) → Gravitational field (not separate force)
  Grid: 128 x 128 oscillators

[SMFTEngine] Created GPU buffers for 128x128 grid
  Phase buffers: 65536 bytes each
  Spinor buffer: 524288 bytes
  Accumulator buffers: 65536 bytes each (operator splitting)
[SMFTEngine] Created compute pipelines
  ✓ Kuramoto pipeline
  ✓ Sync field pipeline
  ✓ Gravity field pipeline
  ✓ Stochastic Kuramoto pipeline
  ✓ Stochastic Dirac pipeline
  ✓ Accumulation pipeline (operator splitting)
Created experiment directory: /home/persist/neotec/0rigin/output/20251224_173304_scenario_2.6A_energy_momentum_relation_128x128_v0.9
[OutputManager] Created timestamped directory: /home/persist/neotec/0rigin/output/20251224_173304_scenario_2.6A_energy_momentum_relation_128x128_v0.9
