[Logging] Console output for 128x128 v=0.5c writing to: /home/persist/neotec/0rigin/output/20251226_120502_scenario_2.4A_velocity_threshold_128x128_v0.5/console.log

--- Testing with N=10 ---
  Vortex initialization (grid-independent):
    Domain size: 100 ℓ_P
    Grid spacing: 0.78125 ℓ_P
    Core radius: 3 ℓ_P (3.84 grid points)
    Center: (50, 50) ℓ_P
    Winding number: W = 1
  Dirac initialization (grid-independent):
    Position: (50, 50) ℓ_P
    Width: 3 ℓ_P
    Grid coordinates: (64, 64) grid units
    Grid width: 3.84 grid units
  Using Dirac solver (spinor field) with boosted initialization
    Background R (expected): 1
[DiracEvolution] Initialized 128x128 4-component spinor field (particle, β=1)
[SMFT] Boosted Gaussian initialization:
  Position: (64, 64) grid units
  Width: σ = 3.84 grid units
  Velocity: v = (0.5, 0)c
  |v| = 0.5c
  Lorentz factor: γ = 1.1547
  Rest mass: m₀ = Δ·R = 1 × 1 = 1 m_P
  Momentum: p = (0.57735, 0) m_P·c
  |p| = 0.57735 m_P·c
  Pre-normalization: ∫|Ψ|² = 92.6492
  Normalization factor: 9.62545
[DiracEvolution] Initialized Gaussian wavepacket at (64, 64) with σ=3.84
  Final norm: ||Ψ||² = 1
  Initial position: <r> = (64, 64)
✓ Boosted Gaussian initialized
[SMFTEngine] Boosted Dirac field initialized: center=(64,64), sigma=3.84, boost=(0.5,0)c, norm=1, <r>=(64,64)
[DiracEvolution] Initialized 128x128 4-component spinor field (particle, β=1)
[SMFT] Boosted Gaussian initialization:
  Position: (64, 64) grid units
  Width: σ = 3.84 grid units
  Velocity: v = (0.5, 0)c
  |v| = 0.5c
  Lorentz factor: γ = 1.1547
  Rest mass: m₀ = Δ·R = 1 × 1 = 1 m_P
  Momentum: p = (0.57735, 0) m_P·c
  |p| = 0.57735 m_P·c
  Pre-normalization: ∫|Ψ|² = 92.6492
  Normalization factor: 9.62545
[DiracEvolution] Initialized Gaussian wavepacket at (64, 64) with σ=3.84
  Final norm: ||Ψ||² = 1
  Initial position: <r> = (64, 64)
✓ Boosted Gaussian initialized
  Initial energy E0 = 1.34394
  Initial norm = 1
  Saved spatial snapshot at t = 0 (step 0)
  Step 0/10000 | R_avg = 0.983662 | norm = 1
  Step 100/10000 | R_avg = 0.983641 | norm = 0.999977
  Step 200/10000 | R_avg = 0.983661 | norm = 0.999953
  Step 300/10000 | R_avg = 0.983632 | norm = 0.999929
  Step 400/10000 | R_avg = 0.983586 | norm = 0.999903
  Step 500/10000 | R_avg = 0.983604 | norm = 0.999877
  Step 600/10000 | R_avg = 0.983632 | norm = 0.99985
  Step 700/10000 | R_avg = 0.983609 | norm = 0.999822
  Step 800/10000 | R_avg = 0.983635 | norm = 0.999794
  Step 900/10000 | R_avg = 0.983636 | norm = 0.999766
  Step 1000/10000 | R_avg = 0.983601 | norm = 0.999737
  Step 1100/10000 | R_avg = 0.983633 | norm = 0.999708
  Step 1200/10000 | R_avg = 0.983627 | norm = 0.999679
  Step 1300/10000 | R_avg = 0.983621 | norm = 0.999649
  Step 1400/10000 | R_avg = 0.983639 | norm = 0.99962
  Step 1500/10000 | R_avg = 0.983607 | norm = 0.999591
  Step 1600/10000 | R_avg = 0.983606 | norm = 0.999562
  Step 1700/10000 | R_avg = 0.983595 | norm = 0.999533
  Step 1800/10000 | R_avg = 0.983613 | norm = 0.999504
  Step 1900/10000 | R_avg = 0.983647 | norm = 0.999475
  Step 2000/10000 | R_avg = 0.983591 | norm = 0.999444
  Step 2100/10000 | R_avg = 0.983622 | norm = 0.999413
  Step 2200/10000 | R_avg = 0.983591 | norm = 0.999383
  Step 2300/10000 | R_avg = 0.983635 | norm = 0.999352
  Step 2400/10000 | R_avg = 0.983627 | norm = 0.999321
  Saved spatial snapshot at t = 25 (step 2500)
  Step 2500/10000 | R_avg = 0.983597 | norm = 0.999291
  Step 2600/10000 | R_avg = 0.98365 | norm = 0.99926
  Step 2700/10000 | R_avg = 0.983628 | norm = 0.999231
  Step 2800/10000 | R_avg = 0.983652 | norm = 0.999202
  Step 2900/10000 | R_avg = 0.983643 | norm = 0.999175
  Step 3000/10000 | R_avg = 0.983614 | norm = 0.999148
  Step 3100/10000 | R_avg = 0.983632 | norm = 0.999123
  Step 3200/10000 | R_avg = 0.983609 | norm = 0.999098
  Step 3300/10000 | R_avg = 0.983639 | norm = 0.999074
  Step 3400/10000 | R_avg = 0.983599 | norm = 0.99905
  Step 3500/10000 | R_avg = 0.98362 | norm = 0.999026
  Step 3600/10000 | R_avg = 0.983612 | norm = 0.999002
  Step 3700/10000 | R_avg = 0.983605 | norm = 0.998976
  Step 3800/10000 | R_avg = 0.983628 | norm = 0.998949
  Step 3900/10000 | R_avg = 0.983595 | norm = 0.998921
  Step 4000/10000 | R_avg = 0.983597 | norm = 0.99889
  Step 4100/10000 | R_avg = 0.983657 | norm = 0.998859
  Step 4200/10000 | R_avg = 0.983605 | norm = 0.998826
  Step 4300/10000 | R_avg = 0.983639 | norm = 0.998792
  Step 4400/10000 | R_avg = 0.98362 | norm = 0.998757
  Step 4500/10000 | R_avg = 0.983605 | norm = 0.998723
  Step 4600/10000 | R_avg = 0.983653 | norm = 0.998688
  Step 4700/10000 | R_avg = 0.983636 | norm = 0.998653
  Step 4800/10000 | R_avg = 0.983691 | norm = 0.998617
  Step 4900/10000 | R_avg = 0.983635 | norm = 0.998583
  Saved spatial snapshot at t = 50 (step 5000)
  Step 5000/10000 | R_avg = 0.98366 | norm = 0.998548
  Step 5100/10000 | R_avg = 0.98362 | norm = 0.998513
  Step 5200/10000 | R_avg = 0.98363 | norm = 0.998478
  Step 5300/10000 | R_avg = 0.983638 | norm = 0.998443
  Step 5400/10000 | R_avg = 0.983645 | norm = 0.998408
  Step 5500/10000 | R_avg = 0.983623 | norm = 0.998373
  Step 5600/10000 | R_avg = 0.983607 | norm = 0.998339
  Step 5700/10000 | R_avg = 0.983643 | norm = 0.998304
  Step 5800/10000 | R_avg = 0.983613 | norm = 0.99827
  Step 5900/10000 | R_avg = 0.983621 | norm = 0.998236
  Step 6000/10000 | R_avg = 0.983662 | norm = 0.998202
  Step 6100/10000 | R_avg = 0.983623 | norm = 0.998169
  Step 6200/10000 | R_avg = 0.983648 | norm = 0.998137
  Step 6300/10000 | R_avg = 0.983651 | norm = 0.998105
  Step 6400/10000 | R_avg = 0.983649 | norm = 0.998074
  Step 6500/10000 | R_avg = 0.983639 | norm = 0.998043
  Step 6600/10000 | R_avg = 0.983613 | norm = 0.998013
  Step 6700/10000 | R_avg = 0.98364 | norm = 0.997982
  Step 6800/10000 | R_avg = 0.983614 | norm = 0.997951
  Step 6900/10000 | R_avg = 0.983598 | norm = 0.997919
  Step 7000/10000 | R_avg = 0.983647 | norm = 0.997887
  Step 7100/10000 | R_avg = 0.983647 | norm = 0.997855
  Step 7200/10000 | R_avg = 0.983631 | norm = 0.997822
  Step 7300/10000 | R_avg = 0.983609 | norm = 0.997789
  Step 7400/10000 | R_avg = 0.983624 | norm = 0.997756
  Saved spatial snapshot at t = 75 (step 7500)
  Step 7500/10000 | R_avg = 0.983631 | norm = 0.997722
  Step 7600/10000 | R_avg = 0.983638 | norm = 0.997689
  Step 7700/10000 | R_avg = 0.983638 | norm = 0.997656
  Step 7800/10000 | R_avg = 0.983601 | norm = 0.997622
  Step 7900/10000 | R_avg = 0.983608 | norm = 0.997588
  Step 8000/10000 | R_avg = 0.98361 | norm = 0.997555
  Step 8100/10000 | R_avg = 0.98363 | norm = 0.997522
  Step 8200/10000 | R_avg = 0.983594 | norm = 0.997488
  Step 8300/10000 | R_avg = 0.983616 | norm = 0.997454
  Step 8400/10000 | R_avg = 0.983623 | norm = 0.99742
  Step 8500/10000 | R_avg = 0.98364 | norm = 0.997386
  Step 8600/10000 | R_avg = 0.983616 | norm = 0.997352
  Step 8700/10000 | R_avg = 0.983606 | norm = 0.997319
  Step 8800/10000 | R_avg = 0.983621 | norm = 0.997285
  Step 8900/10000 | R_avg = 0.983619 | norm = 0.997252
  Step 9000/10000 | R_avg = 0.983623 | norm = 0.99722
  Step 9100/10000 | R_avg = 0.983591 | norm = 0.997188
  Step 9200/10000 | R_avg = 0.98361 | norm = 0.997157
  Step 9300/10000 | R_avg = 0.983679 | norm = 0.997126
  Step 9400/10000 | R_avg = 0.983626 | norm = 0.997097
  Step 9500/10000 | R_avg = 0.983611 | norm = 0.997068
  Step 9600/10000 | R_avg = 0.983605 | norm = 0.997039
  Step 9700/10000 | R_avg = 0.983612 | norm = 0.997011
  Step 9800/10000 | R_avg = 0.983631 | norm = 0.996983
  Step 9900/10000 | R_avg = 0.983621 | norm = 0.996955

===== Global Validation =====
✓ Global validation PASSED
  ✓ Probability Conservation: ||ψ||² = 0.996927 (drift: 0.307426% from initial 1) ✓ PASS
  ✓ Energy Conservation: E_total = 1.2811 (drift: 1.56891% from initial 1.26131) ✓ PASS
  ✓ Order Parameter Bounds: R ∈ [1, 1] ✓ PASS (within [0,1])
  ✓ Causality: v = |p|/E = 0.33251 (c = 1) ✓ PASS (v ≤ c)
  ✓ Numerical Stability: All fields finite ✓ PASS

===== Scenario 2.3: Relativistic Mass Validation =====
  Boost velocity: v = 0.5c
  Theoretical gamma: γ = 1.1547
✗ Scenario validation FAILED:
  ✓ 1. θ(x,y,t=0) shows vortex structure (W = ±1): Winding number W = 1 ✓ PASS (|W| ≈ 1)
  ✗ 3. R(x,y,t=0) shows core (R_min < 0.5): R_min = 1 ✗ FAIL (expect R_min < 0.5)
  ✗ 4. ψ(x,y,t=0) is Gaussian at offset position: Wavepacket variance = 6.55052e-07 ✗ FAIL (too uniform, not Gaussian)
  ✗ 5. ⟨p⟩(t=0) = γmv (within 5%): ⟨p⟩ = 0.536486 (expect 0.57735, error = 7.07795%) ✗ FAIL (exceeds 5% tolerance)
  ✗ 6. γ_measured(t=final) within 5% of theory: γ_measured = 1.2283 (γ_theory = 1.1547, error = 6.374%) ✗ FAIL (exceeds 5% tolerance)
  Norm validation: max_error = 0.0030734 ✓ PASS
  Energy validation: max_drift = 0.0196636 ✓ PASS
  Saved observables to /home/persist/neotec/0rigin/output/20251226_120502_scenario_2.4A_velocity_threshold_128x128_v0.5/N_10/observables.csv

--- Validating Convergence ---
✗ Convergence validation FAILED

========================================
Velocity: v=0.55c
========================================

Initializing engine for 128×128 grid, velocity v=0.55c...
[SMFTEngine] Resources cleanup delegated to component managers

[SMFTEngine] Physical Interpretation:
  Vacuum potential Δ = 1 (Planck mass in natural units)
  Synchronization field R(x) → Emergent spacetime metric
  Mass field m(x) = Δ·R(x) → Local energy density
  ∇R(x) → Gravitational field (not separate force)
  Grid: 128 x 128 oscillators

[SMFTEngine] Created GPU buffers for 128x128 grid
  Phase buffers: 65536 bytes each
  Spinor buffer: 524288 bytes
  Accumulator buffers: 65536 bytes each (operator splitting)
[SMFTEngine] Created compute pipelines
  ✓ Kuramoto pipeline
  ✓ Sync field pipeline
  ✓ Gravity field pipeline
  ✓ Stochastic Kuramoto pipeline
  ✓ Stochastic Dirac pipeline
  ✓ Accumulation pipeline (operator splitting)
Created experiment directory: /home/persist/neotec/0rigin/output/20251226_120635_scenario_2.4A_velocity_threshold_128x128_v0.6
[OutputManager] Created timestamped directory: /home/persist/neotec/0rigin/output/20251226_120635_scenario_2.4A_velocity_threshold_128x128_v0.6
