[Logging] Console output for 512x512 v=0.9c writing to: /home/persist/neotec/0rigin/output/20251226_201728_scenario_2.4C_ultra_relativistic_512x512_v0.9/console.log

--- Testing with N=10 ---
  Vortex initialization (grid-independent):
    Domain size: 100 ℓ_P
    Grid spacing: 0.195312 ℓ_P
    Core radius: 3 ℓ_P (15.36 grid points)
    Center: (50, 50) ℓ_P
    Winding number: W = 1
  Dirac initialization (grid-independent):
    Position: (50, 50) ℓ_P
    Width: 3 ℓ_P
    Grid coordinates: (256, 256) grid units
    Grid width: 15.36 grid units
  Using Dirac solver (spinor field) with boosted initialization
    Background R (expected): 1
[DiracEvolution] Initialized 512x512 4-component spinor field (particle, β=1)
[SMFT] Boosted Gaussian initialization:
  Position: (256, 256) grid units
  Width: σ = 15.36 grid units
  Velocity: v = (0.9, 0)c
  |v| = 0.9c
  Lorentz factor: γ = 2.29416
  Rest mass: m₀ = Δ·R = 1 × 1 = 1 m_P
  Momentum: p = (2.06474, 0) m_P·c
  |p| = 2.06474 m_P·c
  Pre-normalization: ∫|Ψ|² = 1482.38
  Normalization factor: 38.5017
[DiracEvolution] Initialized Gaussian wavepacket at (256, 256) with σ=15.36
  Final norm: ||Ψ||² = 0.999982
  Initial position: <r> = (255.999, 255.998)
✓ Boosted Gaussian initialized
[SMFTEngine] Boosted Dirac field initialized: center=(256,256), sigma=15.36, boost=(0.9,0)c, norm=0.999982, <r>=(255.999,255.998)
[DiracEvolution] Initialized 512x512 4-component spinor field (particle, β=1)
[SMFT] Boosted Gaussian initialization:
  Position: (256, 256) grid units
  Width: σ = 15.36 grid units
  Velocity: v = (0.9, 0)c
  |v| = 0.9c
  Lorentz factor: γ = 2.29416
  Rest mass: m₀ = Δ·R = 1 × 1 = 1 m_P
  Momentum: p = (2.06474, 0) m_P·c
  |p| = 2.06474 m_P·c
  Pre-normalization: ∫|Ψ|² = 1482.38
  Normalization factor: 38.5017
[DiracEvolution] Initialized Gaussian wavepacket at (256, 256) with σ=15.36
  Final norm: ||Ψ||² = 0.999982
  Initial position: <r> = (255.999, 255.998)
✓ Boosted Gaussian initialized
  Initial energy E0 = 1.77619
  Initial norm = 1.00001
  Saved spatial snapshot at t = 0 (step 0)
  Step 0/10000 | R_avg = 0.994673 | norm = 1.00001
  Step 200/10000 | R_avg = 0.994438 | norm = 0.999926
  Step 400/10000 | R_avg = 0.99467 | norm = 0.999845
  Step 600/10000 | R_avg = 0.994673 | norm = 0.999765
  Step 800/10000 | R_avg = 0.994651 | norm = 0.999686
  Step 1000/10000 | R_avg = 0.994662 | norm = 0.999608
  Step 1200/10000 | R_avg = 0.994632 | norm = 0.99953
  Step 1400/10000 | R_avg = 0.994648 | norm = 0.999454
  Step 1600/10000 | R_avg = 0.994465 | norm = 0.999377
  Step 1800/10000 | R_avg = 0.994662 | norm = 0.999301
  Step 2000/10000 | R_avg = 0.99454 | norm = 0.999225
  Step 2200/10000 | R_avg = 0.994658 | norm = 0.999149
  Step 2400/10000 | R_avg = 0.994657 | norm = 0.999074
  Saved spatial snapshot at t = 12.5 (step 2500)
  Step 2600/10000 | R_avg = 0.994647 | norm = 0.998998
  Step 2800/10000 | R_avg = 0.994627 | norm = 0.998921
  Step 3000/10000 | R_avg = 0.994482 | norm = 0.998845
  Step 3200/10000 | R_avg = 0.994631 | norm = 0.998767
  Step 3400/10000 | R_avg = 0.994568 | norm = 0.998689
  Step 3600/10000 | R_avg = 0.994661 | norm = 0.99861
  Step 3800/10000 | R_avg = 0.994644 | norm = 0.998531
  Step 4000/10000 | R_avg = 0.994584 | norm = 0.99845
  Step 4200/10000 | R_avg = 0.994646 | norm = 0.998368
  Step 4400/10000 | R_avg = 0.994653 | norm = 0.998286
  Step 4600/10000 | R_avg = 0.994682 | norm = 0.998202
  Step 4800/10000 | R_avg = 0.994567 | norm = 0.998117
  Saved spatial snapshot at t = 25 (step 5000)
  Step 5000/10000 | R_avg = 0.994646 | norm = 0.998032
  Step 5200/10000 | R_avg = 0.994466 | norm = 0.997945
  Step 5400/10000 | R_avg = 0.994506 | norm = 0.997857
  Step 5600/10000 | R_avg = 0.99466 | norm = 0.997767
  Step 5800/10000 | R_avg = 0.99465 | norm = 0.997676
  Step 6000/10000 | R_avg = 0.994657 | norm = 0.997583
  Step 6200/10000 | R_avg = 0.994645 | norm = 0.997489
  Step 6400/10000 | R_avg = 0.994663 | norm = 0.997394
  Step 6600/10000 | R_avg = 0.994645 | norm = 0.997297
  Step 6800/10000 | R_avg = 0.994691 | norm = 0.9972
  Step 7000/10000 | R_avg = 0.994611 | norm = 0.997101
  Step 7200/10000 | R_avg = 0.994478 | norm = 0.997002
  Step 7400/10000 | R_avg = 0.994664 | norm = 0.996902
  Saved spatial snapshot at t = 37.5 (step 7500)
  Step 7600/10000 | R_avg = 0.99443 | norm = 0.996801
  Step 7800/10000 | R_avg = 0.994637 | norm = 0.996699
  Step 8000/10000 | R_avg = 0.99447 | norm = 0.996597
  Step 8200/10000 | R_avg = 0.994557 | norm = 0.996493
  Step 8400/10000 | R_avg = 0.994429 | norm = 0.99639
  Step 8600/10000 | R_avg = 0.994477 | norm = 0.996286
  Step 8800/10000 | R_avg = 0.994439 | norm = 0.996182
  Step 9000/10000 | R_avg = 0.994531 | norm = 0.996077
  Step 9200/10000 | R_avg = 0.994641 | norm = 0.995972
  Step 9400/10000 | R_avg = 0.994667 | norm = 0.995867
  Step 9600/10000 | R_avg = 0.994657 | norm = 0.995762
  Step 9800/10000 | R_avg = 0.994448 | norm = 0.995656
  Saved spatial snapshot at t = 49.995 (step 9999)

===== Global Validation =====
✗ Global validation FAILED:
  ✓ Probability Conservation: ||ψ||² = 0.995551 (drift: 0.445659% from initial 1.00001) ✓ PASS
  ✗ Energy Conservation: E_total = 1.80769 (drift: 2.63749% from initial 1.76124) ✗ FAIL (exceeds tolerance 2%)
  ✓ Order Parameter Bounds: R ∈ [1, 1] ✓ PASS (within [0,1])
  ✓ Causality: v = |p|/E = 0.488182 (c = 1) ✓ PASS (v ≤ c)
  ✓ Numerical Stability: All fields finite ✓ PASS

===== Scenario 2.3: Relativistic Mass Validation =====
  Boost velocity: v = 0.9c
  Theoretical gamma: γ = 2.29416
✗ Scenario validation FAILED:
  ✓ 1. θ(x,y,t=0) shows vortex structure (W = ±1): Winding number W = 1 ✓ PASS (|W| ≈ 1)
  ✗ 3. R(x,y,t=0) shows core (R_min < 0.5): R_min = 1 ✗ FAIL (expect R_min < 0.5)
  ✗ 4. ψ(x,y,t=0) is Gaussian at offset position: Wavepacket variance = 2.55883e-09 ✗ FAIL (too uniform, not Gaussian)
  ✗ 5. ⟨p⟩(t=0) = γmv (within 5%): ⟨p⟩ = 0.879546 (expect 2.06474, error = 57.4016%) ✗ FAIL (exceeds 5% tolerance)
  ✗ 6. γ_measured(t=final) within 5% of theory: γ_measured = 1.58653 (γ_theory = 2.29416, error = 30.8447%) ✗ FAIL (exceeds 5% tolerance)
  Norm validation: max_error = 0.00444916 ✓ PASS
  Energy validation: max_drift = 0.0279547 ✗ FAIL
  Saved observables to /home/persist/neotec/0rigin/output/20251226_201728_scenario_2.4C_ultra_relativistic_512x512_v0.9/N_10/observables.csv
Test failed for N=10

--- Validating Convergence ---
✗ Convergence validation FAILED
Tests failed for velocity 0.9

===== Velocity Sweep Aggregate Analysis =====

Analyzing velocity sweep results...
Grid size: 512×512
Velocities tested: 3

=== Relativistic Gamma Comparison ===
Velocity | γ_theory | γ_measured | Error (%) | Status
---------|----------|------------|-----------|-------

=== Critical Velocity Analysis ===
✓ High critical velocity (>0.7c) - good relativistic accuracy

✓ Velocity sweep report saved to: /home/persist/neotec/0rigin/output/20251226_201728_scenario_2.4C_ultra_relativistic_512x512_AGGREGATE/velocity_sweep_analysis.txt

[3/3] Generating report...

✓ Report saved to /home/persist/neotec/0rigin/output/20251226_201728_scenario_2.4C_ultra_relativistic_512x512_v0.9/test_report.txt

===== Test Summary =====
✗ TESTS FAILED

Some validation criteria not met.
Check test report for details.
