[Logging] Console output for 128x128 writing to: /home/persist/neotec/0rigin/output/20251226_015604_scenario_2.5A_klein_gordon_comparison_v0.7/console.log

--- Testing with N=10 ---
[DEBUG] solver_type = 'klein_gordon', use_klein_gordon = 1
  Dirac initialization (grid-independent):
    Position: (50, 50) ℓ_P
    Width: 3 ℓ_P
    Grid coordinates: (64, 64) grid units
    Grid width: 3.84 grid units
  Using Klein-Gordon solver (scalar field) with boosted initialization
    Background R (expected): 1
[KleinGordonEvolution] Initialized 128x128 scalar field
[SMFT] Boosted Gaussian initialization (Klein-Gordon):
  Position: (64, 64) grid units
  Width: σ = 3.84 grid units
  Velocity: v = (0.7, 0)c
  |v| = 0.7c
  Lorentz factor: γ = 1.40028
  Rest mass: m₀ = Δ·R = 1 × 1 = 1 m_P
  Momentum: p = (0.980196, 0) m_P·c
  |p| = 0.980196 m_P·c
  Energy: ω = 1.40028 m_P·c²
[KleinGordonEvolution] Initialized Gaussian wavepacket at (64, 64) with σ=3.84
  Final norm: ||φ||² = 1
  Initial position: <r> = (64, 64)
✓ Boosted Gaussian initialized (Klein-Gordon)
[SMFTEngine] Boosted Klein-Gordon field initialized: center=(64,64), sigma=3.84, boost=(0.7,0)c, norm=1, <r>=(64,64)
[DiracEvolution] Initialized 128x128 4-component spinor field (particle, β=1)
[DEBUG] Computing Klein-Gordon initial observables...
[DEBUG KG Native] E_native = 3.98939, KE_native = 2.98939, PE_native = 1
[DEBUG KE_KG] Nx=128, Ny=128, dx=1, T=1.96079, sample phi_dot[0]=(0,0)
[DEBUG PE_KG] Starting computation: Nx=128, Ny=128, sample phi[0]=(0,0)
[DEBUG ObsComputer] E0 = 3.67103, KE = 1.96079, PE = 1.71024
  Initial energy E0 = 3.67103
  Initial norm = 1
[stepWithDirac] Strang splitting enabled:
  substep_ratio=10
  substep_dt=0.001
  half_substeps=5
  remaining_substeps=5
  Saved spatial snapshot at t = 0 (step 0)
[DEBUG KE_KG] Nx=128, Ny=128, dx=1, T=1.96042, sample phi_dot[0]=(7.10472e-11,-7.02118e-09)
[DEBUG PE_KG] Starting computation: Nx=128, Ny=128, sample phi[0]=(-1.65153e-09,9.72088e-09)
  Step 0/5000 | R_avg = 0.999528 | norm = 1.00038
[DEBUG KE_KG] Nx=128, Ny=128, dx=1, T=1.28877, sample phi_dot[0]=(-1.47611e-09,-8.2508e-08)
[DEBUG PE_KG] Starting computation: Nx=128, Ny=128, sample phi[0]=(-1.80048e-08,5.14032e-07)
[DEBUG KE_KG] Nx=128, Ny=128, dx=1, T=1.18748, sample phi_dot[0]=(2.18915e-09,-4.83325e-07)
[DEBUG PE_KG] Starting computation: Nx=128, Ny=128, sample phi[0]=(2.30605e-08,9.50017e-07)
[DEBUG KE_KG] Nx=128, Ny=128, dx=1, T=1.87815, sample phi_dot[0]=(-7.20419e-08,-9.91024e-07)
[DEBUG PE_KG] Starting computation: Nx=128, Ny=128, sample phi[0]=(3.28982e-07,8.66026e-07)
[DEBUG KE_KG] Nx=128, Ny=128, dx=1, T=1.46744, sample phi_dot[0]=(-3.28371e-07,-1.22276e-06)
[DEBUG PE_KG] Starting computation: Nx=128, Ny=128, sample phi[0]=(7.88658e-07,-5.35009e-08)
[DEBUG KE_KG] Nx=128, Ny=128, dx=1, T=1.18929, sample phi_dot[0]=(-7.49509e-07,-8.23969e-07)
[DEBUG PE_KG] Starting computation: Nx=128, Ny=128, sample phi[0]=(9.24519e-07,-1.6902e-06)
[DEBUG KE_KG] Nx=128, Ny=128, dx=1, T=1.69004, sample phi_dot[0]=(-1.10824e-06,4.39274e-07)
[DEBUG PE_KG] Starting computation: Nx=128, Ny=128, sample phi[0]=(1.71418e-07,-3.18363e-06)
[DEBUG KE_KG] Nx=128, Ny=128, dx=1, T=1.57348, sample phi_dot[0]=(-9.31841e-07,2.1364e-06)
[DEBUG PE_KG] Starting computation: Nx=128, Ny=128, sample phi[0]=(-1.19952e-06,-3.16138e-06)
[DEBUG KE_KG] Nx=128, Ny=128, dx=1, T=1.30162, sample phi_dot[0]=(-1.68145e-08,3.20072e-06)
[DEBUG PE_KG] Starting computation: Nx=128, Ny=128, sample phi[0]=(-2.27982e-06,-1.22315e-06)
[DEBUG KE_KG] Nx=128, Ny=128, dx=1, T=1.53259, sample phi_dot[0]=(1.18151e-06,3.1331e-06)
[DEBUG PE_KG] Starting computation: Nx=128, Ny=128, sample phi[0]=(-2.21258e-06,1.93744e-06)
[DEBUG KE_KG] Nx=128, Ny=128, dx=1, T=1.57239, sample phi_dot[0]=(2.0443e-06,1.50394e-06)
[DEBUG PE_KG] Starting computation: Nx=128, Ny=128, sample phi[0]=(-8.66347e-07,4.96511e-06)
  Step 500/5000 | R_avg = 0.999803 | norm = 1.38613
[DEBUG KE_KG] Nx=128, Ny=128, dx=1, T=1.42049, sample phi_dot[0]=(2.01554e-06,-1.54116e-06)
[DEBUG PE_KG] Starting computation: Nx=128, Ny=128, sample phi[0]=(1.19787e-06,5.89189e-06)
[DEBUG KE_KG] Nx=128, Ny=128, dx=1, T=1.47017, sample phi_dot[0]=(9.0002e-07,-4.0615e-06)
[DEBUG PE_KG] Starting computation: Nx=128, Ny=128, sample phi[0]=(2.81024e-06,3.93371e-06)
[DEBUG KE_KG] Nx=128, Ny=128, dx=1, T=1.52551, sample phi_dot[0]=(-6.86707e-07,-5.03713e-06)
[DEBUG PE_KG] Starting computation: Nx=128, Ny=128, sample phi[0]=(3.09578e-06,1.02165e-07)
[DEBUG KE_KG] Nx=128, Ny=128, dx=1, T=1.48018, sample phi_dot[0]=(-2.02268e-06,-4.00259e-06)
[DEBUG PE_KG] Starting computation: Nx=128, Ny=128, sample phi[0]=(1.91875e-06,-3.96006e-06)
[DEBUG KE_KG] Nx=128, Ny=128, dx=1, T=1.47113, sample phi_dot[0]=(-2.37841e-06,-1.27358e-06)
[DEBUG PE_KG] Starting computation: Nx=128, Ny=128, sample phi[0]=(-4.33204e-08,-6.35919e-06)
[DEBUG KE_KG] Nx=128, Ny=128, dx=1, T=1.49301, sample phi_dot[0]=(-1.7987e-06,1.72632e-06)
[DEBUG PE_KG] Starting computation: Nx=128, Ny=128, sample phi[0]=(-1.8356e-06,-6.18555e-06)
[DEBUG KE_KG] Nx=128, Ny=128, dx=1, T=1.49087, sample phi_dot[0]=(-6.97284e-07,4.26399e-06)
[DEBUG PE_KG] Starting computation: Nx=128, Ny=128, sample phi[0]=(-2.84367e-06,-3.6175e-06)
[DEBUG KE_KG] Nx=128, Ny=128, dx=1, T=1.48308, sample phi_dot[0]=(7.07817e-07,5.18332e-06)
[DEBUG PE_KG] Starting computation: Nx=128, Ny=128, sample phi[0]=(-2.61675e-06,5.60241e-07)
[DEBUG KE_KG] Nx=128, Ny=128, dx=1, T=1.48512, sample phi_dot[0]=(1.62134e-06,3.79138e-06)
[DEBUG PE_KG] Starting computation: Nx=128, Ny=128, sample phi[0]=(-1.33213e-06,4.27851e-06)
  Saved spatial snapshot at t = 10 (step 1000)
[DEBUG KE_KG] Nx=128, Ny=128, dx=1, T=1.48748, sample phi_dot[0]=(1.87438e-06,1.35634e-06)
[DEBUG PE_KG] Starting computation: Nx=128, Ny=128, sample phi[0]=(4.06088e-07,5.99932e-06)
  Step 1000/5000 | R_avg = 0.999673 | norm = 1.49842
[DEBUG KE_KG] Nx=128, Ny=128, dx=1, T=1.48678, sample phi_dot[0]=(1.40911e-06,-1.55007e-06)
[DEBUG PE_KG] Starting computation: Nx=128, Ny=128, sample phi[0]=(1.82113e-06,5.17666e-06)
[DEBUG KE_KG] Nx=128, Ny=128, dx=1, T=1.48599, sample phi_dot[0]=(4.58999e-07,-3.5496e-06)
[DEBUG PE_KG] Starting computation: Nx=128, Ny=128, sample phi[0]=(2.39532e-06,2.1752e-06)
[DEBUG KE_KG] Nx=128, Ny=128, dx=1, T=1.48592, sample phi_dot[0]=(-7.54725e-07,-3.95792e-06)
[DEBUG PE_KG] Starting computation: Nx=128, Ny=128, sample phi[0]=(1.71404e-06,-1.50495e-06)
[DEBUG KE_KG] Nx=128, Ny=128, dx=1, T=1.48643, sample phi_dot[0]=(-1.37525e-06,-2.44612e-06)
[DEBUG PE_KG] Starting computation: Nx=128, Ny=128, sample phi[0]=(1.76558e-07,-4.01176e-06)
[DEBUG KE_KG] Nx=128, Ny=128, dx=1, T=1.48657, sample phi_dot[0]=(-1.19634e-06,2.91648e-08)
[DEBUG PE_KG] Starting computation: Nx=128, Ny=128, sample phi[0]=(-1.33161e-06,-4.01357e-06)
[DEBUG KE_KG] Nx=128, Ny=128, dx=1, T=1.48617, sample phi_dot[0]=(-2.31859e-07,1.59367e-06)
[DEBUG PE_KG] Starting computation: Nx=128, Ny=128, sample phi[0]=(-1.8454e-06,-2.0327e-06)
[DEBUG KE_KG] Nx=128, Ny=128, dx=1, T=1.48636, sample phi_dot[0]=(8.13244e-07,2.04334e-06)
[DEBUG PE_KG] Starting computation: Nx=128, Ny=128, sample phi[0]=(-1.20714e-06,3.88695e-07)
[DEBUG KE_KG] Nx=128, Ny=128, dx=1, T=1.48636, sample phi_dot[0]=(1.18507e-06,1.17947e-06)
[DEBUG PE_KG] Starting computation: Nx=128, Ny=128, sample phi[0]=(1.7466e-07,2.05651e-06)
[DEBUG KE_KG] Nx=128, Ny=128, dx=1, T=1.48636, sample phi_dot[0]=(6.33414e-07,-2.44621e-07)
[DEBUG PE_KG] Starting computation: Nx=128, Ny=128, sample phi[0]=(1.17204e-06,2.01642e-06)
[DEBUG KE_KG] Nx=128, Ny=128, dx=1, T=1.48637, sample phi_dot[0]=(-1.93134e-07,-1.0648e-06)
[DEBUG PE_KG] Starting computation: Nx=128, Ny=128, sample phi[0]=(1.38978e-06,6.91156e-07)
  Step 1500/5000 | R_avg = 0.999659 | norm = 1.49878
[DEBUG KE_KG] Nx=128, Ny=128, dx=1, T=1.48626, sample phi_dot[0]=(-9.02645e-07,-6.94034e-07)
[DEBUG PE_KG] Starting computation: Nx=128, Ny=128, sample phi[0]=(6.91533e-07,-8.37051e-07)
[DEBUG KE_KG] Nx=128, Ny=128, dx=1, T=1.48628, sample phi_dot[0]=(-9.63678e-07,2.3098e-07)
[DEBUG PE_KG] Starting computation: Nx=128, Ny=128, sample phi[0]=(-1.921e-07,-1.61791e-06)
[DEBUG KE_KG] Nx=128, Ny=128, dx=1, T=1.48617, sample phi_dot[0]=(-5.25316e-07,1.29828e-06)
[DEBUG PE_KG] Starting computation: Nx=128, Ny=128, sample phi[0]=(-9.21194e-07,-1.40292e-06)
[DEBUG KE_KG] Nx=128, Ny=128, dx=1, T=1.48613, sample phi_dot[0]=(1.60033e-07,1.58366e-06)
[DEBUG PE_KG] Starting computation: Nx=128, Ny=128, sample phi[0]=(-1.17905e-06,-3.64872e-07)
[DEBUG KE_KG] Nx=128, Ny=128, dx=1, T=1.48612, sample phi_dot[0]=(8.98551e-07,1.21287e-06)
[DEBUG PE_KG] Starting computation: Nx=128, Ny=128, sample phi[0]=(-1.04724e-06,1.05418e-06)
[DEBUG KE_KG] Nx=128, Ny=128, dx=1, T=1.48613, sample phi_dot[0]=(1.19254e-06,-1.05465e-07)
[DEBUG PE_KG] Starting computation: Nx=128, Ny=128, sample phi[0]=(-2.4084e-07,2.2858e-06)
[DEBUG KE_KG] Nx=128, Ny=128, dx=1, T=1.48611, sample phi_dot[0]=(9.31995e-07,-1.4738e-06)
[DEBUG PE_KG] Starting computation: Nx=128, Ny=128, sample phi[0]=(7.70564e-07,2.53633e-06)
[DEBUG KE_KG] Nx=128, Ny=128, dx=1, T=1.48589, sample phi_dot[0]=(-1.23352e-07,-2.49436e-06)
[DEBUG PE_KG] Starting computation: Nx=128, Ny=128, sample phi[0]=(1.61454e-06,1.55957e-06)
[DEBUG KE_KG] Nx=128, Ny=128, dx=1, T=1.48595, sample phi_dot[0]=(-1.02141e-06,-2.07577e-06)
[DEBUG PE_KG] Starting computation: Nx=128, Ny=128, sample phi[0]=(1.38355e-06,-1.85328e-07)
[DEBUG KE_KG] Nx=128, Ny=128, dx=1, T=1.48598, sample phi_dot[0]=(-1.47501e-06,-1.11984e-06)
[DEBUG PE_KG] Starting computation: Nx=128, Ny=128, sample phi[0]=(4.88966e-07,-1.86069e-06)
  Step 2000/5000 | R_avg = 0.999643 | norm = 1.49875
[DEBUG KE_KG] Nx=128, Ny=128, dx=1, T=1.48584, sample phi_dot[0]=(-7.10423e-07,4.4391e-07)
[DEBUG PE_KG] Starting computation: Nx=128, Ny=128, sample phi[0]=(-7.07443e-07,-2.68929e-06)
[DEBUG KE_KG] Nx=128, Ny=128, dx=1, T=1.48583, sample phi_dot[0]=(1.5136e-07,8.55652e-07)
[DEBUG PE_KG] Starting computation: Nx=128, Ny=128, sample phi[0]=(-1.03526e-06,-2.68211e-06)
[DEBUG KE_KG] Nx=128, Ny=128, dx=1, T=1.48583, sample phi_dot[0]=(9.02953e-07,9.99134e-07)
[DEBUG PE_KG] Starting computation: Nx=128, Ny=128, sample phi[0]=(-6.88818e-07,-2.49961e-06)
[DEBUG KE_KG] Nx=128, Ny=128, dx=1, T=1.48578, sample phi_dot[0]=(4.27234e-08,1.36905e-06)
[DEBUG PE_KG] Starting computation: Nx=128, Ny=128, sample phi[0]=(-1.84555e-07,-2.05208e-06)
[DEBUG KE_KG] Nx=128, Ny=128, dx=1, T=1.48574, sample phi_dot[0]=(-5.75747e-07,2.86101e-06)
[DEBUG PE_KG] Starting computation: Nx=128, Ny=128, sample phi[0]=(-6.47644e-07,-4.89775e-07)
[DEBUG KE_KG] Nx=128, Ny=128, dx=1, T=1.48573, sample phi_dot[0]=(-8.45444e-07,4.22421e-06)
[DEBUG PE_KG] Starting computation: Nx=128, Ny=128, sample phi[0]=(-1.54566e-06,2.76448e-06)
[DEBUG KE_KG] Nx=128, Ny=128, dx=1, T=1.48572, sample phi_dot[0]=(1.46246e-06,3.41056e-06)
[DEBUG PE_KG] Starting computation: Nx=128, Ny=128, sample phi[0]=(-1.6211e-06,7.01071e-06)
[DEBUG KE_KG] Nx=128, Ny=128, dx=1, T=1.48569, sample phi_dot[0]=(2.99133e-06,-1.3951e-06)
[DEBUG PE_KG] Starting computation: Nx=128, Ny=128, sample phi[0]=(6.28929e-07,8.71602e-06)
[DEBUG KE_KG] Nx=128, Ny=128, dx=1, T=1.48566, sample phi_dot[0]=(3.25208e-06,-7.28061e-06)
[DEBUG PE_KG] Starting computation: Nx=128, Ny=128, sample phi[0]=(3.90754e-06,5.20537e-06)
  Saved spatial snapshot at t = 25 (step 2500)
[DEBUG KE_KG] Nx=128, Ny=128, dx=1, T=1.48564, sample phi_dot[0]=(-7.5282e-07,-1.05449e-05)
[DEBUG PE_KG] Starting computation: Nx=128, Ny=128, sample phi[0]=(5.64735e-06,-3.35879e-06)
  Step 2500/5000 | R_avg = 0.99965 | norm = 1.49865
[DEBUG KE_KG] Nx=128, Ny=128, dx=1, T=1.48564, sample phi_dot[0]=(-4.90487e-06,-6.52122e-06)
[DEBUG PE_KG] Starting computation: Nx=128, Ny=128, sample phi[0]=(2.95193e-06,-1.18424e-05)
[DEBUG KE_KG] Nx=128, Ny=128, dx=1, T=1.48567, sample phi_dot[0]=(-6.97082e-06,3.00247e-06)
[DEBUG PE_KG] Starting computation: Nx=128, Ny=128, sample phi[0]=(-3.12724e-06,-1.35626e-05)
[DEBUG KE_KG] Nx=128, Ny=128, dx=1, T=1.48561, sample phi_dot[0]=(-2.4628e-06,1.16129e-05)
[DEBUG PE_KG] Starting computation: Nx=128, Ny=128, sample phi[0]=(-8.13456e-06,-5.78734e-06)
[DEBUG KE_KG] Nx=128, Ny=128, dx=1, T=1.48556, sample phi_dot[0]=(3.85724e-06,1.21888e-05)
[DEBUG PE_KG] Starting computation: Nx=128, Ny=128, sample phi[0]=(-7.38296e-06,6.57672e-06)
[DEBUG KE_KG] Nx=128, Ny=128, dx=1, T=1.48561, sample phi_dot[0]=(8.91889e-06,3.13505e-06)
[DEBUG PE_KG] Starting computation: Nx=128, Ny=128, sample phi[0]=(-3.86356e-07,1.43414e-05)
[DEBUG KE_KG] Nx=128, Ny=128, dx=1, T=1.48563, sample phi_dot[0]=(5.34914e-06,-7.80126e-06)
[DEBUG PE_KG] Starting computation: Nx=128, Ny=128, sample phi[0]=(7.34096e-06,1.07549e-05)
[DEBUG KE_KG] Nx=128, Ny=128, dx=1, T=1.48562, sample phi_dot[0]=(-1.70285e-06,-1.14885e-05)
[DEBUG PE_KG] Starting computation: Nx=128, Ny=128, sample phi[0]=(9.28145e-06,-4.74249e-07)
[DEBUG KE_KG] Nx=128, Ny=128, dx=1, T=1.48558, sample phi_dot[0]=(-8.50208e-06,-5.24903e-06)
[DEBUG PE_KG] Starting computation: Nx=128, Ny=128, sample phi[0]=(3.27896e-06,-1.02319e-05)
[DEBUG KE_KG] Nx=128, Ny=128, dx=1, T=1.48565, sample phi_dot[0]=(-6.16287e-06,5.04571e-06)
[DEBUG PE_KG] Starting computation: Nx=128, Ny=128, sample phi[0]=(-4.84632e-06,-1.01641e-05)
[DEBUG KE_KG] Nx=128, Ny=128, dx=1, T=1.48561, sample phi_dot[0]=(9.66781e-08,9.69278e-06)
[DEBUG PE_KG] Starting computation: Nx=128, Ny=128, sample phi[0]=(-8.40086e-06,-1.61665e-06)
  Step 3000/5000 | R_avg = 0.999707 | norm = 1.49828
[DEBUG KE_KG] Nx=128, Ny=128, dx=1, T=1.48552, sample phi_dot[0]=(7.17255e-06,4.51308e-06)
[DEBUG PE_KG] Starting computation: Nx=128, Ny=128, sample phi[0]=(-4.07537e-06,7.08726e-06)
[DEBUG KE_KG] Nx=128, Ny=128, dx=1, T=1.48557, sample phi_dot[0]=(5.40194e-06,-4.53811e-06)
[DEBUG PE_KG] Starting computation: Nx=128, Ny=128, sample phi[0]=(2.88924e-06,7.65625e-06)
[DEBUG KE_KG] Nx=128, Ny=128, dx=1, T=1.4855, sample phi_dot[0]=(-4.78931e-08,-8.08547e-06)
[DEBUG PE_KG] Starting computation: Nx=128, Ny=128, sample phi[0]=(6.23683e-06,1.22792e-06)
[DEBUG KE_KG] Nx=128, Ny=128, dx=1, T=1.48545, sample phi_dot[0]=(-5.86331e-06,-2.90677e-06)
[DEBUG PE_KG] Starting computation: Nx=128, Ny=128, sample phi[0]=(2.67227e-06,-4.58616e-06)
[DEBUG KE_KG] Nx=128, Ny=128, dx=1, T=1.48556, sample phi_dot[0]=(-3.32515e-06,3.45649e-06)
[DEBUG PE_KG] Starting computation: Nx=128, Ny=128, sample phi[0]=(-2.1397e-06,-3.86023e-06)
[DEBUG KE_KG] Nx=128, Ny=128, dx=1, T=1.48546, sample phi_dot[0]=(9.8181e-07,4.7337e-06)
[DEBUG PE_KG] Starting computation: Nx=128, Ny=128, sample phi[0]=(-3.67676e-06,6.21522e-07)
[DEBUG KE_KG] Nx=128, Ny=128, dx=1, T=1.48537, sample phi_dot[0]=(4.35701e-06,-2.88019e-08)
[DEBUG PE_KG] Starting computation: Nx=128, Ny=128, sample phi[0]=(-1.31544e-07,2.96092e-06)
[DEBUG KE_KG] Nx=128, Ny=128, dx=1, T=1.48545, sample phi_dot[0]=(1.08895e-06,-4.03211e-06)
[DEBUG PE_KG] Starting computation: Nx=128, Ny=128, sample phi[0]=(2.6105e-06,-1.55012e-07)
[DEBUG KE_KG] Nx=128, Ny=128, dx=1, T=1.48542, sample phi_dot[0]=(-2.62978e-06,-2.54896e-06)
[DEBUG PE_KG] Starting computation: Nx=128, Ny=128, sample phi[0]=(2.21494e-06,-4.75736e-06)
[DEBUG KE_KG] Nx=128, Ny=128, dx=1, T=1.48531, sample phi_dot[0]=(-3.73502e-06,3.68152e-06)
[DEBUG PE_KG] Starting computation: Nx=128, Ny=128, sample phi[0]=(-2.05389e-06,-5.01882e-06)
  Step 3500/5000 | R_avg = 0.999711 | norm = 1.49814
[DEBUG KE_KG] Nx=128, Ny=128, dx=1, T=1.48534, sample phi_dot[0]=(1.20054e-07,6.49999e-06)
[DEBUG PE_KG] Starting computation: Nx=128, Ny=128, sample phi[0]=(-3.66903e-06,2.45567e-07)
[DEBUG KE_KG] Nx=128, Ny=128, dx=1, T=1.48531, sample phi_dot[0]=(3.47812e-06,4.28301e-06)
[DEBUG PE_KG] Starting computation: Nx=128, Ny=128, sample phi[0]=(-2.43616e-06,6.25737e-06)
[DEBUG KE_KG] Nx=128, Ny=128, dx=1, T=1.48523, sample phi_dot[0]=(3.54115e-06,-2.40143e-06)
[DEBUG PE_KG] Starting computation: Nx=128, Ny=128, sample phi[0]=(2.0851e-06,7.85961e-06)
[DEBUG KE_KG] Nx=128, Ny=128, dx=1, T=1.48525, sample phi_dot[0]=(3.26268e-07,-5.79662e-06)
[DEBUG PE_KG] Starting computation: Nx=128, Ny=128, sample phi[0]=(3.51297e-06,4.05535e-06)
[DEBUG KE_KG] Nx=128, Ny=128, dx=1, T=1.48529, sample phi_dot[0]=(-2.58802e-06,-5.61955e-06)
[DEBUG PE_KG] Starting computation: Nx=128, Ny=128, sample phi[0]=(3.04272e-06,-1.21918e-06)
[DEBUG KE_KG] Nx=128, Ny=128, dx=1, T=1.48521, sample phi_dot[0]=(-2.26469e-06,-2.164e-06)
[DEBUG PE_KG] Starting computation: Nx=128, Ny=128, sample phi[0]=(-3.12823e-07,-4.63987e-06)
[DEBUG KE_KG] Nx=128, Ny=128, dx=1, T=1.48517, sample phi_dot[0]=(-1.15312e-06,-1.59293e-07)
[DEBUG PE_KG] Starting computation: Nx=128, Ny=128, sample phi[0]=(-1.19469e-06,-5.40589e-06)
[DEBUG KE_KG] Nx=128, Ny=128, dx=1, T=1.48517, sample phi_dot[0]=(6.4143e-07,1.99485e-06)
[DEBUG PE_KG] Starting computation: Nx=128, Ny=128, sample phi[0]=(-2.09484e-06,-4.38854e-06)
[DEBUG KE_KG] Nx=128, Ny=128, dx=1, T=1.48515, sample phi_dot[0]=(-2.83751e-07,2.20264e-06)
[DEBUG PE_KG] Starting computation: Nx=128, Ny=128, sample phi[0]=(-1.00554e-06,-2.64186e-06)
[DEBUG KE_KG] Nx=128, Ny=128, dx=1, T=1.48514, sample phi_dot[0]=(1.18728e-06,4.00193e-06)
[DEBUG PE_KG] Starting computation: Nx=128, Ny=128, sample phi[0]=(-1.44005e-06,-8.8613e-08)
  Step 4000/5000 | R_avg = 0.999823 | norm = 1.49787
[DEBUG KE_KG] Nx=128, Ny=128, dx=1, T=1.48517, sample phi_dot[0]=(-2.93439e-08,3.40489e-06)
[DEBUG PE_KG] Starting computation: Nx=128, Ny=128, sample phi[0]=(-6.61408e-08,3.08695e-06)
[DEBUG KE_KG] Nx=128, Ny=128, dx=1, T=1.48514, sample phi_dot[0]=(2.17761e-06,1.93276e-06)
[DEBUG PE_KG] Starting computation: Nx=128, Ny=128, sample phi[0]=(9.69749e-08,5.35997e-06)
[DEBUG KE_KG] Nx=128, Ny=128, dx=1, T=1.48506, sample phi_dot[0]=(-2.58415e-07,-1.54938e-06)
[DEBUG PE_KG] Starting computation: Nx=128, Ny=128, sample phi[0]=(1.91263e-06,5.05193e-06)
[DEBUG KE_KG] Nx=128, Ny=128, dx=1, T=1.48502, sample phi_dot[0]=(1.33937e-06,-3.25687e-06)
[DEBUG PE_KG] Starting computation: Nx=128, Ny=128, sample phi[0]=(1.64822e-06,2.52883e-06)
[DEBUG KE_KG] Nx=128, Ny=128, dx=1, T=1.48506, sample phi_dot[0]=(-2.6236e-06,-4.36135e-06)
[DEBUG PE_KG] Starting computation: Nx=128, Ny=128, sample phi[0]=(1.74905e-06,-1.48668e-06)
[DEBUG KE_KG] Nx=128, Ny=128, dx=1, T=1.48499, sample phi_dot[0]=(3.01046e-07,-1.95967e-06)
[DEBUG PE_KG] Starting computation: Nx=128, Ny=128, sample phi[0]=(-2.6773e-07,-4.12104e-06)
[DEBUG KE_KG] Nx=128, Ny=128, dx=1, T=1.48501, sample phi_dot[0]=(-3.15215e-06,-4.5725e-07)
[DEBUG PE_KG] Starting computation: Nx=128, Ny=128, sample phi[0]=(-1.01451e-06,-4.81354e-06)
[DEBUG KE_KG] Nx=128, Ny=128, dx=1, T=1.48496, sample phi_dot[0]=(1.58498e-06,2.23549e-06)
[DEBUG PE_KG] Starting computation: Nx=128, Ny=128, sample phi[0]=(-2.45418e-06,-2.90675e-06)
[DEBUG KE_KG] Nx=128, Ny=128, dx=1, T=1.48494, sample phi_dot[0]=(-1.7315e-06,3.02701e-06)
[DEBUG PE_KG] Starting computation: Nx=128, Ny=128, sample phi[0]=(-1.83456e-06,2.2231e-07)
[DEBUG KE_KG] Nx=128, Ny=128, dx=1, T=1.48493, sample phi_dot[0]=(4.18714e-06,2.60018e-06)
[DEBUG PE_KG] Starting computation: Nx=128, Ny=128, sample phi[0]=(-9.29169e-07,3.81011e-06)
  Step 4500/5000 | R_avg = 0.999903 | norm = 1.49762
[DEBUG KE_KG] Nx=128, Ny=128, dx=1, T=1.48492, sample phi_dot[0]=(-6.5568e-07,-7.71855e-07)
[DEBUG PE_KG] Starting computation: Nx=128, Ny=128, sample phi[0]=(1.49446e-06,4.15964e-06)
[DEBUG KE_KG] Nx=128, Ny=128, dx=1, T=1.48486, sample phi_dot[0]=(3.48661e-06,-2.3965e-06)
[DEBUG PE_KG] Starting computation: Nx=128, Ny=128, sample phi[0]=(2.74496e-06,2.21637e-06)
[DEBUG KE_KG] Nx=128, Ny=128, dx=1, T=1.48481, sample phi_dot[0]=(-4.27994e-06,-3.08594e-06)
[DEBUG PE_KG] Starting computation: Nx=128, Ny=128, sample phi[0]=(2.31937e-06,-1.96899e-06)
[DEBUG KE_KG] Nx=128, Ny=128, dx=1, T=1.48487, sample phi_dot[0]=(1.03121e-06,-4.19779e-07)
[DEBUG PE_KG] Starting computation: Nx=128, Ny=128, sample phi[0]=(4.03088e-07,-4.04543e-06)
[DEBUG KE_KG] Nx=128, Ny=128, dx=1, T=1.48494, sample phi_dot[0]=(-5.05877e-06,1.88849e-06)
[DEBUG PE_KG] Starting computation: Nx=128, Ny=128, sample phi[0]=(-2.06934e-06,-4.20678e-06)
[DEBUG KE_KG] Nx=128, Ny=128, dx=1, T=1.48456, sample phi_dot[0]=(3.66883e-06,3.75381e-06)
[DEBUG PE_KG] Starting computation: Nx=128, Ny=128, sample phi[0]=(-2.48599e-06,-7.40285e-07)
[DEBUG KE_KG] Nx=128, Ny=128, dx=1, T=1.48473, sample phi_dot[0]=(-2.06591e-06,2.8814e-06)
[DEBUG PE_KG] Starting computation: Nx=128, Ny=128, sample phi[0]=(-2.07598e-06,2.2875e-06)
[DEBUG KE_KG] Nx=128, Ny=128, dx=1, T=1.48515, sample phi_dot[0]=(5.75802e-06,1.01048e-07)
[DEBUG PE_KG] Starting computation: Nx=128, Ny=128, sample phi[0]=(7.83009e-07,4.88223e-06)
[DEBUG KE_KG] Nx=128, Ny=128, dx=1, T=1.48389, sample phi_dot[0]=(-2.95579e-06,-2.53193e-06)
[DEBUG PE_KG] Starting computation: Nx=128, Ny=128, sample phi[0]=(1.30339e-06,3.18629e-06)
[DEBUG KE_KG] Nx=128, Ny=128, dx=1, T=1.48558, sample phi_dot[0]=(3.46301e-06,-3.11853e-06)
[DEBUG PE_KG] Starting computation: Nx=128, Ny=128, sample phi[0]=(2.77441e-06,1.56113e-06)

===== Global Validation =====
✗ Global validation FAILED:
  ✗ Probability Conservation: ||ψ||² = 1.49656 (drift: 49.6178% from initial 1.00038) ✗ FAIL (exceeds tolerance 0.5%)
  ✗ Energy Conservation: E_total = 4.01213 (drift: 9.3422% from initial 3.66933) ✗ FAIL (exceeds tolerance 1%)
  ✓ Order Parameter Bounds: R ∈ [1, 1] ✓ PASS (within [0,1])
  ✓ Causality: v = |p|/E = 0.299518 (c = 1) ✓ PASS (v ≤ c)
  ✓ Numerical Stability: All fields finite ✓ PASS

[INFO] Skipping scenario validation for Klein-Gordon test (validator requires Dirac field)
  Norm validation: max_error = 0.835471 ✗ FAIL
  Energy validation: max_drift = 0.161275 ✗ FAIL
  Saved observables to /home/persist/neotec/0rigin/output/20251226_015604_scenario_2.5A_klein_gordon_comparison_v0.7/N_10/observables.csv
Test failed for N=10

--- Validating Convergence ---
✗ Convergence validation FAILED

[3/3] Generating report...

✓ Report saved to /home/persist/neotec/0rigin/output/20251226_015604_scenario_2.5A_klein_gordon_comparison_v0.7/test_report.txt

===== Test Summary =====
✗ TESTS FAILED

Some validation criteria not met.
Check test report for details.
