[Logging] Console output for 128x128 v=0.35c writing to: /home/persist/neotec/0rigin/output/20251226_012755_scenario_2.4A_velocity_threshold_128x128_v0.3/console.log

--- Testing with N=10 ---
  Vortex initialization (grid-independent):
    Domain size: 100 ℓ_P
    Grid spacing: 0.78125 ℓ_P
    Core radius: 3 ℓ_P (3.84 grid points)
    Center: (50, 50) ℓ_P
    Winding number: W = 1
  Dirac initialization (grid-independent):
    Position: (50, 50) ℓ_P
    Width: 3 ℓ_P
    Grid coordinates: (64, 64) grid units
    Grid width: 3.84 grid units
  Using Dirac solver (spinor field) with boosted initialization
    Background R (expected): 1
[DiracEvolution] Initialized 128x128 4-component spinor field (particle, β=1)
[SMFT] Boosted Gaussian initialization:
  Position: (64, 64) grid units
  Width: σ = 3.84 grid units
  Velocity: v = (0.35, 0)c
  |v| = 0.35c
  Lorentz factor: γ = 1.06752
  Rest mass: m₀ = Δ·R = 1 × 1 = 1 m_P
  Momentum: p = (0.373632, 0) m_P·c
  |p| = 0.373632 m_P·c
  Pre-normalization: ∫|Ψ|² = 92.6492
  Normalization factor: 9.62545
[DiracEvolution] Initialized Gaussian wavepacket at (64, 64) with σ=3.84
  Final norm: ||Ψ||² = 1
  Initial position: <r> = (64, 64)
✓ Boosted Gaussian initialized
[SMFTEngine] Boosted Dirac field initialized: center=(64,64), sigma=3.84, boost=(0.35,0)c, norm=1, <r>=(64,64)
[DiracEvolution] Initialized 128x128 4-component spinor field (particle, β=1)
[SMFT] Boosted Gaussian initialization:
  Position: (64, 64) grid units
  Width: σ = 3.84 grid units
  Velocity: v = (0.35, 0)c
  |v| = 0.35c
  Lorentz factor: γ = 1.06752
  Rest mass: m₀ = Δ·R = 1 × 1 = 1 m_P
  Momentum: p = (0.373632, 0) m_P·c
  |p| = 0.373632 m_P·c
  Pre-normalization: ∫|Ψ|² = 92.6492
  Normalization factor: 9.62545
[DiracEvolution] Initialized Gaussian wavepacket at (64, 64) with σ=3.84
  Final norm: ||Ψ||² = 1
  Initial position: <r> = (64, 64)
✓ Boosted Gaussian initialized
  Initial energy E0 = 0.190058
  Initial norm = 1
[stepWithDirac] Strang splitting enabled:
  substep_ratio=10
  substep_dt=0.001
  half_substeps=5
  remaining_substeps=5
  Saved spatial snapshot at t = 0 (step 0)
  Step 0/10000 | R_avg = 0.983569 | norm = 1
  Step 100/10000 | R_avg = 0.983548 | norm = 0.999977
  Step 200/10000 | R_avg = 0.983545 | norm = 0.999952
  Step 300/10000 | R_avg = 0.983617 | norm = 0.999926
  Step 400/10000 | R_avg = 0.983557 | norm = 0.9999
  Step 500/10000 | R_avg = 0.983535 | norm = 0.999872
  Step 600/10000 | R_avg = 0.98356 | norm = 0.999844
  Step 700/10000 | R_avg = 0.983528 | norm = 0.999816
  Step 800/10000 | R_avg = 0.983585 | norm = 0.999787
  Step 900/10000 | R_avg = 0.9836 | norm = 0.999758
  Step 1000/10000 | R_avg = 0.983582 | norm = 0.999728
  Step 1100/10000 | R_avg = 0.983642 | norm = 0.999699
  Step 1200/10000 | R_avg = 0.983569 | norm = 0.999668
  Step 1300/10000 | R_avg = 0.983548 | norm = 0.999638
  Step 1400/10000 | R_avg = 0.983617 | norm = 0.999608
  Step 1500/10000 | R_avg = 0.983575 | norm = 0.999578
  Step 1600/10000 | R_avg = 0.983576 | norm = 0.999548
  Step 1700/10000 | R_avg = 0.983561 | norm = 0.999518
  Step 1800/10000 | R_avg = 0.983575 | norm = 0.999488
  Step 1900/10000 | R_avg = 0.983582 | norm = 0.999457
  Step 2000/10000 | R_avg = 0.983564 | norm = 0.999425
  Step 2100/10000 | R_avg = 0.983598 | norm = 0.999393
  Step 2200/10000 | R_avg = 0.983583 | norm = 0.999361
  Step 2300/10000 | R_avg = 0.983572 | norm = 0.999329
  Step 2400/10000 | R_avg = 0.983602 | norm = 0.999297
  Saved spatial snapshot at t = 25 (step 2500)
  Step 2500/10000 | R_avg = 0.983582 | norm = 0.999266
  Step 2600/10000 | R_avg = 0.98356 | norm = 0.999235
  Step 2700/10000 | R_avg = 0.983565 | norm = 0.999205
  Step 2800/10000 | R_avg = 0.983595 | norm = 0.999175
  Step 2900/10000 | R_avg = 0.983575 | norm = 0.999147
  Step 3000/10000 | R_avg = 0.983549 | norm = 0.999119
  Step 3100/10000 | R_avg = 0.983563 | norm = 0.999092
  Step 3200/10000 | R_avg = 0.983579 | norm = 0.999066
  Step 3300/10000 | R_avg = 0.983573 | norm = 0.999041
  Step 3400/10000 | R_avg = 0.983568 | norm = 0.999015
  Step 3500/10000 | R_avg = 0.983602 | norm = 0.998989
  Step 3600/10000 | R_avg = 0.983571 | norm = 0.998963
  Step 3700/10000 | R_avg = 0.983585 | norm = 0.998936
  Step 3800/10000 | R_avg = 0.983538 | norm = 0.998908
  Step 3900/10000 | R_avg = 0.983545 | norm = 0.998878
  Step 4000/10000 | R_avg = 0.983565 | norm = 0.998847
  Step 4100/10000 | R_avg = 0.983578 | norm = 0.998815
  Step 4200/10000 | R_avg = 0.983555 | norm = 0.998781
  Step 4300/10000 | R_avg = 0.983574 | norm = 0.998747
  Step 4400/10000 | R_avg = 0.983534 | norm = 0.998713
  Step 4500/10000 | R_avg = 0.983567 | norm = 0.998678
  Step 4600/10000 | R_avg = 0.983582 | norm = 0.998644
  Step 4700/10000 | R_avg = 0.983176 | norm = 0.998609
  Step 4800/10000 | R_avg = 0.983553 | norm = 0.998574
  Step 4900/10000 | R_avg = 0.983608 | norm = 0.998539
  Saved spatial snapshot at t = 50 (step 5000)
  Step 5000/10000 | R_avg = 0.983632 | norm = 0.998504
  Step 5100/10000 | R_avg = 0.983556 | norm = 0.998468
  Step 5200/10000 | R_avg = 0.983581 | norm = 0.998433
  Step 5300/10000 | R_avg = 0.983579 | norm = 0.998397
  Step 5400/10000 | R_avg = 0.983564 | norm = 0.998362
  Step 5500/10000 | R_avg = 0.983588 | norm = 0.998326
  Step 5600/10000 | R_avg = 0.983563 | norm = 0.998291
  Step 5700/10000 | R_avg = 0.98356 | norm = 0.998256
  Step 5800/10000 | R_avg = 0.983648 | norm = 0.998222
  Step 5900/10000 | R_avg = 0.983556 | norm = 0.998187
  Step 6000/10000 | R_avg = 0.983603 | norm = 0.998153
  Step 6100/10000 | R_avg = 0.983571 | norm = 0.99812
  Step 6200/10000 | R_avg = 0.983604 | norm = 0.998087
  Step 6300/10000 | R_avg = 0.983589 | norm = 0.998054
  Step 6400/10000 | R_avg = 0.98365 | norm = 0.998022
  Step 6500/10000 | R_avg = 0.983588 | norm = 0.997991
  Step 6600/10000 | R_avg = 0.983574 | norm = 0.997959
  Step 6700/10000 | R_avg = 0.983565 | norm = 0.997928
  Step 6800/10000 | R_avg = 0.983587 | norm = 0.997896
  Step 6900/10000 | R_avg = 0.983627 | norm = 0.997864
  Step 7000/10000 | R_avg = 0.983582 | norm = 0.997831
  Step 7100/10000 | R_avg = 0.983581 | norm = 0.997799
  Step 7200/10000 | R_avg = 0.983654 | norm = 0.997767
  Step 7300/10000 | R_avg = 0.983568 | norm = 0.997734
  Step 7400/10000 | R_avg = 0.983575 | norm = 0.997701
  Saved spatial snapshot at t = 75 (step 7500)
  Step 7500/10000 | R_avg = 0.983572 | norm = 0.997668
  Step 7600/10000 | R_avg = 0.983562 | norm = 0.997635
  Step 7700/10000 | R_avg = 0.98355 | norm = 0.997602
  Step 7800/10000 | R_avg = 0.983557 | norm = 0.997569
  Step 7900/10000 | R_avg = 0.983567 | norm = 0.997536
  Step 8000/10000 | R_avg = 0.983546 | norm = 0.997503
  Step 8100/10000 | R_avg = 0.983606 | norm = 0.99747
  Step 8200/10000 | R_avg = 0.983576 | norm = 0.997437
  Step 8300/10000 | R_avg = 0.983591 | norm = 0.997403
  Step 8400/10000 | R_avg = 0.983577 | norm = 0.99737
  Step 8500/10000 | R_avg = 0.983585 | norm = 0.997336
  Step 8600/10000 | R_avg = 0.983578 | norm = 0.997302
  Step 8700/10000 | R_avg = 0.98358 | norm = 0.997269
  Step 8800/10000 | R_avg = 0.983571 | norm = 0.997235
  Step 8900/10000 | R_avg = 0.983646 | norm = 0.997203
  Step 9000/10000 | R_avg = 0.983629 | norm = 0.99717
  Step 9100/10000 | R_avg = 0.983655 | norm = 0.997138
  Step 9200/10000 | R_avg = 0.98365 | norm = 0.997106
  Step 9300/10000 | R_avg = 0.983608 | norm = 0.997076
  Step 9400/10000 | R_avg = 0.983608 | norm = 0.997045
  Step 9500/10000 | R_avg = 0.983614 | norm = 0.997015
  Step 9600/10000 | R_avg = 0.983619 | norm = 0.996985
  Step 9700/10000 | R_avg = 0.983637 | norm = 0.996956
  Step 9800/10000 | R_avg = 0.983635 | norm = 0.996926
  Step 9900/10000 | R_avg = 0.983575 | norm = 0.996897

===== Global Validation =====
✓ Global validation PASSED
  ✓ Probability Conservation: ||ψ||² = 0.996867 (drift: 0.313366% from initial 1) ✓ PASS
  ✓ Energy Conservation: E_total = 1.14749 (drift: 3.68733% from initial 1.10668) ✓ PASS
  ✓ Order Parameter Bounds: R ∈ [0, 0] ✓ PASS (within [0,1])
  ✓ Causality: v = |p|/E = 0.217531 (c = 1) ✓ PASS (v ≤ c)
  ✓ Numerical Stability: All fields finite ✓ PASS

===== Scenario 2.3: Relativistic Mass Validation =====
  Boost velocity: v = 0.35c
  Theoretical gamma: γ = 1.06752
✗ Scenario validation FAILED:
  ✓ 1. θ(x,y,t=0) shows vortex structure (W = ±1): Winding number W = 1 ✓ PASS (|W| ≈ 1)
  ✓ 3. R(x,y,t=0) shows core (R_min < 0.5): R_min = 0 ✓ PASS (< 0.5)
  ✗ 4. ψ(x,y,t=0) is Gaussian at offset position: Wavepacket variance = 6.55052e-07 ✗ FAIL (too uniform, not Gaussian)
  ✓ 5. ⟨p⟩(t=0) = γmv (within 5%): ⟨p⟩ = 0.358703 (expect 0.373632, error = 3.9957%) ✓ PASS
  ✗ 6. γ_measured(t=final) within 5% of theory: γ_measured = 1.13866 (γ_theory = 1.06752, error = 6.66353%) ✗ FAIL (exceeds 5% tolerance)
  Norm validation: max_error = 0.00313282 ✓ PASS
  Energy validation: max_drift = 0.0432357 ✓ PASS
  Saved observables to /home/persist/neotec/0rigin/output/20251226_012755_scenario_2.4A_velocity_threshold_128x128_v0.3/N_10/observables.csv

--- Validating Convergence ---
✗ Convergence validation FAILED

========================================
Velocity: v=0.4c
========================================

Initializing engine for 128×128 grid, velocity v=0.4c...
[SMFTEngine] Resources cleanup delegated to component managers

[SMFTEngine] Physical Interpretation:
  Vacuum potential Δ = 1 (Planck mass in natural units)
  Synchronization field R(x) → Emergent spacetime metric
  Mass field m(x) = Δ·R(x) → Local energy density
  ∇R(x) → Gravitational field (not separate force)
  Grid: 128 x 128 oscillators

[SMFTEngine] Created GPU buffers for 128x128 grid
  Phase buffers: 65536 bytes each
  Spinor buffer: 524288 bytes
  Accumulator buffers: 65536 bytes each (operator splitting)
[SMFTEngine] Created compute pipelines
  ✓ Kuramoto pipeline
  ✓ Sync field pipeline
  ✓ Gravity field pipeline
  ✓ Stochastic Kuramoto pipeline
  ✓ Stochastic Dirac pipeline
  ✓ Accumulation pipeline (operator splitting)
Created experiment directory: /home/persist/neotec/0rigin/output/20251226_012926_scenario_2.4A_velocity_threshold_128x128_v0.4
[OutputManager] Created timestamped directory: /home/persist/neotec/0rigin/output/20251226_012926_scenario_2.4A_velocity_threshold_128x128_v0.4
