-- The CXX compiler identification is GNU 15.2.1
-- Detecting CXX compiler ABI info
-- Detecting CXX compiler ABI info - done
-- Check for working CXX compiler: /usr/bin/c++ - skipped
-- Detecting CXX compile features
-- Detecting CXX compile features - done
-- Build type: Release
-- Found Vulkan: /lib/libvulkan.so (found version "1.4.328") found components: glslc glslangValidator
-- Vulkan SDK: /usr/include
-- Found PkgConfig: /usr/bin/pkg-config (found version "2.5.1")
-- Checking for module 'fftw3f'
--   Found fftw3f, version 3.3.10
-- 
-- ===============================================
--  0rigin: GPU-Accelerated SMFT + Stückelberg EM
-- ===============================================
-- 
--   Build type: Release
-- 
--   Libraries:
--     • Physics (Stückelberg EM)
--     • Nova (Vulkan compute engine)
--     • ImGui (UI framework)
-- 
--   Targets:
--     • smft (main executable)
--        - GPU-accelerated Kuramoto dynamics
--        - CPU Dirac evolution (split-operator)
--        - Stückelberg EM coupling (ready to integrate)
--     • test_stuckelberg_vortex_bfield (EM validation)
--     • test_dirac_em_coupling (Dirac EM field coupling)
-- 
-- ===============================================
-- Configuring done (0.2s)
-- Generating done (0.0s)
-- Build files have been written to: /home/persist/neotec/0rigin/build
