[Logging] Console output for 64x64 writing to: /home/persist/neotec/0rigin/output/20251230_191018_lorentz_force_cpu/console.log
  Dirac initialization (DEPRECATED grid units):
    Position: (32, 32) grid units
    ⚠️  WARNING: Using grid-dependent coordinates (not recommended)
  Using Dirac solver (spinor field)
[DiracEvolution] Initialized 64x64 4-component spinor field (particle, β=1)
[DiracEvolution] Initialized Gaussian wavepacket at (32, 32) with σ=3
[SMFTEngine] Dirac field initialized: center=(32,32), sigma=3, norm=1
[DiracEvolution] Initialized 64x64 4-component spinor field (particle, β=1)
[DiracEvolution] Initialized Gaussian wavepacket at (32, 32) with σ=3
  Initial energy E0 = 0.105161
  Initial norm = 1

--- Initializing Test Particle for Lorentz Force ---
  Particle initialized at (55, 50) ℓ_P
  Initial velocity: (0, 0.01) c
  Charge: -1, Mass: 0.1 (natural units)
  Verified state: pos=(55,50), vel=(0,0.01)
[stepWithDirac] Strang splitting enabled:
  substep_ratio=1
  substep_dt=0.001
  half_substeps=0
  remaining_substeps=1
[GPU EM Compute] 1 calls | Last: 208 μs | Avg: 208 μs | Grid: 64×64
  [Kuramoto Energy] grad_R: 0.0915367, potential: -4093.55, total: -4093.46 (κ=1)
  Actual initial energy E0 = -4093.06 (from first observation including EM)
  Using uniform B field: B_z = 0.1 everywhere
  Step 0/10000 | R_avg = 0.999685 | norm = 1
[GPU EM Compute] 50 calls | Last: 101 μs | Avg: 99 μs | Grid: 64×64
[ERROR] Invalid theta fields detected (NaN/Inf), returning zero EM observables
[ERROR] Invalid theta fields detected (NaN/Inf), returning zero EM observables
[GPU EM Compute] 100 calls | Last: 98 μs | Avg: 99 μs | Grid: 64×64
[ERROR] Invalid theta fields detected (NaN/Inf), returning zero EM observables
[ERROR] Invalid theta fields detected (NaN/Inf), returning zero EM observables
  Particle at step 100: pos=(55,50), vel=(-3.59999e-05,0.00999996)
[GPU EM Compute] 150 calls | Last: 102 μs | Avg: 99 μs | Grid: 64×64
[GPU EM Compute] 200 calls | Last: 100 μs | Avg: 99 μs | Grid: 64×64
  Particle at step 200: pos=(55,50), vel=(-7.19994e-05,0.00999986)
[GPU EM Compute] 250 calls | Last: 98 μs | Avg: 99 μs | Grid: 64×64
[GPU EM Compute] 300 calls | Last: 99 μs | Avg: 99 μs | Grid: 64×64
  Particle at step 300: pos=(55,50.0001), vel=(-0.000107998,0.00999968)
[GPU EM Compute] 350 calls | Last: 98 μs | Avg: 99 μs | Grid: 64×64
[GPU EM Compute] 400 calls | Last: 101 μs | Avg: 99 μs | Grid: 64×64
  Particle at step 400: pos=(55,50.0001), vel=(-0.000143997,0.00999942)
[GPU EM Compute] 450 calls | Last: 99 μs | Avg: 99 μs | Grid: 64×64
[GPU EM Compute] 500 calls | Last: 101 μs | Avg: 99 μs | Grid: 64×64
  Particle at step 500: pos=(55,50.0001), vel=(-0.000179994,0.0099991)
  Step 500/10000 | R_avg = 0.999839 | norm = 0.999853
[GPU EM Compute] 550 calls | Last: 100 μs | Avg: 99 μs | Grid: 64×64
[GPU EM Compute] 600 calls | Last: 102 μs | Avg: 100 μs | Grid: 64×64
  Particle at step 600: pos=(55,50.0001), vel=(-0.000215991,0.0099987)
[GPU EM Compute] 650 calls | Last: 104 μs | Avg: 100 μs | Grid: 64×64
[GPU EM Compute] 700 calls | Last: 106 μs | Avg: 100 μs | Grid: 64×64
  Particle at step 700: pos=(55,50.0001), vel=(-0.000251987,0.00999824)
[GPU EM Compute] 750 calls | Last: 100 μs | Avg: 100 μs | Grid: 64×64
[GPU EM Compute] 800 calls | Last: 100 μs | Avg: 100 μs | Grid: 64×64
  Particle at step 800: pos=(55,50.0002), vel=(-0.000287981,0.0099977)
[GPU EM Compute] 850 calls | Last: 103 μs | Avg: 100 μs | Grid: 64×64
[GPU EM Compute] 900 calls | Last: 103 μs | Avg: 100 μs | Grid: 64×64
  Particle at step 900: pos=(55,50.0002), vel=(-0.000323974,0.00999708)
[GPU EM Compute] 950 calls | Last: 99 μs | Avg: 101 μs | Grid: 64×64
[GPU EM Compute] 1000 calls | Last: 139 μs | Avg: 101 μs | Grid: 64×64
  Particle at step 1000: pos=(55,50.0002), vel=(-0.000359966,0.0099964)
  Step 1000/10000 | R_avg = 0.999822 | norm = 0.999706
[GPU EM Compute] 1050 calls | Last: 104 μs | Avg: 101 μs | Grid: 64×64
[GPU EM Compute] 1100 calls | Last: 105 μs | Avg: 101 μs | Grid: 64×64
  Particle at step 1100: pos=(55,50.0002), vel=(-0.000395956,0.00999564)
[GPU EM Compute] 1150 calls | Last: 132 μs | Avg: 101 μs | Grid: 64×64
[GPU EM Compute] 1200 calls | Last: 102 μs | Avg: 101 μs | Grid: 64×64
  Particle at step 1200: pos=(55,50.0002), vel=(-0.000431944,0.00999482)
[GPU EM Compute] 1250 calls | Last: 107 μs | Avg: 101 μs | Grid: 64×64
[GPU EM Compute] 1300 calls | Last: 107 μs | Avg: 101 μs | Grid: 64×64
  Particle at step 1300: pos=(55,50.0003), vel=(-0.00046793,0.00999392)
[GPU EM Compute] 1350 calls | Last: 103 μs | Avg: 101 μs | Grid: 64×64
[GPU EM Compute] 1400 calls | Last: 108 μs | Avg: 102 μs | Grid: 64×64
  Particle at step 1400: pos=(55,50.0003), vel=(-0.000503915,0.00999294)
[GPU EM Compute] 1450 calls | Last: 105 μs | Avg: 102 μs | Grid: 64×64
[GPU EM Compute] 1500 calls | Last: 102 μs | Avg: 102 μs | Grid: 64×64
  Particle at step 1500: pos=(55,50.0003), vel=(-0.000539897,0.0099919)
  Step 1500/10000 | R_avg = 0.999843 | norm = 0.999556
[GPU EM Compute] 1550 calls | Last: 100 μs | Avg: 102 μs | Grid: 64×64
[GPU EM Compute] 1600 calls | Last: 106 μs | Avg: 102 μs | Grid: 64×64
  Particle at step 1600: pos=(55,50.0003), vel=(-0.000575876,0.00999079)
[GPU EM Compute] 1650 calls | Last: 101 μs | Avg: 102 μs | Grid: 64×64
[GPU EM Compute] 1700 calls | Last: 115 μs | Avg: 102 μs | Grid: 64×64
  Particle at step 1700: pos=(55,50.0003), vel=(-0.000611853,0.0099896)
[GPU EM Compute] 1750 calls | Last: 103 μs | Avg: 102 μs | Grid: 64×64
[GPU EM Compute] 1800 calls | Last: 99 μs | Avg: 102 μs | Grid: 64×64
  Particle at step 1800: pos=(55,50.0004), vel=(-0.000647828,0.00998834)
[GPU EM Compute] 1850 calls | Last: 101 μs | Avg: 102 μs | Grid: 64×64
[GPU EM Compute] 1900 calls | Last: 100 μs | Avg: 101 μs | Grid: 64×64
  Particle at step 1900: pos=(55,50.0004), vel=(-0.0006838,0.00998701)
[GPU EM Compute] 1950 calls | Last: 102 μs | Avg: 101 μs | Grid: 64×64
[GPU EM Compute] 2000 calls | Last: 57 μs | Avg: 101 μs | Grid: 64×64
  Particle at step 2000: pos=(55,50.0004), vel=(-0.000719768,0.0099856)
  Step 2000/10000 | R_avg = 0.999785 | norm = 0.999397
[GPU EM Compute] 2050 calls | Last: 99 μs | Avg: 101 μs | Grid: 64×64
[GPU EM Compute] 2100 calls | Last: 105 μs | Avg: 101 μs | Grid: 64×64
  Particle at step 2100: pos=(55,50.0004), vel=(-0.000755734,0.00998413)
[GPU EM Compute] 2150 calls | Last: 104 μs | Avg: 101 μs | Grid: 64×64
[GPU EM Compute] 2200 calls | Last: 100 μs | Avg: 101 μs | Grid: 64×64
  Particle at step 2200: pos=(55,50.0004), vel=(-0.000791697,0.00998258)
[GPU EM Compute] 2250 calls | Last: 104 μs | Avg: 101 μs | Grid: 64×64
[GPU EM Compute] 2300 calls | Last: 103 μs | Avg: 101 μs | Grid: 64×64
  Particle at step 2300: pos=(55,50.0005), vel=(-0.000827656,0.00998096)
[GPU EM Compute] 2350 calls | Last: 100 μs | Avg: 101 μs | Grid: 64×64
[GPU EM Compute] 2400 calls | Last: 107 μs | Avg: 101 μs | Grid: 64×64
  Particle at step 2400: pos=(55,50.0005), vel=(-0.000863611,0.00997927)
[GPU EM Compute] 2450 calls | Last: 101 μs | Avg: 101 μs | Grid: 64×64
[GPU EM Compute] 2500 calls | Last: 102 μs | Avg: 101 μs | Grid: 64×64
  Particle at step 2500: pos=(55,50.0005), vel=(-0.000899564,0.00997751)
  Step 2500/10000 | R_avg = 0.999811 | norm = 0.999234
[GPU EM Compute] 2550 calls | Last: 100 μs | Avg: 101 μs | Grid: 64×64
[GPU EM Compute] 2600 calls | Last: 104 μs | Avg: 101 μs | Grid: 64×64
  Particle at step 2600: pos=(55,50.0005), vel=(-0.000935512,0.00997567)
[GPU EM Compute] 2650 calls | Last: 98 μs | Avg: 101 μs | Grid: 64×64
[GPU EM Compute] 2700 calls | Last: 111 μs | Avg: 101 μs | Grid: 64×64
  Particle at step 2700: pos=(55,50.0005), vel=(-0.000971456,0.00997376)
[GPU EM Compute] 2750 calls | Last: 99 μs | Avg: 101 μs | Grid: 64×64
[GPU EM Compute] 2800 calls | Last: 104 μs | Avg: 101 μs | Grid: 64×64
  Particle at step 2800: pos=(55,50.0006), vel=(-0.0010074,0.00997178)
[GPU EM Compute] 2850 calls | Last: 98 μs | Avg: 101 μs | Grid: 64×64
[GPU EM Compute] 2900 calls | Last: 98 μs | Avg: 101 μs | Grid: 64×64
  Particle at step 2900: pos=(55,50.0006), vel=(-0.00104333,0.00996973)
[GPU EM Compute] 2950 calls | Last: 103 μs | Avg: 101 μs | Grid: 64×64
[GPU EM Compute] 3000 calls | Last: 97 μs | Avg: 101 μs | Grid: 64×64
  Particle at step 3000: pos=(55,50.0006), vel=(-0.00107926,0.00996761)
  Step 3000/10000 | R_avg = 0.999821 | norm = 0.999068
[GPU EM Compute] 3050 calls | Last: 97 μs | Avg: 101 μs | Grid: 64×64
[GPU EM Compute] 3100 calls | Last: 103 μs | Avg: 101 μs | Grid: 64×64
  Particle at step 3100: pos=(55,50.0006), vel=(-0.00111519,0.00996542)
[GPU EM Compute] 3150 calls | Last: 97 μs | Avg: 101 μs | Grid: 64×64
[GPU EM Compute] 3200 calls | Last: 98 μs | Avg: 101 μs | Grid: 64×64
  Particle at step 3200: pos=(55,50.0006), vel=(-0.00115111,0.00996315)
[GPU EM Compute] 3250 calls | Last: 102 μs | Avg: 101 μs | Grid: 64×64
[GPU EM Compute] 3300 calls | Last: 99 μs | Avg: 101 μs | Grid: 64×64
  Particle at step 3300: pos=(55,50.0007), vel=(-0.00118703,0.00996081)
[GPU EM Compute] 3350 calls | Last: 103 μs | Avg: 101 μs | Grid: 64×64
[GPU EM Compute] 3400 calls | Last: 142 μs | Avg: 101 μs | Grid: 64×64
  Particle at step 3400: pos=(55,50.0007), vel=(-0.00122294,0.0099584)
[GPU EM Compute] 3450 calls | Last: 100 μs | Avg: 101 μs | Grid: 64×64
[GPU EM Compute] 3500 calls | Last: 100 μs | Avg: 101 μs | Grid: 64×64
  Particle at step 3500: pos=(55,50.0007), vel=(-0.00125885,0.00995592)
  Step 3500/10000 | R_avg = 0.999806 | norm = 0.9989
[GPU EM Compute] 3550 calls | Last: 109 μs | Avg: 101 μs | Grid: 64×64
[ERROR] Invalid theta fields detected (NaN/Inf), returning zero EM observables
[ERROR] Invalid theta fields detected (NaN/Inf), returning zero EM observables
[GPU EM Compute] 3600 calls | Last: 101 μs | Avg: 101 μs | Grid: 64×64
[ERROR] Invalid theta fields detected (NaN/Inf), returning zero EM observables
[ERROR] Invalid theta fields detected (NaN/Inf), returning zero EM observables
  Particle at step 3600: pos=(55,50.0007), vel=(-0.00129476,0.00995337)
[GPU EM Compute] 3650 calls | Last: 104 μs | Avg: 101 μs | Grid: 64×64
[GPU EM Compute] 3700 calls | Last: 101 μs | Avg: 101 μs | Grid: 64×64
  Particle at step 3700: pos=(55,50.0007), vel=(-0.00133065,0.00995074)
[GPU EM Compute] 3750 calls | Last: 99 μs | Avg: 101 μs | Grid: 64×64
[GPU EM Compute] 3800 calls | Last: 98 μs | Avg: 101 μs | Grid: 64×64
  Particle at step 3800: pos=(54.9999,50.0008), vel=(-0.00136654,0.00994804)
[GPU EM Compute] 3850 calls | Last: 105 μs | Avg: 101 μs | Grid: 64×64
[GPU EM Compute] 3900 calls | Last: 57 μs | Avg: 101 μs | Grid: 64×64
  Particle at step 3900: pos=(54.9999,50.0008), vel=(-0.00140243,0.00994528)
[GPU EM Compute] 3950 calls | Last: 99 μs | Avg: 101 μs | Grid: 64×64
[GPU EM Compute] 4000 calls | Last: 97 μs | Avg: 101 μs | Grid: 64×64
  Particle at step 4000: pos=(54.9999,50.0008), vel=(-0.00143831,0.00994243)
  Step 4000/10000 | R_avg = 0.999715 | norm = 0.998733
[GPU EM Compute] 4050 calls | Last: 98 μs | Avg: 101 μs | Grid: 64×64
[GPU EM Compute] 4100 calls | Last: 98 μs | Avg: 101 μs | Grid: 64×64
  Particle at step 4100: pos=(54.9999,50.0008), vel=(-0.00147419,0.00993952)
[GPU EM Compute] 4150 calls | Last: 88 μs | Avg: 101 μs | Grid: 64×64
[GPU EM Compute] 4200 calls | Last: 98 μs | Avg: 100 μs | Grid: 64×64
  Particle at step 4200: pos=(54.9999,50.0008), vel=(-0.00151005,0.00993654)
[GPU EM Compute] 4250 calls | Last: 103 μs | Avg: 100 μs | Grid: 64×64
[GPU EM Compute] 4300 calls | Last: 100 μs | Avg: 100 μs | Grid: 64×64
  Particle at step 4300: pos=(54.9999,50.0009), vel=(-0.00154592,0.00993348)
[GPU EM Compute] 4350 calls | Last: 99 μs | Avg: 100 μs | Grid: 64×64
[GPU EM Compute] 4400 calls | Last: 101 μs | Avg: 100 μs | Grid: 64×64
  Particle at step 4400: pos=(54.9999,50.0009), vel=(-0.00158177,0.00993035)
[GPU EM Compute] 4450 calls | Last: 105 μs | Avg: 100 μs | Grid: 64×64
[GPU EM Compute] 4500 calls | Last: 102 μs | Avg: 100 μs | Grid: 64×64
  Particle at step 4500: pos=(54.9999,50.0009), vel=(-0.00161762,0.00992716)
  Step 4500/10000 | R_avg = 0.999877 | norm = 0.998564
[GPU EM Compute] 4550 calls | Last: 100 μs | Avg: 100 μs | Grid: 64×64
[GPU EM Compute] 4600 calls | Last: 101 μs | Avg: 100 μs | Grid: 64×64
  Particle at step 4600: pos=(54.9999,50.0009), vel=(-0.00165346,0.00992388)
[GPU EM Compute] 4650 calls | Last: 102 μs | Avg: 100 μs | Grid: 64×64
[GPU EM Compute] 4700 calls | Last: 103 μs | Avg: 100 μs | Grid: 64×64
  Particle at step 4700: pos=(54.9999,50.0009), vel=(-0.0016893,0.00992054)
[GPU EM Compute] 4750 calls | Last: 98 μs | Avg: 100 μs | Grid: 64×64
[GPU EM Compute] 4800 calls | Last: 104 μs | Avg: 100 μs | Grid: 64×64
  Particle at step 4800: pos=(54.9999,50.001), vel=(-0.00172513,0.00991713)
[GPU EM Compute] 4850 calls | Last: 103 μs | Avg: 100 μs | Grid: 64×64
[GPU EM Compute] 4900 calls | Last: 102 μs | Avg: 100 μs | Grid: 64×64
  Particle at step 4900: pos=(54.9999,50.001), vel=(-0.00176095,0.00991364)
[GPU EM Compute] 4950 calls | Last: 103 μs | Avg: 100 μs | Grid: 64×64
[GPU EM Compute] 5000 calls | Last: 108 μs | Avg: 100 μs | Grid: 64×64
  [Kuramoto Energy] grad_R: 0.01587, potential: -4094.81, total: -4094.79 (κ=1)
  Particle at step 5000: pos=(54.9999,50.001), vel=(-0.00179677,0.00991008)
  Step 5000/10000 | R_avg = 0.999852 | norm = 0.998395
[GPU EM Compute] 5050 calls | Last: 101 μs | Avg: 100 μs | Grid: 64×64
[GPU EM Compute] 5100 calls | Last: 103 μs | Avg: 100 μs | Grid: 64×64
  Particle at step 5100: pos=(54.9999,50.001), vel=(-0.00183257,0.00990645)
[GPU EM Compute] 5150 calls | Last: 101 μs | Avg: 100 μs | Grid: 64×64
[GPU EM Compute] 5200 calls | Last: 105 μs | Avg: 100 μs | Grid: 64×64
  Particle at step 5200: pos=(54.9999,50.001), vel=(-0.00186837,0.00990275)
[GPU EM Compute] 5250 calls | Last: 120 μs | Avg: 100 μs | Grid: 64×64
[GPU EM Compute] 5300 calls | Last: 134 μs | Avg: 100 μs | Grid: 64×64
  Particle at step 5300: pos=(54.9999,50.0011), vel=(-0.00190416,0.00989898)
[GPU EM Compute] 5350 calls | Last: 102 μs | Avg: 100 μs | Grid: 64×64
[GPU EM Compute] 5400 calls | Last: 97 μs | Avg: 100 μs | Grid: 64×64
  Particle at step 5400: pos=(54.9999,50.0011), vel=(-0.00193995,0.00989514)
[GPU EM Compute] 5450 calls | Last: 97 μs | Avg: 100 μs | Grid: 64×64
[GPU EM Compute] 5500 calls | Last: 98 μs | Avg: 100 μs | Grid: 64×64
  Particle at step 5500: pos=(54.9999,50.0011), vel=(-0.00197573,0.00989122)
  Step 5500/10000 | R_avg = 0.999888 | norm = 0.998225
[GPU EM Compute] 5550 calls | Last: 99 μs | Avg: 100 μs | Grid: 64×64
[GPU EM Compute] 5600 calls | Last: 81 μs | Avg: 100 μs | Grid: 64×64
  Particle at step 5600: pos=(54.9999,50.0011), vel=(-0.00201149,0.00988723)
[GPU EM Compute] 5650 calls | Last: 100 μs | Avg: 100 μs | Grid: 64×64
[GPU EM Compute] 5700 calls | Last: 99 μs | Avg: 100 μs | Grid: 64×64
  Particle at step 5700: pos=(54.9999,50.0011), vel=(-0.00204726,0.00988317)
[GPU EM Compute] 5750 calls | Last: 107 μs | Avg: 100 μs | Grid: 64×64
[GPU EM Compute] 5800 calls | Last: 93 μs | Avg: 100 μs | Grid: 64×64
  Particle at step 5800: pos=(54.9999,50.0012), vel=(-0.00208301,0.00987904)
[GPU EM Compute] 5850 calls | Last: 103 μs | Avg: 100 μs | Grid: 64×64
[GPU EM Compute] 5900 calls | Last: 110 μs | Avg: 100 μs | Grid: 64×64
  Particle at step 5900: pos=(54.9999,50.0012), vel=(-0.00211875,0.00987484)
[GPU EM Compute] 5950 calls | Last: 98 μs | Avg: 100 μs | Grid: 64×64
[GPU EM Compute] 6000 calls | Last: 110 μs | Avg: 100 μs | Grid: 64×64
  Particle at step 6000: pos=(54.9999,50.0012), vel=(-0.00215449,0.00987057)
  Step 6000/10000 | R_avg = 0.999844 | norm = 0.998056
[GPU EM Compute] 6050 calls | Last: 102 μs | Avg: 100 μs | Grid: 64×64
[GPU EM Compute] 6100 calls | Last: 100 μs | Avg: 100 μs | Grid: 64×64
  Particle at step 6100: pos=(54.9999,50.0012), vel=(-0.00219021,0.00986622)
[GPU EM Compute] 6150 calls | Last: 98 μs | Avg: 100 μs | Grid: 64×64
[GPU EM Compute] 6200 calls | Last: 100 μs | Avg: 100 μs | Grid: 64×64
  Particle at step 6200: pos=(54.9999,50.0012), vel=(-0.00222593,0.00986181)
[GPU EM Compute] 6250 calls | Last: 99 μs | Avg: 100 μs | Grid: 64×64
[GPU EM Compute] 6300 calls | Last: 101 μs | Avg: 100 μs | Grid: 64×64
  Particle at step 6300: pos=(54.9999,50.0013), vel=(-0.00226164,0.00985732)
[GPU EM Compute] 6350 calls | Last: 54 μs | Avg: 100 μs | Grid: 64×64
[GPU EM Compute] 6400 calls | Last: 128 μs | Avg: 100 μs | Grid: 64×64
  Particle at step 6400: pos=(54.9999,50.0013), vel=(-0.00229734,0.00985276)
[GPU EM Compute] 6450 calls | Last: 98 μs | Avg: 100 μs | Grid: 64×64
[GPU EM Compute] 6500 calls | Last: 98 μs | Avg: 100 μs | Grid: 64×64
  Particle at step 6500: pos=(54.9998,50.0013), vel=(-0.00233303,0.00984813)
  Step 6500/10000 | R_avg = 0.999763 | norm = 0.997888
[GPU EM Compute] 6550 calls | Last: 98 μs | Avg: 100 μs | Grid: 64×64
[GPU EM Compute] 6600 calls | Last: 97 μs | Avg: 100 μs | Grid: 64×64
  Particle at step 6600: pos=(54.9998,50.0013), vel=(-0.00236871,0.00984343)
[GPU EM Compute] 6650 calls | Last: 98 μs | Avg: 100 μs | Grid: 64×64
[GPU EM Compute] 6700 calls | Last: 98 μs | Avg: 100 μs | Grid: 64×64
  Particle at step 6700: pos=(54.9998,50.0013), vel=(-0.00240438,0.00983866)
[GPU EM Compute] 6750 calls | Last: 102 μs | Avg: 100 μs | Grid: 64×64
[GPU EM Compute] 6800 calls | Last: 1383 μs | Avg: 101 μs | Grid: 64×64
  Particle at step 6800: pos=(54.9998,50.0014), vel=(-0.00244004,0.00983381)
[GPU EM Compute] 6850 calls | Last: 100 μs | Avg: 103 μs | Grid: 64×64
[GPU EM Compute] 6900 calls | Last: 99 μs | Avg: 103 μs | Grid: 64×64
  Particle at step 6900: pos=(54.9998,50.0014), vel=(-0.00247569,0.0098289)
[GPU EM Compute] 6950 calls | Last: 107 μs | Avg: 103 μs | Grid: 64×64
[GPU EM Compute] 7000 calls | Last: 100 μs | Avg: 103 μs | Grid: 64×64
  Particle at step 7000: pos=(54.9998,50.0014), vel=(-0.00251133,0.00982391)
  Step 7000/10000 | R_avg = 0.999845 | norm = 0.997721
[GPU EM Compute] 7050 calls | Last: 94 μs | Avg: 103 μs | Grid: 64×64
[GPU EM Compute] 7100 calls | Last: 98 μs | Avg: 103 μs | Grid: 64×64
  Particle at step 7100: pos=(54.9998,50.0014), vel=(-0.00254696,0.00981885)
[GPU EM Compute] 7150 calls | Last: 109 μs | Avg: 103 μs | Grid: 64×64
[GPU EM Compute] 7200 calls | Last: 53 μs | Avg: 103 μs | Grid: 64×64
  Particle at step 7200: pos=(54.9998,50.0014), vel=(-0.00258258,0.00981372)
[GPU EM Compute] 7250 calls | Last: 99 μs | Avg: 103 μs | Grid: 64×64
[GPU EM Compute] 7300 calls | Last: 59 μs | Avg: 103 μs | Grid: 64×64
  Particle at step 7300: pos=(54.9998,50.0015), vel=(-0.00261819,0.00980852)
[GPU EM Compute] 7350 calls | Last: 103 μs | Avg: 103 μs | Grid: 64×64
[GPU EM Compute] 7400 calls | Last: 98 μs | Avg: 103 μs | Grid: 64×64
  Particle at step 7400: pos=(54.9998,50.0015), vel=(-0.00265379,0.00980325)
[GPU EM Compute] 7450 calls | Last: 99 μs | Avg: 103 μs | Grid: 64×64
[GPU EM Compute] 7500 calls | Last: 102 μs | Avg: 103 μs | Grid: 64×64
  Particle at step 7500: pos=(54.9998,50.0015), vel=(-0.00268938,0.00979791)
  Step 7500/10000 | R_avg = 0.999771 | norm = 0.997552
[GPU EM Compute] 7550 calls | Last: 102 μs | Avg: 103 μs | Grid: 64×64
[GPU EM Compute] 7600 calls | Last: 105 μs | Avg: 103 μs | Grid: 64×64
  Particle at step 7600: pos=(54.9998,50.0015), vel=(-0.00272496,0.00979249)
[GPU EM Compute] 7650 calls | Last: 99 μs | Avg: 103 μs | Grid: 64×64
[GPU EM Compute] 7700 calls | Last: 106 μs | Avg: 103 μs | Grid: 64×64
  Particle at step 7700: pos=(54.9998,50.0015), vel=(-0.00276052,0.00978701)
[GPU EM Compute] 7750 calls | Last: 61 μs | Avg: 103 μs | Grid: 64×64
[GPU EM Compute] 7800 calls | Last: 100 μs | Avg: 103 μs | Grid: 64×64
  Particle at step 7800: pos=(54.9998,50.0015), vel=(-0.00279608,0.00978145)
[GPU EM Compute] 7850 calls | Last: 97 μs | Avg: 103 μs | Grid: 64×64
[GPU EM Compute] 7900 calls | Last: 107 μs | Avg: 103 μs | Grid: 64×64
  Particle at step 7900: pos=(54.9998,50.0016), vel=(-0.00283162,0.00977582)
[GPU EM Compute] 7950 calls | Last: 107 μs | Avg: 103 μs | Grid: 64×64
[GPU EM Compute] 8000 calls | Last: 102 μs | Avg: 103 μs | Grid: 64×64
  Particle at step 8000: pos=(54.9998,50.0016), vel=(-0.00286715,0.00977012)
  Step 8000/10000 | R_avg = 0.99983 | norm = 0.997382
[GPU EM Compute] 8050 calls | Last: 103 μs | Avg: 103 μs | Grid: 64×64
[GPU EM Compute] 8100 calls | Last: 102 μs | Avg: 103 μs | Grid: 64×64
  Particle at step 8100: pos=(54.9998,50.0016), vel=(-0.00290268,0.00976435)
[GPU EM Compute] 8150 calls | Last: 104 μs | Avg: 103 μs | Grid: 64×64
[GPU EM Compute] 8200 calls | Last: 102 μs | Avg: 103 μs | Grid: 64×64
  Particle at step 8200: pos=(54.9998,50.0016), vel=(-0.00293819,0.00975851)
[GPU EM Compute] 8250 calls | Last: 103 μs | Avg: 103 μs | Grid: 64×64
[GPU EM Compute] 8300 calls | Last: 103 μs | Avg: 103 μs | Grid: 64×64
  Particle at step 8300: pos=(54.9998,50.0016), vel=(-0.00297368,0.0097526)
[GPU EM Compute] 8350 calls | Last: 101 μs | Avg: 103 μs | Grid: 64×64
[GPU EM Compute] 8400 calls | Last: 103 μs | Avg: 103 μs | Grid: 64×64
  Particle at step 8400: pos=(54.9997,50.0017), vel=(-0.00300917,0.00974662)
[GPU EM Compute] 8450 calls | Last: 103 μs | Avg: 103 μs | Grid: 64×64
[GPU EM Compute] 8500 calls | Last: 109 μs | Avg: 103 μs | Grid: 64×64
  Particle at step 8500: pos=(54.9997,50.0017), vel=(-0.00304464,0.00974056)
  Step 8500/10000 | R_avg = 0.999767 | norm = 0.99721
[GPU EM Compute] 8550 calls | Last: 100 μs | Avg: 103 μs | Grid: 64×64
[GPU EM Compute] 8600 calls | Last: 98 μs | Avg: 103 μs | Grid: 64×64
  Particle at step 8600: pos=(54.9997,50.0017), vel=(-0.0030801,0.00973444)
[GPU EM Compute] 8650 calls | Last: 103 μs | Avg: 103 μs | Grid: 64×64
[GPU EM Compute] 8700 calls | Last: 103 μs | Avg: 103 μs | Grid: 64×64
  Particle at step 8700: pos=(54.9997,50.0017), vel=(-0.00311555,0.00972824)
[GPU EM Compute] 8750 calls | Last: 108 μs | Avg: 103 μs | Grid: 64×64
[GPU EM Compute] 8800 calls | Last: 104 μs | Avg: 103 μs | Grid: 64×64
  Particle at step 8800: pos=(54.9997,50.0017), vel=(-0.00315099,0.00972198)
[GPU EM Compute] 8850 calls | Last: 100 μs | Avg: 103 μs | Grid: 64×64
[GPU EM Compute] 8900 calls | Last: 98 μs | Avg: 103 μs | Grid: 64×64
  Particle at step 8900: pos=(54.9997,50.0018), vel=(-0.00318641,0.00971564)
[GPU EM Compute] 8950 calls | Last: 102 μs | Avg: 103 μs | Grid: 64×64
[GPU EM Compute] 9000 calls | Last: 103 μs | Avg: 103 μs | Grid: 64×64
  Particle at step 9000: pos=(54.9997,50.0018), vel=(-0.00322182,0.00970923)
  Step 9000/10000 | R_avg = 0.999852 | norm = 0.997039
[GPU EM Compute] 9050 calls | Last: 108 μs | Avg: 103 μs | Grid: 64×64
[GPU EM Compute] 9100 calls | Last: 103 μs | Avg: 103 μs | Grid: 64×64
  Particle at step 9100: pos=(54.9997,50.0018), vel=(-0.00325722,0.00970275)
[GPU EM Compute] 9150 calls | Last: 100 μs | Avg: 103 μs | Grid: 64×64
[GPU EM Compute] 9200 calls | Last: 105 μs | Avg: 103 μs | Grid: 64×64
  Particle at step 9200: pos=(54.9997,50.0018), vel=(-0.0032926,0.0096962)
[GPU EM Compute] 9250 calls | Last: 100 μs | Avg: 103 μs | Grid: 64×64
[GPU EM Compute] 9300 calls | Last: 100 μs | Avg: 103 μs | Grid: 64×64
  Particle at step 9300: pos=(54.9997,50.0018), vel=(-0.00332797,0.00968958)
[GPU EM Compute] 9350 calls | Last: 107 μs | Avg: 103 μs | Grid: 64×64
[GPU EM Compute] 9400 calls | Last: 99 μs | Avg: 103 μs | Grid: 64×64
  Particle at step 9400: pos=(54.9997,50.0019), vel=(-0.00336333,0.00968289)
[GPU EM Compute] 9450 calls | Last: 100 μs | Avg: 103 μs | Grid: 64×64
[GPU EM Compute] 9500 calls | Last: 102 μs | Avg: 103 μs | Grid: 64×64
  Particle at step 9500: pos=(54.9997,50.0019), vel=(-0.00339867,0.00967613)
  Step 9500/10000 | R_avg = 0.99984 | norm = 0.996868
[GPU EM Compute] 9550 calls | Last: 99 μs | Avg: 103 μs | Grid: 64×64
[GPU EM Compute] 9600 calls | Last: 102 μs | Avg: 103 μs | Grid: 64×64
  Particle at step 9600: pos=(54.9997,50.0019), vel=(-0.00343401,0.0096693)
[GPU EM Compute] 9650 calls | Last: 100 μs | Avg: 103 μs | Grid: 64×64
[GPU EM Compute] 9700 calls | Last: 105 μs | Avg: 103 μs | Grid: 64×64
  Particle at step 9700: pos=(54.9997,50.0019), vel=(-0.00346932,0.00966239)
[GPU EM Compute] 9750 calls | Last: 103 μs | Avg: 103 μs | Grid: 64×64
[GPU EM Compute] 9800 calls | Last: 102 μs | Avg: 103 μs | Grid: 64×64
  Particle at step 9800: pos=(54.9997,50.0019), vel=(-0.00350462,0.00965542)
[GPU EM Compute] 9850 calls | Last: 59 μs | Avg: 103 μs | Grid: 64×64
[GPU EM Compute] 9900 calls | Last: 101 μs | Avg: 103 μs | Grid: 64×64
  Particle at step 9900: pos=(54.9996,50.002), vel=(-0.00353991,0.00964837)
[GPU EM Compute] 9950 calls | Last: 104 μs | Avg: 103 μs | Grid: 64×64
[GPU EM Compute] 10000 calls | Last: 103 μs | Avg: 103 μs | Grid: 64×64
  [Kuramoto Energy] grad_R: 0.0242181, potential: -4094.45, total: -4094.43 (κ=1)

===== Lorentz Force Analysis =====
Error: Could not open /home/persist/neotec/0rigin/output/20251230_191018_lorentz_force_cpu/N_1/particle_trajectory.csv for writing
  Particle trajectory saved to: /home/persist/neotec/0rigin/output/20251230_191018_lorentz_force_cpu/N_1/particle_trajectory.csv
  Average magnetic field: B_avg = 0.1

Theoretical predictions:
  Cyclotron frequency: ω_c = 1 rad/τ_P
  Larmor radius: r_L = 0.1 ℓ_P

Measured from trajectory:
  Orbital period: T = 0 τ_P
  Orbital radius: r = 0.000507124 ℓ_P
  Orbital frequency: ω = 0 rad/τ_P

Validation:
  Frequency error: 100%
  Radius error: 99.4929%
  Lorentz force validation: ✗ FAIL

===== Global Validation =====
✓ Global validation PASSED
  ✓ Probability Conservation: ||ψ||² = 0.996696 (drift: 0.330408% from initial 1) ✓ PASS
  ✓ Energy Conservation: E_total = -4094.02 (drift: 0.0235021% from initial -4093.06) ✓ PASS
  ✓ Order Parameter Bounds: R ∈ [0, 0] ✓ PASS (within [0,1])
  ✓ Causality: v = |p|/E = 6.22291e-08 (c = 1) ✓ PASS (v ≤ c)
  ✓ Numerical Stability: All fields finite ✓ PASS
  Norm validation: max_error = 0.00330362 ✓ PASS
  Energy validation: max_drift = 0.000490433 ✓ PASS

===== EM Field Validation =====
Maxwell Equation Residuals:
  Gauss law (∇·E - 4πρ): 0 ✓
  No monopole (∇·B): 0 ✓
  Faraday law (∇×E + ∂B/∂t): 0 ✓
  Ampere law (∇×B - 4πJ - ∂E/∂t): 1.4507e-07 ✓
Overall Maxwell Validation: ✓ PASS
Failed to open /home/persist/neotec/0rigin/output/20251230_191018_lorentz_force_cpu/N_1/observables.csv for writing
  Saved observables to /home/persist/neotec/0rigin/output/20251230_191018_lorentz_force_cpu/N_1/observables.csv
  Saved EM observables to /home/persist/neotec/0rigin/output/20251230_191018_lorentz_force_cpu/N_1/em_observables.csv

[3/3] Generating report...

✓ Report saved to /home/persist/neotec/0rigin/output/20251230_191018_lorentz_force_cpu/test_report.txt

===== Test Summary =====
✓ ALL TESTS PASSED

Validation criteria met:
  ✓ Norm conservation ||Ψ||² - 1 < 10⁻⁴
  ✓ Energy conservation |ΔE/E₀| < 1%
  ✓ Convergence between N ratios < 5%
