[Logging] Console output for 128x128 writing to: /home/persist/neotec/0rigin/output/20251226_014436_scenario_2.5A_klein_gordon_comparison_v0.7/console.log

--- Testing with N=10 ---
[DEBUG] solver_type = 'klein_gordon', use_klein_gordon = 1
  Dirac initialization (grid-independent):
    Position: (50, 50) ℓ_P
    Width: 3 ℓ_P
    Grid coordinates: (64, 64) grid units
    Grid width: 3.84 grid units
  Using Klein-Gordon solver (scalar field) with boosted initialization
    Background R (expected): 1
[KleinGordonEvolution] Initialized 128x128 scalar field
[SMFT] Boosted Gaussian initialization (Klein-Gordon):
  Position: (64, 64) grid units
  Width: σ = 3.84 grid units
  Velocity: v = (0.7, 0)c
  |v| = 0.7c
  Lorentz factor: γ = 1.40028
  Rest mass: m₀ = Δ·R = 1 × 1 = 1 m_P
  Momentum: p = (0.980196, 0) m_P·c
  |p| = 0.980196 m_P·c
  Energy: ω = 1.40028 m_P·c²
[KleinGordonEvolution] Initialized Gaussian wavepacket at (64, 64) with σ=3.84
  Final norm: ||φ||² = 1
  Initial position: <r> = (64, 64)
✓ Boosted Gaussian initialized (Klein-Gordon)
[SMFTEngine] Boosted Klein-Gordon field initialized: center=(64,64), sigma=3.84, boost=(0.7,0)c, norm=1, <r>=(64,64)
[DiracEvolution] Initialized 128x128 4-component spinor field (particle, β=1)
[DEBUG] Computing Klein-Gordon initial observables...
[DEBUG KE_KG] Nx=128, Ny=128, dx=1, T=1.96079, sample phi_dot[0]=(0,0)
[DEBUG PE_KG] Starting computation: Nx=128, Ny=128, sample phi[0]=(0,0)
[DEBUG] Klein-Gordon E0 = 2.67103, norm = 1
  Initial energy E0 = 2.67103
  Initial norm = 1
[stepWithDirac] Strang splitting enabled:
  substep_ratio=10
  substep_dt=0.001
  half_substeps=5
  remaining_substeps=5
  Saved spatial snapshot at t = 0 (step 0)
[DEBUG KE_KG] Nx=128, Ny=128, dx=1, T=1.96042, sample phi_dot[0]=(1.10752e-10,-7.62433e-09)
[DEBUG PE_KG] Starting computation: Nx=128, Ny=128, sample phi[0]=(-2.03135e-09,9.6211e-09)
  Step 0/5000 | R_avg = 0.999759 | norm = 1.00038
[DEBUG KE_KG] Nx=128, Ny=128, dx=1, T=1.2888, sample phi_dot[0]=(-2.06732e-08,-1.21944e-07)
[DEBUG PE_KG] Starting computation: Nx=128, Ny=128, sample phi[0]=(-1.88566e-08,5.05548e-07)
[DEBUG KE_KG] Nx=128, Ny=128, dx=1, T=1.18751, sample phi_dot[0]=(-3.32238e-09,-4.74209e-07)
[DEBUG PE_KG] Starting computation: Nx=128, Ny=128, sample phi[0]=(2.53599e-08,9.20745e-07)
[DEBUG KE_KG] Nx=128, Ny=128, dx=1, T=1.87842, sample phi_dot[0]=(-6.79681e-08,-9.4468e-07)
[DEBUG PE_KG] Starting computation: Nx=128, Ny=128, sample phi[0]=(3.1729e-07,8.77146e-07)
[DEBUG KE_KG] Nx=128, Ny=128, dx=1, T=1.46728, sample phi_dot[0]=(-3.10335e-07,-1.24552e-06)
[DEBUG PE_KG] Starting computation: Nx=128, Ny=128, sample phi[0]=(7.51953e-07,-3.25359e-08)
[DEBUG KE_KG] Nx=128, Ny=128, dx=1, T=1.18969, sample phi_dot[0]=(-6.81174e-07,-8.23851e-07)
[DEBUG PE_KG] Starting computation: Nx=128, Ny=128, sample phi[0]=(8.99181e-07,-1.64512e-06)
[DEBUG KE_KG] Nx=128, Ny=128, dx=1, T=1.69067, sample phi_dot[0]=(-1.09138e-06,3.91326e-07)
[DEBUG PE_KG] Starting computation: Nx=128, Ny=128, sample phi[0]=(3.33031e-07,-3.03157e-06)
[DEBUG KE_KG] Nx=128, Ny=128, dx=1, T=1.57275, sample phi_dot[0]=(-1.02484e-06,1.94552e-06)
[DEBUG PE_KG] Starting computation: Nx=128, Ny=128, sample phi[0]=(-9.1662e-07,-3.16697e-06)
[DEBUG KE_KG] Nx=128, Ny=128, dx=1, T=1.30189, sample phi_dot[0]=(-2.75511e-07,3.18936e-06)
[DEBUG PE_KG] Starting computation: Nx=128, Ny=128, sample phi[0]=(-2.1384e-06,-1.52891e-06)
[DEBUG KE_KG] Nx=128, Ny=128, dx=1, T=1.53315, sample phi_dot[0]=(9.98516e-07,3.37306e-06)
[DEBUG PE_KG] Starting computation: Nx=128, Ny=128, sample phi[0]=(-2.42573e-06,1.54541e-06)
[DEBUG KE_KG] Nx=128, Ny=128, dx=1, T=1.57233, sample phi_dot[0]=(2.02705e-06,1.72542e-06)
[DEBUG PE_KG] Starting computation: Nx=128, Ny=128, sample phi[0]=(-1.37152e-06,4.52717e-06)
  Step 500/5000 | R_avg = 0.999764 | norm = 1.38598
[DEBUG KE_KG] Nx=128, Ny=128, dx=1, T=1.42053, sample phi_dot[0]=(2.21943e-06,-9.93428e-07)
[DEBUG PE_KG] Starting computation: Nx=128, Ny=128, sample phi[0]=(5.36835e-07,5.59642e-06)
[DEBUG KE_KG] Nx=128, Ny=128, dx=1, T=1.47061, sample phi_dot[0]=(1.50965e-06,-3.50642e-06)
[DEBUG PE_KG] Starting computation: Nx=128, Ny=128, sample phi[0]=(2.36987e-06,4.12106e-06)
[DEBUG KE_KG] Nx=128, Ny=128, dx=1, T=1.52574, sample phi_dot[0]=(-2.3204e-08,-4.72924e-06)
[DEBUG PE_KG] Starting computation: Nx=128, Ny=128, sample phi[0]=(3.23498e-06,6.90296e-07)
[DEBUG KE_KG] Nx=128, Ny=128, dx=1, T=1.4803, sample phi_dot[0]=(-1.57849e-06,-4.01743e-06)
[DEBUG PE_KG] Starting computation: Nx=128, Ny=128, sample phi[0]=(2.60034e-06,-3.13972e-06)
[DEBUG KE_KG] Nx=128, Ny=128, dx=1, T=1.47142, sample phi_dot[0]=(-2.34619e-06,-1.64562e-06)
[DEBUG PE_KG] Starting computation: Nx=128, Ny=128, sample phi[0]=(9.31889e-07,-5.58696e-06)
[DEBUG KE_KG] Nx=128, Ny=128, dx=1, T=1.49331, sample phi_dot[0]=(-2.29904e-06,1.14613e-06)
[DEBUG PE_KG] Starting computation: Nx=128, Ny=128, sample phi[0]=(-1.01122e-06,-5.71334e-06)
[DEBUG KE_KG] Nx=128, Ny=128, dx=1, T=1.49112, sample phi_dot[0]=(-1.45334e-06,3.35789e-06)
[DEBUG PE_KG] Starting computation: Nx=128, Ny=128, sample phi[0]=(-2.52317e-06,-3.68656e-06)
[DEBUG KE_KG] Nx=128, Ny=128, dx=1, T=1.48329, sample phi_dot[0]=(-6.76246e-08,4.43768e-06)
[DEBUG PE_KG] Starting computation: Nx=128, Ny=128, sample phi[0]=(-3.02935e-06,-3.09784e-07)
[DEBUG KE_KG] Nx=128, Ny=128, dx=1, T=1.4853, sample phi_dot[0]=(1.26041e-06,3.82003e-06)
[DEBUG PE_KG] Starting computation: Nx=128, Ny=128, sample phi[0]=(-2.31398e-06,3.12101e-06)
  Saved spatial snapshot at t = 10 (step 1000)
[DEBUG KE_KG] Nx=128, Ny=128, dx=1, T=1.48773, sample phi_dot[0]=(2.04127e-06,1.84679e-06)
[DEBUG PE_KG] Starting computation: Nx=128, Ny=128, sample phi[0]=(-7.20961e-07,5.1685e-06)
  Step 1000/5000 | R_avg = 0.999762 | norm = 1.49809
[DEBUG KE_KG] Nx=128, Ny=128, dx=1, T=1.48692, sample phi_dot[0]=(2.07336e-06,-7.4667e-07)
[DEBUG PE_KG] Starting computation: Nx=128, Ny=128, sample phi[0]=(1.08081e-06,5.02417e-06)
[DEBUG KE_KG] Nx=128, Ny=128, dx=1, T=1.48611, sample phi_dot[0]=(1.23734e-06,-3.08314e-06)
[DEBUG PE_KG] Starting computation: Nx=128, Ny=128, sample phi[0]=(2.31362e-06,2.63583e-06)
[DEBUG KE_KG] Nx=128, Ny=128, dx=1, T=1.48623, sample phi_dot[0]=(3.44471e-11,-3.60373e-06)
[DEBUG PE_KG] Starting computation: Nx=128, Ny=128, sample phi[0]=(2.38272e-06,-7.63872e-07)
[DEBUG KE_KG] Nx=128, Ny=128, dx=1, T=1.48652, sample phi_dot[0]=(-1.16343e-06,-2.43851e-06)
[DEBUG PE_KG] Starting computation: Nx=128, Ny=128, sample phi[0]=(1.28385e-06,-3.17769e-06)
[DEBUG KE_KG] Nx=128, Ny=128, dx=1, T=1.48662, sample phi_dot[0]=(-1.46909e-06,-5.94374e-07)
[DEBUG PE_KG] Starting computation: Nx=128, Ny=128, sample phi[0]=(-2.71266e-07,-3.64422e-06)
[DEBUG KE_KG] Nx=128, Ny=128, dx=1, T=1.48625, sample phi_dot[0]=(-9.43163e-07,1.30978e-06)
[DEBUG PE_KG] Starting computation: Nx=128, Ny=128, sample phi[0]=(-1.29282e-06,-2.1639e-06)
[DEBUG KE_KG] Nx=128, Ny=128, dx=1, T=1.48633, sample phi_dot[0]=(-6.76025e-08,1.80551e-06)
[DEBUG PE_KG] Starting computation: Nx=128, Ny=128, sample phi[0]=(-1.28935e-06,2.57072e-07)
[DEBUG KE_KG] Nx=128, Ny=128, dx=1, T=1.48634, sample phi_dot[0]=(5.20354e-07,7.76797e-07)
[DEBUG PE_KG] Starting computation: Nx=128, Ny=128, sample phi[0]=(-5.03724e-07,1.72138e-06)
[DEBUG KE_KG] Nx=128, Ny=128, dx=1, T=1.48619, sample phi_dot[0]=(4.33051e-07,-3.50761e-07)
[DEBUG PE_KG] Starting computation: Nx=128, Ny=128, sample phi[0]=(3.80405e-07,1.59472e-06)
[DEBUG KE_KG] Nx=128, Ny=128, dx=1, T=1.48633, sample phi_dot[0]=(-1.03026e-07,-9.15566e-07)
[DEBUG PE_KG] Starting computation: Nx=128, Ny=128, sample phi[0]=(7.21763e-07,4.15348e-07)
  Step 1500/5000 | R_avg = 0.999765 | norm = 1.49868
[DEBUG KE_KG] Nx=128, Ny=128, dx=1, T=1.48633, sample phi_dot[0]=(-4.71538e-07,-4.45221e-07)
[DEBUG PE_KG] Starting computation: Nx=128, Ny=128, sample phi[0]=(5.27422e-07,-8.82138e-07)
[DEBUG KE_KG] Nx=128, Ny=128, dx=1, T=1.48615, sample phi_dot[0]=(-6.72659e-07,4.43946e-07)
[DEBUG PE_KG] Starting computation: Nx=128, Ny=128, sample phi[0]=(3.05135e-10,-1.5227e-06)
[DEBUG KE_KG] Nx=128, Ny=128, dx=1, T=1.4862, sample phi_dot[0]=(-3.82745e-07,1.33924e-06)
[DEBUG PE_KG] Starting computation: Nx=128, Ny=128, sample phi[0]=(-5.95553e-07,-1.39414e-06)
[DEBUG KE_KG] Nx=128, Ny=128, dx=1, T=1.48628, sample phi_dot[0]=(2.27011e-07,1.79342e-06)
[DEBUG PE_KG] Starting computation: Nx=128, Ny=128, sample phi[0]=(-9.91537e-07,-5.07854e-07)
[DEBUG KE_KG] Nx=128, Ny=128, dx=1, T=1.4862, sample phi_dot[0]=(8.67252e-07,1.37382e-06)
[DEBUG PE_KG] Starting computation: Nx=128, Ny=128, sample phi[0]=(-9.9521e-07,8.04799e-07)
[DEBUG KE_KG] Nx=128, Ny=128, dx=1, T=1.48611, sample phi_dot[0]=(1.23909e-06,3.11447e-07)
[DEBUG PE_KG] Starting computation: Nx=128, Ny=128, sample phi[0]=(-5.35273e-07,1.97519e-06)
[DEBUG KE_KG] Nx=128, Ny=128, dx=1, T=1.4861, sample phi_dot[0]=(1.08446e-06,-9.39875e-07)
[DEBUG PE_KG] Starting computation: Nx=128, Ny=128, sample phi[0]=(3.04957e-07,2.64554e-06)
[DEBUG KE_KG] Nx=128, Ny=128, dx=1, T=1.48617, sample phi_dot[0]=(4.35659e-07,-2.1171e-06)
[DEBUG PE_KG] Starting computation: Nx=128, Ny=128, sample phi[0]=(1.11364e-06,2.27292e-06)
[DEBUG KE_KG] Nx=128, Ny=128, dx=1, T=1.48611, sample phi_dot[0]=(-4.16941e-07,-2.37106e-06)
[DEBUG PE_KG] Starting computation: Nx=128, Ny=128, sample phi[0]=(1.53189e-06,9.07249e-07)
[DEBUG KE_KG] Nx=128, Ny=128, dx=1, T=1.48601, sample phi_dot[0]=(-1.07658e-06,-1.78536e-06)
[DEBUG PE_KG] Starting computation: Nx=128, Ny=128, sample phi[0]=(1.20011e-06,-7.70879e-07)
  Step 2000/5000 | R_avg = 0.999774 | norm = 1.49859
[DEBUG KE_KG] Nx=128, Ny=128, dx=1, T=1.48602, sample phi_dot[0]=(-9.24158e-07,-8.46112e-07)
[DEBUG PE_KG] Starting computation: Nx=128, Ny=128, sample phi[0]=(5.7594e-07,-2.15936e-06)
[DEBUG KE_KG] Nx=128, Ny=128, dx=1, T=1.48606, sample phi_dot[0]=(-4.77194e-07,-1.7736e-07)
[DEBUG PE_KG] Starting computation: Nx=128, Ny=128, sample phi[0]=(1.51098e-07,-2.99979e-06)
