[Logging] Console output for 64x64 writing to: /home/persist/neotec/0rigin/output/20251231_012300_lorentz_force_refined_timestep/console.log
  Dirac initialization (grid-independent):
    Position: (50, 50) ℓ_P
    Width: 3 ℓ_P
    Grid coordinates: (32, 32) grid units
    Grid width: 1.92 grid units
  Using Dirac solver (spinor field)
[DiracEvolution] Initialized 64x64 4-component spinor field (particle, β=1)
[DiracEvolution] Initialized Gaussian wavepacket at (32, 32) with σ=1.92
[SMFTEngine] Dirac field initialized: center=(32,32), sigma=1.92, norm=1
[DiracEvolution] Initialized 64x64 4-component spinor field (particle, β=1)
[DiracEvolution] Initialized Gaussian wavepacket at (32, 32) with σ=1.92
  Initial energy E0 = 0.237587
  Initial norm = 1

--- Initializing Test Particle for Lorentz Force ---
  Particle initialized at (55, 50) ℓ_P
  Initial velocity: (0, 0.01) c
  Charge: -1, Mass: 0.1 (natural units)
  Verified state: pos=(55,50), vel=(0,0.01)
[stepWithDirac] Strang splitting enabled:
  substep_ratio=1
  substep_dt=0.0001
  half_substeps=0
  remaining_substeps=1
[GPU EM Compute] 1 calls | Last: 227 μs | Avg: 227 μs | Grid: 64×64
  [Kuramoto Energy] grad_R: 0.00884058, potential: -4095.03, total: -4095.02 (κ=1)
  Actual initial energy E0 = -4092.29 (from first observation including EM)
[DEBUG] Step 0: record_interval=5, record_every=5, save_every=5, record_trajectory=1, trajectory_size=0
  Using PURE uniform B-field: B_z = 0.1 (E = 0 everywhere)
  Step 0/100000 | R_avg = 0.99988 | norm = 1
[DEBUG] Step 5: record_interval=5, record_every=5, save_every=5, record_trajectory=1, trajectory_size=1
[DEBUG] Step 10: record_interval=5, record_every=5, save_every=5, record_trajectory=1, trajectory_size=2
[ERROR] Invalid theta fields detected (NaN/Inf), returning zero EM observables
[ERROR] Invalid theta fields detected (NaN/Inf), returning zero EM observables
[ERROR] Invalid theta fields detected (NaN/Inf), returning zero EM observables
[ERROR] Invalid theta fields detected (NaN/Inf), returning zero EM observables
[GPU EM Compute] 50 calls | Last: 105 μs | Avg: 106 μs | Grid: 64×64
  Step 50/100000 | R_avg = 0.999813 | norm = 0.999986
[GPU EM Compute] 100 calls | Last: 105 μs | Avg: 106 μs | Grid: 64×64
[DEBUG] Step 100: record_interval=5, record_every=5, save_every=5, record_trajectory=1, trajectory_size=20
  Step 100/100000 | R_avg = 0.99992 | norm = 0.999972
[GPU EM Compute] 150 calls | Last: 103 μs | Avg: 106 μs | Grid: 64×64
  Step 150/100000 | R_avg = 0.999924 | norm = 0.999958
[GPU EM Compute] 200 calls | Last: 104 μs | Avg: 106 μs | Grid: 64×64
  Step 200/100000 | R_avg = 0.999806 | norm = 0.999943
[GPU EM Compute] 250 calls | Last: 103 μs | Avg: 106 μs | Grid: 64×64
  Step 250/100000 | R_avg = 0.999892 | norm = 0.999929
[GPU EM Compute] 300 calls | Last: 104 μs | Avg: 106 μs | Grid: 64×64
  Step 300/100000 | R_avg = 0.999906 | norm = 0.999914
[GPU EM Compute] 350 calls | Last: 104 μs | Avg: 105 μs | Grid: 64×64
  Step 350/100000 | R_avg = 0.999804 | norm = 0.999899
[GPU EM Compute] 400 calls | Last: 104 μs | Avg: 105 μs | Grid: 64×64
  Step 400/100000 | R_avg = 0.999855 | norm = 0.999884
[GPU EM Compute] 450 calls | Last: 105 μs | Avg: 105 μs | Grid: 64×64
  Step 450/100000 | R_avg = 0.999887 | norm = 0.999869
[GPU EM Compute] 500 calls | Last: 105 μs | Avg: 105 μs | Grid: 64×64
  [Kuramoto Energy] grad_R: 0.027174, potential: -4094.23, total: -4094.2 (κ=1)
  Step 500/100000 | R_avg = 0.999779 | norm = 0.999854
[GPU EM Compute] 550 calls | Last: 103 μs | Avg: 105 μs | Grid: 64×64
  Step 550/100000 | R_avg = 0.999815 | norm = 0.99984
[GPU EM Compute] 600 calls | Last: 104 μs | Avg: 105 μs | Grid: 64×64
  Step 600/100000 | R_avg = 0.999899 | norm = 0.999826
[GPU EM Compute] 650 calls | Last: 104 μs | Avg: 105 μs | Grid: 64×64
  Step 650/100000 | R_avg = 0.999782 | norm = 0.999811
[GPU EM Compute] 700 calls | Last: 104 μs | Avg: 105 μs | Grid: 64×64
  Step 700/100000 | R_avg = 0.999905 | norm = 0.999797
[GPU EM Compute] 750 calls | Last: 90 μs | Avg: 105 μs | Grid: 64×64
  Step 750/100000 | R_avg = 0.999909 | norm = 0.999783
[GPU EM Compute] 800 calls | Last: 104 μs | Avg: 105 μs | Grid: 64×64
  Step 800/100000 | R_avg = 0.999808 | norm = 0.999768
[GPU EM Compute] 850 calls | Last: 114 μs | Avg: 105 μs | Grid: 64×64
  Step 850/100000 | R_avg = 0.999928 | norm = 0.999754
[GPU EM Compute] 900 calls | Last: 103 μs | Avg: 105 μs | Grid: 64×64
  Step 900/100000 | R_avg = 0.999808 | norm = 0.999739
[GPU EM Compute] 950 calls | Last: 104 μs | Avg: 105 μs | Grid: 64×64
  Step 950/100000 | R_avg = 0.999894 | norm = 0.999724
[GPU EM Compute] 1000 calls | Last: 109 μs | Avg: 105 μs | Grid: 64×64
  [Kuramoto Energy] grad_R: 0.0278154, potential: -4094.26, total: -4094.23 (κ=1)
[DEBUG] Step 1000: record_interval=5, record_every=5, save_every=5, record_trajectory=1, trajectory_size=200
  Step 1000/100000 | R_avg = 0.999782 | norm = 0.99971
[GPU EM Compute] 1050 calls | Last: 104 μs | Avg: 105 μs | Grid: 64×64
  Step 1050/100000 | R_avg = 0.999881 | norm = 0.999696
[GPU EM Compute] 1100 calls | Last: 111 μs | Avg: 105 μs | Grid: 64×64
  Step 1100/100000 | R_avg = 0.999831 | norm = 0.999681
[GPU EM Compute] 1150 calls | Last: 105 μs | Avg: 105 μs | Grid: 64×64
  Step 1150/100000 | R_avg = 0.999812 | norm = 0.999667
[GPU EM Compute] 1200 calls | Last: 104 μs | Avg: 105 μs | Grid: 64×64
  Step 1200/100000 | R_avg = 0.999868 | norm = 0.999652
[GPU EM Compute] 1250 calls | Last: 104 μs | Avg: 105 μs | Grid: 64×64
  Step 1250/100000 | R_avg = 0.999749 | norm = 0.999638
[GPU EM Compute] 1300 calls | Last: 104 μs | Avg: 105 μs | Grid: 64×64
  Step 1300/100000 | R_avg = 0.999802 | norm = 0.999623
[GPU EM Compute] 1350 calls | Last: 104 μs | Avg: 105 μs | Grid: 64×64
  Step 1350/100000 | R_avg = 0.999911 | norm = 0.999608
[GPU EM Compute] 1400 calls | Last: 107 μs | Avg: 105 μs | Grid: 64×64
  Step 1400/100000 | R_avg = 0.999892 | norm = 0.999595
[GPU EM Compute] 1450 calls | Last: 104 μs | Avg: 105 μs | Grid: 64×64
  Step 1450/100000 | R_avg = 0.999807 | norm = 0.99958
[GPU EM Compute] 1500 calls | Last: 92 μs | Avg: 105 μs | Grid: 64×64
  [Kuramoto Energy] grad_R: 0.013212, potential: -4095.17, total: -4095.15 (κ=1)
  Step 1500/100000 | R_avg = 0.999896 | norm = 0.999566
[GPU EM Compute] 1550 calls | Last: 104 μs | Avg: 105 μs | Grid: 64×64
  Step 1550/100000 | R_avg = 0.999878 | norm = 0.999551
[GPU EM Compute] 1600 calls | Last: 104 μs | Avg: 105 μs | Grid: 64×64
  Step 1600/100000 | R_avg = 0.999906 | norm = 0.999536
[GPU EM Compute] 1650 calls | Last: 124 μs | Avg: 105 μs | Grid: 64×64
  Step 1650/100000 | R_avg = 0.999873 | norm = 0.99952
[GPU EM Compute] 1700 calls | Last: 104 μs | Avg: 105 μs | Grid: 64×64
  Step 1700/100000 | R_avg = 0.999782 | norm = 0.999505
[GPU EM Compute] 1750 calls | Last: 103 μs | Avg: 105 μs | Grid: 64×64
  Step 1750/100000 | R_avg = 0.999867 | norm = 0.999491
[GPU EM Compute] 1800 calls | Last: 107 μs | Avg: 105 μs | Grid: 64×64
  Step 1800/100000 | R_avg = 0.999799 | norm = 0.999475
[GPU EM Compute] 1850 calls | Last: 66 μs | Avg: 105 μs | Grid: 64×64
  Step 1850/100000 | R_avg = 0.999861 | norm = 0.99946
[GPU EM Compute] 1900 calls | Last: 91 μs | Avg: 105 μs | Grid: 64×64
  Step 1900/100000 | R_avg = 0.999916 | norm = 0.999445
[GPU EM Compute] 1950 calls | Last: 103 μs | Avg: 105 μs | Grid: 64×64
  Step 1950/100000 | R_avg = 0.999822 | norm = 0.99943
[GPU EM Compute] 2000 calls | Last: 104 μs | Avg: 105 μs | Grid: 64×64
  [Kuramoto Energy] grad_R: 0.0156224, potential: -4094.9, total: -4094.89 (κ=1)
  Step 2000/100000 | R_avg = 0.999863 | norm = 0.999415
[GPU EM Compute] 2050 calls | Last: 90 μs | Avg: 105 μs | Grid: 64×64
  Step 2050/100000 | R_avg = 0.999808 | norm = 0.9994
[GPU EM Compute] 2100 calls | Last: 103 μs | Avg: 105 μs | Grid: 64×64
  Step 2100/100000 | R_avg = 0.999844 | norm = 0.999385
[GPU EM Compute] 2150 calls | Last: 99 μs | Avg: 105 μs | Grid: 64×64
  Step 2150/100000 | R_avg = 0.999862 | norm = 0.99937
[GPU EM Compute] 2200 calls | Last: 69 μs | Avg: 105 μs | Grid: 64×64
  Step 2200/100000 | R_avg = 0.999775 | norm = 0.999355
[GPU EM Compute] 2250 calls | Last: 106 μs | Avg: 105 μs | Grid: 64×64
  Step 2250/100000 | R_avg = 0.999817 | norm = 0.99934
[GPU EM Compute] 2300 calls | Last: 104 μs | Avg: 105 μs | Grid: 64×64
  Step 2300/100000 | R_avg = 0.999835 | norm = 0.999325
[GPU EM Compute] 2350 calls | Last: 104 μs | Avg: 105 μs | Grid: 64×64
  Step 2350/100000 | R_avg = 0.999795 | norm = 0.999309
[GPU EM Compute] 2400 calls | Last: 105 μs | Avg: 105 μs | Grid: 64×64
  Step 2400/100000 | R_avg = 0.999822 | norm = 0.999295
[GPU EM Compute] 2450 calls | Last: 103 μs | Avg: 105 μs | Grid: 64×64
  Step 2450/100000 | R_avg = 0.999839 | norm = 0.999279
[GPU EM Compute] 2500 calls | Last: 104 μs | Avg: 105 μs | Grid: 64×64
  [Kuramoto Energy] grad_R: 0.0242181, potential: -4094.3, total: -4094.28 (κ=1)
  Step 2500/100000 | R_avg = 0.999789 | norm = 0.999264
[GPU EM Compute] 2550 calls | Last: 106 μs | Avg: 105 μs | Grid: 64×64
  Step 2550/100000 | R_avg = 0.999805 | norm = 0.99925
[GPU EM Compute] 2600 calls | Last: 107 μs | Avg: 105 μs | Grid: 64×64
  Step 2600/100000 | R_avg = 0.999826 | norm = 0.999235
[GPU EM Compute] 2650 calls | Last: 108 μs | Avg: 105 μs | Grid: 64×64
  Step 2650/100000 | R_avg = 0.999809 | norm = 0.99922
[GPU EM Compute] 2700 calls | Last: 63 μs | Avg: 105 μs | Grid: 64×64
  Step 2700/100000 | R_avg = 0.999753 | norm = 0.999205
[GPU EM Compute] 2750 calls | Last: 105 μs | Avg: 105 μs | Grid: 64×64
  Step 2750/100000 | R_avg = 0.99992 | norm = 0.99919
[GPU EM Compute] 2800 calls | Last: 106 μs | Avg: 105 μs | Grid: 64×64
  Step 2800/100000 | R_avg = 0.999867 | norm = 0.999175
[GPU EM Compute] 2850 calls | Last: 103 μs | Avg: 105 μs | Grid: 64×64
  Step 2850/100000 | R_avg = 0.999848 | norm = 0.99916
[GPU EM Compute] 2900 calls | Last: 103 μs | Avg: 105 μs | Grid: 64×64
  Step 2900/100000 | R_avg = 0.999841 | norm = 0.999145
[GPU EM Compute] 2950 calls | Last: 103 μs | Avg: 105 μs | Grid: 64×64
  Step 2950/100000 | R_avg = 0.99989 | norm = 0.99913
[GPU EM Compute] 3000 calls | Last: 104 μs | Avg: 105 μs | Grid: 64×64
  [Kuramoto Energy] grad_R: 0.0210778, potential: -4094.6, total: -4094.58 (κ=1)
  Step 3000/100000 | R_avg = 0.999826 | norm = 0.999115
[GPU EM Compute] 3050 calls | Last: 105 μs | Avg: 105 μs | Grid: 64×64
  Step 3050/100000 | R_avg = 0.999833 | norm = 0.999099
[GPU EM Compute] 3100 calls | Last: 106 μs | Avg: 105 μs | Grid: 64×64
  Step 3100/100000 | R_avg = 0.999854 | norm = 0.999084
[GPU EM Compute] 3150 calls | Last: 106 μs | Avg: 105 μs | Grid: 64×64
  Step 3150/100000 | R_avg = 0.999836 | norm = 0.999068
[GPU EM Compute] 3200 calls | Last: 104 μs | Avg: 105 μs | Grid: 64×64
  Step 3200/100000 | R_avg = 0.999846 | norm = 0.999053
[GPU EM Compute] 3250 calls | Last: 105 μs | Avg: 105 μs | Grid: 64×64
  Step 3250/100000 | R_avg = 0.99982 | norm = 0.999038
[GPU EM Compute] 3300 calls | Last: 104 μs | Avg: 105 μs | Grid: 64×64
  Step 3300/100000 | R_avg = 0.999856 | norm = 0.999023
[GPU EM Compute] 3350 calls | Last: 104 μs | Avg: 105 μs | Grid: 64×64
  Step 3350/100000 | R_avg = 0.999853 | norm = 0.999008
[GPU EM Compute] 3400 calls | Last: 105 μs | Avg: 105 μs | Grid: 64×64
  Step 3400/100000 | R_avg = 0.999853 | norm = 0.998993
[GPU EM Compute] 3450 calls | Last: 104 μs | Avg: 105 μs | Grid: 64×64
  Step 3450/100000 | R_avg = 0.999798 | norm = 0.998977
[GPU EM Compute] 3500 calls | Last: 149 μs | Avg: 106 μs | Grid: 64×64
  [Kuramoto Energy] grad_R: 0.0186878, potential: -4094.79, total: -4094.77 (κ=1)
  Step 3500/100000 | R_avg = 0.999849 | norm = 0.998962
[GPU EM Compute] 3550 calls | Last: 108 μs | Avg: 106 μs | Grid: 64×64
  Step 3550/100000 | R_avg = 0.999823 | norm = 0.998947
[GPU EM Compute] 3600 calls | Last: 106 μs | Avg: 106 μs | Grid: 64×64
  Step 3600/100000 | R_avg = 0.999884 | norm = 0.998933
[GPU EM Compute] 3650 calls | Last: 108 μs | Avg: 106 μs | Grid: 64×64
  Step 3650/100000 | R_avg = 0.999807 | norm = 0.998918
[GPU EM Compute] 3700 calls | Last: 58 μs | Avg: 106 μs | Grid: 64×64
  Step 3700/100000 | R_avg = 0.999759 | norm = 0.998902
[GPU EM Compute] 3750 calls | Last: 134 μs | Avg: 106 μs | Grid: 64×64
  Step 3750/100000 | R_avg = 0.999809 | norm = 0.998887
[GPU EM Compute] 3800 calls | Last: 110 μs | Avg: 106 μs | Grid: 64×64
  Step 3800/100000 | R_avg = 0.999943 | norm = 0.998872
[GPU EM Compute] 3850 calls | Last: 104 μs | Avg: 106 μs | Grid: 64×64
  Step 3850/100000 | R_avg = 0.999831 | norm = 0.998856
[GPU EM Compute] 3900 calls | Last: 105 μs | Avg: 106 μs | Grid: 64×64
  Step 3900/100000 | R_avg = 0.99985 | norm = 0.998841
[GPU EM Compute] 3950 calls | Last: 100 μs | Avg: 105 μs | Grid: 64×64
  Step 3950/100000 | R_avg = 0.999838 | norm = 0.998826
[GPU EM Compute] 4000 calls | Last: 104 μs | Avg: 105 μs | Grid: 64×64
  [Kuramoto Energy] grad_R: 0.0128998, potential: -4095.06, total: -4095.05 (κ=1)
  Step 4000/100000 | R_avg = 0.999883 | norm = 0.998811
[GPU EM Compute] 4050 calls | Last: 103 μs | Avg: 105 μs | Grid: 64×64
  Step 4050/100000 | R_avg = 0.999865 | norm = 0.998796
[GPU EM Compute] 4100 calls | Last: 103 μs | Avg: 105 μs | Grid: 64×64
  Step 4100/100000 | R_avg = 0.999875 | norm = 0.998781
[GPU EM Compute] 4150 calls | Last: 115 μs | Avg: 105 μs | Grid: 64×64
  Step 4150/100000 | R_avg = 0.999807 | norm = 0.998765
[GPU EM Compute] 4200 calls | Last: 104 μs | Avg: 105 μs | Grid: 64×64
  Step 4200/100000 | R_avg = 0.999893 | norm = 0.99875
[GPU EM Compute] 4250 calls | Last: 104 μs | Avg: 105 μs | Grid: 64×64
  Step 4250/100000 | R_avg = 0.999838 | norm = 0.998734
[GPU EM Compute] 4300 calls | Last: 108 μs | Avg: 105 μs | Grid: 64×64
  Step 4300/100000 | R_avg = 0.999854 | norm = 0.998718
[GPU EM Compute] 4350 calls | Last: 89 μs | Avg: 105 μs | Grid: 64×64
  Step 4350/100000 | R_avg = 0.999827 | norm = 0.998703
[GPU EM Compute] 4400 calls | Last: 104 μs | Avg: 105 μs | Grid: 64×64
  Step 4400/100000 | R_avg = 0.999795 | norm = 0.998687
[GPU EM Compute] 4450 calls | Last: 105 μs | Avg: 105 μs | Grid: 64×64
  Step 4450/100000 | R_avg = 0.99988 | norm = 0.998672
[GPU EM Compute] 4500 calls | Last: 104 μs | Avg: 105 μs | Grid: 64×64
  [Kuramoto Energy] grad_R: 0.0107242, potential: -4095.23, total: -4095.22 (κ=1)
  Step 4500/100000 | R_avg = 0.999904 | norm = 0.998657
[GPU EM Compute] 4550 calls | Last: 108 μs | Avg: 105 μs | Grid: 64×64
  Step 4550/100000 | R_avg = 0.999924 | norm = 0.998641
[GPU EM Compute] 4600 calls | Last: 106 μs | Avg: 105 μs | Grid: 64×64
  Step 4600/100000 | R_avg = 0.999903 | norm = 0.998625
[GPU EM Compute] 4650 calls | Last: 105 μs | Avg: 105 μs | Grid: 64×64
  Step 4650/100000 | R_avg = 0.999921 | norm = 0.998609
[GPU EM Compute] 4700 calls | Last: 108 μs | Avg: 105 μs | Grid: 64×64
  Step 4700/100000 | R_avg = 0.999863 | norm = 0.998594
[GPU EM Compute] 4750 calls | Last: 107 μs | Avg: 105 μs | Grid: 64×64
  Step 4750/100000 | R_avg = 0.999866 | norm = 0.998579
[GPU EM Compute] 4800 calls | Last: 115 μs | Avg: 105 μs | Grid: 64×64
  Step 4800/100000 | R_avg = 0.999893 | norm = 0.998563
[GPU EM Compute] 4850 calls | Last: 103 μs | Avg: 105 μs | Grid: 64×64
  Step 4850/100000 | R_avg = 0.999836 | norm = 0.998547
[GPU EM Compute] 4900 calls | Last: 108 μs | Avg: 105 μs | Grid: 64×64
  Step 4900/100000 | R_avg = 0.999889 | norm = 0.998532
[GPU EM Compute] 4950 calls | Last: 104 μs | Avg: 105 μs | Grid: 64×64
  Step 4950/100000 | R_avg = 0.999812 | norm = 0.998517
[GPU EM Compute] 5000 calls | Last: 104 μs | Avg: 105 μs | Grid: 64×64
  [Kuramoto Energy] grad_R: 0.0209948, potential: -4094.5, total: -4094.48 (κ=1)
  Step 5000/100000 | R_avg = 0.999813 | norm = 0.998502
[GPU EM Compute] 5050 calls | Last: 105 μs | Avg: 105 μs | Grid: 64×64
  Step 5050/100000 | R_avg = 0.99988 | norm = 0.998486
[GPU EM Compute] 5100 calls | Last: 105 μs | Avg: 105 μs | Grid: 64×64
  Step 5100/100000 | R_avg = 0.999811 | norm = 0.99847
[GPU EM Compute] 5150 calls | Last: 106 μs | Avg: 105 μs | Grid: 64×64
  Step 5150/100000 | R_avg = 0.999836 | norm = 0.998455
[GPU EM Compute] 5200 calls | Last: 104 μs | Avg: 105 μs | Grid: 64×64
  Step 5200/100000 | R_avg = 0.999845 | norm = 0.99844
[GPU EM Compute] 5250 calls | Last: 121 μs | Avg: 105 μs | Grid: 64×64
  Step 5250/100000 | R_avg = 0.999832 | norm = 0.998425
[GPU EM Compute] 5300 calls | Last: 104 μs | Avg: 105 μs | Grid: 64×64
  Step 5300/100000 | R_avg = 0.999813 | norm = 0.998409
[GPU EM Compute] 5350 calls | Last: 103 μs | Avg: 105 μs | Grid: 64×64
  Step 5350/100000 | R_avg = 0.999857 | norm = 0.998394
[GPU EM Compute] 5400 calls | Last: 103 μs | Avg: 105 μs | Grid: 64×64
  Step 5400/100000 | R_avg = 0.999861 | norm = 0.998378
[GPU EM Compute] 5450 calls | Last: 103 μs | Avg: 105 μs | Grid: 64×64
  Step 5450/100000 | R_avg = 0.99985 | norm = 0.998362
[GPU EM Compute] 5500 calls | Last: 104 μs | Avg: 105 μs | Grid: 64×64
  [Kuramoto Energy] grad_R: 0.0188418, potential: -4094.66, total: -4094.65 (κ=1)
  Step 5500/100000 | R_avg = 0.999834 | norm = 0.998346
[GPU EM Compute] 5550 calls | Last: 106 μs | Avg: 105 μs | Grid: 64×64
  Step 5550/100000 | R_avg = 0.999811 | norm = 0.998331
[GPU EM Compute] 5600 calls | Last: 107 μs | Avg: 105 μs | Grid: 64×64
  Step 5600/100000 | R_avg = 0.999769 | norm = 0.998316
[GPU EM Compute] 5650 calls | Last: 108 μs | Avg: 105 μs | Grid: 64×64
  Step 5650/100000 | R_avg = 0.999844 | norm = 0.9983
[GPU EM Compute] 5700 calls | Last: 104 μs | Avg: 105 μs | Grid: 64×64
  Step 5700/100000 | R_avg = 0.999881 | norm = 0.998284
[GPU EM Compute] 5750 calls | Last: 106 μs | Avg: 105 μs | Grid: 64×64
  Step 5750/100000 | R_avg = 0.999849 | norm = 0.998268
[GPU EM Compute] 5800 calls | Last: 65 μs | Avg: 105 μs | Grid: 64×64
  Step 5800/100000 | R_avg = 0.999816 | norm = 0.998252
[GPU EM Compute] 5850 calls | Last: 104 μs | Avg: 105 μs | Grid: 64×64
  Step 5850/100000 | R_avg = 0.999865 | norm = 0.998237
[GPU EM Compute] 5900 calls | Last: 102 μs | Avg: 105 μs | Grid: 64×64
  Step 5900/100000 | R_avg = 0.999827 | norm = 0.998221
[GPU EM Compute] 5950 calls | Last: 104 μs | Avg: 105 μs | Grid: 64×64
  Step 5950/100000 | R_avg = 0.999901 | norm = 0.998205
[GPU EM Compute] 6000 calls | Last: 105 μs | Avg: 105 μs | Grid: 64×64
  [Kuramoto Energy] grad_R: 0.00357558, potential: -4095.54, total: -4095.54 (κ=1)
  Step 6000/100000 | R_avg = 0.999944 | norm = 0.99819
[GPU EM Compute] 6050 calls | Last: 106 μs | Avg: 105 μs | Grid: 64×64
  Step 6050/100000 | R_avg = 0.999846 | norm = 0.998175
[GPU EM Compute] 6100 calls | Last: 104 μs | Avg: 105 μs | Grid: 64×64
  Step 6100/100000 | R_avg = 0.999888 | norm = 0.998159
[GPU EM Compute] 6150 calls | Last: 103 μs | Avg: 105 μs | Grid: 64×64
  Step 6150/100000 | R_avg = 0.999849 | norm = 0.998144
[GPU EM Compute] 6200 calls | Last: 103 μs | Avg: 105 μs | Grid: 64×64
  Step 6200/100000 | R_avg = 0.999828 | norm = 0.998128
[GPU EM Compute] 6250 calls | Last: 104 μs | Avg: 105 μs | Grid: 64×64
  Step 6250/100000 | R_avg = 0.999883 | norm = 0.998112
[GPU EM Compute] 6300 calls | Last: 105 μs | Avg: 105 μs | Grid: 64×64
  Step 6300/100000 | R_avg = 0.999868 | norm = 0.998097
[GPU EM Compute] 6350 calls | Last: 90 μs | Avg: 105 μs | Grid: 64×64
  Step 6350/100000 | R_avg = 0.999867 | norm = 0.998081
[GPU EM Compute] 6400 calls | Last: 104 μs | Avg: 105 μs | Grid: 64×64
  Step 6400/100000 | R_avg = 0.999833 | norm = 0.998066
[GPU EM Compute] 6450 calls | Last: 72 μs | Avg: 105 μs | Grid: 64×64
  Step 6450/100000 | R_avg = 0.999788 | norm = 0.998051
[GPU EM Compute] 6500 calls | Last: 124 μs | Avg: 105 μs | Grid: 64×64
  [Kuramoto Energy] grad_R: 0.0228798, potential: -4094.4, total: -4094.38 (κ=1)
  Step 6500/100000 | R_avg = 0.999801 | norm = 0.998035
[GPU EM Compute] 6550 calls | Last: 104 μs | Avg: 105 μs | Grid: 64×64
  Step 6550/100000 | R_avg = 0.999785 | norm = 0.99802
[GPU EM Compute] 6600 calls | Last: 104 μs | Avg: 105 μs | Grid: 64×64
  Step 6600/100000 | R_avg = 0.999847 | norm = 0.998004
[GPU EM Compute] 6650 calls | Last: 105 μs | Avg: 105 μs | Grid: 64×64
  Step 6650/100000 | R_avg = 0.999955 | norm = 0.997989
[GPU EM Compute] 6700 calls | Last: 104 μs | Avg: 105 μs | Grid: 64×64
  Step 6700/100000 | R_avg = 0.999865 | norm = 0.997973
[GPU EM Compute] 6750 calls | Last: 114 μs | Avg: 105 μs | Grid: 64×64
  Step 6750/100000 | R_avg = 0.999849 | norm = 0.997958
[GPU EM Compute] 6800 calls | Last: 105 μs | Avg: 105 μs | Grid: 64×64
  Step 6800/100000 | R_avg = 0.999795 | norm = 0.997942
[GPU EM Compute] 6850 calls | Last: 104 μs | Avg: 105 μs | Grid: 64×64
  Step 6850/100000 | R_avg = 0.999818 | norm = 0.997927
[GPU EM Compute] 6900 calls | Last: 104 μs | Avg: 105 μs | Grid: 64×64
  Step 6900/100000 | R_avg = 0.999866 | norm = 0.997911
[GPU EM Compute] 6950 calls | Last: 104 μs | Avg: 105 μs | Grid: 64×64
  Step 6950/100000 | R_avg = 0.99981 | norm = 0.997896
[GPU EM Compute] 7000 calls | Last: 104 μs | Avg: 105 μs | Grid: 64×64
  [Kuramoto Energy] grad_R: 0.0190027, potential: -4094.69, total: -4094.68 (κ=1)
  Step 7000/100000 | R_avg = 0.999837 | norm = 0.997881
[GPU EM Compute] 7050 calls | Last: 105 μs | Avg: 105 μs | Grid: 64×64
  Step 7050/100000 | R_avg = 0.999944 | norm = 0.997865
[GPU EM Compute] 7100 calls | Last: 145 μs | Avg: 105 μs | Grid: 64×64
  Step 7100/100000 | R_avg = 0.999835 | norm = 0.99785
[GPU EM Compute] 7150 calls | Last: 104 μs | Avg: 105 μs | Grid: 64×64
  Step 7150/100000 | R_avg = 0.999841 | norm = 0.997834
[GPU EM Compute] 7200 calls | Last: 103 μs | Avg: 105 μs | Grid: 64×64
  Step 7200/100000 | R_avg = 0.999844 | norm = 0.997818
[GPU EM Compute] 7250 calls | Last: 108 μs | Avg: 105 μs | Grid: 64×64
  Step 7250/100000 | R_avg = 0.99984 | norm = 0.997802
[GPU EM Compute] 7300 calls | Last: 103 μs | Avg: 105 μs | Grid: 64×64
  Step 7300/100000 | R_avg = 0.999903 | norm = 0.997787
[GPU EM Compute] 7350 calls | Last: 104 μs | Avg: 105 μs | Grid: 64×64
  Step 7350/100000 | R_avg = 0.99984 | norm = 0.997771
[GPU EM Compute] 7400 calls | Last: 104 μs | Avg: 105 μs | Grid: 64×64
  Step 7400/100000 | R_avg = 0.999812 | norm = 0.997755
[GPU EM Compute] 7450 calls | Last: 106 μs | Avg: 105 μs | Grid: 64×64
  Step 7450/100000 | R_avg = 0.999859 | norm = 0.997739
[GPU EM Compute] 7500 calls | Last: 105 μs | Avg: 105 μs | Grid: 64×64
  [Kuramoto Energy] grad_R: 0.0202332, potential: -4094.71, total: -4094.69 (κ=1)
  Step 7500/100000 | R_avg = 0.999839 | norm = 0.997723
[GPU EM Compute] 7550 calls | Last: 104 μs | Avg: 105 μs | Grid: 64×64
  Step 7550/100000 | R_avg = 0.99984 | norm = 0.997708
[GPU EM Compute] 7600 calls | Last: 119 μs | Avg: 105 μs | Grid: 64×64
  Step 7600/100000 | R_avg = 0.9998 | norm = 0.997692
[GPU EM Compute] 7650 calls | Last: 102 μs | Avg: 105 μs | Grid: 64×64
  Step 7650/100000 | R_avg = 0.999849 | norm = 0.997676
