[Logging] Console output for 128x128 v=0.3c writing to: /home/persist/neotec/0rigin/output/20251224_185628_scenario_2.6B_electromagnetic_coupling_128x128_v0.3/console.log

--- Testing with N=1 ---
  Dirac initialization (grid-independent):
    Position: (50, 50) ℓ_P
    Width: 3 ℓ_P
    Grid coordinates: (64, 64) grid units
    Grid width: 3.84 grid units
  Using Dirac solver (spinor field) with boosted initialization
    Background R (expected): 1
[DiracEvolution] Initialized 128x128 4-component spinor field (particle, β=1)
[SMFT] Boosted Gaussian initialization:
  Position: (64, 64) grid units
  Width: σ = 3.84 grid units
  Velocity: v = (0.3, 0)c
  |v| = 0.3c
  Lorentz factor: γ = 1.04828
  Rest mass: m₀ = Δ·R = 1 × 1 = 1 m_P
  Momentum: p = (0.314485, 0) m_P·c
  |p| = 0.314485 m_P·c
  Pre-normalization: ∫|Ψ|² = 92.6492
  Normalization factor: 9.62545
[DiracEvolution] Initialized Gaussian wavepacket at (64, 64) with σ=3.84
  Final norm: ||Ψ||² = 1
  Initial position: <r> = (64, 64)
✓ Boosted Gaussian initialized
[SMFTEngine] Boosted Dirac field initialized: center=(64,64), sigma=3.84, boost=(0.3,0)c, norm=1, <r>=(64,64)
[DiracEvolution] Initialized 128x128 4-component spinor field (particle, β=1)
[SMFT] Boosted Gaussian initialization:
  Position: (64, 64) grid units
  Width: σ = 3.84 grid units
  Velocity: v = (0.3, 0)c
  |v| = 0.3c
  Lorentz factor: γ = 1.04828
  Rest mass: m₀ = Δ·R = 1 × 1 = 1 m_P
  Momentum: p = (0.314485, 0) m_P·c
  |p| = 0.314485 m_P·c
  Pre-normalization: ∫|Ψ|² = 92.6492
  Normalization factor: 9.62545
[DiracEvolution] Initialized Gaussian wavepacket at (64, 64) with σ=3.84
  Final norm: ||Ψ||² = 1
  Initial position: <r> = (64, 64)
✓ Boosted Gaussian initialized
  Initial energy E0 = 0.154978
  Initial norm = 1
[stepWithDirac] Strang splitting enabled:
  substep_ratio=1
  substep_dt=0.01
  half_substeps=0
  remaining_substeps=1
  Saved spatial snapshot at t = 0 (step 0)
  Step 0/5000 | R_avg = 0.995024 | norm = 1
  Step 100/5000 | R_avg = 0.995033 | norm = 0.99998
  Step 200/5000 | R_avg = 0.995039 | norm = 0.999958
  Step 300/5000 | R_avg = 0.995024 | norm = 0.999935
  Step 400/5000 | R_avg = 0.995033 | norm = 0.999911
  Step 500/5000 | R_avg = 0.995039 | norm = 0.999887
  Step 600/5000 | R_avg = 0.995024 | norm = 0.999862
  Step 700/5000 | R_avg = 0.995033 | norm = 0.999836
  Step 800/5000 | R_avg = 0.995039 | norm = 0.99981
  Step 900/5000 | R_avg = 0.995024 | norm = 0.999784
  Saved spatial snapshot at t = 10 (step 1000)
  Step 1000/5000 | R_avg = 0.995033 | norm = 0.999758
  Step 1100/5000 | R_avg = 0.995039 | norm = 0.999731
  Step 1200/5000 | R_avg = 0.995024 | norm = 0.999704
  Step 1300/5000 | R_avg = 0.995033 | norm = 0.999677
  Step 1400/5000 | R_avg = 0.995039 | norm = 0.99965
  Step 1500/5000 | R_avg = 0.995024 | norm = 0.999623
  Step 1600/5000 | R_avg = 0.995033 | norm = 0.999596
  Step 1700/5000 | R_avg = 0.995039 | norm = 0.999569
  Step 1800/5000 | R_avg = 0.995024 | norm = 0.999542
  Step 1900/5000 | R_avg = 0.995033 | norm = 0.999515
  Step 2000/5000 | R_avg = 0.995039 | norm = 0.999487
  Step 2100/5000 | R_avg = 0.995023 | norm = 0.999459
  Step 2200/5000 | R_avg = 0.995033 | norm = 0.999431
  Step 2300/5000 | R_avg = 0.995039 | norm = 0.999403
  Step 2400/5000 | R_avg = 0.995023 | norm = 0.999375
  Saved spatial snapshot at t = 25 (step 2500)
  Step 2500/5000 | R_avg = 0.995033 | norm = 0.999347
  Step 2600/5000 | R_avg = 0.995039 | norm = 0.999319
  Step 2700/5000 | R_avg = 0.995023 | norm = 0.999291
  Step 2800/5000 | R_avg = 0.995033 | norm = 0.999264
  Step 2900/5000 | R_avg = 0.995039 | norm = 0.999238
  Step 3000/5000 | R_avg = 0.995023 | norm = 0.999211
  Step 3100/5000 | R_avg = 0.995033 | norm = 0.999185
  Step 3200/5000 | R_avg = 0.995039 | norm = 0.999159
  Step 3300/5000 | R_avg = 0.995023 | norm = 0.999133
  Step 3400/5000 | R_avg = 0.995033 | norm = 0.999107
  Step 3500/5000 | R_avg = 0.995039 | norm = 0.999081
  Step 3600/5000 | R_avg = 0.995023 | norm = 0.999055
  Step 3700/5000 | R_avg = 0.995033 | norm = 0.999029
  Step 3800/5000 | R_avg = 0.995039 | norm = 0.999003
  Step 3900/5000 | R_avg = 0.995023 | norm = 0.998976
  Step 4000/5000 | R_avg = 0.995033 | norm = 0.998949
  Step 4100/5000 | R_avg = 0.995039 | norm = 0.998922
  Step 4200/5000 | R_avg = 0.995023 | norm = 0.998894
  Step 4300/5000 | R_avg = 0.995033 | norm = 0.998867
  Step 4400/5000 | R_avg = 0.995039 | norm = 0.99884
  Step 4500/5000 | R_avg = 0.995023 | norm = 0.998812
  Step 4600/5000 | R_avg = 0.995033 | norm = 0.998785
  Step 4700/5000 | R_avg = 0.995039 | norm = 0.998757
  Step 4800/5000 | R_avg = 0.995023 | norm = 0.998729
  Step 4900/5000 | R_avg = 0.995033 | norm = 0.998702
  Saved spatial snapshot at t = 49.99 (step 4999)

===== Global Validation =====
✓ Global validation PASSED
  ✓ Probability Conservation: ||ψ||² = 0.998674 (drift: 0.13266% from initial 1) ✓ PASS
  ✓ Energy Conservation: E_total = 1.14879 (drift: 0.144677% from initial 1.15045) ✓ PASS
  ✓ Order Parameter Bounds: R ∈ [0, 0] ✓ PASS (within [0,1])
  ✓ Causality: v = |p|/E = 0.26462 (c = 1) ✓ PASS (v ≤ c)
  ✓ Numerical Stability: All fields finite ✓ PASS
  Norm validation: max_error = 0.00132573 ✓ PASS
  Energy validation: max_drift = 0.00162093 ✓ PASS
  Saved observables to /home/persist/neotec/0rigin/output/20251224_185628_scenario_2.6B_electromagnetic_coupling_128x128_v0.3/N_1/observables.csv

--- Testing with N=10 ---
  Dirac initialization (grid-independent):
    Position: (50, 50) ℓ_P
    Width: 3 ℓ_P
    Grid coordinates: (64, 64) grid units
    Grid width: 3.84 grid units
  Using Dirac solver (spinor field) with boosted initialization
    Background R (expected): 1
[SMFT] Boosted Gaussian initialization:
  Position: (64, 64) grid units
  Width: σ = 3.84 grid units
  Velocity: v = (0.3, 0)c
  |v| = 0.3c
  Lorentz factor: γ = 1.04828
  Rest mass: m₀ = Δ·R = 1 × 1 = 1 m_P
  Momentum: p = (0.314485, 0) m_P·c
  |p| = 0.314485 m_P·c
  Pre-normalization: ∫|Ψ|² = 92.6492
  Normalization factor: 9.62545
[DiracEvolution] Initialized Gaussian wavepacket at (64, 64) with σ=3.84
  Final norm: ||Ψ||² = 1
  Initial position: <r> = (64, 64)
✓ Boosted Gaussian initialized
[SMFTEngine] Boosted Dirac field initialized: center=(64,64), sigma=3.84, boost=(0.3,0)c, norm=1, <r>=(64,64)
[DiracEvolution] Initialized 128x128 4-component spinor field (particle, β=1)
[SMFT] Boosted Gaussian initialization:
  Position: (64, 64) grid units
  Width: σ = 3.84 grid units
  Velocity: v = (0.3, 0)c
  |v| = 0.3c
  Lorentz factor: γ = 1.04828
  Rest mass: m₀ = Δ·R = 1 × 1 = 1 m_P
  Momentum: p = (0.314485, 0) m_P·c
  |p| = 0.314485 m_P·c
  Pre-normalization: ∫|Ψ|² = 92.6492
  Normalization factor: 9.62545
[DiracEvolution] Initialized Gaussian wavepacket at (64, 64) with σ=3.84
  Final norm: ||Ψ||² = 1
  Initial position: <r> = (64, 64)
✓ Boosted Gaussian initialized
  Initial energy E0 = 1.15165
  Initial norm = 1
  Saved spatial snapshot at t = 0 (step 0)
  Step 0/5000 | R_avg = 0.995039 | norm = 1
  Step 100/5000 | R_avg = 0.995034 | norm = 0.999979
  Step 200/5000 | R_avg = 0.995033 | norm = 0.999958
  Step 300/5000 | R_avg = 0.995024 | norm = 0.999935
  Step 400/5000 | R_avg = 0.995043 | norm = 0.999911
  Step 500/5000 | R_avg = 0.995028 | norm = 0.999887
  Step 600/5000 | R_avg = 0.995033 | norm = 0.999862
  Step 700/5000 | R_avg = 0.995026 | norm = 0.999837
  Step 800/5000 | R_avg = 0.995036 | norm = 0.999811
  Step 900/5000 | R_avg = 0.995039 | norm = 0.999785
  Saved spatial snapshot at t = 10 (step 1000)
  Step 1000/5000 | R_avg = 0.995034 | norm = 0.999759
  Step 1100/5000 | R_avg = 0.995033 | norm = 0.999733
  Step 1200/5000 | R_avg = 0.995024 | norm = 0.999706
  Step 1300/5000 | R_avg = 0.995043 | norm = 0.999679
  Step 1400/5000 | R_avg = 0.995028 | norm = 0.999653
  Step 1500/5000 | R_avg = 0.995033 | norm = 0.999626
  Step 1600/5000 | R_avg = 0.995026 | norm = 0.999599
  Step 1700/5000 | R_avg = 0.995036 | norm = 0.999572
  Step 1800/5000 | R_avg = 0.995039 | norm = 0.999545
  Step 1900/5000 | R_avg = 0.995034 | norm = 0.999518
  Step 2000/5000 | R_avg = 0.995033 | norm = 0.99949
  Step 2100/5000 | R_avg = 0.995023 | norm = 0.999463
  Step 2200/5000 | R_avg = 0.995043 | norm = 0.999435
  Step 2300/5000 | R_avg = 0.995028 | norm = 0.999407
  Step 2400/5000 | R_avg = 0.995033 | norm = 0.999379
  Saved spatial snapshot at t = 25 (step 2500)
  Step 2500/5000 | R_avg = 0.995026 | norm = 0.999351
  Step 2600/5000 | R_avg = 0.995036 | norm = 0.999324
  Step 2700/5000 | R_avg = 0.995039 | norm = 0.999296
  Step 2800/5000 | R_avg = 0.995034 | norm = 0.999269
  Step 2900/5000 | R_avg = 0.995033 | norm = 0.999243
  Step 3000/5000 | R_avg = 0.995023 | norm = 0.999216
  Step 3100/5000 | R_avg = 0.995043 | norm = 0.99919
  Step 3200/5000 | R_avg = 0.995028 | norm = 0.999164
  Step 3300/5000 | R_avg = 0.995033 | norm = 0.999139
  Step 3400/5000 | R_avg = 0.995026 | norm = 0.999113
  Step 3500/5000 | R_avg = 0.995036 | norm = 0.999087
  Step 3600/5000 | R_avg = 0.995039 | norm = 0.999062
  Step 3700/5000 | R_avg = 0.995034 | norm = 0.999036
  Step 3800/5000 | R_avg = 0.995033 | norm = 0.999009
  Step 3900/5000 | R_avg = 0.995023 | norm = 0.998983
  Step 4000/5000 | R_avg = 0.995043 | norm = 0.998956
  Step 4100/5000 | R_avg = 0.995028 | norm = 0.998929
  Step 4200/5000 | R_avg = 0.995033 | norm = 0.998901
  Step 4300/5000 | R_avg = 0.995026 | norm = 0.998874
  Step 4400/5000 | R_avg = 0.995036 | norm = 0.998847
  Step 4500/5000 | R_avg = 0.995039 | norm = 0.998819
  Step 4600/5000 | R_avg = 0.995034 | norm = 0.998792
  Step 4700/5000 | R_avg = 0.995033 | norm = 0.998764
  Step 4800/5000 | R_avg = 0.995023 | norm = 0.998737
  Step 4900/5000 | R_avg = 0.995043 | norm = 0.998709
  Saved spatial snapshot at t = 49.99 (step 4999)

===== Global Validation =====
✓ Global validation PASSED
  ✓ Probability Conservation: ||ψ||² = 0.998682 (drift: 0.131867% from initial 1) ✓ PASS
  ✓ Energy Conservation: E_total = 1.14895 (drift: 0.169909% from initial 1.1509) ✓ PASS
  ✓ Order Parameter Bounds: R ∈ [0.775083, 0.99839] ✓ PASS (within [0,1])
  ✓ Causality: v = |p|/E = 0.264499 (c = 1) ✓ PASS (v ≤ c)
  ✓ Numerical Stability: All fields finite ✓ PASS
  Norm validation: max_error = 0.00131777 ✓ PASS
  Energy validation: max_drift = 0.00206569 ✓ PASS
  Saved observables to /home/persist/neotec/0rigin/output/20251224_185628_scenario_2.6B_electromagnetic_coupling_128x128_v0.3/N_10/observables.csv

--- Testing with N=100 ---
  Dirac initialization (grid-independent):
    Position: (50, 50) ℓ_P
    Width: 3 ℓ_P
    Grid coordinates: (64, 64) grid units
    Grid width: 3.84 grid units
  Using Dirac solver (spinor field) with boosted initialization
    Background R (expected): 1
[SMFT] Boosted Gaussian initialization:
  Position: (64, 64) grid units
  Width: σ = 3.84 grid units
  Velocity: v = (0.3, 0)c
  |v| = 0.3c
  Lorentz factor: γ = 1.04828
  Rest mass: m₀ = Δ·R = 1 × 1 = 1 m_P
  Momentum: p = (0.314485, 0) m_P·c
  |p| = 0.314485 m_P·c
  Pre-normalization: ∫|Ψ|² = 92.6492
  Normalization factor: 9.62545
[DiracEvolution] Initialized Gaussian wavepacket at (64, 64) with σ=3.84
  Final norm: ||Ψ||² = 1
  Initial position: <r> = (64, 64)
✓ Boosted Gaussian initialized
[SMFTEngine] Boosted Dirac field initialized: center=(64,64), sigma=3.84, boost=(0.3,0)c, norm=1, <r>=(64,64)
[DiracEvolution] Initialized 128x128 4-component spinor field (particle, β=1)
[SMFT] Boosted Gaussian initialization:
  Position: (64, 64) grid units
  Width: σ = 3.84 grid units
  Velocity: v = (0.3, 0)c
  |v| = 0.3c
  Lorentz factor: γ = 1.04828
  Rest mass: m₀ = Δ·R = 1 × 1 = 1 m_P
  Momentum: p = (0.314485, 0) m_P·c
  |p| = 0.314485 m_P·c
  Pre-normalization: ∫|Ψ|² = 92.6492
  Normalization factor: 9.62545
[DiracEvolution] Initialized Gaussian wavepacket at (64, 64) with σ=3.84
  Final norm: ||Ψ||² = 1
  Initial position: <r> = (64, 64)
✓ Boosted Gaussian initialized
  Initial energy E0 = 1.15144
  Initial norm = 1
  Saved spatial snapshot at t = 0 (step 0)
  Step 0/5000 | R_avg = 0.995028 | norm = 1
  Step 100/5000 | R_avg = 0.995031 | norm = 0.99998
  Step 200/5000 | R_avg = 0.995011 | norm = 0.999958
  Step 300/5000 | R_avg = 0.995013 | norm = 0.999936
  Step 400/5000 | R_avg = 0.995016 | norm = 0.999912
  Step 500/5000 | R_avg = 0.995007 | norm = 0.999888
  Step 600/5000 | R_avg = 0.995014 | norm = 0.999863
  Step 700/5000 | R_avg = 0.995013 | norm = 0.999838
  Step 800/5000 | R_avg = 0.995006 | norm = 0.999812
  Step 900/5000 | R_avg = 0.995025 | norm = 0.999787
  Saved spatial snapshot at t = 10 (step 1000)
  Step 1000/5000 | R_avg = 0.99501 | norm = 0.99976
  Step 1100/5000 | R_avg = 0.995011 | norm = 0.999734
  Step 1200/5000 | R_avg = 0.995013 | norm = 0.999707
  Step 1300/5000 | R_avg = 0.995016 | norm = 0.99968
  Step 1400/5000 | R_avg = 0.995007 | norm = 0.999654
  Step 1500/5000 | R_avg = 0.995014 | norm = 0.999627
  Step 1600/5000 | R_avg = 0.995013 | norm = 0.9996
  Step 1700/5000 | R_avg = 0.995006 | norm = 0.999573
  Step 1800/5000 | R_avg = 0.995025 | norm = 0.999546
  Step 1900/5000 | R_avg = 0.99501 | norm = 0.999519
  Step 2000/5000 | R_avg = 0.995011 | norm = 0.999491
  Step 2100/5000 | R_avg = 0.995013 | norm = 0.999464
  Step 2200/5000 | R_avg = 0.99503 | norm = 0.999436
  Step 2300/5000 | R_avg = 0.995048 | norm = 0.999409
  Step 2400/5000 | R_avg = 0.995065 | norm = 0.99938
  Saved spatial snapshot at t = 25 (step 2500)
  Step 2500/5000 | R_avg = 0.995053 | norm = 0.999352
  Step 2600/5000 | R_avg = 0.995065 | norm = 0.999325
  Step 2700/5000 | R_avg = 0.995045 | norm = 0.999297
  Step 2800/5000 | R_avg = 0.995058 | norm = 0.99927
  Step 2900/5000 | R_avg = 0.995036 | norm = 0.999244
  Step 3000/5000 | R_avg = 0.995061 | norm = 0.999217
  Step 3100/5000 | R_avg = 0.995015 | norm = 0.999191
  Step 3200/5000 | R_avg = 0.995058 | norm = 0.999166
  Step 3300/5000 | R_avg = 0.995045 | norm = 0.99914
  Step 3400/5000 | R_avg = 0.995047 | norm = 0.999114
  Step 3500/5000 | R_avg = 0.995011 | norm = 0.999088
  Step 3600/5000 | R_avg = 0.995069 | norm = 0.999063
  Step 3700/5000 | R_avg = 0.994981 | norm = 0.999037
  Step 3800/5000 | R_avg = 0.995053 | norm = 0.99901
  Step 3900/5000 | R_avg = 0.995025 | norm = 0.998983
  Step 4000/5000 | R_avg = 0.994997 | norm = 0.998957
  Step 4100/5000 | R_avg = 0.994999 | norm = 0.99893
  Step 4200/5000 | R_avg = 0.994976 | norm = 0.998902
  Step 4300/5000 | R_avg = 0.994999 | norm = 0.998875
  Step 4400/5000 | R_avg = 0.995019 | norm = 0.998848
  Step 4500/5000 | R_avg = 0.995005 | norm = 0.998821
  Step 4600/5000 | R_avg = 0.994991 | norm = 0.998793
  Step 4700/5000 | R_avg = 0.99501 | norm = 0.998765
  Step 4800/5000 | R_avg = 0.995029 | norm = 0.998738
  Step 4900/5000 | R_avg = 0.994982 | norm = 0.99871
  Saved spatial snapshot at t = 49.99 (step 4999)

===== Global Validation =====
✓ Global validation PASSED
  ✓ Probability Conservation: ||ψ||² = 0.998683 (drift: 0.131819% from initial 1) ✓ PASS
  ✓ Energy Conservation: E_total = 1.14918 (drift: 0.151688% from initial 1.15092) ✓ PASS
  ✓ Order Parameter Bounds: R ∈ [0.775083, 0.99839] ✓ PASS (within [0,1])
  ✓ Causality: v = |p|/E = 0.264641 (c = 1) ✓ PASS (v ≤ c)
  ✓ Numerical Stability: All fields finite ✓ PASS
  Norm validation: max_error = 0.00131727 ✓ PASS
  Energy validation: max_drift = 0.00331665 ✓ PASS
  Saved observables to /home/persist/neotec/0rigin/output/20251224_185628_scenario_2.6B_electromagnetic_coupling_128x128_v0.3/N_100/observables.csv

--- Validating Convergence ---
✓ Convergence validation PASSED

========================================
Grid: 128×128 | Velocity: v=0.5c
========================================

Initializing engine for 128×128 grid, velocity v=0.5c...
[SMFTEngine] Resources cleanup delegated to component managers

[SMFTEngine] Physical Interpretation:
  Vacuum potential Δ = 1 (Planck mass in natural units)
  Synchronization field R(x) → Emergent spacetime metric
  Mass field m(x) = Δ·R(x) → Local energy density
  ∇R(x) → Gravitational field (not separate force)
  Grid: 128 x 128 oscillators

[SMFTEngine] Created GPU buffers for 128x128 grid
  Phase buffers: 65536 bytes each
  Spinor buffer: 524288 bytes
  Accumulator buffers: 65536 bytes each (operator splitting)
[SMFTEngine] Created compute pipelines
  ✓ Kuramoto pipeline
  ✓ Sync field pipeline
  ✓ Gravity field pipeline
  ✓ Stochastic Kuramoto pipeline
  ✓ Stochastic Dirac pipeline
  ✓ Accumulation pipeline (operator splitting)
Created experiment directory: /home/persist/neotec/0rigin/output/20251224_190551_scenario_2.6B_electromagnetic_coupling_128x128_v0.5
[OutputManager] Created timestamped directory: /home/persist/neotec/0rigin/output/20251224_190551_scenario_2.6B_electromagnetic_coupling_128x128_v0.5
