[Logging] Console output for 128x128 writing to: /home/persist/neotec/0rigin/output/20251230_170046_lorentz_force_R2_regularized/console.log
  Vortex initialization (grid-independent):
    Domain size: 100 ℓ_P
    Grid spacing: 0.78125 ℓ_P
    Core radius: 5 ℓ_P (6.4 grid points)
    Center: (50, 50) ℓ_P
    Winding number: W = 1
[SMFTEngine] R-field initialized with custom values
  R_min = 0
  R_max = 1
  Vortex R-field initialized: R(r) = tanh(r/ξ) profile
    Core center: (50, 50) ℓ_P
    Core radius: 5 ℓ_P
  Dirac initialization (grid-independent):
    Position: (50, 50) ℓ_P
    Width: 5 ℓ_P
    Grid coordinates: (64, 64) grid units
    Grid width: 6.4 grid units
  Using Dirac solver (spinor field)
[DiracEvolution] Initialized 128x128 4-component spinor field (particle, β=1)
[DiracEvolution] Initialized Gaussian wavepacket at (64, 64) with σ=6.4
[SMFTEngine] Dirac field initialized: center=(64,64), sigma=6.4, norm=0.999998
[DiracEvolution] Initialized 128x128 4-component spinor field (particle, β=1)
[DiracEvolution] Initialized Gaussian wavepacket at (64, 64) with σ=6.4
  Initial energy E0 = 0.217142
  Initial norm = 1
[stepWithDirac] Strang splitting enabled:
  substep_ratio=1
  substep_dt=0.001
  half_substeps=0
  remaining_substeps=1
[GPU EM Compute] 1 calls | Last: 239 μs | Avg: 239 μs | Grid: 128×128
  [Kuramoto Energy] grad_R: 76.3214, potential: -15970.5, total: -15894.1 (κ=1)
  Actual initial energy E0 = -15893.8 (from first observation including EM)
  Step 0/10000 | R_avg = 0.983568 | norm = 1
[ERROR] Invalid theta fields detected (NaN/Inf), returning zero EM observables
[ERROR] Invalid theta fields detected (NaN/Inf), returning zero EM observables
[ERROR] Invalid theta fields detected (NaN/Inf), returning zero EM observables
[ERROR] Invalid theta fields detected (NaN/Inf), returning zero EM observables
[ERROR] Invalid theta fields detected (NaN/Inf), returning zero EM observables
[ERROR] Invalid theta fields detected (NaN/Inf), returning zero EM observables
[ERROR] Invalid theta fields detected (NaN/Inf), returning zero EM observables
[ERROR] Invalid theta fields detected (NaN/Inf), returning zero EM observables
[GPU EM Compute] 50 calls | Last: 106 μs | Avg: 108 μs | Grid: 128×128
[ERROR] Invalid theta fields detected (NaN/Inf), returning zero EM observables
[ERROR] Invalid theta fields detected (NaN/Inf), returning zero EM observables
[ERROR] Invalid theta fields detected (NaN/Inf), returning zero EM observables
[ERROR] Invalid theta fields detected (NaN/Inf), returning zero EM observables
[ERROR] Invalid theta fields detected (NaN/Inf), returning zero EM observables
[ERROR] Invalid theta fields detected (NaN/Inf), returning zero EM observables
[ERROR] Invalid theta fields detected (NaN/Inf), returning zero EM observables
[ERROR] Invalid theta fields detected (NaN/Inf), returning zero EM observables
[GPU EM Compute] 100 calls | Last: 107 μs | Avg: 107 μs | Grid: 128×128
  Step 100/10000 | R_avg = 0.983512 | norm = 0.999976
[GPU EM Compute] 150 calls | Last: 112 μs | Avg: 106 μs | Grid: 128×128
[GPU EM Compute] 200 calls | Last: 105 μs | Avg: 106 μs | Grid: 128×128
  Step 200/10000 | R_avg = 0.983531 | norm = 0.999951
[GPU EM Compute] 250 calls | Last: 109 μs | Avg: 107 μs | Grid: 128×128
[GPU EM Compute] 300 calls | Last: 112 μs | Avg: 106 μs | Grid: 128×128
  Step 300/10000 | R_avg = 0.983594 | norm = 0.999926
[GPU EM Compute] 350 calls | Last: 104 μs | Avg: 107 μs | Grid: 128×128
[GPU EM Compute] 400 calls | Last: 106 μs | Avg: 106 μs | Grid: 128×128
  Step 400/10000 | R_avg = 0.983506 | norm = 0.999901
[GPU EM Compute] 450 calls | Last: 110 μs | Avg: 107 μs | Grid: 128×128
[GPU EM Compute] 500 calls | Last: 161 μs | Avg: 107 μs | Grid: 128×128
  Step 500/10000 | R_avg = 0.983506 | norm = 0.999876
[GPU EM Compute] 550 calls | Last: 122 μs | Avg: 107 μs | Grid: 128×128
[GPU EM Compute] 600 calls | Last: 108 μs | Avg: 107 μs | Grid: 128×128
  Step 600/10000 | R_avg = 0.983525 | norm = 0.99985
[ERROR] Invalid theta fields detected (NaN/Inf), returning zero EM observables
[ERROR] Invalid theta fields detected (NaN/Inf), returning zero EM observables
[ERROR] Invalid theta fields detected (NaN/Inf), returning zero EM observables
[ERROR] Invalid theta fields detected (NaN/Inf), returning zero EM observables
[GPU EM Compute] 650 calls | Last: 107 μs | Avg: 107 μs | Grid: 128×128
[GPU EM Compute] 700 calls | Last: 106 μs | Avg: 107 μs | Grid: 128×128
  Step 700/10000 | R_avg = 0.983569 | norm = 0.999825
[GPU EM Compute] 750 calls | Last: 106 μs | Avg: 107 μs | Grid: 128×128
[GPU EM Compute] 800 calls | Last: 62 μs | Avg: 107 μs | Grid: 128×128
  Step 800/10000 | R_avg = 0.983149 | norm = 0.999799
[GPU EM Compute] 850 calls | Last: 125 μs | Avg: 107 μs | Grid: 128×128
[GPU EM Compute] 900 calls | Last: 107 μs | Avg: 107 μs | Grid: 128×128
  Step 900/10000 | R_avg = 0.983608 | norm = 0.999773
[GPU EM Compute] 950 calls | Last: 112 μs | Avg: 107 μs | Grid: 128×128
[GPU EM Compute] 1000 calls | Last: 112 μs | Avg: 107 μs | Grid: 128×128
  [Kuramoto Energy] grad_R: 76.1612, potential: -15969.1, total: -15893 (κ=1)
  Step 1000/10000 | R_avg = 0.98354 | norm = 0.999747
[GPU EM Compute] 1050 calls | Last: 105 μs | Avg: 107 μs | Grid: 128×128
[GPU EM Compute] 1100 calls | Last: 106 μs | Avg: 107 μs | Grid: 128×128
  Step 1100/10000 | R_avg = 0.983524 | norm = 0.999721
[GPU EM Compute] 1150 calls | Last: 107 μs | Avg: 107 μs | Grid: 128×128
[GPU EM Compute] 1200 calls | Last: 105 μs | Avg: 107 μs | Grid: 128×128
  Step 1200/10000 | R_avg = 0.983569 | norm = 0.999695
[GPU EM Compute] 1250 calls | Last: 106 μs | Avg: 107 μs | Grid: 128×128
[GPU EM Compute] 1300 calls | Last: 109 μs | Avg: 107 μs | Grid: 128×128
  Step 1300/10000 | R_avg = 0.983536 | norm = 0.999669
[GPU EM Compute] 1350 calls | Last: 108 μs | Avg: 107 μs | Grid: 128×128
[ERROR] Invalid theta fields detected (NaN/Inf), returning zero EM observables
[ERROR] Invalid theta fields detected (NaN/Inf), returning zero EM observables
[GPU EM Compute] 1400 calls | Last: 109 μs | Avg: 107 μs | Grid: 128×128
[ERROR] Invalid theta fields detected (NaN/Inf), returning zero EM observables
[ERROR] Invalid theta fields detected (NaN/Inf), returning zero EM observables
  Step 1400/10000 | R_avg = 0.983562 | norm = 0.999642
[GPU EM Compute] 1450 calls | Last: 109 μs | Avg: 108 μs | Grid: 128×128
[GPU EM Compute] 1500 calls | Last: 112 μs | Avg: 108 μs | Grid: 128×128
  Step 1500/10000 | R_avg = 0.983545 | norm = 0.999616
[GPU EM Compute] 1550 calls | Last: 106 μs | Avg: 108 μs | Grid: 128×128
[GPU EM Compute] 1600 calls | Last: 110 μs | Avg: 108 μs | Grid: 128×128
  Step 1600/10000 | R_avg = 0.983183 | norm = 0.99959
[GPU EM Compute] 1650 calls | Last: 112 μs | Avg: 108 μs | Grid: 128×128
[GPU EM Compute] 1700 calls | Last: 106 μs | Avg: 108 μs | Grid: 128×128
  Step 1700/10000 | R_avg = 0.983546 | norm = 0.999563
[GPU EM Compute] 1750 calls | Last: 112 μs | Avg: 108 μs | Grid: 128×128
[GPU EM Compute] 1800 calls | Last: 107 μs | Avg: 108 μs | Grid: 128×128
  Step 1800/10000 | R_avg = 0.983564 | norm = 0.999537
[GPU EM Compute] 1850 calls | Last: 105 μs | Avg: 108 μs | Grid: 128×128
[GPU EM Compute] 1900 calls | Last: 102 μs | Avg: 108 μs | Grid: 128×128
  Step 1900/10000 | R_avg = 0.983534 | norm = 0.99951
[GPU EM Compute] 1950 calls | Last: 61 μs | Avg: 108 μs | Grid: 128×128
[GPU EM Compute] 2000 calls | Last: 107 μs | Avg: 108 μs | Grid: 128×128
  [Kuramoto Energy] grad_R: 76.3238, potential: -15968, total: -15891.7 (κ=1)
  Step 2000/10000 | R_avg = 0.983496 | norm = 0.999483
[GPU EM Compute] 2050 calls | Last: 106 μs | Avg: 108 μs | Grid: 128×128
[GPU EM Compute] 2100 calls | Last: 110 μs | Avg: 108 μs | Grid: 128×128
  Step 2100/10000 | R_avg = 0.983524 | norm = 0.999455
[GPU EM Compute] 2150 calls | Last: 107 μs | Avg: 108 μs | Grid: 128×128
[GPU EM Compute] 2200 calls | Last: 105 μs | Avg: 108 μs | Grid: 128×128
  Step 2200/10000 | R_avg = 0.983576 | norm = 0.999428
[GPU EM Compute] 2250 calls | Last: 97 μs | Avg: 108 μs | Grid: 128×128
[GPU EM Compute] 2300 calls | Last: 107 μs | Avg: 108 μs | Grid: 128×128
  Step 2300/10000 | R_avg = 0.983542 | norm = 0.9994
[GPU EM Compute] 2350 calls | Last: 107 μs | Avg: 108 μs | Grid: 128×128
[GPU EM Compute] 2400 calls | Last: 101 μs | Avg: 108 μs | Grid: 128×128
  Step 2400/10000 | R_avg = 0.983518 | norm = 0.999372
[GPU EM Compute] 2450 calls | Last: 106 μs | Avg: 108 μs | Grid: 128×128
[GPU EM Compute] 2500 calls | Last: 105 μs | Avg: 108 μs | Grid: 128×128
  Step 2500/10000 | R_avg = 0.983536 | norm = 0.999344
[GPU EM Compute] 2550 calls | Last: 109 μs | Avg: 108 μs | Grid: 128×128
[GPU EM Compute] 2600 calls | Last: 106 μs | Avg: 108 μs | Grid: 128×128
  Step 2600/10000 | R_avg = 0.983507 | norm = 0.999316
[GPU EM Compute] 2650 calls | Last: 104 μs | Avg: 108 μs | Grid: 128×128
[GPU EM Compute] 2700 calls | Last: 107 μs | Avg: 108 μs | Grid: 128×128
  Step 2700/10000 | R_avg = 0.983597 | norm = 0.999288
[GPU EM Compute] 2750 calls | Last: 111 μs | Avg: 108 μs | Grid: 128×128
[GPU EM Compute] 2800 calls | Last: 107 μs | Avg: 108 μs | Grid: 128×128
  Step 2800/10000 | R_avg = 0.983538 | norm = 0.999261
[GPU EM Compute] 2850 calls | Last: 107 μs | Avg: 108 μs | Grid: 128×128
[GPU EM Compute] 2900 calls | Last: 106 μs | Avg: 108 μs | Grid: 128×128
  Step 2900/10000 | R_avg = 0.98354 | norm = 0.999232
[GPU EM Compute] 2950 calls | Last: 110 μs | Avg: 108 μs | Grid: 128×128
[GPU EM Compute] 3000 calls | Last: 110 μs | Avg: 108 μs | Grid: 128×128
  [Kuramoto Energy] grad_R: 76.0517, potential: -15969.2, total: -15893.2 (κ=1)
  Step 3000/10000 | R_avg = 0.983548 | norm = 0.999204
[GPU EM Compute] 3050 calls | Last: 105 μs | Avg: 108 μs | Grid: 128×128
[GPU EM Compute] 3100 calls | Last: 107 μs | Avg: 108 μs | Grid: 128×128
  Step 3100/10000 | R_avg = 0.983563 | norm = 0.999175
[GPU EM Compute] 3150 calls | Last: 104 μs | Avg: 108 μs | Grid: 128×128
[GPU EM Compute] 3200 calls | Last: 105 μs | Avg: 108 μs | Grid: 128×128
  Step 3200/10000 | R_avg = 0.983561 | norm = 0.999147
[GPU EM Compute] 3250 calls | Last: 106 μs | Avg: 108 μs | Grid: 128×128
[GPU EM Compute] 3300 calls | Last: 110 μs | Avg: 108 μs | Grid: 128×128
  Step 3300/10000 | R_avg = 0.983533 | norm = 0.999119
[GPU EM Compute] 3350 calls | Last: 108 μs | Avg: 108 μs | Grid: 128×128
[GPU EM Compute] 3400 calls | Last: 109 μs | Avg: 108 μs | Grid: 128×128
  Step 3400/10000 | R_avg = 0.983533 | norm = 0.999091
[GPU EM Compute] 3450 calls | Last: 106 μs | Avg: 108 μs | Grid: 128×128
[GPU EM Compute] 3500 calls | Last: 105 μs | Avg: 108 μs | Grid: 128×128
  Step 3500/10000 | R_avg = 0.983538 | norm = 0.999062
[GPU EM Compute] 3550 calls | Last: 109 μs | Avg: 108 μs | Grid: 128×128
[GPU EM Compute] 3600 calls | Last: 106 μs | Avg: 108 μs | Grid: 128×128
  Step 3600/10000 | R_avg = 0.983549 | norm = 0.999034
[GPU EM Compute] 3650 calls | Last: 119 μs | Avg: 108 μs | Grid: 128×128
[GPU EM Compute] 3700 calls | Last: 106 μs | Avg: 108 μs | Grid: 128×128
  Step 3700/10000 | R_avg = 0.98356 | norm = 0.999006
[GPU EM Compute] 3750 calls | Last: 112 μs | Avg: 108 μs | Grid: 128×128
[GPU EM Compute] 3800 calls | Last: 108 μs | Avg: 108 μs | Grid: 128×128
  Step 3800/10000 | R_avg = 0.983543 | norm = 0.998978
[GPU EM Compute] 3850 calls | Last: 113 μs | Avg: 108 μs | Grid: 128×128
[GPU EM Compute] 3900 calls | Last: 114 μs | Avg: 108 μs | Grid: 128×128
  Step 3900/10000 | R_avg = 0.983522 | norm = 0.99895
[GPU EM Compute] 3950 calls | Last: 118 μs | Avg: 108 μs | Grid: 128×128
[GPU EM Compute] 4000 calls | Last: 118 μs | Avg: 108 μs | Grid: 128×128
  [Kuramoto Energy] grad_R: 76.0985, potential: -15968.6, total: -15892.5 (κ=1)
  Step 4000/10000 | R_avg = 0.983526 | norm = 0.998921
[GPU EM Compute] 4050 calls | Last: 89 μs | Avg: 108 μs | Grid: 128×128
[GPU EM Compute] 4100 calls | Last: 114 μs | Avg: 109 μs | Grid: 128×128
  Step 4100/10000 | R_avg = 0.983573 | norm = 0.998893
[GPU EM Compute] 4150 calls | Last: 151 μs | Avg: 109 μs | Grid: 128×128
[GPU EM Compute] 4200 calls | Last: 114 μs | Avg: 109 μs | Grid: 128×128
  Step 4200/10000 | R_avg = 0.983538 | norm = 0.998865
[GPU EM Compute] 4250 calls | Last: 139 μs | Avg: 109 μs | Grid: 128×128
[GPU EM Compute] 4300 calls | Last: 110 μs | Avg: 109 μs | Grid: 128×128
  Step 4300/10000 | R_avg = 0.983552 | norm = 0.998836
[GPU EM Compute] 4350 calls | Last: 126 μs | Avg: 109 μs | Grid: 128×128
[GPU EM Compute] 4400 calls | Last: 64 μs | Avg: 109 μs | Grid: 128×128
  Step 4400/10000 | R_avg = 0.983546 | norm = 0.998808
[GPU EM Compute] 4450 calls | Last: 130 μs | Avg: 109 μs | Grid: 128×128
[GPU EM Compute] 4500 calls | Last: 105 μs | Avg: 109 μs | Grid: 128×128
  Step 4500/10000 | R_avg = 0.983504 | norm = 0.998778
[GPU EM Compute] 4550 calls | Last: 100 μs | Avg: 109 μs | Grid: 128×128
[GPU EM Compute] 4600 calls | Last: 113 μs | Avg: 109 μs | Grid: 128×128
  Step 4600/10000 | R_avg = 0.983542 | norm = 0.99875
[GPU EM Compute] 4650 calls | Last: 107 μs | Avg: 109 μs | Grid: 128×128
[GPU EM Compute] 4700 calls | Last: 110 μs | Avg: 109 μs | Grid: 128×128
  Step 4700/10000 | R_avg = 0.983539 | norm = 0.998721
[GPU EM Compute] 4750 calls | Last: 108 μs | Avg: 109 μs | Grid: 128×128
[GPU EM Compute] 4800 calls | Last: 81 μs | Avg: 109 μs | Grid: 128×128
  Step 4800/10000 | R_avg = 0.983505 | norm = 0.998691
[ERROR] Invalid theta fields detected (NaN/Inf), returning zero EM observables
[ERROR] Invalid theta fields detected (NaN/Inf), returning zero EM observables
[ERROR] Invalid theta fields detected (NaN/Inf), returning zero EM observables
[ERROR] Invalid theta fields detected (NaN/Inf), returning zero EM observables
[GPU EM Compute] 4850 calls | Last: 113 μs | Avg: 109 μs | Grid: 128×128
[ERROR] Invalid theta fields detected (NaN/Inf), returning zero EM observables
[ERROR] Invalid theta fields detected (NaN/Inf), returning zero EM observables
[GPU EM Compute] 4900 calls | Last: 107 μs | Avg: 109 μs | Grid: 128×128
[ERROR] Invalid theta fields detected (NaN/Inf), returning zero EM observables
[ERROR] Invalid theta fields detected (NaN/Inf), returning zero EM observables
  Step 4900/10000 | R_avg = 0.983536 | norm = 0.998662
[GPU EM Compute] 4950 calls | Last: 109 μs | Avg: 109 μs | Grid: 128×128
[GPU EM Compute] 5000 calls | Last: 109 μs | Avg: 109 μs | Grid: 128×128
  [Kuramoto Energy] grad_R: 75.9167, potential: -15970.2, total: -15894.3 (κ=1)
  Step 5000/10000 | R_avg = 0.983585 | norm = 0.998633
[GPU EM Compute] 5050 calls | Last: 109 μs | Avg: 109 μs | Grid: 128×128
[GPU EM Compute] 5100 calls | Last: 109 μs | Avg: 109 μs | Grid: 128×128
  Step 5100/10000 | R_avg = 0.983564 | norm = 0.998603
[GPU EM Compute] 5150 calls | Last: 109 μs | Avg: 109 μs | Grid: 128×128
[GPU EM Compute] 5200 calls | Last: 99 μs | Avg: 109 μs | Grid: 128×128
  Step 5200/10000 | R_avg = 0.983516 | norm = 0.998574
[GPU EM Compute] 5250 calls | Last: 111 μs | Avg: 109 μs | Grid: 128×128
[GPU EM Compute] 5300 calls | Last: 65 μs | Avg: 109 μs | Grid: 128×128
  Step 5300/10000 | R_avg = 0.983466 | norm = 0.998544
[GPU EM Compute] 5350 calls | Last: 118 μs | Avg: 109 μs | Grid: 128×128
[GPU EM Compute] 5400 calls | Last: 118 μs | Avg: 109 μs | Grid: 128×128
  Step 5400/10000 | R_avg = 0.983569 | norm = 0.998515
[GPU EM Compute] 5450 calls | Last: 106 μs | Avg: 109 μs | Grid: 128×128
[ERROR] Invalid theta fields detected (NaN/Inf), returning zero EM observables
[ERROR] Invalid theta fields detected (NaN/Inf), returning zero EM observables
[ERROR] Invalid theta fields detected (NaN/Inf), returning zero EM observables
[ERROR] Invalid theta fields detected (NaN/Inf), returning zero EM observables
[GPU EM Compute] 5500 calls | Last: 105 μs | Avg: 109 μs | Grid: 128×128
  Step 5500/10000 | R_avg = 0.983492 | norm = 0.998485
[GPU EM Compute] 5550 calls | Last: 111 μs | Avg: 109 μs | Grid: 128×128
[GPU EM Compute] 5600 calls | Last: 129 μs | Avg: 109 μs | Grid: 128×128
  Step 5600/10000 | R_avg = 0.983484 | norm = 0.998455
[GPU EM Compute] 5650 calls | Last: 120 μs | Avg: 109 μs | Grid: 128×128
[GPU EM Compute] 5700 calls | Last: 116 μs | Avg: 109 μs | Grid: 128×128
  Step 5700/10000 | R_avg = 0.983546 | norm = 0.998426
[GPU EM Compute] 5750 calls | Last: 109 μs | Avg: 109 μs | Grid: 128×128
[GPU EM Compute] 5800 calls | Last: 107 μs | Avg: 109 μs | Grid: 128×128
  Step 5800/10000 | R_avg = 0.983542 | norm = 0.998396
[GPU EM Compute] 5850 calls | Last: 107 μs | Avg: 109 μs | Grid: 128×128
[GPU EM Compute] 5900 calls | Last: 105 μs | Avg: 109 μs | Grid: 128×128
  Step 5900/10000 | R_avg = 0.983587 | norm = 0.998366
[GPU EM Compute] 5950 calls | Last: 99 μs | Avg: 109 μs | Grid: 128×128
[GPU EM Compute] 6000 calls | Last: 113 μs | Avg: 109 μs | Grid: 128×128
  [Kuramoto Energy] grad_R: 76.0747, potential: -15969.2, total: -15893.1 (κ=1)
  Step 6000/10000 | R_avg = 0.983546 | norm = 0.998336
[GPU EM Compute] 6050 calls | Last: 120 μs | Avg: 109 μs | Grid: 128×128
[GPU EM Compute] 6100 calls | Last: 68 μs | Avg: 109 μs | Grid: 128×128
  Step 6100/10000 | R_avg = 0.983575 | norm = 0.998306
[GPU EM Compute] 6150 calls | Last: 108 μs | Avg: 109 μs | Grid: 128×128
[GPU EM Compute] 6200 calls | Last: 108 μs | Avg: 109 μs | Grid: 128×128
  Step 6200/10000 | R_avg = 0.983484 | norm = 0.998276
[GPU EM Compute] 6250 calls | Last: 106 μs | Avg: 109 μs | Grid: 128×128
[GPU EM Compute] 6300 calls | Last: 211 μs | Avg: 109 μs | Grid: 128×128
  Step 6300/10000 | R_avg = 0.983563 | norm = 0.998246
[GPU EM Compute] 6350 calls | Last: 116 μs | Avg: 109 μs | Grid: 128×128
[GPU EM Compute] 6400 calls | Last: 108 μs | Avg: 109 μs | Grid: 128×128
  Step 6400/10000 | R_avg = 0.983511 | norm = 0.998216
[GPU EM Compute] 6450 calls | Last: 109 μs | Avg: 109 μs | Grid: 128×128
[GPU EM Compute] 6500 calls | Last: 114 μs | Avg: 109 μs | Grid: 128×128
  Step 6500/10000 | R_avg = 0.983527 | norm = 0.998186
[GPU EM Compute] 6550 calls | Last: 105 μs | Avg: 109 μs | Grid: 128×128
[ERROR] Invalid theta fields detected (NaN/Inf), returning zero EM observables
[ERROR] Invalid theta fields detected (NaN/Inf), returning zero EM observables
[GPU EM Compute] 6600 calls | Last: 113 μs | Avg: 109 μs | Grid: 128×128
[ERROR] Invalid theta fields detected (NaN/Inf), returning zero EM observables
[ERROR] Invalid theta fields detected (NaN/Inf), returning zero EM observables
  Step 6600/10000 | R_avg = 0.983555 | norm = 0.998156
[GPU EM Compute] 6650 calls | Last: 106 μs | Avg: 109 μs | Grid: 128×128
[GPU EM Compute] 6700 calls | Last: 120 μs | Avg: 109 μs | Grid: 128×128
  Step 6700/10000 | R_avg = 0.983592 | norm = 0.998126
[GPU EM Compute] 6750 calls | Last: 109 μs | Avg: 109 μs | Grid: 128×128
[GPU EM Compute] 6800 calls | Last: 122 μs | Avg: 109 μs | Grid: 128×128
  Step 6800/10000 | R_avg = 0.983513 | norm = 0.998096
[GPU EM Compute] 6850 calls | Last: 106 μs | Avg: 109 μs | Grid: 128×128
[GPU EM Compute] 6900 calls | Last: 121 μs | Avg: 109 μs | Grid: 128×128
  Step 6900/10000 | R_avg = 0.983511 | norm = 0.998066
[GPU EM Compute] 6950 calls | Last: 110 μs | Avg: 109 μs | Grid: 128×128
[GPU EM Compute] 7000 calls | Last: 109 μs | Avg: 109 μs | Grid: 128×128
  [Kuramoto Energy] grad_R: 76.2928, potential: -15967.7, total: -15891.4 (κ=1)
  Step 7000/10000 | R_avg = 0.98349 | norm = 0.998036
[GPU EM Compute] 7050 calls | Last: 77 μs | Avg: 109 μs | Grid: 128×128
[GPU EM Compute] 7100 calls | Last: 106 μs | Avg: 109 μs | Grid: 128×128
  Step 7100/10000 | R_avg = 0.983578 | norm = 0.998005
[GPU EM Compute] 7150 calls | Last: 68 μs | Avg: 109 μs | Grid: 128×128
[GPU EM Compute] 7200 calls | Last: 108 μs | Avg: 109 μs | Grid: 128×128
  Step 7200/10000 | R_avg = 0.983511 | norm = 0.997975
[GPU EM Compute] 7250 calls | Last: 109 μs | Avg: 109 μs | Grid: 128×128
[GPU EM Compute] 7300 calls | Last: 107 μs | Avg: 109 μs | Grid: 128×128
  Step 7300/10000 | R_avg = 0.983529 | norm = 0.997945
[GPU EM Compute] 7350 calls | Last: 107 μs | Avg: 109 μs | Grid: 128×128
[GPU EM Compute] 7400 calls | Last: 106 μs | Avg: 109 μs | Grid: 128×128
  Step 7400/10000 | R_avg = 0.983579 | norm = 0.997914
[GPU EM Compute] 7450 calls | Last: 107 μs | Avg: 109 μs | Grid: 128×128
[GPU EM Compute] 7500 calls | Last: 105 μs | Avg: 109 μs | Grid: 128×128
  Step 7500/10000 | R_avg = 0.983562 | norm = 0.997884
[GPU EM Compute] 7550 calls | Last: 107 μs | Avg: 109 μs | Grid: 128×128
[GPU EM Compute] 7600 calls | Last: 105 μs | Avg: 109 μs | Grid: 128×128
  Step 7600/10000 | R_avg = 0.983527 | norm = 0.997853
[GPU EM Compute] 7650 calls | Last: 105 μs | Avg: 109 μs | Grid: 128×128
[GPU EM Compute] 7700 calls | Last: 104 μs | Avg: 109 μs | Grid: 128×128
  Step 7700/10000 | R_avg = 0.983539 | norm = 0.997823
[GPU EM Compute] 7750 calls | Last: 105 μs | Avg: 109 μs | Grid: 128×128
[GPU EM Compute] 7800 calls | Last: 104 μs | Avg: 109 μs | Grid: 128×128
  Step 7800/10000 | R_avg = 0.983573 | norm = 0.997793
[GPU EM Compute] 7850 calls | Last: 118 μs | Avg: 109 μs | Grid: 128×128
[GPU EM Compute] 7900 calls | Last: 105 μs | Avg: 109 μs | Grid: 128×128
  Step 7900/10000 | R_avg = 0.983536 | norm = 0.997762
[GPU EM Compute] 7950 calls | Last: 105 μs | Avg: 109 μs | Grid: 128×128
[GPU EM Compute] 8000 calls | Last: 104 μs | Avg: 109 μs | Grid: 128×128
  [Kuramoto Energy] grad_R: 75.9515, potential: -15970.3, total: -15894.3 (κ=1)
  Step 8000/10000 | R_avg = 0.983587 | norm = 0.997732
[GPU EM Compute] 8050 calls | Last: 106 μs | Avg: 109 μs | Grid: 128×128
[GPU EM Compute] 8100 calls | Last: 105 μs | Avg: 109 μs | Grid: 128×128
  Step 8100/10000 | R_avg = 0.983508 | norm = 0.997702
[GPU EM Compute] 8150 calls | Last: 108 μs | Avg: 109 μs | Grid: 128×128
[GPU EM Compute] 8200 calls | Last: 107 μs | Avg: 109 μs | Grid: 128×128
  Step 8200/10000 | R_avg = 0.983521 | norm = 0.997672
[GPU EM Compute] 8250 calls | Last: 105 μs | Avg: 109 μs | Grid: 128×128
[GPU EM Compute] 8300 calls | Last: 105 μs | Avg: 109 μs | Grid: 128×128
  Step 8300/10000 | R_avg = 0.983503 | norm = 0.997642
[GPU EM Compute] 8350 calls | Last: 109 μs | Avg: 109 μs | Grid: 128×128
[GPU EM Compute] 8400 calls | Last: 104 μs | Avg: 109 μs | Grid: 128×128
  Step 8400/10000 | R_avg = 0.983525 | norm = 0.997612
[GPU EM Compute] 8450 calls | Last: 105 μs | Avg: 109 μs | Grid: 128×128
[GPU EM Compute] 8500 calls | Last: 108 μs | Avg: 109 μs | Grid: 128×128
  Step 8500/10000 | R_avg = 0.983523 | norm = 0.997583
[GPU EM Compute] 8550 calls | Last: 77 μs | Avg: 109 μs | Grid: 128×128
[GPU EM Compute] 8600 calls | Last: 109 μs | Avg: 109 μs | Grid: 128×128
  Step 8600/10000 | R_avg = 0.983565 | norm = 0.997553
[GPU EM Compute] 8650 calls | Last: 110 μs | Avg: 109 μs | Grid: 128×128
[GPU EM Compute] 8700 calls | Last: 109 μs | Avg: 109 μs | Grid: 128×128
  Step 8700/10000 | R_avg = 0.98353 | norm = 0.997523
[GPU EM Compute] 8750 calls | Last: 113 μs | Avg: 109 μs | Grid: 128×128
[GPU EM Compute] 8800 calls | Last: 110 μs | Avg: 109 μs | Grid: 128×128
  Step 8800/10000 | R_avg = 0.983504 | norm = 0.997493
[GPU EM Compute] 8850 calls | Last: 108 μs | Avg: 109 μs | Grid: 128×128
[GPU EM Compute] 8900 calls | Last: 108 μs | Avg: 109 μs | Grid: 128×128
  Step 8900/10000 | R_avg = 0.983566 | norm = 0.997463
[GPU EM Compute] 8950 calls | Last: 98 μs | Avg: 109 μs | Grid: 128×128
[GPU EM Compute] 9000 calls | Last: 102 μs | Avg: 109 μs | Grid: 128×128
  [Kuramoto Energy] grad_R: 75.9335, potential: -15968.8, total: -15892.8 (κ=1)
  Step 9000/10000 | R_avg = 0.983539 | norm = 0.997432
[GPU EM Compute] 9050 calls | Last: 105 μs | Avg: 109 μs | Grid: 128×128
[GPU EM Compute] 9100 calls | Last: 106 μs | Avg: 109 μs | Grid: 128×128
  Step 9100/10000 | R_avg = 0.983527 | norm = 0.997402
[GPU EM Compute] 9150 calls | Last: 104 μs | Avg: 109 μs | Grid: 128×128
[GPU EM Compute] 9200 calls | Last: 106 μs | Avg: 109 μs | Grid: 128×128
  Step 9200/10000 | R_avg = 0.983558 | norm = 0.997372
[GPU EM Compute] 9250 calls | Last: 106 μs | Avg: 109 μs | Grid: 128×128
[GPU EM Compute] 9300 calls | Last: 103 μs | Avg: 109 μs | Grid: 128×128
  Step 9300/10000 | R_avg = 0.9835 | norm = 0.997341
[GPU EM Compute] 9350 calls | Last: 109 μs | Avg: 109 μs | Grid: 128×128
[GPU EM Compute] 9400 calls | Last: 111 μs | Avg: 109 μs | Grid: 128×128
  Step 9400/10000 | R_avg = 0.98354 | norm = 0.99731
[GPU EM Compute] 9450 calls | Last: 105 μs | Avg: 109 μs | Grid: 128×128
[GPU EM Compute] 9500 calls | Last: 109 μs | Avg: 109 μs | Grid: 128×128
  Step 9500/10000 | R_avg = 0.983542 | norm = 0.99728
[GPU EM Compute] 9550 calls | Last: 111 μs | Avg: 109 μs | Grid: 128×128
[GPU EM Compute] 9600 calls | Last: 110 μs | Avg: 109 μs | Grid: 128×128
  Step 9600/10000 | R_avg = 0.983559 | norm = 0.99725
[GPU EM Compute] 9650 calls | Last: 108 μs | Avg: 109 μs | Grid: 128×128
[GPU EM Compute] 9700 calls | Last: 105 μs | Avg: 109 μs | Grid: 128×128
  Step 9700/10000 | R_avg = 0.983554 | norm = 0.997219
[GPU EM Compute] 9750 calls | Last: 104 μs | Avg: 109 μs | Grid: 128×128
[GPU EM Compute] 9800 calls | Last: 110 μs | Avg: 109 μs | Grid: 128×128
  Step 9800/10000 | R_avg = 0.983549 | norm = 0.997188
[GPU EM Compute] 9850 calls | Last: 103 μs | Avg: 109 μs | Grid: 128×128
[GPU EM Compute] 9900 calls | Last: 123 μs | Avg: 109 μs | Grid: 128×128
  Step 9900/10000 | R_avg = 0.983525 | norm = 0.997158
[GPU EM Compute] 9950 calls | Last: 106 μs | Avg: 109 μs | Grid: 128×128
[GPU EM Compute] 10000 calls | Last: 119 μs | Avg: 109 μs | Grid: 128×128
  [Kuramoto Energy] grad_R: 76.0119, potential: -15969.6, total: -15893.6 (κ=1)

===== Global Validation =====
✓ Global validation PASSED
  ✓ Probability Conservation: ||ψ||² = 0.997127 (drift: 0.287482% from initial 1) ✓ PASS
  ✓ Energy Conservation: E_total = -15892.2 (drift: 0.0103959% from initial -15893.8) ✓ PASS
  ✓ Order Parameter Bounds: R ∈ [0, 1] ✓ PASS (within [0,1])
  ✓ Causality: v = |p|/E = 4.8684e-07 (c = 1) ✓ PASS (v ≤ c)
  ✓ Numerical Stability: All fields finite ✓ PASS

===== Scenario 2.1: Defect Localization Validation =====
✓ Scenario validation PASSED
  ✓ 1. θ(x,y,t=0) shows vortex structure (W = ±1): Winding number W = 1 ✓ PASS (|W| ≈ 1)
  ✓ 3. R(x,y,t=0) shows core (R_min < 0.5): R_min = 0 ✓ PASS (< 0.5)
  Norm validation: max_error = 0.00287281 ✓ PASS
  Energy validation: max_drift = 0.000696686 ✓ PASS
Failed to open /home/persist/neotec/0rigin/output/20251230_170046_lorentz_force_R2_regularized/N_1/observables.csv for writing
  Saved observables to /home/persist/neotec/0rigin/output/20251230_170046_lorentz_force_R2_regularized/N_1/observables.csv
Failed to open /home/persist/neotec/0rigin/output/20251230_170046_lorentz_force_R2_regularized/N_1/em_observables.csv for writing
  Saved EM observables to /home/persist/neotec/0rigin/output/20251230_170046_lorentz_force_R2_regularized/N_1/em_observables.csv

[3/3] Generating report...

✓ Report saved to /home/persist/neotec/0rigin/output/20251230_170046_lorentz_force_R2_regularized/test_report.txt

===== Test Summary =====
✓ ALL TESTS PASSED

Validation criteria met:
  ✓ Norm conservation ||Ψ||² - 1 < 10⁻⁴
  ✓ Energy conservation |ΔE/E₀| < 1%
  ✓ Convergence between N ratios < 5%
