[Logging] Console output for 64x64 v=0.5c writing to: /home/persist/neotec/0rigin/output/20251228_162106_em_coupling_uniform_field_64x64_v0.5/console.log

--- Testing with N=1 ---
  Dirac initialization (grid-independent):
    Position: (50, 50) ℓ_P
    Width: 3 ℓ_P
    Grid coordinates: (32, 32) grid units
    Grid width: 1.92 grid units
  Using Dirac solver (spinor field) with boosted initialization
    Background R (expected): 1
[DiracEvolution] Initialized 64x64 4-component spinor field (particle, β=1)
[SMFT] Boosted Gaussian initialization:
  Position: (32, 32) grid units
  Width: σ = 1.92 grid units
  Velocity: v = (0.5, 0)c
  |v| = 0.5c
  Lorentz factor: γ = 1.1547
  Rest mass: m₀ = Δ·R = 1 × 1 = 1 m_P
  Momentum: p = (0.57735, 0) m_P·c
  |p| = 0.57735 m_P·c
  Pre-normalization: ∫|Ψ|² = 23.1623
  Normalization factor: 4.81273
[DiracEvolution] Initialized Gaussian wavepacket at (32, 32) with σ=1.92
  Final norm: ||Ψ||² = 1
  Initial position: <r> = (32, 32)
✓ Boosted Gaussian initialized
[SMFTEngine] Boosted Dirac field initialized: center=(32,32), sigma=1.92, boost=(0.5,0)c, norm=1, <r>=(32,32)
[DiracEvolution] Initialized 64x64 4-component spinor field (particle, β=1)
[SMFT] Boosted Gaussian initialization:
  Position: (32, 32) grid units
  Width: σ = 1.92 grid units
  Velocity: v = (0.5, 0)c
  |v| = 0.5c
  Lorentz factor: γ = 1.1547
  Rest mass: m₀ = Δ·R = 1 × 1 = 1 m_P
  Momentum: p = (0.57735, 0) m_P·c
  |p| = 0.57735 m_P·c
  Pre-normalization: ∫|Ψ|² = 23.1623
  Normalization factor: 4.81273
[DiracEvolution] Initialized Gaussian wavepacket at (32, 32) with σ=1.92
  Final norm: ||Ψ||² = 1
  Initial position: <r> = (32, 32)
✓ Boosted Gaussian initialized
  Initial energy E0 = 1.46471
  Initial norm = 1
  Saved spatial snapshot at t = 0 (step 0)
  Actual initial energy E0 = 1.47164 (from first observation including EM)
  Step 0/2000 | R_avg = 0.999772 | norm = 1
  Step 100/2000 | R_avg = 0.999797 | norm = 0.999977
  Step 200/2000 | R_avg = 0.999821 | norm = 0.99995
  Step 300/2000 | R_avg = 0.999762 | norm = 0.999922
  Step 400/2000 | R_avg = 0.999736 | norm = 0.999893
  Step 500/2000 | R_avg = 0.999715 | norm = 0.999863
  Step 600/2000 | R_avg = 0.999536 | norm = 0.999833
  Step 700/2000 | R_avg = 0.999766 | norm = 0.999803
  Step 800/2000 | R_avg = 0.999813 | norm = 0.999772
  Step 900/2000 | R_avg = 0.99974 | norm = 0.999741
  Step 1000/2000 | R_avg = 0.999742 | norm = 0.99971
  Step 1100/2000 | R_avg = 0.999814 | norm = 0.999678
  Step 1200/2000 | R_avg = 0.999765 | norm = 0.999647
  Step 1300/2000 | R_avg = 0.999759 | norm = 0.999615
  Step 1400/2000 | R_avg = 0.999807 | norm = 0.999585
  Step 1500/2000 | R_avg = 0.999738 | norm = 0.999554
  Step 1600/2000 | R_avg = 0.999734 | norm = 0.999525
  Step 1700/2000 | R_avg = 0.999802 | norm = 0.999496
  Step 1800/2000 | R_avg = 0.999545 | norm = 0.999466
  Step 1900/2000 | R_avg = 0.999887 | norm = 0.999436

===== Global Validation =====
✓ Global validation PASSED
  ✓ Probability Conservation: ||ψ||² = 0.999407 (drift: 0.0593314% from initial 1) ✓ PASS
  ✓ Energy Conservation: E_total = 1.46862 (drift: 0.205866% from initial 1.47164) ✓ PASS
  ✓ Order Parameter Bounds: R ∈ [1, 1] ✓ PASS (within [0,1])
  ✓ Causality: v = |p|/E = 0.345396 (c = 1) ✓ PASS (v ≤ c)
  ✓ Numerical Stability: All fields finite ✓ PASS
  Norm validation: max_error = 0.000593378 ✓ PASS
  Energy validation: max_drift = 0.00692515 ✓ PASS
  Saved observables to /home/persist/neotec/0rigin/output/20251228_162106_em_coupling_uniform_field_64x64_v0.5/N_1/observables.csv
  Saved EM observables to /home/persist/neotec/0rigin/output/20251228_162106_em_coupling_uniform_field_64x64_v0.5/N_1/em_observables.csv

--- Testing with N=10 ---
  Dirac initialization (grid-independent):
    Position: (50, 50) ℓ_P
    Width: 3 ℓ_P
    Grid coordinates: (32, 32) grid units
    Grid width: 1.92 grid units
  Using Dirac solver (spinor field) with boosted initialization
    Background R (expected): 1
[SMFT] Boosted Gaussian initialization:
  Position: (32, 32) grid units
  Width: σ = 1.92 grid units
  Velocity: v = (0.5, 0)c
  |v| = 0.5c
  Lorentz factor: γ = 1.1547
  Rest mass: m₀ = Δ·R = 1 × 1 = 1 m_P
  Momentum: p = (0.57735, 0) m_P·c
  |p| = 0.57735 m_P·c
  Pre-normalization: ∫|Ψ|² = 23.1623
  Normalization factor: 4.81273
[DiracEvolution] Initialized Gaussian wavepacket at (32, 32) with σ=1.92
  Final norm: ||Ψ||² = 1
  Initial position: <r> = (32, 32)
✓ Boosted Gaussian initialized
[SMFTEngine] Boosted Dirac field initialized: center=(32,32), sigma=1.92, boost=(0.5,0)c, norm=1, <r>=(32,32)
[DiracEvolution] Initialized 64x64 4-component spinor field (particle, β=1)
[SMFT] Boosted Gaussian initialization:
  Position: (32, 32) grid units
  Width: σ = 1.92 grid units
  Velocity: v = (0.5, 0)c
  |v| = 0.5c
  Lorentz factor: γ = 1.1547
  Rest mass: m₀ = Δ·R = 1 × 1 = 1 m_P
  Momentum: p = (0.57735, 0) m_P·c
  |p| = 0.57735 m_P·c
  Pre-normalization: ∫|Ψ|² = 23.1623
  Normalization factor: 4.81273
[DiracEvolution] Initialized Gaussian wavepacket at (32, 32) with σ=1.92
  Final norm: ||Ψ||² = 1
  Initial position: <r> = (32, 32)
✓ Boosted Gaussian initialized
  Initial energy E0 = 1.46471
  Initial norm = 1
  Saved spatial snapshot at t = 0 (step 0)
  Actual initial energy E0 = 1.45847 (from first observation including EM)
  Step 0/2000 | R_avg = 0.999771 | norm = 1
  Step 100/2000 | R_avg = 0.999538 | norm = 0.999977
  Step 200/2000 | R_avg = 0.999762 | norm = 0.99995
  Step 300/2000 | R_avg = 0.999807 | norm = 0.999922
  Step 400/2000 | R_avg = 0.999539 | norm = 0.999893
  Step 500/2000 | R_avg = 0.999793 | norm = 0.999863
  Step 600/2000 | R_avg = 0.999781 | norm = 0.999833
  Step 700/2000 | R_avg = 0.999545 | norm = 0.999802
  Step 800/2000 | R_avg = 0.999771 | norm = 0.999771
  Step 900/2000 | R_avg = 0.999757 | norm = 0.99974
  Step 1000/2000 | R_avg = 0.999769 | norm = 0.999709
  Step 1100/2000 | R_avg = 0.999727 | norm = 0.999678
  Step 1200/2000 | R_avg = 0.999771 | norm = 0.999647
  Step 1300/2000 | R_avg = 0.999766 | norm = 0.999615
  Step 1400/2000 | R_avg = 0.999766 | norm = 0.999584
  Step 1500/2000 | R_avg = 0.999822 | norm = 0.999555
  Step 1600/2000 | R_avg = 0.999761 | norm = 0.999525
  Step 1700/2000 | R_avg = 0.999385 | norm = 0.999497
  Step 1800/2000 | R_avg = 0.999815 | norm = 0.999467
  Step 1900/2000 | R_avg = 0.999756 | norm = 0.999437

===== Global Validation =====
✓ Global validation PASSED
  ✓ Probability Conservation: ||ψ||² = 0.999408 (drift: 0.0592444% from initial 1) ✓ PASS
  ✓ Energy Conservation: E_total = 1.4607 (drift: 0.153015% from initial 1.45847) ✓ PASS
  ✓ Order Parameter Bounds: R ∈ [1, 1] ✓ PASS (within [0,1])
  ✓ Causality: v = |p|/E = 0.34732 (c = 1) ✓ PASS (v ≤ c)
  ✓ Numerical Stability: All fields finite ✓ PASS
  Norm validation: max_error = 0.000592494 ✓ PASS
  Energy validation: max_drift = 0.00396164 ✓ PASS
  Saved observables to /home/persist/neotec/0rigin/output/20251228_162106_em_coupling_uniform_field_64x64_v0.5/N_10/observables.csv
  Saved EM observables to /home/persist/neotec/0rigin/output/20251228_162106_em_coupling_uniform_field_64x64_v0.5/N_10/em_observables.csv

--- Testing with N=100 ---
  Dirac initialization (grid-independent):
    Position: (50, 50) ℓ_P
    Width: 3 ℓ_P
    Grid coordinates: (32, 32) grid units
    Grid width: 1.92 grid units
  Using Dirac solver (spinor field) with boosted initialization
    Background R (expected): 1
[SMFT] Boosted Gaussian initialization:
  Position: (32, 32) grid units
  Width: σ = 1.92 grid units
  Velocity: v = (0.5, 0)c
  |v| = 0.5c
  Lorentz factor: γ = 1.1547
  Rest mass: m₀ = Δ·R = 1 × 1 = 1 m_P
  Momentum: p = (0.57735, 0) m_P·c
  |p| = 0.57735 m_P·c
  Pre-normalization: ∫|Ψ|² = 23.1623
  Normalization factor: 4.81273
[DiracEvolution] Initialized Gaussian wavepacket at (32, 32) with σ=1.92
  Final norm: ||Ψ||² = 1
  Initial position: <r> = (32, 32)
✓ Boosted Gaussian initialized
[SMFTEngine] Boosted Dirac field initialized: center=(32,32), sigma=1.92, boost=(0.5,0)c, norm=1, <r>=(32,32)
[DiracEvolution] Initialized 64x64 4-component spinor field (particle, β=1)
[SMFT] Boosted Gaussian initialization:
  Position: (32, 32) grid units
  Width: σ = 1.92 grid units
  Velocity: v = (0.5, 0)c
  |v| = 0.5c
  Lorentz factor: γ = 1.1547
  Rest mass: m₀ = Δ·R = 1 × 1 = 1 m_P
  Momentum: p = (0.57735, 0) m_P·c
  |p| = 0.57735 m_P·c
  Pre-normalization: ∫|Ψ|² = 23.1623
  Normalization factor: 4.81273
[DiracEvolution] Initialized Gaussian wavepacket at (32, 32) with σ=1.92
  Final norm: ||Ψ||² = 1
  Initial position: <r> = (32, 32)
✓ Boosted Gaussian initialized
  Initial energy E0 = 1.46471
  Initial norm = 1
  Saved spatial snapshot at t = 0 (step 0)
  Actual initial energy E0 = 1.45847 (from first observation including EM)
  Step 0/2000 | R_avg = 0.999726 | norm = 1
  Step 100/2000 | R_avg = 0.999784 | norm = 0.999976
  Step 200/2000 | R_avg = 0.999738 | norm = 0.99995
  Step 300/2000 | R_avg = 0.999751 | norm = 0.999922
  Step 400/2000 | R_avg = 0.999755 | norm = 0.999893
  Step 500/2000 | R_avg = 0.999742 | norm = 0.999863
  Step 600/2000 | R_avg = 0.999731 | norm = 0.999833
  Step 700/2000 | R_avg = 0.999732 | norm = 0.999802
  Step 800/2000 | R_avg = 0.999764 | norm = 0.999771
  Step 900/2000 | R_avg = 0.999555 | norm = 0.99974
  Step 1000/2000 | R_avg = 0.999525 | norm = 0.999709
  Step 1100/2000 | R_avg = 0.999752 | norm = 0.999678
