[Logging] Console output for 128x128 v=0.7c writing to: /home/persist/neotec/0rigin/output/20251226_183512_scenario_2.4B_R_field_dynamics_128x128_v0.7/console.log

--- Testing with N=1 ---
  Vortex initialization (grid-independent):
    Domain size: 100 ℓ_P
    Grid spacing: 0.78125 ℓ_P
    Core radius: 3 ℓ_P (3.84 grid points)
    Center: (50, 50) ℓ_P
    Winding number: W = 1
  Dirac initialization (grid-independent):
    Position: (50, 50) ℓ_P
    Width: 3 ℓ_P
    Grid coordinates: (64, 64) grid units
    Grid width: 3.84 grid units
  Using Dirac solver (spinor field) with boosted initialization
    Background R (expected): 1
[DiracEvolution] Initialized 128x128 4-component spinor field (particle, β=1)
[SMFT] Boosted Gaussian initialization:
  Position: (64, 64) grid units
  Width: σ = 3.84 grid units
  Velocity: v = (0.7, 0)c
  |v| = 0.7c
  Lorentz factor: γ = 1.40028
  Rest mass: m₀ = Δ·R = 1 × 1 = 1 m_P
  Momentum: p = (0.980196, 0) m_P·c
  |p| = 0.980196 m_P·c
  Pre-normalization: ∫|Ψ|² = 92.6492
  Normalization factor: 9.62545
[DiracEvolution] Initialized Gaussian wavepacket at (64, 64) with σ=3.84
  Final norm: ||Ψ||² = 1
  Initial position: <r> = (64, 64)
✓ Boosted Gaussian initialized
[SMFTEngine] Boosted Dirac field initialized: center=(64,64), sigma=3.84, boost=(0.7,0)c, norm=1, <r>=(64,64)
[DiracEvolution] Initialized 128x128 4-component spinor field (particle, β=1)
[SMFT] Boosted Gaussian initialization:
  Position: (64, 64) grid units
  Width: σ = 3.84 grid units
  Velocity: v = (0.7, 0)c
  |v| = 0.7c
  Lorentz factor: γ = 1.40028
  Rest mass: m₀ = Δ·R = 1 × 1 = 1 m_P
  Momentum: p = (0.980196, 0) m_P·c
  |p| = 0.980196 m_P·c
  Pre-normalization: ∫|Ψ|² = 92.6492
  Normalization factor: 9.62545
[DiracEvolution] Initialized Gaussian wavepacket at (64, 64) with σ=3.84
  Final norm: ||Ψ||² = 1
  Initial position: <r> = (64, 64)
✓ Boosted Gaussian initialized
  Initial energy E0 = 1.71024
  Initial norm = 1
  Saved spatial snapshot at t = 0 (step 0)
  Step 0/5000 | R_avg = 0.983631 | norm = 1
  Saved spatial snapshot at t = 1 (step 100)
  Step 100/5000 | R_avg = 0.983616 | norm = 0.999978
  Step 200/5000 | R_avg = 0.983651 | norm = 0.999954
  Saved spatial snapshot at t = 2.5 (step 250)
  Step 300/5000 | R_avg = 0.983631 | norm = 0.999929
  Step 400/5000 | R_avg = 0.983616 | norm = 0.999904
  Saved spatial snapshot at t = 5 (step 500)
  Step 500/5000 | R_avg = 0.983651 | norm = 0.999878
  Step 600/5000 | R_avg = 0.983631 | norm = 0.999852
  Step 700/5000 | R_avg = 0.983616 | norm = 0.999825
  Step 800/5000 | R_avg = 0.983651 | norm = 0.999798
  Step 900/5000 | R_avg = 0.983631 | norm = 0.99977
  Saved spatial snapshot at t = 10 (step 1000)
  Step 1000/5000 | R_avg = 0.983616 | norm = 0.999742
  Step 1100/5000 | R_avg = 0.983651 | norm = 0.999714
  Step 1200/5000 | R_avg = 0.983631 | norm = 0.999686
  Step 1300/5000 | R_avg = 0.983616 | norm = 0.999657
  Step 1400/5000 | R_avg = 0.983651 | norm = 0.999629
  Step 1500/5000 | R_avg = 0.983631 | norm = 0.999601
  Step 1600/5000 | R_avg = 0.983616 | norm = 0.999574
  Step 1700/5000 | R_avg = 0.983651 | norm = 0.999546
  Step 1800/5000 | R_avg = 0.983631 | norm = 0.999518
  Step 1900/5000 | R_avg = 0.983616 | norm = 0.99949
  Saved spatial snapshot at t = 20 (step 2000)
  Step 2000/5000 | R_avg = 0.983651 | norm = 0.99946
  Step 2100/5000 | R_avg = 0.983631 | norm = 0.999431
  Step 2200/5000 | R_avg = 0.983616 | norm = 0.999401
  Step 2300/5000 | R_avg = 0.983651 | norm = 0.999371
  Step 2400/5000 | R_avg = 0.983631 | norm = 0.999341
  Step 2500/5000 | R_avg = 0.983616 | norm = 0.999312
  Step 2600/5000 | R_avg = 0.983651 | norm = 0.999283
  Step 2700/5000 | R_avg = 0.983631 | norm = 0.999254
  Step 2800/5000 | R_avg = 0.983616 | norm = 0.999227
  Step 2900/5000 | R_avg = 0.983651 | norm = 0.999201
  Saved spatial snapshot at t = 30 (step 3000)
  Step 3000/5000 | R_avg = 0.983631 | norm = 0.999177
  Step 3100/5000 | R_avg = 0.983616 | norm = 0.999153
  Step 3200/5000 | R_avg = 0.983651 | norm = 0.99913
  Step 3300/5000 | R_avg = 0.983631 | norm = 0.999108
  Step 3400/5000 | R_avg = 0.983616 | norm = 0.999086
  Step 3500/5000 | R_avg = 0.983651 | norm = 0.999063
  Step 3600/5000 | R_avg = 0.983631 | norm = 0.999039
  Step 3700/5000 | R_avg = 0.983616 | norm = 0.999015
  Step 3800/5000 | R_avg = 0.983651 | norm = 0.998989
  Step 3900/5000 | R_avg = 0.983631 | norm = 0.998961
  Saved spatial snapshot at t = 40 (step 4000)
  Step 4000/5000 | R_avg = 0.983616 | norm = 0.998931
  Step 4100/5000 | R_avg = 0.983651 | norm = 0.9989
  Step 4200/5000 | R_avg = 0.983631 | norm = 0.998868
  Step 4300/5000 | R_avg = 0.983616 | norm = 0.998835
  Step 4400/5000 | R_avg = 0.983651 | norm = 0.998801
  Step 4500/5000 | R_avg = 0.983631 | norm = 0.998766
  Step 4600/5000 | R_avg = 0.983616 | norm = 0.998731
  Step 4700/5000 | R_avg = 0.983651 | norm = 0.998697
  Step 4800/5000 | R_avg = 0.983631 | norm = 0.998663
  Step 4900/5000 | R_avg = 0.983616 | norm = 0.998629
  Saved spatial snapshot at t = 49.99 (step 4999)

===== Global Validation =====
✓ Global validation PASSED
  ✓ Probability Conservation: ||ψ||² = 0.998595 (drift: 0.140598% from initial 1) ✓ PASS
  ✓ Energy Conservation: E_total = 1.63937 (drift: 0.779773% from initial 1.62668) ✓ PASS
  ✓ Order Parameter Bounds: R ∈ [1, 1] ✓ PASS (within [0,1])
  ✓ Causality: v = |p|/E = 0.453081 (c = 1) ✓ PASS (v ≤ c)
  ✓ Numerical Stability: All fields finite ✓ PASS

===== Scenario 2.3: Relativistic Mass Validation =====
  Boost velocity: v = 0.7c
  Theoretical gamma: γ = 1.40028
✗ Scenario validation FAILED:
  ✓ 1. θ(x,y,t=0) shows vortex structure (W = ±1): Winding number W = 1 ✓ PASS (|W| ≈ 1)
  ✗ 3. R(x,y,t=0) shows core (R_min < 0.5): R_min = 1 ✗ FAIL (expect R_min < 0.5)
  ✗ 4. ψ(x,y,t=0) is Gaussian at offset position: Wavepacket variance = 6.55052e-07 ✗ FAIL (too uniform, not Gaussian)
  ✗ 5. ⟨p⟩(t=0) = γmv (within 5%): ⟨p⟩ = 0.816644 (expect 0.980196, error = 16.6857%) ✗ FAIL (exceeds 5% tolerance)
  ✗ 6. γ_measured(t=final) within 5% of theory: γ_measured = 1.48579 (γ_theory = 1.40028, error = 6.10641%) ✗ FAIL (exceeds 5% tolerance)
  Norm validation: max_error = 0.00140508 ✓ PASS
  Energy validation: max_drift = 0.0094742 ✓ PASS
  Saved observables to /home/persist/neotec/0rigin/output/20251226_183512_scenario_2.4B_R_field_dynamics_128x128_v0.7/N_1/observables.csv

--- Testing with N=10 ---
  Vortex initialization (grid-independent):
    Domain size: 100 ℓ_P
    Grid spacing: 0.78125 ℓ_P
    Core radius: 3 ℓ_P (3.84 grid points)
    Center: (50, 50) ℓ_P
    Winding number: W = 1
  Dirac initialization (grid-independent):
    Position: (50, 50) ℓ_P
    Width: 3 ℓ_P
    Grid coordinates: (64, 64) grid units
    Grid width: 3.84 grid units
  Using Dirac solver (spinor field) with boosted initialization
    Background R (expected): 1
[SMFT] Boosted Gaussian initialization:
  Position: (64, 64) grid units
  Width: σ = 3.84 grid units
  Velocity: v = (0.7, 0)c
  |v| = 0.7c
  Lorentz factor: γ = 1.40028
  Rest mass: m₀ = Δ·R = 1 × 1 = 1 m_P
  Momentum: p = (0.980196, 0) m_P·c
  |p| = 0.980196 m_P·c
  Pre-normalization: ∫|Ψ|² = 92.6492
  Normalization factor: 9.62545
[DiracEvolution] Initialized Gaussian wavepacket at (64, 64) with σ=3.84
  Final norm: ||Ψ||² = 1
  Initial position: <r> = (64, 64)
✓ Boosted Gaussian initialized
[SMFTEngine] Boosted Dirac field initialized: center=(64,64), sigma=3.84, boost=(0.7,0)c, norm=1, <r>=(64,64)
[DiracEvolution] Initialized 128x128 4-component spinor field (particle, β=1)
[SMFT] Boosted Gaussian initialization:
  Position: (64, 64) grid units
  Width: σ = 3.84 grid units
  Velocity: v = (0.7, 0)c
  |v| = 0.7c
  Lorentz factor: γ = 1.40028
  Rest mass: m₀ = Δ·R = 1 × 1 = 1 m_P
  Momentum: p = (0.980196, 0) m_P·c
  |p| = 0.980196 m_P·c
  Pre-normalization: ∫|Ψ|² = 92.6492
  Normalization factor: 9.62545
[DiracEvolution] Initialized Gaussian wavepacket at (64, 64) with σ=3.84
  Final norm: ||Ψ||² = 1
  Initial position: <r> = (64, 64)
✓ Boosted Gaussian initialized
  Initial energy E0 = 1.71024
  Initial norm = 1
  Saved spatial snapshot at t = 0 (step 0)
  Step 0/5000 | R_avg = 0.983651 | norm = 1
  Saved spatial snapshot at t = 1 (step 100)
  Step 100/5000 | R_avg = 0.983607 | norm = 0.999978
  Step 200/5000 | R_avg = 0.983651 | norm = 0.999954
  Saved spatial snapshot at t = 2.5 (step 250)
  Step 300/5000 | R_avg = 0.983631 | norm = 0.99993
  Step 400/5000 | R_avg = 0.983634 | norm = 0.999904
  Saved spatial snapshot at t = 5 (step 500)
  Step 500/5000 | R_avg = 0.98365 | norm = 0.999879
  Step 600/5000 | R_avg = 0.983616 | norm = 0.999852
  Step 700/5000 | R_avg = 0.983655 | norm = 0.999825
  Step 800/5000 | R_avg = 0.983609 | norm = 0.999798
  Step 900/5000 | R_avg = 0.983651 | norm = 0.99977
  Saved spatial snapshot at t = 10 (step 1000)
  Step 1000/5000 | R_avg = 0.983607 | norm = 0.999742
  Step 1100/5000 | R_avg = 0.983651 | norm = 0.999714
  Step 1200/5000 | R_avg = 0.983631 | norm = 0.999686
  Step 1300/5000 | R_avg = 0.983634 | norm = 0.999658
  Step 1400/5000 | R_avg = 0.98365 | norm = 0.99963
  Step 1500/5000 | R_avg = 0.983616 | norm = 0.999602
  Step 1600/5000 | R_avg = 0.983655 | norm = 0.999574
  Step 1700/5000 | R_avg = 0.983609 | norm = 0.999546
  Step 1800/5000 | R_avg = 0.983651 | norm = 0.999519
  Step 1900/5000 | R_avg = 0.983607 | norm = 0.99949
  Saved spatial snapshot at t = 20 (step 2000)
  Step 2000/5000 | R_avg = 0.983651 | norm = 0.999461
  Step 2100/5000 | R_avg = 0.983631 | norm = 0.999431
  Step 2200/5000 | R_avg = 0.983634 | norm = 0.999401
  Step 2300/5000 | R_avg = 0.98365 | norm = 0.999371
  Step 2400/5000 | R_avg = 0.983616 | norm = 0.999341
  Step 2500/5000 | R_avg = 0.983655 | norm = 0.999311
  Step 2600/5000 | R_avg = 0.983609 | norm = 0.999282
  Step 2700/5000 | R_avg = 0.983651 | norm = 0.999254
  Step 2800/5000 | R_avg = 0.983607 | norm = 0.999227
  Step 2900/5000 | R_avg = 0.983651 | norm = 0.999201
  Saved spatial snapshot at t = 30 (step 3000)
  Step 3000/5000 | R_avg = 0.983631 | norm = 0.999177
  Step 3100/5000 | R_avg = 0.983634 | norm = 0.999153
  Step 3200/5000 | R_avg = 0.98365 | norm = 0.99913
  Step 3300/5000 | R_avg = 0.983616 | norm = 0.999108
  Step 3400/5000 | R_avg = 0.983655 | norm = 0.999086
  Step 3500/5000 | R_avg = 0.983609 | norm = 0.999063
  Step 3600/5000 | R_avg = 0.983651 | norm = 0.999039
  Step 3700/5000 | R_avg = 0.983607 | norm = 0.999015
  Step 3800/5000 | R_avg = 0.983651 | norm = 0.998989
  Step 3900/5000 | R_avg = 0.983631 | norm = 0.998961
  Saved spatial snapshot at t = 40 (step 4000)
  Step 4000/5000 | R_avg = 0.983634 | norm = 0.998931
  Step 4100/5000 | R_avg = 0.98365 | norm = 0.9989
  Step 4200/5000 | R_avg = 0.983616 | norm = 0.998868
  Step 4300/5000 | R_avg = 0.983655 | norm = 0.998834
  Step 4400/5000 | R_avg = 0.983609 | norm = 0.9988
  Step 4500/5000 | R_avg = 0.983651 | norm = 0.998766
  Step 4600/5000 | R_avg = 0.983607 | norm = 0.998731
  Step 4700/5000 | R_avg = 0.983651 | norm = 0.998697
  Step 4800/5000 | R_avg = 0.983631 | norm = 0.998663
  Step 4900/5000 | R_avg = 0.983634 | norm = 0.998629
  Saved spatial snapshot at t = 49.99 (step 4999)

===== Global Validation =====
✓ Global validation PASSED
  ✓ Probability Conservation: ||ψ||² = 0.998596 (drift: 0.140538% from initial 1) ✓ PASS
  ✓ Energy Conservation: E_total = 1.63932 (drift: 0.772614% from initial 1.62675) ✓ PASS
  ✓ Order Parameter Bounds: R ∈ [1, 1] ✓ PASS (within [0,1])
  ✓ Causality: v = |p|/E = 0.452939 (c = 1) ✓ PASS (v ≤ c)
  ✓ Numerical Stability: All fields finite ✓ PASS

===== Scenario 2.3: Relativistic Mass Validation =====
  Boost velocity: v = 0.7c
  Theoretical gamma: γ = 1.40028
✗ Scenario validation FAILED:
  ✓ 1. θ(x,y,t=0) shows vortex structure (W = ±1): Winding number W = 1 ✓ PASS (|W| ≈ 1)
  ✗ 3. R(x,y,t=0) shows core (R_min < 0.5): R_min = 1 ✗ FAIL (expect R_min < 0.5)
  ✗ 4. ψ(x,y,t=0) is Gaussian at offset position: Wavepacket variance = 6.55052e-07 ✗ FAIL (too uniform, not Gaussian)
  ✗ 5. ⟨p⟩(t=0) = γmv (within 5%): ⟨p⟩ = 0.816547 (expect 0.980196, error = 16.6955%) ✗ FAIL (exceeds 5% tolerance)
  ✗ 6. γ_measured(t=final) within 5% of theory: γ_measured = 1.48584 (γ_theory = 1.40028, error = 6.10994%) ✗ FAIL (exceeds 5% tolerance)
  Norm validation: max_error = 0.00140444 ✓ PASS
  Energy validation: max_drift = 0.00935666 ✓ PASS
  Saved observables to /home/persist/neotec/0rigin/output/20251226_183512_scenario_2.4B_R_field_dynamics_128x128_v0.7/N_10/observables.csv

--- Validating Convergence ---
✓ Convergence validation PASSED

===== Velocity Sweep Aggregate Analysis =====

Analyzing velocity sweep results...
Grid size: 128×128
Velocities tested: 2

=== Relativistic Gamma Comparison ===
Velocity | γ_theory | γ_measured | Error (%) | Status
---------|----------|------------|-----------|-------

=== Critical Velocity Analysis ===
✓ Critical velocity is within expected range (0.3c - 0.7c)

✓ Velocity sweep report saved to: /home/persist/neotec/0rigin/output/20251226_183512_scenario_2.4B_R_field_dynamics_128x128_AGGREGATE/velocity_sweep_analysis.txt

[3/3] Generating report...

✓ Report saved to /home/persist/neotec/0rigin/output/20251226_183512_scenario_2.4B_R_field_dynamics_128x128_v0.7/test_report.txt

===== Test Summary =====
✗ TESTS FAILED

Some validation criteria not met.
Check test report for details.
