[Logging] Console output for 128x128 v=0.35c writing to: /home/persist/neotec/0rigin/output/20251226_013604_scenario_2.4A_velocity_threshold_128x128_v0.3/console.log

--- Testing with N=10 ---
  Vortex initialization (grid-independent):
    Domain size: 100 ℓ_P
    Grid spacing: 0.78125 ℓ_P
    Core radius: 3 ℓ_P (3.84 grid points)
    Center: (50, 50) ℓ_P
    Winding number: W = 1
  Dirac initialization (grid-independent):
    Position: (50, 50) ℓ_P
    Width: 3 ℓ_P
    Grid coordinates: (64, 64) grid units
    Grid width: 3.84 grid units
  Using Dirac solver (spinor field) with boosted initialization
    Background R (expected): 1
[DiracEvolution] Initialized 128x128 4-component spinor field (particle, β=1)
[SMFT] Boosted Gaussian initialization:
  Position: (64, 64) grid units
  Width: σ = 3.84 grid units
  Velocity: v = (0.35, 0)c
  |v| = 0.35c
  Lorentz factor: γ = 1.06752
  Rest mass: m₀ = Δ·R = 1 × 1 = 1 m_P
  Momentum: p = (0.373632, 0) m_P·c
  |p| = 0.373632 m_P·c
  Pre-normalization: ∫|Ψ|² = 92.6492
  Normalization factor: 9.62545
[DiracEvolution] Initialized Gaussian wavepacket at (64, 64) with σ=3.84
  Final norm: ||Ψ||² = 1
  Initial position: <r> = (64, 64)
✓ Boosted Gaussian initialized
[SMFTEngine] Boosted Dirac field initialized: center=(64,64), sigma=3.84, boost=(0.35,0)c, norm=1, <r>=(64,64)
[DiracEvolution] Initialized 128x128 4-component spinor field (particle, β=1)
[SMFT] Boosted Gaussian initialization:
  Position: (64, 64) grid units
  Width: σ = 3.84 grid units
  Velocity: v = (0.35, 0)c
  |v| = 0.35c
  Lorentz factor: γ = 1.06752
  Rest mass: m₀ = Δ·R = 1 × 1 = 1 m_P
  Momentum: p = (0.373632, 0) m_P·c
  |p| = 0.373632 m_P·c
  Pre-normalization: ∫|Ψ|² = 92.6492
  Normalization factor: 9.62545
[DiracEvolution] Initialized Gaussian wavepacket at (64, 64) with σ=3.84
  Final norm: ||Ψ||² = 1
  Initial position: <r> = (64, 64)
✓ Boosted Gaussian initialized
  Initial energy E0 = 0.190058
  Initial norm = 1
[stepWithDirac] Strang splitting enabled:
  substep_ratio=10
  substep_dt=0.001
  half_substeps=5
  remaining_substeps=5
  Saved spatial snapshot at t = 0 (step 0)
  Step 0/10000 | R_avg = 0.983638 | norm = 1
  Step 100/10000 | R_avg = 0.983589 | norm = 0.999977
  Step 200/10000 | R_avg = 0.983628 | norm = 0.999952
  Step 300/10000 | R_avg = 0.983624 | norm = 0.999927
  Step 400/10000 | R_avg = 0.983607 | norm = 0.9999
  Step 500/10000 | R_avg = 0.983605 | norm = 0.999872
  Step 600/10000 | R_avg = 0.983641 | norm = 0.999844
  Step 700/10000 | R_avg = 0.983582 | norm = 0.999816
  Step 800/10000 | R_avg = 0.983603 | norm = 0.999787
  Step 900/10000 | R_avg = 0.983618 | norm = 0.999758
  Step 1000/10000 | R_avg = 0.983643 | norm = 0.999728
  Step 1100/10000 | R_avg = 0.983586 | norm = 0.999699
  Step 1200/10000 | R_avg = 0.983609 | norm = 0.999668
  Step 1300/10000 | R_avg = 0.983627 | norm = 0.999638
  Step 1400/10000 | R_avg = 0.983607 | norm = 0.999607
  Step 1500/10000 | R_avg = 0.983628 | norm = 0.999577
  Step 1600/10000 | R_avg = 0.983604 | norm = 0.999548
  Step 1700/10000 | R_avg = 0.983587 | norm = 0.999518
  Step 1800/10000 | R_avg = 0.983638 | norm = 0.999487
  Step 1900/10000 | R_avg = 0.983604 | norm = 0.999456
  Step 2000/10000 | R_avg = 0.983639 | norm = 0.999425
  Step 2100/10000 | R_avg = 0.983591 | norm = 0.999392
  Step 2200/10000 | R_avg = 0.983622 | norm = 0.99936
  Step 2300/10000 | R_avg = 0.983617 | norm = 0.999328
  Step 2400/10000 | R_avg = 0.983638 | norm = 0.999296
  Saved spatial snapshot at t = 25 (step 2500)
  Step 2500/10000 | R_avg = 0.983612 | norm = 0.999265
  Step 2600/10000 | R_avg = 0.983645 | norm = 0.999234
  Step 2700/10000 | R_avg = 0.983599 | norm = 0.999205
  Step 2800/10000 | R_avg = 0.983643 | norm = 0.999175
  Step 2900/10000 | R_avg = 0.98359 | norm = 0.999147
  Step 3000/10000 | R_avg = 0.983647 | norm = 0.999119
  Step 3100/10000 | R_avg = 0.983633 | norm = 0.999092
  Step 3200/10000 | R_avg = 0.983608 | norm = 0.999066
  Step 3300/10000 | R_avg = 0.983643 | norm = 0.99904
  Step 3400/10000 | R_avg = 0.983638 | norm = 0.999015
  Step 3500/10000 | R_avg = 0.983636 | norm = 0.998989
  Step 3600/10000 | R_avg = 0.983646 | norm = 0.998963
  Step 3700/10000 | R_avg = 0.983644 | norm = 0.998936
  Step 3800/10000 | R_avg = 0.983661 | norm = 0.998908
  Step 3900/10000 | R_avg = 0.983613 | norm = 0.998878
  Step 4000/10000 | R_avg = 0.983624 | norm = 0.998846
  Step 4100/10000 | R_avg = 0.98365 | norm = 0.998814
  Step 4200/10000 | R_avg = 0.983604 | norm = 0.99878
  Step 4300/10000 | R_avg = 0.983613 | norm = 0.998746
  Step 4400/10000 | R_avg = 0.983617 | norm = 0.998712
  Step 4500/10000 | R_avg = 0.983602 | norm = 0.998677
  Step 4600/10000 | R_avg = 0.983619 | norm = 0.998643
  Step 4700/10000 | R_avg = 0.983587 | norm = 0.998608
  Step 4800/10000 | R_avg = 0.983605 | norm = 0.998573
  Step 4900/10000 | R_avg = 0.98362 | norm = 0.998538
  Saved spatial snapshot at t = 50 (step 5000)
  Step 5000/10000 | R_avg = 0.983614 | norm = 0.998503
  Step 5100/10000 | R_avg = 0.983639 | norm = 0.998467
  Step 5200/10000 | R_avg = 0.983601 | norm = 0.998432
  Step 5300/10000 | R_avg = 0.983631 | norm = 0.998396
  Step 5400/10000 | R_avg = 0.983586 | norm = 0.99836
  Step 5500/10000 | R_avg = 0.983614 | norm = 0.998325
  Step 5600/10000 | R_avg = 0.983619 | norm = 0.99829
  Step 5700/10000 | R_avg = 0.983601 | norm = 0.998255
  Step 5800/10000 | R_avg = 0.983644 | norm = 0.998221
  Step 5900/10000 | R_avg = 0.983647 | norm = 0.998186
  Step 6000/10000 | R_avg = 0.983606 | norm = 0.998152
  Step 6100/10000 | R_avg = 0.983598 | norm = 0.998119
  Step 6200/10000 | R_avg = 0.983646 | norm = 0.998085
  Step 6300/10000 | R_avg = 0.983637 | norm = 0.998053
  Step 6400/10000 | R_avg = 0.983612 | norm = 0.998021
  Step 6500/10000 | R_avg = 0.983639 | norm = 0.99799
  Step 6600/10000 | R_avg = 0.983617 | norm = 0.997958
  Step 6700/10000 | R_avg = 0.983627 | norm = 0.997926
  Step 6800/10000 | R_avg = 0.983627 | norm = 0.997894
  Step 6900/10000 | R_avg = 0.98365 | norm = 0.997862
  Step 7000/10000 | R_avg = 0.983596 | norm = 0.99783
  Step 7100/10000 | R_avg = 0.983655 | norm = 0.997797
  Step 7200/10000 | R_avg = 0.983599 | norm = 0.997765
  Step 7300/10000 | R_avg = 0.983591 | norm = 0.997732
  Step 7400/10000 | R_avg = 0.983607 | norm = 0.997699
  Saved spatial snapshot at t = 75 (step 7500)
  Step 7500/10000 | R_avg = 0.98364 | norm = 0.997666
  Step 7600/10000 | R_avg = 0.983607 | norm = 0.997633
  Step 7700/10000 | R_avg = 0.98363 | norm = 0.9976
  Step 7800/10000 | R_avg = 0.9836 | norm = 0.997567
  Step 7900/10000 | R_avg = 0.9836 | norm = 0.997534
  Step 8000/10000 | R_avg = 0.983628 | norm = 0.997501
  Step 8100/10000 | R_avg = 0.983607 | norm = 0.997468
  Step 8200/10000 | R_avg = 0.983665 | norm = 0.997435
  Step 8300/10000 | R_avg = 0.983616 | norm = 0.997402
  Step 8400/10000 | R_avg = 0.983596 | norm = 0.997368
  Step 8500/10000 | R_avg = 0.983619 | norm = 0.997334
  Step 8600/10000 | R_avg = 0.983603 | norm = 0.997301
  Step 8700/10000 | R_avg = 0.983633 | norm = 0.997267
  Step 8800/10000 | R_avg = 0.983638 | norm = 0.997234
  Step 8900/10000 | R_avg = 0.983602 | norm = 0.997201
  Step 9000/10000 | R_avg = 0.9836 | norm = 0.997168
  Step 9100/10000 | R_avg = 0.983623 | norm = 0.997136
  Step 9200/10000 | R_avg = 0.983652 | norm = 0.997104
  Step 9300/10000 | R_avg = 0.983666 | norm = 0.997073
  Step 9400/10000 | R_avg = 0.983637 | norm = 0.997043
  Step 9500/10000 | R_avg = 0.983632 | norm = 0.997013
  Step 9600/10000 | R_avg = 0.983582 | norm = 0.996983
  Step 9700/10000 | R_avg = 0.983625 | norm = 0.996953
  Step 9800/10000 | R_avg = 0.983616 | norm = 0.996924
  Step 9900/10000 | R_avg = 0.983582 | norm = 0.996894

===== Global Validation =====
✓ Global validation PASSED
  ✓ Probability Conservation: ||ψ||² = 0.996864 (drift: 0.313643% from initial 1) ✓ PASS
  ✓ Energy Conservation: E_total = 1.14737 (drift: 3.60376% from initial 1.10746) ✓ PASS
  ✓ Order Parameter Bounds: R ∈ [0, 0] ✓ PASS (within [0,1])
  ✓ Causality: v = |p|/E = 0.217446 (c = 1) ✓ PASS (v ≤ c)
  ✓ Numerical Stability: All fields finite ✓ PASS

===== Scenario 2.3: Relativistic Mass Validation =====
  Boost velocity: v = 0.35c
  Theoretical gamma: γ = 1.06752
✗ Scenario validation FAILED:
  ✓ 1. θ(x,y,t=0) shows vortex structure (W = ±1): Winding number W = 1 ✓ PASS (|W| ≈ 1)
  ✓ 3. R(x,y,t=0) shows core (R_min < 0.5): R_min = 0 ✓ PASS (< 0.5)
  ✗ 4. ψ(x,y,t=0) is Gaussian at offset position: Wavepacket variance = 6.55052e-07 ✗ FAIL (too uniform, not Gaussian)
  ✓ 5. ⟨p⟩(t=0) = γmv (within 5%): ⟨p⟩ = 0.358703 (expect 0.373632, error = 3.9957%) ✓ PASS
  ✗ 6. γ_measured(t=final) within 5% of theory: γ_measured = 1.13858 (γ_theory = 1.06752, error = 6.65624%) ✗ FAIL (exceeds 5% tolerance)
  Norm validation: max_error = 0.00313557 ✓ PASS
  Energy validation: max_drift = 0.0424609 ✓ PASS
  Saved observables to /home/persist/neotec/0rigin/output/20251226_013604_scenario_2.4A_velocity_threshold_128x128_v0.3/N_10/observables.csv

--- Validating Convergence ---
✗ Convergence validation FAILED

========================================
Velocity: v=0.4c
========================================

Initializing engine for 128×128 grid, velocity v=0.4c...
[SMFTEngine] Resources cleanup delegated to component managers

[SMFTEngine] Physical Interpretation:
  Vacuum potential Δ = 1 (Planck mass in natural units)
  Synchronization field R(x) → Emergent spacetime metric
  Mass field m(x) = Δ·R(x) → Local energy density
  ∇R(x) → Gravitational field (not separate force)
  Grid: 128 x 128 oscillators

[SMFTEngine] Created GPU buffers for 128x128 grid
  Phase buffers: 65536 bytes each
  Spinor buffer: 524288 bytes
  Accumulator buffers: 65536 bytes each (operator splitting)
[SMFTEngine] Created compute pipelines
  ✓ Kuramoto pipeline
  ✓ Sync field pipeline
  ✓ Gravity field pipeline
  ✓ Stochastic Kuramoto pipeline
  ✓ Stochastic Dirac pipeline
  ✓ Accumulation pipeline (operator splitting)
Created experiment directory: /home/persist/neotec/0rigin/output/20251226_013738_scenario_2.4A_velocity_threshold_128x128_v0.4
[OutputManager] Created timestamped directory: /home/persist/neotec/0rigin/output/20251226_013738_scenario_2.4A_velocity_threshold_128x128_v0.4
