=============================================
  LONG-DURATION DIRAC-KURAMOTO TEST
=============================================

10,000 timestep evolution (100 seconds)
Grid: 64 x 64
Warmup: 1000 steps (10 seconds)
Evolution: 10000 steps (100 seconds)
Noise: σ_θ = 0.05, σ_Ψ = 0.05
Output directory: /home/persist/neotec/0rigin/output/dirac_evolution_long
Created output directory: /home/persist/neotec/0rigin/output/dirac_evolution_long

Warmup phase (1000 steps)........ R = 1

LONG EVOLUTION (10000 steps = 100 seconds)...
Expected runtime: 5-10 minutes

Progress: 5.0% | Step 500/10000 | R = 0.9992 | |Ψ|² = 1.0000 | ETA: 0m 0s
Snapshot 1 at t = 10s : R = 0.9992, |Ψ|² = 1.0000, position = (31.7, 31.5)
Progress: 10.0% | Step 1000/10000 | R = 0.9992 | |Ψ|² = 1.0000 | ETA: 0m 0s
Progress: 15.0% | Step 1500/10000 | R = 0.9992 | |Ψ|² = 0.9999 | ETA: 0m 0s
Snapshot 2 at t = 20s : R = 0.9992, |Ψ|² = 0.9999, position = (31.5, 31.9)
Progress: 20.0% | Step 2000/10000 | R = 0.9992 | |Ψ|² = 0.9999 | ETA: 0m 0s
Progress: 25.0% | Step 2500/10000 | R = 0.9991 | |Ψ|² = 0.9998 | ETA: 0m 3s
Snapshot 3 at t = 30s : R = 0.9991, |Ψ|² = 0.9998, position = (31.7, 31.5)
Progress: 30.0% | Step 3000/10000 | R = 0.9991 | |Ψ|² = 0.9998 | ETA: 0m 2s
Progress: 35.0% | Step 3500/10000 | R = 0.9992 | |Ψ|² = 0.9997 | ETA: 0m 1s
Snapshot 4 at t = 40s : R = 0.9992, |Ψ|² = 0.9998, position = (31.5, 31.6)
Progress: 40.0% | Step 4000/10000 | R = 0.9992 | |Ψ|² = 0.9998 | ETA: 0m 1s
Progress: 45.0% | Step 4500/10000 | R = 0.9992 | |Ψ|² = 0.9999 | ETA: 0m 2s
Snapshot 5 at t = 50s : R = 0.9991, |Ψ|² = 0.9999, position = (31.9, 31.4)
Progress: 50.0% | Step 5000/10000 | R = 0.9991 | |Ψ|² = 0.9999 | ETA: 0m 2s
Progress: 55.0% | Step 5500/10000 | R = 0.9992 | |Ψ|² = 0.9999 | ETA: 0m 1s
Snapshot 6 at t = 60s : R = 0.9991, |Ψ|² = 0.9999, position = (31.7, 31.6)
Progress: 60.0% | Step 6000/10000 | R = 0.9991 | |Ψ|² = 0.9999 | ETA: 0m 1s
Progress: 65.0% | Step 6500/10000 | R = 0.9992 | |Ψ|² = 0.9998 | ETA: 0m 1s
Snapshot 7 at t = 70s : R = 0.9992, |Ψ|² = 0.9999, position = (31.7, 31.6)
Progress: 70.0% | Step 7000/10000 | R = 0.9992 | |Ψ|² = 0.9999 | ETA: 0m 1s
Progress: 75.0% | Step 7500/10000 | R = 0.9992 | |Ψ|² = 0.9999 | ETA: 0m 1s
Snapshot 8 at t = 80s : R = 0.9992, |Ψ|² = 0.9999, position = (31.4, 31.3)
Progress: 80.0% | Step 8000/10000 | R = 0.9992 | |Ψ|² = 0.9999 | ETA: 0m 0s
Progress: 85.0% | Step 8500/10000 | R = 0.9991 | |Ψ|² = 1.0000 | ETA: 0m 0s
Snapshot 9 at t = 90s : R = 0.9992, |Ψ|² = 1.0000, position = (31.5, 31.5)
Progress: 90.0% | Step 9000/10000 | R = 0.9992 | |Ψ|² = 1.0000 | ETA: 0m 0s
Progress: 95.0% | Step 9500/10000 | R = 0.9991 | |Ψ|² = 1.0000 | ETA: 0m 0s
Snapshot 10 at t = 100s : R = 0.9991, |Ψ|² = 1.0000, position = (31.6, 31.8)
Progress: 100.0% | Step 10000/10000 | R = 0.9991 | |Ψ|² = 1.0000 | ETA: 0m 0s

=============================================
      LONG-TERM VALIDATION RESULTS
=============================================
Vacuum stability (R > 0.90): 0.9991 - PASSED
Norm conservation (< 15% deviation): 0.0304% - PASSED
Particle control (< 10 grid units): 0.5055 - PASSED

=============================================
✓ LONG-TERM VALIDATION PASSED
=============================================

Total runtime: 4 seconds

Output files generated in: /home/persist/neotec/0rigin/output/dirac_evolution_long
  - timeseries.dat: Evolution data (100 points over 100 seconds)
  - snapshot_*.dat: Full field data at t = 0, 10, 20, ..., 100 seconds
  - mass_field_*.dat: Mass field evolution
  - density_*.dat: Spinor density maps
  - summary.dat: Summary statistics
