[Logging] Console output for 64x64 v=0.3c writing to: /home/persist/neotec/0rigin/output/20251228_181808_em_coupling_disabled_regression_64x64_v0.3/console.log

--- Testing with N=1 ---
  Vortex initialization (grid-independent):
    Domain size: 100 ℓ_P
    Grid spacing: 1.5625 ℓ_P
    Core radius: 3 ℓ_P (1.92 grid points)
    Center: (50, 50) ℓ_P
    Winding number: W = 1
[SMFTEngine] R-field initialized with custom values
  R_min = 0
  R_max = 1
  Vortex R-field initialized: R(r) = tanh(r/ξ) profile
    Core center: (50, 50) ℓ_P
    Core radius: 3 ℓ_P
  Dirac initialization (grid-independent):
    Position: (60, 50) ℓ_P
    Width: 3 ℓ_P
    Grid coordinates: (38.4, 32) grid units
    Grid width: 1.92 grid units
  Using Dirac solver (spinor field) with boosted initialization
    Background R (expected): 1
[DiracEvolution] Initialized 64x64 4-component spinor field (particle, β=1)
[SMFT] Boosted Gaussian initialization:
  Position: (38.4, 32) grid units
  Width: σ = 1.92 grid units
  Velocity: v = (0.3, 0)c
  |v| = 0.3c
  Lorentz factor: γ = 1.04828
  Rest mass: m₀ = Δ·R = 1 × 1 = 1 m_P
  Momentum: p = (0.314485, 0) m_P·c
  |p| = 0.314485 m_P·c
  Pre-normalization: ∫|Ψ|² = 23.1623
  Normalization factor: 4.81273
[DiracEvolution] Initialized Gaussian wavepacket at (38.4, 32) with σ=1.92
  Final norm: ||Ψ||² = 1
  Initial position: <r> = (38.4, 32)
✓ Boosted Gaussian initialized
[SMFTEngine] Boosted Dirac field initialized: center=(38.4,32), sigma=1.92, boost=(0.3,0)c, norm=1, <r>=(38.4,32)
[DiracEvolution] Initialized 64x64 4-component spinor field (particle, β=1)
[SMFT] Boosted Gaussian initialization:
  Position: (38.4, 32) grid units
  Width: σ = 1.92 grid units
  Velocity: v = (0.3, 0)c
  |v| = 0.3c
  Lorentz factor: γ = 1.04828
  Rest mass: m₀ = Δ·R = 1 × 1 = 1 m_P
  Momentum: p = (0.314485, 0) m_P·c
  |p| = 0.314485 m_P·c
  Pre-normalization: ∫|Ψ|² = 23.1623
  Normalization factor: 4.81273
[DiracEvolution] Initialized Gaussian wavepacket at (38.4, 32) with σ=1.92
  Final norm: ||Ψ||² = 1
  Initial position: <r> = (38.4, 32)
✓ Boosted Gaussian initialized
  Initial energy E0 = 1.30487
  Initial norm = 1
  Saved spatial snapshot at t = 0 (step 0)
  Actual initial energy E0 = 1.30149 (from first observation including EM)
  Step 0/2000 | R_avg = 0.968172 | norm = 1
  Step 100/2000 | R_avg = 0.968154 | norm = 0.999974
  Step 200/2000 | R_avg = 0.968158 | norm = 0.999948
  Step 300/2000 | R_avg = 0.968146 | norm = 0.999921
  Step 400/2000 | R_avg = 0.968182 | norm = 0.999893
  Step 500/2000 | R_avg = 0.968226 | norm = 0.999866
  Step 600/2000 | R_avg = 0.968144 | norm = 0.999837
  Step 700/2000 | R_avg = 0.968147 | norm = 0.999809
  Step 800/2000 | R_avg = 0.96823 | norm = 0.999782
  Step 900/2000 | R_avg = 0.968169 | norm = 0.999755
  Step 1000/2000 | R_avg = 0.968159 | norm = 0.999728
  Step 1100/2000 | R_avg = 0.968215 | norm = 0.999701
  Step 1200/2000 | R_avg = 0.968147 | norm = 0.999674
  Step 1300/2000 | R_avg = 0.968162 | norm = 0.999648
  Step 1400/2000 | R_avg = 0.968186 | norm = 0.99962
  Step 1500/2000 | R_avg = 0.968177 | norm = 0.999592
  Step 1600/2000 | R_avg = 0.968164 | norm = 0.999564
  Step 1700/2000 | R_avg = 0.968262 | norm = 0.999535
  Step 1800/2000 | R_avg = 0.968135 | norm = 0.999507
  Step 1900/2000 | R_avg = 0.968154 | norm = 0.999478

===== Global Validation =====
✓ Global validation PASSED
  ✓ Probability Conservation: ||ψ||² = 0.99945 (drift: 0.0549539% from initial 1) ✓ PASS
  ✓ Energy Conservation: E_total = 1.30505 (drift: 0.273026% from initial 1.30149) ✓ PASS
  ✓ Order Parameter Bounds: R ∈ [0, 1] ✓ PASS (within [0,1])
  ✓ Causality: v = |p|/E = 0.213429 (c = 1) ✓ PASS (v ≤ c)
  ✓ Numerical Stability: All fields finite ✓ PASS

===== Scenario 2.3: Relativistic Mass Validation =====
  Boost velocity: v = 0.3c
  Theoretical gamma: γ = 1.04828
✗ Scenario validation FAILED:
  ✓ 1. θ(x,y,t=0) shows vortex structure (W = ±1): Winding number W = 1 ✓ PASS (|W| ≈ 1)
  ✓ 3. R(x,y,t=0) shows core (R_min < 0.5): R_min = 0 ✓ PASS (< 0.5)
  ✓ 4. ψ(x,y,t=0) is Gaussian at offset position: Wavepacket variance = 1.04808e-05 ✓ PASS (localized)
  ✗ 5. ⟨p⟩(t=0) = γmv (within 5%): ⟨p⟩ = 0.288994 (expect 0.314485, error = 8.10587%) ✗ FAIL (exceeds 5% tolerance)
  ✗ 6. γ_measured(t=final) within 5% of theory: γ_measured = 1.31687 (γ_theory = 1.04828, error = 25.6217%) ✗ FAIL (exceeds 5% tolerance)
  Norm validation: max_error = 0.000549731 ✓ PASS
  Energy validation: max_drift = 0.0027962 ✓ PASS
  Saved observables to /home/persist/neotec/0rigin/output/20251228_181808_em_coupling_disabled_regression_64x64_v0.3/N_1/observables.csv

--- Testing with N=10 ---
  Vortex initialization (grid-independent):
    Domain size: 100 ℓ_P
    Grid spacing: 1.5625 ℓ_P
    Core radius: 3 ℓ_P (1.92 grid points)
    Center: (50, 50) ℓ_P
    Winding number: W = 1
[SMFTEngine] R-field initialized with custom values
  R_min = 0
  R_max = 1
  Vortex R-field initialized: R(r) = tanh(r/ξ) profile
    Core center: (50, 50) ℓ_P
    Core radius: 3 ℓ_P
  Dirac initialization (grid-independent):
    Position: (60, 50) ℓ_P
    Width: 3 ℓ_P
    Grid coordinates: (38.4, 32) grid units
    Grid width: 1.92 grid units
  Using Dirac solver (spinor field) with boosted initialization
    Background R (expected): 1
[SMFT] Boosted Gaussian initialization:
  Position: (38.4, 32) grid units
  Width: σ = 1.92 grid units
  Velocity: v = (0.3, 0)c
  |v| = 0.3c
  Lorentz factor: γ = 1.04828
  Rest mass: m₀ = Δ·R = 1 × 1 = 1 m_P
  Momentum: p = (0.314485, 0) m_P·c
  |p| = 0.314485 m_P·c
  Pre-normalization: ∫|Ψ|² = 23.1623
  Normalization factor: 4.81273
[DiracEvolution] Initialized Gaussian wavepacket at (38.4, 32) with σ=1.92
  Final norm: ||Ψ||² = 1
  Initial position: <r> = (38.4, 32)
✓ Boosted Gaussian initialized
[SMFTEngine] Boosted Dirac field initialized: center=(38.4,32), sigma=1.92, boost=(0.3,0)c, norm=1, <r>=(38.4,32)
[DiracEvolution] Initialized 64x64 4-component spinor field (particle, β=1)
[SMFT] Boosted Gaussian initialization:
  Position: (38.4, 32) grid units
  Width: σ = 1.92 grid units
  Velocity: v = (0.3, 0)c
  |v| = 0.3c
  Lorentz factor: γ = 1.04828
  Rest mass: m₀ = Δ·R = 1 × 1 = 1 m_P
  Momentum: p = (0.314485, 0) m_P·c
  |p| = 0.314485 m_P·c
  Pre-normalization: ∫|Ψ|² = 23.1623
  Normalization factor: 4.81273
[DiracEvolution] Initialized Gaussian wavepacket at (38.4, 32) with σ=1.92
  Final norm: ||Ψ||² = 1
  Initial position: <r> = (38.4, 32)
✓ Boosted Gaussian initialized
  Initial energy E0 = 1.30487
  Initial norm = 1
  Saved spatial snapshot at t = 0 (step 0)
  Actual initial energy E0 = 1.30151 (from first observation including EM)
  Step 0/2000 | R_avg = 0.968067 | norm = 1
  Step 100/2000 | R_avg = 0.968188 | norm = 0.999974
  Step 200/2000 | R_avg = 0.968162 | norm = 0.999948
  Step 300/2000 | R_avg = 0.968191 | norm = 0.999921
  Step 400/2000 | R_avg = 0.968015 | norm = 0.999893
  Step 500/2000 | R_avg = 0.968134 | norm = 0.999866
  Step 600/2000 | R_avg = 0.968235 | norm = 0.999839
  Step 700/2000 | R_avg = 0.968172 | norm = 0.99981
  Step 800/2000 | R_avg = 0.968144 | norm = 0.999783
  Step 900/2000 | R_avg = 0.967784 | norm = 0.999756
  Step 1000/2000 | R_avg = 0.968227 | norm = 0.99973
  Step 1100/2000 | R_avg = 0.968062 | norm = 0.999703
  Step 1200/2000 | R_avg = 0.968163 | norm = 0.999676
  Step 1300/2000 | R_avg = 0.968153 | norm = 0.99965
  Step 1400/2000 | R_avg = 0.9683 | norm = 0.999622
  Step 1500/2000 | R_avg = 0.968249 | norm = 0.999594
  Step 1600/2000 | R_avg = 0.968151 | norm = 0.999565
  Step 1700/2000 | R_avg = 0.968141 | norm = 0.999537
  Step 1800/2000 | R_avg = 0.968167 | norm = 0.999508
  Step 1900/2000 | R_avg = 0.968184 | norm = 0.99948

===== Global Validation =====
✓ Global validation PASSED
  ✓ Probability Conservation: ||ψ||² = 0.999452 (drift: 0.0547955% from initial 1) ✓ PASS
  ✓ Energy Conservation: E_total = 1.30509 (drift: 0.27523% from initial 1.30151) ✓ PASS
  ✓ Order Parameter Bounds: R ∈ [0, 1] ✓ PASS (within [0,1])
  ✓ Causality: v = |p|/E = 0.213423 (c = 1) ✓ PASS (v ≤ c)
  ✓ Numerical Stability: All fields finite ✓ PASS

===== Scenario 2.3: Relativistic Mass Validation =====
  Boost velocity: v = 0.3c
  Theoretical gamma: γ = 1.04828
✗ Scenario validation FAILED:
  ✓ 1. θ(x,y,t=0) shows vortex structure (W = ±1): Winding number W = 1 ✓ PASS (|W| ≈ 1)
  ✓ 3. R(x,y,t=0) shows core (R_min < 0.5): R_min = 0 ✓ PASS (< 0.5)
  ✓ 4. ψ(x,y,t=0) is Gaussian at offset position: Wavepacket variance = 1.04808e-05 ✓ PASS (localized)
  ✗ 5. ⟨p⟩(t=0) = γmv (within 5%): ⟨p⟩ = 0.289018 (expect 0.314485, error = 8.09801%) ✗ FAIL (exceeds 5% tolerance)
  ✗ 6. γ_measured(t=final) within 5% of theory: γ_measured = 1.31699 (γ_theory = 1.04828, error = 25.6331%) ✗ FAIL (exceeds 5% tolerance)
  Norm validation: max_error = 0.000548143 ✓ PASS
  Energy validation: max_drift = 0.00595121 ✓ PASS
  Saved observables to /home/persist/neotec/0rigin/output/20251228_181808_em_coupling_disabled_regression_64x64_v0.3/N_10/observables.csv

--- Testing with N=100 ---
  Vortex initialization (grid-independent):
    Domain size: 100 ℓ_P
    Grid spacing: 1.5625 ℓ_P
    Core radius: 3 ℓ_P (1.92 grid points)
    Center: (50, 50) ℓ_P
    Winding number: W = 1
[SMFTEngine] R-field initialized with custom values
  R_min = 0
  R_max = 1
  Vortex R-field initialized: R(r) = tanh(r/ξ) profile
    Core center: (50, 50) ℓ_P
    Core radius: 3 ℓ_P
  Dirac initialization (grid-independent):
    Position: (60, 50) ℓ_P
    Width: 3 ℓ_P
    Grid coordinates: (38.4, 32) grid units
    Grid width: 1.92 grid units
  Using Dirac solver (spinor field) with boosted initialization
    Background R (expected): 1
[SMFT] Boosted Gaussian initialization:
  Position: (38.4, 32) grid units
  Width: σ = 1.92 grid units
  Velocity: v = (0.3, 0)c
  |v| = 0.3c
  Lorentz factor: γ = 1.04828
  Rest mass: m₀ = Δ·R = 1 × 1 = 1 m_P
  Momentum: p = (0.314485, 0) m_P·c
  |p| = 0.314485 m_P·c
  Pre-normalization: ∫|Ψ|² = 23.1623
  Normalization factor: 4.81273
[DiracEvolution] Initialized Gaussian wavepacket at (38.4, 32) with σ=1.92
  Final norm: ||Ψ||² = 1
  Initial position: <r> = (38.4, 32)
✓ Boosted Gaussian initialized
[SMFTEngine] Boosted Dirac field initialized: center=(38.4,32), sigma=1.92, boost=(0.3,0)c, norm=1, <r>=(38.4,32)
[DiracEvolution] Initialized 64x64 4-component spinor field (particle, β=1)
[SMFT] Boosted Gaussian initialization:
  Position: (38.4, 32) grid units
  Width: σ = 1.92 grid units
  Velocity: v = (0.3, 0)c
  |v| = 0.3c
  Lorentz factor: γ = 1.04828
  Rest mass: m₀ = Δ·R = 1 × 1 = 1 m_P
  Momentum: p = (0.314485, 0) m_P·c
  |p| = 0.314485 m_P·c
  Pre-normalization: ∫|Ψ|² = 23.1623
  Normalization factor: 4.81273
[DiracEvolution] Initialized Gaussian wavepacket at (38.4, 32) with σ=1.92
  Final norm: ||Ψ||² = 1
  Initial position: <r> = (38.4, 32)
✓ Boosted Gaussian initialized
  Initial energy E0 = 1.30487
  Initial norm = 1
  Saved spatial snapshot at t = 0 (step 0)
  Actual initial energy E0 = 1.30151 (from first observation including EM)
  Step 0/2000 | R_avg = 0.968186 | norm = 1
  Step 100/2000 | R_avg = 0.968287 | norm = 0.999975
  Step 200/2000 | R_avg = 0.968142 | norm = 0.999948
  Step 300/2000 | R_avg = 0.968157 | norm = 0.99992
  Step 400/2000 | R_avg = 0.968231 | norm = 0.999893
  Step 500/2000 | R_avg = 0.968216 | norm = 0.999866
  Step 600/2000 | R_avg = 0.968149 | norm = 0.999838
  Step 700/2000 | R_avg = 0.967967 | norm = 0.99981
  Step 800/2000 | R_avg = 0.968121 | norm = 0.999782
