[Logging] Console output for 128x128 v=0.1c writing to: /home/persist/neotec/0rigin/output/20251224_151055_scenario_2.6A_energy_momentum_relation_128x128_v0.1/console.log

--- Testing with N=1 ---
  Dirac initialization (grid-independent):
    Position: (50, 50) ℓ_P
    Width: 3 ℓ_P
    Grid coordinates: (64, 64) grid units
    Grid width: 3.84 grid units
  Using Dirac solver (spinor field) with boosted initialization
    Background R (expected): 1
[DiracEvolution] Initialized 128x128 4-component spinor field (particle, β=1)
[SMFT] Boosted Gaussian initialization:
  Position: (64, 64) grid units
  Width: σ = 3.84 grid units
  Velocity: v = (0.1, 0)c
  |v| = 0.1c
  Lorentz factor: γ = 1.00504
  Rest mass: m₀ = Δ·R = 1 × 1 = 1 m_P
  Momentum: p = (0.100504, 0) m_P·c
  |p| = 0.100504 m_P·c
  Pre-normalization: ∫|Ψ|² = 92.6492
  Normalization factor: 9.62545
[DiracEvolution] Initialized Gaussian wavepacket at (64, 64) with σ=3.84
  Final norm: ||Ψ||² = 1
  Initial position: <r> = (64, 64)
✓ Boosted Gaussian initialized
[SMFTEngine] Boosted Dirac field initialized: center=(64,64), sigma=3.84, boost=(0.1,0)c, norm=1, <r>=(64,64)
[DiracEvolution] Initialized 128x128 4-component spinor field (particle, β=1)
[SMFT] Boosted Gaussian initialization:
  Position: (64, 64) grid units
  Width: σ = 3.84 grid units
  Velocity: v = (0.1, 0)c
  |v| = 0.1c
  Lorentz factor: γ = 1.00504
  Rest mass: m₀ = Δ·R = 1 × 1 = 1 m_P
  Momentum: p = (0.100504, 0) m_P·c
  |p| = 0.100504 m_P·c
  Pre-normalization: ∫|Ψ|² = 92.6492
  Normalization factor: 9.62545
[DiracEvolution] Initialized Gaussian wavepacket at (64, 64) with σ=3.84
  Final norm: ||Ψ||² = 1
  Initial position: <r> = (64, 64)
✓ Boosted Gaussian initialized
  Initial energy E0 = 0.0749754
  Initial norm = 1
  Step 0/10000 | R_avg = 0.999796 | norm = 1
  Step 100/10000 | R_avg = 0.99979 | norm = 0.999974
  Step 200/10000 | R_avg = 0.999786 | norm = 0.999946
  Step 300/10000 | R_avg = 0.999807 | norm = 0.999917
  Step 400/10000 | R_avg = 0.999787 | norm = 0.999887
  Step 500/10000 | R_avg = 0.999805 | norm = 0.999857
  Step 600/10000 | R_avg = 0.99979 | norm = 0.999825
  Step 700/10000 | R_avg = 0.999782 | norm = 0.999794
  Step 800/10000 | R_avg = 0.999803 | norm = 0.999762
  Step 900/10000 | R_avg = 0.999858 | norm = 0.99973
  Step 1000/10000 | R_avg = 0.999784 | norm = 0.999697
  Step 1100/10000 | R_avg = 0.999783 | norm = 0.999664
  Step 1200/10000 | R_avg = 0.999851 | norm = 0.999632
  Step 1300/10000 | R_avg = 0.999888 | norm = 0.999598
  Step 1400/10000 | R_avg = 0.999801 | norm = 0.999565
  Step 1500/10000 | R_avg = 0.999774 | norm = 0.999533
  Step 1600/10000 | R_avg = 0.999795 | norm = 0.9995
  Step 1700/10000 | R_avg = 0.999786 | norm = 0.999467
  Step 1800/10000 | R_avg = 0.999796 | norm = 0.999433
  Step 1900/10000 | R_avg = 0.999778 | norm = 0.9994
  Step 2000/10000 | R_avg = 0.999871 | norm = 0.999366
  Step 2100/10000 | R_avg = 0.999777 | norm = 0.999331
  Step 2200/10000 | R_avg = 0.999782 | norm = 0.999297
  Step 2300/10000 | R_avg = 0.999858 | norm = 0.999263
  Step 2400/10000 | R_avg = 0.999775 | norm = 0.99923
  Step 2500/10000 | R_avg = 0.99981 | norm = 0.999196
  Step 2600/10000 | R_avg = 0.999812 | norm = 0.999163
  Step 2700/10000 | R_avg = 0.999783 | norm = 0.999129
  Step 2800/10000 | R_avg = 0.999769 | norm = 0.999096
  Step 2900/10000 | R_avg = 0.999761 | norm = 0.999064
  Step 3000/10000 | R_avg = 0.999781 | norm = 0.999031
  Step 3100/10000 | R_avg = 0.999774 | norm = 0.998999
  Step 3200/10000 | R_avg = 0.99976 | norm = 0.998967
  Step 3300/10000 | R_avg = 0.999758 | norm = 0.998936
  Step 3400/10000 | R_avg = 0.99981 | norm = 0.998904
  Step 3500/10000 | R_avg = 0.999765 | norm = 0.998871
  Step 3600/10000 | R_avg = 0.999789 | norm = 0.998839
  Step 3700/10000 | R_avg = 0.999796 | norm = 0.998807
  Step 3800/10000 | R_avg = 0.999771 | norm = 0.998775
  Step 3900/10000 | R_avg = 0.999764 | norm = 0.998742
  Step 4000/10000 | R_avg = 0.999786 | norm = 0.998709
  Step 4100/10000 | R_avg = 0.999768 | norm = 0.998676
  Step 4200/10000 | R_avg = 0.999799 | norm = 0.998643
  Step 4300/10000 | R_avg = 0.999767 | norm = 0.998609
  Step 4400/10000 | R_avg = 0.999769 | norm = 0.998576
  Step 4500/10000 | R_avg = 0.99977 | norm = 0.998543
  Step 4600/10000 | R_avg = 0.999786 | norm = 0.99851
  Step 4700/10000 | R_avg = 0.999852 | norm = 0.998477
  Step 4800/10000 | R_avg = 0.999785 | norm = 0.998444
  Step 4900/10000 | R_avg = 0.999774 | norm = 0.99841
  Step 5000/10000 | R_avg = 0.999775 | norm = 0.998377
  Step 5100/10000 | R_avg = 0.999784 | norm = 0.998343
  Step 5200/10000 | R_avg = 0.999762 | norm = 0.998309
  Step 5300/10000 | R_avg = 0.99976 | norm = 0.998275
  Step 5400/10000 | R_avg = 0.999766 | norm = 0.998241
  Step 5500/10000 | R_avg = 0.999782 | norm = 0.998208
  Step 5600/10000 | R_avg = 0.99976 | norm = 0.998174
  Step 5700/10000 | R_avg = 0.99976 | norm = 0.998141
  Step 5800/10000 | R_avg = 0.999754 | norm = 0.998107
  Step 5900/10000 | R_avg = 0.999763 | norm = 0.998074
  Step 6000/10000 | R_avg = 0.999777 | norm = 0.99804
  Step 6100/10000 | R_avg = 0.999789 | norm = 0.998007
  Step 6200/10000 | R_avg = 0.999781 | norm = 0.997974
  Step 6300/10000 | R_avg = 0.999856 | norm = 0.997942
  Step 6400/10000 | R_avg = 0.99978 | norm = 0.99791
  Step 6500/10000 | R_avg = 0.999784 | norm = 0.997877
  Step 6600/10000 | R_avg = 0.999762 | norm = 0.997845
  Step 6700/10000 | R_avg = 0.99977 | norm = 0.997813
  Step 6800/10000 | R_avg = 0.999774 | norm = 0.99778
  Step 6900/10000 | R_avg = 0.999868 | norm = 0.997748
  Step 7000/10000 | R_avg = 0.999776 | norm = 0.997715
  Step 7100/10000 | R_avg = 0.999839 | norm = 0.997682
  Step 7200/10000 | R_avg = 0.999762 | norm = 0.997649
  Step 7300/10000 | R_avg = 0.999766 | norm = 0.997617
  Step 7400/10000 | R_avg = 0.999781 | norm = 0.997583
  Step 7500/10000 | R_avg = 0.999779 | norm = 0.99755
  Step 7600/10000 | R_avg = 0.99976 | norm = 0.997517
  Step 7700/10000 | R_avg = 0.999782 | norm = 0.997484
  Step 7800/10000 | R_avg = 0.99978 | norm = 0.997451
  Step 7900/10000 | R_avg = 0.999767 | norm = 0.997419
  Step 8000/10000 | R_avg = 0.999773 | norm = 0.997386
  Step 8100/10000 | R_avg = 0.999752 | norm = 0.997353
  Step 8200/10000 | R_avg = 0.999774 | norm = 0.997319
  Step 8300/10000 | R_avg = 0.99982 | norm = 0.997286
  Step 8400/10000 | R_avg = 0.999786 | norm = 0.997253
  Step 8500/10000 | R_avg = 0.999758 | norm = 0.99722
  Step 8600/10000 | R_avg = 0.999765 | norm = 0.997187
  Step 8700/10000 | R_avg = 0.999773 | norm = 0.997153
  Step 8800/10000 | R_avg = 0.999779 | norm = 0.997121
  Step 8900/10000 | R_avg = 0.999775 | norm = 0.997088
  Step 9000/10000 | R_avg = 0.999775 | norm = 0.997054
  Step 9100/10000 | R_avg = 0.999764 | norm = 0.997022
  Step 9200/10000 | R_avg = 0.999786 | norm = 0.996988
  Step 9300/10000 | R_avg = 0.999765 | norm = 0.996955
  Step 9400/10000 | R_avg = 0.999756 | norm = 0.996923
  Step 9500/10000 | R_avg = 0.999786 | norm = 0.99689
  Step 9600/10000 | R_avg = 0.99978 | norm = 0.996858
  Step 9700/10000 | R_avg = 0.999781 | norm = 0.996826
  Step 9800/10000 | R_avg = 0.999772 | norm = 0.996794
  Step 9900/10000 | R_avg = 0.999864 | norm = 0.996762

===== Global Validation =====
✓ Global validation PASSED
  ✓ Probability Conservation: ||ψ||² = 0.996729 (drift: 0.327163% from initial 1) ✓ PASS
  ✓ Energy Conservation: E_total = 1.07148 (drift: 0.298516% from initial 1.07469) ✓ PASS
  ✓ Order Parameter Bounds: R ∈ [0, 0] ✓ PASS (within [0,1])
  ✓ Causality: v = |p|/E = 0.0911619 (c = 1) ✓ PASS (v ≤ c)
  ✓ Numerical Stability: All fields finite ✓ PASS
  Norm validation: max_error = 0.00327082 ✓ PASS
  Energy validation: max_drift = 0.00368795 ✓ PASS
  Saved observables to /home/persist/neotec/0rigin/output/20251224_151055_scenario_2.6A_energy_momentum_relation_128x128_v0.1/N_1/observables.csv

--- Testing with N=10 ---
  Dirac initialization (grid-independent):
    Position: (50, 50) ℓ_P
    Width: 3 ℓ_P
    Grid coordinates: (64, 64) grid units
    Grid width: 3.84 grid units
  Using Dirac solver (spinor field) with boosted initialization
    Background R (expected): 1
[SMFT] Boosted Gaussian initialization:
  Position: (64, 64) grid units
  Width: σ = 3.84 grid units
  Velocity: v = (0.1, 0)c
  |v| = 0.1c
  Lorentz factor: γ = 1.00504
  Rest mass: m₀ = Δ·R = 1 × 1 = 1 m_P
  Momentum: p = (0.100504, 0) m_P·c
  |p| = 0.100504 m_P·c
  Pre-normalization: ∫|Ψ|² = 92.6492
  Normalization factor: 9.62545
[DiracEvolution] Initialized Gaussian wavepacket at (64, 64) with σ=3.84
  Final norm: ||Ψ||² = 1
  Initial position: <r> = (64, 64)
✓ Boosted Gaussian initialized
[SMFTEngine] Boosted Dirac field initialized: center=(64,64), sigma=3.84, boost=(0.1,0)c, norm=1, <r>=(64,64)
[DiracEvolution] Initialized 128x128 4-component spinor field (particle, β=1)
[SMFT] Boosted Gaussian initialization:
  Position: (64, 64) grid units
  Width: σ = 3.84 grid units
  Velocity: v = (0.1, 0)c
  |v| = 0.1c
  Lorentz factor: γ = 1.00504
  Rest mass: m₀ = Δ·R = 1 × 1 = 1 m_P
  Momentum: p = (0.100504, 0) m_P·c
  |p| = 0.100504 m_P·c
  Pre-normalization: ∫|Ψ|² = 92.6492
  Normalization factor: 9.62545
[DiracEvolution] Initialized Gaussian wavepacket at (64, 64) with σ=3.84
  Final norm: ||Ψ||² = 1
  Initial position: <r> = (64, 64)
✓ Boosted Gaussian initialized
  Initial energy E0 = 1.07498
  Initial norm = 1
  Step 0/10000 | R_avg = 0.999766 | norm = 1
  Step 100/10000 | R_avg = 0.999778 | norm = 0.999974
  Step 200/10000 | R_avg = 0.999782 | norm = 0.999946
  Step 300/10000 | R_avg = 0.999779 | norm = 0.999918
  Step 400/10000 | R_avg = 0.999775 | norm = 0.999887
  Step 500/10000 | R_avg = 0.999781 | norm = 0.999857
  Step 600/10000 | R_avg = 0.999804 | norm = 0.999825
  Step 700/10000 | R_avg = 0.999773 | norm = 0.999794
  Step 800/10000 | R_avg = 0.999779 | norm = 0.999762
  Step 900/10000 | R_avg = 0.999788 | norm = 0.999729
  Step 1000/10000 | R_avg = 0.999781 | norm = 0.999697
  Step 1100/10000 | R_avg = 0.999791 | norm = 0.999664
  Step 1200/10000 | R_avg = 0.999786 | norm = 0.999631
  Step 1300/10000 | R_avg = 0.999782 | norm = 0.999598
  Step 1400/10000 | R_avg = 0.99979 | norm = 0.999564
  Step 1500/10000 | R_avg = 0.999804 | norm = 0.999531
  Step 1600/10000 | R_avg = 0.999807 | norm = 0.999499
  Step 1700/10000 | R_avg = 0.999804 | norm = 0.999466
  Step 1800/10000 | R_avg = 0.999868 | norm = 0.999432
  Step 1900/10000 | R_avg = 0.999788 | norm = 0.999399
  Step 2000/10000 | R_avg = 0.9998 | norm = 0.999365
  Step 2100/10000 | R_avg = 0.999806 | norm = 0.999331
  Step 2200/10000 | R_avg = 0.999791 | norm = 0.999298
  Step 2300/10000 | R_avg = 0.9998 | norm = 0.999264
  Step 2400/10000 | R_avg = 0.999758 | norm = 0.99923
  Step 2500/10000 | R_avg = 0.999801 | norm = 0.999197
  Step 2600/10000 | R_avg = 0.9998 | norm = 0.999163
  Step 2700/10000 | R_avg = 0.999831 | norm = 0.999129
  Step 2800/10000 | R_avg = 0.999801 | norm = 0.999097
  Step 2900/10000 | R_avg = 0.999787 | norm = 0.999064
  Step 3000/10000 | R_avg = 0.999798 | norm = 0.999032
  Step 3100/10000 | R_avg = 0.99985 | norm = 0.999
  Step 3200/10000 | R_avg = 0.9998 | norm = 0.998968
  Step 3300/10000 | R_avg = 0.999863 | norm = 0.998936
  Step 3400/10000 | R_avg = 0.999788 | norm = 0.998904
  Step 3500/10000 | R_avg = 0.999793 | norm = 0.998873
  Step 3600/10000 | R_avg = 0.999803 | norm = 0.99884
  Step 3700/10000 | R_avg = 0.999827 | norm = 0.998808
  Step 3800/10000 | R_avg = 0.999822 | norm = 0.998776
  Step 3900/10000 | R_avg = 0.999783 | norm = 0.998743
  Step 4000/10000 | R_avg = 0.999802 | norm = 0.99871
  Step 4100/10000 | R_avg = 0.999811 | norm = 0.998677
  Step 4200/10000 | R_avg = 0.999802 | norm = 0.998644
  Step 4300/10000 | R_avg = 0.999796 | norm = 0.998611
  Step 4400/10000 | R_avg = 0.999775 | norm = 0.998577
  Step 4500/10000 | R_avg = 0.999792 | norm = 0.998544
  Step 4600/10000 | R_avg = 0.999809 | norm = 0.998511
  Step 4700/10000 | R_avg = 0.999798 | norm = 0.998478
  Step 4800/10000 | R_avg = 0.999802 | norm = 0.998445
  Step 4900/10000 | R_avg = 0.999823 | norm = 0.998412
  Step 5000/10000 | R_avg = 0.999807 | norm = 0.998378
  Step 5100/10000 | R_avg = 0.999797 | norm = 0.998344
  Step 5200/10000 | R_avg = 0.999786 | norm = 0.998311
  Step 5300/10000 | R_avg = 0.999786 | norm = 0.998277
  Step 5400/10000 | R_avg = 0.999792 | norm = 0.998243
  Step 5500/10000 | R_avg = 0.999883 | norm = 0.998209
  Step 5600/10000 | R_avg = 0.999804 | norm = 0.998176
  Step 5700/10000 | R_avg = 0.999792 | norm = 0.998142
  Step 5800/10000 | R_avg = 0.999803 | norm = 0.998109
  Step 5900/10000 | R_avg = 0.999801 | norm = 0.998076
  Step 6000/10000 | R_avg = 0.999787 | norm = 0.998043
  Step 6100/10000 | R_avg = 0.999836 | norm = 0.99801
  Step 6200/10000 | R_avg = 0.999859 | norm = 0.997977
  Step 6300/10000 | R_avg = 0.999788 | norm = 0.997945
  Step 6400/10000 | R_avg = 0.999797 | norm = 0.997912
  Step 6500/10000 | R_avg = 0.999803 | norm = 0.99788
  Step 6600/10000 | R_avg = 0.999796 | norm = 0.997848
  Step 6700/10000 | R_avg = 0.9998 | norm = 0.997816
  Step 6800/10000 | R_avg = 0.999775 | norm = 0.997783
  Step 6900/10000 | R_avg = 0.999796 | norm = 0.997751
  Step 7000/10000 | R_avg = 0.999812 | norm = 0.997718
  Step 7100/10000 | R_avg = 0.999797 | norm = 0.997685
  Step 7200/10000 | R_avg = 0.999795 | norm = 0.997652
  Step 7300/10000 | R_avg = 0.999791 | norm = 0.997619
  Step 7400/10000 | R_avg = 0.999792 | norm = 0.997586
  Step 7500/10000 | R_avg = 0.999856 | norm = 0.997553
  Step 7600/10000 | R_avg = 0.999814 | norm = 0.99752
  Step 7700/10000 | R_avg = 0.999797 | norm = 0.997487
  Step 7800/10000 | R_avg = 0.999781 | norm = 0.997454
  Step 7900/10000 | R_avg = 0.999806 | norm = 0.997422
  Step 8000/10000 | R_avg = 0.999786 | norm = 0.997389
  Step 8100/10000 | R_avg = 0.999786 | norm = 0.997356
  Step 8200/10000 | R_avg = 0.999783 | norm = 0.997323
  Step 8300/10000 | R_avg = 0.999781 | norm = 0.997289
  Step 8400/10000 | R_avg = 0.999786 | norm = 0.997256
  Step 8500/10000 | R_avg = 0.999852 | norm = 0.997223
  Step 8600/10000 | R_avg = 0.999809 | norm = 0.99719
  Step 8700/10000 | R_avg = 0.999781 | norm = 0.997157
  Step 8800/10000 | R_avg = 0.999798 | norm = 0.997124
  Step 8900/10000 | R_avg = 0.999855 | norm = 0.997091
  Step 9000/10000 | R_avg = 0.999859 | norm = 0.997058
  Step 9100/10000 | R_avg = 0.999795 | norm = 0.997025
  Step 9200/10000 | R_avg = 0.999798 | norm = 0.996992
  Step 9300/10000 | R_avg = 0.999799 | norm = 0.996959
  Step 9400/10000 | R_avg = 0.999851 | norm = 0.996926
  Step 9500/10000 | R_avg = 0.999857 | norm = 0.996894
  Step 9600/10000 | R_avg = 0.999783 | norm = 0.996861
  Step 9700/10000 | R_avg = 0.999801 | norm = 0.99683
  Step 9800/10000 | R_avg = 0.999802 | norm = 0.996797
  Step 9900/10000 | R_avg = 0.999804 | norm = 0.996765

===== Global Validation =====
✓ Global validation PASSED
  ✓ Probability Conservation: ||ψ||² = 0.996733 (drift: 0.326807% from initial 1) ✓ PASS
  ✓ Energy Conservation: E_total = 1.07141 (drift: 0.238716% from initial 1.07397) ✓ PASS
  ✓ Order Parameter Bounds: R ∈ [0.953519, 1] ✓ PASS (within [0,1])
  ✓ Causality: v = |p|/E = 0.0912913 (c = 1) ✓ PASS (v ≤ c)
  ✓ Numerical Stability: All fields finite ✓ PASS
  Norm validation: max_error = 0.00326725 ✓ PASS
  Energy validation: max_drift = 0.00347036 ✓ PASS
  Saved observables to /home/persist/neotec/0rigin/output/20251224_151055_scenario_2.6A_energy_momentum_relation_128x128_v0.1/N_10/observables.csv

--- Testing with N=100 ---
  Dirac initialization (grid-independent):
    Position: (50, 50) ℓ_P
    Width: 3 ℓ_P
    Grid coordinates: (64, 64) grid units
    Grid width: 3.84 grid units
  Using Dirac solver (spinor field) with boosted initialization
    Background R (expected): 1
[SMFT] Boosted Gaussian initialization:
  Position: (64, 64) grid units
  Width: σ = 3.84 grid units
  Velocity: v = (0.1, 0)c
  |v| = 0.1c
  Lorentz factor: γ = 1.00504
  Rest mass: m₀ = Δ·R = 1 × 1 = 1 m_P
  Momentum: p = (0.100504, 0) m_P·c
  |p| = 0.100504 m_P·c
  Pre-normalization: ∫|Ψ|² = 92.6492
  Normalization factor: 9.62545
[DiracEvolution] Initialized Gaussian wavepacket at (64, 64) with σ=3.84
  Final norm: ||Ψ||² = 1
  Initial position: <r> = (64, 64)
✓ Boosted Gaussian initialized
[SMFTEngine] Boosted Dirac field initialized: center=(64,64), sigma=3.84, boost=(0.1,0)c, norm=1, <r>=(64,64)
[DiracEvolution] Initialized 128x128 4-component spinor field (particle, β=1)
[SMFT] Boosted Gaussian initialization:
  Position: (64, 64) grid units
  Width: σ = 3.84 grid units
  Velocity: v = (0.1, 0)c
  |v| = 0.1c
  Lorentz factor: γ = 1.00504
  Rest mass: m₀ = Δ·R = 1 × 1 = 1 m_P
  Momentum: p = (0.100504, 0) m_P·c
  |p| = 0.100504 m_P·c
  Pre-normalization: ∫|Ψ|² = 92.6492
  Normalization factor: 9.62545
[DiracEvolution] Initialized Gaussian wavepacket at (64, 64) with σ=3.84
  Final norm: ||Ψ||² = 1
  Initial position: <r> = (64, 64)
✓ Boosted Gaussian initialized
  Initial energy E0 = 1.07409
  Initial norm = 1
  Step 0/10000 | R_avg = 0.999793 | norm = 1
  Step 100/10000 | R_avg = 0.999787 | norm = 0.999974
  Step 200/10000 | R_avg = 0.999789 | norm = 0.999945
  Step 300/10000 | R_avg = 0.999802 | norm = 0.999917
  Step 400/10000 | R_avg = 0.999777 | norm = 0.999887
  Step 500/10000 | R_avg = 0.999799 | norm = 0.999856
  Step 600/10000 | R_avg = 0.999802 | norm = 0.999825
  Step 700/10000 | R_avg = 0.999798 | norm = 0.999794
  Step 800/10000 | R_avg = 0.999868 | norm = 0.999762
  Step 900/10000 | R_avg = 0.999802 | norm = 0.999729
  Step 1000/10000 | R_avg = 0.999809 | norm = 0.999696
  Step 1100/10000 | R_avg = 0.999809 | norm = 0.999664
  Step 1200/10000 | R_avg = 0.999808 | norm = 0.999631
  Step 1300/10000 | R_avg = 0.9998 | norm = 0.999598
  Step 1400/10000 | R_avg = 0.999888 | norm = 0.999565
  Step 1500/10000 | R_avg = 0.999808 | norm = 0.999532
  Step 1600/10000 | R_avg = 0.999781 | norm = 0.999499
  Step 1700/10000 | R_avg = 0.999808 | norm = 0.999466
  Step 1800/10000 | R_avg = 0.999866 | norm = 0.999432
  Step 1900/10000 | R_avg = 0.99987 | norm = 0.999399
  Step 2000/10000 | R_avg = 0.999801 | norm = 0.999365
  Step 2100/10000 | R_avg = 0.999795 | norm = 0.999331
  Step 2200/10000 | R_avg = 0.999802 | norm = 0.999297
  Step 2300/10000 | R_avg = 0.999787 | norm = 0.999263
  Step 2400/10000 | R_avg = 0.999816 | norm = 0.99923
  Step 2500/10000 | R_avg = 0.999811 | norm = 0.999196
  Step 2600/10000 | R_avg = 0.999866 | norm = 0.999163
  Step 2700/10000 | R_avg = 0.999843 | norm = 0.999129
  Step 2800/10000 | R_avg = 0.999793 | norm = 0.999096
  Step 2900/10000 | R_avg = 0.999829 | norm = 0.999063
  Step 3000/10000 | R_avg = 0.999801 | norm = 0.999031
  Step 3100/10000 | R_avg = 0.999791 | norm = 0.998999
  Step 3200/10000 | R_avg = 0.999827 | norm = 0.998967
  Step 3300/10000 | R_avg = 0.99982 | norm = 0.998935
  Step 3400/10000 | R_avg = 0.999783 | norm = 0.998904
  Step 3500/10000 | R_avg = 0.99982 | norm = 0.998872
  Step 3600/10000 | R_avg = 0.999808 | norm = 0.998839
  Step 3700/10000 | R_avg = 0.999809 | norm = 0.998807
  Step 3800/10000 | R_avg = 0.999781 | norm = 0.998775
  Step 3900/10000 | R_avg = 0.999794 | norm = 0.998742
  Step 4000/10000 | R_avg = 0.999814 | norm = 0.998709
  Step 4100/10000 | R_avg = 0.999784 | norm = 0.998676
  Step 4200/10000 | R_avg = 0.999801 | norm = 0.998642
  Step 4300/10000 | R_avg = 0.999795 | norm = 0.998609
  Step 4400/10000 | R_avg = 0.99979 | norm = 0.998576
  Step 4500/10000 | R_avg = 0.999807 | norm = 0.998543
  Step 4600/10000 | R_avg = 0.999769 | norm = 0.99851
  Step 4700/10000 | R_avg = 0.999815 | norm = 0.998478
  Step 4800/10000 | R_avg = 0.999808 | norm = 0.998445
  Step 4900/10000 | R_avg = 0.999823 | norm = 0.998411
  Step 5000/10000 | R_avg = 0.999792 | norm = 0.998377
  Step 5100/10000 | R_avg = 0.999819 | norm = 0.998344
  Step 5200/10000 | R_avg = 0.9998 | norm = 0.99831
  Step 5300/10000 | R_avg = 0.99979 | norm = 0.998276
  Step 5400/10000 | R_avg = 0.9998 | norm = 0.998243
  Step 5500/10000 | R_avg = 0.999804 | norm = 0.998209
  Step 5600/10000 | R_avg = 0.999826 | norm = 0.998175
  Step 5700/10000 | R_avg = 0.999811 | norm = 0.998142
  Step 5800/10000 | R_avg = 0.99982 | norm = 0.998108
  Step 5900/10000 | R_avg = 0.999807 | norm = 0.998075
  Step 6000/10000 | R_avg = 0.999812 | norm = 0.998041
  Step 6100/10000 | R_avg = 0.999819 | norm = 0.998009
  Step 6200/10000 | R_avg = 0.999813 | norm = 0.997976
  Step 6300/10000 | R_avg = 0.999816 | norm = 0.997943
  Step 6400/10000 | R_avg = 0.999797 | norm = 0.997911
  Step 6500/10000 | R_avg = 0.999791 | norm = 0.997878
  Step 6600/10000 | R_avg = 0.999794 | norm = 0.997847
  Step 6700/10000 | R_avg = 0.999823 | norm = 0.997814
  Step 6800/10000 | R_avg = 0.999813 | norm = 0.997782
  Step 6900/10000 | R_avg = 0.999813 | norm = 0.99775
  Step 7000/10000 | R_avg = 0.999885 | norm = 0.997717
  Step 7100/10000 | R_avg = 0.999796 | norm = 0.997684
  Step 7200/10000 | R_avg = 0.999773 | norm = 0.997651
  Step 7300/10000 | R_avg = 0.999809 | norm = 0.997618
  Step 7400/10000 | R_avg = 0.999807 | norm = 0.997585
  Step 7500/10000 | R_avg = 0.999889 | norm = 0.997552
  Step 7600/10000 | R_avg = 0.999802 | norm = 0.997519
  Step 7700/10000 | R_avg = 0.999798 | norm = 0.997486
  Step 7800/10000 | R_avg = 0.999813 | norm = 0.997453
  Step 7900/10000 | R_avg = 0.999801 | norm = 0.997421
  Step 8000/10000 | R_avg = 0.999814 | norm = 0.997387
  Step 8100/10000 | R_avg = 0.999889 | norm = 0.997354
  Step 8200/10000 | R_avg = 0.999805 | norm = 0.997321
  Step 8300/10000 | R_avg = 0.999881 | norm = 0.997288
  Step 8400/10000 | R_avg = 0.999799 | norm = 0.997255
  Step 8500/10000 | R_avg = 0.999873 | norm = 0.997222
  Step 8600/10000 | R_avg = 0.999811 | norm = 0.997189
  Step 8700/10000 | R_avg = 0.999828 | norm = 0.997155
  Step 8800/10000 | R_avg = 0.999807 | norm = 0.997123
  Step 8900/10000 | R_avg = 0.999809 | norm = 0.99709
  Step 9000/10000 | R_avg = 0.999806 | norm = 0.997057
  Step 9100/10000 | R_avg = 0.999802 | norm = 0.997024
  Step 9200/10000 | R_avg = 0.999794 | norm = 0.996991
  Step 9300/10000 | R_avg = 0.999806 | norm = 0.996958
  Step 9400/10000 | R_avg = 0.999813 | norm = 0.996925
  Step 9500/10000 | R_avg = 0.999824 | norm = 0.996893
  Step 9600/10000 | R_avg = 0.999835 | norm = 0.996861
  Step 9700/10000 | R_avg = 0.999812 | norm = 0.996829
  Step 9800/10000 | R_avg = 0.999804 | norm = 0.996797
  Step 9900/10000 | R_avg = 0.999802 | norm = 0.996765

===== Global Validation =====
✓ Global validation PASSED
  ✓ Probability Conservation: ||ψ||² = 0.996732 (drift: 0.326859% from initial 1) ✓ PASS
  ✓ Energy Conservation: E_total = 1.07128 (drift: 0.256518% from initial 1.07404) ✓ PASS
  ✓ Order Parameter Bounds: R ∈ [0, 1] ✓ PASS (within [0,1])
  ✓ Causality: v = |p|/E = 0.091239 (c = 1) ✓ PASS (v ≤ c)
  ✓ Numerical Stability: All fields finite ✓ PASS
  Norm validation: max_error = 0.00326777 ✓ PASS
  Energy validation: max_drift = 0.0086603 ✓ PASS
  Saved observables to /home/persist/neotec/0rigin/output/20251224_151055_scenario_2.6A_energy_momentum_relation_128x128_v0.1/N_100/observables.csv

--- Validating Convergence ---
✓ Convergence validation PASSED

========================================
Grid: 128×128 | Velocity: v=0.2c
========================================

Initializing engine for 128×128 grid, velocity v=0.2c...
[SMFTEngine] Resources cleanup delegated to component managers

[SMFTEngine] Physical Interpretation:
  Vacuum potential Δ = 1 (Planck mass in natural units)
  Synchronization field R(x) → Emergent spacetime metric
  Mass field m(x) = Δ·R(x) → Local energy density
  ∇R(x) → Gravitational field (not separate force)
  Grid: 128 x 128 oscillators

[SMFTEngine] Created GPU buffers for 128x128 grid
  Phase buffers: 65536 bytes each
  Spinor buffer: 524288 bytes
  Accumulator buffers: 65536 bytes each (operator splitting)
[SMFTEngine] Created compute pipelines
  ✓ Kuramoto pipeline
  ✓ Sync field pipeline
  ✓ Gravity field pipeline
  ✓ Stochastic Kuramoto pipeline
  ✓ Stochastic Dirac pipeline
  ✓ Accumulation pipeline (operator splitting)
Created experiment directory: /home/persist/neotec/0rigin/output/20251224_152823_scenario_2.6A_energy_momentum_relation_128x128_v0.2
[OutputManager] Created timestamped directory: /home/persist/neotec/0rigin/output/20251224_152823_scenario_2.6A_energy_momentum_relation_128x128_v0.2
