[Logging] Console output for 256x256 v=0c writing to: /home/persist/neotec/0rigin/output/20251224_175104_scenario_2.6A_energy_momentum_relation_256x256/console.log

--- Testing with N=1 ---
  Dirac initialization (grid-independent):
    Position: (50, 50) ℓ_P
    Width: 3 ℓ_P
    Grid coordinates: (128, 128) grid units
    Grid width: 7.68 grid units
  Using Dirac solver (spinor field)
[DiracEvolution] Initialized 256x256 4-component spinor field (particle, β=1)
[DiracEvolution] Initialized Gaussian wavepacket at (128, 128) with σ=7.68
[SMFTEngine] Dirac field initialized: center=(128,128), sigma=7.68, norm=0.999994
[DiracEvolution] Initialized 256x256 4-component spinor field (particle, β=1)
[DiracEvolution] Initialized Gaussian wavepacket at (128, 128) with σ=7.68
  Initial energy E0 = 0.0168113
  Initial norm = 1
  Step 0/10000 | R_avg = 0.99986 | norm = 1
  Step 100/10000 | R_avg = 0.999756 | norm = 0.999968
  Step 200/10000 | R_avg = 0.999742 | norm = 0.999934
  Step 300/10000 | R_avg = 0.999781 | norm = 0.999901
  Step 400/10000 | R_avg = 0.999779 | norm = 0.999869
  Step 500/10000 | R_avg = 0.999782 | norm = 0.999836
  Step 600/10000 | R_avg = 0.999781 | norm = 0.999804
  Step 700/10000 | R_avg = 0.999748 | norm = 0.999771
  Step 800/10000 | R_avg = 0.999752 | norm = 0.999737
  Step 900/10000 | R_avg = 0.999744 | norm = 0.999703
  Step 1000/10000 | R_avg = 0.999745 | norm = 0.999669
  Step 1100/10000 | R_avg = 0.999781 | norm = 0.999634
  Step 1200/10000 | R_avg = 0.999752 | norm = 0.999598
  Step 1300/10000 | R_avg = 0.99975 | norm = 0.999563
  Step 1400/10000 | R_avg = 0.999751 | norm = 0.999526
  Step 1500/10000 | R_avg = 0.99974 | norm = 0.999488
  Step 1600/10000 | R_avg = 0.999743 | norm = 0.99945
  Step 1700/10000 | R_avg = 0.999737 | norm = 0.99941
  Step 1800/10000 | R_avg = 0.999749 | norm = 0.999371
  Step 1900/10000 | R_avg = 0.999742 | norm = 0.999331
  Step 2000/10000 | R_avg = 0.999753 | norm = 0.999291
  Step 2100/10000 | R_avg = 0.999751 | norm = 0.99925
  Step 2200/10000 | R_avg = 0.999749 | norm = 0.99921
  Step 2300/10000 | R_avg = 0.999743 | norm = 0.99917
  Step 2400/10000 | R_avg = 0.999751 | norm = 0.99913
  Step 2500/10000 | R_avg = 0.999753 | norm = 0.999091
  Step 2600/10000 | R_avg = 0.999756 | norm = 0.999052
  Step 2700/10000 | R_avg = 0.999755 | norm = 0.999014
  Step 2800/10000 | R_avg = 0.999754 | norm = 0.998975
  Step 2900/10000 | R_avg = 0.999756 | norm = 0.998937
  Step 3000/10000 | R_avg = 0.999784 | norm = 0.998898
  Step 3100/10000 | R_avg = 0.999782 | norm = 0.998859
  Step 3200/10000 | R_avg = 0.999776 | norm = 0.998819
  Step 3300/10000 | R_avg = 0.999784 | norm = 0.998781
  Step 3400/10000 | R_avg = 0.999781 | norm = 0.998742
  Step 3500/10000 | R_avg = 0.99975 | norm = 0.998702
  Step 3600/10000 | R_avg = 0.999728 | norm = 0.998663
  Step 3700/10000 | R_avg = 0.999761 | norm = 0.998624
  Step 3800/10000 | R_avg = 0.99975 | norm = 0.998585
  Step 3900/10000 | R_avg = 0.999741 | norm = 0.998546
  Step 4000/10000 | R_avg = 0.999759 | norm = 0.998507
  Step 4100/10000 | R_avg = 0.999746 | norm = 0.998468
  Step 4200/10000 | R_avg = 0.999752 | norm = 0.998429
  Step 4300/10000 | R_avg = 0.999786 | norm = 0.99839
  Step 4400/10000 | R_avg = 0.999746 | norm = 0.998351
  Step 4500/10000 | R_avg = 0.999749 | norm = 0.998311
  Step 4600/10000 | R_avg = 0.999723 | norm = 0.99827
  Step 4700/10000 | R_avg = 0.99975 | norm = 0.99823
  Step 4800/10000 | R_avg = 0.99978 | norm = 0.998189
  Step 4900/10000 | R_avg = 0.999755 | norm = 0.998148
  Step 5000/10000 | R_avg = 0.999757 | norm = 0.998107
  Step 5100/10000 | R_avg = 0.999752 | norm = 0.998066
  Step 5200/10000 | R_avg = 0.999758 | norm = 0.998025
  Step 5300/10000 | R_avg = 0.999753 | norm = 0.997984
  Step 5400/10000 | R_avg = 0.999742 | norm = 0.997943
  Step 5500/10000 | R_avg = 0.999751 | norm = 0.997902
  Step 5600/10000 | R_avg = 0.999745 | norm = 0.997861
  Step 5700/10000 | R_avg = 0.999783 | norm = 0.99782
  Step 5800/10000 | R_avg = 0.999756 | norm = 0.997781
  Step 5900/10000 | R_avg = 0.999746 | norm = 0.997741
  Step 6000/10000 | R_avg = 0.999745 | norm = 0.997701
  Step 6100/10000 | R_avg = 0.999755 | norm = 0.997663
  Step 6200/10000 | R_avg = 0.999754 | norm = 0.997624
  Step 6300/10000 | R_avg = 0.999754 | norm = 0.997585
  Step 6400/10000 | R_avg = 0.999756 | norm = 0.997547
  Step 6500/10000 | R_avg = 0.999748 | norm = 0.997509
  Step 6600/10000 | R_avg = 0.999756 | norm = 0.997471
  Step 6700/10000 | R_avg = 0.999752 | norm = 0.997433
  Step 6800/10000 | R_avg = 0.999751 | norm = 0.997396
  Step 6900/10000 | R_avg = 0.999746 | norm = 0.997358
  Step 7000/10000 | R_avg = 0.999759 | norm = 0.997319
  Step 7100/10000 | R_avg = 0.999747 | norm = 0.997281
  Step 7200/10000 | R_avg = 0.99976 | norm = 0.997243
  Step 7300/10000 | R_avg = 0.999754 | norm = 0.997205
  Step 7400/10000 | R_avg = 0.999753 | norm = 0.997167
  Step 7500/10000 | R_avg = 0.999778 | norm = 0.997129
  Step 7600/10000 | R_avg = 0.999753 | norm = 0.997091
  Step 7700/10000 | R_avg = 0.999756 | norm = 0.997053
  Step 7800/10000 | R_avg = 0.999752 | norm = 0.997014
  Step 7900/10000 | R_avg = 0.999748 | norm = 0.996975
  Step 8000/10000 | R_avg = 0.999767 | norm = 0.996936
  Step 8100/10000 | R_avg = 0.999776 | norm = 0.996896
  Step 8200/10000 | R_avg = 0.99975 | norm = 0.996857
  Step 8300/10000 | R_avg = 0.999774 | norm = 0.996817
  Step 8400/10000 | R_avg = 0.999749 | norm = 0.996777
  Step 8500/10000 | R_avg = 0.999741 | norm = 0.996738
  Step 8600/10000 | R_avg = 0.99977 | norm = 0.996698
  Step 8700/10000 | R_avg = 0.999762 | norm = 0.996659
  Step 8800/10000 | R_avg = 0.999752 | norm = 0.996619
  Step 8900/10000 | R_avg = 0.999764 | norm = 0.996579
  Step 9000/10000 | R_avg = 0.999784 | norm = 0.99654
  Step 9100/10000 | R_avg = 0.999763 | norm = 0.9965
  Step 9200/10000 | R_avg = 0.999745 | norm = 0.996461
  Step 9300/10000 | R_avg = 0.999742 | norm = 0.996421
  Step 9400/10000 | R_avg = 0.999761 | norm = 0.996382
  Step 9500/10000 | R_avg = 0.999786 | norm = 0.996343
  Step 9600/10000 | R_avg = 0.999767 | norm = 0.996303
  Step 9700/10000 | R_avg = 0.999775 | norm = 0.996264
  Step 9800/10000 | R_avg = 0.999774 | norm = 0.996225
  Step 9900/10000 | R_avg = 0.999774 | norm = 0.996186

===== Global Validation =====
✓ Global validation PASSED
  ✓ Probability Conservation: ||ψ||² = 0.996148 (drift: 0.385399% from initial 1) ✓ PASS
  ✓ Energy Conservation: E_total = 1.01271 (drift: 0.378735% from initial 1.01656) ✓ PASS
  ✓ Order Parameter Bounds: R ∈ [0, 0] ✓ PASS (within [0,1])
  ✓ Causality: v = |p|/E = 5.25709e-05 (c = 1) ✓ PASS (v ≤ c)
  ✓ Numerical Stability: All fields finite ✓ PASS
  Norm validation: max_error = 0.00385206 ✓ PASS
  Energy validation: max_drift = 0.00379972 ✓ PASS
  Saved observables to /home/persist/neotec/0rigin/output/20251224_175104_scenario_2.6A_energy_momentum_relation_256x256/N_1/observables.csv

--- Testing with N=10 ---
  Dirac initialization (grid-independent):
    Position: (50, 50) ℓ_P
    Width: 3 ℓ_P
    Grid coordinates: (128, 128) grid units
    Grid width: 7.68 grid units
  Using Dirac solver (spinor field)
[DiracEvolution] Initialized Gaussian wavepacket at (128, 128) with σ=7.68
[SMFTEngine] Dirac field initialized: center=(128,128), sigma=7.68, norm=0.999994
[DiracEvolution] Initialized 256x256 4-component spinor field (particle, β=1)
[DiracEvolution] Initialized Gaussian wavepacket at (128, 128) with σ=7.68
  Initial energy E0 = 1.01655
  Initial norm = 1
  Step 0/10000 | R_avg = 0.999777 | norm = 1
  Step 100/10000 | R_avg = 0.999783 | norm = 0.999968
  Step 200/10000 | R_avg = 0.999776 | norm = 0.999934
  Step 300/10000 | R_avg = 0.999773 | norm = 0.999902
  Step 400/10000 | R_avg = 0.99975 | norm = 0.999869
  Step 500/10000 | R_avg = 0.999758 | norm = 0.999836
  Step 600/10000 | R_avg = 0.999752 | norm = 0.999804
  Step 700/10000 | R_avg = 0.99975 | norm = 0.999771
  Step 800/10000 | R_avg = 0.999748 | norm = 0.999737
  Step 900/10000 | R_avg = 0.999749 | norm = 0.999703
  Step 1000/10000 | R_avg = 0.999753 | norm = 0.999669
  Step 1100/10000 | R_avg = 0.999819 | norm = 0.999634
  Step 1200/10000 | R_avg = 0.999742 | norm = 0.999598
  Step 1300/10000 | R_avg = 0.999838 | norm = 0.999563
  Step 1400/10000 | R_avg = 0.999751 | norm = 0.999526
  Step 1500/10000 | R_avg = 0.999788 | norm = 0.999489
  Step 1600/10000 | R_avg = 0.999776 | norm = 0.99945
  Step 1700/10000 | R_avg = 0.999781 | norm = 0.999411
  Step 1800/10000 | R_avg = 0.999784 | norm = 0.999371
  Step 1900/10000 | R_avg = 0.999789 | norm = 0.999331
  Step 2000/10000 | R_avg = 0.99978 | norm = 0.999291
  Step 2100/10000 | R_avg = 0.999781 | norm = 0.999251
  Step 2200/10000 | R_avg = 0.999787 | norm = 0.99921
  Step 2300/10000 | R_avg = 0.999778 | norm = 0.99917
  Step 2400/10000 | R_avg = 0.999782 | norm = 0.999131
  Step 2500/10000 | R_avg = 0.999791 | norm = 0.999091
  Step 2600/10000 | R_avg = 0.999784 | norm = 0.999052
  Step 2700/10000 | R_avg = 0.999789 | norm = 0.999014
  Step 2800/10000 | R_avg = 0.999779 | norm = 0.998975
  Step 2900/10000 | R_avg = 0.999722 | norm = 0.998937
  Step 3000/10000 | R_avg = 0.999782 | norm = 0.998898
  Step 3100/10000 | R_avg = 0.999787 | norm = 0.998859
  Step 3200/10000 | R_avg = 0.99979 | norm = 0.99882
  Step 3300/10000 | R_avg = 0.999785 | norm = 0.998781
  Step 3400/10000 | R_avg = 0.999722 | norm = 0.998742
  Step 3500/10000 | R_avg = 0.999786 | norm = 0.998703
  Step 3600/10000 | R_avg = 0.999782 | norm = 0.998664
  Step 3700/10000 | R_avg = 0.999783 | norm = 0.998624
  Step 3800/10000 | R_avg = 0.999781 | norm = 0.998586
  Step 3900/10000 | R_avg = 0.999783 | norm = 0.998547
  Step 4000/10000 | R_avg = 0.999779 | norm = 0.998508
  Step 4100/10000 | R_avg = 0.999781 | norm = 0.998469
  Step 4200/10000 | R_avg = 0.999786 | norm = 0.99843
  Step 4300/10000 | R_avg = 0.999786 | norm = 0.99839
  Step 4400/10000 | R_avg = 0.999778 | norm = 0.998351
  Step 4500/10000 | R_avg = 0.99978 | norm = 0.998311
  Step 4600/10000 | R_avg = 0.999727 | norm = 0.99827
  Step 4700/10000 | R_avg = 0.99979 | norm = 0.99823
  Step 4800/10000 | R_avg = 0.999783 | norm = 0.998189
  Step 4900/10000 | R_avg = 0.999789 | norm = 0.998149
  Step 5000/10000 | R_avg = 0.999787 | norm = 0.998107
  Step 5100/10000 | R_avg = 0.999723 | norm = 0.998067
  Step 5200/10000 | R_avg = 0.999786 | norm = 0.998025
  Step 5300/10000 | R_avg = 0.999785 | norm = 0.997984
  Step 5400/10000 | R_avg = 0.99978 | norm = 0.997943
  Step 5500/10000 | R_avg = 0.999783 | norm = 0.997902
  Step 5600/10000 | R_avg = 0.999782 | norm = 0.997861
  Step 5700/10000 | R_avg = 0.999787 | norm = 0.997821
  Step 5800/10000 | R_avg = 0.999793 | norm = 0.997781
  Step 5900/10000 | R_avg = 0.999788 | norm = 0.997742
  Step 6000/10000 | R_avg = 0.999794 | norm = 0.997702
  Step 6100/10000 | R_avg = 0.999785 | norm = 0.997663
  Step 6200/10000 | R_avg = 0.999782 | norm = 0.997624
  Step 6300/10000 | R_avg = 0.999783 | norm = 0.997586
  Step 6400/10000 | R_avg = 0.999788 | norm = 0.997548
  Step 6500/10000 | R_avg = 0.999786 | norm = 0.99751
  Step 6600/10000 | R_avg = 0.999777 | norm = 0.997472
  Step 6700/10000 | R_avg = 0.999784 | norm = 0.997434
  Step 6800/10000 | R_avg = 0.999725 | norm = 0.997396
  Step 6900/10000 | R_avg = 0.999785 | norm = 0.997358
  Step 7000/10000 | R_avg = 0.999779 | norm = 0.99732
  Step 7100/10000 | R_avg = 0.999784 | norm = 0.997282
  Step 7200/10000 | R_avg = 0.999782 | norm = 0.997244
  Step 7300/10000 | R_avg = 0.99973 | norm = 0.997206
  Step 7400/10000 | R_avg = 0.999788 | norm = 0.997168
  Step 7500/10000 | R_avg = 0.999783 | norm = 0.99713
  Step 7600/10000 | R_avg = 0.999783 | norm = 0.997092
  Step 7700/10000 | R_avg = 0.999782 | norm = 0.997053
  Step 7800/10000 | R_avg = 0.999784 | norm = 0.997015
  Step 7900/10000 | R_avg = 0.999782 | norm = 0.996976
  Step 8000/10000 | R_avg = 0.999786 | norm = 0.996937
  Step 8100/10000 | R_avg = 0.999781 | norm = 0.996897
  Step 8200/10000 | R_avg = 0.999789 | norm = 0.996858
  Step 8300/10000 | R_avg = 0.999785 | norm = 0.996818
  Step 8400/10000 | R_avg = 0.999795 | norm = 0.996778
  Step 8500/10000 | R_avg = 0.999729 | norm = 0.996738
  Step 8600/10000 | R_avg = 0.999806 | norm = 0.996699
  Step 8700/10000 | R_avg = 0.999784 | norm = 0.996659
  Step 8800/10000 | R_avg = 0.999778 | norm = 0.99662
  Step 8900/10000 | R_avg = 0.999786 | norm = 0.99658
  Step 9000/10000 | R_avg = 0.999716 | norm = 0.99654
  Step 9100/10000 | R_avg = 0.999791 | norm = 0.996501
  Step 9200/10000 | R_avg = 0.999784 | norm = 0.996462
  Step 9300/10000 | R_avg = 0.99978 | norm = 0.996423
  Step 9400/10000 | R_avg = 0.999791 | norm = 0.996383
  Step 9500/10000 | R_avg = 0.999781 | norm = 0.996344
  Step 9600/10000 | R_avg = 0.999784 | norm = 0.996305
  Step 9700/10000 | R_avg = 0.999779 | norm = 0.996265
  Step 9800/10000 | R_avg = 0.999783 | norm = 0.996226
  Step 9900/10000 | R_avg = 0.999779 | norm = 0.996187

===== Global Validation =====
✓ Global validation PASSED
  ✓ Probability Conservation: ||ψ||² = 0.996149 (drift: 0.385288% from initial 1) ✓ PASS
  ✓ Energy Conservation: E_total = 1.01269 (drift: 0.372291% from initial 1.01647) ✓ PASS
  ✓ Order Parameter Bounds: R ∈ [0.953517, 1] ✓ PASS (within [0,1])
  ✓ Causality: v = |p|/E = 4.76652e-05 (c = 1) ✓ PASS (v ≤ c)
  ✓ Numerical Stability: All fields finite ✓ PASS
  Norm validation: max_error = 0.00385096 ✓ PASS
  Energy validation: max_drift = 0.00372291 ✓ PASS
  Saved observables to /home/persist/neotec/0rigin/output/20251224_175104_scenario_2.6A_energy_momentum_relation_256x256/N_10/observables.csv

--- Testing with N=100 ---
  Dirac initialization (grid-independent):
    Position: (50, 50) ℓ_P
    Width: 3 ℓ_P
    Grid coordinates: (128, 128) grid units
    Grid width: 7.68 grid units
  Using Dirac solver (spinor field)
[DiracEvolution] Initialized Gaussian wavepacket at (128, 128) with σ=7.68
[SMFTEngine] Dirac field initialized: center=(128,128), sigma=7.68, norm=0.999994
[DiracEvolution] Initialized 256x256 4-component spinor field (particle, β=1)
[DiracEvolution] Initialized Gaussian wavepacket at (128, 128) with σ=7.68
  Initial energy E0 = 1.01654
  Initial norm = 1
  Step 0/10000 | R_avg = 0.999789 | norm = 1
  Step 100/10000 | R_avg = 0.999789 | norm = 0.999968
  Step 200/10000 | R_avg = 0.999785 | norm = 0.999934
  Step 300/10000 | R_avg = 0.999791 | norm = 0.999901
  Step 400/10000 | R_avg = 0.99978 | norm = 0.999869
  Step 500/10000 | R_avg = 0.999779 | norm = 0.999836
  Step 600/10000 | R_avg = 0.999778 | norm = 0.999804
  Step 700/10000 | R_avg = 0.999784 | norm = 0.99977
  Step 800/10000 | R_avg = 0.99979 | norm = 0.999737
  Step 900/10000 | R_avg = 0.999788 | norm = 0.999703
  Step 1000/10000 | R_avg = 0.999776 | norm = 0.999669
  Step 1100/10000 | R_avg = 0.999752 | norm = 0.999634
  Step 1200/10000 | R_avg = 0.999787 | norm = 0.999598
  Step 1300/10000 | R_avg = 0.999734 | norm = 0.999563
  Step 1400/10000 | R_avg = 0.999782 | norm = 0.999526
  Step 1500/10000 | R_avg = 0.999782 | norm = 0.999488
  Step 1600/10000 | R_avg = 0.999778 | norm = 0.99945
  Step 1700/10000 | R_avg = 0.99978 | norm = 0.999411
  Step 1800/10000 | R_avg = 0.999785 | norm = 0.999371
  Step 1900/10000 | R_avg = 0.999777 | norm = 0.999331
  Step 2000/10000 | R_avg = 0.999786 | norm = 0.99929
  Step 2100/10000 | R_avg = 0.999779 | norm = 0.99925
  Step 2200/10000 | R_avg = 0.999782 | norm = 0.99921
  Step 2300/10000 | R_avg = 0.999782 | norm = 0.99917
  Step 2400/10000 | R_avg = 0.999893 | norm = 0.99913
  Step 2500/10000 | R_avg = 0.999793 | norm = 0.99909
  Step 2600/10000 | R_avg = 0.999743 | norm = 0.999051
  Step 2700/10000 | R_avg = 0.999779 | norm = 0.999013
  Step 2800/10000 | R_avg = 0.999783 | norm = 0.998974
  Step 2900/10000 | R_avg = 0.999793 | norm = 0.998936
  Step 3000/10000 | R_avg = 0.999788 | norm = 0.998897
  Step 3100/10000 | R_avg = 0.999779 | norm = 0.998858
  Step 3200/10000 | R_avg = 0.999786 | norm = 0.998818
  Step 3300/10000 | R_avg = 0.99978 | norm = 0.99878
  Step 3400/10000 | R_avg = 0.999777 | norm = 0.998741
  Step 3500/10000 | R_avg = 0.999878 | norm = 0.998702
  Step 3600/10000 | R_avg = 0.999811 | norm = 0.998662
  Step 3700/10000 | R_avg = 0.999811 | norm = 0.998623
  Step 3800/10000 | R_avg = 0.999812 | norm = 0.998584
  Step 3900/10000 | R_avg = 0.999821 | norm = 0.998545
  Step 4000/10000 | R_avg = 0.999824 | norm = 0.998506
  Step 4100/10000 | R_avg = 0.999781 | norm = 0.998467
  Step 4200/10000 | R_avg = 0.999781 | norm = 0.998428
  Step 4300/10000 | R_avg = 0.999815 | norm = 0.998389
  Step 4400/10000 | R_avg = 0.999814 | norm = 0.99835
  Step 4500/10000 | R_avg = 0.999811 | norm = 0.99831
  Step 4600/10000 | R_avg = 0.999812 | norm = 0.998269
  Step 4700/10000 | R_avg = 0.999816 | norm = 0.998229
  Step 4800/10000 | R_avg = 0.999811 | norm = 0.998188
  Step 4900/10000 | R_avg = 0.999813 | norm = 0.998148
  Step 5000/10000 | R_avg = 0.999815 | norm = 0.998106
  Step 5100/10000 | R_avg = 0.999815 | norm = 0.998066
  Step 5200/10000 | R_avg = 0.999814 | norm = 0.998025
  Step 5300/10000 | R_avg = 0.999813 | norm = 0.997983
  Step 5400/10000 | R_avg = 0.999736 | norm = 0.997942
  Step 5500/10000 | R_avg = 0.999737 | norm = 0.997901
  Step 5600/10000 | R_avg = 0.999757 | norm = 0.99786
  Step 5700/10000 | R_avg = 0.999755 | norm = 0.997819
  Step 5800/10000 | R_avg = 0.999721 | norm = 0.99778
  Step 5900/10000 | R_avg = 0.999778 | norm = 0.99774
  Step 6000/10000 | R_avg = 0.999784 | norm = 0.997701
  Step 6100/10000 | R_avg = 0.999783 | norm = 0.997662
  Step 6200/10000 | R_avg = 0.999786 | norm = 0.997623
  Step 6300/10000 | R_avg = 0.999784 | norm = 0.997585
  Step 6400/10000 | R_avg = 0.999785 | norm = 0.997547
  Step 6500/10000 | R_avg = 0.999782 | norm = 0.997509
  Step 6600/10000 | R_avg = 0.999785 | norm = 0.997471
  Step 6700/10000 | R_avg = 0.999785 | norm = 0.997433
  Step 6800/10000 | R_avg = 0.999786 | norm = 0.997395
  Step 6900/10000 | R_avg = 0.999785 | norm = 0.997357
  Step 7000/10000 | R_avg = 0.99978 | norm = 0.997319
  Step 7100/10000 | R_avg = 0.999784 | norm = 0.997281
  Step 7200/10000 | R_avg = 0.999785 | norm = 0.997243
  Step 7300/10000 | R_avg = 0.999776 | norm = 0.997205
  Step 7400/10000 | R_avg = 0.999725 | norm = 0.997167
  Step 7500/10000 | R_avg = 0.999786 | norm = 0.997129
  Step 7600/10000 | R_avg = 0.999785 | norm = 0.997091
  Step 7700/10000 | R_avg = 0.999787 | norm = 0.997052
  Step 7800/10000 | R_avg = 0.999788 | norm = 0.997014
  Step 7900/10000 | R_avg = 0.999785 | norm = 0.996975
