[Logging] Console output for 128x128 writing to: /home/persist/neotec/0rigin/output/20251226_094816_scenario_2.5A_klein_gordon_comparison_v0.7/console.log

--- Testing with N=10 ---
[DEBUG] solver_type = 'klein_gordon', use_klein_gordon = 1
  Dirac initialization (grid-independent):
    Position: (50, 50) ℓ_P
    Width: 3 ℓ_P
    Grid coordinates: (64, 64) grid units
    Grid width: 3.84 grid units
  Using Klein-Gordon solver (scalar field) with boosted initialization
    Background R (expected): 1
[KleinGordonEvolution] Initialized 128x128 scalar field
[SMFT] Boosted Gaussian initialization (Klein-Gordon):
  Position: (64, 64) grid units
  Width: σ = 3.84 grid units
  Velocity: v = (0.7, 0)c
  |v| = 0.7c
  Lorentz factor: γ = 1.40028
  Rest mass: m₀ = Δ·R = 1 × 1 = 1 m_P
  Momentum: p = (0.980196, 0) m_P·c
  |p| = 0.980196 m_P·c
  Energy: ω = 1.40028 m_P·c²
[KleinGordonEvolution] Initialized Gaussian wavepacket at (64, 64) with σ=3.84
  Final norm: ||φ||² = 1
  Initial position: <r> = (64, 64)
✓ Boosted Gaussian initialized (Klein-Gordon)
[SMFTEngine] Boosted Klein-Gordon field initialized: center=(64,64), sigma=3.84, boost=(0.7,0)c, norm=1, <r>=(64,64)
[DiracEvolution] Initialized 128x128 4-component spinor field (particle, β=1)
[DEBUG] Computing Klein-Gordon initial observables...
[DEBUG KG Native] E_native = 3.98939, KE_native = 2.98939, PE_native = 1
[DEBUG KE_KG] Nx=128, Ny=128, dx=1, T=1.96079, sample phi_dot[0]=(0,0)
[DEBUG PE_KG] Starting computation: Nx=128, Ny=128, sample phi[0]=(0,0)
[DEBUG ObsComputer] E0 = 3.67103, KE = 1.96079, PE = 1.71024
  Initial energy E0 = 3.67103
  Initial norm = 1
[stepWithDirac] Strang splitting enabled:
  substep_ratio=10
  substep_dt=0.001
  half_substeps=5
  remaining_substeps=5
[KG Step 0] norm: before=1, after K/2=1.00002, after M=1.00021, after K/2=1.00038
  Saved spatial snapshot at t = 0 (step 0)
[DEBUG KE_KG] Nx=128, Ny=128, dx=1, T=1.96042, sample phi_dot[0]=(1.1058e-10,-7.03951e-09)
[DEBUG PE_KG] Starting computation: Nx=128, Ny=128, sample phi[0]=(-1.41069e-09,9.61266e-09)
  Step 0/5000 | R_avg = 0.999688 | norm = 1.00038
[KG Step 1] norm: before=1.00038, after K/2=1.00059, after M=1.00116, after K/2=1.00151
[KG Step 2] norm: before=1.00151, after K/2=1.00192, after M=1.00286, after K/2=1.0034
[KG Step 3] norm: before=1.0034, after K/2=1.00399, after M=1.00531, after K/2=1.00604
[KG Step 4] norm: before=1.00604, after K/2=1.00682, after M=1.00852, after K/2=1.00943
[DEBUG KE_KG] Nx=128, Ny=128, dx=1, T=1.28913, sample phi_dot[0]=(-6.50367e-09,-8.77162e-08)
[DEBUG PE_KG] Starting computation: Nx=128, Ny=128, sample phi[0]=(9.40524e-08,4.30887e-07)
[DEBUG KE_KG] Nx=128, Ny=128, dx=1, T=1.1893, sample phi_dot[0]=(-1.25402e-07,-3.80193e-07)
[DEBUG PE_KG] Starting computation: Nx=128, Ny=128, sample phi[0]=(2.77283e-07,5.80572e-07)
[DEBUG KE_KG] Nx=128, Ny=128, dx=1, T=1.87887, sample phi_dot[0]=(-3.04958e-07,-6.25452e-07)
[DEBUG PE_KG] Starting computation: Nx=128, Ny=128, sample phi[0]=(3.8858e-07,2.0055e-07)
[DEBUG KE_KG] Nx=128, Ny=128, dx=1, T=1.46633, sample phi_dot[0]=(-4.28632e-07,-5.70487e-07)
[DEBUG PE_KG] Starting computation: Nx=128, Ny=128, sample phi[0]=(3.63073e-07,-5.34304e-07)
[DEBUG KE_KG] Nx=128, Ny=128, dx=1, T=1.19119, sample phi_dot[0]=(-5.95065e-07,-2.16002e-08)
[DEBUG PE_KG] Starting computation: Nx=128, Ny=128, sample phi[0]=(1.21541e-07,-1.20226e-06)
[DEBUG KE_KG] Nx=128, Ny=128, dx=1, T=1.69229, sample phi_dot[0]=(-5.96681e-07,5.86446e-07)
[DEBUG PE_KG] Starting computation: Nx=128, Ny=128, sample phi[0]=(-3.76011e-07,-1.36624e-06)
[DEBUG KE_KG] Nx=128, Ny=128, dx=1, T=1.57187, sample phi_dot[0]=(-2.23435e-07,1.14594e-06)
[DEBUG PE_KG] Starting computation: Nx=128, Ny=128, sample phi[0]=(-8.3382e-07,-9.78958e-07)
[DEBUG KE_KG] Nx=128, Ny=128, dx=1, T=1.30247, sample phi_dot[0]=(2.28851e-07,1.41933e-06)
[DEBUG PE_KG] Starting computation: Nx=128, Ny=128, sample phi[0]=(-1.04189e-06,-3.0353e-08)
[DEBUG KE_KG] Nx=128, Ny=128, dx=1, T=1.53488, sample phi_dot[0]=(7.27457e-07,1.18921e-06)
[DEBUG PE_KG] Starting computation: Nx=128, Ny=128, sample phi[0]=(-8.84495e-07,1.13036e-06)
[KG Step 500] norm: before=1.38291, after K/2=1.38345, after M=1.38455, after K/2=1.38511
[DEBUG KE_KG] Nx=128, Ny=128, dx=1, T=1.57242, sample phi_dot[0]=(1.08285e-06,4.03347e-07)
[DEBUG PE_KG] Starting computation: Nx=128, Ny=128, sample phi[0]=(-3.1566e-07,2.02141e-06)
  Step 500/5000 | R_avg = 0.999773 | norm = 1.38511
[DEBUG KE_KG] Nx=128, Ny=128, dx=1, T=1.42067, sample phi_dot[0]=(1.02903e-06,-7.81043e-07)
[DEBUG PE_KG] Starting computation: Nx=128, Ny=128, sample phi[0]=(5.01531e-07,2.0939e-06)
[DEBUG KE_KG] Nx=128, Ny=128, dx=1, T=1.47168, sample phi_dot[0]=(5.93487e-07,-1.60069e-06)
[DEBUG PE_KG] Starting computation: Nx=128, Ny=128, sample phi[0]=(1.1808e-06,1.25003e-06)
[DEBUG KE_KG] Nx=128, Ny=128, dx=1, T=1.52644, sample phi_dot[0]=(-1.647e-07,-1.87251e-06)
[DEBUG PE_KG] Starting computation: Nx=128, Ny=128, sample phi[0]=(1.40575e-06,-9.26935e-08)
[DEBUG KE_KG] Nx=128, Ny=128, dx=1, T=1.48066, sample phi_dot[0]=(-8.37844e-07,-1.4328e-06)
[DEBUG PE_KG] Starting computation: Nx=128, Ny=128, sample phi[0]=(1.05106e-06,-1.40059e-06)
[DEBUG KE_KG] Nx=128, Ny=128, dx=1, T=1.47205, sample phi_dot[0]=(-1.03063e-06,-4.45526e-07)
[DEBUG PE_KG] Starting computation: Nx=128, Ny=128, sample phi[0]=(3.66642e-07,-2.10843e-06)
[DEBUG KE_KG] Nx=128, Ny=128, dx=1, T=1.49402, sample phi_dot[0]=(-1.05525e-06,4.80572e-07)
[DEBUG PE_KG] Starting computation: Nx=128, Ny=128, sample phi[0]=(-3.34756e-07,-2.00312e-06)
[DEBUG KE_KG] Nx=128, Ny=128, dx=1, T=1.4917, sample phi_dot[0]=(-7.47189e-07,1.2445e-06)
[DEBUG PE_KG] Starting computation: Nx=128, Ny=128, sample phi[0]=(-9.74944e-07,-1.31067e-06)
[DEBUG KE_KG] Nx=128, Ny=128, dx=1, T=1.48386, sample phi_dot[0]=(-1.69888e-07,1.61565e-06)
[DEBUG PE_KG] Starting computation: Nx=128, Ny=128, sample phi[0]=(-1.22636e-06,-2.04215e-07)
[DEBUG KE_KG] Nx=128, Ny=128, dx=1, T=1.48591, sample phi_dot[0]=(2.96602e-07,1.47915e-06)
[DEBUG PE_KG] Starting computation: Nx=128, Ny=128, sample phi[0]=(-1.10689e-06,9.00373e-07)
[KG Step 1000] norm: before=1.49689, after K/2=1.49688, after M=1.49685, after K/2=1.49684
  Saved spatial snapshot at t = 10 (step 1000)
[DEBUG KE_KG] Nx=128, Ny=128, dx=1, T=1.48834, sample phi_dot[0]=(8.00663e-07,1.02494e-06)
[DEBUG PE_KG] Starting computation: Nx=128, Ny=128, sample phi[0]=(-6.74358e-07,1.72401e-06)
  Step 1000/5000 | R_avg = 0.999777 | norm = 1.49684
[DEBUG KE_KG] Nx=128, Ny=128, dx=1, T=1.48754, sample phi_dot[0]=(1.13266e-06,1.2075e-07)
[DEBUG PE_KG] Starting computation: Nx=128, Ny=128, sample phi[0]=(6.01357e-08,2.02293e-06)
[DEBUG KE_KG] Nx=128, Ny=128, dx=1, T=1.48671, sample phi_dot[0]=(8.5627e-07,-1.00934e-06)
[DEBUG PE_KG] Starting computation: Nx=128, Ny=128, sample phi[0]=(7.60239e-07,1.43838e-06)
[DEBUG KE_KG] Nx=128, Ny=128, dx=1, T=1.48685, sample phi_dot[0]=(3.91497e-07,-1.65424e-06)
[DEBUG PE_KG] Starting computation: Nx=128, Ny=128, sample phi[0]=(1.04488e-06,1.89328e-07)
[DEBUG KE_KG] Nx=128, Ny=128, dx=1, T=1.48714, sample phi_dot[0]=(-2.18244e-07,-1.39869e-06)
[DEBUG PE_KG] Starting computation: Nx=128, Ny=128, sample phi[0]=(9.14291e-07,-1.08019e-06)
[DEBUG KE_KG] Nx=128, Ny=128, dx=1, T=1.48712, sample phi_dot[0]=(-7.29638e-07,-3.97891e-07)
[DEBUG PE_KG] Starting computation: Nx=128, Ny=128, sample phi[0]=(2.9403e-07,-1.55846e-06)
[DEBUG KE_KG] Nx=128, Ny=128, dx=1, T=1.48698, sample phi_dot[0]=(-5.21789e-07,5.01821e-07)
[DEBUG PE_KG] Starting computation: Nx=128, Ny=128, sample phi[0]=(-3.27664e-07,-9.9659e-07)
[DEBUG KE_KG] Nx=128, Ny=128, dx=1, T=1.48693, sample phi_dot[0]=(-9.26688e-08,6.56568e-07)
[DEBUG PE_KG] Starting computation: Nx=128, Ny=128, sample phi[0]=(-4.18676e-07,4.06034e-08)
[DEBUG KE_KG] Nx=128, Ny=128, dx=1, T=1.48694, sample phi_dot[0]=(4.44561e-08,2.13556e-07)
[DEBUG PE_KG] Starting computation: Nx=128, Ny=128, sample phi[0]=(-9.23509e-08,6.86195e-07)
[DEBUG KE_KG] Nx=128, Ny=128, dx=1, T=1.48694, sample phi_dot[0]=(-9.10455e-08,-3.22466e-07)
[DEBUG PE_KG] Starting computation: Nx=128, Ny=128, sample phi[0]=(2.56848e-07,5.76439e-07)
[KG Step 1500] norm: before=1.49745, after K/2=1.49744, after M=1.49745, after K/2=1.49744
[DEBUG KE_KG] Nx=128, Ny=128, dx=1, T=1.48693, sample phi_dot[0]=(-3.98391e-07,-6.20313e-07)
[DEBUG PE_KG] Starting computation: Nx=128, Ny=128, sample phi[0]=(3.21565e-07,-2.54152e-07)
  Step 1500/5000 | R_avg = 0.999778 | norm = 1.49745
[DEBUG KE_KG] Nx=128, Ny=128, dx=1, T=1.48689, sample phi_dot[0]=(-6.33684e-07,5.53235e-08)
[DEBUG PE_KG] Starting computation: Nx=128, Ny=128, sample phi[0]=(-7.44466e-08,-1.06694e-06)
[DEBUG KE_KG] Nx=128, Ny=128, dx=1, T=1.48685, sample phi_dot[0]=(-4.1221e-07,9.59992e-07)
[DEBUG PE_KG] Starting computation: Nx=128, Ny=128, sample phi[0]=(-6.73717e-07,-1.03027e-06)
[DEBUG KE_KG] Nx=128, Ny=128, dx=1, T=1.48683, sample phi_dot[0]=(2.53215e-07,1.3558e-06)
[DEBUG PE_KG] Starting computation: Nx=128, Ny=128, sample phi[0]=(-9.77709e-07,-2.28124e-07)
[DEBUG KE_KG] Nx=128, Ny=128, dx=1, T=1.48683, sample phi_dot[0]=(8.28943e-07,1.22645e-06)
[DEBUG PE_KG] Starting computation: Nx=128, Ny=128, sample phi[0]=(-7.3182e-07,9.00672e-07)
[DEBUG KE_KG] Nx=128, Ny=128, dx=1, T=1.48681, sample phi_dot[0]=(1.05991e-06,2.07371e-07)
[DEBUG PE_KG] Starting computation: Nx=128, Ny=128, sample phi[0]=(-1.10105e-07,1.71557e-06)
[DEBUG KE_KG] Nx=128, Ny=128, dx=1, T=1.48677, sample phi_dot[0]=(9.44656e-07,-1.12998e-06)
[DEBUG PE_KG] Starting computation: Nx=128, Ny=128, sample phi[0]=(6.6423e-07,1.46325e-06)
[DEBUG KE_KG] Nx=128, Ny=128, dx=1, T=1.48674, sample phi_dot[0]=(2.94904e-07,-1.61214e-06)
[DEBUG PE_KG] Starting computation: Nx=128, Ny=128, sample phi[0]=(1.148e-06,3.91262e-07)
[DEBUG KE_KG] Nx=128, Ny=128, dx=1, T=1.48673, sample phi_dot[0]=(-5.25249e-07,-1.44012e-06)
[DEBUG PE_KG] Starting computation: Nx=128, Ny=128, sample phi[0]=(1.03364e-06,-7.48515e-07)
[DEBUG KE_KG] Nx=128, Ny=128, dx=1, T=1.48671, sample phi_dot[0]=(-1.15763e-06,-3.68389e-07)
[DEBUG PE_KG] Starting computation: Nx=128, Ny=128, sample phi[0]=(2.82326e-07,-1.35634e-06)
[KG Step 2000] norm: before=1.49727, after K/2=1.49727, after M=1.49727, after K/2=1.49727
[DEBUG KE_KG] Nx=128, Ny=128, dx=1, T=1.48668, sample phi_dot[0]=(-9.66657e-07,1.02544e-06)
[DEBUG PE_KG] Starting computation: Nx=128, Ny=128, sample phi[0]=(-6.44906e-07,-6.91008e-07)
  Step 2000/5000 | R_avg = 0.999781 | norm = 1.49727
[DEBUG KE_KG] Nx=128, Ny=128, dx=1, T=1.48666, sample phi_dot[0]=(1.0796e-07,1.08459e-06)
[DEBUG PE_KG] Starting computation: Nx=128, Ny=128, sample phi[0]=(-8.13638e-07,5.82907e-07)
[DEBUG KE_KG] Nx=128, Ny=128, dx=1, T=1.48665, sample phi_dot[0]=(8.91504e-07,-8.82928e-08)
[DEBUG PE_KG] Starting computation: Nx=128, Ny=128, sample phi[0]=(9.25737e-08,1.0948e-06)
[DEBUG KE_KG] Nx=128, Ny=128, dx=1, T=1.48662, sample phi_dot[0]=(5.03525e-07,-1.71258e-06)
[DEBUG PE_KG] Starting computation: Nx=128, Ny=128, sample phi[0]=(1.14625e-06,-1.37384e-07)
[DEBUG KE_KG] Nx=128, Ny=128, dx=1, T=1.48658, sample phi_dot[0]=(-8.63734e-07,-1.69447e-06)
[DEBUG PE_KG] Starting computation: Nx=128, Ny=128, sample phi[0]=(1.16555e-06,-2.53385e-06)
[DEBUG KE_KG] Nx=128, Ny=128, dx=1, T=1.48658, sample phi_dot[0]=(-2.19281e-06,7.81434e-07)
[DEBUG PE_KG] Starting computation: Nx=128, Ny=128, sample phi[0]=(-4.91726e-07,-3.69078e-06)
[DEBUG KE_KG] Nx=128, Ny=128, dx=1, T=1.48656, sample phi_dot[0]=(-1.62828e-06,3.98551e-06)
[DEBUG PE_KG] Starting computation: Nx=128, Ny=128, sample phi[0]=(-2.85177e-06,-1.7505e-06)
[DEBUG KE_KG] Nx=128, Ny=128, dx=1, T=1.48651, sample phi_dot[0]=(1.04546e-06,5.2995e-06)
[DEBUG PE_KG] Starting computation: Nx=128, Ny=128, sample phi[0]=(-3.66206e-06,3.01428e-06)
[DEBUG KE_KG] Nx=128, Ny=128, dx=1, T=1.4865, sample phi_dot[0]=(4.0055e-06,2.14825e-06)
[DEBUG PE_KG] Starting computation: Nx=128, Ny=128, sample phi[0]=(-1.46002e-06,7.30767e-06)
[DEBUG KE_KG] Nx=128, Ny=128, dx=1, T=1.4865, sample phi_dot[0]=(4.59782e-06,-4.20681e-06)
[DEBUG PE_KG] Starting computation: Nx=128, Ny=128, sample phi[0]=(2.87084e-06,6.79141e-06)
[KG Step 2500] norm: before=1.49705, after K/2=1.49704, after M=1.49704, after K/2=1.49704
  Saved spatial snapshot at t = 25 (step 2500)
[DEBUG KE_KG] Nx=128, Ny=128, dx=1, T=1.48645, sample phi_dot[0]=(1.26589e-06,-8.59655e-06)
[DEBUG PE_KG] Starting computation: Nx=128, Ny=128, sample phi[0]=(6.05845e-06,5.28148e-07)
  Step 2500/5000 | R_avg = 0.999773 | norm = 1.49705
[DEBUG KE_KG] Nx=128, Ny=128, dx=1, T=1.48642, sample phi_dot[0]=(-3.97937e-06,-6.74108e-06)
[DEBUG PE_KG] Starting computation: Nx=128, Ny=128, sample phi[0]=(4.80782e-06,-7.31024e-06)
[DEBUG KE_KG] Nx=128, Ny=128, dx=1, T=1.48642, sample phi_dot[0]=(-6.55649e-06,9.90954e-07)
[DEBUG PE_KG] Starting computation: Nx=128, Ny=128, sample phi[0]=(-6.13126e-07,-1.0242e-05)
[DEBUG KE_KG] Nx=128, Ny=128, dx=1, T=1.4864, sample phi_dot[0]=(-3.76541e-06,8.46476e-06)
[DEBUG PE_KG] Starting computation: Nx=128, Ny=128, sample phi[0]=(-5.96299e-06,-5.08221e-06)
[DEBUG KE_KG] Nx=128, Ny=128, dx=1, T=1.48635, sample phi_dot[0]=(2.43256e-06,8.95075e-06)
[DEBUG PE_KG] Starting computation: Nx=128, Ny=128, sample phi[0]=(-6.48189e-06,4.34621e-06)
[DEBUG KE_KG] Nx=128, Ny=128, dx=1, T=1.48635, sample phi_dot[0]=(6.58561e-06,1.84509e-06)
[DEBUG PE_KG] Starting computation: Nx=128, Ny=128, sample phi[0]=(-1.3339e-06,1.00889e-05)
[DEBUG KE_KG] Nx=128, Ny=128, dx=1, T=1.48634, sample phi_dot[0]=(4.58597e-06,-6.95259e-06)
[DEBUG PE_KG] Starting computation: Nx=128, Ny=128, sample phi[0]=(5.00541e-06,7.03326e-06)
[DEBUG KE_KG] Nx=128, Ny=128, dx=1, T=1.48628, sample phi_dot[0]=(-1.99768e-06,-9.22468e-06)
[DEBUG PE_KG] Starting computation: Nx=128, Ny=128, sample phi[0]=(6.56192e-06,-2.29411e-06)
[DEBUG KE_KG] Nx=128, Ny=128, dx=1, T=1.48628, sample phi_dot[0]=(-6.70831e-06,-2.40047e-06)
[DEBUG PE_KG] Starting computation: Nx=128, Ny=128, sample phi[0]=(1.66507e-06,-9.27722e-06)
[DEBUG KE_KG] Nx=128, Ny=128, dx=1, T=1.48627, sample phi_dot[0]=(-4.59303e-06,6.90681e-06)
[DEBUG PE_KG] Starting computation: Nx=128, Ny=128, sample phi[0]=(-4.90799e-06,-7.24228e-06)
[KG Step 3000] norm: before=1.49682, after K/2=1.49682, after M=1.49682, after K/2=1.49682
[DEBUG KE_KG] Nx=128, Ny=128, dx=1, T=1.48622, sample phi_dot[0]=(2.28907e-06,9.48612e-06)
[DEBUG PE_KG] Starting computation: Nx=128, Ny=128, sample phi[0]=(-6.65871e-06,1.70495e-06)
  Step 3000/5000 | R_avg = 0.999765 | norm = 1.49683
[DEBUG KE_KG] Nx=128, Ny=128, dx=1, T=1.48621, sample phi_dot[0]=(7.10473e-06,2.5676e-06)
[DEBUG PE_KG] Starting computation: Nx=128, Ny=128, sample phi[0]=(-1.89575e-06,8.62963e-06)
[DEBUG KE_KG] Nx=128, Ny=128, dx=1, T=1.48621, sample phi_dot[0]=(4.94845e-06,-6.39354e-06)
[DEBUG PE_KG] Starting computation: Nx=128, Ny=128, sample phi[0]=(4.55801e-06,6.96641e-06)
[DEBUG KE_KG] Nx=128, Ny=128, dx=1, T=1.48617, sample phi_dot[0]=(-1.91393e-06,-8.61681e-06)
[DEBUG PE_KG] Starting computation: Nx=128, Ny=128, sample phi[0]=(6.24095e-06,-7.66486e-07)
[DEBUG KE_KG] Nx=128, Ny=128, dx=1, T=1.48615, sample phi_dot[0]=(-6.21617e-06,-2.80426e-06)
[DEBUG PE_KG] Starting computation: Nx=128, Ny=128, sample phi[0]=(1.87399e-06,-6.62329e-06)
[DEBUG KE_KG] Nx=128, Ny=128, dx=1, T=1.48614, sample phi_dot[0]=(-3.90573e-06,4.94914e-06)
[DEBUG PE_KG] Starting computation: Nx=128, Ny=128, sample phi[0]=(-3.47835e-06,-5.11649e-06)
[DEBUG KE_KG] Nx=128, Ny=128, dx=1, T=1.4861, sample phi_dot[0]=(1.88272e-06,5.97307e-06)
[DEBUG PE_KG] Starting computation: Nx=128, Ny=128, sample phi[0]=(-4.24261e-06,1.18247e-06)
[DEBUG KE_KG] Nx=128, Ny=128, dx=1, T=1.48609, sample phi_dot[0]=(4.53039e-06,2.32992e-07)
[DEBUG PE_KG] Starting computation: Nx=128, Ny=128, sample phi[0]=(-2.68811e-07,4.47564e-06)
[DEBUG KE_KG] Nx=128, Ny=128, dx=1, T=1.48607, sample phi_dot[0]=(1.27704e-06,-4.42225e-06)
[DEBUG PE_KG] Starting computation: Nx=128, Ny=128, sample phi[0]=(3.28239e-06,1.73788e-06)
[DEBUG KE_KG] Nx=128, Ny=128, dx=1, T=1.48604, sample phi_dot[0]=(-3.15729e-06,-3.34247e-06)
[DEBUG PE_KG] Starting computation: Nx=128, Ny=128, sample phi[0]=(2.29896e-06,-3.08505e-06)
[KG Step 3500] norm: before=1.4966, after K/2=1.4966, after M=1.4966, after K/2=1.4966
[DEBUG KE_KG] Nx=128, Ny=128, dx=1, T=1.48602, sample phi_dot[0]=(-3.52895e-06,1.92832e-06)
[DEBUG PE_KG] Starting computation: Nx=128, Ny=128, sample phi[0]=(-1.49994e-06,-4.45288e-06)
  Step 3500/5000 | R_avg = 0.999771 | norm = 1.49661
[DEBUG KE_KG] Nx=128, Ny=128, dx=1, T=1.48601, sample phi_dot[0]=(-3.08933e-08,5.40828e-06)
[DEBUG PE_KG] Starting computation: Nx=128, Ny=128, sample phi[0]=(-3.71924e-06,-7.81989e-07)
[DEBUG KE_KG] Nx=128, Ny=128, dx=1, T=1.48598, sample phi_dot[0]=(3.42132e-06,3.10497e-06)
[DEBUG PE_KG] Starting computation: Nx=128, Ny=128, sample phi[0]=(-2.16154e-06,3.74501e-06)
[DEBUG KE_KG] Nx=128, Ny=128, dx=1, T=1.48595, sample phi_dot[0]=(3.13052e-06,-1.57791e-06)
[DEBUG PE_KG] Starting computation: Nx=128, Ny=128, sample phi[0]=(1.11541e-06,4.53739e-06)
[DEBUG KE_KG] Nx=128, Ny=128, dx=1, T=1.48595, sample phi_dot[0]=(3.21819e-07,-3.75135e-06)
[DEBUG PE_KG] Starting computation: Nx=128, Ny=128, sample phi[0]=(2.63827e-06,1.86589e-06)
[DEBUG KE_KG] Nx=128, Ny=128, dx=1, T=1.48591, sample phi_dot[0]=(-1.55982e-06,-2.40032e-06)
[DEBUG PE_KG] Starting computation: Nx=128, Ny=128, sample phi[0]=(1.71705e-06,-9.74237e-07)
[DEBUG KE_KG] Nx=128, Ny=128, dx=1, T=1.48588, sample phi_dot[0]=(-1.25178e-06,-3.31067e-07)
[DEBUG PE_KG] Starting computation: Nx=128, Ny=128, sample phi[0]=(1.58377e-07,-1.81602e-06)
[DEBUG KE_KG] Nx=128, Ny=128, dx=1, T=1.48588, sample phi_dot[0]=(8.08963e-08,1.47555e-07)
[DEBUG PE_KG] Starting computation: Nx=128, Ny=128, sample phi[0]=(-2.55e-07,-1.38306e-06)
[DEBUG KE_KG] Nx=128, Ny=128, dx=1, T=1.48584, sample phi_dot[0]=(1.2897e-07,-2.10786e-07)
[DEBUG PE_KG] Starting computation: Nx=128, Ny=128, sample phi[0]=(3.15381e-07,-1.1595e-06)
[DEBUG KE_KG] Nx=128, Ny=128, dx=1, T=1.48581, sample phi_dot[0]=(-9.64788e-07,-1.53321e-07)
[DEBUG PE_KG] Starting computation: Nx=128, Ny=128, sample phi[0]=(2.45495e-07,-1.41873e-06)
[KG Step 4000] norm: before=1.49636, after K/2=1.49636, after M=1.49636, after K/2=1.49636
[DEBUG KE_KG] Nx=128, Ny=128, dx=1, T=1.48581, sample phi_dot[0]=(-1.28313e-06,1.03796e-06)
[DEBUG PE_KG] Starting computation: Nx=128, Ny=128, sample phi[0]=(-6.67986e-07,-1.27776e-06)
  Step 4000/5000 | R_avg = 0.999782 | norm = 1.49637
[DEBUG KE_KG] Nx=128, Ny=128, dx=1, T=1.48578, sample phi_dot[0]=(-5.31793e-07,2.06481e-06)
[DEBUG PE_KG] Starting computation: Nx=128, Ny=128, sample phi[0]=(-1.44972e-06,-2.41248e-08)
[DEBUG KE_KG] Nx=128, Ny=128, dx=1, T=1.48575, sample phi_dot[0]=(6.58732e-07,1.5538e-06)
[DEBUG PE_KG] Starting computation: Nx=128, Ny=128, sample phi[0]=(-1.36306e-06,1.38628e-06)
[DEBUG KE_KG] Nx=128, Ny=128, dx=1, T=1.48573, sample phi_dot[0]=(1.25029e-06,5.57628e-07)
[DEBUG PE_KG] Starting computation: Nx=128, Ny=128, sample phi[0]=(-4.70711e-07,2.01011e-06)
[DEBUG KE_KG] Nx=128, Ny=128, dx=1, T=1.48571, sample phi_dot[0]=(1.02595e-06,-5.28338e-07)
[DEBUG PE_KG] Starting computation: Nx=128, Ny=128, sample phi[0]=(4.14162e-07,1.73875e-06)
[DEBUG KE_KG] Nx=128, Ny=128, dx=1, T=1.48568, sample phi_dot[0]=(7.68216e-07,-1.27536e-06)
[DEBUG PE_KG] Starting computation: Nx=128, Ny=128, sample phi[0]=(9.66122e-07,7.14095e-07)
[DEBUG KE_KG] Nx=128, Ny=128, dx=1, T=1.48566, sample phi_dot[0]=(2.51275e-07,-1.405e-06)
[DEBUG PE_KG] Starting computation: Nx=128, Ny=128, sample phi[0]=(1.19519e-06,-4.90701e-07)
[DEBUG KE_KG] Nx=128, Ny=128, dx=1, T=1.48565, sample phi_dot[0]=(-5.40906e-07,-9.92637e-07)
[DEBUG PE_KG] Starting computation: Nx=128, Ny=128, sample phi[0]=(8.20142e-07,-1.40788e-06)
[DEBUG KE_KG] Nx=128, Ny=128, dx=1, T=1.48561, sample phi_dot[0]=(-1.00849e-06,6.37665e-08)
[DEBUG PE_KG] Starting computation: Nx=128, Ny=128, sample phi[0]=(-7.8453e-08,-1.42774e-06)
[DEBUG KE_KG] Nx=128, Ny=128, dx=1, T=1.48558, sample phi_dot[0]=(-6.302e-07,8.68211e-07)
[DEBUG PE_KG] Starting computation: Nx=128, Ny=128, sample phi[0]=(-8.90141e-07,-4.2974e-07)
[KG Step 4500] norm: before=1.49612, after K/2=1.49612, after M=1.49612, after K/2=1.49612
[DEBUG KE_KG] Nx=128, Ny=128, dx=1, T=1.48558, sample phi_dot[0]=(3.6187e-07,8.31205e-07)
[DEBUG PE_KG] Starting computation: Nx=128, Ny=128, sample phi[0]=(-7.91013e-07,8.18778e-07)
  Step 4500/5000 | R_avg = 0.999776 | norm = 1.49614
[DEBUG KE_KG] Nx=128, Ny=128, dx=1, T=1.48554, sample phi_dot[0]=(7.14703e-07,-3.86608e-08)
[DEBUG PE_KG] Starting computation: Nx=128, Ny=128, sample phi[0]=(1.52231e-07,1.4604e-06)
[DEBUG KE_KG] Nx=128, Ny=128, dx=1, T=1.48552, sample phi_dot[0]=(2.43628e-07,-1.35688e-06)
[DEBUG PE_KG] Starting computation: Nx=128, Ny=128, sample phi[0]=(1.02221e-06,6.34071e-07)
[DEBUG KE_KG] Nx=128, Ny=128, dx=1, T=1.4855, sample phi_dot[0]=(-7.71455e-07,-1.22981e-06)
[DEBUG PE_KG] Starting computation: Nx=128, Ny=128, sample phi[0]=(1.07323e-06,-1.16057e-06)
[DEBUG KE_KG] Nx=128, Ny=128, dx=1, T=1.48544, sample phi_dot[0]=(-1.57428e-06,2.69647e-07)
[DEBUG PE_KG] Starting computation: Nx=128, Ny=128, sample phi[0]=(-5.57629e-08,-2.10491e-06)
[DEBUG KE_KG] Nx=128, Ny=128, dx=1, T=1.48555, sample phi_dot[0]=(-8.28179e-07,1.63703e-06)
[DEBUG PE_KG] Starting computation: Nx=128, Ny=128, sample phi[0]=(-1.43715e-06,-1.61768e-06)
[DEBUG KE_KG] Nx=128, Ny=128, dx=1, T=1.48527, sample phi_dot[0]=(5.68572e-07,2.39379e-06)
[DEBUG PE_KG] Starting computation: Nx=128, Ny=128, sample phi[0]=(-1.76861e-06,1.17114e-07)
[DEBUG KE_KG] Nx=128, Ny=128, dx=1, T=1.48544, sample phi_dot[0]=(1.51398e-06,1.18534e-06)
[DEBUG PE_KG] Starting computation: Nx=128, Ny=128, sample phi[0]=(-1.00461e-06,1.87702e-06)
[DEBUG KE_KG] Nx=128, Ny=128, dx=1, T=1.4857, sample phi_dot[0]=(1.81218e-06,-4.97326e-07)
[DEBUG PE_KG] Starting computation: Nx=128, Ny=128, sample phi[0]=(3.98839e-07,2.21166e-06)
[DEBUG KE_KG] Nx=128, Ny=128, dx=1, T=1.48457, sample phi_dot[0]=(7.97445e-07,-1.63507e-06)
[DEBUG PE_KG] Starting computation: Nx=128, Ny=128, sample phi[0]=(1.53562e-06,1.38208e-06)
[DEBUG KE_KG] Nx=128, Ny=128, dx=1, T=1.48617, sample phi_dot[0]=(-8.77772e-07,-1.8233e-06)
[DEBUG PE_KG] Starting computation: Nx=128, Ny=128, sample phi[0]=(1.29919e-06,-2.95695e-08)

===== Global Validation =====
✗ Global validation FAILED:
  ✗ Probability Conservation: ||ψ||² = 1.49514 (drift: 49.476% from initial 1.00038) ✗ FAIL (exceeds tolerance 0.5%)
  ✗ Energy Conservation: E_total = 4.0128 (drift: 9.3678% from initial 3.66909) ✗ FAIL (exceeds tolerance 1%)
  ✓ Order Parameter Bounds: R ∈ [1, 1] ✓ PASS (within [0,1])
  ✓ Causality: v = |p|/E = 0.299713 (c = 1) ✓ PASS (v ≤ c)
  ✓ Numerical Stability: All fields finite ✓ PASS

[INFO] Skipping scenario validation for Klein-Gordon test (validator requires Dirac field)
  Norm validation: max_error = 0.832579 ✗ FAIL
  Energy validation: max_drift = 0.160028 ✗ FAIL
  Saved observables to /home/persist/neotec/0rigin/output/20251226_094816_scenario_2.5A_klein_gordon_comparison_v0.7/N_10/observables.csv
Test failed for N=10

--- Validating Convergence ---
✗ Convergence validation FAILED

[3/3] Generating report...

✓ Report saved to /home/persist/neotec/0rigin/output/20251226_094816_scenario_2.5A_klein_gordon_comparison_v0.7/test_report.txt

===== Test Summary =====
✗ TESTS FAILED

Some validation criteria not met.
Check test report for details.
