[Logging] Console output for 128x128 v=0.3c writing to: /home/persist/neotec/0rigin/output/20251224_154620_scenario_2.6A_energy_momentum_relation_128x128_v0.3/console.log

--- Testing with N=1 ---
  Dirac initialization (grid-independent):
    Position: (50, 50) ℓ_P
    Width: 3 ℓ_P
    Grid coordinates: (64, 64) grid units
    Grid width: 3.84 grid units
  Using Dirac solver (spinor field) with boosted initialization
    Background R (expected): 1
[DiracEvolution] Initialized 128x128 4-component spinor field (particle, β=1)
[SMFT] Boosted Gaussian initialization:
  Position: (64, 64) grid units
  Width: σ = 3.84 grid units
  Velocity: v = (0.3, 0)c
  |v| = 0.3c
  Lorentz factor: γ = 1.04828
  Rest mass: m₀ = Δ·R = 1 × 1 = 1 m_P
  Momentum: p = (0.314485, 0) m_P·c
  |p| = 0.314485 m_P·c
  Pre-normalization: ∫|Ψ|² = 92.6492
  Normalization factor: 9.62545
[DiracEvolution] Initialized Gaussian wavepacket at (64, 64) with σ=3.84
  Final norm: ||Ψ||² = 1
  Initial position: <r> = (64, 64)
✓ Boosted Gaussian initialized
[SMFTEngine] Boosted Dirac field initialized: center=(64,64), sigma=3.84, boost=(0.3,0)c, norm=1, <r>=(64,64)
[DiracEvolution] Initialized 128x128 4-component spinor field (particle, β=1)
[SMFT] Boosted Gaussian initialization:
  Position: (64, 64) grid units
  Width: σ = 3.84 grid units
  Velocity: v = (0.3, 0)c
  |v| = 0.3c
  Lorentz factor: γ = 1.04828
  Rest mass: m₀ = Δ·R = 1 × 1 = 1 m_P
  Momentum: p = (0.314485, 0) m_P·c
  |p| = 0.314485 m_P·c
  Pre-normalization: ∫|Ψ|² = 92.6492
  Normalization factor: 9.62545
[DiracEvolution] Initialized Gaussian wavepacket at (64, 64) with σ=3.84
  Final norm: ||Ψ||² = 1
  Initial position: <r> = (64, 64)
✓ Boosted Gaussian initialized
  Initial energy E0 = 0.154978
  Initial norm = 1
  Step 0/10000 | R_avg = 0.999755 | norm = 1
  Step 100/10000 | R_avg = 0.999751 | norm = 0.999975
  Step 200/10000 | R_avg = 0.999748 | norm = 0.999948
  Step 300/10000 | R_avg = 0.999745 | norm = 0.99992
  Step 400/10000 | R_avg = 0.999753 | norm = 0.999891
  Step 500/10000 | R_avg = 0.99975 | norm = 0.999861
  Step 600/10000 | R_avg = 0.999745 | norm = 0.999831
  Step 700/10000 | R_avg = 0.999758 | norm = 0.999801
  Step 800/10000 | R_avg = 0.999752 | norm = 0.999769
  Step 900/10000 | R_avg = 0.999756 | norm = 0.999738
  Step 1000/10000 | R_avg = 0.999739 | norm = 0.999707
  Step 1100/10000 | R_avg = 0.999747 | norm = 0.999675
  Step 1200/10000 | R_avg = 0.999754 | norm = 0.999643
  Step 1300/10000 | R_avg = 0.999755 | norm = 0.999611
  Step 1400/10000 | R_avg = 0.999755 | norm = 0.999579
  Step 1500/10000 | R_avg = 0.999746 | norm = 0.999547
  Step 1600/10000 | R_avg = 0.999754 | norm = 0.999515
  Step 1700/10000 | R_avg = 0.999743 | norm = 0.999483
  Step 1800/10000 | R_avg = 0.999755 | norm = 0.99945
  Step 1900/10000 | R_avg = 0.999773 | norm = 0.999417
  Step 2000/10000 | R_avg = 0.999737 | norm = 0.999385
  Step 2100/10000 | R_avg = 0.999746 | norm = 0.999352
  Step 2200/10000 | R_avg = 0.999746 | norm = 0.999319
  Step 2300/10000 | R_avg = 0.999756 | norm = 0.999286
  Step 2400/10000 | R_avg = 0.999742 | norm = 0.999252
  Step 2500/10000 | R_avg = 0.999753 | norm = 0.999219
  Step 2600/10000 | R_avg = 0.999745 | norm = 0.999186
  Step 2700/10000 | R_avg = 0.999739 | norm = 0.999154
  Step 2800/10000 | R_avg = 0.999749 | norm = 0.999121
  Step 2900/10000 | R_avg = 0.999758 | norm = 0.999089
  Step 3000/10000 | R_avg = 0.999762 | norm = 0.999058
  Step 3100/10000 | R_avg = 0.999754 | norm = 0.999027
  Step 3200/10000 | R_avg = 0.99975 | norm = 0.998996
  Step 3300/10000 | R_avg = 0.999742 | norm = 0.998965
  Step 3400/10000 | R_avg = 0.999771 | norm = 0.998934
  Step 3500/10000 | R_avg = 0.99976 | norm = 0.998903
  Step 3600/10000 | R_avg = 0.999748 | norm = 0.998873
  Step 3700/10000 | R_avg = 0.999744 | norm = 0.998841
  Step 3800/10000 | R_avg = 0.99974 | norm = 0.99881
  Step 3900/10000 | R_avg = 0.999742 | norm = 0.998778
  Step 4000/10000 | R_avg = 0.999762 | norm = 0.998746
  Step 4100/10000 | R_avg = 0.999785 | norm = 0.998714
  Step 4200/10000 | R_avg = 0.999753 | norm = 0.998681
  Step 4300/10000 | R_avg = 0.999746 | norm = 0.998649
  Step 4400/10000 | R_avg = 0.999756 | norm = 0.998616
  Step 4500/10000 | R_avg = 0.999749 | norm = 0.998584
  Step 4600/10000 | R_avg = 0.99974 | norm = 0.998551
  Step 4700/10000 | R_avg = 0.999758 | norm = 0.998519
  Step 4800/10000 | R_avg = 0.999738 | norm = 0.998486
  Step 4900/10000 | R_avg = 0.999747 | norm = 0.998453
  Step 5000/10000 | R_avg = 0.999738 | norm = 0.998421
  Step 5100/10000 | R_avg = 0.99976 | norm = 0.998387
  Step 5200/10000 | R_avg = 0.999761 | norm = 0.998355
  Step 5300/10000 | R_avg = 0.999743 | norm = 0.998322
  Step 5400/10000 | R_avg = 0.999745 | norm = 0.998289
  Step 5500/10000 | R_avg = 0.999763 | norm = 0.998255
  Step 5600/10000 | R_avg = 0.999754 | norm = 0.998223
  Step 5700/10000 | R_avg = 0.999756 | norm = 0.99819
  Step 5800/10000 | R_avg = 0.999745 | norm = 0.998157
  Step 5900/10000 | R_avg = 0.999754 | norm = 0.998125
  Step 6000/10000 | R_avg = 0.99974 | norm = 0.998092
  Step 6100/10000 | R_avg = 0.99976 | norm = 0.99806
  Step 6200/10000 | R_avg = 0.999751 | norm = 0.998028
  Step 6300/10000 | R_avg = 0.999754 | norm = 0.997997
  Step 6400/10000 | R_avg = 0.999737 | norm = 0.997965
  Step 6500/10000 | R_avg = 0.999756 | norm = 0.997934
  Step 6600/10000 | R_avg = 0.999744 | norm = 0.997903
  Step 6700/10000 | R_avg = 0.999751 | norm = 0.997871
  Step 6800/10000 | R_avg = 0.999739 | norm = 0.99784
  Step 6900/10000 | R_avg = 0.999747 | norm = 0.997809
  Step 7000/10000 | R_avg = 0.999743 | norm = 0.997777
  Step 7100/10000 | R_avg = 0.999747 | norm = 0.997746
  Step 7200/10000 | R_avg = 0.999757 | norm = 0.997714
  Step 7300/10000 | R_avg = 0.999757 | norm = 0.997682
  Step 7400/10000 | R_avg = 0.999749 | norm = 0.997649
  Step 7500/10000 | R_avg = 0.999749 | norm = 0.997617
  Step 7600/10000 | R_avg = 0.999753 | norm = 0.997585
  Step 7700/10000 | R_avg = 0.999753 | norm = 0.997552
  Step 7800/10000 | R_avg = 0.99975 | norm = 0.99752
  Step 7900/10000 | R_avg = 0.999741 | norm = 0.997487
  Step 8000/10000 | R_avg = 0.999754 | norm = 0.997455
  Step 8100/10000 | R_avg = 0.999745 | norm = 0.997422
  Step 8200/10000 | R_avg = 0.99974 | norm = 0.99739
  Step 8300/10000 | R_avg = 0.99974 | norm = 0.997357
  Step 8400/10000 | R_avg = 0.999741 | norm = 0.997325
  Step 8500/10000 | R_avg = 0.999742 | norm = 0.997292
  Step 8600/10000 | R_avg = 0.999736 | norm = 0.99726
  Step 8700/10000 | R_avg = 0.999761 | norm = 0.997227
  Step 8800/10000 | R_avg = 0.999744 | norm = 0.997195
  Step 8900/10000 | R_avg = 0.999737 | norm = 0.997162
  Step 9000/10000 | R_avg = 0.999749 | norm = 0.997129
  Step 9100/10000 | R_avg = 0.999754 | norm = 0.997097
  Step 9200/10000 | R_avg = 0.999744 | norm = 0.997065
  Step 9300/10000 | R_avg = 0.999747 | norm = 0.997032
  Step 9400/10000 | R_avg = 0.999737 | norm = 0.997
  Step 9500/10000 | R_avg = 0.999747 | norm = 0.996969
  Step 9600/10000 | R_avg = 0.999769 | norm = 0.996937
  Step 9700/10000 | R_avg = 0.99974 | norm = 0.996906
  Step 9800/10000 | R_avg = 0.999745 | norm = 0.996875
  Step 9900/10000 | R_avg = 0.999743 | norm = 0.996844

===== Global Validation =====
✓ Global validation PASSED
  ✓ Probability Conservation: ||ψ||² = 0.996813 (drift: 0.318787% from initial 1) ✓ PASS
  ✓ Energy Conservation: E_total = 1.15053 (drift: 0.298433% from initial 1.15398) ✓ PASS
  ✓ Order Parameter Bounds: R ∈ [0, 0] ✓ PASS (within [0,1])
  ✓ Causality: v = |p|/E = 0.263024 (c = 1) ✓ PASS (v ≤ c)
  ✓ Numerical Stability: All fields finite ✓ PASS
  Norm validation: max_error = 0.003187 ✓ PASS
  Energy validation: max_drift = 0.00298433 ✓ PASS
  Saved observables to /home/persist/neotec/0rigin/output/20251224_154620_scenario_2.6A_energy_momentum_relation_128x128_v0.3/N_1/observables.csv

--- Testing with N=10 ---
  Dirac initialization (grid-independent):
    Position: (50, 50) ℓ_P
    Width: 3 ℓ_P
    Grid coordinates: (64, 64) grid units
    Grid width: 3.84 grid units
  Using Dirac solver (spinor field) with boosted initialization
    Background R (expected): 1
[SMFT] Boosted Gaussian initialization:
  Position: (64, 64) grid units
  Width: σ = 3.84 grid units
  Velocity: v = (0.3, 0)c
  |v| = 0.3c
  Lorentz factor: γ = 1.04828
  Rest mass: m₀ = Δ·R = 1 × 1 = 1 m_P
  Momentum: p = (0.314485, 0) m_P·c
  |p| = 0.314485 m_P·c
  Pre-normalization: ∫|Ψ|² = 92.6492
  Normalization factor: 9.62545
[DiracEvolution] Initialized Gaussian wavepacket at (64, 64) with σ=3.84
  Final norm: ||Ψ||² = 1
  Initial position: <r> = (64, 64)
✓ Boosted Gaussian initialized
[SMFTEngine] Boosted Dirac field initialized: center=(64,64), sigma=3.84, boost=(0.3,0)c, norm=1, <r>=(64,64)
[DiracEvolution] Initialized 128x128 4-component spinor field (particle, β=1)
[SMFT] Boosted Gaussian initialization:
  Position: (64, 64) grid units
  Width: σ = 3.84 grid units
  Velocity: v = (0.3, 0)c
  |v| = 0.3c
  Lorentz factor: γ = 1.04828
  Rest mass: m₀ = Δ·R = 1 × 1 = 1 m_P
  Momentum: p = (0.314485, 0) m_P·c
  |p| = 0.314485 m_P·c
  Pre-normalization: ∫|Ψ|² = 92.6492
  Normalization factor: 9.62545
[DiracEvolution] Initialized Gaussian wavepacket at (64, 64) with σ=3.84
  Final norm: ||Ψ||² = 1
  Initial position: <r> = (64, 64)
✓ Boosted Gaussian initialized
  Initial energy E0 = 1.15386
  Initial norm = 1
  Step 0/10000 | R_avg = 0.999755 | norm = 1
  Step 100/10000 | R_avg = 0.999744 | norm = 0.999975
  Step 200/10000 | R_avg = 0.999752 | norm = 0.999948
  Step 300/10000 | R_avg = 0.999743 | norm = 0.99992
  Step 400/10000 | R_avg = 0.999742 | norm = 0.999891
  Step 500/10000 | R_avg = 0.999755 | norm = 0.999861
  Step 600/10000 | R_avg = 0.99974 | norm = 0.999831
  Step 700/10000 | R_avg = 0.999746 | norm = 0.9998
  Step 800/10000 | R_avg = 0.999751 | norm = 0.999769
  Step 900/10000 | R_avg = 0.999746 | norm = 0.999738
  Step 1000/10000 | R_avg = 0.999783 | norm = 0.999706
  Step 1100/10000 | R_avg = 0.999749 | norm = 0.999674
  Step 1200/10000 | R_avg = 0.999743 | norm = 0.999642
  Step 1300/10000 | R_avg = 0.999737 | norm = 0.99961
  Step 1400/10000 | R_avg = 0.999752 | norm = 0.999578
  Step 1500/10000 | R_avg = 0.999732 | norm = 0.999546
  Step 1600/10000 | R_avg = 0.999736 | norm = 0.999514
  Step 1700/10000 | R_avg = 0.999751 | norm = 0.999482
  Step 1800/10000 | R_avg = 0.999751 | norm = 0.999449
  Step 1900/10000 | R_avg = 0.999747 | norm = 0.999417
  Step 2000/10000 | R_avg = 0.999738 | norm = 0.999385
  Step 2100/10000 | R_avg = 0.999743 | norm = 0.999352
  Step 2200/10000 | R_avg = 0.999743 | norm = 0.999319
  Step 2300/10000 | R_avg = 0.999754 | norm = 0.999286
  Step 2400/10000 | R_avg = 0.999749 | norm = 0.999252
  Step 2500/10000 | R_avg = 0.999748 | norm = 0.999219
  Step 2600/10000 | R_avg = 0.999737 | norm = 0.999186
  Step 2700/10000 | R_avg = 0.999744 | norm = 0.999154
  Step 2800/10000 | R_avg = 0.999744 | norm = 0.999121
  Step 2900/10000 | R_avg = 0.99973 | norm = 0.999089
  Step 3000/10000 | R_avg = 0.999743 | norm = 0.999057
  Step 3100/10000 | R_avg = 0.999728 | norm = 0.999026
  Step 3200/10000 | R_avg = 0.999742 | norm = 0.998995
  Step 3300/10000 | R_avg = 0.999741 | norm = 0.998964
  Step 3400/10000 | R_avg = 0.999734 | norm = 0.998933
  Step 3500/10000 | R_avg = 0.999738 | norm = 0.998902
  Step 3600/10000 | R_avg = 0.999745 | norm = 0.998871
  Step 3700/10000 | R_avg = 0.999739 | norm = 0.99884
  Step 3800/10000 | R_avg = 0.999718 | norm = 0.998809
  Step 3900/10000 | R_avg = 0.999725 | norm = 0.998777
  Step 4000/10000 | R_avg = 0.999736 | norm = 0.998745
  Step 4100/10000 | R_avg = 0.999777 | norm = 0.998713
  Step 4200/10000 | R_avg = 0.999738 | norm = 0.998681
  Step 4300/10000 | R_avg = 0.999744 | norm = 0.998649
  Step 4400/10000 | R_avg = 0.999745 | norm = 0.998616
  Step 4500/10000 | R_avg = 0.999748 | norm = 0.998584
  Step 4600/10000 | R_avg = 0.999735 | norm = 0.998551
  Step 4700/10000 | R_avg = 0.999734 | norm = 0.998518
  Step 4800/10000 | R_avg = 0.999742 | norm = 0.998485
  Step 4900/10000 | R_avg = 0.99974 | norm = 0.998453
  Step 5000/10000 | R_avg = 0.999726 | norm = 0.99842
  Step 5100/10000 | R_avg = 0.999738 | norm = 0.998387
  Step 5200/10000 | R_avg = 0.999747 | norm = 0.998355
  Step 5300/10000 | R_avg = 0.999727 | norm = 0.998321
  Step 5400/10000 | R_avg = 0.999736 | norm = 0.998288
  Step 5500/10000 | R_avg = 0.999739 | norm = 0.998255
  Step 5600/10000 | R_avg = 0.999739 | norm = 0.998222
  Step 5700/10000 | R_avg = 0.999736 | norm = 0.998189
  Step 5800/10000 | R_avg = 0.999736 | norm = 0.998157
  Step 5900/10000 | R_avg = 0.99974 | norm = 0.998124
  Step 6000/10000 | R_avg = 0.999742 | norm = 0.998091
  Step 6100/10000 | R_avg = 0.99974 | norm = 0.998059
  Step 6200/10000 | R_avg = 0.999779 | norm = 0.998027
  Step 6300/10000 | R_avg = 0.999741 | norm = 0.997996
  Step 6400/10000 | R_avg = 0.999736 | norm = 0.997965
  Step 6500/10000 | R_avg = 0.999722 | norm = 0.997933
  Step 6600/10000 | R_avg = 0.999746 | norm = 0.997902
  Step 6700/10000 | R_avg = 0.999735 | norm = 0.997871
  Step 6800/10000 | R_avg = 0.999763 | norm = 0.997839
  Step 6900/10000 | R_avg = 0.99975 | norm = 0.997808
  Step 7000/10000 | R_avg = 0.999756 | norm = 0.997777
  Step 7100/10000 | R_avg = 0.999752 | norm = 0.997745
  Step 7200/10000 | R_avg = 0.999754 | norm = 0.997713
  Step 7300/10000 | R_avg = 0.999753 | norm = 0.997681
  Step 7400/10000 | R_avg = 0.999775 | norm = 0.997649
  Step 7500/10000 | R_avg = 0.999746 | norm = 0.997617
  Step 7600/10000 | R_avg = 0.999753 | norm = 0.997585
  Step 7700/10000 | R_avg = 0.99973 | norm = 0.997552
  Step 7800/10000 | R_avg = 0.99975 | norm = 0.997519
  Step 7900/10000 | R_avg = 0.99974 | norm = 0.997487
  Step 8000/10000 | R_avg = 0.999755 | norm = 0.997454
  Step 8100/10000 | R_avg = 0.999766 | norm = 0.997422
  Step 8200/10000 | R_avg = 0.999782 | norm = 0.99739
  Step 8300/10000 | R_avg = 0.99977 | norm = 0.997357
  Step 8400/10000 | R_avg = 0.999825 | norm = 0.997325
  Step 8500/10000 | R_avg = 0.999755 | norm = 0.997292
  Step 8600/10000 | R_avg = 0.999784 | norm = 0.99726
  Step 8700/10000 | R_avg = 0.999744 | norm = 0.997227
  Step 8800/10000 | R_avg = 0.999747 | norm = 0.997194
  Step 8900/10000 | R_avg = 0.999757 | norm = 0.997162
  Step 9000/10000 | R_avg = 0.999764 | norm = 0.997129
  Step 9100/10000 | R_avg = 0.999771 | norm = 0.997097
  Step 9200/10000 | R_avg = 0.999832 | norm = 0.997064
  Step 9300/10000 | R_avg = 0.999764 | norm = 0.997032
  Step 9400/10000 | R_avg = 0.999745 | norm = 0.997
  Step 9500/10000 | R_avg = 0.999748 | norm = 0.996968
  Step 9600/10000 | R_avg = 0.999751 | norm = 0.996936
  Step 9700/10000 | R_avg = 0.999754 | norm = 0.996905
  Step 9800/10000 | R_avg = 0.999737 | norm = 0.996874
  Step 9900/10000 | R_avg = 0.999752 | norm = 0.996843

===== Global Validation =====
✓ Global validation PASSED
  ✓ Probability Conservation: ||ψ||² = 0.996812 (drift: 0.318895% from initial 1) ✓ PASS
  ✓ Energy Conservation: E_total = 1.15046 (drift: 0.245443% from initial 1.15329) ✓ PASS
  ✓ Order Parameter Bounds: R ∈ [0.953518, 1] ✓ PASS (within [0,1])
  ✓ Causality: v = |p|/E = 0.262919 (c = 1) ✓ PASS (v ≤ c)
  ✓ Numerical Stability: All fields finite ✓ PASS
  Norm validation: max_error = 0.00318807 ✓ PASS
  Energy validation: max_drift = 0.00256315 ✓ PASS
  Saved observables to /home/persist/neotec/0rigin/output/20251224_154620_scenario_2.6A_energy_momentum_relation_128x128_v0.3/N_10/observables.csv

--- Testing with N=100 ---
  Dirac initialization (grid-independent):
    Position: (50, 50) ℓ_P
    Width: 3 ℓ_P
    Grid coordinates: (64, 64) grid units
    Grid width: 3.84 grid units
  Using Dirac solver (spinor field) with boosted initialization
    Background R (expected): 1
[SMFT] Boosted Gaussian initialization:
  Position: (64, 64) grid units
  Width: σ = 3.84 grid units
  Velocity: v = (0.3, 0)c
  |v| = 0.3c
  Lorentz factor: γ = 1.04828
  Rest mass: m₀ = Δ·R = 1 × 1 = 1 m_P
  Momentum: p = (0.314485, 0) m_P·c
  |p| = 0.314485 m_P·c
  Pre-normalization: ∫|Ψ|² = 92.6492
  Normalization factor: 9.62545
[DiracEvolution] Initialized Gaussian wavepacket at (64, 64) with σ=3.84
  Final norm: ||Ψ||² = 1
  Initial position: <r> = (64, 64)
✓ Boosted Gaussian initialized
[SMFTEngine] Boosted Dirac field initialized: center=(64,64), sigma=3.84, boost=(0.3,0)c, norm=1, <r>=(64,64)
[DiracEvolution] Initialized 128x128 4-component spinor field (particle, β=1)
[SMFT] Boosted Gaussian initialization:
  Position: (64, 64) grid units
  Width: σ = 3.84 grid units
  Velocity: v = (0.3, 0)c
  |v| = 0.3c
  Lorentz factor: γ = 1.04828
  Rest mass: m₀ = Δ·R = 1 × 1 = 1 m_P
  Momentum: p = (0.314485, 0) m_P·c
  |p| = 0.314485 m_P·c
  Pre-normalization: ∫|Ψ|² = 92.6492
  Normalization factor: 9.62545
[DiracEvolution] Initialized Gaussian wavepacket at (64, 64) with σ=3.84
  Final norm: ||Ψ||² = 1
  Initial position: <r> = (64, 64)
✓ Boosted Gaussian initialized
  Initial energy E0 = 1.15399
  Initial norm = 1
  Step 0/10000 | R_avg = 0.99974 | norm = 1
  Step 100/10000 | R_avg = 0.999884 | norm = 0.999975
  Step 200/10000 | R_avg = 0.999742 | norm = 0.999948
  Step 300/10000 | R_avg = 0.999748 | norm = 0.99992
  Step 400/10000 | R_avg = 0.999758 | norm = 0.999891
  Step 500/10000 | R_avg = 0.999759 | norm = 0.999862
  Step 600/10000 | R_avg = 0.99976 | norm = 0.999832
  Step 700/10000 | R_avg = 0.999756 | norm = 0.999801
  Step 800/10000 | R_avg = 0.999764 | norm = 0.999769
  Step 900/10000 | R_avg = 0.999755 | norm = 0.999738
  Step 1000/10000 | R_avg = 0.999758 | norm = 0.999707
  Step 1100/10000 | R_avg = 0.999769 | norm = 0.999675
  Step 1200/10000 | R_avg = 0.999775 | norm = 0.999643
  Step 1300/10000 | R_avg = 0.999745 | norm = 0.999611
  Step 1400/10000 | R_avg = 0.999751 | norm = 0.999579
  Step 1500/10000 | R_avg = 0.999777 | norm = 0.999547
  Step 1600/10000 | R_avg = 0.999793 | norm = 0.999515
  Step 1700/10000 | R_avg = 0.999745 | norm = 0.999483
  Step 1800/10000 | R_avg = 0.999755 | norm = 0.99945
  Step 1900/10000 | R_avg = 0.999753 | norm = 0.999418
  Step 2000/10000 | R_avg = 0.999766 | norm = 0.999385
  Step 2100/10000 | R_avg = 0.99975 | norm = 0.999353
  Step 2200/10000 | R_avg = 0.999763 | norm = 0.99932
  Step 2300/10000 | R_avg = 0.999771 | norm = 0.999287
  Step 2400/10000 | R_avg = 0.999763 | norm = 0.999253
  Step 2500/10000 | R_avg = 0.99975 | norm = 0.99922
  Step 2600/10000 | R_avg = 0.999765 | norm = 0.999187
  Step 2700/10000 | R_avg = 0.999753 | norm = 0.999155
  Step 2800/10000 | R_avg = 0.999758 | norm = 0.999122
  Step 2900/10000 | R_avg = 0.999755 | norm = 0.99909
  Step 3000/10000 | R_avg = 0.999767 | norm = 0.999059
  Step 3100/10000 | R_avg = 0.999749 | norm = 0.999027
  Step 3200/10000 | R_avg = 0.999748 | norm = 0.998997
  Step 3300/10000 | R_avg = 0.999776 | norm = 0.998966
  Step 3400/10000 | R_avg = 0.999752 | norm = 0.998935
  Step 3500/10000 | R_avg = 0.999752 | norm = 0.998904
  Step 3600/10000 | R_avg = 0.999764 | norm = 0.998873
  Step 3700/10000 | R_avg = 0.999754 | norm = 0.998842
  Step 3800/10000 | R_avg = 0.99976 | norm = 0.998811
  Step 3900/10000 | R_avg = 0.999756 | norm = 0.998779
  Step 4000/10000 | R_avg = 0.999748 | norm = 0.998747
  Step 4100/10000 | R_avg = 0.999756 | norm = 0.998715
  Step 4200/10000 | R_avg = 0.999752 | norm = 0.998683
  Step 4300/10000 | R_avg = 0.999755 | norm = 0.99865
  Step 4400/10000 | R_avg = 0.999795 | norm = 0.998618
  Step 4500/10000 | R_avg = 0.99976 | norm = 0.998585
  Step 4600/10000 | R_avg = 0.999755 | norm = 0.998553
  Step 4700/10000 | R_avg = 0.999752 | norm = 0.99852
  Step 4800/10000 | R_avg = 0.999766 | norm = 0.998487
  Step 4900/10000 | R_avg = 0.999755 | norm = 0.998454
  Step 5000/10000 | R_avg = 0.999753 | norm = 0.998422
  Step 5100/10000 | R_avg = 0.999763 | norm = 0.998389
  Step 5200/10000 | R_avg = 0.99977 | norm = 0.998356
  Step 5300/10000 | R_avg = 0.999749 | norm = 0.998323
  Step 5400/10000 | R_avg = 0.999762 | norm = 0.99829
  Step 5500/10000 | R_avg = 0.999767 | norm = 0.998257
  Step 5600/10000 | R_avg = 0.999744 | norm = 0.998224
  Step 5700/10000 | R_avg = 0.999749 | norm = 0.998191
  Step 5800/10000 | R_avg = 0.999762 | norm = 0.998158
  Step 5900/10000 | R_avg = 0.999765 | norm = 0.998125
  Step 6000/10000 | R_avg = 0.999755 | norm = 0.998093
  Step 6100/10000 | R_avg = 0.999802 | norm = 0.998061
  Step 6200/10000 | R_avg = 0.999754 | norm = 0.998029
  Step 6300/10000 | R_avg = 0.999765 | norm = 0.997998
  Step 6400/10000 | R_avg = 0.999759 | norm = 0.997967
  Step 6500/10000 | R_avg = 0.999735 | norm = 0.997935
  Step 6600/10000 | R_avg = 0.999867 | norm = 0.997904
  Step 6700/10000 | R_avg = 0.999806 | norm = 0.997873
  Step 6800/10000 | R_avg = 0.999747 | norm = 0.997841
  Step 6900/10000 | R_avg = 0.999731 | norm = 0.997811
  Step 7000/10000 | R_avg = 0.999767 | norm = 0.997779
  Step 7100/10000 | R_avg = 0.99974 | norm = 0.997747
  Step 7200/10000 | R_avg = 0.999746 | norm = 0.997715
  Step 7300/10000 | R_avg = 0.999748 | norm = 0.997683
  Step 7400/10000 | R_avg = 0.999738 | norm = 0.997651
  Step 7500/10000 | R_avg = 0.999747 | norm = 0.997619
  Step 7600/10000 | R_avg = 0.999737 | norm = 0.997587
  Step 7700/10000 | R_avg = 0.999753 | norm = 0.997554
  Step 7800/10000 | R_avg = 0.999747 | norm = 0.997521
  Step 7900/10000 | R_avg = 0.999755 | norm = 0.997489
  Step 8000/10000 | R_avg = 0.999744 | norm = 0.997456
  Step 8100/10000 | R_avg = 0.999749 | norm = 0.997424
  Step 8200/10000 | R_avg = 0.999753 | norm = 0.997392
  Step 8300/10000 | R_avg = 0.99975 | norm = 0.997359
  Step 8400/10000 | R_avg = 0.999744 | norm = 0.997327
  Step 8500/10000 | R_avg = 0.999734 | norm = 0.997294
  Step 8600/10000 | R_avg = 0.999749 | norm = 0.997262
  Step 8700/10000 | R_avg = 0.99975 | norm = 0.997229
  Step 8800/10000 | R_avg = 0.999752 | norm = 0.997196
  Step 8900/10000 | R_avg = 0.99973 | norm = 0.997164
  Step 9000/10000 | R_avg = 0.999745 | norm = 0.997131
  Step 9100/10000 | R_avg = 0.999777 | norm = 0.997099
  Step 9200/10000 | R_avg = 0.999723 | norm = 0.997066
  Step 9300/10000 | R_avg = 0.999733 | norm = 0.997034
  Step 9400/10000 | R_avg = 0.999748 | norm = 0.997002
  Step 9500/10000 | R_avg = 0.999749 | norm = 0.996971
  Step 9600/10000 | R_avg = 0.999751 | norm = 0.996939
  Step 9700/10000 | R_avg = 0.999748 | norm = 0.996908
  Step 9800/10000 | R_avg = 0.999734 | norm = 0.996877
  Step 9900/10000 | R_avg = 0.999753 | norm = 0.996846

===== Global Validation =====
✓ Global validation PASSED
  ✓ Probability Conservation: ||ψ||² = 0.996815 (drift: 0.318625% from initial 1) ✓ PASS
  ✓ Energy Conservation: E_total = 1.1505 (drift: 0.300784% from initial 1.15398) ✓ PASS
  ✓ Order Parameter Bounds: R ∈ [0.953519, 1] ✓ PASS (within [0,1])
  ✓ Causality: v = |p|/E = 0.262969 (c = 1) ✓ PASS (v ≤ c)
  ✓ Numerical Stability: All fields finite ✓ PASS
  Norm validation: max_error = 0.00318536 ✓ PASS
  Energy validation: max_drift = 0.00307202 ✓ PASS
  Saved observables to /home/persist/neotec/0rigin/output/20251224_154620_scenario_2.6A_energy_momentum_relation_128x128_v0.3/N_100/observables.csv

--- Validating Convergence ---
✓ Convergence validation PASSED

========================================
Grid: 128×128 | Velocity: v=0.4c
========================================

Initializing engine for 128×128 grid, velocity v=0.4c...
[SMFTEngine] Resources cleanup delegated to component managers

[SMFTEngine] Physical Interpretation:
  Vacuum potential Δ = 1 (Planck mass in natural units)
  Synchronization field R(x) → Emergent spacetime metric
  Mass field m(x) = Δ·R(x) → Local energy density
  ∇R(x) → Gravitational field (not separate force)
  Grid: 128 x 128 oscillators

[SMFTEngine] Created GPU buffers for 128x128 grid
  Phase buffers: 65536 bytes each
  Spinor buffer: 524288 bytes
  Accumulator buffers: 65536 bytes each (operator splitting)
[SMFTEngine] Created compute pipelines
  ✓ Kuramoto pipeline
  ✓ Sync field pipeline
  ✓ Gravity field pipeline
  ✓ Stochastic Kuramoto pipeline
  ✓ Stochastic Dirac pipeline
  ✓ Accumulation pipeline (operator splitting)
Created experiment directory: /home/persist/neotec/0rigin/output/20251224_160420_scenario_2.6A_energy_momentum_relation_128x128_v0.4
[OutputManager] Created timestamped directory: /home/persist/neotec/0rigin/output/20251224_160420_scenario_2.6A_energy_momentum_relation_128x128_v0.4
