[Logging] Console output for 128x128 writing to: /home/persist/neotec/0rigin/output/20251226_094618_scenario_2.5A_klein_gordon_comparison_v0.7/console.log

--- Testing with N=10 ---
[DEBUG] solver_type = 'klein_gordon', use_klein_gordon = 1
  Dirac initialization (grid-independent):
    Position: (50, 50) ℓ_P
    Width: 3 ℓ_P
    Grid coordinates: (64, 64) grid units
    Grid width: 3.84 grid units
  Using Klein-Gordon solver (scalar field) with boosted initialization
    Background R (expected): 1
[KleinGordonEvolution] Initialized 128x128 scalar field
[SMFT] Boosted Gaussian initialization (Klein-Gordon):
  Position: (64, 64) grid units
  Width: σ = 3.84 grid units
  Velocity: v = (0.7, 0)c
  |v| = 0.7c
  Lorentz factor: γ = 1.40028
  Rest mass: m₀ = Δ·R = 1 × 1 = 1 m_P
  Momentum: p = (0.980196, 0) m_P·c
  |p| = 0.980196 m_P·c
  Energy: ω = 1.40028 m_P·c²
[KleinGordonEvolution] Initialized Gaussian wavepacket at (64, 64) with σ=3.84
  Final norm: ||φ||² = 1
  Initial position: <r> = (64, 64)
✓ Boosted Gaussian initialized (Klein-Gordon)
[SMFTEngine] Boosted Klein-Gordon field initialized: center=(64,64), sigma=3.84, boost=(0.7,0)c, norm=1, <r>=(64,64)
[DiracEvolution] Initialized 128x128 4-component spinor field (particle, β=1)
[DEBUG] Computing Klein-Gordon initial observables...
[DEBUG KG Native] E_native = 3.98939, KE_native = 2.98939, PE_native = 1
[DEBUG KE_KG] Nx=128, Ny=128, dx=1, T=1.96079, sample phi_dot[0]=(0,0)
[DEBUG PE_KG] Starting computation: Nx=128, Ny=128, sample phi[0]=(0,0)
[DEBUG ObsComputer] E0 = 3.67103, KE = 1.96079, PE = 1.71024
  Initial energy E0 = 3.67103
  Initial norm = 1
[stepWithDirac] Strang splitting enabled:
  substep_ratio=10
  substep_dt=0.001
  half_substeps=5
  remaining_substeps=5
[KG Step 0] norm: before=1, after K/2=1.00002, after M=1.00021, after K/2=1.00038
  Saved spatial snapshot at t = 0 (step 0)
[DEBUG KE_KG] Nx=128, Ny=128, dx=1, T=1.96042, sample phi_dot[0]=(9.94547e-11,-7.10445e-09)
[DEBUG PE_KG] Starting computation: Nx=128, Ny=128, sample phi[0]=(-1.78555e-09,9.69483e-09)
  Step 0/5000 | R_avg = 0.999547 | norm = 1.00038
[KG Step 1] norm: before=1.00038, after K/2=1.00059, after M=1.00116, after K/2=1.00152
[KG Step 2] norm: before=1.00152, after K/2=1.00192, after M=1.00286, after K/2=1.00341
[KG Step 3] norm: before=1.00341, after K/2=1.004, after M=1.00532, after K/2=1.00605
[KG Step 4] norm: before=1.00605, after K/2=1.00683, after M=1.00853, after K/2=1.00945
[DEBUG KE_KG] Nx=128, Ny=128, dx=1, T=1.28868, sample phi_dot[0]=(2.83478e-09,-1.25123e-07)
[DEBUG PE_KG] Starting computation: Nx=128, Ny=128, sample phi[0]=(-3.17996e-08,5.15465e-07)
[DEBUG KE_KG] Nx=128, Ny=128, dx=1, T=1.18773, sample phi_dot[0]=(-1.35478e-08,-4.63405e-07)
[DEBUG PE_KG] Starting computation: Nx=128, Ny=128, sample phi[0]=(3.00463e-08,9.12723e-07)
[DEBUG KE_KG] Nx=128, Ny=128, dx=1, T=1.87846, sample phi_dot[0]=(-9.85709e-08,-9.93144e-07)
[DEBUG PE_KG] Starting computation: Nx=128, Ny=128, sample phi[0]=(3.20003e-07,8.59074e-07)
[DEBUG KE_KG] Nx=128, Ny=128, dx=1, T=1.46732, sample phi_dot[0]=(-3.08267e-07,-1.25999e-06)
[DEBUG PE_KG] Starting computation: Nx=128, Ny=128, sample phi[0]=(7.08863e-07,-8.54776e-08)
[DEBUG KE_KG] Nx=128, Ny=128, dx=1, T=1.18946, sample phi_dot[0]=(-7.03376e-07,-7.81103e-07)
[DEBUG PE_KG] Starting computation: Nx=128, Ny=128, sample phi[0]=(8.24366e-07,-1.71702e-06)
[DEBUG KE_KG] Nx=128, Ny=128, dx=1, T=1.69015, sample phi_dot[0]=(-1.00779e-06,4.86526e-07)
[DEBUG PE_KG] Starting computation: Nx=128, Ny=128, sample phi[0]=(1.32577e-07,-3.14012e-06)
[DEBUG KE_KG] Nx=128, Ny=128, dx=1, T=1.57345, sample phi_dot[0]=(-8.14239e-07,2.05991e-06)
[DEBUG PE_KG] Starting computation: Nx=128, Ny=128, sample phi[0]=(-1.14193e-06,-3.11048e-06)
[DEBUG KE_KG] Nx=128, Ny=128, dx=1, T=1.30159, sample phi_dot[0]=(-4.02395e-09,3.16479e-06)
[DEBUG PE_KG] Starting computation: Nx=128, Ny=128, sample phi[0]=(-2.18505e-06,-1.18039e-06)
[DEBUG KE_KG] Nx=128, Ny=128, dx=1, T=1.53257, sample phi_dot[0]=(1.1876e-06,3.09481e-06)
[DEBUG PE_KG] Starting computation: Nx=128, Ny=128, sample phi[0]=(-2.12729e-06,2.04014e-06)
[KG Step 500] norm: before=1.38401, after K/2=1.38453, after M=1.38561, after K/2=1.38616
[DEBUG KE_KG] Nx=128, Ny=128, dx=1, T=1.57238, sample phi_dot[0]=(1.97034e-06,1.26624e-06)
[DEBUG PE_KG] Starting computation: Nx=128, Ny=128, sample phi[0]=(-7.90267e-07,4.9621e-06)
  Step 500/5000 | R_avg = 0.99971 | norm = 1.38616
[DEBUG KE_KG] Nx=128, Ny=128, dx=1, T=1.42045, sample phi_dot[0]=(1.95521e-06,-1.5585e-06)
[DEBUG PE_KG] Starting computation: Nx=128, Ny=128, sample phi[0]=(1.27138e-06,5.82053e-06)
[DEBUG KE_KG] Nx=128, Ny=128, dx=1, T=1.47032, sample phi_dot[0]=(8.39607e-07,-4.08693e-06)
[DEBUG PE_KG] Starting computation: Nx=128, Ny=128, sample phi[0]=(2.98816e-06,3.94617e-06)
[DEBUG KE_KG] Nx=128, Ny=128, dx=1, T=1.52554, sample phi_dot[0]=(-9.20707e-07,-5.20352e-06)
[DEBUG PE_KG] Starting computation: Nx=128, Ny=128, sample phi[0]=(3.29646e-06,-2.30778e-08)
[DEBUG KE_KG] Nx=128, Ny=128, dx=1, T=1.48019, sample phi_dot[0]=(-2.29636e-06,-3.97978e-06)
[DEBUG PE_KG] Starting computation: Nx=128, Ny=128, sample phi[0]=(2.00703e-06,-4.22701e-06)
[DEBUG KE_KG] Nx=128, Ny=128, dx=1, T=1.47119, sample phi_dot[0]=(-2.70837e-06,-1.0806e-06)
[DEBUG PE_KG] Starting computation: Nx=128, Ny=128, sample phi[0]=(-1.8837e-07,-6.59776e-06)
[DEBUG KE_KG] Nx=128, Ny=128, dx=1, T=1.49306, sample phi_dot[0]=(-1.95433e-06,2.04243e-06)
[DEBUG PE_KG] Starting computation: Nx=128, Ny=128, sample phi[0]=(-2.29443e-06,-6.28466e-06)
[DEBUG KE_KG] Nx=128, Ny=128, dx=1, T=1.49093, sample phi_dot[0]=(-5.51427e-07,4.41209e-06)
[DEBUG PE_KG] Starting computation: Nx=128, Ny=128, sample phi[0]=(-3.40595e-06,-3.55546e-06)
[DEBUG KE_KG] Nx=128, Ny=128, dx=1, T=1.48307, sample phi_dot[0]=(1.11615e-06,5.34115e-06)
[DEBUG PE_KG] Starting computation: Nx=128, Ny=128, sample phi[0]=(-3.1712e-06,6.16783e-07)
[DEBUG KE_KG] Nx=128, Ny=128, dx=1, T=1.48506, sample phi_dot[0]=(2.26272e-06,4.06846e-06)
[DEBUG PE_KG] Starting computation: Nx=128, Ny=128, sample phi[0]=(-1.63084e-06,4.53237e-06)
[KG Step 1000] norm: before=1.49847, after K/2=1.49846, after M=1.49843, after K/2=1.49842
  Saved spatial snapshot at t = 10 (step 1000)
[DEBUG KE_KG] Nx=128, Ny=128, dx=1, T=1.48751, sample phi_dot[0]=(2.54643e-06,1.33031e-06)
[DEBUG PE_KG] Starting computation: Nx=128, Ny=128, sample phi[0]=(4.86356e-07,6.4556e-06)
  Step 1000/5000 | R_avg = 0.999712 | norm = 1.49842
[DEBUG KE_KG] Nx=128, Ny=128, dx=1, T=1.48672, sample phi_dot[0]=(1.87494e-06,-1.75869e-06)
[DEBUG PE_KG] Starting computation: Nx=128, Ny=128, sample phi[0]=(2.36259e-06,5.69221e-06)
[DEBUG KE_KG] Nx=128, Ny=128, dx=1, T=1.48588, sample phi_dot[0]=(6.05816e-07,-4.07133e-06)
[DEBUG PE_KG] Starting computation: Nx=128, Ny=128, sample phi[0]=(3.21932e-06,2.5565e-06)
[DEBUG KE_KG] Nx=128, Ny=128, dx=1, T=1.48614, sample phi_dot[0]=(-9.46266e-07,-4.57148e-06)
[DEBUG PE_KG] Starting computation: Nx=128, Ny=128, sample phi[0]=(2.70709e-06,-1.43599e-06)
[DEBUG KE_KG] Nx=128, Ny=128, dx=1, T=1.48638, sample phi_dot[0]=(-2.14078e-06,-3.01435e-06)
[DEBUG PE_KG] Starting computation: Nx=128, Ny=128, sample phi[0]=(9.63661e-07,-4.34913e-06)
[DEBUG KE_KG] Nx=128, Ny=128, dx=1, T=1.48631, sample phi_dot[0]=(-2.21975e-06,-3.83523e-07)
[DEBUG PE_KG] Starting computation: Nx=128, Ny=128, sample phi[0]=(-1.11168e-06,-4.76014e-06)
[DEBUG KE_KG] Nx=128, Ny=128, dx=1, T=1.48629, sample phi_dot[0]=(-1.10745e-06,1.96296e-06)
[DEBUG PE_KG] Starting computation: Nx=128, Ny=128, sample phi[0]=(-2.26472e-06,-2.77669e-06)
[DEBUG KE_KG] Nx=128, Ny=128, dx=1, T=1.48629, sample phi_dot[0]=(1.00931e-07,2.52776e-06)
[DEBUG PE_KG] Starting computation: Nx=128, Ny=128, sample phi[0]=(-2.05548e-06,1.30726e-07)
[DEBUG KE_KG] Nx=128, Ny=128, dx=1, T=1.48593, sample phi_dot[0]=(1.06269e-06,1.51002e-06)
[DEBUG PE_KG] Starting computation: Nx=128, Ny=128, sample phi[0]=(-9.03739e-07,1.98144e-06)
[DEBUG KE_KG] Nx=128, Ny=128, dx=1, T=1.48626, sample phi_dot[0]=(1.06385e-06,2.28845e-07)
[DEBUG PE_KG] Starting computation: Nx=128, Ny=128, sample phi[0]=(3.72993e-07,2.09823e-06)
[KG Step 1500] norm: before=1.49874, after K/2=1.49875, after M=1.49875, after K/2=1.49875
[DEBUG KE_KG] Nx=128, Ny=128, dx=1, T=1.48637, sample phi_dot[0]=(4.80042e-07,-6.75235e-07)
[DEBUG PE_KG] Starting computation: Nx=128, Ny=128, sample phi[0]=(1.01298e-06,9.43267e-07)
  Step 1500/5000 | R_avg = 0.999759 | norm = 1.49875
[DEBUG KE_KG] Nx=128, Ny=128, dx=1, T=1.48596, sample phi_dot[0]=(-2.2267e-07,-5.66736e-07)
[DEBUG PE_KG] Starting computation: Nx=128, Ny=128, sample phi[0]=(7.70499e-07,-5.74463e-07)
[DEBUG KE_KG] Nx=128, Ny=128, dx=1, T=1.48617, sample phi_dot[0]=(-3.19566e-07,5.0668e-07)
[DEBUG PE_KG] Starting computation: Nx=128, Ny=128, sample phi[0]=(1.81806e-07,-1.35211e-06)
[DEBUG KE_KG] Nx=128, Ny=128, dx=1, T=1.48622, sample phi_dot[0]=(-1.91291e-07,1.2298e-06)
[DEBUG PE_KG] Starting computation: Nx=128, Ny=128, sample phi[0]=(-4.17366e-07,-1.10574e-06)
[DEBUG KE_KG] Nx=128, Ny=128, dx=1, T=1.48594, sample phi_dot[0]=(3.76217e-07,1.40978e-06)
[DEBUG PE_KG] Starting computation: Nx=128, Ny=128, sample phi[0]=(-6.78878e-07,-2.33718e-07)
[DEBUG KE_KG] Nx=128, Ny=128, dx=1, T=1.48606, sample phi_dot[0]=(6.80897e-07,9.9027e-07)
[DEBUG PE_KG] Starting computation: Nx=128, Ny=128, sample phi[0]=(-6.14218e-07,1.0385e-06)
[DEBUG KE_KG] Nx=128, Ny=128, dx=1, T=1.48606, sample phi_dot[0]=(1.02193e-06,-1.05184e-07)
[DEBUG PE_KG] Starting computation: Nx=128, Ny=128, sample phi[0]=(-5.97738e-08,2.25618e-06)
[DEBUG KE_KG] Nx=128, Ny=128, dx=1, T=1.48591, sample phi_dot[0]=(5.48222e-07,-1.71955e-06)
[DEBUG PE_KG] Starting computation: Nx=128, Ny=128, sample phi[0]=(7.44854e-07,2.60757e-06)
[DEBUG KE_KG] Nx=128, Ny=128, dx=1, T=1.48602, sample phi_dot[0]=(-2.78309e-07,-2.64701e-06)
[DEBUG PE_KG] Starting computation: Nx=128, Ny=128, sample phi[0]=(1.33349e-06,1.68438e-06)
[DEBUG KE_KG] Nx=128, Ny=128, dx=1, T=1.48606, sample phi_dot[0]=(-1.13889e-06,-2.46415e-06)
[DEBUG PE_KG] Starting computation: Nx=128, Ny=128, sample phi[0]=(1.19553e-06,-4.761e-08)
[KG Step 2000] norm: before=1.49884, after K/2=1.49884, after M=1.49884, after K/2=1.49884
[DEBUG KE_KG] Nx=128, Ny=128, dx=1, T=1.48587, sample phi_dot[0]=(-1.40053e-06,-1.35588e-06)
[DEBUG PE_KG] Starting computation: Nx=128, Ny=128, sample phi[0]=(5.50604e-07,-1.7669e-06)
  Step 2000/5000 | R_avg = 0.999733 | norm = 1.49884
[DEBUG KE_KG] Nx=128, Ny=128, dx=1, T=1.48588, sample phi_dot[0]=(-9.67134e-07,1.78111e-08)
[DEBUG PE_KG] Starting computation: Nx=128, Ny=128, sample phi[0]=(-4.10091e-07,-2.83287e-06)
[DEBUG KE_KG] Nx=128, Ny=128, dx=1, T=1.48596, sample phi_dot[0]=(1.44428e-09,7.50906e-07)
[DEBUG PE_KG] Starting computation: Nx=128, Ny=128, sample phi[0]=(-7.28476e-07,-3.15432e-06)
[DEBUG KE_KG] Nx=128, Ny=128, dx=1, T=1.4859, sample phi_dot[0]=(3.21242e-07,1.02287e-06)
[DEBUG PE_KG] Starting computation: Nx=128, Ny=128, sample phi[0]=(-7.0269e-07,-3.23248e-06)
[DEBUG KE_KG] Nx=128, Ny=128, dx=1, T=1.48582, sample phi_dot[0]=(-1.94266e-08,1.92812e-06)
[DEBUG PE_KG] Starting computation: Nx=128, Ny=128, sample phi[0]=(-6.85673e-07,-2.78083e-06)
[DEBUG KE_KG] Nx=128, Ny=128, dx=1, T=1.48584, sample phi_dot[0]=(-6.4051e-07,3.58351e-06)
[DEBUG PE_KG] Starting computation: Nx=128, Ny=128, sample phi[0]=(-1.48962e-06,-9.63389e-07)
[DEBUG KE_KG] Nx=128, Ny=128, dx=1, T=1.48596, sample phi_dot[0]=(-1.13911e-07,5.16493e-06)
[DEBUG PE_KG] Starting computation: Nx=128, Ny=128, sample phi[0]=(-2.3813e-06,3.02125e-06)
[DEBUG KE_KG] Nx=128, Ny=128, dx=1, T=1.48584, sample phi_dot[0]=(2.05848e-06,3.79956e-06)
[DEBUG PE_KG] Starting computation: Nx=128, Ny=128, sample phi[0]=(-2.04009e-06,7.82805e-06)
[DEBUG KE_KG] Nx=128, Ny=128, dx=1, T=1.48568, sample phi_dot[0]=(4.16796e-06,-1.22065e-06)
[DEBUG PE_KG] Starting computation: Nx=128, Ny=128, sample phi[0]=(9.67974e-07,9.99741e-06)
[DEBUG KE_KG] Nx=128, Ny=128, dx=1, T=1.48579, sample phi_dot[0]=(3.56899e-06,-7.95435e-06)
[DEBUG PE_KG] Starting computation: Nx=128, Ny=128, sample phi[0]=(5.00816e-06,6.37535e-06)
[KG Step 2500] norm: before=1.49843, after K/2=1.49843, after M=1.49843, after K/2=1.49843
  Saved spatial snapshot at t = 25 (step 2500)
[DEBUG KE_KG] Nx=128, Ny=128, dx=1, T=1.48579, sample phi_dot[0]=(-7.1146e-07,-1.15604e-05)
[DEBUG PE_KG] Starting computation: Nx=128, Ny=128, sample phi[0]=(7.05026e-06,-2.73386e-06)
  Step 2500/5000 | R_avg = 0.99977 | norm = 1.49844
[DEBUG KE_KG] Nx=128, Ny=128, dx=1, T=1.4857, sample phi_dot[0]=(-5.83058e-06,-7.68401e-06)
[DEBUG PE_KG] Starting computation: Nx=128, Ny=128, sample phi[0]=(4.06677e-06,-1.2174e-05)
[DEBUG KE_KG] Nx=128, Ny=128, dx=1, T=1.48576, sample phi_dot[0]=(-7.94061e-06,2.34133e-06)
[DEBUG PE_KG] Starting computation: Nx=128, Ny=128, sample phi[0]=(-2.63412e-06,-1.46082e-05)
[DEBUG KE_KG] Nx=128, Ny=128, dx=1, T=1.48564, sample phi_dot[0]=(-3.86921e-06,1.13885e-05)
[DEBUG PE_KG] Starting computation: Nx=128, Ny=128, sample phi[0]=(-8.72641e-06,-7.39205e-06)
[DEBUG KE_KG] Nx=128, Ny=128, dx=1, T=1.48558, sample phi_dot[0]=(3.47131e-06,1.30059e-05)
[DEBUG PE_KG] Starting computation: Nx=128, Ny=128, sample phi[0]=(-8.60567e-06,5.32487e-06)
[DEBUG KE_KG] Nx=128, Ny=128, dx=1, T=1.48573, sample phi_dot[0]=(8.64874e-06,4.35679e-06)
[DEBUG PE_KG] Starting computation: Nx=128, Ny=128, sample phi[0]=(-2.04845e-06,1.39344e-05)
[DEBUG KE_KG] Nx=128, Ny=128, dx=1, T=1.48558, sample phi_dot[0]=(6.32756e-06,-6.92376e-06)
[DEBUG PE_KG] Starting computation: Nx=128, Ny=128, sample phi[0]=(6.09777e-06,1.13611e-05)
[DEBUG KE_KG] Nx=128, Ny=128, dx=1, T=1.48547, sample phi_dot[0]=(-6.61792e-07,-1.08371e-05)
[DEBUG PE_KG] Starting computation: Nx=128, Ny=128, sample phi[0]=(8.7429e-06,5.28165e-07)
[DEBUG KE_KG] Nx=128, Ny=128, dx=1, T=1.48565, sample phi_dot[0]=(-7.08069e-06,-5.10173e-06)
[DEBUG PE_KG] Starting computation: Nx=128, Ny=128, sample phi[0]=(3.99459e-06,-8.92265e-06)
[DEBUG KE_KG] Nx=128, Ny=128, dx=1, T=1.48559, sample phi_dot[0]=(-5.67692e-06,4.69928e-06)
[DEBUG PE_KG] Starting computation: Nx=128, Ny=128, sample phi[0]=(-3.73296e-06,-9.31079e-06)
[KG Step 3000] norm: before=1.49839, after K/2=1.49839, after M=1.49839, after K/2=1.49839
[DEBUG KE_KG] Nx=128, Ny=128, dx=1, T=1.48541, sample phi_dot[0]=(4.88566e-07,8.7642e-06)
[DEBUG PE_KG] Starting computation: Nx=128, Ny=128, sample phi[0]=(-6.94217e-06,-1.30575e-06)
  Step 3000/5000 | R_avg = 0.999749 | norm = 1.4984
[DEBUG KE_KG] Nx=128, Ny=128, dx=1, T=1.4855, sample phi_dot[0]=(6.452e-06,3.7053e-06)
[DEBUG PE_KG] Starting computation: Nx=128, Ny=128, sample phi[0]=(-3.23854e-06,6.48621e-06)
[DEBUG KE_KG] Nx=128, Ny=128, dx=1, T=1.48557, sample phi_dot[0]=(4.57411e-06,-4.82013e-06)
[DEBUG PE_KG] Starting computation: Nx=128, Ny=128, sample phi[0]=(3.14046e-06,6.90108e-06)
[DEBUG KE_KG] Nx=128, Ny=128, dx=1, T=1.48542, sample phi_dot[0]=(-8.95921e-07,-7.84336e-06)
[DEBUG PE_KG] Starting computation: Nx=128, Ny=128, sample phi[0]=(5.46e-06,6.88506e-07)
[DEBUG KE_KG] Nx=128, Ny=128, dx=1, T=1.4854, sample phi_dot[0]=(-5.83367e-06,-3.02756e-06)
[DEBUG PE_KG] Starting computation: Nx=128, Ny=128, sample phi[0]=(2.13335e-06,-4.6218e-06)
[DEBUG KE_KG] Nx=128, Ny=128, dx=1, T=1.48553, sample phi_dot[0]=(-3.48031e-06,3.66704e-06)
[DEBUG PE_KG] Starting computation: Nx=128, Ny=128, sample phi[0]=(-2.6882e-06,-3.82003e-06)
[DEBUG KE_KG] Nx=128, Ny=128, dx=1, T=1.48533, sample phi_dot[0]=(1.10051e-06,4.63358e-06)
[DEBUG PE_KG] Starting computation: Nx=128, Ny=128, sample phi[0]=(-3.62133e-06,8.73127e-07)
[DEBUG KE_KG] Nx=128, Ny=128, dx=1, T=1.48534, sample phi_dot[0]=(4.52261e-06,2.24327e-07)
[DEBUG PE_KG] Starting computation: Nx=128, Ny=128, sample phi[0]=(-7.10925e-08,3.07447e-06)
[DEBUG KE_KG] Nx=128, Ny=128, dx=1, T=1.48543, sample phi_dot[0]=(7.56755e-07,-4.30768e-06)
[DEBUG PE_KG] Starting computation: Nx=128, Ny=128, sample phi[0]=(2.9919e-06,-1.7565e-07)
[DEBUG KE_KG] Nx=128, Ny=128, dx=1, T=1.48531, sample phi_dot[0]=(-2.5908e-06,-2.2762e-06)
[DEBUG PE_KG] Starting computation: Nx=128, Ny=128, sample phi[0]=(1.81412e-06,-5.19108e-06)
[KG Step 3500] norm: before=1.49811, after K/2=1.49812, after M=1.49811, after K/2=1.49811
[DEBUG KE_KG] Nx=128, Ny=128, dx=1, T=1.48528, sample phi_dot[0]=(-3.74551e-06,3.6486e-06)
[DEBUG PE_KG] Starting computation: Nx=128, Ny=128, sample phi[0]=(-2.3009e-06,-5.51606e-06)
  Step 3500/5000 | R_avg = 0.999771 | norm = 1.49811
[DEBUG KE_KG] Nx=128, Ny=128, dx=1, T=1.48534, sample phi_dot[0]=(7.56586e-07,7.24081e-06)
[DEBUG PE_KG] Starting computation: Nx=128, Ny=128, sample phi[0]=(-4.46471e-06,-1.50866e-07)
[DEBUG KE_KG] Nx=128, Ny=128, dx=1, T=1.48527, sample phi_dot[0]=(3.82282e-06,4.53374e-06)
[DEBUG PE_KG] Starting computation: Nx=128, Ny=128, sample phi[0]=(-2.65027e-06,6.37595e-06)
[DEBUG KE_KG] Nx=128, Ny=128, dx=1, T=1.48521, sample phi_dot[0]=(4.61203e-06,-1.64106e-06)
[DEBUG PE_KG] Starting computation: Nx=128, Ny=128, sample phi[0]=(1.91914e-06,8.56085e-06)
[DEBUG KE_KG] Nx=128, Ny=128, dx=1, T=1.48525, sample phi_dot[0]=(2.68077e-07,-6.11956e-06)
[DEBUG PE_KG] Starting computation: Nx=128, Ny=128, sample phi[0]=(4.27436e-06,5.25872e-06)
[DEBUG KE_KG] Nx=128, Ny=128, dx=1, T=1.48521, sample phi_dot[0]=(-1.76014e-06,-6.01442e-06)
[DEBUG PE_KG] Starting computation: Nx=128, Ny=128, sample phi[0]=(3.85729e-06,-1.10334e-07)
[DEBUG KE_KG] Nx=128, Ny=128, dx=1, T=1.48516, sample phi_dot[0]=(-3.28662e-06,-3.68303e-06)
[DEBUG PE_KG] Starting computation: Nx=128, Ny=128, sample phi[0]=(1.25691e-06,-4.25779e-06)
[DEBUG KE_KG] Nx=128, Ny=128, dx=1, T=1.4852, sample phi_dot[0]=(-1.57721e-06,-7.9069e-07)
[DEBUG PE_KG] Starting computation: Nx=128, Ny=128, sample phi[0]=(-4.95743e-07,-5.87383e-06)
[DEBUG KE_KG] Nx=128, Ny=128, dx=1, T=1.48514, sample phi_dot[0]=(-1.30262e-06,8.1779e-07)
[DEBUG PE_KG] Starting computation: Nx=128, Ny=128, sample phi[0]=(-1.79424e-06,-5.76454e-06)
[DEBUG KE_KG] Nx=128, Ny=128, dx=1, T=1.48513, sample phi_dot[0]=(-5.59502e-07,2.85842e-06)
[DEBUG PE_KG] Starting computation: Nx=128, Ny=128, sample phi[0]=(-2.00111e-06,-4.27688e-06)
[KG Step 4000] norm: before=1.49768, after K/2=1.49768, after M=1.49767, after K/2=1.49767
[DEBUG KE_KG] Nx=128, Ny=128, dx=1, T=1.48524, sample phi_dot[0]=(-3.66143e-07,4.60625e-06)
[DEBUG PE_KG] Starting computation: Nx=128, Ny=128, sample phi[0]=(-2.92161e-06,-1.30672e-06)
  Step 4000/5000 | R_avg = 0.99987 | norm = 1.49768
[DEBUG KE_KG] Nx=128, Ny=128, dx=1, T=1.48507, sample phi_dot[0]=(1.57635e-06,5.09037e-06)
[DEBUG PE_KG] Starting computation: Nx=128, Ny=128, sample phi[0]=(-1.96631e-06,2.87804e-06)
[DEBUG KE_KG] Nx=128, Ny=128, dx=1, T=1.48495, sample phi_dot[0]=(2.07967e-06,2.69339e-06)
[DEBUG PE_KG] Starting computation: Nx=128, Ny=128, sample phi[0]=(-8.92785e-07,5.96969e-06)
[DEBUG KE_KG] Nx=128, Ny=128, dx=1, T=1.4851, sample phi_dot[0]=(2.54046e-06,-4.93737e-07)
[DEBUG PE_KG] Starting computation: Nx=128, Ny=128, sample phi[0]=(1.65953e-06,6.50251e-06)
[DEBUG KE_KG] Nx=128, Ny=128, dx=1, T=1.48502, sample phi_dot[0]=(1.2108e-06,-3.72158e-06)
[DEBUG PE_KG] Starting computation: Nx=128, Ny=128, sample phi[0]=(2.68417e-06,3.91957e-06)
[DEBUG KE_KG] Nx=128, Ny=128, dx=1, T=1.48496, sample phi_dot[0]=(-4.61792e-07,-4.6454e-06)
[DEBUG PE_KG] Starting computation: Nx=128, Ny=128, sample phi[0]=(3.31291e-06,-2.58906e-07)
[DEBUG KE_KG] Nx=128, Ny=128, dx=1, T=1.48507, sample phi_dot[0]=(-1.5611e-06,-3.50963e-06)
[DEBUG PE_KG] Starting computation: Nx=128, Ny=128, sample phi[0]=(1.39243e-06,-3.99294e-06)
[DEBUG KE_KG] Nx=128, Ny=128, dx=1, T=1.48498, sample phi_dot[0]=(-2.35969e-06,-9.81199e-07)
[DEBUG PE_KG] Starting computation: Nx=128, Ny=128, sample phi[0]=(-1.64873e-08,-5.2025e-06)
[DEBUG KE_KG] Nx=128, Ny=128, dx=1, T=1.48488, sample phi_dot[0]=(-1.4418e-06,1.32422e-06)
[DEBUG PE_KG] Starting computation: Nx=128, Ny=128, sample phi[0]=(-2.48279e-06,-3.99874e-06)
[DEBUG KE_KG] Nx=128, Ny=128, dx=1, T=1.48498, sample phi_dot[0]=(-7.20138e-07,3.20975e-06)
[DEBUG PE_KG] Starting computation: Nx=128, Ny=128, sample phi[0]=(-2.45855e-06,-5.08531e-07)
[KG Step 4500] norm: before=1.49761, after K/2=1.49761, after M=1.49761, after K/2=1.49761
[DEBUG KE_KG] Nx=128, Ny=128, dx=1, T=1.48486, sample phi_dot[0]=(1.69032e-06,2.43663e-06)
[DEBUG PE_KG] Starting computation: Nx=128, Ny=128, sample phi[0]=(-2.10659e-06,2.89024e-06)
  Step 4500/5000 | R_avg = 0.999761 | norm = 1.49763
[DEBUG KE_KG] Nx=128, Ny=128, dx=1, T=1.48477, sample phi_dot[0]=(1.32821e-06,1.06476e-07)
[DEBUG PE_KG] Starting computation: Nx=128, Ny=128, sample phi[0]=(7.48245e-07,4.17218e-06)
[DEBUG KE_KG] Nx=128, Ny=128, dx=1, T=1.48497, sample phi_dot[0]=(1.73197e-06,-2.02528e-06)
[DEBUG PE_KG] Starting computation: Nx=128, Ny=128, sample phi[0]=(1.92283e-06,2.2702e-06)
[DEBUG KE_KG] Nx=128, Ny=128, dx=1, T=1.48481, sample phi_dot[0]=(-1.63991e-06,-2.53017e-06)
[DEBUG PE_KG] Starting computation: Nx=128, Ny=128, sample phi[0]=(2.65037e-06,-1.09916e-06)
[DEBUG KE_KG] Nx=128, Ny=128, dx=1, T=1.4846, sample phi_dot[0]=(-7.13393e-07,-6.78789e-07)
[DEBUG PE_KG] Starting computation: Nx=128, Ny=128, sample phi[0]=(3.19022e-07,-3.98915e-06)
[DEBUG KE_KG] Nx=128, Ny=128, dx=1, T=1.48492, sample phi_dot[0]=(-2.6265e-06,1.86416e-06)
[DEBUG PE_KG] Starting computation: Nx=128, Ny=128, sample phi[0]=(-1.14052e-06,-3.95454e-06)
[DEBUG KE_KG] Nx=128, Ny=128, dx=1, T=1.48469, sample phi_dot[0]=(1.2836e-06,3.92017e-06)
[DEBUG PE_KG] Starting computation: Nx=128, Ny=128, sample phi[0]=(-3.04639e-06,-1.43494e-06)
[DEBUG KE_KG] Nx=128, Ny=128, dx=1, T=1.48466, sample phi_dot[0]=(5.32949e-07,2.95858e-06)
[DEBUG PE_KG] Starting computation: Nx=128, Ny=128, sample phi[0]=(-1.64867e-06,2.42825e-06)
[DEBUG KE_KG] Nx=128, Ny=128, dx=1, T=1.48501, sample phi_dot[0]=(3.75343e-06,3.65777e-07)
[DEBUG PE_KG] Starting computation: Nx=128, Ny=128, sample phi[0]=(-1.59605e-07,4.21982e-06)
[DEBUG KE_KG] Nx=128, Ny=128, dx=1, T=1.48397, sample phi_dot[0]=(-6.09318e-07,-2.00749e-06)
[DEBUG PE_KG] Starting computation: Nx=128, Ny=128, sample phi[0]=(1.96187e-06,4.1055e-06)
[DEBUG KE_KG] Nx=128, Ny=128, dx=1, T=1.48548, sample phi_dot[0]=(1.62399e-06,-2.95765e-06)
[DEBUG PE_KG] Starting computation: Nx=128, Ny=128, sample phi[0]=(1.93436e-06,2.29169e-06)

===== Global Validation =====
✗ Global validation FAILED:
  ✗ Probability Conservation: ||ψ||² = 1.49657 (drift: 49.619% from initial 1.00038) ✗ FAIL (exceeds tolerance 0.5%)
  ✗ Energy Conservation: E_total = 4.01249 (drift: 10.5279% from initial 3.6303) ✗ FAIL (exceeds tolerance 1%)
  ✓ Order Parameter Bounds: R ∈ [1, 1] ✓ PASS (within [0,1])
  ✓ Causality: v = |p|/E = 0.29954 (c = 1) ✓ PASS (v ≤ c)
  ✓ Numerical Stability: All fields finite ✓ PASS

[INFO] Skipping scenario validation for Klein-Gordon test (validator requires Dirac field)
  Norm validation: max_error = 0.835347 ✗ FAIL
  Energy validation: max_drift = 0.173039 ✗ FAIL
  Saved observables to /home/persist/neotec/0rigin/output/20251226_094618_scenario_2.5A_klein_gordon_comparison_v0.7/N_10/observables.csv
Test failed for N=10

--- Validating Convergence ---
✗ Convergence validation FAILED

[3/3] Generating report...

✓ Report saved to /home/persist/neotec/0rigin/output/20251226_094618_scenario_2.5A_klein_gordon_comparison_v0.7/test_report.txt

===== Test Summary =====
✗ TESTS FAILED

Some validation criteria not met.
Check test report for details.
