[Logging] Console output for 64x64 v=0.3c writing to: /home/persist/neotec/0rigin/output/20251228_161952_em_coupling_uniform_field_64x64_v0.3/console.log

--- Testing with N=1 ---
  Dirac initialization (grid-independent):
    Position: (50, 50) ℓ_P
    Width: 3 ℓ_P
    Grid coordinates: (32, 32) grid units
    Grid width: 1.92 grid units
  Using Dirac solver (spinor field) with boosted initialization
    Background R (expected): 1
[DiracEvolution] Initialized 64x64 4-component spinor field (particle, β=1)
[SMFT] Boosted Gaussian initialization:
  Position: (32, 32) grid units
  Width: σ = 1.92 grid units
  Velocity: v = (0.3, 0)c
  |v| = 0.3c
  Lorentz factor: γ = 1.04828
  Rest mass: m₀ = Δ·R = 1 × 1 = 1 m_P
  Momentum: p = (0.314485, 0) m_P·c
  |p| = 0.314485 m_P·c
  Pre-normalization: ∫|Ψ|² = 23.1623
  Normalization factor: 4.81273
[DiracEvolution] Initialized Gaussian wavepacket at (32, 32) with σ=1.92
  Final norm: ||Ψ||² = 1
  Initial position: <r> = (32, 32)
✓ Boosted Gaussian initialized
[SMFTEngine] Boosted Dirac field initialized: center=(32,32), sigma=1.92, boost=(0.3,0)c, norm=1, <r>=(32,32)
[DiracEvolution] Initialized 64x64 4-component spinor field (particle, β=1)
[SMFT] Boosted Gaussian initialization:
  Position: (32, 32) grid units
  Width: σ = 1.92 grid units
  Velocity: v = (0.3, 0)c
  |v| = 0.3c
  Lorentz factor: γ = 1.04828
  Rest mass: m₀ = Δ·R = 1 × 1 = 1 m_P
  Momentum: p = (0.314485, 0) m_P·c
  |p| = 0.314485 m_P·c
  Pre-normalization: ∫|Ψ|² = 23.1623
  Normalization factor: 4.81273
[DiracEvolution] Initialized Gaussian wavepacket at (32, 32) with σ=1.92
  Final norm: ||Ψ||² = 1
  Initial position: <r> = (32, 32)
✓ Boosted Gaussian initialized
  Initial energy E0 = 1.31054
  Initial norm = 1
[stepWithDirac] Strang splitting enabled:
  substep_ratio=1
  substep_dt=0.01
  half_substeps=0
  remaining_substeps=1
  Saved spatial snapshot at t = 0 (step 0)
  Actual initial energy E0 = 1.31322 (from first observation including EM)
  Step 0/2000 | R_avg = 0.999749 | norm = 1
  Step 100/2000 | R_avg = 0.999818 | norm = 0.999978
  Step 200/2000 | R_avg = 0.999748 | norm = 0.999952
  Step 300/2000 | R_avg = 0.999748 | norm = 0.999924
  Step 400/2000 | R_avg = 0.999771 | norm = 0.999895
  Step 500/2000 | R_avg = 0.999819 | norm = 0.999867
  Step 600/2000 | R_avg = 0.999754 | norm = 0.999837
  Step 700/2000 | R_avg = 0.999818 | norm = 0.999808
  Step 800/2000 | R_avg = 0.999778 | norm = 0.999778
  Step 900/2000 | R_avg = 0.999755 | norm = 0.999748
  Step 1000/2000 | R_avg = 0.999577 | norm = 0.999717
  Step 1100/2000 | R_avg = 0.999574 | norm = 0.999687
  Step 1200/2000 | R_avg = 0.999559 | norm = 0.999656
  Step 1300/2000 | R_avg = 0.999763 | norm = 0.999627
  Step 1400/2000 | R_avg = 0.999738 | norm = 0.999596
  Step 1500/2000 | R_avg = 0.999807 | norm = 0.999567
  Step 1600/2000 | R_avg = 0.999774 | norm = 0.999539
  Step 1700/2000 | R_avg = 0.999779 | norm = 0.999511
  Step 1800/2000 | R_avg = 0.999758 | norm = 0.999482
  Step 1900/2000 | R_avg = 0.999728 | norm = 0.999452

===== Global Validation =====
✓ Global validation PASSED
  ✓ Probability Conservation: ||ψ||² = 0.999424 (drift: 0.0576329% from initial 1) ✓ PASS
  ✓ Energy Conservation: E_total = 1.31776 (drift: 0.345727% from initial 1.31322) ✓ PASS
  ✓ Order Parameter Bounds: R ∈ [1, 1] ✓ PASS (within [0,1])
  ✓ Causality: v = |p|/E = 0.217354 (c = 1) ✓ PASS (v ≤ c)
  ✓ Numerical Stability: All fields finite ✓ PASS
  Norm validation: max_error = 0.00057642 ✓ PASS
  Energy validation: max_drift = 0.0143619 ✗ FAIL
  Saved observables to /home/persist/neotec/0rigin/output/20251228_161952_em_coupling_uniform_field_64x64_v0.3/N_1/observables.csv
  Saved EM observables to /home/persist/neotec/0rigin/output/20251228_161952_em_coupling_uniform_field_64x64_v0.3/N_1/em_observables.csv
Test failed for N=1

--- Testing with N=10 ---
  Dirac initialization (grid-independent):
    Position: (50, 50) ℓ_P
    Width: 3 ℓ_P
    Grid coordinates: (32, 32) grid units
    Grid width: 1.92 grid units
  Using Dirac solver (spinor field) with boosted initialization
    Background R (expected): 1
[SMFT] Boosted Gaussian initialization:
  Position: (32, 32) grid units
  Width: σ = 1.92 grid units
  Velocity: v = (0.3, 0)c
  |v| = 0.3c
  Lorentz factor: γ = 1.04828
  Rest mass: m₀ = Δ·R = 1 × 1 = 1 m_P
  Momentum: p = (0.314485, 0) m_P·c
  |p| = 0.314485 m_P·c
  Pre-normalization: ∫|Ψ|² = 23.1623
  Normalization factor: 4.81273
[DiracEvolution] Initialized Gaussian wavepacket at (32, 32) with σ=1.92
  Final norm: ||Ψ||² = 1
  Initial position: <r> = (32, 32)
✓ Boosted Gaussian initialized
[SMFTEngine] Boosted Dirac field initialized: center=(32,32), sigma=1.92, boost=(0.3,0)c, norm=1, <r>=(32,32)
[DiracEvolution] Initialized 64x64 4-component spinor field (particle, β=1)
[SMFT] Boosted Gaussian initialization:
  Position: (32, 32) grid units
  Width: σ = 1.92 grid units
  Velocity: v = (0.3, 0)c
  |v| = 0.3c
  Lorentz factor: γ = 1.04828
  Rest mass: m₀ = Δ·R = 1 × 1 = 1 m_P
  Momentum: p = (0.314485, 0) m_P·c
  |p| = 0.314485 m_P·c
  Pre-normalization: ∫|Ψ|² = 23.1623
  Normalization factor: 4.81273
[DiracEvolution] Initialized Gaussian wavepacket at (32, 32) with σ=1.92
  Final norm: ||Ψ||² = 1
  Initial position: <r> = (32, 32)
✓ Boosted Gaussian initialized
  Initial energy E0 = 1.31054
  Initial norm = 1
  Saved spatial snapshot at t = 0 (step 0)
  Actual initial energy E0 = 1.3043 (from first observation including EM)
  Step 0/2000 | R_avg = 0.999564 | norm = 1
  Step 100/2000 | R_avg = 0.999546 | norm = 0.999977
  Step 200/2000 | R_avg = 0.999755 | norm = 0.999951
  Step 300/2000 | R_avg = 0.999727 | norm = 0.999923
  Step 400/2000 | R_avg = 0.99981 | norm = 0.999894
  Step 500/2000 | R_avg = 0.999753 | norm = 0.999866
  Step 600/2000 | R_avg = 0.999742 | norm = 0.999836
  Step 700/2000 | R_avg = 0.999743 | norm = 0.999807
  Step 800/2000 | R_avg = 0.999744 | norm = 0.999777
  Step 900/2000 | R_avg = 0.999726 | norm = 0.999747
  Step 1000/2000 | R_avg = 0.999841 | norm = 0.999716
  Step 1100/2000 | R_avg = 0.999771 | norm = 0.999686
  Step 1200/2000 | R_avg = 0.999744 | norm = 0.999656
  Step 1300/2000 | R_avg = 0.999763 | norm = 0.999625
  Step 1400/2000 | R_avg = 0.999723 | norm = 0.999595
  Step 1500/2000 | R_avg = 0.999796 | norm = 0.999566
  Step 1600/2000 | R_avg = 0.999743 | norm = 0.999538
  Step 1700/2000 | R_avg = 0.999792 | norm = 0.99951
  Step 1800/2000 | R_avg = 0.99958 | norm = 0.999481
  Step 1900/2000 | R_avg = 0.999891 | norm = 0.999452

===== Global Validation =====
✓ Global validation PASSED
  ✓ Probability Conservation: ||ψ||² = 0.999422 (drift: 0.0577464% from initial 1) ✓ PASS
  ✓ Energy Conservation: E_total = 1.30797 (drift: 0.281806% from initial 1.3043) ✓ PASS
  ✓ Order Parameter Bounds: R ∈ [1, 1] ✓ PASS (within [0,1])
  ✓ Causality: v = |p|/E = 0.219425 (c = 1) ✓ PASS (v ≤ c)
  ✓ Numerical Stability: All fields finite ✓ PASS
  Norm validation: max_error = 0.00057756 ✓ PASS
  Energy validation: max_drift = 0.0049344 ✓ PASS
  Saved observables to /home/persist/neotec/0rigin/output/20251228_161952_em_coupling_uniform_field_64x64_v0.3/N_10/observables.csv
  Saved EM observables to /home/persist/neotec/0rigin/output/20251228_161952_em_coupling_uniform_field_64x64_v0.3/N_10/em_observables.csv

--- Testing with N=100 ---
  Dirac initialization (grid-independent):
    Position: (50, 50) ℓ_P
    Width: 3 ℓ_P
    Grid coordinates: (32, 32) grid units
    Grid width: 1.92 grid units
  Using Dirac solver (spinor field) with boosted initialization
    Background R (expected): 1
[SMFT] Boosted Gaussian initialization:
  Position: (32, 32) grid units
  Width: σ = 1.92 grid units
  Velocity: v = (0.3, 0)c
  |v| = 0.3c
  Lorentz factor: γ = 1.04828
  Rest mass: m₀ = Δ·R = 1 × 1 = 1 m_P
  Momentum: p = (0.314485, 0) m_P·c
  |p| = 0.314485 m_P·c
  Pre-normalization: ∫|Ψ|² = 23.1623
  Normalization factor: 4.81273
[DiracEvolution] Initialized Gaussian wavepacket at (32, 32) with σ=1.92
  Final norm: ||Ψ||² = 1
  Initial position: <r> = (32, 32)
✓ Boosted Gaussian initialized
[SMFTEngine] Boosted Dirac field initialized: center=(32,32), sigma=1.92, boost=(0.3,0)c, norm=1, <r>=(32,32)
[DiracEvolution] Initialized 64x64 4-component spinor field (particle, β=1)
[SMFT] Boosted Gaussian initialization:
  Position: (32, 32) grid units
  Width: σ = 1.92 grid units
  Velocity: v = (0.3, 0)c
  |v| = 0.3c
  Lorentz factor: γ = 1.04828
  Rest mass: m₀ = Δ·R = 1 × 1 = 1 m_P
  Momentum: p = (0.314485, 0) m_P·c
  |p| = 0.314485 m_P·c
  Pre-normalization: ∫|Ψ|² = 23.1623
  Normalization factor: 4.81273
[DiracEvolution] Initialized Gaussian wavepacket at (32, 32) with σ=1.92
  Final norm: ||Ψ||² = 1
  Initial position: <r> = (32, 32)
✓ Boosted Gaussian initialized
  Initial energy E0 = 1.31054
  Initial norm = 1
  Saved spatial snapshot at t = 0 (step 0)
  Actual initial energy E0 = 1.30429 (from first observation including EM)
  Step 0/2000 | R_avg = 0.999751 | norm = 1
  Step 100/2000 | R_avg = 0.99977 | norm = 0.999978
  Step 200/2000 | R_avg = 0.999586 | norm = 0.999952
  Step 300/2000 | R_avg = 0.99957 | norm = 0.999924
  Step 400/2000 | R_avg = 0.999745 | norm = 0.999895
  Step 500/2000 | R_avg = 0.99984 | norm = 0.999867
  Step 600/2000 | R_avg = 0.999763 | norm = 0.999837
  Step 700/2000 | R_avg = 0.999566 | norm = 0.999808
  Step 800/2000 | R_avg = 0.999727 | norm = 0.999778
  Step 900/2000 | R_avg = 0.999781 | norm = 0.999748
  Step 1000/2000 | R_avg = 0.999748 | norm = 0.999718
  Step 1100/2000 | R_avg = 0.999749 | norm = 0.999687
  Step 1200/2000 | R_avg = 0.999523 | norm = 0.999657
  Step 1300/2000 | R_avg = 0.99974 | norm = 0.999627
  Step 1400/2000 | R_avg = 0.999798 | norm = 0.999597
  Step 1500/2000 | R_avg = 0.999795 | norm = 0.999567
  Step 1600/2000 | R_avg = 0.999766 | norm = 0.999539
  Step 1700/2000 | R_avg = 0.999785 | norm = 0.999512
  Step 1800/2000 | R_avg = 0.999746 | norm = 0.999483
  Step 1900/2000 | R_avg = 0.999795 | norm = 0.999453

===== Global Validation =====
✓ Global validation PASSED
  ✓ Probability Conservation: ||ψ||² = 0.999425 (drift: 0.0575216% from initial 1) ✓ PASS
  ✓ Energy Conservation: E_total = 1.30657 (drift: 0.174244% from initial 1.30429) ✓ PASS
  ✓ Order Parameter Bounds: R ∈ [1, 1] ✓ PASS (within [0,1])
  ✓ Causality: v = |p|/E = 0.219226 (c = 1) ✓ PASS (v ≤ c)
  ✓ Numerical Stability: All fields finite ✓ PASS
  Norm validation: max_error = 0.000575347 ✓ PASS
  Energy validation: max_drift = 0.00426995 ✓ PASS
  Saved observables to /home/persist/neotec/0rigin/output/20251228_161952_em_coupling_uniform_field_64x64_v0.3/N_100/observables.csv
  Saved EM observables to /home/persist/neotec/0rigin/output/20251228_161952_em_coupling_uniform_field_64x64_v0.3/N_100/em_observables.csv

--- Validating Convergence ---
✓ Convergence validation PASSED
Tests failed for velocity 0.3

========================================
Velocity: v=0.5c
========================================

Initializing engine for 64×64 grid, velocity v=0.5c...
[SMFTEngine] Resources cleanup delegated to component managers

[SMFTEngine] Physical Interpretation:
  Vacuum potential Δ = 1 (Planck mass in natural units)
  Synchronization field R(x) → Emergent spacetime metric
  Mass field m(x) = Δ·R(x) → Local energy density
  ∇R(x) → Gravitational field (not separate force)
  Grid: 64 x 64 oscillators

[SMFTEngine] Created GPU buffers for 64x64 grid
  Phase buffers: 16384 bytes each
  Spinor buffer: 131072 bytes
  Accumulator buffers: 16384 bytes each (operator splitting)
[SMFTEngine] Created compute pipelines
  ✓ Kuramoto pipeline
  ✓ Sync field pipeline
  ✓ Gravity field pipeline
  ✓ Stochastic Kuramoto pipeline
  ✓ Stochastic Dirac pipeline
  ✓ Accumulation pipeline (operator splitting)
Created experiment directory: /home/persist/neotec/0rigin/output/20251228_162106_em_coupling_uniform_field_64x64_v0.5
[OutputManager] Created timestamped directory: /home/persist/neotec/0rigin/output/20251228_162106_em_coupling_uniform_field_64x64_v0.5
