[Logging] Console output for 64x64 v=0c writing to: /home/persist/neotec/0rigin/output/20251228_181644_em_coupling_disabled_regression_64x64/console.log

--- Testing with N=1 ---
  Vortex initialization (grid-independent):
    Domain size: 100 ℓ_P
    Grid spacing: 1.5625 ℓ_P
    Core radius: 3 ℓ_P (1.92 grid points)
    Center: (50, 50) ℓ_P
    Winding number: W = 1
[SMFTEngine] R-field initialized with custom values
  R_min = 0
  R_max = 1
  Vortex R-field initialized: R(r) = tanh(r/ξ) profile
    Core center: (50, 50) ℓ_P
    Core radius: 3 ℓ_P
  Dirac initialization (grid-independent):
    Position: (60, 50) ℓ_P
    Width: 3 ℓ_P
    Grid coordinates: (38.4, 32) grid units
    Grid width: 1.92 grid units
  Using Dirac solver (spinor field)
[DiracEvolution] Initialized 64x64 4-component spinor field (particle, β=1)
[DiracEvolution] Initialized Gaussian wavepacket at (38.4, 32) with σ=1.92
[SMFTEngine] Dirac field initialized: center=(38.4,32), sigma=1.92, norm=1
[DiracEvolution] Initialized 64x64 4-component spinor field (particle, β=1)
[DiracEvolution] Initialized Gaussian wavepacket at (38.4, 32) with σ=1.92
  Initial energy E0 = 1.23192
  Initial norm = 1
[stepWithDirac] Strang splitting enabled:
  substep_ratio=1
  substep_dt=0.01
  half_substeps=0
  remaining_substeps=1
  Saved spatial snapshot at t = 0 (step 0)
  Actual initial energy E0 = 1.22857 (from first observation including EM)
  Step 0/2000 | R_avg = 0.967998 | norm = 1
  Step 100/2000 | R_avg = 0.968202 | norm = 0.999977
  Step 200/2000 | R_avg = 0.968133 | norm = 0.999952
  Step 300/2000 | R_avg = 0.968256 | norm = 0.999926
  Step 400/2000 | R_avg = 0.968163 | norm = 0.999899
  Step 500/2000 | R_avg = 0.968154 | norm = 0.999872
  Step 600/2000 | R_avg = 0.968221 | norm = 0.999845
  Step 700/2000 | R_avg = 0.968188 | norm = 0.999817
  Step 800/2000 | R_avg = 0.968107 | norm = 0.99979
  Step 900/2000 | R_avg = 0.968086 | norm = 0.999764
  Step 1000/2000 | R_avg = 0.968178 | norm = 0.999738
  Step 1100/2000 | R_avg = 0.968204 | norm = 0.999712
  Step 1200/2000 | R_avg = 0.968155 | norm = 0.999686
  Step 1300/2000 | R_avg = 0.968138 | norm = 0.99966
  Step 1400/2000 | R_avg = 0.96821 | norm = 0.999634
  Step 1500/2000 | R_avg = 0.968186 | norm = 0.999607
  Step 1600/2000 | R_avg = 0.968222 | norm = 0.999581
  Step 1700/2000 | R_avg = 0.968201 | norm = 0.999553
  Step 1800/2000 | R_avg = 0.96798 | norm = 0.999526
  Step 1900/2000 | R_avg = 0.968225 | norm = 0.999499

===== Global Validation =====
✓ Global validation PASSED
  ✓ Probability Conservation: ||ψ||² = 0.999472 (drift: 0.0527842% from initial 1) ✓ PASS
  ✓ Energy Conservation: E_total = 1.23588 (drift: 0.595086% from initial 1.22857) ✓ PASS
  ✓ Order Parameter Bounds: R ∈ [0, 1] ✓ PASS (within [0,1])
  ✓ Causality: v = |p|/E = 0.00837965 (c = 1) ✓ PASS (v ≤ c)
  ✓ Numerical Stability: All fields finite ✓ PASS

===== Scenario 2.1: Defect Localization Validation =====
✓ Scenario validation PASSED
  ✓ 1. θ(x,y,t=0) shows vortex structure (W = ±1): Winding number W = 1 ✓ PASS (|W| ≈ 1)
  ✓ 3. R(x,y,t=0) shows core (R_min < 0.5): R_min = 0 ✓ PASS (< 0.5)
  Norm validation: max_error = 0.000527962 ✓ PASS
  Energy validation: max_drift = 0.00607849 ✓ PASS
  Saved observables to /home/persist/neotec/0rigin/output/20251228_181644_em_coupling_disabled_regression_64x64/N_1/observables.csv

--- Testing with N=10 ---
  Vortex initialization (grid-independent):
    Domain size: 100 ℓ_P
    Grid spacing: 1.5625 ℓ_P
    Core radius: 3 ℓ_P (1.92 grid points)
    Center: (50, 50) ℓ_P
    Winding number: W = 1
[SMFTEngine] R-field initialized with custom values
  R_min = 0
  R_max = 1
  Vortex R-field initialized: R(r) = tanh(r/ξ) profile
    Core center: (50, 50) ℓ_P
    Core radius: 3 ℓ_P
  Dirac initialization (grid-independent):
    Position: (60, 50) ℓ_P
    Width: 3 ℓ_P
    Grid coordinates: (38.4, 32) grid units
    Grid width: 1.92 grid units
  Using Dirac solver (spinor field)
[DiracEvolution] Initialized Gaussian wavepacket at (38.4, 32) with σ=1.92
[SMFTEngine] Dirac field initialized: center=(38.4,32), sigma=1.92, norm=1
[DiracEvolution] Initialized 64x64 4-component spinor field (particle, β=1)
[DiracEvolution] Initialized Gaussian wavepacket at (38.4, 32) with σ=1.92
  Initial energy E0 = 1.23192
  Initial norm = 1
  Saved spatial snapshot at t = 0 (step 0)
  Actual initial energy E0 = 1.22857 (from first observation including EM)
  Step 0/2000 | R_avg = 0.968026 | norm = 1
  Step 100/2000 | R_avg = 0.968219 | norm = 0.999977
  Step 200/2000 | R_avg = 0.967971 | norm = 0.999952
  Step 300/2000 | R_avg = 0.968149 | norm = 0.999925
  Step 400/2000 | R_avg = 0.968143 | norm = 0.999898
  Step 500/2000 | R_avg = 0.968231 | norm = 0.999872
  Step 600/2000 | R_avg = 0.968141 | norm = 0.999845
  Step 700/2000 | R_avg = 0.968106 | norm = 0.999817
  Step 800/2000 | R_avg = 0.968206 | norm = 0.99979
  Step 900/2000 | R_avg = 0.968129 | norm = 0.999764
  Step 1000/2000 | R_avg = 0.968126 | norm = 0.999737
  Step 1100/2000 | R_avg = 0.968149 | norm = 0.999711
  Step 1200/2000 | R_avg = 0.968207 | norm = 0.999685
  Step 1300/2000 | R_avg = 0.968204 | norm = 0.999659
  Step 1400/2000 | R_avg = 0.968281 | norm = 0.999633
  Step 1500/2000 | R_avg = 0.968164 | norm = 0.999606
  Step 1600/2000 | R_avg = 0.967988 | norm = 0.99958
  Step 1700/2000 | R_avg = 0.968136 | norm = 0.999553
  Step 1800/2000 | R_avg = 0.968094 | norm = 0.999525
  Step 1900/2000 | R_avg = 0.968289 | norm = 0.999498

===== Global Validation =====
✓ Global validation PASSED
  ✓ Probability Conservation: ||ψ||² = 0.999471 (drift: 0.0529029% from initial 1) ✓ PASS
  ✓ Energy Conservation: E_total = 1.23591 (drift: 0.597221% from initial 1.22857) ✓ PASS
  ✓ Order Parameter Bounds: R ∈ [0, 1] ✓ PASS (within [0,1])
  ✓ Causality: v = |p|/E = 0.00932146 (c = 1) ✓ PASS (v ≤ c)
  ✓ Numerical Stability: All fields finite ✓ PASS

===== Scenario 2.1: Defect Localization Validation =====
✓ Scenario validation PASSED
  ✓ 1. θ(x,y,t=0) shows vortex structure (W = ±1): Winding number W = 1 ✓ PASS (|W| ≈ 1)
  ✓ 3. R(x,y,t=0) shows core (R_min < 0.5): R_min = 0 ✓ PASS (< 0.5)
  Norm validation: max_error = 0.000529218 ✓ PASS
  Energy validation: max_drift = 0.0061176 ✓ PASS
  Saved observables to /home/persist/neotec/0rigin/output/20251228_181644_em_coupling_disabled_regression_64x64/N_10/observables.csv

--- Testing with N=100 ---
  Vortex initialization (grid-independent):
    Domain size: 100 ℓ_P
    Grid spacing: 1.5625 ℓ_P
    Core radius: 3 ℓ_P (1.92 grid points)
    Center: (50, 50) ℓ_P
    Winding number: W = 1
[SMFTEngine] R-field initialized with custom values
  R_min = 0
  R_max = 1
  Vortex R-field initialized: R(r) = tanh(r/ξ) profile
    Core center: (50, 50) ℓ_P
    Core radius: 3 ℓ_P
  Dirac initialization (grid-independent):
    Position: (60, 50) ℓ_P
    Width: 3 ℓ_P
    Grid coordinates: (38.4, 32) grid units
    Grid width: 1.92 grid units
  Using Dirac solver (spinor field)
[DiracEvolution] Initialized Gaussian wavepacket at (38.4, 32) with σ=1.92
[SMFTEngine] Dirac field initialized: center=(38.4,32), sigma=1.92, norm=1
[DiracEvolution] Initialized 64x64 4-component spinor field (particle, β=1)
[DiracEvolution] Initialized Gaussian wavepacket at (38.4, 32) with σ=1.92
  Initial energy E0 = 1.23192
  Initial norm = 1
  Saved spatial snapshot at t = 0 (step 0)
  Actual initial energy E0 = 1.22857 (from first observation including EM)
  Step 0/2000 | R_avg = 0.968235 | norm = 1
  Step 100/2000 | R_avg = 0.968184 | norm = 0.999976
  Step 200/2000 | R_avg = 0.968167 | norm = 0.999951
  Step 300/2000 | R_avg = 0.968197 | norm = 0.999924
  Step 400/2000 | R_avg = 0.968237 | norm = 0.999897
  Step 500/2000 | R_avg = 0.968179 | norm = 0.999871
  Step 600/2000 | R_avg = 0.967617 | norm = 0.999844
  Step 700/2000 | R_avg = 0.968279 | norm = 0.999816
  Step 800/2000 | R_avg = 0.968148 | norm = 0.999789
  Step 900/2000 | R_avg = 0.968253 | norm = 0.999763
  Step 1000/2000 | R_avg = 0.968179 | norm = 0.999737
  Step 1100/2000 | R_avg = 0.968201 | norm = 0.999711
  Step 1200/2000 | R_avg = 0.96813 | norm = 0.999685
  Step 1300/2000 | R_avg = 0.968152 | norm = 0.999659
  Step 1400/2000 | R_avg = 0.968137 | norm = 0.999633
  Step 1500/2000 | R_avg = 0.968172 | norm = 0.999606
  Step 1600/2000 | R_avg = 0.968194 | norm = 0.999579
  Step 1700/2000 | R_avg = 0.968153 | norm = 0.999553
  Step 1800/2000 | R_avg = 0.968186 | norm = 0.999525
  Step 1900/2000 | R_avg = 0.968215 | norm = 0.999498

===== Global Validation =====
✓ Global validation PASSED
  ✓ Probability Conservation: ||ψ||² = 0.999471 (drift: 0.0528576% from initial 1) ✓ PASS
  ✓ Energy Conservation: E_total = 1.23565 (drift: 0.576464% from initial 1.22857) ✓ PASS
  ✓ Order Parameter Bounds: R ∈ [0, 1] ✓ PASS (within [0,1])
  ✓ Causality: v = |p|/E = 0.00889823 (c = 1) ✓ PASS (v ≤ c)
  ✓ Numerical Stability: All fields finite ✓ PASS

===== Scenario 2.1: Defect Localization Validation =====
✓ Scenario validation PASSED
  ✓ 1. θ(x,y,t=0) shows vortex structure (W = ±1): Winding number W = 1 ✓ PASS (|W| ≈ 1)
  ✓ 3. R(x,y,t=0) shows core (R_min < 0.5): R_min = 0 ✓ PASS (< 0.5)
  Norm validation: max_error = 0.000528777 ✓ PASS
  Energy validation: max_drift = 0.00604767 ✓ PASS
  Saved observables to /home/persist/neotec/0rigin/output/20251228_181644_em_coupling_disabled_regression_64x64/N_100/observables.csv

--- Validating Convergence ---
✓ Convergence validation PASSED

========================================
Velocity: v=0.3c
========================================

Initializing engine for 64×64 grid, velocity v=0.3c...
[SMFTEngine] Resources cleanup delegated to component managers

[SMFTEngine] Physical Interpretation:
  Vacuum potential Δ = 1 (Planck mass in natural units)
  Synchronization field R(x) → Emergent spacetime metric
  Mass field m(x) = Δ·R(x) → Local energy density
  ∇R(x) → Gravitational field (not separate force)
  Grid: 64 x 64 oscillators

[SMFTEngine] Created GPU buffers for 64x64 grid
  Phase buffers: 16384 bytes each
  Spinor buffer: 131072 bytes
  Accumulator buffers: 16384 bytes each (operator splitting)
[SMFTEngine] Created compute pipelines
  ✓ Kuramoto pipeline
  ✓ Sync field pipeline
  ✓ Gravity field pipeline
  ✓ Stochastic Kuramoto pipeline
  ✓ Stochastic Dirac pipeline
  ✓ Accumulation pipeline (operator splitting)
Created experiment directory: /home/persist/neotec/0rigin/output/20251228_181808_em_coupling_disabled_regression_64x64_v0.3
[OutputManager] Created timestamped directory: /home/persist/neotec/0rigin/output/20251228_181808_em_coupling_disabled_regression_64x64_v0.3
