[Logging] Console output for 128x128 v=0.9c writing to: /home/persist/neotec/0rigin/output/20251227_011846_scenario_2.5C_ultra_relativistic_limit_128x128_v0.9/console.log

--- Testing with N=1 ---
  Dirac initialization (grid-independent):
    Position: (50, 50) ℓ_P
    Width: 3 ℓ_P
    Grid coordinates: (64, 64) grid units
    Grid width: 3.84 grid units
  Using Dirac solver (spinor field) with boosted initialization
    Background R (expected): 1
[DiracEvolution] Initialized 128x128 4-component spinor field (particle, β=1)
[SMFT] Boosted Gaussian initialization:
  Position: (64, 64) grid units
  Width: σ = 3.84 grid units
  Velocity: v = (0.9, 0)c
  |v| = 0.9c
  Lorentz factor: γ = 2.29416
  Rest mass: m₀ = Δ·R = 1 × 1 = 1 m_P
  Momentum: p = (2.06474, 0) m_P·c
  |p| = 2.06474 m_P·c
  Pre-normalization: ∫|Ψ|² = 92.6492
  Normalization factor: 9.62545
[DiracEvolution] Initialized Gaussian wavepacket at (64, 64) with σ=3.84
  Final norm: ||Ψ||² = 1
  Initial position: <r> = (64, 64)
✓ Boosted Gaussian initialized
[SMFTEngine] Boosted Dirac field initialized: center=(64,64), sigma=3.84, boost=(0.9,0)c, norm=1, <r>=(64,64)
[DiracEvolution] Initialized 128x128 4-component spinor field (particle, β=1)
[SMFT] Boosted Gaussian initialization:
  Position: (64, 64) grid units
  Width: σ = 3.84 grid units
  Velocity: v = (0.9, 0)c
  |v| = 0.9c
  Lorentz factor: γ = 2.29416
  Rest mass: m₀ = Δ·R = 1 × 1 = 1 m_P
  Momentum: p = (2.06474, 0) m_P·c
  |p| = 2.06474 m_P·c
  Pre-normalization: ∫|Ψ|² = 92.6492
  Normalization factor: 9.62545
[DiracEvolution] Initialized Gaussian wavepacket at (64, 64) with σ=3.84
  Final norm: ||Ψ||² = 1
  Initial position: <r> = (64, 64)
✓ Boosted Gaussian initialized
  Initial energy E0 = 1.78997
  Initial norm = 1
[stepWithDirac] Strang splitting enabled:
  substep_ratio=1
  substep_dt=0.005
  half_substeps=0
  remaining_substeps=1
  Saved spatial snapshot at t = 0 (step 0)
  Step 0/10000 | R_avg = 0.999929 | norm = 1
  Step 200/10000 | R_avg = 0.999937 | norm = 0.999948
  Step 400/10000 | R_avg = 0.999935 | norm = 0.999894
  Step 600/10000 | R_avg = 0.999929 | norm = 0.99984
  Step 800/10000 | R_avg = 0.999937 | norm = 0.999783
  Step 1000/10000 | R_avg = 0.999935 | norm = 0.999725
  Step 1200/10000 | R_avg = 0.999929 | norm = 0.999666
  Step 1400/10000 | R_avg = 0.999937 | norm = 0.999605
  Step 1600/10000 | R_avg = 0.999935 | norm = 0.999545
  Step 1800/10000 | R_avg = 0.999929 | norm = 0.999484
  Step 2000/10000 | R_avg = 0.999937 | norm = 0.999422
  Step 2200/10000 | R_avg = 0.999935 | norm = 0.99936
  Step 2400/10000 | R_avg = 0.999896 | norm = 0.999299
  Saved spatial snapshot at t = 12.5 (step 2500)
  Step 2600/10000 | R_avg = 0.999896 | norm = 0.999237
  Step 2800/10000 | R_avg = 0.999878 | norm = 0.999176
  Step 3000/10000 | R_avg = 0.999878 | norm = 0.999115
  Step 3200/10000 | R_avg = 0.999937 | norm = 0.999055
  Step 3400/10000 | R_avg = 0.999924 | norm = 0.998995
  Step 3600/10000 | R_avg = 0.999918 | norm = 0.998934
  Step 3800/10000 | R_avg = 0.999925 | norm = 0.998873
  Step 4000/10000 | R_avg = 0.999915 | norm = 0.998811
  Step 4200/10000 | R_avg = 0.999918 | norm = 0.998749
  Step 4400/10000 | R_avg = 0.999925 | norm = 0.998687
  Step 4600/10000 | R_avg = 0.999915 | norm = 0.998625
  Step 4800/10000 | R_avg = 0.999918 | norm = 0.998563
  Saved spatial snapshot at t = 25 (step 5000)
  Step 5000/10000 | R_avg = 0.999925 | norm = 0.998501
  Step 5200/10000 | R_avg = 0.999915 | norm = 0.998439
  Step 5400/10000 | R_avg = 0.999918 | norm = 0.998378
  Step 5600/10000 | R_avg = 0.999925 | norm = 0.998319
  Step 5800/10000 | R_avg = 0.999915 | norm = 0.998261
  Step 6000/10000 | R_avg = 0.999918 | norm = 0.998205
  Step 6200/10000 | R_avg = 0.999925 | norm = 0.998149
  Step 6400/10000 | R_avg = 0.999915 | norm = 0.998095
  Step 6600/10000 | R_avg = 0.999918 | norm = 0.99804
  Step 6800/10000 | R_avg = 0.999925 | norm = 0.997985
  Step 7000/10000 | R_avg = 0.999915 | norm = 0.997928
  Step 7200/10000 | R_avg = 0.999918 | norm = 0.99787
  Step 7400/10000 | R_avg = 0.999925 | norm = 0.99781
  Saved spatial snapshot at t = 37.5 (step 7500)
  Step 7600/10000 | R_avg = 0.999915 | norm = 0.997749
  Step 7800/10000 | R_avg = 0.999918 | norm = 0.997687
  Step 8000/10000 | R_avg = 0.999925 | norm = 0.997624
  Step 8200/10000 | R_avg = 0.999915 | norm = 0.997561
  Step 8400/10000 | R_avg = 0.999918 | norm = 0.997497
  Step 8600/10000 | R_avg = 0.999925 | norm = 0.997433
  Step 8800/10000 | R_avg = 0.999915 | norm = 0.997369
  Step 9000/10000 | R_avg = 0.999918 | norm = 0.997305
  Step 9200/10000 | R_avg = 0.999925 | norm = 0.997241
  Step 9400/10000 | R_avg = 0.999915 | norm = 0.997178
  Step 9600/10000 | R_avg = 0.999918 | norm = 0.997116
  Step 9800/10000 | R_avg = 0.999925 | norm = 0.997053
  Saved spatial snapshot at t = 49.995 (step 9999)

===== Global Validation =====
✓ Global validation PASSED
  ✓ Probability Conservation: ||ψ||² = 0.996991 (drift: 0.300979% from initial 1) ✓ PASS
  ✓ Energy Conservation: E_total = 1.78458 (drift: 0.279217% from initial 1.78958) ✓ PASS
  ✓ Order Parameter Bounds: R ∈ [1, 1] ✓ PASS (within [0,1])
  ✓ Causality: v = |p|/E = 0.483764 (c = 1) ✓ PASS (v ≤ c)
  ✓ Numerical Stability: All fields finite ✓ PASS

===== Scenario 2.3: Relativistic Mass Validation =====
  Boost velocity: v = 0.9c
  Theoretical gamma: γ = 2.29416
✗ Scenario validation FAILED:
  ✗ 1. θ(x,y,t=0) shows vortex structure (W = ±1): Winding number W = 0 ✗ FAIL (expect |W| = 1 ± 0.2)
  ✗ 3. R(x,y,t=0) shows core (R_min < 0.5): R_min = 1 ✗ FAIL (expect R_min < 0.5)
  ✗ 4. ψ(x,y,t=0) is Gaussian at offset position: Wavepacket variance = 6.55052e-07 ✗ FAIL (too uniform, not Gaussian)
  ✗ 5. ⟨p⟩(t=0) = γmv (within 5%): ⟨p⟩ = 0.865668 (expect 2.06474, error = 58.0738%) ✗ FAIL (exceeds 5% tolerance)
  ✗ 6. γ_measured(t=final) within 5% of theory: γ_measured = 1.56199 (γ_theory = 2.29416, error = 31.9144%) ✗ FAIL (exceeds 5% tolerance)
  Norm validation: max_error = 0.00300895 ✓ PASS
  Energy validation: max_drift = 0.00281361 ✓ PASS
  Saved observables to /home/persist/neotec/0rigin/output/20251227_011846_scenario_2.5C_ultra_relativistic_limit_128x128_v0.9/N_1/observables.csv

--- Testing with N=10 ---
  Dirac initialization (grid-independent):
    Position: (50, 50) ℓ_P
    Width: 3 ℓ_P
    Grid coordinates: (64, 64) grid units
    Grid width: 3.84 grid units
  Using Dirac solver (spinor field) with boosted initialization
    Background R (expected): 1
[SMFT] Boosted Gaussian initialization:
  Position: (64, 64) grid units
  Width: σ = 3.84 grid units
  Velocity: v = (0.9, 0)c
  |v| = 0.9c
  Lorentz factor: γ = 2.29416
  Rest mass: m₀ = Δ·R = 1 × 1 = 1 m_P
  Momentum: p = (2.06474, 0) m_P·c
  |p| = 2.06474 m_P·c
  Pre-normalization: ∫|Ψ|² = 92.6492
  Normalization factor: 9.62545
[DiracEvolution] Initialized Gaussian wavepacket at (64, 64) with σ=3.84
  Final norm: ||Ψ||² = 1
  Initial position: <r> = (64, 64)
✓ Boosted Gaussian initialized
[SMFTEngine] Boosted Dirac field initialized: center=(64,64), sigma=3.84, boost=(0.9,0)c, norm=1, <r>=(64,64)
[DiracEvolution] Initialized 128x128 4-component spinor field (particle, β=1)
[SMFT] Boosted Gaussian initialization:
  Position: (64, 64) grid units
  Width: σ = 3.84 grid units
  Velocity: v = (0.9, 0)c
  |v| = 0.9c
  Lorentz factor: γ = 2.29416
  Rest mass: m₀ = Δ·R = 1 × 1 = 1 m_P
  Momentum: p = (2.06474, 0) m_P·c
  |p| = 2.06474 m_P·c
  Pre-normalization: ∫|Ψ|² = 92.6492
  Normalization factor: 9.62545
[DiracEvolution] Initialized Gaussian wavepacket at (64, 64) with σ=3.84
  Final norm: ||Ψ||² = 1
  Initial position: <r> = (64, 64)
✓ Boosted Gaussian initialized
  Initial energy E0 = 1.78997
  Initial norm = 1
  Saved spatial snapshot at t = 0 (step 0)
  Step 0/10000 | R_avg = 0.999915 | norm = 1
  Step 200/10000 | R_avg = 0.999929 | norm = 0.999948
  Step 400/10000 | R_avg = 0.999924 | norm = 0.999894
  Step 600/10000 | R_avg = 0.999918 | norm = 0.999839
  Step 800/10000 | R_avg = 0.999927 | norm = 0.999783
  Step 1000/10000 | R_avg = 0.999918 | norm = 0.999725
  Step 1200/10000 | R_avg = 0.999925 | norm = 0.999666
  Step 1400/10000 | R_avg = 0.999922 | norm = 0.999606
  Step 1600/10000 | R_avg = 0.999921 | norm = 0.999544
  Step 1800/10000 | R_avg = 0.999915 | norm = 0.999483
  Step 2000/10000 | R_avg = 0.999929 | norm = 0.999421
  Step 2200/10000 | R_avg = 0.999924 | norm = 0.999359
  Step 2400/10000 | R_avg = 0.999918 | norm = 0.999297
  Saved spatial snapshot at t = 12.5 (step 2500)
  Step 2600/10000 | R_avg = 0.999927 | norm = 0.999236
  Step 2800/10000 | R_avg = 0.999918 | norm = 0.999175
  Step 3000/10000 | R_avg = 0.999925 | norm = 0.999114
  Step 3200/10000 | R_avg = 0.999922 | norm = 0.999054
  Step 3400/10000 | R_avg = 0.999921 | norm = 0.998993
  Step 3600/10000 | R_avg = 0.999915 | norm = 0.998933
  Step 3800/10000 | R_avg = 0.999929 | norm = 0.998872
  Step 4000/10000 | R_avg = 0.999924 | norm = 0.99881
  Step 4200/10000 | R_avg = 0.999918 | norm = 0.998748
  Step 4400/10000 | R_avg = 0.999927 | norm = 0.998685
  Step 4600/10000 | R_avg = 0.999918 | norm = 0.998624
  Step 4800/10000 | R_avg = 0.999925 | norm = 0.998561
  Saved spatial snapshot at t = 25 (step 5000)
  Step 5000/10000 | R_avg = 0.999922 | norm = 0.998499
  Step 5200/10000 | R_avg = 0.999921 | norm = 0.998437
  Step 5400/10000 | R_avg = 0.999915 | norm = 0.998376
  Step 5600/10000 | R_avg = 0.999929 | norm = 0.998316
  Step 5800/10000 | R_avg = 0.999924 | norm = 0.998258
  Step 6000/10000 | R_avg = 0.999918 | norm = 0.998201
  Step 6200/10000 | R_avg = 0.999927 | norm = 0.998146
  Step 6400/10000 | R_avg = 0.999918 | norm = 0.998092
  Step 6600/10000 | R_avg = 0.999925 | norm = 0.998037
  Step 6800/10000 | R_avg = 0.999922 | norm = 0.997981
  Step 7000/10000 | R_avg = 0.999921 | norm = 0.997924
  Step 7200/10000 | R_avg = 0.999915 | norm = 0.997866
  Step 7400/10000 | R_avg = 0.999929 | norm = 0.997806
  Saved spatial snapshot at t = 37.5 (step 7500)
  Step 7600/10000 | R_avg = 0.999924 | norm = 0.997745
  Step 7800/10000 | R_avg = 0.999918 | norm = 0.997683
  Step 8000/10000 | R_avg = 0.999927 | norm = 0.99762
  Step 8200/10000 | R_avg = 0.999918 | norm = 0.997556
  Step 8400/10000 | R_avg = 0.999925 | norm = 0.997492
  Step 8600/10000 | R_avg = 0.999922 | norm = 0.997428
  Step 8800/10000 | R_avg = 0.999921 | norm = 0.997365
  Step 9000/10000 | R_avg = 0.999915 | norm = 0.997301
  Step 9200/10000 | R_avg = 0.999929 | norm = 0.997237
  Step 9400/10000 | R_avg = 0.999924 | norm = 0.997174
  Step 9600/10000 | R_avg = 0.999918 | norm = 0.997111
  Step 9800/10000 | R_avg = 0.999926 | norm = 0.997049
  Saved spatial snapshot at t = 49.995 (step 9999)

===== Global Validation =====
✓ Global validation PASSED
  ✓ Probability Conservation: ||ψ||² = 0.996986 (drift: 0.301461% from initial 1) ✓ PASS
  ✓ Energy Conservation: E_total = 1.78452 (drift: 0.304351% from initial 1.78997) ✓ PASS
  ✓ Order Parameter Bounds: R ∈ [1, 1] ✓ PASS (within [0,1])
  ✓ Causality: v = |p|/E = 0.483703 (c = 1) ✓ PASS (v ≤ c)
  ✓ Numerical Stability: All fields finite ✓ PASS

===== Scenario 2.3: Relativistic Mass Validation =====
  Boost velocity: v = 0.9c
  Theoretical gamma: γ = 2.29416
✗ Scenario validation FAILED:
  ✗ 1. θ(x,y,t=0) shows vortex structure (W = ±1): Winding number W = 0 ✗ FAIL (expect |W| = 1 ± 0.2)
  ✗ 3. R(x,y,t=0) shows core (R_min < 0.5): R_min = 1 ✗ FAIL (expect R_min < 0.5)
  ✗ 4. ψ(x,y,t=0) is Gaussian at offset position: Wavepacket variance = 6.55052e-07 ✗ FAIL (too uniform, not Gaussian)
  ✗ 5. ⟨p⟩(t=0) = γmv (within 5%): ⟨p⟩ = 0.865668 (expect 2.06474, error = 58.0738%) ✗ FAIL (exceeds 5% tolerance)
  ✗ 6. γ_measured(t=final) within 5% of theory: γ_measured = 1.562 (γ_theory = 2.29416, error = 31.914%) ✗ FAIL (exceeds 5% tolerance)
  Norm validation: max_error = 0.0030138 ✓ PASS
  Energy validation: max_drift = 0.00322123 ✓ PASS
  Saved observables to /home/persist/neotec/0rigin/output/20251227_011846_scenario_2.5C_ultra_relativistic_limit_128x128_v0.9/N_10/observables.csv

--- Testing with N=100 ---
  Dirac initialization (grid-independent):
    Position: (50, 50) ℓ_P
    Width: 3 ℓ_P
    Grid coordinates: (64, 64) grid units
    Grid width: 3.84 grid units
  Using Dirac solver (spinor field) with boosted initialization
    Background R (expected): 1
[SMFT] Boosted Gaussian initialization:
  Position: (64, 64) grid units
  Width: σ = 3.84 grid units
  Velocity: v = (0.9, 0)c
  |v| = 0.9c
  Lorentz factor: γ = 2.29416
  Rest mass: m₀ = Δ·R = 1 × 1 = 1 m_P
  Momentum: p = (2.06474, 0) m_P·c
  |p| = 2.06474 m_P·c
  Pre-normalization: ∫|Ψ|² = 92.6492
  Normalization factor: 9.62545
[DiracEvolution] Initialized Gaussian wavepacket at (64, 64) with σ=3.84
  Final norm: ||Ψ||² = 1
  Initial position: <r> = (64, 64)
✓ Boosted Gaussian initialized
[SMFTEngine] Boosted Dirac field initialized: center=(64,64), sigma=3.84, boost=(0.9,0)c, norm=1, <r>=(64,64)
[DiracEvolution] Initialized 128x128 4-component spinor field (particle, β=1)
[SMFT] Boosted Gaussian initialization:
  Position: (64, 64) grid units
  Width: σ = 3.84 grid units
  Velocity: v = (0.9, 0)c
  |v| = 0.9c
  Lorentz factor: γ = 2.29416
  Rest mass: m₀ = Δ·R = 1 × 1 = 1 m_P
  Momentum: p = (2.06474, 0) m_P·c
  |p| = 2.06474 m_P·c
  Pre-normalization: ∫|Ψ|² = 92.6492
  Normalization factor: 9.62545
[DiracEvolution] Initialized Gaussian wavepacket at (64, 64) with σ=3.84
  Final norm: ||Ψ||² = 1
  Initial position: <r> = (64, 64)
✓ Boosted Gaussian initialized
  Initial energy E0 = 1.78997
  Initial norm = 1
  Saved spatial snapshot at t = 0 (step 0)
  Step 0/10000 | R_avg = 0.999918 | norm = 1
  Step 200/10000 | R_avg = 0.999925 | norm = 0.999948
  Step 400/10000 | R_avg = 0.999922 | norm = 0.999894
  Step 600/10000 | R_avg = 0.999921 | norm = 0.999839
  Step 800/10000 | R_avg = 0.999915 | norm = 0.999783
  Step 1000/10000 | R_avg = 0.999929 | norm = 0.999724
  Step 1200/10000 | R_avg = 0.999924 | norm = 0.999665
  Step 1400/10000 | R_avg = 0.999918 | norm = 0.999604
  Step 1600/10000 | R_avg = 0.999927 | norm = 0.999543
  Step 1800/10000 | R_avg = 0.999918 | norm = 0.999481
  Step 2000/10000 | R_avg = 0.999925 | norm = 0.999419
  Step 2200/10000 | R_avg = 0.999922 | norm = 0.999358
  Step 2400/10000 | R_avg = 0.999921 | norm = 0.999296
  Saved spatial snapshot at t = 12.5 (step 2500)
  Step 2600/10000 | R_avg = 0.999915 | norm = 0.999234
  Step 2800/10000 | R_avg = 0.999929 | norm = 0.999173
  Step 3000/10000 | R_avg = 0.999924 | norm = 0.999113
  Step 3200/10000 | R_avg = 0.999918 | norm = 0.999053
  Step 3400/10000 | R_avg = 0.999927 | norm = 0.998993
  Step 3600/10000 | R_avg = 0.999918 | norm = 0.998932
  Step 3800/10000 | R_avg = 0.999925 | norm = 0.99887
  Step 4000/10000 | R_avg = 0.999922 | norm = 0.998808
  Step 4200/10000 | R_avg = 0.999921 | norm = 0.998746
  Step 4400/10000 | R_avg = 0.999915 | norm = 0.998683
  Step 4600/10000 | R_avg = 0.999929 | norm = 0.998621
  Step 4800/10000 | R_avg = 0.999924 | norm = 0.998559
  Saved spatial snapshot at t = 25 (step 5000)
  Step 5000/10000 | R_avg = 0.999918 | norm = 0.998497
  Step 5200/10000 | R_avg = 0.999927 | norm = 0.998435
  Step 5400/10000 | R_avg = 0.999918 | norm = 0.998375
  Step 5600/10000 | R_avg = 0.999925 | norm = 0.998315
  Step 5800/10000 | R_avg = 0.999922 | norm = 0.998257
  Step 6000/10000 | R_avg = 0.999921 | norm = 0.9982
  Step 6200/10000 | R_avg = 0.999915 | norm = 0.998145
  Step 6400/10000 | R_avg = 0.999929 | norm = 0.99809
  Step 6600/10000 | R_avg = 0.999924 | norm = 0.998035
  Step 6800/10000 | R_avg = 0.999918 | norm = 0.99798
  Step 7000/10000 | R_avg = 0.999927 | norm = 0.997923
  Step 7200/10000 | R_avg = 0.999918 | norm = 0.997865
  Step 7400/10000 | R_avg = 0.999925 | norm = 0.997805
  Saved spatial snapshot at t = 37.5 (step 7500)
  Step 7600/10000 | R_avg = 0.999922 | norm = 0.997744
  Step 7800/10000 | R_avg = 0.999921 | norm = 0.997681
  Step 8000/10000 | R_avg = 0.999915 | norm = 0.997617
  Step 8200/10000 | R_avg = 0.999929 | norm = 0.997554
  Step 8400/10000 | R_avg = 0.999924 | norm = 0.997491
  Step 8600/10000 | R_avg = 0.999918 | norm = 0.997426
  Step 8800/10000 | R_avg = 0.999927 | norm = 0.997363
  Step 9000/10000 | R_avg = 0.999918 | norm = 0.997299
  Step 9200/10000 | R_avg = 0.999925 | norm = 0.997235
  Step 9400/10000 | R_avg = 0.999922 | norm = 0.997172
  Step 9600/10000 | R_avg = 0.999921 | norm = 0.99711
  Step 9800/10000 | R_avg = 0.999915 | norm = 0.997048
  Saved spatial snapshot at t = 49.995 (step 9999)

===== Global Validation =====
✓ Global validation PASSED
  ✓ Probability Conservation: ||ψ||² = 0.996985 (drift: 0.301598% from initial 1) ✓ PASS
  ✓ Energy Conservation: E_total = 1.78451 (drift: 0.304642% from initial 1.78997) ✓ PASS
  ✓ Order Parameter Bounds: R ∈ [1, 1] ✓ PASS (within [0,1])
  ✓ Causality: v = |p|/E = 0.483703 (c = 1) ✓ PASS (v ≤ c)
  ✓ Numerical Stability: All fields finite ✓ PASS

===== Scenario 2.3: Relativistic Mass Validation =====
  Boost velocity: v = 0.9c
  Theoretical gamma: γ = 2.29416
✗ Scenario validation FAILED:
  ✗ 1. θ(x,y,t=0) shows vortex structure (W = ±1): Winding number W = 0 ✗ FAIL (expect |W| = 1 ± 0.2)
  ✗ 3. R(x,y,t=0) shows core (R_min < 0.5): R_min = 1 ✗ FAIL (expect R_min < 0.5)
  ✗ 4. ψ(x,y,t=0) is Gaussian at offset position: Wavepacket variance = 6.55052e-07 ✗ FAIL (too uniform, not Gaussian)
  ✗ 5. ⟨p⟩(t=0) = γmv (within 5%): ⟨p⟩ = 0.865669 (expect 2.06474, error = 58.0738%) ✗ FAIL (exceeds 5% tolerance)
  ✗ 6. γ_measured(t=final) within 5% of theory: γ_measured = 1.56199 (γ_theory = 2.29416, error = 31.9144%) ✗ FAIL (exceeds 5% tolerance)
  Norm validation: max_error = 0.00301515 ✓ PASS
  Energy validation: max_drift = 0.00322145 ✓ PASS
  Saved observables to /home/persist/neotec/0rigin/output/20251227_011846_scenario_2.5C_ultra_relativistic_limit_128x128_v0.9/N_100/observables.csv

--- Validating Convergence ---
✓ Convergence validation PASSED

========================================
Grid: 128×128 | Velocity: v=0.95c
========================================

Initializing engine for 128×128 grid, velocity v=0.95c...
[SMFTEngine] Resources cleanup delegated to component managers

[SMFTEngine] Physical Interpretation:
  Vacuum potential Δ = 1 (Planck mass in natural units)
  Synchronization field R(x) → Emergent spacetime metric
  Mass field m(x) = Δ·R(x) → Local energy density
  ∇R(x) → Gravitational field (not separate force)
  Grid: 128 x 128 oscillators

[SMFTEngine] Created GPU buffers for 128x128 grid
  Phase buffers: 65536 bytes each
  Spinor buffer: 524288 bytes
  Accumulator buffers: 65536 bytes each (operator splitting)
[SMFTEngine] Created compute pipelines
  ✓ Kuramoto pipeline
  ✓ Sync field pipeline
  ✓ Gravity field pipeline
  ✓ Stochastic Kuramoto pipeline
  ✓ Stochastic Dirac pipeline
  ✓ Accumulation pipeline (operator splitting)
Created experiment directory: /home/persist/neotec/0rigin/output/20251227_013443_scenario_2.5C_ultra_relativistic_limit_128x128_v0.9
[OutputManager] Created timestamped directory: /home/persist/neotec/0rigin/output/20251227_013443_scenario_2.5C_ultra_relativistic_limit_128x128_v0.9
