[Logging] Console output for 64x64 writing to: /home/persist/neotec/0rigin/output/20251231_013045_lorentz_force_refined_timestep/console.log
  Dirac initialization (grid-independent):
    Position: (50, 50) ℓ_P
    Width: 3 ℓ_P
    Grid coordinates: (32, 32) grid units
    Grid width: 1.92 grid units
  Using Dirac solver (spinor field)
[DiracEvolution] Initialized 64x64 4-component spinor field (particle, β=1)
[DiracEvolution] Initialized Gaussian wavepacket at (32, 32) with σ=1.92
[SMFTEngine] Dirac field initialized: center=(32,32), sigma=1.92, norm=1
[DiracEvolution] Initialized 64x64 4-component spinor field (particle, β=1)
[DiracEvolution] Initialized Gaussian wavepacket at (32, 32) with σ=1.92
  Initial energy E0 = 0.237587
  Initial norm = 1

--- Initializing Test Particle for Lorentz Force ---
  Particle initialized at (55, 50) ℓ_P
  Initial velocity: (0, 0.01) c
  Charge: -1, Mass: 0.1 (natural units)
  Verified state: pos=(55,50), vel=(0,0.01)
[stepWithDirac] Strang splitting enabled:
  substep_ratio=1
  substep_dt=0.0001
  half_substeps=0
  remaining_substeps=1
[GPU EM Compute] 1 calls | Last: 221 μs | Avg: 221 μs | Grid: 64×64
  [Kuramoto Energy] grad_R: 0.546273, potential: -4093.15, total: -4092.61 (κ=1)
  Actual initial energy E0 = -4089.88 (from first observation including EM)
[RECORD_DEBUG] Step 0: modulo=0, should_record=1, record_interval=5
[DEBUG] Step 0: record_interval=5, record_every=5, save_every=5, record_trajectory=1, trajectory_size=0
  Using PURE uniform B-field: B_z = 0.1 (E = 0 everywhere)
  Step 0/100000 | R_avg = 0.999521 | norm = 1
[RECORD_DEBUG] Step 5: modulo=0, should_record=1, record_interval=5
[DEBUG] Step 5: record_interval=5, record_every=5, save_every=5, record_trajectory=1, trajectory_size=1
[RECORD_DEBUG] Step 10: modulo=0, should_record=1, record_interval=5
[DEBUG] Step 10: record_interval=5, record_every=5, save_every=5, record_trajectory=1, trajectory_size=2
[ERROR] Invalid theta fields detected (NaN/Inf), returning zero EM observables
[ERROR] Invalid theta fields detected (NaN/Inf), returning zero EM observables
[ERROR] Invalid theta fields detected (NaN/Inf), returning zero EM observables
[ERROR] Invalid theta fields detected (NaN/Inf), returning zero EM observables
[GPU EM Compute] 50 calls | Last: 106 μs | Avg: 111 μs | Grid: 64×64
[ERROR] Invalid theta fields detected (NaN/Inf), returning zero EM observables
[ERROR] Invalid theta fields detected (NaN/Inf), returning zero EM observables
  Step 50/100000 | R_avg = 0.999786 | norm = 0.999986
[ERROR] Invalid theta fields detected (NaN/Inf), returning zero EM observables
[ERROR] Invalid theta fields detected (NaN/Inf), returning zero EM observables
[ERROR] Invalid theta fields detected (NaN/Inf), returning zero EM observables
[ERROR] Invalid theta fields detected (NaN/Inf), returning zero EM observables
[ERROR] Invalid theta fields detected (NaN/Inf), returning zero EM observables
[ERROR] Invalid theta fields detected (NaN/Inf), returning zero EM observables
[GPU EM Compute] 100 calls | Last: 103 μs | Avg: 107 μs | Grid: 64×64
[DEBUG] Step 100: record_interval=5, record_every=5, save_every=5, record_trajectory=1, trajectory_size=20
  Step 100/100000 | R_avg = 0.999856 | norm = 0.999972
[ERROR] Invalid theta fields detected (NaN/Inf), returning zero EM observables
[ERROR] Invalid theta fields detected (NaN/Inf), returning zero EM observables
[ERROR] Invalid theta fields detected (NaN/Inf), returning zero EM observables
[ERROR] Invalid theta fields detected (NaN/Inf), returning zero EM observables
[ERROR] Invalid theta fields detected (NaN/Inf), returning zero EM observables
[ERROR] Invalid theta fields detected (NaN/Inf), returning zero EM observables
[ERROR] Invalid theta fields detected (NaN/Inf), returning zero EM observables
[ERROR] Invalid theta fields detected (NaN/Inf), returning zero EM observables
[GPU EM Compute] 150 calls | Last: 105 μs | Avg: 107 μs | Grid: 64×64
  Step 150/100000 | R_avg = 0.99982 | norm = 0.999957
[GPU EM Compute] 200 calls | Last: 109 μs | Avg: 107 μs | Grid: 64×64
  Step 200/100000 | R_avg = 0.999797 | norm = 0.999943
[GPU EM Compute] 250 calls | Last: 107 μs | Avg: 107 μs | Grid: 64×64
  Step 250/100000 | R_avg = 0.999815 | norm = 0.999929
[GPU EM Compute] 300 calls | Last: 103 μs | Avg: 106 μs | Grid: 64×64
  Step 300/100000 | R_avg = 0.999781 | norm = 0.999915
[GPU EM Compute] 350 calls | Last: 105 μs | Avg: 106 μs | Grid: 64×64
  Step 350/100000 | R_avg = 0.999806 | norm = 0.9999
[GPU EM Compute] 400 calls | Last: 106 μs | Avg: 106 μs | Grid: 64×64
  Step 400/100000 | R_avg = 0.999828 | norm = 0.999886
[GPU EM Compute] 450 calls | Last: 106 μs | Avg: 106 μs | Grid: 64×64
  Step 450/100000 | R_avg = 0.999836 | norm = 0.999871
[ERROR] Recording EVERY step! record_count=100 call_count=100
[GPU EM Compute] 500 calls | Last: 106 μs | Avg: 105 μs | Grid: 64×64
  [Kuramoto Energy] grad_R: 0.0317811, potential: -4093.89, total: -4093.86 (κ=1)
  Step 500/100000 | R_avg = 0.999737 | norm = 0.999857
[GPU EM Compute] 550 calls | Last: 107 μs | Avg: 105 μs | Grid: 64×64
  Step 550/100000 | R_avg = 0.999859 | norm = 0.999843
[GPU EM Compute] 600 calls | Last: 104 μs | Avg: 105 μs | Grid: 64×64
  Step 600/100000 | R_avg = 0.999834 | norm = 0.999828
[GPU EM Compute] 650 calls | Last: 106 μs | Avg: 105 μs | Grid: 64×64
  Step 650/100000 | R_avg = 0.999842 | norm = 0.999814
[GPU EM Compute] 700 calls | Last: 106 μs | Avg: 105 μs | Grid: 64×64
  Step 700/100000 | R_avg = 0.999735 | norm = 0.999799
[GPU EM Compute] 750 calls | Last: 103 μs | Avg: 105 μs | Grid: 64×64
  Step 750/100000 | R_avg = 0.99984 | norm = 0.999785
[GPU EM Compute] 800 calls | Last: 104 μs | Avg: 105 μs | Grid: 64×64
  Step 800/100000 | R_avg = 0.999807 | norm = 0.99977
[GPU EM Compute] 850 calls | Last: 105 μs | Avg: 105 μs | Grid: 64×64
  Step 850/100000 | R_avg = 0.999778 | norm = 0.999756
[GPU EM Compute] 900 calls | Last: 110 μs | Avg: 105 μs | Grid: 64×64
  Step 900/100000 | R_avg = 0.999759 | norm = 0.999742
[GPU EM Compute] 950 calls | Last: 106 μs | Avg: 105 μs | Grid: 64×64
  Step 950/100000 | R_avg = 0.999785 | norm = 0.999727
[GPU EM Compute] 1000 calls | Last: 104 μs | Avg: 105 μs | Grid: 64×64
  [Kuramoto Energy] grad_R: 0.0301317, potential: -4093.92, total: -4093.89 (κ=1)
[RECORD_DEBUG] Step 1000: modulo=0, should_record=1, record_interval=5
[DEBUG] Step 1000: record_interval=5, record_every=5, save_every=5, record_trajectory=1, trajectory_size=200
  Step 1000/100000 | R_avg = 0.99974 | norm = 0.999713
[GPU EM Compute] 1050 calls | Last: 105 μs | Avg: 105 μs | Grid: 64×64
  Step 1050/100000 | R_avg = 0.999796 | norm = 0.999699
[GPU EM Compute] 1100 calls | Last: 103 μs | Avg: 105 μs | Grid: 64×64
  Step 1100/100000 | R_avg = 0.999758 | norm = 0.999684
[GPU EM Compute] 1150 calls | Last: 106 μs | Avg: 105 μs | Grid: 64×64
  Step 1150/100000 | R_avg = 0.999824 | norm = 0.999669
[GPU EM Compute] 1200 calls | Last: 103 μs | Avg: 105 μs | Grid: 64×64
  Step 1200/100000 | R_avg = 0.99978 | norm = 0.999655
[GPU EM Compute] 1250 calls | Last: 106 μs | Avg: 105 μs | Grid: 64×64
  Step 1250/100000 | R_avg = 0.999818 | norm = 0.99964
[GPU EM Compute] 1300 calls | Last: 104 μs | Avg: 104 μs | Grid: 64×64
  Step 1300/100000 | R_avg = 0.999899 | norm = 0.999625
[GPU EM Compute] 1350 calls | Last: 103 μs | Avg: 104 μs | Grid: 64×64
  Step 1350/100000 | R_avg = 0.99981 | norm = 0.999611
[GPU EM Compute] 1400 calls | Last: 116 μs | Avg: 104 μs | Grid: 64×64
  Step 1400/100000 | R_avg = 0.99982 | norm = 0.999597
[GPU EM Compute] 1450 calls | Last: 103 μs | Avg: 104 μs | Grid: 64×64
  Step 1450/100000 | R_avg = 0.99989 | norm = 0.999582
[GPU EM Compute] 1500 calls | Last: 103 μs | Avg: 104 μs | Grid: 64×64
  [Kuramoto Energy] grad_R: 0.0196619, potential: -4094.62, total: -4094.6 (κ=1)
  Step 1500/100000 | R_avg = 0.999828 | norm = 0.999568
[GPU EM Compute] 1550 calls | Last: 104 μs | Avg: 104 μs | Grid: 64×64
  Step 1550/100000 | R_avg = 0.999822 | norm = 0.999554
[GPU EM Compute] 1600 calls | Last: 103 μs | Avg: 104 μs | Grid: 64×64
  Step 1600/100000 | R_avg = 0.99986 | norm = 0.999539
[GPU EM Compute] 1650 calls | Last: 106 μs | Avg: 104 μs | Grid: 64×64
  Step 1650/100000 | R_avg = 0.999824 | norm = 0.999524
[GPU EM Compute] 1700 calls | Last: 112 μs | Avg: 104 μs | Grid: 64×64
  Step 1700/100000 | R_avg = 0.99979 | norm = 0.99951
[GPU EM Compute] 1750 calls | Last: 103 μs | Avg: 104 μs | Grid: 64×64
  Step 1750/100000 | R_avg = 0.999858 | norm = 0.999495
[GPU EM Compute] 1800 calls | Last: 107 μs | Avg: 104 μs | Grid: 64×64
  Step 1800/100000 | R_avg = 0.999805 | norm = 0.99948
[GPU EM Compute] 1850 calls | Last: 102 μs | Avg: 104 μs | Grid: 64×64
  Step 1850/100000 | R_avg = 0.999803 | norm = 0.999465
[GPU EM Compute] 1900 calls | Last: 119 μs | Avg: 104 μs | Grid: 64×64
  Step 1900/100000 | R_avg = 0.999634 | norm = 0.999451
[GPU EM Compute] 1950 calls | Last: 139 μs | Avg: 104 μs | Grid: 64×64
  Step 1950/100000 | R_avg = 0.999723 | norm = 0.999436
[GPU EM Compute] 2000 calls | Last: 104 μs | Avg: 104 μs | Grid: 64×64
  [Kuramoto Energy] grad_R: 0.0307501, potential: -4093.94, total: -4093.91 (κ=1)
[RECORD_DEBUG] Step 2000: modulo=0, should_record=1, record_interval=5
  Step 2000/100000 | R_avg = 0.999744 | norm = 0.999421
