[Logging] Console output for 128x128 v=0.7c writing to: /home/persist/neotec/0rigin/output/20251226_214740_scenario_2.5B_boosted_frame_analysis_128x128_v0.7/console.log

--- Testing with N=1 ---
  Dirac initialization (grid-independent):
    Position: (50, 50) ℓ_P
    Width: 3 ℓ_P
    Grid coordinates: (64, 64) grid units
    Grid width: 3.84 grid units
  Using Dirac solver (spinor field) with boosted initialization
    Background R (expected): 1
[DiracEvolution] Initialized 128x128 4-component spinor field (particle, β=1)
[SMFT] Boosted Gaussian initialization:
  Position: (64, 64) grid units
  Width: σ = 3.84 grid units
  Velocity: v = (0.7, 0)c
  |v| = 0.7c
  Lorentz factor: γ = 1.40028
  Rest mass: m₀ = Δ·R = 1 × 1 = 1 m_P
  Momentum: p = (0.980196, 0) m_P·c
  |p| = 0.980196 m_P·c
  Pre-normalization: ∫|Ψ|² = 92.6492
  Normalization factor: 9.62545
[DiracEvolution] Initialized Gaussian wavepacket at (64, 64) with σ=3.84
  Final norm: ||Ψ||² = 1
  Initial position: <r> = (64, 64)
✓ Boosted Gaussian initialized
[SMFTEngine] Boosted Dirac field initialized: center=(64,64), sigma=3.84, boost=(0.7,0)c, norm=1, <r>=(64,64)
[DiracEvolution] Initialized 128x128 4-component spinor field (particle, β=1)
[SMFT] Boosted Gaussian initialization:
  Position: (64, 64) grid units
  Width: σ = 3.84 grid units
  Velocity: v = (0.7, 0)c
  |v| = 0.7c
  Lorentz factor: γ = 1.40028
  Rest mass: m₀ = Δ·R = 1 × 1 = 1 m_P
  Momentum: p = (0.980196, 0) m_P·c
  |p| = 0.980196 m_P·c
  Pre-normalization: ∫|Ψ|² = 92.6492
  Normalization factor: 9.62545
[DiracEvolution] Initialized Gaussian wavepacket at (64, 64) with σ=3.84
  Final norm: ||Ψ||² = 1
  Initial position: <r> = (64, 64)
✓ Boosted Gaussian initialized
  Initial energy E0 = 1.71024
  Initial norm = 1
  Saved spatial snapshot at t = 0 (step 0)
  Step 0/10000 | R_avg = 0.999888 | norm = 1
  Step 100/10000 | R_avg = 0.999911 | norm = 0.999976
  Step 200/10000 | R_avg = 0.999896 | norm = 0.99995
  Step 300/10000 | R_avg = 0.999903 | norm = 0.999924
  Step 400/10000 | R_avg = 0.999911 | norm = 0.999897
  Step 500/10000 | R_avg = 0.999896 | norm = 0.999869
  Step 600/10000 | R_avg = 0.999907 | norm = 0.99984
  Step 700/10000 | R_avg = 0.99985 | norm = 0.999811
  Step 800/10000 | R_avg = 0.99984 | norm = 0.999781
  Step 900/10000 | R_avg = 0.999907 | norm = 0.999751
  Step 1000/10000 | R_avg = 0.999828 | norm = 0.999721
  Step 1100/10000 | R_avg = 0.999823 | norm = 0.999692
  Step 1200/10000 | R_avg = 0.999887 | norm = 0.999662
  Step 1300/10000 | R_avg = 0.999828 | norm = 0.999632
  Step 1400/10000 | R_avg = 0.999879 | norm = 0.999602
  Step 1500/10000 | R_avg = 0.999948 | norm = 0.999572
  Step 1600/10000 | R_avg = 0.999884 | norm = 0.999542
  Step 1700/10000 | R_avg = 0.999879 | norm = 0.999513
  Step 1800/10000 | R_avg = 0.999942 | norm = 0.999483
  Step 1900/10000 | R_avg = 0.999881 | norm = 0.999453
  Step 2000/10000 | R_avg = 0.999879 | norm = 0.999423
  Step 2100/10000 | R_avg = 0.999942 | norm = 0.999392
  Step 2200/10000 | R_avg = 0.999881 | norm = 0.999361
  Step 2300/10000 | R_avg = 0.999879 | norm = 0.999331
  Step 2400/10000 | R_avg = 0.999942 | norm = 0.9993
  Saved spatial snapshot at t = 25 (step 2500)
  Step 2500/10000 | R_avg = 0.999881 | norm = 0.999269
  Step 2600/10000 | R_avg = 0.999879 | norm = 0.999239
  Step 2700/10000 | R_avg = 0.999942 | norm = 0.999208
  Step 2800/10000 | R_avg = 0.999881 | norm = 0.999179
  Step 2900/10000 | R_avg = 0.999879 | norm = 0.999149
  Step 3000/10000 | R_avg = 0.999942 | norm = 0.999121
  Step 3100/10000 | R_avg = 0.999881 | norm = 0.999093
  Step 3200/10000 | R_avg = 0.999879 | norm = 0.999065
  Step 3300/10000 | R_avg = 0.999942 | norm = 0.999038
  Step 3400/10000 | R_avg = 0.999881 | norm = 0.99901
  Step 3500/10000 | R_avg = 0.999879 | norm = 0.998982
  Step 3600/10000 | R_avg = 0.999942 | norm = 0.998954
  Step 3700/10000 | R_avg = 0.999881 | norm = 0.998924
  Step 3800/10000 | R_avg = 0.999879 | norm = 0.998894
  Step 3900/10000 | R_avg = 0.999942 | norm = 0.998863
  Step 4000/10000 | R_avg = 0.999881 | norm = 0.998832
  Step 4100/10000 | R_avg = 0.999879 | norm = 0.9988
  Step 4200/10000 | R_avg = 0.999942 | norm = 0.998768
  Step 4300/10000 | R_avg = 0.999881 | norm = 0.998736
  Step 4400/10000 | R_avg = 0.999879 | norm = 0.998704
  Step 4500/10000 | R_avg = 0.999942 | norm = 0.998673
  Step 4600/10000 | R_avg = 0.999881 | norm = 0.998641
  Step 4700/10000 | R_avg = 0.999879 | norm = 0.998609
  Step 4800/10000 | R_avg = 0.999942 | norm = 0.998578
  Step 4900/10000 | R_avg = 0.999881 | norm = 0.998547
  Saved spatial snapshot at t = 50 (step 5000)
  Step 5000/10000 | R_avg = 0.999879 | norm = 0.998515
  Step 5100/10000 | R_avg = 0.999942 | norm = 0.998484
  Step 5200/10000 | R_avg = 0.999881 | norm = 0.998452
  Step 5300/10000 | R_avg = 0.999879 | norm = 0.99842
  Step 5400/10000 | R_avg = 0.999942 | norm = 0.998388
  Step 5500/10000 | R_avg = 0.999881 | norm = 0.998356
  Step 5600/10000 | R_avg = 0.999879 | norm = 0.998324
  Step 5700/10000 | R_avg = 0.999942 | norm = 0.998292
  Step 5800/10000 | R_avg = 0.999881 | norm = 0.99826
  Step 5900/10000 | R_avg = 0.999879 | norm = 0.998228
  Step 6000/10000 | R_avg = 0.999942 | norm = 0.998197
  Step 6100/10000 | R_avg = 0.999881 | norm = 0.998166
  Step 6200/10000 | R_avg = 0.999879 | norm = 0.998136
  Step 6300/10000 | R_avg = 0.999942 | norm = 0.998107
  Step 6400/10000 | R_avg = 0.999881 | norm = 0.998078
  Step 6500/10000 | R_avg = 0.999879 | norm = 0.99805
  Step 6600/10000 | R_avg = 0.999942 | norm = 0.998021
  Step 6700/10000 | R_avg = 0.999881 | norm = 0.997992
  Step 6800/10000 | R_avg = 0.999879 | norm = 0.997962
  Step 6900/10000 | R_avg = 0.999942 | norm = 0.997932
  Step 7000/10000 | R_avg = 0.999881 | norm = 0.997901
  Step 7100/10000 | R_avg = 0.999879 | norm = 0.99787
  Step 7200/10000 | R_avg = 0.999942 | norm = 0.997838
  Step 7300/10000 | R_avg = 0.999881 | norm = 0.997806
  Step 7400/10000 | R_avg = 0.999879 | norm = 0.997773
  Saved spatial snapshot at t = 75 (step 7500)
  Step 7500/10000 | R_avg = 0.999942 | norm = 0.997741
  Step 7600/10000 | R_avg = 0.999881 | norm = 0.997708
  Step 7700/10000 | R_avg = 0.999879 | norm = 0.997676
  Step 7800/10000 | R_avg = 0.999942 | norm = 0.997643
  Step 7900/10000 | R_avg = 0.999881 | norm = 0.997611
  Step 8000/10000 | R_avg = 0.999879 | norm = 0.997579
  Step 8100/10000 | R_avg = 0.999942 | norm = 0.997547
  Step 8200/10000 | R_avg = 0.999881 | norm = 0.997515
  Step 8300/10000 | R_avg = 0.999879 | norm = 0.997482
  Step 8400/10000 | R_avg = 0.999942 | norm = 0.99745
  Step 8500/10000 | R_avg = 0.999881 | norm = 0.997417
  Step 8600/10000 | R_avg = 0.999879 | norm = 0.997385
  Step 8700/10000 | R_avg = 0.999942 | norm = 0.997352
  Step 8800/10000 | R_avg = 0.999881 | norm = 0.997319
  Step 8900/10000 | R_avg = 0.999879 | norm = 0.997287
  Step 9000/10000 | R_avg = 0.999942 | norm = 0.997254
  Step 9100/10000 | R_avg = 0.999881 | norm = 0.997222
  Step 9200/10000 | R_avg = 0.999879 | norm = 0.997191
  Step 9300/10000 | R_avg = 0.999942 | norm = 0.997159
  Step 9400/10000 | R_avg = 0.999881 | norm = 0.997129
  Step 9500/10000 | R_avg = 0.999879 | norm = 0.997099
  Step 9600/10000 | R_avg = 0.999942 | norm = 0.99707
  Step 9700/10000 | R_avg = 0.999881 | norm = 0.997041
  Step 9800/10000 | R_avg = 0.999879 | norm = 0.997012
  Step 9900/10000 | R_avg = 0.999942 | norm = 0.996983
  Saved spatial snapshot at t = 99.99 (step 9999)

===== Global Validation =====
✓ Global validation PASSED
  ✓ Probability Conservation: ||ψ||² = 0.996954 (drift: 0.304739% from initial 1) ✓ PASS
  ✓ Energy Conservation: E_total = 1.70437 (drift: 0.262158% from initial 1.70885) ✓ PASS
  ✓ Order Parameter Bounds: R ∈ [1, 1] ✓ PASS (within [0,1])
  ✓ Causality: v = |p|/E = 0.477356 (c = 1) ✓ PASS (v ≤ c)
  ✓ Numerical Stability: All fields finite ✓ PASS

===== Scenario 2.3: Relativistic Mass Validation =====
  Boost velocity: v = 0.7c
  Theoretical gamma: γ = 1.40028
✗ Scenario validation FAILED:
  ✗ 1. θ(x,y,t=0) shows vortex structure (W = ±1): Winding number W = 0 ✗ FAIL (expect |W| = 1 ± 0.2)
  ✗ 3. R(x,y,t=0) shows core (R_min < 0.5): R_min = 1 ✗ FAIL (expect R_min < 0.5)
  ✗ 4. ψ(x,y,t=0) is Gaussian at offset position: Wavepacket variance = 6.55052e-07 ✗ FAIL (too uniform, not Gaussian)
  ✗ 5. ⟨p⟩(t=0) = γmv (within 5%): ⟨p⟩ = 0.816644 (expect 0.980196, error = 16.6857%) ✗ FAIL (exceeds 5% tolerance)
  ✗ 6. γ_measured(t=final) within 5% of theory: γ_measured = 1.49783 (γ_theory = 1.40028, error = 6.96667%) ✗ FAIL (exceeds 5% tolerance)
  Norm validation: max_error = 0.00304649 ✓ PASS
  Energy validation: max_drift = 0.00262158 ✓ PASS
  Saved observables to /home/persist/neotec/0rigin/output/20251226_214740_scenario_2.5B_boosted_frame_analysis_128x128_v0.7/N_1/observables.csv

--- Testing with N=10 ---
  Dirac initialization (grid-independent):
    Position: (50, 50) ℓ_P
    Width: 3 ℓ_P
    Grid coordinates: (64, 64) grid units
    Grid width: 3.84 grid units
  Using Dirac solver (spinor field) with boosted initialization
    Background R (expected): 1
[SMFT] Boosted Gaussian initialization:
  Position: (64, 64) grid units
  Width: σ = 3.84 grid units
  Velocity: v = (0.7, 0)c
  |v| = 0.7c
  Lorentz factor: γ = 1.40028
  Rest mass: m₀ = Δ·R = 1 × 1 = 1 m_P
  Momentum: p = (0.980196, 0) m_P·c
  |p| = 0.980196 m_P·c
  Pre-normalization: ∫|Ψ|² = 92.6492
  Normalization factor: 9.62545
[DiracEvolution] Initialized Gaussian wavepacket at (64, 64) with σ=3.84
  Final norm: ||Ψ||² = 1
  Initial position: <r> = (64, 64)
✓ Boosted Gaussian initialized
[SMFTEngine] Boosted Dirac field initialized: center=(64,64), sigma=3.84, boost=(0.7,0)c, norm=1, <r>=(64,64)
[DiracEvolution] Initialized 128x128 4-component spinor field (particle, β=1)
[SMFT] Boosted Gaussian initialization:
  Position: (64, 64) grid units
  Width: σ = 3.84 grid units
  Velocity: v = (0.7, 0)c
  |v| = 0.7c
  Lorentz factor: γ = 1.40028
  Rest mass: m₀ = Δ·R = 1 × 1 = 1 m_P
  Momentum: p = (0.980196, 0) m_P·c
  |p| = 0.980196 m_P·c
  Pre-normalization: ∫|Ψ|² = 92.6492
  Normalization factor: 9.62545
[DiracEvolution] Initialized Gaussian wavepacket at (64, 64) with σ=3.84
  Final norm: ||Ψ||² = 1
  Initial position: <r> = (64, 64)
✓ Boosted Gaussian initialized
  Initial energy E0 = 1.71024
  Initial norm = 1
  Saved spatial snapshot at t = 0 (step 0)
  Step 0/10000 | R_avg = 0.999876 | norm = 1
  Step 100/10000 | R_avg = 0.99988 | norm = 0.999975
  Step 200/10000 | R_avg = 0.999879 | norm = 0.99995
  Step 300/10000 | R_avg = 0.999878 | norm = 0.999923
  Step 400/10000 | R_avg = 0.999879 | norm = 0.999896
  Step 500/10000 | R_avg = 0.999939 | norm = 0.999868
  Step 600/10000 | R_avg = 0.999873 | norm = 0.99984
  Step 700/10000 | R_avg = 0.999887 | norm = 0.999811
  Step 800/10000 | R_avg = 0.999892 | norm = 0.999781
  Step 900/10000 | R_avg = 0.999876 | norm = 0.999751
  Step 1000/10000 | R_avg = 0.99988 | norm = 0.999722
  Step 1100/10000 | R_avg = 0.999879 | norm = 0.999691
  Step 1200/10000 | R_avg = 0.999878 | norm = 0.999661
  Step 1300/10000 | R_avg = 0.999879 | norm = 0.999631
  Step 1400/10000 | R_avg = 0.999939 | norm = 0.999601
  Step 1500/10000 | R_avg = 0.999873 | norm = 0.999571
  Step 1600/10000 | R_avg = 0.999887 | norm = 0.999542
  Step 1700/10000 | R_avg = 0.999892 | norm = 0.999512
  Step 1800/10000 | R_avg = 0.999875 | norm = 0.999483
  Step 1900/10000 | R_avg = 0.99988 | norm = 0.999453
  Step 2000/10000 | R_avg = 0.999879 | norm = 0.999422
  Step 2100/10000 | R_avg = 0.999878 | norm = 0.999391
  Step 2200/10000 | R_avg = 0.999879 | norm = 0.99936
  Step 2300/10000 | R_avg = 0.999939 | norm = 0.999329
  Step 2400/10000 | R_avg = 0.999873 | norm = 0.999298
  Saved spatial snapshot at t = 25 (step 2500)
  Step 2500/10000 | R_avg = 0.999887 | norm = 0.999267
  Step 2600/10000 | R_avg = 0.999892 | norm = 0.999236
  Step 2700/10000 | R_avg = 0.999875 | norm = 0.999206
  Step 2800/10000 | R_avg = 0.99988 | norm = 0.999176
  Step 2900/10000 | R_avg = 0.999879 | norm = 0.999147
  Step 3000/10000 | R_avg = 0.999878 | norm = 0.999118
  Step 3100/10000 | R_avg = 0.999879 | norm = 0.99909
  Step 3200/10000 | R_avg = 0.999939 | norm = 0.999063
  Step 3300/10000 | R_avg = 0.999873 | norm = 0.999036
  Step 3400/10000 | R_avg = 0.999887 | norm = 0.999008
  Step 3500/10000 | R_avg = 0.999892 | norm = 0.99898
  Step 3600/10000 | R_avg = 0.999875 | norm = 0.998951
  Step 3700/10000 | R_avg = 0.99988 | norm = 0.998921
  Step 3800/10000 | R_avg = 0.999954 | norm = 0.998891
  Step 3900/10000 | R_avg = 0.999887 | norm = 0.99886
  Step 4000/10000 | R_avg = 0.999887 | norm = 0.998829
  Step 4100/10000 | R_avg = 0.999902 | norm = 0.998797
  Step 4200/10000 | R_avg = 0.999954 | norm = 0.998765
  Step 4300/10000 | R_avg = 0.999962 | norm = 0.998733
  Step 4400/10000 | R_avg = 0.999911 | norm = 0.998701
  Step 4500/10000 | R_avg = 0.999903 | norm = 0.998669
  Step 4600/10000 | R_avg = 0.999907 | norm = 0.998637
  Step 4700/10000 | R_avg = 0.999912 | norm = 0.998606
  Step 4800/10000 | R_avg = 0.999913 | norm = 0.998574
  Step 4900/10000 | R_avg = 0.999907 | norm = 0.998543
  Saved spatial snapshot at t = 50 (step 5000)
  Step 5000/10000 | R_avg = 0.999916 | norm = 0.998511
  Step 5100/10000 | R_avg = 0.99991 | norm = 0.99848
  Step 5200/10000 | R_avg = 0.999915 | norm = 0.998448
  Step 5300/10000 | R_avg = 0.999889 | norm = 0.998416
  Step 5400/10000 | R_avg = 0.999885 | norm = 0.998384
  Step 5500/10000 | R_avg = 0.999927 | norm = 0.998351
  Step 5600/10000 | R_avg = 0.999928 | norm = 0.998319
  Step 5700/10000 | R_avg = 0.999935 | norm = 0.998287
  Step 5800/10000 | R_avg = 0.999924 | norm = 0.998255
  Step 5900/10000 | R_avg = 0.999923 | norm = 0.998224
  Step 6000/10000 | R_avg = 0.999933 | norm = 0.998193
  Step 6100/10000 | R_avg = 0.999895 | norm = 0.998162
  Step 6200/10000 | R_avg = 0.999902 | norm = 0.998132
  Step 6300/10000 | R_avg = 0.999895 | norm = 0.998103
  Step 6400/10000 | R_avg = 0.999913 | norm = 0.998073
  Step 6500/10000 | R_avg = 0.999908 | norm = 0.998045
  Step 6600/10000 | R_avg = 0.999945 | norm = 0.998016
  Step 6700/10000 | R_avg = 0.999941 | norm = 0.997987
  Step 6800/10000 | R_avg = 0.999951 | norm = 0.997957
  Step 6900/10000 | R_avg = 0.999948 | norm = 0.997927
  Step 7000/10000 | R_avg = 0.999945 | norm = 0.997897
  Step 7100/10000 | R_avg = 0.999958 | norm = 0.997865
  Step 7200/10000 | R_avg = 0.999945 | norm = 0.997833
  Step 7300/10000 | R_avg = 0.999946 | norm = 0.997801
  Step 7400/10000 | R_avg = 0.999942 | norm = 0.997769
  Saved spatial snapshot at t = 75 (step 7500)
  Step 7500/10000 | R_avg = 0.999939 | norm = 0.997736
  Step 7600/10000 | R_avg = 0.999941 | norm = 0.997704
  Step 7700/10000 | R_avg = 0.999951 | norm = 0.997671
  Step 7800/10000 | R_avg = 0.999908 | norm = 0.997638
  Step 7900/10000 | R_avg = 0.999914 | norm = 0.997606
  Step 8000/10000 | R_avg = 0.999936 | norm = 0.997574
  Step 8100/10000 | R_avg = 0.999932 | norm = 0.997542
  Step 8200/10000 | R_avg = 0.999888 | norm = 0.99751
  Step 8300/10000 | R_avg = 0.999897 | norm = 0.997477
  Step 8400/10000 | R_avg = 0.999879 | norm = 0.997445
  Step 8500/10000 | R_avg = 0.999905 | norm = 0.997412
  Step 8600/10000 | R_avg = 0.999828 | norm = 0.99738
  Step 8700/10000 | R_avg = 0.999847 | norm = 0.997347
  Step 8800/10000 | R_avg = 0.999853 | norm = 0.997314
  Step 8900/10000 | R_avg = 0.99987 | norm = 0.997282
  Step 9000/10000 | R_avg = 0.999911 | norm = 0.99725
  Step 9100/10000 | R_avg = 0.999852 | norm = 0.997218
  Step 9200/10000 | R_avg = 0.999866 | norm = 0.997186
  Step 9300/10000 | R_avg = 0.999851 | norm = 0.997155
  Step 9400/10000 | R_avg = 0.999857 | norm = 0.997124
  Step 9500/10000 | R_avg = 0.999853 | norm = 0.997094
  Step 9600/10000 | R_avg = 0.99985 | norm = 0.997065
  Step 9700/10000 | R_avg = 0.999853 | norm = 0.997036
  Step 9800/10000 | R_avg = 0.99987 | norm = 0.997007
  Step 9900/10000 | R_avg = 0.999911 | norm = 0.996978
  Saved spatial snapshot at t = 99.99 (step 9999)

===== Global Validation =====
✓ Global validation PASSED
  ✓ Probability Conservation: ||ψ||² = 0.996948 (drift: 0.30526% from initial 1) ✓ PASS
  ✓ Energy Conservation: E_total = 1.70464 (drift: 0.327236% from initial 1.71024) ✓ PASS
  ✓ Order Parameter Bounds: R ∈ [1, 1] ✓ PASS (within [0,1])
  ✓ Causality: v = |p|/E = 0.477567 (c = 1) ✓ PASS (v ≤ c)
  ✓ Numerical Stability: All fields finite ✓ PASS

===== Scenario 2.3: Relativistic Mass Validation =====
  Boost velocity: v = 0.7c
  Theoretical gamma: γ = 1.40028
✗ Scenario validation FAILED:
  ✗ 1. θ(x,y,t=0) shows vortex structure (W = ±1): Winding number W = 0 ✗ FAIL (expect |W| = 1 ± 0.2)
  ✗ 3. R(x,y,t=0) shows core (R_min < 0.5): R_min = 1 ✗ FAIL (expect R_min < 0.5)
  ✗ 4. ψ(x,y,t=0) is Gaussian at offset position: Wavepacket variance = 6.55052e-07 ✗ FAIL (too uniform, not Gaussian)
  ✗ 5. ⟨p⟩(t=0) = γmv (within 5%): ⟨p⟩ = 0.816643 (expect 0.980196, error = 16.6857%) ✗ FAIL (exceeds 5% tolerance)
  ✗ 6. γ_measured(t=final) within 5% of theory: γ_measured = 1.49783 (γ_theory = 1.40028, error = 6.96613%) ✗ FAIL (exceeds 5% tolerance)
  Norm validation: max_error = 0.00305174 ✓ PASS
  Energy validation: max_drift = 0.00863878 ✓ PASS
  Saved observables to /home/persist/neotec/0rigin/output/20251226_214740_scenario_2.5B_boosted_frame_analysis_128x128_v0.7/N_10/observables.csv

--- Testing with N=100 ---
  Dirac initialization (grid-independent):
    Position: (50, 50) ℓ_P
    Width: 3 ℓ_P
    Grid coordinates: (64, 64) grid units
    Grid width: 3.84 grid units
  Using Dirac solver (spinor field) with boosted initialization
    Background R (expected): 1
[SMFT] Boosted Gaussian initialization:
  Position: (64, 64) grid units
  Width: σ = 3.84 grid units
  Velocity: v = (0.7, 0)c
  |v| = 0.7c
  Lorentz factor: γ = 1.40028
  Rest mass: m₀ = Δ·R = 1 × 1 = 1 m_P
  Momentum: p = (0.980196, 0) m_P·c
  |p| = 0.980196 m_P·c
  Pre-normalization: ∫|Ψ|² = 92.6492
  Normalization factor: 9.62545
[DiracEvolution] Initialized Gaussian wavepacket at (64, 64) with σ=3.84
  Final norm: ||Ψ||² = 1
  Initial position: <r> = (64, 64)
✓ Boosted Gaussian initialized
[SMFTEngine] Boosted Dirac field initialized: center=(64,64), sigma=3.84, boost=(0.7,0)c, norm=1, <r>=(64,64)
[DiracEvolution] Initialized 128x128 4-component spinor field (particle, β=1)
[SMFT] Boosted Gaussian initialization:
  Position: (64, 64) grid units
  Width: σ = 3.84 grid units
  Velocity: v = (0.7, 0)c
  |v| = 0.7c
  Lorentz factor: γ = 1.40028
  Rest mass: m₀ = Δ·R = 1 × 1 = 1 m_P
  Momentum: p = (0.980196, 0) m_P·c
  |p| = 0.980196 m_P·c
  Pre-normalization: ∫|Ψ|² = 92.6492
  Normalization factor: 9.62545
[DiracEvolution] Initialized Gaussian wavepacket at (64, 64) with σ=3.84
  Final norm: ||Ψ||² = 1
  Initial position: <r> = (64, 64)
✓ Boosted Gaussian initialized
  Initial energy E0 = 1.71024
  Initial norm = 1
  Saved spatial snapshot at t = 0 (step 0)
  Step 0/10000 | R_avg = 0.999852 | norm = 1
  Step 100/10000 | R_avg = 0.999922 | norm = 0.999976
  Step 200/10000 | R_avg = 0.999957 | norm = 0.99995
  Step 300/10000 | R_avg = 0.999957 | norm = 0.999924
  Step 400/10000 | R_avg = 0.999953 | norm = 0.999897
  Step 500/10000 | R_avg = 0.999909 | norm = 0.999869
  Step 600/10000 | R_avg = 0.999896 | norm = 0.99984
  Step 700/10000 | R_avg = 0.999889 | norm = 0.999811
  Step 800/10000 | R_avg = 0.99995 | norm = 0.999782
  Step 900/10000 | R_avg = 0.999942 | norm = 0.999752
  Step 1000/10000 | R_avg = 0.999911 | norm = 0.999723
  Step 1100/10000 | R_avg = 0.999952 | norm = 0.999692
  Step 1200/10000 | R_avg = 0.999969 | norm = 0.999662
  Step 1300/10000 | R_avg = 0.999944 | norm = 0.999632
  Step 1400/10000 | R_avg = 0.999942 | norm = 0.999602
  Step 1500/10000 | R_avg = 0.999945 | norm = 0.999572
  Step 1600/10000 | R_avg = 0.999931 | norm = 0.999543
  Step 1700/10000 | R_avg = 0.99992 | norm = 0.999513
  Step 1800/10000 | R_avg = 0.99992 | norm = 0.999484
  Step 1900/10000 | R_avg = 0.99992 | norm = 0.999454
  Step 2000/10000 | R_avg = 0.999935 | norm = 0.999423
  Step 2100/10000 | R_avg = 0.9999 | norm = 0.999392
  Step 2200/10000 | R_avg = 0.999937 | norm = 0.999361
  Step 2300/10000 | R_avg = 0.999921 | norm = 0.99933
  Step 2400/10000 | R_avg = 0.999912 | norm = 0.999299
  Saved spatial snapshot at t = 25 (step 2500)
  Step 2500/10000 | R_avg = 0.999941 | norm = 0.999268
  Step 2600/10000 | R_avg = 0.999938 | norm = 0.999238
  Step 2700/10000 | R_avg = 0.999913 | norm = 0.999208
  Step 2800/10000 | R_avg = 0.999933 | norm = 0.999178
  Step 2900/10000 | R_avg = 0.999928 | norm = 0.999148
  Step 3000/10000 | R_avg = 0.999896 | norm = 0.99912
  Step 3100/10000 | R_avg = 0.999898 | norm = 0.999092
  Step 3200/10000 | R_avg = 0.999892 | norm = 0.999064
  Step 3300/10000 | R_avg = 0.99988 | norm = 0.999036
  Step 3400/10000 | R_avg = 0.999938 | norm = 0.999009
  Step 3500/10000 | R_avg = 0.999922 | norm = 0.998981
  Step 3600/10000 | R_avg = 0.999929 | norm = 0.998952
  Step 3700/10000 | R_avg = 0.999927 | norm = 0.998922
  Step 3800/10000 | R_avg = 0.999961 | norm = 0.998892
  Step 3900/10000 | R_avg = 0.999955 | norm = 0.998861
  Step 4000/10000 | R_avg = 0.999962 | norm = 0.99883
  Step 4100/10000 | R_avg = 0.999916 | norm = 0.998798
  Step 4200/10000 | R_avg = 0.99996 | norm = 0.998767
  Step 4300/10000 | R_avg = 0.999908 | norm = 0.998735
  Step 4400/10000 | R_avg = 0.999909 | norm = 0.998703
  Step 4500/10000 | R_avg = 0.999947 | norm = 0.998671
  Step 4600/10000 | R_avg = 0.999947 | norm = 0.998639
  Step 4700/10000 | R_avg = 0.999901 | norm = 0.998608
  Step 4800/10000 | R_avg = 0.999912 | norm = 0.998576
  Step 4900/10000 | R_avg = 0.999945 | norm = 0.998545
  Saved spatial snapshot at t = 50 (step 5000)
  Step 5000/10000 | R_avg = 0.999896 | norm = 0.998513
  Step 5100/10000 | R_avg = 0.999949 | norm = 0.998482
  Step 5200/10000 | R_avg = 0.999891 | norm = 0.99845
  Step 5300/10000 | R_avg = 0.999968 | norm = 0.998418
  Step 5400/10000 | R_avg = 0.999941 | norm = 0.998386
  Step 5500/10000 | R_avg = 0.99991 | norm = 0.998353
  Step 5600/10000 | R_avg = 0.999956 | norm = 0.998321
  Step 5700/10000 | R_avg = 0.999944 | norm = 0.998289
  Step 5800/10000 | R_avg = 0.999895 | norm = 0.998257
  Step 5900/10000 | R_avg = 0.999908 | norm = 0.998225
  Step 6000/10000 | R_avg = 0.999946 | norm = 0.998194
  Step 6100/10000 | R_avg = 0.999951 | norm = 0.998163
  Step 6200/10000 | R_avg = 0.999893 | norm = 0.998133
  Step 6300/10000 | R_avg = 0.999948 | norm = 0.998104
  Step 6400/10000 | R_avg = 0.99996 | norm = 0.998074
  Step 6500/10000 | R_avg = 0.999945 | norm = 0.998046
  Step 6600/10000 | R_avg = 0.999949 | norm = 0.998017
  Step 6700/10000 | R_avg = 0.999951 | norm = 0.997988
  Step 6800/10000 | R_avg = 0.999948 | norm = 0.997958
  Step 6900/10000 | R_avg = 0.999927 | norm = 0.997928
  Step 7000/10000 | R_avg = 0.999947 | norm = 0.997897
  Step 7100/10000 | R_avg = 0.999944 | norm = 0.997865
  Step 7200/10000 | R_avg = 0.999955 | norm = 0.997834
  Step 7300/10000 | R_avg = 0.99995 | norm = 0.997801
  Step 7400/10000 | R_avg = 0.999953 | norm = 0.997769
  Saved spatial snapshot at t = 75 (step 7500)
  Step 7500/10000 | R_avg = 0.999898 | norm = 0.997737
  Step 7600/10000 | R_avg = 0.999949 | norm = 0.997704
  Step 7700/10000 | R_avg = 0.999962 | norm = 0.997671
  Step 7800/10000 | R_avg = 0.999946 | norm = 0.997639
  Step 7900/10000 | R_avg = 0.999946 | norm = 0.997607
  Step 8000/10000 | R_avg = 0.999949 | norm = 0.997574
  Step 8100/10000 | R_avg = 0.999946 | norm = 0.997542
  Step 8200/10000 | R_avg = 0.999946 | norm = 0.99751
  Step 8300/10000 | R_avg = 0.999952 | norm = 0.997478
  Step 8400/10000 | R_avg = 0.99995 | norm = 0.997446
  Step 8500/10000 | R_avg = 0.999949 | norm = 0.997413
  Step 8600/10000 | R_avg = 0.999962 | norm = 0.997381
  Step 8700/10000 | R_avg = 0.999954 | norm = 0.997348
  Step 8800/10000 | R_avg = 0.999959 | norm = 0.997315
  Step 8900/10000 | R_avg = 0.999948 | norm = 0.997283
  Step 9000/10000 | R_avg = 0.999934 | norm = 0.99725
  Step 9100/10000 | R_avg = 0.999948 | norm = 0.997218
  Step 9200/10000 | R_avg = 0.999938 | norm = 0.997187
  Step 9300/10000 | R_avg = 0.999943 | norm = 0.997156
  Step 9400/10000 | R_avg = 0.99994 | norm = 0.997125
  Step 9500/10000 | R_avg = 0.999938 | norm = 0.997095
  Step 9600/10000 | R_avg = 0.99994 | norm = 0.997066
  Step 9700/10000 | R_avg = 0.999953 | norm = 0.997037
  Step 9800/10000 | R_avg = 0.999941 | norm = 0.997008
  Step 9900/10000 | R_avg = 0.999954 | norm = 0.996978
  Saved spatial snapshot at t = 99.99 (step 9999)

===== Global Validation =====
✓ Global validation PASSED
  ✓ Probability Conservation: ||ψ||² = 0.996949 (drift: 0.305171% from initial 1) ✓ PASS
  ✓ Energy Conservation: E_total = 1.7046 (drift: 0.330032% from initial 1.71024) ✓ PASS
  ✓ Order Parameter Bounds: R ∈ [1, 1] ✓ PASS (within [0,1])
  ✓ Causality: v = |p|/E = 0.47756 (c = 1) ✓ PASS (v ≤ c)
  ✓ Numerical Stability: All fields finite ✓ PASS

===== Scenario 2.3: Relativistic Mass Validation =====
  Boost velocity: v = 0.7c
  Theoretical gamma: γ = 1.40028
✗ Scenario validation FAILED:
  ✗ 1. θ(x,y,t=0) shows vortex structure (W = ±1): Winding number W = -1.68512e-23 ✗ FAIL (expect |W| = 1 ± 0.2)
  ✗ 3. R(x,y,t=0) shows core (R_min < 0.5): R_min = 1 ✗ FAIL (expect R_min < 0.5)
  ✗ 4. ψ(x,y,t=0) is Gaussian at offset position: Wavepacket variance = 6.55052e-07 ✗ FAIL (too uniform, not Gaussian)
  ✗ 5. ⟨p⟩(t=0) = γmv (within 5%): ⟨p⟩ = 0.816644 (expect 0.980196, error = 16.6857%) ✗ FAIL (exceeds 5% tolerance)
  ✗ 6. γ_measured(t=final) within 5% of theory: γ_measured = 1.49777 (γ_theory = 1.40028, error = 6.96212%) ✗ FAIL (exceeds 5% tolerance)
  Norm validation: max_error = 0.00305083 ✓ PASS
  Energy validation: max_drift = 0.00330032 ✓ PASS
  Saved observables to /home/persist/neotec/0rigin/output/20251226_214740_scenario_2.5B_boosted_frame_analysis_128x128_v0.7/N_100/observables.csv

--- Validating Convergence ---
✓ Convergence validation PASSED

===== Velocity Sweep Aggregate Analysis (Grid 128×128) =====

Analyzing velocity sweep results...
Grid size: 128×128
Velocities tested: 3

=== Relativistic Gamma Comparison ===
Velocity | γ_theory | γ_measured | Error (%) | Status
---------|----------|------------|-----------|-------

=== Critical Velocity Analysis ===
✓ Critical velocity is within expected range (0.3c - 0.7c)

✓ Velocity sweep report saved to: /home/persist/neotec/0rigin/output/20251226_214740_scenario_2.5B_boosted_frame_analysis_128x128_AGGREGATE/velocity_sweep_analysis.txt

===== Velocity Sweep for 256×256 =====

========================================
Grid: 256×256 | Velocity: v=0.3c
========================================

Initializing engine for 256×256 grid, velocity v=0.3c...
[SMFTEngine] Resources cleanup delegated to component managers

[SMFTEngine] Physical Interpretation:
  Vacuum potential Δ = 1 (Planck mass in natural units)
  Synchronization field R(x) → Emergent spacetime metric
  Mass field m(x) = Δ·R(x) → Local energy density
  ∇R(x) → Gravitational field (not separate force)
  Grid: 256 x 256 oscillators

[SMFTEngine] Created GPU buffers for 256x256 grid
  Phase buffers: 262144 bytes each
  Spinor buffer: 2097152 bytes
  Accumulator buffers: 262144 bytes each (operator splitting)
[SMFTEngine] Created compute pipelines
  ✓ Kuramoto pipeline
  ✓ Sync field pipeline
  ✓ Gravity field pipeline
  ✓ Stochastic Kuramoto pipeline
  ✓ Stochastic Dirac pipeline
  ✓ Accumulation pipeline (operator splitting)
Created experiment directory: /home/persist/neotec/0rigin/output/20251226_220208_scenario_2.5B_boosted_frame_analysis_256x256_v0.3
[OutputManager] Created timestamped directory: /home/persist/neotec/0rigin/output/20251226_220208_scenario_2.5B_boosted_frame_analysis_256x256_v0.3
