[Logging] Console output for 64x64 v=0.3c writing to: /home/persist/neotec/0rigin/output/20251228_053805_em_coupling_gauge_invariance_64x64_v0.3/console.log

--- Testing with N=1 ---
  Vortex initialization (grid-independent):
    Domain size: 100 ℓ_P
    Grid spacing: 1.5625 ℓ_P
    Core radius: 5 ℓ_P (3.2 grid points)
    Center: (50, 50) ℓ_P
    Winding number: W = 1
  Dirac initialization (grid-independent):
    Position: (50, 50) ℓ_P
    Width: 3 ℓ_P
    Grid coordinates: (32, 32) grid units
    Grid width: 1.92 grid units
  Using Dirac solver (spinor field) with boosted initialization
    Background R (expected): 1
[DiracEvolution] Initialized 64x64 4-component spinor field (particle, β=1)
[SMFT] Boosted Gaussian initialization:
  Position: (32, 32) grid units
  Width: σ = 1.92 grid units
  Velocity: v = (0.3, 0)c
  |v| = 0.3c
  Lorentz factor: γ = 1.04828
  Rest mass: m₀ = Δ·R = 1 × 1 = 1 m_P
  Momentum: p = (0.314485, 0) m_P·c
  |p| = 0.314485 m_P·c
  Pre-normalization: ∫|Ψ|² = 23.1623
  Normalization factor: 4.81273
[DiracEvolution] Initialized Gaussian wavepacket at (32, 32) with σ=1.92
  Final norm: ||Ψ||² = 1
  Initial position: <r> = (32, 32)
✓ Boosted Gaussian initialized
[SMFTEngine] Boosted Dirac field initialized: center=(32,32), sigma=1.92, boost=(0.3,0)c, norm=1, <r>=(32,32)
[DiracEvolution] Initialized 64x64 4-component spinor field (particle, β=1)
[SMFT] Boosted Gaussian initialization:
  Position: (32, 32) grid units
  Width: σ = 1.92 grid units
  Velocity: v = (0.3, 0)c
  |v| = 0.3c
  Lorentz factor: γ = 1.04828
  Rest mass: m₀ = Δ·R = 1 × 1 = 1 m_P
  Momentum: p = (0.314485, 0) m_P·c
  |p| = 0.314485 m_P·c
  Pre-normalization: ∫|Ψ|² = 23.1623
  Normalization factor: 4.81273
[DiracEvolution] Initialized Gaussian wavepacket at (32, 32) with σ=1.92
  Final norm: ||Ψ||² = 1
  Initial position: <r> = (32, 32)
✓ Boosted Gaussian initialized
  Initial energy E0 = 1.31054
  Initial norm = 1
[stepWithDirac] Strang splitting enabled:
  substep_ratio=1
  substep_dt=0.01
  half_substeps=0
  remaining_substeps=1
  Saved spatial snapshot at t = 0 (step 0)
  Actual initial energy E0 = 1.16399 (from first observation including EM)
  Step 0/1000 | R_avg = 0.967951 | norm = 1
  Step 100/1000 | R_avg = 0.968132 | norm = 0.999979
  Step 200/1000 | R_avg = 0.968069 | norm = 0.999955
  Step 300/1000 | R_avg = 0.968093 | norm = 0.999929
  Step 400/1000 | R_avg = 0.968085 | norm = 0.999903
  Step 500/1000 | R_avg = 0.96808 | norm = 0.999877
  Step 600/1000 | R_avg = 0.968036 | norm = 0.99985
  Step 700/1000 | R_avg = 0.968088 | norm = 0.999824
  Step 800/1000 | R_avg = 0.968129 | norm = 0.999797
  Step 900/1000 | R_avg = 0.968084 | norm = 0.99977

===== Global Validation =====
✗ Global validation FAILED:
  ✓ Probability Conservation: ||ψ||² = 0.999743 (drift: 0.0256715% from initial 1) ✓ PASS
  ✗ Energy Conservation: E_total = 1.26546 (drift: 8.71679% from initial 1.16399) ✗ FAIL (exceeds tolerance 1%)
  ✓ Order Parameter Bounds: R ∈ [1, 1] ✓ PASS (within [0,1])
  ✓ Causality: v = |p|/E = 0.137461 (c = 1) ✓ PASS (v ≤ c)
  ✓ Numerical Stability: All fields finite ✓ PASS

===== Scenario 2.3: Relativistic Mass Validation =====
  Boost velocity: v = 0.3c
  Theoretical gamma: γ = 1.04828
✗ Scenario validation FAILED:
  ✓ 1. θ(x,y,t=0) shows vortex structure (W = ±1): Winding number W = 1 ✓ PASS (|W| ≈ 1)
  ✗ 3. R(x,y,t=0) shows core (R_min < 0.5): R_min = 1 ✗ FAIL (expect R_min < 0.5)
  ✓ 4. ψ(x,y,t=0) is Gaussian at offset position: Wavepacket variance = 1.04808e-05 ✓ PASS (localized)
  ✗ 5. ⟨p⟩(t=0) = γmv (within 5%): ⟨p⟩ = 0.289045 (expect 0.314485, error = 8.08952%) ✗ FAIL (exceeds 5% tolerance)
  ✗ 6. γ_measured(t=final) within 5% of theory: γ_measured = 1.29479 (γ_theory = 1.04828, error = 23.5147%) ✗ FAIL (exceeds 5% tolerance)
  Norm validation: max_error = 0.000256806 ✓ PASS
  Energy validation: max_drift = 0.0871679 ✗ FAIL
  Saved observables to /home/persist/neotec/0rigin/output/20251228_053805_em_coupling_gauge_invariance_64x64_v0.3/N_1/observables.csv
Test failed for N=1

--- Testing with N=10 ---
  Vortex initialization (grid-independent):
    Domain size: 100 ℓ_P
    Grid spacing: 1.5625 ℓ_P
    Core radius: 5 ℓ_P (3.2 grid points)
    Center: (50, 50) ℓ_P
    Winding number: W = 1
  Dirac initialization (grid-independent):
    Position: (50, 50) ℓ_P
    Width: 3 ℓ_P
    Grid coordinates: (32, 32) grid units
    Grid width: 1.92 grid units
  Using Dirac solver (spinor field) with boosted initialization
    Background R (expected): 1
[SMFT] Boosted Gaussian initialization:
  Position: (32, 32) grid units
  Width: σ = 1.92 grid units
  Velocity: v = (0.3, 0)c
  |v| = 0.3c
  Lorentz factor: γ = 1.04828
  Rest mass: m₀ = Δ·R = 1 × 1 = 1 m_P
  Momentum: p = (0.314485, 0) m_P·c
  |p| = 0.314485 m_P·c
  Pre-normalization: ∫|Ψ|² = 23.1623
  Normalization factor: 4.81273
[DiracEvolution] Initialized Gaussian wavepacket at (32, 32) with σ=1.92
  Final norm: ||Ψ||² = 1
  Initial position: <r> = (32, 32)
✓ Boosted Gaussian initialized
[SMFTEngine] Boosted Dirac field initialized: center=(32,32), sigma=1.92, boost=(0.3,0)c, norm=1, <r>=(32,32)
[DiracEvolution] Initialized 64x64 4-component spinor field (particle, β=1)
[SMFT] Boosted Gaussian initialization:
  Position: (32, 32) grid units
  Width: σ = 1.92 grid units
  Velocity: v = (0.3, 0)c
  |v| = 0.3c
  Lorentz factor: γ = 1.04828
  Rest mass: m₀ = Δ·R = 1 × 1 = 1 m_P
  Momentum: p = (0.314485, 0) m_P·c
  |p| = 0.314485 m_P·c
  Pre-normalization: ∫|Ψ|² = 23.1623
  Normalization factor: 4.81273
[DiracEvolution] Initialized Gaussian wavepacket at (32, 32) with σ=1.92
  Final norm: ||Ψ||² = 1
  Initial position: <r> = (32, 32)
✓ Boosted Gaussian initialized
  Initial energy E0 = 1.31054
  Initial norm = 1
  Saved spatial snapshot at t = 0 (step 0)
  Actual initial energy E0 = 1.16072 (from first observation including EM)
  Step 0/1000 | R_avg = 0.968137 | norm = 1
  Step 100/1000 | R_avg = 0.968056 | norm = 0.999979
  Step 200/1000 | R_avg = 0.968075 | norm = 0.999956
  Step 300/1000 | R_avg = 0.967981 | norm = 0.99993
  Step 400/1000 | R_avg = 0.96815 | norm = 0.999905
  Step 500/1000 | R_avg = 0.968046 | norm = 0.999879
  Step 600/1000 | R_avg = 0.968085 | norm = 0.999852
  Step 700/1000 | R_avg = 0.968082 | norm = 0.999825
  Step 800/1000 | R_avg = 0.968071 | norm = 0.999799
  Step 900/1000 | R_avg = 0.968091 | norm = 0.999772

===== Global Validation =====
✗ Global validation FAILED:
  ✓ Probability Conservation: ||ψ||² = 0.999745 (drift: 0.0255126% from initial 1) ✓ PASS
  ✗ Energy Conservation: E_total = 1.26507 (drift: 8.99033% from initial 1.16072) ✗ FAIL (exceeds tolerance 1%)
  ✓ Order Parameter Bounds: R ∈ [1, 1] ✓ PASS (within [0,1])
  ✓ Causality: v = |p|/E = 0.136264 (c = 1) ✓ PASS (v ≤ c)
  ✓ Numerical Stability: All fields finite ✓ PASS

===== Scenario 2.3: Relativistic Mass Validation =====
  Boost velocity: v = 0.3c
  Theoretical gamma: γ = 1.04828
✗ Scenario validation FAILED:
  ✓ 1. θ(x,y,t=0) shows vortex structure (W = ±1): Winding number W = 1 ✓ PASS (|W| ≈ 1)
  ✗ 3. R(x,y,t=0) shows core (R_min < 0.5): R_min = 1 ✗ FAIL (expect R_min < 0.5)
  ✓ 4. ψ(x,y,t=0) is Gaussian at offset position: Wavepacket variance = 1.04808e-05 ✓ PASS (localized)
  ✗ 5. ⟨p⟩(t=0) = γmv (within 5%): ⟨p⟩ = 0.288349 (expect 0.314485, error = 8.31102%) ✗ FAIL (exceeds 5% tolerance)
  ✗ 6. γ_measured(t=final) within 5% of theory: γ_measured = 1.29451 (γ_theory = 1.04828, error = 23.4887%) ✗ FAIL (exceeds 5% tolerance)
  Norm validation: max_error = 0.000255239 ✓ PASS
  Energy validation: max_drift = 0.0899033 ✗ FAIL
  Saved observables to /home/persist/neotec/0rigin/output/20251228_053805_em_coupling_gauge_invariance_64x64_v0.3/N_10/observables.csv
Test failed for N=10

--- Testing with N=100 ---
  Vortex initialization (grid-independent):
    Domain size: 100 ℓ_P
    Grid spacing: 1.5625 ℓ_P
    Core radius: 5 ℓ_P (3.2 grid points)
    Center: (50, 50) ℓ_P
    Winding number: W = 1
  Dirac initialization (grid-independent):
    Position: (50, 50) ℓ_P
    Width: 3 ℓ_P
    Grid coordinates: (32, 32) grid units
    Grid width: 1.92 grid units
  Using Dirac solver (spinor field) with boosted initialization
    Background R (expected): 1
[SMFT] Boosted Gaussian initialization:
  Position: (32, 32) grid units
  Width: σ = 1.92 grid units
  Velocity: v = (0.3, 0)c
  |v| = 0.3c
  Lorentz factor: γ = 1.04828
  Rest mass: m₀ = Δ·R = 1 × 1 = 1 m_P
  Momentum: p = (0.314485, 0) m_P·c
  |p| = 0.314485 m_P·c
  Pre-normalization: ∫|Ψ|² = 23.1623
  Normalization factor: 4.81273
[DiracEvolution] Initialized Gaussian wavepacket at (32, 32) with σ=1.92
  Final norm: ||Ψ||² = 1
  Initial position: <r> = (32, 32)
✓ Boosted Gaussian initialized
[SMFTEngine] Boosted Dirac field initialized: center=(32,32), sigma=1.92, boost=(0.3,0)c, norm=1, <r>=(32,32)
[DiracEvolution] Initialized 64x64 4-component spinor field (particle, β=1)
[SMFT] Boosted Gaussian initialization:
  Position: (32, 32) grid units
  Width: σ = 1.92 grid units
  Velocity: v = (0.3, 0)c
  |v| = 0.3c
  Lorentz factor: γ = 1.04828
  Rest mass: m₀ = Δ·R = 1 × 1 = 1 m_P
  Momentum: p = (0.314485, 0) m_P·c
  |p| = 0.314485 m_P·c
  Pre-normalization: ∫|Ψ|² = 23.1623
  Normalization factor: 4.81273
[DiracEvolution] Initialized Gaussian wavepacket at (32, 32) with σ=1.92
  Final norm: ||Ψ||² = 1
  Initial position: <r> = (32, 32)
✓ Boosted Gaussian initialized
  Initial energy E0 = 1.31054
  Initial norm = 1
  Saved spatial snapshot at t = 0 (step 0)
  Actual initial energy E0 = 1.1605 (from first observation including EM)
  Step 0/1000 | R_avg = 0.968056 | norm = 1
  Step 100/1000 | R_avg = 0.968068 | norm = 0.999979
  Step 200/1000 | R_avg = 0.968076 | norm = 0.999956
  Step 300/1000 | R_avg = 0.968061 | norm = 0.99993
  Step 400/1000 | R_avg = 0.968027 | norm = 0.999905
  Step 500/1000 | R_avg = 0.967988 | norm = 0.999879
  Step 600/1000 | R_avg = 0.968084 | norm = 0.999853
  Step 700/1000 | R_avg = 0.96804 | norm = 0.999826
  Step 800/1000 | R_avg = 0.968093 | norm = 0.999799
  Step 900/1000 | R_avg = 0.967852 | norm = 0.999773

===== Global Validation =====
✗ Global validation FAILED:
  ✓ Probability Conservation: ||ψ||² = 0.999745 (drift: 0.0254681% from initial 1) ✓ PASS
  ✗ Energy Conservation: E_total = 1.26509 (drift: 9.01242% from initial 1.1605) ✗ FAIL (exceeds tolerance 1%)
  ✓ Order Parameter Bounds: R ∈ [1, 1] ✓ PASS (within [0,1])
  ✓ Causality: v = |p|/E = 0.136276 (c = 1) ✓ PASS (v ≤ c)
  ✓ Numerical Stability: All fields finite ✓ PASS

===== Scenario 2.3: Relativistic Mass Validation =====
  Boost velocity: v = 0.3c
  Theoretical gamma: γ = 1.04828
✗ Scenario validation FAILED:
  ✓ 1. θ(x,y,t=0) shows vortex structure (W = ±1): Winding number W = 1 ✓ PASS (|W| ≈ 1)
  ✗ 3. R(x,y,t=0) shows core (R_min < 0.5): R_min = 1 ✗ FAIL (expect R_min < 0.5)
  ✓ 4. ψ(x,y,t=0) is Gaussian at offset position: Wavepacket variance = 1.04808e-05 ✓ PASS (localized)
  ✗ 5. ⟨p⟩(t=0) = γmv (within 5%): ⟨p⟩ = 0.288348 (expect 0.314485, error = 8.31102%) ✗ FAIL (exceeds 5% tolerance)
  ✗ 6. γ_measured(t=final) within 5% of theory: γ_measured = 1.29482 (γ_theory = 1.04828, error = 23.5182%) ✗ FAIL (exceeds 5% tolerance)
  Norm validation: max_error = 0.000254766 ✓ PASS
  Energy validation: max_drift = 0.0901242 ✗ FAIL
  Saved observables to /home/persist/neotec/0rigin/output/20251228_053805_em_coupling_gauge_invariance_64x64_v0.3/N_100/observables.csv
Test failed for N=100

--- Validating Convergence ---
✓ Convergence validation PASSED
Tests failed for velocity 0.3

===== Velocity Sweep Aggregate Analysis =====

Analyzing velocity sweep results...
Grid size: 64×64
Velocities tested: 1

=== Relativistic Gamma Comparison ===
Velocity | γ_theory | γ_measured | Error (%) | Status
---------|----------|------------|-----------|-------

=== Critical Velocity Analysis ===
✓ Critical velocity is within expected range (0.3c - 0.7c)

✓ Velocity sweep report saved to: /home/persist/neotec/0rigin/output/20251228_053805_em_coupling_gauge_invariance_64x64_AGGREGATE/velocity_sweep_analysis.txt

[3/3] Generating report...

✓ Report saved to /home/persist/neotec/0rigin/output/20251228_053805_em_coupling_gauge_invariance_64x64_v0.3/test_report.txt

===== Test Summary =====
✗ TESTS FAILED

Some validation criteria not met.
Check test report for details.
