[Logging] Console output for 256x256 v=0.99c writing to: /home/persist/neotec/0rigin/output/20251227_042258_scenario_2.5C_ultra_relativistic_limit_256x256_v1.0/console.log

--- Testing with N=1 ---
  Dirac initialization (grid-independent):
    Position: (50, 50) ℓ_P
    Width: 3 ℓ_P
    Grid coordinates: (128, 128) grid units
    Grid width: 7.68 grid units
  Using Dirac solver (spinor field) with boosted initialization
    Background R (expected): 1
[DiracEvolution] Initialized 256x256 4-component spinor field (particle, β=1)
[SMFT] Boosted Gaussian initialization:
  Position: (128, 128) grid units
  Width: σ = 7.68 grid units
  Velocity: v = (0.99, 0)c
  |v| = 0.99c
  Lorentz factor: γ = 7.08882
  Rest mass: m₀ = Δ·R = 1 × 1 = 1 m_P
  Momentum: p = (7.01793, 0) m_P·c
  |p| = 7.01793 m_P·c
  Pre-normalization: ∫|Ψ|² = 370.596
  Normalization factor: 19.2509
[DiracEvolution] Initialized Gaussian wavepacket at (128, 128) with σ=7.68
  Final norm: ||Ψ||² = 0.999994
  Initial position: <r> = (128, 128)
✓ Boosted Gaussian initialized
[SMFTEngine] Boosted Dirac field initialized: center=(128,128), sigma=7.68, boost=(0.99,0)c, norm=0.999994, <r>=(128,128)
[DiracEvolution] Initialized 256x256 4-component spinor field (particle, β=1)
[SMFT] Boosted Gaussian initialization:
  Position: (128, 128) grid units
  Width: σ = 7.68 grid units
  Velocity: v = (0.99, 0)c
  |v| = 0.99c
  Lorentz factor: γ = 7.08882
  Rest mass: m₀ = Δ·R = 1 × 1 = 1 m_P
  Momentum: p = (7.01793, 0) m_P·c
  |p| = 7.01793 m_P·c
  Pre-normalization: ∫|Ψ|² = 370.596
  Normalization factor: 19.2509
[DiracEvolution] Initialized Gaussian wavepacket at (128, 128) with σ=7.68
  Final norm: ||Ψ||² = 0.999994
  Initial position: <r> = (128, 128)
✓ Boosted Gaussian initialized
  Initial energy E0 = 1.45869
  Initial norm = 1
  Saved spatial snapshot at t = 0 (step 0)
  Step 0/10000 | R_avg = 0.999746 | norm = 1
  Step 200/10000 | R_avg = 0.999749 | norm = 0.999927
  Step 400/10000 | R_avg = 0.999784 | norm = 0.999854
  Step 600/10000 | R_avg = 0.999789 | norm = 0.999782
  Step 800/10000 | R_avg = 0.999795 | norm = 0.999712
  Step 1000/10000 | R_avg = 0.999796 | norm = 0.999643
  Step 1200/10000 | R_avg = 0.999771 | norm = 0.999574
  Step 1400/10000 | R_avg = 0.999798 | norm = 0.999506
  Step 1600/10000 | R_avg = 0.999792 | norm = 0.999438
  Step 1800/10000 | R_avg = 0.999789 | norm = 0.999369
  Step 2000/10000 | R_avg = 0.999793 | norm = 0.999301
  Step 2200/10000 | R_avg = 0.999799 | norm = 0.999231
  Step 2400/10000 | R_avg = 0.999792 | norm = 0.99916
  Saved spatial snapshot at t = 12.5 (step 2500)
  Step 2600/10000 | R_avg = 0.999785 | norm = 0.999089
  Step 2800/10000 | R_avg = 0.999746 | norm = 0.999015
  Step 3000/10000 | R_avg = 0.999763 | norm = 0.998941
  Step 3200/10000 | R_avg = 0.999782 | norm = 0.998864
  Step 3400/10000 | R_avg = 0.999777 | norm = 0.998784
  Step 3600/10000 | R_avg = 0.999779 | norm = 0.998703
  Step 3800/10000 | R_avg = 0.999779 | norm = 0.998619
  Step 4000/10000 | R_avg = 0.999776 | norm = 0.998534
  Step 4200/10000 | R_avg = 0.999783 | norm = 0.998446
  Step 4400/10000 | R_avg = 0.999765 | norm = 0.998357
  Step 4600/10000 | R_avg = 0.999768 | norm = 0.998267
  Step 4800/10000 | R_avg = 0.999769 | norm = 0.998177
  Saved spatial snapshot at t = 25 (step 5000)
  Step 5000/10000 | R_avg = 0.999762 | norm = 0.998086
  Step 5200/10000 | R_avg = 0.999771 | norm = 0.997995
  Step 5400/10000 | R_avg = 0.999768 | norm = 0.997904
  Step 5600/10000 | R_avg = 0.999771 | norm = 0.997815
  Step 5800/10000 | R_avg = 0.999761 | norm = 0.997726
  Step 6000/10000 | R_avg = 0.999868 | norm = 0.997639
  Step 6200/10000 | R_avg = 0.999749 | norm = 0.997553
  Step 6400/10000 | R_avg = 0.999775 | norm = 0.997468
  Step 6600/10000 | R_avg = 0.999767 | norm = 0.997384
  Step 6800/10000 | R_avg = 0.999784 | norm = 0.997301
  Step 7000/10000 | R_avg = 0.999731 | norm = 0.997219
  Step 7200/10000 | R_avg = 0.999752 | norm = 0.997137
  Step 7400/10000 | R_avg = 0.999768 | norm = 0.997056
  Saved spatial snapshot at t = 37.5 (step 7500)
  Step 7600/10000 | R_avg = 0.999789 | norm = 0.996975
  Step 7800/10000 | R_avg = 0.99977 | norm = 0.996894
  Step 8000/10000 | R_avg = 0.999771 | norm = 0.996813
  Step 8200/10000 | R_avg = 0.999749 | norm = 0.996732
  Step 8400/10000 | R_avg = 0.999767 | norm = 0.99665
  Step 8600/10000 | R_avg = 0.999786 | norm = 0.996569
  Step 8800/10000 | R_avg = 0.999792 | norm = 0.996487
  Step 9000/10000 | R_avg = 0.999775 | norm = 0.996404
  Step 9200/10000 | R_avg = 0.999781 | norm = 0.996321
  Step 9400/10000 | R_avg = 0.999758 | norm = 0.996237
  Step 9600/10000 | R_avg = 0.999771 | norm = 0.996152
  Step 9800/10000 | R_avg = 0.999788 | norm = 0.996066
  Saved spatial snapshot at t = 49.995 (step 9999)

===== Global Validation =====
✓ Global validation PASSED
  ✓ Probability Conservation: ||ψ||² = 0.995979 (drift: 0.402309% from initial 1) ✓ PASS
  ✓ Energy Conservation: E_total = 1.4526 (drift: 0.399586% from initial 1.45843) ✓ PASS
  ✓ Order Parameter Bounds: R ∈ [1, 1] ✓ PASS (within [0,1])
  ✓ Causality: v = |p|/E = 0.457679 (c = 1) ✓ PASS (v ≤ c)
  ✓ Numerical Stability: All fields finite ✓ PASS

===== Scenario 2.3: Relativistic Mass Validation =====
  Boost velocity: v = 0.99c
  Theoretical gamma: γ = 7.08882
✗ Scenario validation FAILED:
  ✗ 1. θ(x,y,t=0) shows vortex structure (W = ±1): Winding number W = 0 ✗ FAIL (expect |W| = 1 ± 0.2)
  ✗ 3. R(x,y,t=0) shows core (R_min < 0.5): R_min = 1 ✗ FAIL (expect R_min < 0.5)
  ✗ 4. ψ(x,y,t=0) is Gaussian at offset position: Wavepacket variance = 4.09409e-08 ✗ FAIL (too uniform, not Gaussian)
  ✗ 5. ⟨p⟩(t=0) = γmv (within 5%): ⟨p⟩ = 0.667564 (expect 7.01793, error = 90.4877%) ✗ FAIL (exceeds 5% tolerance)
  ✗ 6. γ_measured(t=final) within 5% of theory: γ_measured = 1.2918 (γ_theory = 7.08882, error = 81.7769%) ✗ FAIL (exceeds 5% tolerance)
  Norm validation: max_error = 0.00402113 ✓ PASS
  Energy validation: max_drift = 0.00408967 ✓ PASS
  Saved observables to /home/persist/neotec/0rigin/output/20251227_042258_scenario_2.5C_ultra_relativistic_limit_256x256_v1.0/N_1/observables.csv

--- Testing with N=10 ---
  Dirac initialization (grid-independent):
    Position: (50, 50) ℓ_P
    Width: 3 ℓ_P
    Grid coordinates: (128, 128) grid units
    Grid width: 7.68 grid units
  Using Dirac solver (spinor field) with boosted initialization
    Background R (expected): 1
[SMFT] Boosted Gaussian initialization:
  Position: (128, 128) grid units
  Width: σ = 7.68 grid units
  Velocity: v = (0.99, 0)c
  |v| = 0.99c
  Lorentz factor: γ = 7.08882
  Rest mass: m₀ = Δ·R = 1 × 1 = 1 m_P
  Momentum: p = (7.01793, 0) m_P·c
  |p| = 7.01793 m_P·c
  Pre-normalization: ∫|Ψ|² = 370.596
  Normalization factor: 19.2509
[DiracEvolution] Initialized Gaussian wavepacket at (128, 128) with σ=7.68
  Final norm: ||Ψ||² = 0.999994
  Initial position: <r> = (128, 128)
✓ Boosted Gaussian initialized
[SMFTEngine] Boosted Dirac field initialized: center=(128,128), sigma=7.68, boost=(0.99,0)c, norm=0.999994, <r>=(128,128)
[DiracEvolution] Initialized 256x256 4-component spinor field (particle, β=1)
[SMFT] Boosted Gaussian initialization:
  Position: (128, 128) grid units
  Width: σ = 7.68 grid units
  Velocity: v = (0.99, 0)c
  |v| = 0.99c
  Lorentz factor: γ = 7.08882
  Rest mass: m₀ = Δ·R = 1 × 1 = 1 m_P
  Momentum: p = (7.01793, 0) m_P·c
  |p| = 7.01793 m_P·c
  Pre-normalization: ∫|Ψ|² = 370.596
  Normalization factor: 19.2509
[DiracEvolution] Initialized Gaussian wavepacket at (128, 128) with σ=7.68
  Final norm: ||Ψ||² = 0.999994
  Initial position: <r> = (128, 128)
✓ Boosted Gaussian initialized
  Initial energy E0 = 1.45869
  Initial norm = 1
  Saved spatial snapshot at t = 0 (step 0)
  Step 0/10000 | R_avg = 0.999792 | norm = 1
  Step 200/10000 | R_avg = 0.999779 | norm = 0.999927
  Step 400/10000 | R_avg = 0.999794 | norm = 0.999854
  Step 600/10000 | R_avg = 0.999943 | norm = 0.999782
  Step 800/10000 | R_avg = 0.999777 | norm = 0.999712
  Step 1000/10000 | R_avg = 0.999781 | norm = 0.999642
  Step 1200/10000 | R_avg = 0.999788 | norm = 0.999574
  Step 1400/10000 | R_avg = 0.99979 | norm = 0.999505
  Step 1600/10000 | R_avg = 0.999781 | norm = 0.999437
  Step 1800/10000 | R_avg = 0.999773 | norm = 0.999369
  Step 2000/10000 | R_avg = 0.999773 | norm = 0.9993
  Step 2200/10000 | R_avg = 0.999773 | norm = 0.99923
  Step 2400/10000 | R_avg = 0.99977 | norm = 0.99916
  Saved spatial snapshot at t = 12.5 (step 2500)
  Step 2600/10000 | R_avg = 0.999773 | norm = 0.999088
  Step 2800/10000 | R_avg = 0.99978 | norm = 0.999015
  Step 3000/10000 | R_avg = 0.999784 | norm = 0.99894
  Step 3200/10000 | R_avg = 0.999779 | norm = 0.998863
  Step 3400/10000 | R_avg = 0.999777 | norm = 0.998784
  Step 3600/10000 | R_avg = 0.999776 | norm = 0.998702
  Step 3800/10000 | R_avg = 0.999784 | norm = 0.998619
  Step 4000/10000 | R_avg = 0.999909 | norm = 0.998533
  Step 4200/10000 | R_avg = 0.999765 | norm = 0.998446
  Step 4400/10000 | R_avg = 0.999764 | norm = 0.998357
  Step 4600/10000 | R_avg = 0.999759 | norm = 0.998267
  Step 4800/10000 | R_avg = 0.999783 | norm = 0.998176
  Saved spatial snapshot at t = 25 (step 5000)
  Step 5000/10000 | R_avg = 0.999777 | norm = 0.998086
  Step 5200/10000 | R_avg = 0.999776 | norm = 0.997995
  Step 5400/10000 | R_avg = 0.999768 | norm = 0.997904
  Step 5600/10000 | R_avg = 0.999779 | norm = 0.997815
  Step 5800/10000 | R_avg = 0.999759 | norm = 0.997726
  Step 6000/10000 | R_avg = 0.999757 | norm = 0.997639
  Step 6200/10000 | R_avg = 0.999768 | norm = 0.997553
  Step 6400/10000 | R_avg = 0.999775 | norm = 0.997468
  Step 6600/10000 | R_avg = 0.999785 | norm = 0.997384
  Step 6800/10000 | R_avg = 0.999775 | norm = 0.997301
  Step 7000/10000 | R_avg = 0.999776 | norm = 0.997219
  Step 7200/10000 | R_avg = 0.999793 | norm = 0.997137
  Step 7400/10000 | R_avg = 0.99979 | norm = 0.997056
  Saved spatial snapshot at t = 37.5 (step 7500)
  Step 7600/10000 | R_avg = 0.999789 | norm = 0.996975
  Step 7800/10000 | R_avg = 0.999899 | norm = 0.996894
  Step 8000/10000 | R_avg = 0.999756 | norm = 0.996813
  Step 8200/10000 | R_avg = 0.99974 | norm = 0.996732
  Step 8400/10000 | R_avg = 0.999775 | norm = 0.99665
  Step 8600/10000 | R_avg = 0.999756 | norm = 0.996569
  Step 8800/10000 | R_avg = 0.999758 | norm = 0.996486
  Step 9000/10000 | R_avg = 0.999795 | norm = 0.996404
  Step 9200/10000 | R_avg = 0.999796 | norm = 0.996321
  Step 9400/10000 | R_avg = 0.999792 | norm = 0.996237
  Step 9600/10000 | R_avg = 0.999791 | norm = 0.996152
  Step 9800/10000 | R_avg = 0.99977 | norm = 0.996066
  Saved spatial snapshot at t = 49.995 (step 9999)

===== Global Validation =====
✓ Global validation PASSED
  ✓ Probability Conservation: ||ψ||² = 0.995979 (drift: 0.402315% from initial 1) ✓ PASS
  ✓ Energy Conservation: E_total = 1.45255 (drift: 0.402908% from initial 1.45843) ✓ PASS
  ✓ Order Parameter Bounds: R ∈ [1, 1] ✓ PASS (within [0,1])
  ✓ Causality: v = |p|/E = 0.4577 (c = 1) ✓ PASS (v ≤ c)
  ✓ Numerical Stability: All fields finite ✓ PASS

===== Scenario 2.3: Relativistic Mass Validation =====
  Boost velocity: v = 0.99c
  Theoretical gamma: γ = 7.08882
✗ Scenario validation FAILED:
  ✗ 1. θ(x,y,t=0) shows vortex structure (W = ±1): Winding number W = 0 ✗ FAIL (expect |W| = 1 ± 0.2)
  ✗ 3. R(x,y,t=0) shows core (R_min < 0.5): R_min = 1 ✗ FAIL (expect R_min < 0.5)
  ✗ 4. ψ(x,y,t=0) is Gaussian at offset position: Wavepacket variance = 4.09409e-08 ✗ FAIL (too uniform, not Gaussian)
  ✗ 5. ⟨p⟩(t=0) = γmv (within 5%): ⟨p⟩ = 0.667564 (expect 7.01793, error = 90.4877%) ✗ FAIL (exceeds 5% tolerance)
  ✗ 6. γ_measured(t=final) within 5% of theory: γ_measured = 1.29174 (γ_theory = 7.08882, error = 81.7777%) ✗ FAIL (exceeds 5% tolerance)
  Norm validation: max_error = 0.00402124 ✓ PASS
  Energy validation: max_drift = 0.00408715 ✓ PASS
  Saved observables to /home/persist/neotec/0rigin/output/20251227_042258_scenario_2.5C_ultra_relativistic_limit_256x256_v1.0/N_10/observables.csv

--- Testing with N=100 ---
  Dirac initialization (grid-independent):
    Position: (50, 50) ℓ_P
    Width: 3 ℓ_P
    Grid coordinates: (128, 128) grid units
    Grid width: 7.68 grid units
  Using Dirac solver (spinor field) with boosted initialization
    Background R (expected): 1
[SMFT] Boosted Gaussian initialization:
  Position: (128, 128) grid units
  Width: σ = 7.68 grid units
  Velocity: v = (0.99, 0)c
  |v| = 0.99c
  Lorentz factor: γ = 7.08882
  Rest mass: m₀ = Δ·R = 1 × 1 = 1 m_P
  Momentum: p = (7.01793, 0) m_P·c
  |p| = 7.01793 m_P·c
  Pre-normalization: ∫|Ψ|² = 370.596
  Normalization factor: 19.2509
[DiracEvolution] Initialized Gaussian wavepacket at (128, 128) with σ=7.68
  Final norm: ||Ψ||² = 0.999994
  Initial position: <r> = (128, 128)
✓ Boosted Gaussian initialized
[SMFTEngine] Boosted Dirac field initialized: center=(128,128), sigma=7.68, boost=(0.99,0)c, norm=0.999994, <r>=(128,128)
[DiracEvolution] Initialized 256x256 4-component spinor field (particle, β=1)
[SMFT] Boosted Gaussian initialization:
  Position: (128, 128) grid units
  Width: σ = 7.68 grid units
  Velocity: v = (0.99, 0)c
  |v| = 0.99c
  Lorentz factor: γ = 7.08882
  Rest mass: m₀ = Δ·R = 1 × 1 = 1 m_P
  Momentum: p = (7.01793, 0) m_P·c
  |p| = 7.01793 m_P·c
  Pre-normalization: ∫|Ψ|² = 370.596
  Normalization factor: 19.2509
[DiracEvolution] Initialized Gaussian wavepacket at (128, 128) with σ=7.68
  Final norm: ||Ψ||² = 0.999994
  Initial position: <r> = (128, 128)
✓ Boosted Gaussian initialized
  Initial energy E0 = 1.45869
  Initial norm = 1
  Saved spatial snapshot at t = 0 (step 0)
  Step 0/10000 | R_avg = 0.999792 | norm = 1
  Step 200/10000 | R_avg = 0.999793 | norm = 0.999927
  Step 400/10000 | R_avg = 0.999786 | norm = 0.999853
  Step 600/10000 | R_avg = 0.999795 | norm = 0.999782
  Step 800/10000 | R_avg = 0.999795 | norm = 0.999711
  Step 1000/10000 | R_avg = 0.999772 | norm = 0.999642
  Step 1200/10000 | R_avg = 0.999796 | norm = 0.999573
  Step 1400/10000 | R_avg = 0.999794 | norm = 0.999505
  Step 1600/10000 | R_avg = 0.999798 | norm = 0.999437
  Step 1800/10000 | R_avg = 0.99979 | norm = 0.999369
  Step 2000/10000 | R_avg = 0.999796 | norm = 0.9993
  Step 2200/10000 | R_avg = 0.999791 | norm = 0.999231
  Step 2400/10000 | R_avg = 0.999798 | norm = 0.99916
  Saved spatial snapshot at t = 12.5 (step 2500)
  Step 2600/10000 | R_avg = 0.999903 | norm = 0.999088
  Step 2800/10000 | R_avg = 0.999901 | norm = 0.999015
  Step 3000/10000 | R_avg = 0.999909 | norm = 0.99894
  Step 3200/10000 | R_avg = 0.999922 | norm = 0.998863
  Step 3400/10000 | R_avg = 0.999796 | norm = 0.998784
  Step 3600/10000 | R_avg = 0.999793 | norm = 0.998703
  Step 3800/10000 | R_avg = 0.999788 | norm = 0.998619
  Step 4000/10000 | R_avg = 0.999793 | norm = 0.998534
  Step 4200/10000 | R_avg = 0.999778 | norm = 0.998447
  Step 4400/10000 | R_avg = 0.999789 | norm = 0.998358
  Step 4600/10000 | R_avg = 0.99979 | norm = 0.998268
  Step 4800/10000 | R_avg = 0.999792 | norm = 0.998177
  Saved spatial snapshot at t = 25 (step 5000)
  Step 5000/10000 | R_avg = 0.999788 | norm = 0.998087
  Step 5200/10000 | R_avg = 0.999784 | norm = 0.997996
  Step 5400/10000 | R_avg = 0.999793 | norm = 0.997906
  Step 5600/10000 | R_avg = 0.999785 | norm = 0.997817
  Step 5800/10000 | R_avg = 0.999752 | norm = 0.997728
  Step 6000/10000 | R_avg = 0.999793 | norm = 0.997641
  Step 6200/10000 | R_avg = 0.999794 | norm = 0.997555
  Step 6400/10000 | R_avg = 0.999801 | norm = 0.99747
  Step 6600/10000 | R_avg = 0.999795 | norm = 0.997386
  Step 6800/10000 | R_avg = 0.999793 | norm = 0.997303
  Step 7000/10000 | R_avg = 0.999796 | norm = 0.997221
  Step 7200/10000 | R_avg = 0.999757 | norm = 0.997139
  Step 7400/10000 | R_avg = 0.999795 | norm = 0.997058
  Saved spatial snapshot at t = 37.5 (step 7500)
  Step 7600/10000 | R_avg = 0.99978 | norm = 0.996977
