[Logging] Console output for 64x64 writing to: /home/persist/neotec/0rigin/output/20251230_215452_pure_magnetic_vs_full_em/console.log
  Dirac initialization (grid-independent):
    Position: (50, 50) ℓ_P
    Width: 3 ℓ_P
    Grid coordinates: (32, 32) grid units
    Grid width: 1.92 grid units
  Using Dirac solver (spinor field)
[DiracEvolution] Initialized 64x64 4-component spinor field (particle, β=1)
[DiracEvolution] Initialized Gaussian wavepacket at (32, 32) with σ=1.92
[SMFTEngine] Dirac field initialized: center=(32,32), sigma=1.92, norm=1
[DiracEvolution] Initialized 64x64 4-component spinor field (particle, β=1)
[DiracEvolution] Initialized Gaussian wavepacket at (32, 32) with σ=1.92
  Initial energy E0 = 0.237587
  Initial norm = 1
[stepWithDirac] Strang splitting enabled:
  substep_ratio=1
  substep_dt=0.01
  half_substeps=0
  remaining_substeps=1
[GPU EM Compute] 1 calls | Last: 231 μs | Avg: 231 μs | Grid: 64×64
  [Kuramoto Energy] grad_R: 0.0526084, potential: -4093.57, total: -4093.52 (κ=1)
  Actual initial energy E0 = -4090.8 (from first observation including EM)
  Step 0/100 | R_avg = 0.999693 | norm = 1
[GPU EM Compute] 50 calls | Last: 107 μs | Avg: 108 μs | Grid: 64×64
[GPU EM Compute] 100 calls | Last: 105 μs | Avg: 107 μs | Grid: 64×64
[ERROR] Invalid theta fields detected (NaN/Inf), returning zero EM observables
[ERROR] Invalid theta fields detected (NaN/Inf), returning zero EM observables

===== Global Validation =====
✓ Global validation PASSED
  ✓ Probability Conservation: ||ψ||² = 0.999977 (drift: 0.00231037% from initial 1) ✓ PASS
  ✓ Energy Conservation: E_total = -4091.35 (drift: 0.0134236% from initial -4090.8) ✓ PASS
  ✓ Order Parameter Bounds: R ∈ [0, 0] ✓ PASS (within [0,1])
  ✓ Causality: v = |p|/E = 8.6802e-07 (c = 1) ✓ PASS (v ≤ c)
  ✓ Numerical Stability: All fields finite ✓ PASS
  Norm validation: max_error = 2.30786e-05 ✓ PASS
  Energy validation: max_drift = 0.000134236 ✓ PASS

===== EM Field Validation =====
Maxwell Equation Residuals:
  Gauss law (∇·E - 4πρ): 0 ✓
  No monopole (∇·B): 0 ✓
  Faraday law (∇×E + ∂B/∂t): 0 ✓
  Ampere law (∇×B - 4πJ - ∂E/∂t): 2.11703e-07 ✓
Overall Maxwell Validation: ✓ PASS
Failed to open /home/persist/neotec/0rigin/output/20251230_215452_pure_magnetic_vs_full_em/N_1/observables.csv for writing
  Saved observables to /home/persist/neotec/0rigin/output/20251230_215452_pure_magnetic_vs_full_em/N_1/observables.csv
  Saved EM observables to /home/persist/neotec/0rigin/output/20251230_215452_pure_magnetic_vs_full_em/N_1/em_observables.csv

[3/3] Generating report...

✓ Report saved to /home/persist/neotec/0rigin/output/20251230_215452_pure_magnetic_vs_full_em/test_report.txt

===== Test Summary =====
✓ ALL TESTS PASSED

Validation criteria met:
  ✓ Norm conservation ||Ψ||² - 1 < 10⁻⁴
  ✓ Energy conservation |ΔE/E₀| < 1%
  ✓ Convergence between N ratios < 5%
