[Logging] Console output for 128x128 v=0.5c writing to: /home/persist/neotec/0rigin/output/20251226_213313_scenario_2.5B_boosted_frame_analysis_128x128_v0.5/console.log

--- Testing with N=1 ---
  Dirac initialization (grid-independent):
    Position: (50, 50) ℓ_P
    Width: 3 ℓ_P
    Grid coordinates: (64, 64) grid units
    Grid width: 3.84 grid units
  Using Dirac solver (spinor field) with boosted initialization
    Background R (expected): 1
[DiracEvolution] Initialized 128x128 4-component spinor field (particle, β=1)
[SMFT] Boosted Gaussian initialization:
  Position: (64, 64) grid units
  Width: σ = 3.84 grid units
  Velocity: v = (0.5, 0)c
  |v| = 0.5c
  Lorentz factor: γ = 1.1547
  Rest mass: m₀ = Δ·R = 1 × 1 = 1 m_P
  Momentum: p = (0.57735, 0) m_P·c
  |p| = 0.57735 m_P·c
  Pre-normalization: ∫|Ψ|² = 92.6492
  Normalization factor: 9.62545
[DiracEvolution] Initialized Gaussian wavepacket at (64, 64) with σ=3.84
  Final norm: ||Ψ||² = 1
  Initial position: <r> = (64, 64)
✓ Boosted Gaussian initialized
[SMFTEngine] Boosted Dirac field initialized: center=(64,64), sigma=3.84, boost=(0.5,0)c, norm=1, <r>=(64,64)
[DiracEvolution] Initialized 128x128 4-component spinor field (particle, β=1)
[SMFT] Boosted Gaussian initialization:
  Position: (64, 64) grid units
  Width: σ = 3.84 grid units
  Velocity: v = (0.5, 0)c
  |v| = 0.5c
  Lorentz factor: γ = 1.1547
  Rest mass: m₀ = Δ·R = 1 × 1 = 1 m_P
  Momentum: p = (0.57735, 0) m_P·c
  |p| = 0.57735 m_P·c
  Pre-normalization: ∫|Ψ|² = 92.6492
  Normalization factor: 9.62545
[DiracEvolution] Initialized Gaussian wavepacket at (64, 64) with σ=3.84
  Final norm: ||Ψ||² = 1
  Initial position: <r> = (64, 64)
✓ Boosted Gaussian initialized
  Initial energy E0 = 1.34394
  Initial norm = 1
  Saved spatial snapshot at t = 0 (step 0)
  Step 0/10000 | R_avg = 0.999937 | norm = 1
  Step 100/10000 | R_avg = 0.999943 | norm = 0.999975
  Step 200/10000 | R_avg = 0.999942 | norm = 0.99995
  Step 300/10000 | R_avg = 0.999937 | norm = 0.999923
  Step 400/10000 | R_avg = 0.999943 | norm = 0.999895
  Step 500/10000 | R_avg = 0.999942 | norm = 0.999867
  Step 600/10000 | R_avg = 0.999937 | norm = 0.999839
  Step 700/10000 | R_avg = 0.999943 | norm = 0.999809
  Step 800/10000 | R_avg = 0.999942 | norm = 0.999779
  Step 900/10000 | R_avg = 0.999937 | norm = 0.999749
  Step 1000/10000 | R_avg = 0.999943 | norm = 0.999718
  Step 1100/10000 | R_avg = 0.999942 | norm = 0.999687
  Step 1200/10000 | R_avg = 0.999937 | norm = 0.999656
  Step 1300/10000 | R_avg = 0.999943 | norm = 0.999625
  Step 1400/10000 | R_avg = 0.999942 | norm = 0.999595
  Step 1500/10000 | R_avg = 0.999937 | norm = 0.999564
  Step 1600/10000 | R_avg = 0.999943 | norm = 0.999533
  Step 1700/10000 | R_avg = 0.999942 | norm = 0.999502
  Step 1800/10000 | R_avg = 0.999937 | norm = 0.999472
  Step 1900/10000 | R_avg = 0.999943 | norm = 0.999441
  Step 2000/10000 | R_avg = 0.999942 | norm = 0.999409
  Step 2100/10000 | R_avg = 0.999937 | norm = 0.999378
  Step 2200/10000 | R_avg = 0.999943 | norm = 0.999346
  Step 2300/10000 | R_avg = 0.999942 | norm = 0.999314
  Step 2400/10000 | R_avg = 0.999937 | norm = 0.999282
  Saved spatial snapshot at t = 25 (step 2500)
  Step 2500/10000 | R_avg = 0.999943 | norm = 0.99925
  Step 2600/10000 | R_avg = 0.999942 | norm = 0.999219
  Step 2700/10000 | R_avg = 0.999937 | norm = 0.999188
  Step 2800/10000 | R_avg = 0.999943 | norm = 0.999156
  Step 2900/10000 | R_avg = 0.999942 | norm = 0.999126
  Step 3000/10000 | R_avg = 0.999937 | norm = 0.999096
  Step 3100/10000 | R_avg = 0.999943 | norm = 0.999066
  Step 3200/10000 | R_avg = 0.999942 | norm = 0.999037
  Step 3300/10000 | R_avg = 0.999937 | norm = 0.999009
  Step 3400/10000 | R_avg = 0.999943 | norm = 0.99898
  Step 3500/10000 | R_avg = 0.999942 | norm = 0.99895
  Step 3600/10000 | R_avg = 0.999937 | norm = 0.998921
  Step 3700/10000 | R_avg = 0.999943 | norm = 0.998891
  Step 3800/10000 | R_avg = 0.999942 | norm = 0.998861
  Step 3900/10000 | R_avg = 0.999937 | norm = 0.99883
  Step 4000/10000 | R_avg = 0.999943 | norm = 0.998798
  Step 4100/10000 | R_avg = 0.999942 | norm = 0.998767
  Step 4200/10000 | R_avg = 0.999937 | norm = 0.998734
  Step 4300/10000 | R_avg = 0.999943 | norm = 0.998702
  Step 4400/10000 | R_avg = 0.999942 | norm = 0.99867
  Step 4500/10000 | R_avg = 0.999937 | norm = 0.998637
  Step 4600/10000 | R_avg = 0.999943 | norm = 0.998605
  Step 4700/10000 | R_avg = 0.999942 | norm = 0.998573
  Step 4800/10000 | R_avg = 0.999937 | norm = 0.998541
  Step 4900/10000 | R_avg = 0.999943 | norm = 0.998509
  Saved spatial snapshot at t = 50 (step 5000)
  Step 5000/10000 | R_avg = 0.999942 | norm = 0.998476
  Step 5100/10000 | R_avg = 0.999937 | norm = 0.998444
  Step 5200/10000 | R_avg = 0.999943 | norm = 0.998412
  Step 5300/10000 | R_avg = 0.999942 | norm = 0.998379
  Step 5400/10000 | R_avg = 0.999937 | norm = 0.998347
  Step 5500/10000 | R_avg = 0.999943 | norm = 0.998315
  Step 5600/10000 | R_avg = 0.999942 | norm = 0.998282
  Step 5700/10000 | R_avg = 0.999937 | norm = 0.998249
  Step 5800/10000 | R_avg = 0.999943 | norm = 0.998217
  Step 5900/10000 | R_avg = 0.999942 | norm = 0.998185
  Step 6000/10000 | R_avg = 0.999937 | norm = 0.998153
  Step 6100/10000 | R_avg = 0.999943 | norm = 0.998121
  Step 6200/10000 | R_avg = 0.999942 | norm = 0.99809
  Step 6300/10000 | R_avg = 0.999937 | norm = 0.99806
  Step 6400/10000 | R_avg = 0.999943 | norm = 0.99803
  Step 6500/10000 | R_avg = 0.999942 | norm = 0.998
  Step 6600/10000 | R_avg = 0.999937 | norm = 0.997971
  Step 6700/10000 | R_avg = 0.999943 | norm = 0.997941
  Step 6800/10000 | R_avg = 0.999942 | norm = 0.997911
  Step 6900/10000 | R_avg = 0.999937 | norm = 0.997881
  Step 7000/10000 | R_avg = 0.999943 | norm = 0.99785
  Step 7100/10000 | R_avg = 0.999942 | norm = 0.997819
  Step 7200/10000 | R_avg = 0.999878 | norm = 0.997787
  Step 7300/10000 | R_avg = 0.99988 | norm = 0.997755
  Step 7400/10000 | R_avg = 0.999883 | norm = 0.997723
  Saved spatial snapshot at t = 75 (step 7500)
  Step 7500/10000 | R_avg = 0.999878 | norm = 0.997691
  Step 7600/10000 | R_avg = 0.999888 | norm = 0.997659
  Step 7700/10000 | R_avg = 0.999891 | norm = 0.997627
  Step 7800/10000 | R_avg = 0.999889 | norm = 0.997595
  Step 7900/10000 | R_avg = 0.999888 | norm = 0.997563
  Step 8000/10000 | R_avg = 0.999891 | norm = 0.997531
  Step 8100/10000 | R_avg = 0.999892 | norm = 0.997499
  Step 8200/10000 | R_avg = 0.999889 | norm = 0.997467
  Step 8300/10000 | R_avg = 0.999896 | norm = 0.997435
  Step 8400/10000 | R_avg = 0.999892 | norm = 0.997403
  Step 8500/10000 | R_avg = 0.999907 | norm = 0.997371
  Step 8600/10000 | R_avg = 0.999906 | norm = 0.997339
  Step 8700/10000 | R_avg = 0.999918 | norm = 0.997307
  Step 8800/10000 | R_avg = 0.999907 | norm = 0.997274
  Step 8900/10000 | R_avg = 0.999942 | norm = 0.997242
  Step 9000/10000 | R_avg = 0.999941 | norm = 0.99721
  Step 9100/10000 | R_avg = 0.999946 | norm = 0.997178
  Step 9200/10000 | R_avg = 0.999942 | norm = 0.997146
  Step 9300/10000 | R_avg = 0.999941 | norm = 0.997115
  Step 9400/10000 | R_avg = 0.999941 | norm = 0.997084
  Step 9500/10000 | R_avg = 0.999945 | norm = 0.997054
  Step 9600/10000 | R_avg = 0.999941 | norm = 0.997024
  Step 9700/10000 | R_avg = 0.999941 | norm = 0.996994
  Step 9800/10000 | R_avg = 0.999945 | norm = 0.996964
  Step 9900/10000 | R_avg = 0.999941 | norm = 0.996934
  Saved spatial snapshot at t = 99.99 (step 9999)

===== Global Validation =====
✓ Global validation PASSED
  ✓ Probability Conservation: ||ψ||² = 0.996904 (drift: 0.309687% from initial 1) ✓ PASS
  ✓ Energy Conservation: E_total = 1.33958 (drift: 0.324298% from initial 1.34394) ✓ PASS
  ✓ Order Parameter Bounds: R ∈ [1, 1] ✓ PASS (within [0,1])
  ✓ Causality: v = |p|/E = 0.399266 (c = 1) ✓ PASS (v ≤ c)
  ✓ Numerical Stability: All fields finite ✓ PASS

===== Scenario 2.3: Relativistic Mass Validation =====
  Boost velocity: v = 0.5c
  Theoretical gamma: γ = 1.1547
✗ Scenario validation FAILED:
  ✗ 1. θ(x,y,t=0) shows vortex structure (W = ±1): Winding number W = 0 ✗ FAIL (expect |W| = 1 ± 0.2)
  ✗ 3. R(x,y,t=0) shows core (R_min < 0.5): R_min = 1 ✗ FAIL (expect R_min < 0.5)
  ✗ 4. ψ(x,y,t=0) is Gaussian at offset position: Wavepacket variance = 6.55052e-07 ✗ FAIL (too uniform, not Gaussian)
  ✗ 5. ⟨p⟩(t=0) = γmv (within 5%): ⟨p⟩ = 0.53663 (expect 0.57735, error = 7.0529%) ✗ FAIL (exceeds 5% tolerance)
  ✗ 6. γ_measured(t=final) within 5% of theory: γ_measured = 1.22825 (γ_theory = 1.1547, error = 6.3692%) ✗ FAIL (exceeds 5% tolerance)
  Norm validation: max_error = 0.00309602 ✓ PASS
  Energy validation: max_drift = 0.00324647 ✓ PASS
  Saved observables to /home/persist/neotec/0rigin/output/20251226_213313_scenario_2.5B_boosted_frame_analysis_128x128_v0.5/N_1/observables.csv

--- Testing with N=10 ---
  Dirac initialization (grid-independent):
    Position: (50, 50) ℓ_P
    Width: 3 ℓ_P
    Grid coordinates: (64, 64) grid units
    Grid width: 3.84 grid units
  Using Dirac solver (spinor field) with boosted initialization
    Background R (expected): 1
[SMFT] Boosted Gaussian initialization:
  Position: (64, 64) grid units
  Width: σ = 3.84 grid units
  Velocity: v = (0.5, 0)c
  |v| = 0.5c
  Lorentz factor: γ = 1.1547
  Rest mass: m₀ = Δ·R = 1 × 1 = 1 m_P
  Momentum: p = (0.57735, 0) m_P·c
  |p| = 0.57735 m_P·c
  Pre-normalization: ∫|Ψ|² = 92.6492
  Normalization factor: 9.62545
[DiracEvolution] Initialized Gaussian wavepacket at (64, 64) with σ=3.84
  Final norm: ||Ψ||² = 1
  Initial position: <r> = (64, 64)
✓ Boosted Gaussian initialized
[SMFTEngine] Boosted Dirac field initialized: center=(64,64), sigma=3.84, boost=(0.5,0)c, norm=1, <r>=(64,64)
[DiracEvolution] Initialized 128x128 4-component spinor field (particle, β=1)
[SMFT] Boosted Gaussian initialization:
  Position: (64, 64) grid units
  Width: σ = 3.84 grid units
  Velocity: v = (0.5, 0)c
  |v| = 0.5c
  Lorentz factor: γ = 1.1547
  Rest mass: m₀ = Δ·R = 1 × 1 = 1 m_P
  Momentum: p = (0.57735, 0) m_P·c
  |p| = 0.57735 m_P·c
  Pre-normalization: ∫|Ψ|² = 92.6492
  Normalization factor: 9.62545
[DiracEvolution] Initialized Gaussian wavepacket at (64, 64) with σ=3.84
  Final norm: ||Ψ||² = 1
  Initial position: <r> = (64, 64)
✓ Boosted Gaussian initialized
  Initial energy E0 = 1.34394
  Initial norm = 1
  Saved spatial snapshot at t = 0 (step 0)
  Step 0/10000 | R_avg = 0.999944 | norm = 1
  Step 100/10000 | R_avg = 0.999941 | norm = 0.999976
  Step 200/10000 | R_avg = 0.999951 | norm = 0.999949
  Step 300/10000 | R_avg = 0.999938 | norm = 0.999923
  Step 400/10000 | R_avg = 0.999943 | norm = 0.999896
  Step 500/10000 | R_avg = 0.999959 | norm = 0.999868
  Step 600/10000 | R_avg = 0.999938 | norm = 0.999839
  Step 700/10000 | R_avg = 0.999945 | norm = 0.999809
  Step 800/10000 | R_avg = 0.999945 | norm = 0.999779
  Step 900/10000 | R_avg = 0.999944 | norm = 0.999749
  Step 1000/10000 | R_avg = 0.999941 | norm = 0.999718
  Step 1100/10000 | R_avg = 0.999951 | norm = 0.999688
  Step 1200/10000 | R_avg = 0.999938 | norm = 0.999657
  Step 1300/10000 | R_avg = 0.999943 | norm = 0.999625
  Step 1400/10000 | R_avg = 0.999959 | norm = 0.999595
  Step 1500/10000 | R_avg = 0.999938 | norm = 0.999564
  Step 1600/10000 | R_avg = 0.999945 | norm = 0.999533
  Step 1700/10000 | R_avg = 0.999945 | norm = 0.999502
  Step 1800/10000 | R_avg = 0.999944 | norm = 0.999471
  Step 1900/10000 | R_avg = 0.999941 | norm = 0.999441
  Step 2000/10000 | R_avg = 0.999951 | norm = 0.999409
  Step 2100/10000 | R_avg = 0.999938 | norm = 0.999378
  Step 2200/10000 | R_avg = 0.999943 | norm = 0.999346
  Step 2300/10000 | R_avg = 0.999959 | norm = 0.999314
  Step 2400/10000 | R_avg = 0.999938 | norm = 0.999282
  Saved spatial snapshot at t = 25 (step 2500)
  Step 2500/10000 | R_avg = 0.999945 | norm = 0.99925
  Step 2600/10000 | R_avg = 0.999945 | norm = 0.999218
  Step 2700/10000 | R_avg = 0.999944 | norm = 0.999187
  Step 2800/10000 | R_avg = 0.999941 | norm = 0.999156
  Step 2900/10000 | R_avg = 0.999951 | norm = 0.999125
  Step 3000/10000 | R_avg = 0.999938 | norm = 0.999095
  Step 3100/10000 | R_avg = 0.999943 | norm = 0.999066
  Step 3200/10000 | R_avg = 0.999959 | norm = 0.999037
  Step 3300/10000 | R_avg = 0.999938 | norm = 0.999008
  Step 3400/10000 | R_avg = 0.999945 | norm = 0.998979
  Step 3500/10000 | R_avg = 0.999945 | norm = 0.99895
  Step 3600/10000 | R_avg = 0.999944 | norm = 0.99892
  Step 3700/10000 | R_avg = 0.999941 | norm = 0.99889
  Step 3800/10000 | R_avg = 0.999951 | norm = 0.998859
  Step 3900/10000 | R_avg = 0.999938 | norm = 0.998828
  Step 4000/10000 | R_avg = 0.999943 | norm = 0.998797
  Step 4100/10000 | R_avg = 0.999959 | norm = 0.998765
  Step 4200/10000 | R_avg = 0.999938 | norm = 0.998733
  Step 4300/10000 | R_avg = 0.999945 | norm = 0.998701
  Step 4400/10000 | R_avg = 0.999945 | norm = 0.998668
  Step 4500/10000 | R_avg = 0.999944 | norm = 0.998636
  Step 4600/10000 | R_avg = 0.999941 | norm = 0.998604
  Step 4700/10000 | R_avg = 0.999951 | norm = 0.998571
  Step 4800/10000 | R_avg = 0.999938 | norm = 0.998539
  Step 4900/10000 | R_avg = 0.999943 | norm = 0.998507
  Saved spatial snapshot at t = 50 (step 5000)
  Step 5000/10000 | R_avg = 0.999959 | norm = 0.998475
  Step 5100/10000 | R_avg = 0.999938 | norm = 0.998443
  Step 5200/10000 | R_avg = 0.999945 | norm = 0.99841
  Step 5300/10000 | R_avg = 0.999945 | norm = 0.998378
  Step 5400/10000 | R_avg = 0.999944 | norm = 0.998345
  Step 5500/10000 | R_avg = 0.999941 | norm = 0.998313
  Step 5600/10000 | R_avg = 0.999951 | norm = 0.99828
  Step 5700/10000 | R_avg = 0.999938 | norm = 0.998247
  Step 5800/10000 | R_avg = 0.999943 | norm = 0.998215
  Step 5900/10000 | R_avg = 0.999959 | norm = 0.998183
  Step 6000/10000 | R_avg = 0.999938 | norm = 0.998151
  Step 6100/10000 | R_avg = 0.999945 | norm = 0.998119
  Step 6200/10000 | R_avg = 0.999945 | norm = 0.998088
  Step 6300/10000 | R_avg = 0.999944 | norm = 0.998058
  Step 6400/10000 | R_avg = 0.999941 | norm = 0.998028
  Step 6500/10000 | R_avg = 0.999951 | norm = 0.997998
  Step 6600/10000 | R_avg = 0.999938 | norm = 0.997969
  Step 6700/10000 | R_avg = 0.999943 | norm = 0.997939
  Step 6800/10000 | R_avg = 0.999959 | norm = 0.997909
  Step 6900/10000 | R_avg = 0.999938 | norm = 0.997878
  Step 7000/10000 | R_avg = 0.999945 | norm = 0.997848
  Step 7100/10000 | R_avg = 0.999945 | norm = 0.997816
  Step 7200/10000 | R_avg = 0.999944 | norm = 0.997785
  Step 7300/10000 | R_avg = 0.999941 | norm = 0.997753
  Step 7400/10000 | R_avg = 0.999951 | norm = 0.997721
  Saved spatial snapshot at t = 75 (step 7500)
  Step 7500/10000 | R_avg = 0.999938 | norm = 0.997689
  Step 7600/10000 | R_avg = 0.999943 | norm = 0.997657
  Step 7700/10000 | R_avg = 0.999959 | norm = 0.997625
  Step 7800/10000 | R_avg = 0.999938 | norm = 0.997593
  Step 7900/10000 | R_avg = 0.999945 | norm = 0.997561
  Step 8000/10000 | R_avg = 0.999945 | norm = 0.997528
  Step 8100/10000 | R_avg = 0.999944 | norm = 0.997497
  Step 8200/10000 | R_avg = 0.999877 | norm = 0.997465
  Step 8300/10000 | R_avg = 0.999868 | norm = 0.997432
  Step 8400/10000 | R_avg = 0.999899 | norm = 0.9974
  Step 8500/10000 | R_avg = 0.999901 | norm = 0.997368
  Step 8600/10000 | R_avg = 0.999917 | norm = 0.997336
  Step 8700/10000 | R_avg = 0.999928 | norm = 0.997304
  Step 8800/10000 | R_avg = 0.999915 | norm = 0.997271
  Step 8900/10000 | R_avg = 0.999902 | norm = 0.997239
  Step 9000/10000 | R_avg = 0.999911 | norm = 0.997207
  Step 9100/10000 | R_avg = 0.999885 | norm = 0.997174
  Step 9200/10000 | R_avg = 0.999912 | norm = 0.997142
  Step 9300/10000 | R_avg = 0.999945 | norm = 0.997111
  Step 9400/10000 | R_avg = 0.999947 | norm = 0.99708
  Step 9500/10000 | R_avg = 0.999943 | norm = 0.99705
  Step 9600/10000 | R_avg = 0.999947 | norm = 0.997019
  Step 9700/10000 | R_avg = 0.999941 | norm = 0.996989
  Step 9800/10000 | R_avg = 0.999943 | norm = 0.996959
  Step 9900/10000 | R_avg = 0.999944 | norm = 0.996929
  Saved spatial snapshot at t = 99.99 (step 9999)

===== Global Validation =====
✓ Global validation PASSED
  ✓ Probability Conservation: ||ψ||² = 0.9969 (drift: 0.310109% from initial 1) ✓ PASS
  ✓ Energy Conservation: E_total = 1.33938 (drift: 0.339065% from initial 1.34394) ✓ PASS
  ✓ Order Parameter Bounds: R ∈ [1, 1] ✓ PASS (within [0,1])
  ✓ Causality: v = |p|/E = 0.399236 (c = 1) ✓ PASS (v ≤ c)
  ✓ Numerical Stability: All fields finite ✓ PASS

===== Scenario 2.3: Relativistic Mass Validation =====
  Boost velocity: v = 0.5c
  Theoretical gamma: γ = 1.1547
✗ Scenario validation FAILED:
  ✗ 1. θ(x,y,t=0) shows vortex structure (W = ±1): Winding number W = 0 ✗ FAIL (expect |W| = 1 ± 0.2)
  ✗ 3. R(x,y,t=0) shows core (R_min < 0.5): R_min = 1 ✗ FAIL (expect R_min < 0.5)
  ✗ 4. ψ(x,y,t=0) is Gaussian at offset position: Wavepacket variance = 6.55052e-07 ✗ FAIL (too uniform, not Gaussian)
  ✗ 5. ⟨p⟩(t=0) = γmv (within 5%): ⟨p⟩ = 0.53663 (expect 0.57735, error = 7.0529%) ✗ FAIL (exceeds 5% tolerance)
  ✗ 6. γ_measured(t=final) within 5% of theory: γ_measured = 1.22808 (γ_theory = 1.1547, error = 6.35484%) ✗ FAIL (exceeds 5% tolerance)
  Norm validation: max_error = 0.00310026 ✓ PASS
  Energy validation: max_drift = 0.00339204 ✓ PASS
  Saved observables to /home/persist/neotec/0rigin/output/20251226_213313_scenario_2.5B_boosted_frame_analysis_128x128_v0.5/N_10/observables.csv

--- Testing with N=100 ---
  Dirac initialization (grid-independent):
    Position: (50, 50) ℓ_P
    Width: 3 ℓ_P
    Grid coordinates: (64, 64) grid units
    Grid width: 3.84 grid units
  Using Dirac solver (spinor field) with boosted initialization
    Background R (expected): 1
[SMFT] Boosted Gaussian initialization:
  Position: (64, 64) grid units
  Width: σ = 3.84 grid units
  Velocity: v = (0.5, 0)c
  |v| = 0.5c
  Lorentz factor: γ = 1.1547
  Rest mass: m₀ = Δ·R = 1 × 1 = 1 m_P
  Momentum: p = (0.57735, 0) m_P·c
  |p| = 0.57735 m_P·c
  Pre-normalization: ∫|Ψ|² = 92.6492
  Normalization factor: 9.62545
[DiracEvolution] Initialized Gaussian wavepacket at (64, 64) with σ=3.84
  Final norm: ||Ψ||² = 1
  Initial position: <r> = (64, 64)
✓ Boosted Gaussian initialized
[SMFTEngine] Boosted Dirac field initialized: center=(64,64), sigma=3.84, boost=(0.5,0)c, norm=1, <r>=(64,64)
[DiracEvolution] Initialized 128x128 4-component spinor field (particle, β=1)
[SMFT] Boosted Gaussian initialization:
  Position: (64, 64) grid units
  Width: σ = 3.84 grid units
  Velocity: v = (0.5, 0)c
  |v| = 0.5c
  Lorentz factor: γ = 1.1547
  Rest mass: m₀ = Δ·R = 1 × 1 = 1 m_P
  Momentum: p = (0.57735, 0) m_P·c
  |p| = 0.57735 m_P·c
  Pre-normalization: ∫|Ψ|² = 92.6492
  Normalization factor: 9.62545
[DiracEvolution] Initialized Gaussian wavepacket at (64, 64) with σ=3.84
  Final norm: ||Ψ||² = 1
  Initial position: <r> = (64, 64)
✓ Boosted Gaussian initialized
  Initial energy E0 = 1.34394
  Initial norm = 1
  Saved spatial snapshot at t = 0 (step 0)
  Step 0/10000 | R_avg = 0.99995 | norm = 1
  Step 100/10000 | R_avg = 0.999941 | norm = 0.999975
  Step 200/10000 | R_avg = 0.999951 | norm = 0.999949
  Step 300/10000 | R_avg = 0.999947 | norm = 0.999922
  Step 400/10000 | R_avg = 0.999905 | norm = 0.999894
  Step 500/10000 | R_avg = 0.999857 | norm = 0.999866
  Step 600/10000 | R_avg = 0.999913 | norm = 0.999837
  Step 700/10000 | R_avg = 0.999867 | norm = 0.999808
  Step 800/10000 | R_avg = 0.999928 | norm = 0.999778
  Step 900/10000 | R_avg = 0.99986 | norm = 0.999748
  Step 1000/10000 | R_avg = 0.99986 | norm = 0.999717
  Step 1100/10000 | R_avg = 0.999897 | norm = 0.999687
  Step 1200/10000 | R_avg = 0.999925 | norm = 0.999656
  Step 1300/10000 | R_avg = 0.999934 | norm = 0.999625
  Step 1400/10000 | R_avg = 0.999939 | norm = 0.999594
  Step 1500/10000 | R_avg = 0.999927 | norm = 0.999563
  Step 1600/10000 | R_avg = 0.999864 | norm = 0.999532
  Step 1700/10000 | R_avg = 0.999926 | norm = 0.999502
  Step 1800/10000 | R_avg = 0.999939 | norm = 0.999471
  Step 1900/10000 | R_avg = 0.999935 | norm = 0.99944
  Step 2000/10000 | R_avg = 0.999927 | norm = 0.999409
  Step 2100/10000 | R_avg = 0.999927 | norm = 0.999377
  Step 2200/10000 | R_avg = 0.999938 | norm = 0.999345
  Step 2300/10000 | R_avg = 0.999944 | norm = 0.999313
  Step 2400/10000 | R_avg = 0.999915 | norm = 0.999282
  Saved spatial snapshot at t = 25 (step 2500)
  Step 2500/10000 | R_avg = 0.999901 | norm = 0.99925
  Step 2600/10000 | R_avg = 0.999871 | norm = 0.999218
  Step 2700/10000 | R_avg = 0.999864 | norm = 0.999187
  Step 2800/10000 | R_avg = 0.999863 | norm = 0.999156
  Step 2900/10000 | R_avg = 0.999875 | norm = 0.999125
  Step 3000/10000 | R_avg = 0.99987 | norm = 0.999095
  Step 3100/10000 | R_avg = 0.999876 | norm = 0.999065
  Step 3200/10000 | R_avg = 0.999863 | norm = 0.999036
  Step 3300/10000 | R_avg = 0.999866 | norm = 0.999007
  Step 3400/10000 | R_avg = 0.999933 | norm = 0.998978
  Step 3500/10000 | R_avg = 0.999871 | norm = 0.998949
  Step 3600/10000 | R_avg = 0.999893 | norm = 0.99892
  Step 3700/10000 | R_avg = 0.999933 | norm = 0.998889
  Step 3800/10000 | R_avg = 0.999935 | norm = 0.998859
  Step 3900/10000 | R_avg = 0.999933 | norm = 0.998828
  Step 4000/10000 | R_avg = 0.999928 | norm = 0.998796
  Step 4100/10000 | R_avg = 0.99994 | norm = 0.998765
  Step 4200/10000 | R_avg = 0.999897 | norm = 0.998732
  Step 4300/10000 | R_avg = 0.99995 | norm = 0.9987
  Step 4400/10000 | R_avg = 0.999949 | norm = 0.998668
  Step 4500/10000 | R_avg = 0.999944 | norm = 0.998635
  Step 4600/10000 | R_avg = 0.999913 | norm = 0.998603
  Step 4700/10000 | R_avg = 0.999954 | norm = 0.998571
  Step 4800/10000 | R_avg = 0.999872 | norm = 0.998539
  Step 4900/10000 | R_avg = 0.999872 | norm = 0.998506
  Saved spatial snapshot at t = 50 (step 5000)
  Step 5000/10000 | R_avg = 0.999875 | norm = 0.998474
  Step 5100/10000 | R_avg = 0.99988 | norm = 0.998442
  Step 5200/10000 | R_avg = 0.999874 | norm = 0.99841
  Step 5300/10000 | R_avg = 0.999873 | norm = 0.998377
  Step 5400/10000 | R_avg = 0.999874 | norm = 0.998344
  Step 5500/10000 | R_avg = 0.999881 | norm = 0.998312
  Step 5600/10000 | R_avg = 0.999877 | norm = 0.998279
  Step 5700/10000 | R_avg = 0.999872 | norm = 0.998247
  Step 5800/10000 | R_avg = 0.999872 | norm = 0.998214
  Step 5900/10000 | R_avg = 0.999875 | norm = 0.998182
  Step 6000/10000 | R_avg = 0.99988 | norm = 0.99815
  Step 6100/10000 | R_avg = 0.999854 | norm = 0.998119
  Step 6200/10000 | R_avg = 0.999884 | norm = 0.998088
  Step 6300/10000 | R_avg = 0.99988 | norm = 0.998057
  Step 6400/10000 | R_avg = 0.999908 | norm = 0.998027
  Step 6500/10000 | R_avg = 0.999943 | norm = 0.997997
  Step 6600/10000 | R_avg = 0.999949 | norm = 0.997967
  Step 6700/10000 | R_avg = 0.999949 | norm = 0.997938
  Step 6800/10000 | R_avg = 0.999947 | norm = 0.997908
  Step 6900/10000 | R_avg = 0.999946 | norm = 0.997878
  Step 7000/10000 | R_avg = 0.999964 | norm = 0.997847
  Step 7100/10000 | R_avg = 0.999946 | norm = 0.997816
  Step 7200/10000 | R_avg = 0.999947 | norm = 0.997784
  Step 7300/10000 | R_avg = 0.999953 | norm = 0.997752
  Step 7400/10000 | R_avg = 0.999943 | norm = 0.99772
  Saved spatial snapshot at t = 75 (step 7500)
  Step 7500/10000 | R_avg = 0.999949 | norm = 0.997688
  Step 7600/10000 | R_avg = 0.999949 | norm = 0.997656
  Step 7700/10000 | R_avg = 0.999947 | norm = 0.997624
  Step 7800/10000 | R_avg = 0.999946 | norm = 0.997592
  Step 7900/10000 | R_avg = 0.999964 | norm = 0.99756
  Step 8000/10000 | R_avg = 0.999946 | norm = 0.997528
  Step 8100/10000 | R_avg = 0.999947 | norm = 0.997496
  Step 8200/10000 | R_avg = 0.999953 | norm = 0.997464
  Step 8300/10000 | R_avg = 0.999943 | norm = 0.997432
  Step 8400/10000 | R_avg = 0.999949 | norm = 0.9974
  Step 8500/10000 | R_avg = 0.999949 | norm = 0.997367
  Step 8600/10000 | R_avg = 0.999892 | norm = 0.997335
  Step 8700/10000 | R_avg = 0.999939 | norm = 0.997303
  Step 8800/10000 | R_avg = 0.999935 | norm = 0.997271
  Step 8900/10000 | R_avg = 0.999944 | norm = 0.997239
  Step 9000/10000 | R_avg = 0.999935 | norm = 0.997207
  Step 9100/10000 | R_avg = 0.999884 | norm = 0.997175
  Step 9200/10000 | R_avg = 0.999904 | norm = 0.997143
  Step 9300/10000 | R_avg = 0.999943 | norm = 0.997112
  Step 9400/10000 | R_avg = 0.999908 | norm = 0.997081
  Step 9500/10000 | R_avg = 0.999878 | norm = 0.99705
  Step 9600/10000 | R_avg = 0.999893 | norm = 0.99702
  Step 9700/10000 | R_avg = 0.999893 | norm = 0.99699
  Step 9800/10000 | R_avg = 0.99989 | norm = 0.99696
  Step 9900/10000 | R_avg = 0.999934 | norm = 0.99693
  Saved spatial snapshot at t = 99.99 (step 9999)

===== Global Validation =====
✓ Global validation PASSED
  ✓ Probability Conservation: ||ψ||² = 0.9969 (drift: 0.310036% from initial 1) ✓ PASS
  ✓ Energy Conservation: E_total = 1.33916 (drift: 0.355808% from initial 1.34394) ✓ PASS
  ✓ Order Parameter Bounds: R ∈ [1, 1] ✓ PASS (within [0,1])
  ✓ Causality: v = |p|/E = 0.399271 (c = 1) ✓ PASS (v ≤ c)
  ✓ Numerical Stability: All fields finite ✓ PASS

===== Scenario 2.3: Relativistic Mass Validation =====
  Boost velocity: v = 0.5c
  Theoretical gamma: γ = 1.1547
✗ Scenario validation FAILED:
  ✗ 1. θ(x,y,t=0) shows vortex structure (W = ±1): Winding number W = 1.07848e-21 ✗ FAIL (expect |W| = 1 ± 0.2)
  ✗ 3. R(x,y,t=0) shows core (R_min < 0.5): R_min = 1 ✗ FAIL (expect R_min < 0.5)
  ✗ 4. ψ(x,y,t=0) is Gaussian at offset position: Wavepacket variance = 6.55052e-07 ✗ FAIL (too uniform, not Gaussian)
  ✗ 5. ⟨p⟩(t=0) = γmv (within 5%): ⟨p⟩ = 0.53663 (expect 0.57735, error = 7.0529%) ✗ FAIL (exceeds 5% tolerance)
  ✗ 6. γ_measured(t=final) within 5% of theory: γ_measured = 1.22792 (γ_theory = 1.1547, error = 6.34057%) ✗ FAIL (exceeds 5% tolerance)
  Norm validation: max_error = 0.00309952 ✓ PASS
  Energy validation: max_drift = 0.00355808 ✓ PASS
  Saved observables to /home/persist/neotec/0rigin/output/20251226_213313_scenario_2.5B_boosted_frame_analysis_128x128_v0.5/N_100/observables.csv

--- Validating Convergence ---
✓ Convergence validation PASSED

========================================
Grid: 128×128 | Velocity: v=0.7c
========================================

Initializing engine for 128×128 grid, velocity v=0.7c...
[SMFTEngine] Resources cleanup delegated to component managers

[SMFTEngine] Physical Interpretation:
  Vacuum potential Δ = 1 (Planck mass in natural units)
  Synchronization field R(x) → Emergent spacetime metric
  Mass field m(x) = Δ·R(x) → Local energy density
  ∇R(x) → Gravitational field (not separate force)
  Grid: 128 x 128 oscillators

[SMFTEngine] Created GPU buffers for 128x128 grid
  Phase buffers: 65536 bytes each
  Spinor buffer: 524288 bytes
  Accumulator buffers: 65536 bytes each (operator splitting)
[SMFTEngine] Created compute pipelines
  ✓ Kuramoto pipeline
  ✓ Sync field pipeline
  ✓ Gravity field pipeline
  ✓ Stochastic Kuramoto pipeline
  ✓ Stochastic Dirac pipeline
  ✓ Accumulation pipeline (operator splitting)
Created experiment directory: /home/persist/neotec/0rigin/output/20251226_214740_scenario_2.5B_boosted_frame_analysis_128x128_v0.7
[OutputManager] Created timestamped directory: /home/persist/neotec/0rigin/output/20251226_214740_scenario_2.5B_boosted_frame_analysis_128x128_v0.7
