[Logging] Console output for 64x64 v=0.3c writing to: /home/persist/neotec/0rigin/output/20251228_041409_em_coupling_disabled_regression_64x64_v0.3/console.log

--- Testing with N=1 ---
  Vortex initialization (grid-independent):
    Domain size: 100 ℓ_P
    Grid spacing: 1.5625 ℓ_P
    Core radius: 3 ℓ_P (1.92 grid points)
    Center: (50, 50) ℓ_P
    Winding number: W = 1
  Dirac initialization (grid-independent):
    Position: (60, 50) ℓ_P
    Width: 3 ℓ_P
    Grid coordinates: (38.4, 32) grid units
    Grid width: 1.92 grid units
  Using Dirac solver (spinor field) with boosted initialization
    Background R (expected): 1
[DiracEvolution] Initialized 64x64 4-component spinor field (particle, β=1)
[SMFT] Boosted Gaussian initialization:
  Position: (38.4, 32) grid units
  Width: σ = 1.92 grid units
  Velocity: v = (0.3, 0)c
  |v| = 0.3c
  Lorentz factor: γ = 1.04828
  Rest mass: m₀ = Δ·R = 1 × 1 = 1 m_P
  Momentum: p = (0.314485, 0) m_P·c
  |p| = 0.314485 m_P·c
  Pre-normalization: ∫|Ψ|² = 23.1623
  Normalization factor: 4.81273
[DiracEvolution] Initialized Gaussian wavepacket at (38.4, 32) with σ=1.92
  Final norm: ||Ψ||² = 1
  Initial position: <r> = (38.4, 32)
✓ Boosted Gaussian initialized
[SMFTEngine] Boosted Dirac field initialized: center=(38.4,32), sigma=1.92, boost=(0.3,0)c, norm=1, <r>=(38.4,32)
[DiracEvolution] Initialized 64x64 4-component spinor field (particle, β=1)
[SMFT] Boosted Gaussian initialization:
  Position: (38.4, 32) grid units
  Width: σ = 1.92 grid units
  Velocity: v = (0.3, 0)c
  |v| = 0.3c
  Lorentz factor: γ = 1.04828
  Rest mass: m₀ = Δ·R = 1 × 1 = 1 m_P
  Momentum: p = (0.314485, 0) m_P·c
  |p| = 0.314485 m_P·c
  Pre-normalization: ∫|Ψ|² = 23.1623
  Normalization factor: 4.81273
[DiracEvolution] Initialized Gaussian wavepacket at (38.4, 32) with σ=1.92
  Final norm: ||Ψ||² = 1
  Initial position: <r> = (38.4, 32)
✓ Boosted Gaussian initialized
  Initial energy E0 = 1.31054
  Initial norm = 1
  Saved spatial snapshot at t = 0 (step 0)
  Step 0/2000 | R_avg = 0.968219 | norm = 1
  Step 100/2000 | R_avg = 0.968194 | norm = 0.999974
  Step 200/2000 | R_avg = 0.968079 | norm = 0.999948
  Step 300/2000 | R_avg = 0.968144 | norm = 0.999921
  Step 400/2000 | R_avg = 0.96811 | norm = 0.999894
  Step 500/2000 | R_avg = 0.968183 | norm = 0.999867
  Step 600/2000 | R_avg = 0.968094 | norm = 0.999839
  Step 700/2000 | R_avg = 0.968161 | norm = 0.999811
  Step 800/2000 | R_avg = 0.968214 | norm = 0.999783
  Step 900/2000 | R_avg = 0.968036 | norm = 0.999756
  Step 1000/2000 | R_avg = 0.9682 | norm = 0.999729
  Step 1100/2000 | R_avg = 0.968131 | norm = 0.999703
  Step 1200/2000 | R_avg = 0.968096 | norm = 0.999676
  Step 1300/2000 | R_avg = 0.968201 | norm = 0.999649
  Step 1400/2000 | R_avg = 0.968269 | norm = 0.999622
  Step 1500/2000 | R_avg = 0.968229 | norm = 0.999594
  Step 1600/2000 | R_avg = 0.968202 | norm = 0.999566
  Step 1700/2000 | R_avg = 0.968211 | norm = 0.999537
  Step 1800/2000 | R_avg = 0.968207 | norm = 0.999508
  Step 1900/2000 | R_avg = 0.968185 | norm = 0.999479

===== Global Validation =====
✓ Global validation PASSED
  ✓ Probability Conservation: ||ψ||² = 0.999452 (drift: 0.0548128% from initial 1) ✓ PASS
  ✓ Energy Conservation: E_total = 1.30504 (drift: 0.27009% from initial 1.30152) ✓ PASS
  ✓ Order Parameter Bounds: R ∈ [1, 1] ✓ PASS (within [0,1])
  ✓ Causality: v = |p|/E = 0.213469 (c = 1) ✓ PASS (v ≤ c)
  ✓ Numerical Stability: All fields finite ✓ PASS

===== Scenario 2.3: Relativistic Mass Validation =====
  Boost velocity: v = 0.3c
  Theoretical gamma: γ = 1.04828
✗ Scenario validation FAILED:
  ✓ 1. θ(x,y,t=0) shows vortex structure (W = ±1): Winding number W = 1 ✓ PASS (|W| ≈ 1)
  ✗ 3. R(x,y,t=0) shows core (R_min < 0.5): R_min = 1 ✗ FAIL (expect R_min < 0.5)
  ✓ 4. ψ(x,y,t=0) is Gaussian at offset position: Wavepacket variance = 1.04808e-05 ✓ PASS (localized)
  ✗ 5. ⟨p⟩(t=0) = γmv (within 5%): ⟨p⟩ = 0.289045 (expect 0.314485, error = 8.08952%) ✗ FAIL (exceeds 5% tolerance)
  ✗ 6. γ_measured(t=final) within 5% of theory: γ_measured = 1.3169 (γ_theory = 1.04828, error = 25.6245%) ✗ FAIL (exceeds 5% tolerance)
  Norm validation: max_error = 0.000548329 ✓ PASS
  Energy validation: max_drift = 0.00274214 ✓ PASS
  Saved observables to /home/persist/neotec/0rigin/output/20251228_041409_em_coupling_disabled_regression_64x64_v0.3/N_1/observables.csv

--- Testing with N=10 ---
  Vortex initialization (grid-independent):
    Domain size: 100 ℓ_P
    Grid spacing: 1.5625 ℓ_P
    Core radius: 3 ℓ_P (1.92 grid points)
    Center: (50, 50) ℓ_P
    Winding number: W = 1
  Dirac initialization (grid-independent):
    Position: (60, 50) ℓ_P
    Width: 3 ℓ_P
    Grid coordinates: (38.4, 32) grid units
    Grid width: 1.92 grid units
  Using Dirac solver (spinor field) with boosted initialization
    Background R (expected): 1
[SMFT] Boosted Gaussian initialization:
  Position: (38.4, 32) grid units
  Width: σ = 1.92 grid units
  Velocity: v = (0.3, 0)c
  |v| = 0.3c
  Lorentz factor: γ = 1.04828
  Rest mass: m₀ = Δ·R = 1 × 1 = 1 m_P
  Momentum: p = (0.314485, 0) m_P·c
  |p| = 0.314485 m_P·c
  Pre-normalization: ∫|Ψ|² = 23.1623
  Normalization factor: 4.81273
[DiracEvolution] Initialized Gaussian wavepacket at (38.4, 32) with σ=1.92
  Final norm: ||Ψ||² = 1
  Initial position: <r> = (38.4, 32)
✓ Boosted Gaussian initialized
[SMFTEngine] Boosted Dirac field initialized: center=(38.4,32), sigma=1.92, boost=(0.3,0)c, norm=1, <r>=(38.4,32)
[DiracEvolution] Initialized 64x64 4-component spinor field (particle, β=1)
[SMFT] Boosted Gaussian initialization:
  Position: (38.4, 32) grid units
  Width: σ = 1.92 grid units
  Velocity: v = (0.3, 0)c
  |v| = 0.3c
  Lorentz factor: γ = 1.04828
  Rest mass: m₀ = Δ·R = 1 × 1 = 1 m_P
  Momentum: p = (0.314485, 0) m_P·c
  |p| = 0.314485 m_P·c
  Pre-normalization: ∫|Ψ|² = 23.1623
  Normalization factor: 4.81273
[DiracEvolution] Initialized Gaussian wavepacket at (38.4, 32) with σ=1.92
  Final norm: ||Ψ||² = 1
  Initial position: <r> = (38.4, 32)
✓ Boosted Gaussian initialized
  Initial energy E0 = 1.31054
  Initial norm = 1
  Saved spatial snapshot at t = 0 (step 0)
  Step 0/2000 | R_avg = 0.968267 | norm = 1
  Step 100/2000 | R_avg = 0.968165 | norm = 0.999975
  Step 200/2000 | R_avg = 0.968133 | norm = 0.999947
  Step 300/2000 | R_avg = 0.968177 | norm = 0.99992
  Step 400/2000 | R_avg = 0.968105 | norm = 0.999893
  Step 500/2000 | R_avg = 0.968143 | norm = 0.999866
  Step 600/2000 | R_avg = 0.968132 | norm = 0.999838
  Step 700/2000 | R_avg = 0.968138 | norm = 0.99981
  Step 800/2000 | R_avg = 0.968124 | norm = 0.999782
  Step 900/2000 | R_avg = 0.96813 | norm = 0.999756
  Step 1000/2000 | R_avg = 0.9682 | norm = 0.999729
  Step 1100/2000 | R_avg = 0.96816 | norm = 0.999702
  Step 1200/2000 | R_avg = 0.968201 | norm = 0.999675
  Step 1300/2000 | R_avg = 0.968146 | norm = 0.999649
  Step 1400/2000 | R_avg = 0.968221 | norm = 0.999621
  Step 1500/2000 | R_avg = 0.968176 | norm = 0.999593
  Step 1600/2000 | R_avg = 0.968206 | norm = 0.999564
  Step 1700/2000 | R_avg = 0.968185 | norm = 0.999536
  Step 1800/2000 | R_avg = 0.968167 | norm = 0.999507
  Step 1900/2000 | R_avg = 0.968185 | norm = 0.999478

===== Global Validation =====
✓ Global validation PASSED
  ✓ Probability Conservation: ||ψ||² = 0.99945 (drift: 0.0549437% from initial 1) ✓ PASS
  ✓ Energy Conservation: E_total = 1.305 (drift: 0.268478% from initial 1.30151) ✓ PASS
  ✓ Order Parameter Bounds: R ∈ [1, 1] ✓ PASS (within [0,1])
  ✓ Causality: v = |p|/E = 0.213446 (c = 1) ✓ PASS (v ≤ c)
  ✓ Numerical Stability: All fields finite ✓ PASS

===== Scenario 2.3: Relativistic Mass Validation =====
  Boost velocity: v = 0.3c
  Theoretical gamma: γ = 1.04828
✗ Scenario validation FAILED:
  ✓ 1. θ(x,y,t=0) shows vortex structure (W = ±1): Winding number W = 1 ✓ PASS (|W| ≈ 1)
  ✗ 3. R(x,y,t=0) shows core (R_min < 0.5): R_min = 1 ✗ FAIL (expect R_min < 0.5)
  ✓ 4. ψ(x,y,t=0) is Gaussian at offset position: Wavepacket variance = 1.04808e-05 ✓ PASS (localized)
  ✗ 5. ⟨p⟩(t=0) = γmv (within 5%): ⟨p⟩ = 0.289018 (expect 0.314485, error = 8.09801%) ✗ FAIL (exceeds 5% tolerance)
  ✗ 6. γ_measured(t=final) within 5% of theory: γ_measured = 1.31683 (γ_theory = 1.04828, error = 25.6179%) ✗ FAIL (exceeds 5% tolerance)
  Norm validation: max_error = 0.000549629 ✓ PASS
  Energy validation: max_drift = 0.00274715 ✓ PASS
  Saved observables to /home/persist/neotec/0rigin/output/20251228_041409_em_coupling_disabled_regression_64x64_v0.3/N_10/observables.csv

--- Testing with N=100 ---
  Vortex initialization (grid-independent):
    Domain size: 100 ℓ_P
    Grid spacing: 1.5625 ℓ_P
    Core radius: 3 ℓ_P (1.92 grid points)
    Center: (50, 50) ℓ_P
    Winding number: W = 1
  Dirac initialization (grid-independent):
    Position: (60, 50) ℓ_P
    Width: 3 ℓ_P
    Grid coordinates: (38.4, 32) grid units
    Grid width: 1.92 grid units
  Using Dirac solver (spinor field) with boosted initialization
    Background R (expected): 1
[SMFT] Boosted Gaussian initialization:
  Position: (38.4, 32) grid units
  Width: σ = 1.92 grid units
  Velocity: v = (0.3, 0)c
  |v| = 0.3c
  Lorentz factor: γ = 1.04828
  Rest mass: m₀ = Δ·R = 1 × 1 = 1 m_P
  Momentum: p = (0.314485, 0) m_P·c
  |p| = 0.314485 m_P·c
  Pre-normalization: ∫|Ψ|² = 23.1623
  Normalization factor: 4.81273
[DiracEvolution] Initialized Gaussian wavepacket at (38.4, 32) with σ=1.92
  Final norm: ||Ψ||² = 1
  Initial position: <r> = (38.4, 32)
✓ Boosted Gaussian initialized
[SMFTEngine] Boosted Dirac field initialized: center=(38.4,32), sigma=1.92, boost=(0.3,0)c, norm=1, <r>=(38.4,32)
[DiracEvolution] Initialized 64x64 4-component spinor field (particle, β=1)
[SMFT] Boosted Gaussian initialization:
  Position: (38.4, 32) grid units
  Width: σ = 1.92 grid units
  Velocity: v = (0.3, 0)c
  |v| = 0.3c
  Lorentz factor: γ = 1.04828
  Rest mass: m₀ = Δ·R = 1 × 1 = 1 m_P
  Momentum: p = (0.314485, 0) m_P·c
  |p| = 0.314485 m_P·c
  Pre-normalization: ∫|Ψ|² = 23.1623
  Normalization factor: 4.81273
[DiracEvolution] Initialized Gaussian wavepacket at (38.4, 32) with σ=1.92
  Final norm: ||Ψ||² = 1
  Initial position: <r> = (38.4, 32)
✓ Boosted Gaussian initialized
  Initial energy E0 = 1.31054
  Initial norm = 1
  Saved spatial snapshot at t = 0 (step 0)
  Step 0/2000 | R_avg = 0.968174 | norm = 1
  Step 100/2000 | R_avg = 0.968153 | norm = 0.999975
  Step 200/2000 | R_avg = 0.968192 | norm = 0.999948
  Step 300/2000 | R_avg = 0.968161 | norm = 0.999921
  Step 400/2000 | R_avg = 0.968053 | norm = 0.999894
  Step 500/2000 | R_avg = 0.968179 | norm = 0.999867
  Step 600/2000 | R_avg = 0.968142 | norm = 0.999839
  Step 700/2000 | R_avg = 0.968112 | norm = 0.999811
  Step 800/2000 | R_avg = 0.968156 | norm = 0.999783
  Step 900/2000 | R_avg = 0.968219 | norm = 0.999756
  Step 1000/2000 | R_avg = 0.968187 | norm = 0.999729
  Step 1100/2000 | R_avg = 0.968204 | norm = 0.999702
  Step 1200/2000 | R_avg = 0.968188 | norm = 0.999676
  Step 1300/2000 | R_avg = 0.968103 | norm = 0.999649
  Step 1400/2000 | R_avg = 0.968192 | norm = 0.999621
  Step 1500/2000 | R_avg = 0.968116 | norm = 0.999593
  Step 1600/2000 | R_avg = 0.968158 | norm = 0.999565
  Step 1700/2000 | R_avg = 0.968165 | norm = 0.999536
  Step 1800/2000 | R_avg = 0.9681 | norm = 0.999508
  Step 1900/2000 | R_avg = 0.968216 | norm = 0.999479

===== Global Validation =====
✓ Global validation PASSED
  ✓ Probability Conservation: ||ψ||² = 0.999451 (drift: 0.0548822% from initial 1) ✓ PASS
  ✓ Energy Conservation: E_total = 1.30516 (drift: 0.281013% from initial 1.30151) ✓ PASS
  ✓ Order Parameter Bounds: R ∈ [1, 1] ✓ PASS (within [0,1])
  ✓ Causality: v = |p|/E = 0.213428 (c = 1) ✓ PASS (v ≤ c)
  ✓ Numerical Stability: All fields finite ✓ PASS

===== Scenario 2.3: Relativistic Mass Validation =====
  Boost velocity: v = 0.3c
  Theoretical gamma: γ = 1.04828
✗ Scenario validation FAILED:
  ✓ 1. θ(x,y,t=0) shows vortex structure (W = ±1): Winding number W = 1 ✓ PASS (|W| ≈ 1)
  ✗ 3. R(x,y,t=0) shows core (R_min < 0.5): R_min = 1 ✗ FAIL (expect R_min < 0.5)
  ✓ 4. ψ(x,y,t=0) is Gaussian at offset position: Wavepacket variance = 1.04808e-05 ✓ PASS (localized)
  ✗ 5. ⟨p⟩(t=0) = γmv (within 5%): ⟨p⟩ = 0.289018 (expect 0.314485, error = 8.09801%) ✗ FAIL (exceeds 5% tolerance)
  ✗ 6. γ_measured(t=final) within 5% of theory: γ_measured = 1.31693 (γ_theory = 1.04828, error = 25.6274%) ✗ FAIL (exceeds 5% tolerance)
  Norm validation: max_error = 0.00054901 ✓ PASS
  Energy validation: max_drift = 0.00281013 ✓ PASS
  Saved observables to /home/persist/neotec/0rigin/output/20251228_041409_em_coupling_disabled_regression_64x64_v0.3/N_100/observables.csv

--- Validating Convergence ---
✓ Convergence validation PASSED

========================================
Velocity: v=0.5c
========================================

Initializing engine for 64×64 grid, velocity v=0.5c...
[SMFTEngine] Resources cleanup delegated to component managers

[SMFTEngine] Physical Interpretation:
  Vacuum potential Δ = 1 (Planck mass in natural units)
  Synchronization field R(x) → Emergent spacetime metric
  Mass field m(x) = Δ·R(x) → Local energy density
  ∇R(x) → Gravitational field (not separate force)
  Grid: 64 x 64 oscillators

[SMFTEngine] Created GPU buffers for 64x64 grid
  Phase buffers: 16384 bytes each
  Spinor buffer: 131072 bytes
  Accumulator buffers: 16384 bytes each (operator splitting)
[SMFTEngine] Created compute pipelines
  ✓ Kuramoto pipeline
  ✓ Sync field pipeline
  ✓ Gravity field pipeline
  ✓ Stochastic Kuramoto pipeline
  ✓ Stochastic Dirac pipeline
  ✓ Accumulation pipeline (operator splitting)
Created experiment directory: /home/persist/neotec/0rigin/output/20251228_041523_em_coupling_disabled_regression_64x64_v0.5
[OutputManager] Created timestamped directory: /home/persist/neotec/0rigin/output/20251228_041523_em_coupling_disabled_regression_64x64_v0.5
