[Logging] Console output for 128x128 v=0.3c writing to: /home/persist/neotec/0rigin/output/20251226_211846_scenario_2.5B_boosted_frame_analysis_128x128_v0.3/console.log

--- Testing with N=1 ---
  Dirac initialization (grid-independent):
    Position: (50, 50) ℓ_P
    Width: 3 ℓ_P
    Grid coordinates: (64, 64) grid units
    Grid width: 3.84 grid units
  Using Dirac solver (spinor field) with boosted initialization
    Background R (expected): 1
[DiracEvolution] Initialized 128x128 4-component spinor field (particle, β=1)
[SMFT] Boosted Gaussian initialization:
  Position: (64, 64) grid units
  Width: σ = 3.84 grid units
  Velocity: v = (0.3, 0)c
  |v| = 0.3c
  Lorentz factor: γ = 1.04828
  Rest mass: m₀ = Δ·R = 1 × 1 = 1 m_P
  Momentum: p = (0.314485, 0) m_P·c
  |p| = 0.314485 m_P·c
  Pre-normalization: ∫|Ψ|² = 92.6492
  Normalization factor: 9.62545
[DiracEvolution] Initialized Gaussian wavepacket at (64, 64) with σ=3.84
  Final norm: ||Ψ||² = 1
  Initial position: <r> = (64, 64)
✓ Boosted Gaussian initialized
[SMFTEngine] Boosted Dirac field initialized: center=(64,64), sigma=3.84, boost=(0.3,0)c, norm=1, <r>=(64,64)
[DiracEvolution] Initialized 128x128 4-component spinor field (particle, β=1)
[SMFT] Boosted Gaussian initialization:
  Position: (64, 64) grid units
  Width: σ = 3.84 grid units
  Velocity: v = (0.3, 0)c
  |v| = 0.3c
  Lorentz factor: γ = 1.04828
  Rest mass: m₀ = Δ·R = 1 × 1 = 1 m_P
  Momentum: p = (0.314485, 0) m_P·c
  |p| = 0.314485 m_P·c
  Pre-normalization: ∫|Ψ|² = 92.6492
  Normalization factor: 9.62545
[DiracEvolution] Initialized Gaussian wavepacket at (64, 64) with σ=3.84
  Final norm: ||Ψ||² = 1
  Initial position: <r> = (64, 64)
✓ Boosted Gaussian initialized
  Initial energy E0 = 1.15498
  Initial norm = 1
[stepWithDirac] Strang splitting enabled:
  substep_ratio=1
  substep_dt=0.01
  half_substeps=0
  remaining_substeps=1
  Saved spatial snapshot at t = 0 (step 0)
  Step 0/10000 | R_avg = 0.999584 | norm = 1
  Step 100/10000 | R_avg = 0.999681 | norm = 0.999975
  Step 200/10000 | R_avg = 0.999649 | norm = 0.999948
  Step 300/10000 | R_avg = 0.999584 | norm = 0.99992
  Step 400/10000 | R_avg = 0.999681 | norm = 0.999891
  Step 500/10000 | R_avg = 0.999649 | norm = 0.999862
  Step 600/10000 | R_avg = 0.999584 | norm = 0.999832
  Step 700/10000 | R_avg = 0.999681 | norm = 0.999802
  Step 800/10000 | R_avg = 0.999649 | norm = 0.99977
  Step 900/10000 | R_avg = 0.999584 | norm = 0.999739
  Step 1000/10000 | R_avg = 0.999681 | norm = 0.999707
  Step 1100/10000 | R_avg = 0.999649 | norm = 0.999675
  Step 1200/10000 | R_avg = 0.999584 | norm = 0.999643
  Step 1300/10000 | R_avg = 0.999681 | norm = 0.999611
  Step 1400/10000 | R_avg = 0.999649 | norm = 0.999579
  Step 1500/10000 | R_avg = 0.999584 | norm = 0.999547
  Step 1600/10000 | R_avg = 0.999681 | norm = 0.999515
  Step 1700/10000 | R_avg = 0.999649 | norm = 0.999483
  Step 1800/10000 | R_avg = 0.999584 | norm = 0.999451
  Step 1900/10000 | R_avg = 0.999681 | norm = 0.999418
  Step 2000/10000 | R_avg = 0.999649 | norm = 0.999386
  Step 2100/10000 | R_avg = 0.999584 | norm = 0.999353
  Step 2200/10000 | R_avg = 0.999681 | norm = 0.99932
  Step 2300/10000 | R_avg = 0.999649 | norm = 0.999287
  Step 2400/10000 | R_avg = 0.9996 | norm = 0.999254
  Saved spatial snapshot at t = 25 (step 2500)
  Step 2500/10000 | R_avg = 0.999645 | norm = 0.999221
  Step 2600/10000 | R_avg = 0.999663 | norm = 0.999188
  Step 2700/10000 | R_avg = 0.9996 | norm = 0.999155
  Step 2800/10000 | R_avg = 0.999698 | norm = 0.999122
  Step 2900/10000 | R_avg = 0.999702 | norm = 0.99909
  Step 3000/10000 | R_avg = 0.999646 | norm = 0.999059
  Step 3100/10000 | R_avg = 0.999698 | norm = 0.999027
  Step 3200/10000 | R_avg = 0.999702 | norm = 0.998997
  Step 3300/10000 | R_avg = 0.999681 | norm = 0.998966
  Step 3400/10000 | R_avg = 0.999727 | norm = 0.998935
  Step 3500/10000 | R_avg = 0.99974 | norm = 0.998904
  Step 3600/10000 | R_avg = 0.999681 | norm = 0.998872
  Step 3700/10000 | R_avg = 0.999733 | norm = 0.998841
  Step 3800/10000 | R_avg = 0.999746 | norm = 0.99881
  Step 3900/10000 | R_avg = 0.999689 | norm = 0.998778
  Step 4000/10000 | R_avg = 0.999733 | norm = 0.998746
  Step 4100/10000 | R_avg = 0.999746 | norm = 0.998714
  Step 4200/10000 | R_avg = 0.999689 | norm = 0.998681
  Step 4300/10000 | R_avg = 0.999733 | norm = 0.998649
  Step 4400/10000 | R_avg = 0.999746 | norm = 0.998617
  Step 4500/10000 | R_avg = 0.999689 | norm = 0.998584
  Step 4600/10000 | R_avg = 0.999733 | norm = 0.998551
  Step 4700/10000 | R_avg = 0.999746 | norm = 0.998519
  Step 4800/10000 | R_avg = 0.999689 | norm = 0.998486
  Step 4900/10000 | R_avg = 0.999733 | norm = 0.998453
  Saved spatial snapshot at t = 50 (step 5000)
  Step 5000/10000 | R_avg = 0.999746 | norm = 0.998421
  Step 5100/10000 | R_avg = 0.999689 | norm = 0.998388
  Step 5200/10000 | R_avg = 0.999733 | norm = 0.998355
  Step 5300/10000 | R_avg = 0.999746 | norm = 0.998322
  Step 5400/10000 | R_avg = 0.999689 | norm = 0.99829
  Step 5500/10000 | R_avg = 0.999733 | norm = 0.998256
  Step 5600/10000 | R_avg = 0.999746 | norm = 0.998223
  Step 5700/10000 | R_avg = 0.999689 | norm = 0.99819
  Step 5800/10000 | R_avg = 0.999733 | norm = 0.998157
  Step 5900/10000 | R_avg = 0.999746 | norm = 0.998125
  Step 6000/10000 | R_avg = 0.999689 | norm = 0.998093
  Step 6100/10000 | R_avg = 0.999733 | norm = 0.99806
  Step 6200/10000 | R_avg = 0.999746 | norm = 0.998028
  Step 6300/10000 | R_avg = 0.999689 | norm = 0.997997
  Step 6400/10000 | R_avg = 0.999733 | norm = 0.997965
  Step 6500/10000 | R_avg = 0.999746 | norm = 0.997934
  Step 6600/10000 | R_avg = 0.999689 | norm = 0.997903
  Step 6700/10000 | R_avg = 0.999733 | norm = 0.997872
  Step 6800/10000 | R_avg = 0.999746 | norm = 0.99784
  Step 6900/10000 | R_avg = 0.999689 | norm = 0.997809
  Step 7000/10000 | R_avg = 0.999733 | norm = 0.997777
  Step 7100/10000 | R_avg = 0.999746 | norm = 0.997746
  Step 7200/10000 | R_avg = 0.999689 | norm = 0.997714
  Step 7300/10000 | R_avg = 0.999733 | norm = 0.997682
  Step 7400/10000 | R_avg = 0.999746 | norm = 0.99765
  Saved spatial snapshot at t = 75 (step 7500)
  Step 7500/10000 | R_avg = 0.999689 | norm = 0.997618
  Step 7600/10000 | R_avg = 0.999733 | norm = 0.997586
  Step 7700/10000 | R_avg = 0.999746 | norm = 0.997553
  Step 7800/10000 | R_avg = 0.999689 | norm = 0.997521
  Step 7900/10000 | R_avg = 0.999733 | norm = 0.997488
  Step 8000/10000 | R_avg = 0.999746 | norm = 0.997456
  Step 8100/10000 | R_avg = 0.999689 | norm = 0.997424
  Step 8200/10000 | R_avg = 0.999672 | norm = 0.997392
  Step 8300/10000 | R_avg = 0.999735 | norm = 0.997359
  Step 8400/10000 | R_avg = 0.999686 | norm = 0.997327
  Step 8500/10000 | R_avg = 0.999672 | norm = 0.997294
  Step 8600/10000 | R_avg = 0.999818 | norm = 0.997262
  Step 8700/10000 | R_avg = 0.999832 | norm = 0.997229
  Step 8800/10000 | R_avg = 0.999812 | norm = 0.997197
  Step 8900/10000 | R_avg = 0.999818 | norm = 0.997164
  Step 9000/10000 | R_avg = 0.999811 | norm = 0.997131
  Step 9100/10000 | R_avg = 0.999809 | norm = 0.997099
  Step 9200/10000 | R_avg = 0.999798 | norm = 0.997066
  Step 9300/10000 | R_avg = 0.999811 | norm = 0.997034
  Step 9400/10000 | R_avg = 0.999809 | norm = 0.997002
  Step 9500/10000 | R_avg = 0.999874 | norm = 0.996971
  Step 9600/10000 | R_avg = 0.999873 | norm = 0.996939
  Step 9700/10000 | R_avg = 0.999878 | norm = 0.996908
  Step 9800/10000 | R_avg = 0.999874 | norm = 0.996877
  Step 9900/10000 | R_avg = 0.999897 | norm = 0.996846
  Saved spatial snapshot at t = 99.99 (step 9999)

===== Global Validation =====
✓ Global validation PASSED
  ✓ Probability Conservation: ||ψ||² = 0.996815 (drift: 0.318633% from initial 1) ✓ PASS
  ✓ Energy Conservation: E_total = 1.15131 (drift: 0.317642% from initial 1.15498) ✓ PASS
  ✓ Order Parameter Bounds: R ∈ [1, 1] ✓ PASS (within [0,1])
  ✓ Causality: v = |p|/E = 0.263576 (c = 1) ✓ PASS (v ≤ c)
  ✓ Numerical Stability: All fields finite ✓ PASS

===== Scenario 2.3: Relativistic Mass Validation =====
  Boost velocity: v = 0.3c
  Theoretical gamma: γ = 1.04828
✗ Scenario validation FAILED:
  ✗ 1. θ(x,y,t=0) shows vortex structure (W = ±1): Winding number W = 0 ✗ FAIL (expect |W| = 1 ± 0.2)
  ✗ 3. R(x,y,t=0) shows core (R_min < 0.5): R_min = 1 ✗ FAIL (expect R_min < 0.5)
  ✗ 4. ψ(x,y,t=0) is Gaussian at offset position: Wavepacket variance = 6.55052e-07 ✗ FAIL (too uniform, not Gaussian)
  ✓ 5. ⟨p⟩(t=0) = γmv (within 5%): ⟨p⟩ = 0.304127 (expect 0.314485, error = 3.29368%) ✓ PASS
  ✗ 6. γ_measured(t=final) within 5% of theory: γ_measured = 1.11071 (γ_theory = 1.04828, error = 5.95492%) ✗ FAIL (exceeds 5% tolerance)
  Norm validation: max_error = 0.00318546 ✓ PASS
  Energy validation: max_drift = 0.00488437 ✓ PASS
  Saved observables to /home/persist/neotec/0rigin/output/20251226_211846_scenario_2.5B_boosted_frame_analysis_128x128_v0.3/N_1/observables.csv

--- Testing with N=10 ---
  Dirac initialization (grid-independent):
    Position: (50, 50) ℓ_P
    Width: 3 ℓ_P
    Grid coordinates: (64, 64) grid units
    Grid width: 3.84 grid units
  Using Dirac solver (spinor field) with boosted initialization
    Background R (expected): 1
[SMFT] Boosted Gaussian initialization:
  Position: (64, 64) grid units
  Width: σ = 3.84 grid units
  Velocity: v = (0.3, 0)c
  |v| = 0.3c
  Lorentz factor: γ = 1.04828
  Rest mass: m₀ = Δ·R = 1 × 1 = 1 m_P
  Momentum: p = (0.314485, 0) m_P·c
  |p| = 0.314485 m_P·c
  Pre-normalization: ∫|Ψ|² = 92.6492
  Normalization factor: 9.62545
[DiracEvolution] Initialized Gaussian wavepacket at (64, 64) with σ=3.84
  Final norm: ||Ψ||² = 1
  Initial position: <r> = (64, 64)
✓ Boosted Gaussian initialized
[SMFTEngine] Boosted Dirac field initialized: center=(64,64), sigma=3.84, boost=(0.3,0)c, norm=1, <r>=(64,64)
[DiracEvolution] Initialized 128x128 4-component spinor field (particle, β=1)
[SMFT] Boosted Gaussian initialization:
  Position: (64, 64) grid units
  Width: σ = 3.84 grid units
  Velocity: v = (0.3, 0)c
  |v| = 0.3c
  Lorentz factor: γ = 1.04828
  Rest mass: m₀ = Δ·R = 1 × 1 = 1 m_P
  Momentum: p = (0.314485, 0) m_P·c
  |p| = 0.314485 m_P·c
  Pre-normalization: ∫|Ψ|² = 92.6492
  Normalization factor: 9.62545
[DiracEvolution] Initialized Gaussian wavepacket at (64, 64) with σ=3.84
  Final norm: ||Ψ||² = 1
  Initial position: <r> = (64, 64)
✓ Boosted Gaussian initialized
  Initial energy E0 = 1.15498
  Initial norm = 1
  Saved spatial snapshot at t = 0 (step 0)
  Step 0/10000 | R_avg = 0.999908 | norm = 1
  Step 100/10000 | R_avg = 0.999922 | norm = 0.999975
  Step 200/10000 | R_avg = 0.999908 | norm = 0.999948
  Step 300/10000 | R_avg = 0.999913 | norm = 0.99992
  Step 400/10000 | R_avg = 0.999909 | norm = 0.999891
  Step 500/10000 | R_avg = 0.999933 | norm = 0.999862
  Step 600/10000 | R_avg = 0.999922 | norm = 0.999832
  Step 700/10000 | R_avg = 0.999815 | norm = 0.999801
  Step 800/10000 | R_avg = 0.999794 | norm = 0.99977
  Step 900/10000 | R_avg = 0.9998 | norm = 0.999739
  Step 1000/10000 | R_avg = 0.999867 | norm = 0.999707
  Step 1100/10000 | R_avg = 0.999879 | norm = 0.999675
  Step 1200/10000 | R_avg = 0.99991 | norm = 0.999643
  Step 1300/10000 | R_avg = 0.999896 | norm = 0.999611
  Step 1400/10000 | R_avg = 0.999897 | norm = 0.999579
  Step 1500/10000 | R_avg = 0.99991 | norm = 0.999547
  Step 1600/10000 | R_avg = 0.9999 | norm = 0.999515
  Step 1700/10000 | R_avg = 0.999909 | norm = 0.999482
  Step 1800/10000 | R_avg = 0.999818 | norm = 0.99945
  Step 1900/10000 | R_avg = 0.99984 | norm = 0.999417
  Step 2000/10000 | R_avg = 0.999807 | norm = 0.999385
  Step 2100/10000 | R_avg = 0.999769 | norm = 0.999352
  Step 2200/10000 | R_avg = 0.999825 | norm = 0.999319
  Step 2300/10000 | R_avg = 0.999826 | norm = 0.999286
  Step 2400/10000 | R_avg = 0.999873 | norm = 0.999252
  Saved spatial snapshot at t = 25 (step 2500)
  Step 2500/10000 | R_avg = 0.999824 | norm = 0.999219
  Step 2600/10000 | R_avg = 0.999813 | norm = 0.999186
  Step 2700/10000 | R_avg = 0.99981 | norm = 0.999154
  Step 2800/10000 | R_avg = 0.999828 | norm = 0.999121
  Step 2900/10000 | R_avg = 0.999825 | norm = 0.999089
  Step 3000/10000 | R_avg = 0.999817 | norm = 0.999058
  Step 3100/10000 | R_avg = 0.999822 | norm = 0.999026
  Step 3200/10000 | R_avg = 0.999826 | norm = 0.998996
  Step 3300/10000 | R_avg = 0.999873 | norm = 0.998965
  Step 3400/10000 | R_avg = 0.999824 | norm = 0.998934
  Step 3500/10000 | R_avg = 0.999813 | norm = 0.998903
  Step 3600/10000 | R_avg = 0.99981 | norm = 0.998872
  Step 3700/10000 | R_avg = 0.999828 | norm = 0.998841
  Step 3800/10000 | R_avg = 0.999825 | norm = 0.99881
  Step 3900/10000 | R_avg = 0.999817 | norm = 0.998778
  Step 4000/10000 | R_avg = 0.999822 | norm = 0.998746
  Step 4100/10000 | R_avg = 0.999826 | norm = 0.998713
  Step 4200/10000 | R_avg = 0.999873 | norm = 0.998681
  Step 4300/10000 | R_avg = 0.999824 | norm = 0.998649
  Step 4400/10000 | R_avg = 0.999813 | norm = 0.998616
  Step 4500/10000 | R_avg = 0.99981 | norm = 0.998584
  Step 4600/10000 | R_avg = 0.999828 | norm = 0.998551
  Step 4700/10000 | R_avg = 0.999825 | norm = 0.998519
  Step 4800/10000 | R_avg = 0.999817 | norm = 0.998486
  Step 4900/10000 | R_avg = 0.999822 | norm = 0.998453
  Saved spatial snapshot at t = 50 (step 5000)
  Step 5000/10000 | R_avg = 0.999826 | norm = 0.99842
  Step 5100/10000 | R_avg = 0.999873 | norm = 0.998387
  Step 5200/10000 | R_avg = 0.999824 | norm = 0.998354
  Step 5300/10000 | R_avg = 0.999813 | norm = 0.998322
  Step 5400/10000 | R_avg = 0.99981 | norm = 0.998289
  Step 5500/10000 | R_avg = 0.999828 | norm = 0.998256
  Step 5600/10000 | R_avg = 0.999825 | norm = 0.998223
  Step 5700/10000 | R_avg = 0.999817 | norm = 0.99819
  Step 5800/10000 | R_avg = 0.999881 | norm = 0.998157
  Step 5900/10000 | R_avg = 0.999884 | norm = 0.998125
  Step 6000/10000 | R_avg = 0.999857 | norm = 0.998092
  Step 6100/10000 | R_avg = 0.99988 | norm = 0.99806
  Step 6200/10000 | R_avg = 0.999755 | norm = 0.998028
  Step 6300/10000 | R_avg = 0.999808 | norm = 0.997997
  Step 6400/10000 | R_avg = 0.999766 | norm = 0.997966
  Step 6500/10000 | R_avg = 0.999874 | norm = 0.997934
  Step 6600/10000 | R_avg = 0.999887 | norm = 0.997903
  Step 6700/10000 | R_avg = 0.999887 | norm = 0.997872
  Step 6800/10000 | R_avg = 0.99989 | norm = 0.997841
  Step 6900/10000 | R_avg = 0.999906 | norm = 0.99781
  Step 7000/10000 | R_avg = 0.999879 | norm = 0.997778
  Step 7100/10000 | R_avg = 0.999844 | norm = 0.997747
  Step 7200/10000 | R_avg = 0.999899 | norm = 0.997715
  Step 7300/10000 | R_avg = 0.999811 | norm = 0.997683
  Step 7400/10000 | R_avg = 0.999866 | norm = 0.997651
  Saved spatial snapshot at t = 75 (step 7500)
  Step 7500/10000 | R_avg = 0.999869 | norm = 0.997619
  Step 7600/10000 | R_avg = 0.999875 | norm = 0.997586
  Step 7700/10000 | R_avg = 0.999851 | norm = 0.997554
  Step 7800/10000 | R_avg = 0.99989 | norm = 0.997521
  Step 7900/10000 | R_avg = 0.999934 | norm = 0.997489
  Step 8000/10000 | R_avg = 0.999889 | norm = 0.997457
  Step 8100/10000 | R_avg = 0.999891 | norm = 0.997424
  Step 8200/10000 | R_avg = 0.999903 | norm = 0.997392
  Step 8300/10000 | R_avg = 0.999881 | norm = 0.99736
  Step 8400/10000 | R_avg = 0.999879 | norm = 0.997327
  Step 8500/10000 | R_avg = 0.999892 | norm = 0.997295
  Step 8600/10000 | R_avg = 0.999885 | norm = 0.997262
  Step 8700/10000 | R_avg = 0.999886 | norm = 0.997229
  Step 8800/10000 | R_avg = 0.999898 | norm = 0.997197
  Step 8900/10000 | R_avg = 0.999889 | norm = 0.997164
  Step 9000/10000 | R_avg = 0.999891 | norm = 0.997132
  Step 9100/10000 | R_avg = 0.999903 | norm = 0.997099
  Step 9200/10000 | R_avg = 0.999881 | norm = 0.997067
  Step 9300/10000 | R_avg = 0.999879 | norm = 0.997034
  Step 9400/10000 | R_avg = 0.999892 | norm = 0.997002
  Step 9500/10000 | R_avg = 0.999885 | norm = 0.996971
  Step 9600/10000 | R_avg = 0.999886 | norm = 0.996939
  Step 9700/10000 | R_avg = 0.999898 | norm = 0.996908
  Step 9800/10000 | R_avg = 0.999889 | norm = 0.996876
  Step 9900/10000 | R_avg = 0.999891 | norm = 0.996845
  Saved spatial snapshot at t = 99.99 (step 9999)

===== Global Validation =====
✓ Global validation PASSED
  ✓ Probability Conservation: ||ψ||² = 0.996814 (drift: 0.318674% from initial 1) ✓ PASS
  ✓ Energy Conservation: E_total = 1.15082 (drift: 0.360393% from initial 1.15498) ✓ PASS
  ✓ Order Parameter Bounds: R ∈ [1, 1] ✓ PASS (within [0,1])
  ✓ Causality: v = |p|/E = 0.262985 (c = 1) ✓ PASS (v ≤ c)
  ✓ Numerical Stability: All fields finite ✓ PASS

===== Scenario 2.3: Relativistic Mass Validation =====
  Boost velocity: v = 0.3c
  Theoretical gamma: γ = 1.04828
✗ Scenario validation FAILED:
  ✗ 1. θ(x,y,t=0) shows vortex structure (W = ±1): Winding number W = 0 ✗ FAIL (expect |W| = 1 ± 0.2)
  ✗ 3. R(x,y,t=0) shows core (R_min < 0.5): R_min = 1 ✗ FAIL (expect R_min < 0.5)
  ✗ 4. ψ(x,y,t=0) is Gaussian at offset position: Wavepacket variance = 6.55052e-07 ✗ FAIL (too uniform, not Gaussian)
  ✓ 5. ⟨p⟩(t=0) = γmv (within 5%): ⟨p⟩ = 0.304127 (expect 0.314485, error = 3.29368%) ✓ PASS
  ✗ 6. γ_measured(t=final) within 5% of theory: γ_measured = 1.11046 (γ_theory = 1.04828, error = 5.93072%) ✗ FAIL (exceeds 5% tolerance)
  Norm validation: max_error = 0.00318585 ✓ PASS
  Energy validation: max_drift = 0.00371777 ✓ PASS
  Saved observables to /home/persist/neotec/0rigin/output/20251226_211846_scenario_2.5B_boosted_frame_analysis_128x128_v0.3/N_10/observables.csv

--- Testing with N=100 ---
  Dirac initialization (grid-independent):
    Position: (50, 50) ℓ_P
    Width: 3 ℓ_P
    Grid coordinates: (64, 64) grid units
    Grid width: 3.84 grid units
  Using Dirac solver (spinor field) with boosted initialization
    Background R (expected): 1
[SMFT] Boosted Gaussian initialization:
  Position: (64, 64) grid units
  Width: σ = 3.84 grid units
  Velocity: v = (0.3, 0)c
  |v| = 0.3c
  Lorentz factor: γ = 1.04828
  Rest mass: m₀ = Δ·R = 1 × 1 = 1 m_P
  Momentum: p = (0.314485, 0) m_P·c
  |p| = 0.314485 m_P·c
  Pre-normalization: ∫|Ψ|² = 92.6492
  Normalization factor: 9.62545
[DiracEvolution] Initialized Gaussian wavepacket at (64, 64) with σ=3.84
  Final norm: ||Ψ||² = 1
  Initial position: <r> = (64, 64)
✓ Boosted Gaussian initialized
[SMFTEngine] Boosted Dirac field initialized: center=(64,64), sigma=3.84, boost=(0.3,0)c, norm=1, <r>=(64,64)
[DiracEvolution] Initialized 128x128 4-component spinor field (particle, β=1)
[SMFT] Boosted Gaussian initialization:
  Position: (64, 64) grid units
  Width: σ = 3.84 grid units
  Velocity: v = (0.3, 0)c
  |v| = 0.3c
  Lorentz factor: γ = 1.04828
  Rest mass: m₀ = Δ·R = 1 × 1 = 1 m_P
  Momentum: p = (0.314485, 0) m_P·c
  |p| = 0.314485 m_P·c
  Pre-normalization: ∫|Ψ|² = 92.6492
  Normalization factor: 9.62545
[DiracEvolution] Initialized Gaussian wavepacket at (64, 64) with σ=3.84
  Final norm: ||Ψ||² = 1
  Initial position: <r> = (64, 64)
✓ Boosted Gaussian initialized
  Initial energy E0 = 1.15498
  Initial norm = 1
  Saved spatial snapshot at t = 0 (step 0)
  Step 0/10000 | R_avg = 0.999875 | norm = 1
  Step 100/10000 | R_avg = 0.999823 | norm = 0.999975
  Step 200/10000 | R_avg = 0.99984 | norm = 0.999948
  Step 300/10000 | R_avg = 0.999828 | norm = 0.99992
  Step 400/10000 | R_avg = 0.999885 | norm = 0.999891
  Step 500/10000 | R_avg = 0.999916 | norm = 0.999862
  Step 600/10000 | R_avg = 0.999897 | norm = 0.999832
  Step 700/10000 | R_avg = 0.999901 | norm = 0.999801
  Step 800/10000 | R_avg = 0.999911 | norm = 0.99977
  Step 900/10000 | R_avg = 0.999898 | norm = 0.999739
  Step 1000/10000 | R_avg = 0.999911 | norm = 0.999707
  Step 1100/10000 | R_avg = 0.999928 | norm = 0.999675
  Step 1200/10000 | R_avg = 0.999929 | norm = 0.999643
  Step 1300/10000 | R_avg = 0.999927 | norm = 0.999611
  Step 1400/10000 | R_avg = 0.999935 | norm = 0.999579
  Step 1500/10000 | R_avg = 0.999932 | norm = 0.999547
  Step 1600/10000 | R_avg = 0.999937 | norm = 0.999515
  Step 1700/10000 | R_avg = 0.999951 | norm = 0.999482
  Step 1800/10000 | R_avg = 0.999901 | norm = 0.99945
  Step 1900/10000 | R_avg = 0.999868 | norm = 0.999417
  Step 2000/10000 | R_avg = 0.999923 | norm = 0.999385
  Step 2100/10000 | R_avg = 0.999929 | norm = 0.999352
  Step 2200/10000 | R_avg = 0.999932 | norm = 0.999319
  Step 2300/10000 | R_avg = 0.999931 | norm = 0.999286
  Step 2400/10000 | R_avg = 0.999943 | norm = 0.999252
  Saved spatial snapshot at t = 25 (step 2500)
  Step 2500/10000 | R_avg = 0.999932 | norm = 0.999219
  Step 2600/10000 | R_avg = 0.999873 | norm = 0.999186
  Step 2700/10000 | R_avg = 0.999813 | norm = 0.999153
  Step 2800/10000 | R_avg = 0.999741 | norm = 0.999121
  Step 2900/10000 | R_avg = 0.999915 | norm = 0.999089
  Step 3000/10000 | R_avg = 0.999844 | norm = 0.999057
  Step 3100/10000 | R_avg = 0.999884 | norm = 0.999026
  Step 3200/10000 | R_avg = 0.999876 | norm = 0.998995
  Step 3300/10000 | R_avg = 0.999914 | norm = 0.998964
  Step 3400/10000 | R_avg = 0.999892 | norm = 0.998933
  Step 3500/10000 | R_avg = 0.999902 | norm = 0.998902
  Step 3600/10000 | R_avg = 0.999928 | norm = 0.998871
  Step 3700/10000 | R_avg = 0.999926 | norm = 0.99884
  Step 3800/10000 | R_avg = 0.999893 | norm = 0.998809
  Step 3900/10000 | R_avg = 0.999762 | norm = 0.998777
  Step 4000/10000 | R_avg = 0.999958 | norm = 0.998745
  Step 4100/10000 | R_avg = 0.999864 | norm = 0.998713
  Step 4200/10000 | R_avg = 0.999885 | norm = 0.99868
  Step 4300/10000 | R_avg = 0.999806 | norm = 0.998648
  Step 4400/10000 | R_avg = 0.999928 | norm = 0.998616
  Step 4500/10000 | R_avg = 0.999878 | norm = 0.998583
  Step 4600/10000 | R_avg = 0.999942 | norm = 0.998551
  Step 4700/10000 | R_avg = 0.999944 | norm = 0.998518
  Step 4800/10000 | R_avg = 0.999937 | norm = 0.998485
  Step 4900/10000 | R_avg = 0.999936 | norm = 0.998452
  Saved spatial snapshot at t = 50 (step 5000)
  Step 5000/10000 | R_avg = 0.999916 | norm = 0.99842
  Step 5100/10000 | R_avg = 0.999867 | norm = 0.998387
  Step 5200/10000 | R_avg = 0.999872 | norm = 0.998354
  Step 5300/10000 | R_avg = 0.999934 | norm = 0.998321
  Step 5400/10000 | R_avg = 0.999935 | norm = 0.998289
  Step 5500/10000 | R_avg = 0.999921 | norm = 0.998255
  Step 5600/10000 | R_avg = 0.999878 | norm = 0.998222
  Step 5700/10000 | R_avg = 0.999877 | norm = 0.998189
  Step 5800/10000 | R_avg = 0.999893 | norm = 0.998156
  Step 5900/10000 | R_avg = 0.999879 | norm = 0.998123
  Step 6000/10000 | R_avg = 0.999869 | norm = 0.998091
  Step 6100/10000 | R_avg = 0.999874 | norm = 0.998059
  Step 6200/10000 | R_avg = 0.999936 | norm = 0.998027
  Step 6300/10000 | R_avg = 0.999888 | norm = 0.997996
  Step 6400/10000 | R_avg = 0.999822 | norm = 0.997964
  Step 6500/10000 | R_avg = 0.999935 | norm = 0.997933
  Step 6600/10000 | R_avg = 0.999942 | norm = 0.997902
  Step 6700/10000 | R_avg = 0.99993 | norm = 0.99787
  Step 6800/10000 | R_avg = 0.999856 | norm = 0.997839
  Step 6900/10000 | R_avg = 0.999961 | norm = 0.997808
  Step 7000/10000 | R_avg = 0.999896 | norm = 0.997776
  Step 7100/10000 | R_avg = 0.999942 | norm = 0.997745
  Step 7200/10000 | R_avg = 0.999948 | norm = 0.997713
  Step 7300/10000 | R_avg = 0.999925 | norm = 0.997681
  Step 7400/10000 | R_avg = 0.999947 | norm = 0.997649
  Saved spatial snapshot at t = 75 (step 7500)
  Step 7500/10000 | R_avg = 0.999942 | norm = 0.997617
  Step 7600/10000 | R_avg = 0.999958 | norm = 0.997585
  Step 7700/10000 | R_avg = 0.999943 | norm = 0.997552
  Step 7800/10000 | R_avg = 0.999917 | norm = 0.99752
  Step 7900/10000 | R_avg = 0.999914 | norm = 0.997487
  Step 8000/10000 | R_avg = 0.999883 | norm = 0.997455
  Step 8100/10000 | R_avg = 0.999904 | norm = 0.997422
  Step 8200/10000 | R_avg = 0.999921 | norm = 0.99739
  Step 8300/10000 | R_avg = 0.999914 | norm = 0.997358
  Step 8400/10000 | R_avg = 0.999929 | norm = 0.997326
  Step 8500/10000 | R_avg = 0.999915 | norm = 0.997293
  Step 8600/10000 | R_avg = 0.999927 | norm = 0.997261
  Step 8700/10000 | R_avg = 0.999798 | norm = 0.997228
  Step 8800/10000 | R_avg = 0.999904 | norm = 0.997195
  Step 8900/10000 | R_avg = 0.999894 | norm = 0.997163
  Step 9000/10000 | R_avg = 0.999882 | norm = 0.99713
  Step 9100/10000 | R_avg = 0.999927 | norm = 0.997097
  Step 9200/10000 | R_avg = 0.999918 | norm = 0.997065
  Step 9300/10000 | R_avg = 0.999908 | norm = 0.997032
  Step 9400/10000 | R_avg = 0.99988 | norm = 0.997
  Step 9500/10000 | R_avg = 0.999948 | norm = 0.996968
  Step 9600/10000 | R_avg = 0.999932 | norm = 0.996937
  Step 9700/10000 | R_avg = 0.999937 | norm = 0.996906
  Step 9800/10000 | R_avg = 0.999936 | norm = 0.996875
  Step 9900/10000 | R_avg = 0.999951 | norm = 0.996844
  Saved spatial snapshot at t = 99.99 (step 9999)

===== Global Validation =====
✓ Global validation PASSED
  ✓ Probability Conservation: ||ψ||² = 0.996813 (drift: 0.318801% from initial 1) ✓ PASS
  ✓ Energy Conservation: E_total = 1.15105 (drift: 0.339958% from initial 1.15498) ✓ PASS
  ✓ Order Parameter Bounds: R ∈ [1, 1] ✓ PASS (within [0,1])
  ✓ Causality: v = |p|/E = 0.263067 (c = 1) ✓ PASS (v ≤ c)
  ✓ Numerical Stability: All fields finite ✓ PASS

===== Scenario 2.3: Relativistic Mass Validation =====
  Boost velocity: v = 0.3c
  Theoretical gamma: γ = 1.04828
✗ Scenario validation FAILED:
  ✗ 1. θ(x,y,t=0) shows vortex structure (W = ±1): Winding number W = 0 ✗ FAIL (expect |W| = 1 ± 0.2)
  ✗ 3. R(x,y,t=0) shows core (R_min < 0.5): R_min = 1 ✗ FAIL (expect R_min < 0.5)
  ✗ 4. ψ(x,y,t=0) is Gaussian at offset position: Wavepacket variance = 6.55052e-07 ✗ FAIL (too uniform, not Gaussian)
  ✓ 5. ⟨p⟩(t=0) = γmv (within 5%): ⟨p⟩ = 0.304126 (expect 0.314485, error = 3.29405%) ✓ PASS
  ✗ 6. γ_measured(t=final) within 5% of theory: γ_measured = 1.11056 (γ_theory = 1.04828, error = 5.94099%) ✗ FAIL (exceeds 5% tolerance)
  Norm validation: max_error = 0.00318711 ✓ PASS
  Energy validation: max_drift = 0.00400767 ✓ PASS
  Saved observables to /home/persist/neotec/0rigin/output/20251226_211846_scenario_2.5B_boosted_frame_analysis_128x128_v0.3/N_100/observables.csv

--- Validating Convergence ---
✓ Convergence validation PASSED

========================================
Grid: 128×128 | Velocity: v=0.5c
========================================

Initializing engine for 128×128 grid, velocity v=0.5c...
[SMFTEngine] Resources cleanup delegated to component managers

[SMFTEngine] Physical Interpretation:
  Vacuum potential Δ = 1 (Planck mass in natural units)
  Synchronization field R(x) → Emergent spacetime metric
  Mass field m(x) = Δ·R(x) → Local energy density
  ∇R(x) → Gravitational field (not separate force)
  Grid: 128 x 128 oscillators

[SMFTEngine] Created GPU buffers for 128x128 grid
  Phase buffers: 65536 bytes each
  Spinor buffer: 524288 bytes
  Accumulator buffers: 65536 bytes each (operator splitting)
[SMFTEngine] Created compute pipelines
  ✓ Kuramoto pipeline
  ✓ Sync field pipeline
  ✓ Gravity field pipeline
  ✓ Stochastic Kuramoto pipeline
  ✓ Stochastic Dirac pipeline
  ✓ Accumulation pipeline (operator splitting)
Created experiment directory: /home/persist/neotec/0rigin/output/20251226_213313_scenario_2.5B_boosted_frame_analysis_128x128_v0.5
[OutputManager] Created timestamped directory: /home/persist/neotec/0rigin/output/20251226_213313_scenario_2.5B_boosted_frame_analysis_128x128_v0.5
