[Logging] Console output for 64x64 v=0.5c writing to: /home/persist/neotec/0rigin/output/20251228_162446_em_coupling_uniform_field_64x64_v0.5/console.log

--- Testing with N=1 ---
  Dirac initialization (grid-independent):
    Position: (50, 50) ℓ_P
    Width: 3 ℓ_P
    Grid coordinates: (32, 32) grid units
    Grid width: 1.92 grid units
  Using Dirac solver (spinor field) with boosted initialization
    Background R (expected): 1
[DiracEvolution] Initialized 64x64 4-component spinor field (particle, β=1)
[SMFT] Boosted Gaussian initialization:
  Position: (32, 32) grid units
  Width: σ = 1.92 grid units
  Velocity: v = (0.5, 0)c
  |v| = 0.5c
  Lorentz factor: γ = 1.1547
  Rest mass: m₀ = Δ·R = 1 × 1 = 1 m_P
  Momentum: p = (0.57735, 0) m_P·c
  |p| = 0.57735 m_P·c
  Pre-normalization: ∫|Ψ|² = 23.1623
  Normalization factor: 4.81273
[DiracEvolution] Initialized Gaussian wavepacket at (32, 32) with σ=1.92
  Final norm: ||Ψ||² = 1
  Initial position: <r> = (32, 32)
✓ Boosted Gaussian initialized
[SMFTEngine] Boosted Dirac field initialized: center=(32,32), sigma=1.92, boost=(0.5,0)c, norm=1, <r>=(32,32)
[DiracEvolution] Initialized 64x64 4-component spinor field (particle, β=1)
[SMFT] Boosted Gaussian initialization:
  Position: (32, 32) grid units
  Width: σ = 1.92 grid units
  Velocity: v = (0.5, 0)c
  |v| = 0.5c
  Lorentz factor: γ = 1.1547
  Rest mass: m₀ = Δ·R = 1 × 1 = 1 m_P
  Momentum: p = (0.57735, 0) m_P·c
  |p| = 0.57735 m_P·c
  Pre-normalization: ∫|Ψ|² = 23.1623
  Normalization factor: 4.81273
[DiracEvolution] Initialized Gaussian wavepacket at (32, 32) with σ=1.92
  Final norm: ||Ψ||² = 1
  Initial position: <r> = (32, 32)
✓ Boosted Gaussian initialized
  Initial energy E0 = 1.46471
  Initial norm = 1
  Saved spatial snapshot at t = 0 (step 0)
  Actual initial energy E0 = 1.46908 (from first observation including EM)
  Step 0/2000 | R_avg = 0.999017 | norm = 1
  Step 100/2000 | R_avg = 0.999738 | norm = 0.999976
  Step 200/2000 | R_avg = 0.999771 | norm = 0.999949
  Step 300/2000 | R_avg = 0.999781 | norm = 0.999921
  Step 400/2000 | R_avg = 0.999728 | norm = 0.999892
  Step 500/2000 | R_avg = 0.999021 | norm = 0.999863
  Step 600/2000 | R_avg = 0.999717 | norm = 0.999833
  Step 700/2000 | R_avg = 0.999759 | norm = 0.999802
  Step 800/2000 | R_avg = 0.99903 | norm = 0.999772
  Step 900/2000 | R_avg = 0.999749 | norm = 0.999741
  Step 1000/2000 | R_avg = 0.999755 | norm = 0.99971
  Step 1100/2000 | R_avg = 0.999035 | norm = 0.999678
  Step 1200/2000 | R_avg = 0.999769 | norm = 0.999647
  Step 1300/2000 | R_avg = 0.999733 | norm = 0.999615
  Step 1400/2000 | R_avg = 0.999799 | norm = 0.999585
  Step 1500/2000 | R_avg = 0.999753 | norm = 0.999555
  Step 1600/2000 | R_avg = 0.999064 | norm = 0.999526
  Step 1700/2000 | R_avg = 0.999777 | norm = 0.999497
  Step 1800/2000 | R_avg = 0.999738 | norm = 0.999467
  Step 1900/2000 | R_avg = 0.999737 | norm = 0.999438

===== Global Validation =====
✓ Global validation PASSED
  ✓ Probability Conservation: ||ψ||² = 0.999408 (drift: 0.0592093% from initial 1) ✓ PASS
  ✓ Energy Conservation: E_total = 1.4706 (drift: 0.103382% from initial 1.46908) ✓ PASS
  ✓ Order Parameter Bounds: R ∈ [1, 1] ✓ PASS (within [0,1])
  ✓ Causality: v = |p|/E = 0.344496 (c = 1) ✓ PASS (v ≤ c)
  ✓ Numerical Stability: All fields finite ✓ PASS
  Norm validation: max_error = 0.000592156 ✓ PASS
  Energy validation: max_drift = 0.0055104 ✓ PASS
  Saved observables to /home/persist/neotec/0rigin/output/20251228_162446_em_coupling_uniform_field_64x64_v0.5/N_1/observables.csv
  Saved EM observables to /home/persist/neotec/0rigin/output/20251228_162446_em_coupling_uniform_field_64x64_v0.5/N_1/em_observables.csv

--- Testing with N=10 ---
  Dirac initialization (grid-independent):
    Position: (50, 50) ℓ_P
    Width: 3 ℓ_P
    Grid coordinates: (32, 32) grid units
    Grid width: 1.92 grid units
  Using Dirac solver (spinor field) with boosted initialization
    Background R (expected): 1
[SMFT] Boosted Gaussian initialization:
  Position: (32, 32) grid units
  Width: σ = 1.92 grid units
  Velocity: v = (0.5, 0)c
  |v| = 0.5c
  Lorentz factor: γ = 1.1547
  Rest mass: m₀ = Δ·R = 1 × 1 = 1 m_P
  Momentum: p = (0.57735, 0) m_P·c
  |p| = 0.57735 m_P·c
  Pre-normalization: ∫|Ψ|² = 23.1623
  Normalization factor: 4.81273
[DiracEvolution] Initialized Gaussian wavepacket at (32, 32) with σ=1.92
  Final norm: ||Ψ||² = 1
  Initial position: <r> = (32, 32)
✓ Boosted Gaussian initialized
[SMFTEngine] Boosted Dirac field initialized: center=(32,32), sigma=1.92, boost=(0.5,0)c, norm=1, <r>=(32,32)
[DiracEvolution] Initialized 64x64 4-component spinor field (particle, β=1)
[SMFT] Boosted Gaussian initialization:
  Position: (32, 32) grid units
  Width: σ = 1.92 grid units
  Velocity: v = (0.5, 0)c
  |v| = 0.5c
  Lorentz factor: γ = 1.1547
  Rest mass: m₀ = Δ·R = 1 × 1 = 1 m_P
  Momentum: p = (0.57735, 0) m_P·c
  |p| = 0.57735 m_P·c
  Pre-normalization: ∫|Ψ|² = 23.1623
  Normalization factor: 4.81273
[DiracEvolution] Initialized Gaussian wavepacket at (32, 32) with σ=1.92
  Final norm: ||Ψ||² = 1
  Initial position: <r> = (32, 32)
✓ Boosted Gaussian initialized
  Initial energy E0 = 1.46471
  Initial norm = 1
  Saved spatial snapshot at t = 0 (step 0)
  Actual initial energy E0 = 1.45847 (from first observation including EM)
  Step 0/2000 | R_avg = 0.999238 | norm = 1
  Step 100/2000 | R_avg = 0.998821 | norm = 0.999977
  Step 200/2000 | R_avg = 0.999712 | norm = 0.99995
  Step 300/2000 | R_avg = 0.999759 | norm = 0.999922
  Step 400/2000 | R_avg = 0.99974 | norm = 0.999893
  Step 500/2000 | R_avg = 0.999537 | norm = 0.999864
  Step 600/2000 | R_avg = 0.999783 | norm = 0.999833
  Step 700/2000 | R_avg = 0.999753 | norm = 0.999803
  Step 800/2000 | R_avg = 0.999741 | norm = 0.999772
  Step 900/2000 | R_avg = 0.999523 | norm = 0.999741
  Step 1000/2000 | R_avg = 0.999724 | norm = 0.99971
  Step 1100/2000 | R_avg = 0.999774 | norm = 0.999679
  Step 1200/2000 | R_avg = 0.999749 | norm = 0.999648
  Step 1300/2000 | R_avg = 0.999502 | norm = 0.999616
  Step 1400/2000 | R_avg = 0.999486 | norm = 0.999585
  Step 1500/2000 | R_avg = 0.999499 | norm = 0.999555
  Step 1600/2000 | R_avg = 0.99976 | norm = 0.999526
  Step 1700/2000 | R_avg = 0.999753 | norm = 0.999497
  Step 1800/2000 | R_avg = 0.999766 | norm = 0.999468
  Step 1900/2000 | R_avg = 0.999073 | norm = 0.999438

===== Global Validation =====
✓ Global validation PASSED
  ✓ Probability Conservation: ||ψ||² = 0.999408 (drift: 0.0591577% from initial 1) ✓ PASS
  ✓ Energy Conservation: E_total = 1.45983 (drift: 0.092805% from initial 1.45847) ✓ PASS
  ✓ Order Parameter Bounds: R ∈ [1, 1] ✓ PASS (within [0,1])
  ✓ Causality: v = |p|/E = 0.346677 (c = 1) ✓ PASS (v ≤ c)
  ✓ Numerical Stability: All fields finite ✓ PASS
  Norm validation: max_error = 0.000591671 ✓ PASS
  Energy validation: max_drift = 0.00430644 ✓ PASS
  Saved observables to /home/persist/neotec/0rigin/output/20251228_162446_em_coupling_uniform_field_64x64_v0.5/N_10/observables.csv
  Saved EM observables to /home/persist/neotec/0rigin/output/20251228_162446_em_coupling_uniform_field_64x64_v0.5/N_10/em_observables.csv

--- Testing with N=100 ---
  Dirac initialization (grid-independent):
    Position: (50, 50) ℓ_P
    Width: 3 ℓ_P
    Grid coordinates: (32, 32) grid units
    Grid width: 1.92 grid units
  Using Dirac solver (spinor field) with boosted initialization
    Background R (expected): 1
[SMFT] Boosted Gaussian initialization:
  Position: (32, 32) grid units
  Width: σ = 1.92 grid units
  Velocity: v = (0.5, 0)c
  |v| = 0.5c
  Lorentz factor: γ = 1.1547
  Rest mass: m₀ = Δ·R = 1 × 1 = 1 m_P
  Momentum: p = (0.57735, 0) m_P·c
  |p| = 0.57735 m_P·c
  Pre-normalization: ∫|Ψ|² = 23.1623
  Normalization factor: 4.81273
[DiracEvolution] Initialized Gaussian wavepacket at (32, 32) with σ=1.92
  Final norm: ||Ψ||² = 1
  Initial position: <r> = (32, 32)
✓ Boosted Gaussian initialized
[SMFTEngine] Boosted Dirac field initialized: center=(32,32), sigma=1.92, boost=(0.5,0)c, norm=1, <r>=(32,32)
[DiracEvolution] Initialized 64x64 4-component spinor field (particle, β=1)
[SMFT] Boosted Gaussian initialization:
  Position: (32, 32) grid units
  Width: σ = 1.92 grid units
  Velocity: v = (0.5, 0)c
  |v| = 0.5c
  Lorentz factor: γ = 1.1547
  Rest mass: m₀ = Δ·R = 1 × 1 = 1 m_P
  Momentum: p = (0.57735, 0) m_P·c
  |p| = 0.57735 m_P·c
  Pre-normalization: ∫|Ψ|² = 23.1623
  Normalization factor: 4.81273
[DiracEvolution] Initialized Gaussian wavepacket at (32, 32) with σ=1.92
  Final norm: ||Ψ||² = 1
  Initial position: <r> = (32, 32)
✓ Boosted Gaussian initialized
  Initial energy E0 = 1.46471
  Initial norm = 1
  Saved spatial snapshot at t = 0 (step 0)
  Actual initial energy E0 = 1.45847 (from first observation including EM)
  Step 0/2000 | R_avg = 0.999071 | norm = 1
  Step 100/2000 | R_avg = 0.999725 | norm = 0.999976
  Step 200/2000 | R_avg = 0.999774 | norm = 0.99995
  Step 300/2000 | R_avg = 0.999727 | norm = 0.999921
  Step 400/2000 | R_avg = 0.999553 | norm = 0.999893
  Step 500/2000 | R_avg = 0.999524 | norm = 0.999863
  Step 600/2000 | R_avg = 0.99933 | norm = 0.999833
  Step 700/2000 | R_avg = 0.99932 | norm = 0.999802
  Step 800/2000 | R_avg = 0.999752 | norm = 0.999772
  Step 900/2000 | R_avg = 0.999749 | norm = 0.999741
  Step 1000/2000 | R_avg = 0.999252 | norm = 0.99971
  Step 1100/2000 | R_avg = 0.999727 | norm = 0.999678
  Step 1200/2000 | R_avg = 0.999752 | norm = 0.999647
  Step 1300/2000 | R_avg = 0.999745 | norm = 0.999616
  Step 1400/2000 | R_avg = 0.999474 | norm = 0.999585
  Step 1500/2000 | R_avg = 0.999754 | norm = 0.999555
  Step 1600/2000 | R_avg = 0.999494 | norm = 0.999526
  Step 1700/2000 | R_avg = 0.999476 | norm = 0.999497
  Step 1800/2000 | R_avg = 0.999536 | norm = 0.999468
  Step 1900/2000 | R_avg = 0.999748 | norm = 0.999438

===== Global Validation =====
✓ Global validation PASSED
  ✓ Probability Conservation: ||ψ||² = 0.999408 (drift: 0.0592274% from initial 1) ✓ PASS
  ✓ Energy Conservation: E_total = 1.46 (drift: 0.104761% from initial 1.45847) ✓ PASS
  ✓ Order Parameter Bounds: R ∈ [1, 1] ✓ PASS (within [0,1])
  ✓ Causality: v = |p|/E = 0.346943 (c = 1) ✓ PASS (v ≤ c)
  ✓ Numerical Stability: All fields finite ✓ PASS
  Norm validation: max_error = 0.000592324 ✓ PASS
  Energy validation: max_drift = 0.00470913 ✓ PASS
  Saved observables to /home/persist/neotec/0rigin/output/20251228_162446_em_coupling_uniform_field_64x64_v0.5/N_100/observables.csv
  Saved EM observables to /home/persist/neotec/0rigin/output/20251228_162446_em_coupling_uniform_field_64x64_v0.5/N_100/em_observables.csv

--- Validating Convergence ---
✓ Convergence validation PASSED

===== Velocity Sweep Aggregate Analysis =====

Analyzing velocity sweep results...
Grid size: 64×64
Velocities tested: 2

=== Relativistic Gamma Comparison ===
Velocity | γ_theory | γ_measured | Error (%) | Status
---------|----------|------------|-----------|-------

=== Critical Velocity Analysis ===
✓ Critical velocity is within expected range (0.3c - 0.7c)

✓ Velocity sweep report saved to: /home/persist/neotec/0rigin/output/20251228_162446_em_coupling_uniform_field_64x64_AGGREGATE/velocity_sweep_analysis.txt

[3/3] Generating report...

✓ Report saved to /home/persist/neotec/0rigin/output/20251228_162446_em_coupling_uniform_field_64x64_v0.5/test_report.txt

===== Test Summary =====
✗ TESTS FAILED

Some validation criteria not met.
Check test report for details.
