[Logging] Console output for 128x128 v=0.55c writing to: /home/persist/neotec/0rigin/output/20251224_144730_scenario_2.4A_velocity_threshold_128x128_v0.6/console.log

--- Testing with N=10 ---
  Vortex initialization (grid-independent):
    Domain size: 100 ℓ_P
    Grid spacing: 0.78125 ℓ_P
    Core radius: 3 ℓ_P (3.84 grid points)
    Center: (50, 50) ℓ_P
    Winding number: W = 1
  Dirac initialization (grid-independent):
    Position: (50, 50) ℓ_P
    Width: 3 ℓ_P
    Grid coordinates: (64, 64) grid units
    Grid width: 3.84 grid units
  Using Dirac solver (spinor field) with boosted initialization
    Background R (expected): 1
[DiracEvolution] Initialized 128x128 4-component spinor field (particle, β=1)
[SMFT] Boosted Gaussian initialization:
  Position: (64, 64) grid units
  Width: σ = 3.84 grid units
  Velocity: v = (0.55, 0)c
  |v| = 0.55c
  Lorentz factor: γ = 1.19737
  Rest mass: m₀ = Δ·R = 1 × 1 = 1 m_P
  Momentum: p = (0.658553, 0) m_P·c
  |p| = 0.658553 m_P·c
  Pre-normalization: ∫|Ψ|² = 92.6492
  Normalization factor: 9.62545
[DiracEvolution] Initialized Gaussian wavepacket at (64, 64) with σ=3.84
  Final norm: ||Ψ||² = 1
  Initial position: <r> = (64, 64)
✓ Boosted Gaussian initialized
[SMFTEngine] Boosted Dirac field initialized: center=(64,64), sigma=3.84, boost=(0.55,0)c, norm=1, <r>=(64,64)
[DiracEvolution] Initialized 128x128 4-component spinor field (particle, β=1)
[SMFT] Boosted Gaussian initialization:
  Position: (64, 64) grid units
  Width: σ = 3.84 grid units
  Velocity: v = (0.55, 0)c
  |v| = 0.55c
  Lorentz factor: γ = 1.19737
  Rest mass: m₀ = Δ·R = 1 × 1 = 1 m_P
  Momentum: p = (0.658553, 0) m_P·c
  |p| = 0.658553 m_P·c
  Pre-normalization: ∫|Ψ|² = 92.6492
  Normalization factor: 9.62545
[DiracEvolution] Initialized Gaussian wavepacket at (64, 64) with σ=3.84
  Final norm: ||Ψ||² = 1
  Initial position: <r> = (64, 64)
✓ Boosted Gaussian initialized
  Initial energy E0 = 0.415524
  Initial norm = 1
  Saved spatial snapshot at t = 0 (step 0)
  Step 0/10000 | R_avg = 0.983588 | norm = 1
  Step 100/10000 | R_avg = 0.983579 | norm = 0.999977
  Step 200/10000 | R_avg = 0.98363 | norm = 0.999953
  Step 300/10000 | R_avg = 0.983578 | norm = 0.999929
  Step 400/10000 | R_avg = 0.983568 | norm = 0.999904
  Step 500/10000 | R_avg = 0.983569 | norm = 0.999878
  Step 600/10000 | R_avg = 0.983654 | norm = 0.999851
  Step 700/10000 | R_avg = 0.983628 | norm = 0.999824
  Step 800/10000 | R_avg = 0.983603 | norm = 0.999795
  Step 900/10000 | R_avg = 0.983542 | norm = 0.999767
  Step 1000/10000 | R_avg = 0.983589 | norm = 0.999739
  Step 1100/10000 | R_avg = 0.983582 | norm = 0.999711
  Step 1200/10000 | R_avg = 0.983548 | norm = 0.999681
  Step 1300/10000 | R_avg = 0.983586 | norm = 0.999652
  Step 1400/10000 | R_avg = 0.983558 | norm = 0.999624
  Step 1500/10000 | R_avg = 0.983639 | norm = 0.999595
  Step 1600/10000 | R_avg = 0.983581 | norm = 0.999566
  Step 1700/10000 | R_avg = 0.983651 | norm = 0.999538
  Step 1800/10000 | R_avg = 0.983568 | norm = 0.999509
  Step 1900/10000 | R_avg = 0.983597 | norm = 0.99948
  Step 2000/10000 | R_avg = 0.983569 | norm = 0.99945
  Step 2100/10000 | R_avg = 0.983627 | norm = 0.99942
  Step 2200/10000 | R_avg = 0.98356 | norm = 0.99939
  Step 2300/10000 | R_avg = 0.983609 | norm = 0.999359
  Step 2400/10000 | R_avg = 0.983596 | norm = 0.999328
  Saved spatial snapshot at t = 25 (step 2500)
  Step 2500/10000 | R_avg = 0.983555 | norm = 0.999298
  Step 2600/10000 | R_avg = 0.983626 | norm = 0.999268
  Step 2700/10000 | R_avg = 0.983559 | norm = 0.999239
  Step 2800/10000 | R_avg = 0.983564 | norm = 0.999211
  Step 2900/10000 | R_avg = 0.983565 | norm = 0.999184
  Step 3000/10000 | R_avg = 0.98357 | norm = 0.999159
  Step 3100/10000 | R_avg = 0.983565 | norm = 0.999134
  Step 3200/10000 | R_avg = 0.983576 | norm = 0.99911
  Step 3300/10000 | R_avg = 0.983597 | norm = 0.999086
  Step 3400/10000 | R_avg = 0.983612 | norm = 0.999063
  Step 3500/10000 | R_avg = 0.983537 | norm = 0.999039
  Step 3600/10000 | R_avg = 0.983593 | norm = 0.999015
  Step 3700/10000 | R_avg = 0.983612 | norm = 0.998989
  Step 3800/10000 | R_avg = 0.983607 | norm = 0.998963
  Step 3900/10000 | R_avg = 0.983514 | norm = 0.998935
  Step 4000/10000 | R_avg = 0.983602 | norm = 0.998905
  Step 4100/10000 | R_avg = 0.983596 | norm = 0.998873
  Step 4200/10000 | R_avg = 0.983532 | norm = 0.99884
  Step 4300/10000 | R_avg = 0.983561 | norm = 0.998807
  Step 4400/10000 | R_avg = 0.983556 | norm = 0.998773
  Step 4500/10000 | R_avg = 0.983547 | norm = 0.998738
  Step 4600/10000 | R_avg = 0.983579 | norm = 0.998703
  Step 4700/10000 | R_avg = 0.983582 | norm = 0.998668
  Step 4800/10000 | R_avg = 0.98359 | norm = 0.998633
  Step 4900/10000 | R_avg = 0.983585 | norm = 0.998599
  Saved spatial snapshot at t = 50 (step 5000)
  Step 5000/10000 | R_avg = 0.98362 | norm = 0.998564
  Step 5100/10000 | R_avg = 0.983554 | norm = 0.99853
  Step 5200/10000 | R_avg = 0.983555 | norm = 0.998495
  Step 5300/10000 | R_avg = 0.98356 | norm = 0.99846
  Step 5400/10000 | R_avg = 0.983581 | norm = 0.998425
  Step 5500/10000 | R_avg = 0.983582 | norm = 0.998391
  Step 5600/10000 | R_avg = 0.983586 | norm = 0.998356
  Step 5700/10000 | R_avg = 0.983656 | norm = 0.998322
  Step 5800/10000 | R_avg = 0.983582 | norm = 0.998288
  Step 5900/10000 | R_avg = 0.983569 | norm = 0.998254
  Step 6000/10000 | R_avg = 0.983564 | norm = 0.99822
  Step 6100/10000 | R_avg = 0.983597 | norm = 0.998187
  Step 6200/10000 | R_avg = 0.98364 | norm = 0.998155
  Step 6300/10000 | R_avg = 0.983549 | norm = 0.998124
  Step 6400/10000 | R_avg = 0.983031 | norm = 0.998093
  Step 6500/10000 | R_avg = 0.983559 | norm = 0.998063
  Step 6600/10000 | R_avg = 0.983642 | norm = 0.998032
  Step 6700/10000 | R_avg = 0.983586 | norm = 0.998001
  Step 6800/10000 | R_avg = 0.983557 | norm = 0.99797
  Step 6900/10000 | R_avg = 0.983612 | norm = 0.997938
  Step 7000/10000 | R_avg = 0.983575 | norm = 0.997906
  Step 7100/10000 | R_avg = 0.983572 | norm = 0.997873
  Step 7200/10000 | R_avg = 0.983588 | norm = 0.997841
  Step 7300/10000 | R_avg = 0.983606 | norm = 0.997807
  Step 7400/10000 | R_avg = 0.983583 | norm = 0.997774
  Saved spatial snapshot at t = 75 (step 7500)
  Step 7500/10000 | R_avg = 0.983638 | norm = 0.99774
  Step 7600/10000 | R_avg = 0.983619 | norm = 0.997707
  Step 7700/10000 | R_avg = 0.983533 | norm = 0.997673
  Step 7800/10000 | R_avg = 0.983062 | norm = 0.997639
  Step 7900/10000 | R_avg = 0.983581 | norm = 0.997606
  Step 8000/10000 | R_avg = 0.98362 | norm = 0.997573
  Step 8100/10000 | R_avg = 0.983575 | norm = 0.997539
  Step 8200/10000 | R_avg = 0.983608 | norm = 0.997505
  Step 8300/10000 | R_avg = 0.983598 | norm = 0.997471
  Step 8400/10000 | R_avg = 0.983606 | norm = 0.997437
  Step 8500/10000 | R_avg = 0.983536 | norm = 0.997404
  Step 8600/10000 | R_avg = 0.983547 | norm = 0.99737
  Step 8700/10000 | R_avg = 0.983574 | norm = 0.997336
  Step 8800/10000 | R_avg = 0.983632 | norm = 0.997303
  Step 8900/10000 | R_avg = 0.983642 | norm = 0.99727
  Step 9000/10000 | R_avg = 0.983607 | norm = 0.997238
  Step 9100/10000 | R_avg = 0.983592 | norm = 0.997206
  Step 9200/10000 | R_avg = 0.983527 | norm = 0.997176
  Step 9300/10000 | R_avg = 0.983589 | norm = 0.997146
  Step 9400/10000 | R_avg = 0.98358 | norm = 0.997117
  Step 9500/10000 | R_avg = 0.983591 | norm = 0.997089
  Step 9600/10000 | R_avg = 0.98354 | norm = 0.997061
  Step 9700/10000 | R_avg = 0.983584 | norm = 0.997033
  Step 9800/10000 | R_avg = 0.983631 | norm = 0.997006
  Step 9900/10000 | R_avg = 0.983622 | norm = 0.996978

===== Global Validation =====
✗ Global validation FAILED:
  ✓ Probability Conservation: ||ψ||² = 0.99695 (drift: 0.305047% from initial 1) ✓ PASS
  ✗ Energy Conservation: E_total = 1.34742 (drift: 1.14706% from initial 1.33214) ✗ FAIL (exceeds tolerance 1%)
  ✓ Order Parameter Bounds: R ∈ [0, 0] ✓ PASS (within [0,1])
  ✓ Causality: v = |p|/E = 0.366991 (c = 1) ✓ PASS (v ≤ c)
  ✓ Numerical Stability: All fields finite ✓ PASS

===== Scenario 2.3: Relativistic Mass Validation =====
  Boost velocity: v = 0.55c
  Theoretical gamma: γ = 1.19737
✗ Scenario validation FAILED:
  ✓ 1. θ(x,y,t=0) shows vortex structure (W = ±1): Winding number W = 1 ✓ PASS (|W| ≈ 1)
  ✓ 3. R(x,y,t=0) shows core (R_min < 0.5): R_min = 0 ✓ PASS (< 0.5)
  ✗ 4. ψ(x,y,t=0) is Gaussian at offset position: Wavepacket variance = 6.55052e-07 ✗ FAIL (too uniform, not Gaussian)
  ✗ 5. ⟨p⟩(t=0) = γmv (within 5%): ⟨p⟩ = 0.601549 (expect 0.658553, error = 8.65595%) ✗ FAIL (exceeds 5% tolerance)
  ✗ 6. γ_measured(t=final) within 5% of theory: γ_measured = 1.27425 (γ_theory = 1.19737, error = 6.42124%) ✗ FAIL (exceeds 5% tolerance)
  Norm validation: max_error = 0.00304957 ✓ PASS
  Energy validation: max_drift = 0.0150305 ✗ FAIL
  Saved observables to /home/persist/neotec/0rigin/output/20251224_144730_scenario_2.4A_velocity_threshold_128x128_v0.6/N_10/observables.csv
Test failed for N=10

--- Validating Convergence ---
✗ Convergence validation FAILED
Tests failed for velocity 0.55

========================================
Velocity: v=0.6c
========================================

Initializing engine for 128×128 grid, velocity v=0.6c...
[SMFTEngine] Resources cleanup delegated to component managers

[SMFTEngine] Physical Interpretation:
  Vacuum potential Δ = 1 (Planck mass in natural units)
  Synchronization field R(x) → Emergent spacetime metric
  Mass field m(x) = Δ·R(x) → Local energy density
  ∇R(x) → Gravitational field (not separate force)
  Grid: 128 x 128 oscillators

[SMFTEngine] Created GPU buffers for 128x128 grid
  Phase buffers: 65536 bytes each
  Spinor buffer: 524288 bytes
  Accumulator buffers: 65536 bytes each (operator splitting)
[SMFTEngine] Created compute pipelines
  ✓ Kuramoto pipeline
  ✓ Sync field pipeline
  ✓ Gravity field pipeline
  ✓ Stochastic Kuramoto pipeline
  ✓ Stochastic Dirac pipeline
  ✓ Accumulation pipeline (operator splitting)
Created experiment directory: /home/persist/neotec/0rigin/output/20251224_144915_scenario_2.4A_velocity_threshold_128x128_v0.6
[OutputManager] Created timestamped directory: /home/persist/neotec/0rigin/output/20251224_144915_scenario_2.4A_velocity_threshold_128x128_v0.6
